--b622d9aa2--2016-01-29--Alistair Laing
--411ff8a4a--2016-01-29--Himal Mandalia
--3ee93e3a7--2016-01-29--Himal Mandalia
7	7	features/claim_allocation.feature
5	5	features/claim_reallocation.feature
30	16	features/step_definitions/claim_allocation_steps.rb

--b14c1f9c6--2016-01-29--Himal Mandalia
2	2	app/models/allocation.rb
0	1	db/schema.rb
5	5	features/caseworker_admin_claims_list.feature
9	9	features/claim_allocation.feature
27	0	features/claim_reallocation.feature
64	30	features/step_definitions/claim_allocation_steps.rb

--a5804f68f--2016-01-29--jsugarman
1	2	app/assets/javascripts/modules/external_users/claims/FeePopulator.js
1	1	app/validators/claim_date_validator.rb
18	25	app/validators/claim_textfield_validator.rb

--b6d78128a--2016-01-29--jsugarman
2	1	.codeclimate.yml
8	4	app/interfaces/api/v1/api_helper.rb
1	4	app/interfaces/api/v1/dropdown_data.rb
24	24	app/validators/claim_date_validator.rb
1	1	app/views/shared/_claim_retrial_details.html.haml
1	1	app/views/shared/_claim_trial_details.html.haml
15	7	lib/demo_data/claim_generator.rb

--f84be74ca--2016-01-28--jsugarman
--5fcf3b82f--2016-01-28--jsugarman
32	9	app/assets/javascripts/modules/external_users/claims/FeePopulator.js
32	11	features/advocate_new_claim.feature
3	2	features/step_definitions/advocate_new_claim_steps.rb

--e9149f939--2016-01-28--Joel Sugarman
--7d4975475--2016-01-28--Alistair Laing
3	0	app/assets/stylesheets/form.scss
1	1	app/views/external_users/claims/_defendant_fields.html.haml

--b7f3ff5f4--2016-01-28--Alistair Laing
1	1	features/step_definitions/advocate_new_claim_steps.rb

--4941000c5--2016-01-28--Joel Sugarman
--a8baca1a3--2016-01-28--Himal Mandalia
1	1	features/step_definitions/advocate_new_claim_steps.rb

--c52e3c8b2--2016-01-28--jsugarman
2	2	app/views/shared/_claim_retrial_details.html.haml
12	0	features/claim_detail.feature
17	1	features/step_definitions/{claim_details_steps.rb => claim_detail_steps.rb}
26	10	features/step_definitions/trial_details_visibility_by_case_type_steps.rb
44	0	features/trial_details_visibility_by_case_type.feature
5	0	spec/factories/case_types.rb

--d8a21c55f--2016-01-28--Joel Sugarman
--9cad95403--2016-01-28--Himal Mandalia
15	0	config/initializers/gov_uk_datefields_placeholder_override.rb

--1932f9df3--2016-01-28--Himal Mandalia
3	0	app/views/feedback/new.html.haml

--9329770a5--2016-01-28--Alistair Laing
0	19	app/assets/javascripts/modules/JudicialApportionment.js
0	6	app/assets/stylesheets/form.scss
14	14	app/views/external_users/claims/_defendant_fields.html.haml
1	1	app/views/external_users/claims/_form.html.haml
0	2	app/views/external_users/claims/_representation_order_fields.html.haml
3	1	config/locales/en.yml

--ed4b8f70b--2016-01-28--jsugarman
3	66	app/views/shared/_claim.html.haml
22	0	app/views/shared/_claim_cracked_trial_details.html.haml
22	0	app/views/shared/_claim_retrial_details.html.haml
22	0	app/views/shared/_claim_trial_details.html.haml

--5e36808bc--2016-01-28--Edward Andress
--348fde04b--2016-01-28--Himal Mandalia
--5a82859d1--2016-01-28--Himal Mandalia
--cdc9dfa24--2016-01-28--Alistair Laing
6	0	app/assets/stylesheets/form.scss

--bab882bb6--2016-01-28--Alistair Laing
20	1	app/assets/javascripts/modules/case_worker/ReAllocation.js

--58982a0a3--2016-01-28--Alistair Laing
6	0	app/assets/stylesheets/grid_layout.scss
23	11	app/views/case_workers/admin/allocations/_re_allocation.html.haml

--77d4fff9e--2016-01-28--Alistair Laing
4	2	app/views/case_workers/admin/allocations/new.html.haml

--4bd214b1b--2016-01-27--jsugarman
1	0	app/assets/javascripts/modules/external_users/claims/TrialFieldsDisplay.js
4	0	app/controllers/external_users/claims_controller.rb
1	1	app/form_builders/adp_form_builder.rb
6	0	app/views/case_types/show.js.erb
4	23	app/views/external_users/claims/_form.html.haml
20	0	app/views/external_users/claims/_retrial_detail_fields.html.haml
20	0	app/views/external_users/claims/_trial_detail_fields.html.haml
30	4	app/views/shared/_claim.html.haml
8	7	config/locales/en.yml
2	2	config/locales/error_messages.en.yml

--793f08cd3--2016-01-27--Alistair Laing
3	0	app/views/external_users/claims/_basic_fee_calculated_fields.html.haml
7	1	app/views/external_users/claims/_form.html.haml
4	0	app/views/external_users/claims/_representation_order_fields.html.haml
5	2	config/locales/en.yml

--45dcc78ca--2016-01-27--Himal Mandalia
9	0	app/models/user.rb
11	1	spec/models/user_spec.rb

--312d55d05--2016-01-27--Joel Sugarman
--4ad377a16--2016-01-27--Alistair Laing
0	31	app/assets/javascripts/modules/external_users/claims/StickySection.js
0	14	app/assets/stylesheets/form.scss
0	1	app/views/external_users/claims/_form.html.haml

--74c38c2b3--2016-01-27--jsugarman
32	0	app/controllers/external_users/application_controller.rb
27	71	app/controllers/external_users/claims_controller.rb

--dbaef246c--2016-01-27--jsugarman
33	6	app/validators/claim_date_validator.rb
29	9	app/validators/claim_textfield_validator.rb
49	5	config/locales/error_messages.en.yml
10	0	spec/factories/case_types.rb
0	1	spec/factories/claims.rb
36	14	spec/validators/claim_date_validator_spec.rb
41	0	spec/validators/claim_textfield_validator_spec.rb
1	1	spec/validators/date_attended_validator_spec.rb
1	1	spec/validators/representation_order_date_validator_spec.rb
17	6	spec/validators/validation_helpers.rb

--a2ade637e--2016-01-27--Himal Mandalia
--edbfd1d5d--2016-01-27--Himal Mandalia
1	1	app/views/case_workers/admin/allocations/_re_allocation.html.haml

--f787bc537--2016-01-27--Himal Mandalia
2	2	app/controllers/case_workers/admin/allocations_controller.rb
2	2	app/models/allocation.rb
5	2	app/views/case_workers/admin/allocations/_allocated_summary.html.haml
71	75	app/views/case_workers/admin/allocations/_re_allocation.html.haml

--3c59d2ac7--2016-01-27--Joel Sugarman
--5636fae62--2016-01-27--Alistair Laing
10	13	app/views/external_users/claims/_form.html.haml

--7a969f975--2016-01-27--Alistair Laing
2	1	features/step_definitions/advocate_new_claim_steps.rb
4	2	features/step_definitions/unhappy_paths_steps.rb

--b5d67b521--2016-01-27--Himal Mandalia
1	1	app/views/offences/index.js.erb
2	2	config/locales/en.yml

--6d68b6613--2016-01-27--Himal Mandalia
1	0	app/controllers/case_workers/admin/allocations_controller.rb
16	3	app/models/allocation.rb
0	1	app/models/claims/state_machine.rb
63	58	app/views/case_workers/admin/allocations/_re_allocation.html.haml
9	0	config/locales/en.yml
90	20	spec/models/allocation_spec.rb
3	3	spec/models/claims/state_machine_spec.rb

--665990c80--2016-01-27--Himal Mandalia
--2373be678--2016-01-27--jsugarman
1	1	app/views/pages/tandcs.haml

--66fd180f4--2016-01-27--jsugarman
0	16	app/interfaces/api/extract_date.rb
0	2	app/interfaces/api/v1/dropdown_data.rb
5	9	app/interfaces/api/v1/external_users/date_attended.rb
4	5	app/interfaces/api/v1/external_users/defendant.rb
4	6	app/interfaces/api/v1/external_users/fee.rb
7	7	app/interfaces/api/v1/external_users/representation_order.rb

--366e7b7c4--2016-01-26--jsugarman
111	80	app/interfaces/api/v1/api_helper.rb
19	22	app/interfaces/api/v1/external_users/claim.rb
3	2	app/models/claim.rb
14	1	spec/api/v1/claims/claim_spec.rb

--67142540f--2016-01-26--Himal Mandalia
--bddff0cbf--2016-01-26--Edward Andress
--dac6d7c59--2016-01-26--Edward Andress
0	5	app/models/claims/state_machine.rb
8	8	app/presenters/claim_history_presenter.rb
7	9	app/presenters/{state_change_presenter.rb => claim_state_transition_presenter.rb}
3	3	app/views/shared/_history_item.html.haml
2	2	app/views/shared/_state_change.html.haml
1	1	spec/presenters/claim_history_presenter_spec.rb
3	3	spec/presenters/{state_change_presenter_spec.rb => claim_state_transition_presenter_spec.rb}

--994ab42e7--2016-01-26--jsugarman
12	2	spec/factories/claims.rb

--c81b2c268--2016-01-26--jsugarman
8	1	db/migrate/20160126121119_add_requires_retrial_details_flag_to_case_types.rb
6	1	db/schema.rb
12	0	db/seeds/case_types.rb
8	0	lib/demo_data/claim_generator.rb

--edb48bce9--2016-01-26--Himal Mandalia
1	1	app/controllers/external_users/admin/providers_controller.rb
2	2	app/views/external_users/admin/providers/edit.html.haml
2	2	app/views/external_users/admin/providers/show.html.haml
2	2	app/views/grape_swagger_rails/application/index.html.erb
2	2	app/views/layouts/_primary_navigation.html.haml
1	1	app/views/pages/api_landing.html.haml
1	1	app/views/super_admins/external_users/change_password.html.haml
2	2	app/views/super_admins/external_users/edit.html.haml
3	3	app/views/super_admins/external_users/index.html.haml
2	2	app/views/super_admins/external_users/new.html.haml
1	1	app/views/super_admins/external_users/show.html.haml
2	2	app/views/super_admins/providers/_providers.html.haml
15	15	config/locales/en.yml
1	0	db/schema.rb
2	2	features/step_definitions/shared/sign_in_steps.rb
4	4	features/step_definitions/sign_in_steps.rb

--e03b782bf--2016-01-26--Himal Mandalia
--34c375682--2016-01-26--Alistair Laing
0	2	app/views/external_users/claims/_evidence_checklist.html.haml

--77ddc5512--2016-01-26--Joel Sugarman
--f056a1ec8--2016-01-26--jsugarman
--b87fb1021--2016-01-26--Himal Mandalia
5	1	app/controllers/feedback_controller.rb
4	4	app/controllers/sessions_controller.rb

--34678a301--2016-01-26--jsugarman
10	0	db/migrate/20160126115706_add_retrial_columns_to_claim.rb
5	0	db/migrate/20160126121119_add_requires_retrial_details_flag_to_case_types.rb
1	3	db/schema.rb

--d7a787dea--2016-01-26--Edward Andress
--9bd91c7f3--2016-01-26--Joel Sugarman
--7443cce57--2016-01-26--Edward Andress
4	4	lib/assets/data/fee_types.csv

--856e34e8a--2016-01-26--jsugarman
0	1	app/controllers/external_users/claims_controller.rb
0	1	app/interfaces/api/v1/external_users/claim.rb
0	1	app/models/claim.rb
5	0	db/migrate/20160126103102_drop_indictment_from_claims.rb
1	3	db/schema.rb
0	1	lib/api_test_client.rb
0	1	spec/api/v1/claims/claim_spec.rb
0	1	spec/examples/exported_claim.json
0	1	spec/examples/exported_claim_with_errors.json
0	1	spec/examples/exported_claim_with_nulls.json
0	1	spec/examples/exported_claim_with_schema_error.json
0	2	spec/examples/exported_claims.json
0	4	spec/examples/exported_claims_with_errors.json
0	4	spec/examples/exported_claims_with_errors_2.json
0	1	spec/factories/claims.rb
0	1	spec/models/claim_spec.rb
1	1	spec/models/json_document_importer_spec.rb

--7ba1afaae--2016-01-26--Himal Mandalia
--03528d44c--2016-01-26--Himal Mandalia
--556b7ebdb--2016-01-26--Alistair Laing
1	1	Gemfile
35	35	Gemfile.lock

--f0910eb5a--2016-01-25--jsugarman
15	1	app/assets/stylesheets/tandcs.css.scss
603	625	app/views/pages/tandcs.haml

--1be249523--2016-01-25--Joel Sugarman
--06bd900bb--2016-01-25--Edward Andress
1	1	app/presenters/claim_csv_presenter.rb

--9831e2562--2016-01-25--Himal Mandalia
--8b2f910d2--2016-01-25--Himal Mandalia
--0b44e9f2a--2016-01-25--jsugarman
3	3	app/views/shared/_claim.html.haml

--385161829--2016-01-25--Edward Andress
1	1	spec/presenters/claim_csv_presenter_spec.rb

--87fbb3be8--2016-01-25--Edward Andress
2	1	app/presenters/claim_csv_presenter.rb

--65fd33325--2016-01-25--Edward Andress
7	6	app/presenters/claim_csv_presenter.rb