--edf4041c2--2016-01-21--Himal Mandalia
--3956c4c6b--2016-01-20--Joel Sugarman
--b6028df1d--2016-01-20--Himal Mandalia
1	0	db/seeds.rb
6	0	db/seeds/certification_types.rb

--100478eba--2016-01-19--Himal Mandalia
--258cae356--2016-01-19--Himal Mandalia
2	0	db/migrate/20160119133748_seed_and_move_to_certification_types.rb

--9ddd56c72--2016-01-19--Himal Mandalia
1	1	db/migrate/20160119133748_seed_and_move_to_certification_types.rb

--19c3c896c--2016-01-19--Himal Mandalia
1	3	app/models/certification.rb
3	2	app/models/certification_type.rb
2	3	app/views/external_users/certifications/new.html.haml
0	29	db/migrate/20160112134002_set_certification_type_id_in_certification.rb
0	63	db/migrate/20160112140341_remove_obsolete_attributes_from_certification.rb
2	1	db/migrate/{20160112132312_create_certification_types.rb => 20160119133632_create_certification_types.rb}
1	1	db/migrate/{20160112132313_add_certification_type_id_to_certification.rb => 20160119133708_add_certification_type_id_to_certifications.rb}
27	0	db/migrate/20160119133748_seed_and_move_to_certification_types.rb
4	1	db/schema.rb
0	1	db/seeds.rb
0	6	db/seeds/certification_types.rb
1	0	features/advocate_new_claim.feature
1	0	features/claim_history.feature
6	1	features/step_definitions/advocate_new_claim_steps.rb
19	21	spec/controllers/external_users/{certification_controller_spec.rb => certifications_controller_spec.rb}
1	3	spec/factories/certification_types.rb
2	4	spec/factories/certifications.rb
2	13	spec/models/certification_spec.rb
1	0	spec/models/certification_type_spec.rb

--181ad2d8b--2016-01-19--Edward Andress
10	2	app/presenters/claim_csv_presenter.rb

--e0f8ff8a0--2016-01-19--Himal Mandalia
--490d99368--2016-01-19--jsugarman
1	1	app/views/case_workers/admin/allocations/_allocation.html.haml
1	1	app/views/case_workers/admin/allocations/_re_allocation.html.haml
0	2	features/caseworker_admin_claims_list.feature
6	1	features/claim_redetermination.feature
4	0	features/step_definitions/claim_allocation_steps.rb

--f14c856e1--2016-01-19--Alistair Laing
13	0	features/claim_allocation.feature
21	0	features/step_definitions/claim_allocation_steps.rb

--a407e404b--2016-01-19--Alistair Laing
1	1	app/views/case_workers/admin/allocations/_re_allocation.html.haml

--1f898c9a1--2016-01-19--Alistair Laing
13	9	app/assets/javascripts/modules/case_worker/ReAllocation.js

--2bd5c7dd7--2016-01-19--Alistair Laing
3	0	app/assets/javascripts/modules/{external_users/claims => }/TableRowClick.js

--7d5b2a333--2016-01-18--Himal Mandalia
9	16	app/models/certification.rb
3	2	app/models/certification_type.rb
1	3	spec/factories/certifications.rb
21	29	spec/models/certification_spec.rb
18	0	spec/models/certification_type_spec.rb

--c737d8fa9--2016-01-18--Alistair Laing
1	1	app/models/certification.rb
1	1	app/models/certification_type.rb
1	0	db/schema.rb
2	2	spec/factories/{certificate_types.rb => certification_types.rb}
0	1	spec/models/certification_spec.rb

--bec59305b--2016-01-13--Alistair Laing
1	1	app/views/external_users/certifications/new.html.haml
27	0	spec/factories/certificate_types.rb
3	0	spec/factories/certifications.rb
1	0	spec/models/certification_spec.rb

--d7d457818--2016-01-13--Alistair Laing
1	0	features/advocate_new_claim.feature
5	1	features/step_definitions/advocate_new_claim_steps.rb
6	12	spec/controllers/external_users/certification_controller_spec.rb
4	16	spec/factories/certifications.rb
9	13	spec/models/certification_spec.rb

--1286fd398--2016-01-13--Alistair Laing
13	28	app/views/external_users/certifications/new.html.haml

--e529a862a--2016-01-13--Alistair Laing
1	6	app/controllers/external_users/certifications_controller.rb

--4820765fe--2016-01-13--Alistair Laing
8	19	app/models/certification.rb
17	0	app/models/certification_type.rb

--af4aff91a--2016-01-13--Alistair Laing
1	0	db/seeds.rb
6	0	db/seeds/certification_types.rb

--36def2ad2--2016-01-13--Alistair Laing
9	0	db/migrate/20160112132312_create_certification_types.rb
5	0	db/migrate/20160112132313_add_certification_type_id_to_certification.rb
29	0	db/migrate/20160112134002_set_certification_type_id_in_certification.rb
63	0	db/migrate/20160112140341_remove_obsolete_attributes_from_certification.rb
7	6	db/schema.rb