--3956c4c6b--2016-01-20--Joel Sugarman
--b6028df1d--2016-01-20--Himal Mandalia
1	0	db/seeds.rb
6	0	db/seeds/certification_types.rb

--100478eba--2016-01-19--Himal Mandalia
--258cae356--2016-01-19--Himal Mandalia
2	0	db/migrate/20160119133748_seed_and_move_to_certification_types.rb

--9ddd56c72--2016-01-19--Himal Mandalia
1	1	db/migrate/20160119133748_seed_and_move_to_certification_types.rb

--19c3c896c--2016-01-19--Himal Mandalia
1	3	app/models/certification.rb
3	2	app/models/certification_type.rb
2	3	app/views/external_users/certifications/new.html.haml
0	29	db/migrate/20160112134002_set_certification_type_id_in_certification.rb
0	63	db/migrate/20160112140341_remove_obsolete_attributes_from_certification.rb
2	1	db/migrate/{20160112132312_create_certification_types.rb => 20160119133632_create_certification_types.rb}
1	1	db/migrate/{20160112132313_add_certification_type_id_to_certification.rb => 20160119133708_add_certification_type_id_to_certifications.rb}
27	0	db/migrate/20160119133748_seed_and_move_to_certification_types.rb
4	1	db/schema.rb
0	1	db/seeds.rb
0	6	db/seeds/certification_types.rb
1	0	features/advocate_new_claim.feature
1	0	features/claim_history.feature
6	1	features/step_definitions/advocate_new_claim_steps.rb
19	21	spec/controllers/external_users/{certification_controller_spec.rb => certifications_controller_spec.rb}
1	3	spec/factories/certification_types.rb
2	4	spec/factories/certifications.rb
2	13	spec/models/certification_spec.rb
1	0	spec/models/certification_type_spec.rb

--181ad2d8b--2016-01-19--Edward Andress
10	2	app/presenters/claim_csv_presenter.rb

--e0f8ff8a0--2016-01-19--Himal Mandalia
--490d99368--2016-01-19--jsugarman
1	1	app/views/case_workers/admin/allocations/_allocation.html.haml
1	1	app/views/case_workers/admin/allocations/_re_allocation.html.haml
0	2	features/caseworker_admin_claims_list.feature
6	1	features/claim_redetermination.feature
4	0	features/step_definitions/claim_allocation_steps.rb

--7d5b2a333--2016-01-18--Himal Mandalia
9	16	app/models/certification.rb
3	2	app/models/certification_type.rb
1	3	spec/factories/certifications.rb
21	29	spec/models/certification_spec.rb
18	0	spec/models/certification_type_spec.rb

--c737d8fa9--2016-01-18--Alistair Laing
1	1	app/models/certification.rb
1	1	app/models/certification_type.rb
1	0	db/schema.rb
2	2	spec/factories/{certificate_types.rb => certification_types.rb}
0	1	spec/models/certification_spec.rb

--7fb71b807--2016-01-15--Edward Andress
--80eebec87--2016-01-15--Edward Andress
--f2b3b2182--2016-01-15--jsugarman
1	1	config/initializers/swagger.rb

--e1ba360b1--2016-01-15--jsugarman
--085afd971--2016-01-15--jsugarman
1	1	features/management_information.feature
1	1	features/step_definitions/management_information_steps.rb

--ddfd5929b--2016-01-15--Joel Sugarman
--39b05aa12--2016-01-15--jsugarman
6	3	app/models/claims/financial_summary.rb

--3b98b9633--2016-01-15--jsugarman
1	1	app/views/case_workers/admin/management_information/index.html.haml
1	0	config/locales/en.yml

--6a240b17f--2016-01-15--jsugarman
1	1	app/controllers/case_workers/admin/management_information_controller.rb
4	2	app/views/case_workers/admin/management_information/index.html.haml
3	0	config/locales/en.yml

--bec59305b--2016-01-13--Alistair Laing
1	1	app/views/external_users/certifications/new.html.haml
27	0	spec/factories/certificate_types.rb
3	0	spec/factories/certifications.rb
1	0	spec/models/certification_spec.rb

--d7d457818--2016-01-13--Alistair Laing
1	0	features/advocate_new_claim.feature
5	1	features/step_definitions/advocate_new_claim_steps.rb
6	12	spec/controllers/external_users/certification_controller_spec.rb
4	16	spec/factories/certifications.rb
9	13	spec/models/certification_spec.rb

--1286fd398--2016-01-13--Alistair Laing
13	28	app/views/external_users/certifications/new.html.haml

--e529a862a--2016-01-13--Alistair Laing
1	6	app/controllers/external_users/certifications_controller.rb

--4820765fe--2016-01-13--Alistair Laing
8	19	app/models/certification.rb
17	0	app/models/certification_type.rb

--af4aff91a--2016-01-13--Alistair Laing
1	0	db/seeds.rb
6	0	db/seeds/certification_types.rb

--36def2ad2--2016-01-13--Alistair Laing
9	0	db/migrate/20160112132312_create_certification_types.rb
5	0	db/migrate/20160112132313_add_certification_type_id_to_certification.rb
29	0	db/migrate/20160112134002_set_certification_type_id_in_certification.rb
63	0	db/migrate/20160112140341_remove_obsolete_attributes_from_certification.rb
7	6	db/schema.rb

--162e7ea66--2016-01-15--Himal Mandalia
--2bf832104--2016-01-14--jsugarman
0	1	app/models/claims/financial_summary.rb
1	10	app/models/claims/sort.rb

--8483c045f--2016-01-14--jsugarman
--55dc89263--2016-01-14--jsugarman
52	92	spec/controllers/external_users/claims_controller_spec.rb

--a785a64a1--2016-01-14--jsugarman
1	1	app/models/claims/sort.rb
6	1	features/advocate_claims_list_sorting.feature
6	1	features/caseworker_claims_list_sorting.feature

--258fb3bf6--2016-01-14--jsugarman
27	0	features/advocate_claims_list_sorting.feature
12	12	features/caseworker_claims_list_sorting.feature
18	0	features/step_definitions/advocate_claims_list_sorting_steps.rb
0	9	features/step_definitions/caseworker_claims_list_sorting_steps.rb
8	0	features/step_definitions/shared/sorting_steps.rb
9	7	spec/controllers/external_users/claims_controller_spec.rb

--399881cda--2016-01-13--jsugarman
1	1	app/controllers/case_workers/claims_controller.rb
44	33	app/controllers/external_users/claims_controller.rb
5	3	app/models/claims/financial_summary.rb
39	12	app/models/claims/sort.rb
1	1	app/views/case_workers/claims/_claims.html.haml
6	6	app/views/external_users/claims/_claims.html.haml
1	1	app/views/external_users/claims/authorised.html.haml
3	3	app/views/external_users/claims/outstanding.html.haml
1	1	app/views/shared/_search_summary.html.haml

--d938b3164--2016-01-13--jsugarman
1	1	features/step_definitions/caseworker_claims_list_sorting_steps.rb
17	0	features/support/xpath_helper.rb