--fde5792fc--2015-10-21--Himal Mandalia
--17f068e3e--2015-10-21--Joel Sugarman
--2664bd202--2015-10-21--jsugarman
9	2	app/controllers/advocates/admin/chambers_controller.rb
1	1	app/models/ability.rb
4	0	app/models/chamber.rb
5	1	app/views/advocates/admin/chambers/show.html.haml
3	1	config/routes.rb
18	0	features/advocate_admin_edit_chamber.feature
29	0	features/step_definitions/advocate_admin_edit_chamber_steps.rb
4	4	spec/models/ability_spec.rb
9	0	spec/models/chamber_spec.rb

--a9224f95a--2015-10-21--Himal Mandalia
--fc7b4822c--2015-10-21--Himal Mandalia
1	1	app/interfaces/api/v1/advocates/claim.rb
1	1	app/interfaces/api/v1/advocates/defendant.rb

--21519f089--2015-10-21--Stephen Richards
--ce3e9ac00--2015-10-21--Stephen Richards
--6f7d0254f--2015-10-21--Himal Mandalia
--1804e2ef7--2015-10-21--Stephen Richards
0	29	db/data/advocates.yml
0	122	db/data/case_types.yml
0	110	db/data/case_worker_claims.yml
0	961	db/data/case_workers.yml
0	0	db/data/certifications.yml
0	37	db/data/chambers.yml
0	0	db/data/claim_intentions.yml
0	768	db/data/claim_state_transitions.yml
0	1209	db/data/claims.yml
0	485	db/data/courts.yml
0	0	db/data/dates_attended.yml
0	770	db/data/defendants.yml
0	237	db/data/determinations.yml
0	1621	db/data/documents.yml
0	49	db/data/expense_types.yml
0	715	db/data/expenses.yml
0	0	db/data/features.yml
0	25	db/data/fee_categories.yml
0	544	db/data/fee_types.yml
0	3189	db/data/fees.yml
0	17	db/data/locations.yml
0	693	db/data/messages.yml
0	65	db/data/offence_classes.yml
0	1963	db/data/offences.yml
0	685	db/data/representation_orders.yml
0	29	db/data/schemes.yml
0	851	db/data/user_message_statuses.yml
0	1449	db/data/users.yml
0	35	db/data/vat_rates.yml
0	2968	db/data/versions.yml
0	16	lib/tasks/claims.rake

--f45ce70f6--2015-10-21--Himal Mandalia
0	29	app/models/claim.rb
0	26	app/models/scheme.rb
0	1	config/locales/en.yml
9	6	db/data/advocates.yml
24	24	db/data/case_types.yml
49	49	db/data/case_worker_claims.yml
146	146	db/data/case_workers.yml
12	12	db/data/chambers.yml
108	108	db/data/claim_state_transitions.yml
583	607	db/data/claims.yml
158	158	db/data/courts.yml
666	576	db/data/defendants.yml
80	80	db/data/determinations.yml
922	842	db/data/documents.yml
20	20	db/data/expense_types.yml
552	672	db/data/expenses.yml
6	6	db/data/fee_categories.yml
152	152	db/data/fee_types.yml
2060	1932	db/data/fees.yml
4	4	db/data/locations.yml
282	277	db/data/messages.yml
22	22	db/data/offence_classes.yml
778	778	db/data/offences.yml
541	461	db/data/representation_orders.yml
0	29	db/data/schemes.yml
289	289	db/data/user_message_statuses.yml
225	225	db/data/users.yml
10	10	db/data/vat_rates.yml
1963	1875	db/data/versions.yml
5	0	db/migrate/20151021091240_remove_schemes.rb
5	0	db/migrate/20151021091610_remove_scheme_id_from_claims.rb
1	13	db/schema.rb
0	1	db/seeds.rb
0	3	db/seeds/schemes.rb
0	3	features/advocate_archived_claims_list.feature
0	4	features/advocate_claims_financial_summary.feature
0	4	features/advocate_claims_financial_summary_details.feature
0	8	features/advocate_claims_list.feature
0	2	features/advocate_edit_claim.feature
0	11	features/advocate_new_claim.feature
0	1	features/caseworker_admin_claims_list.feature
0	2	features/caseworker_claims_list.feature
1	2	features/claim_allocation.feature
0	2	features/claim_evidence_checklist.feature
0	2	features/claim_messages.feature
0	4	features/claim_status.feature
0	6	features/step_definitions/advocate_new_claim_steps.rb
0	1	features/step_definitions/caseworker_claims_list_steps.rb
0	5	features/view_claim_evidence.feature
3	5	spec/controllers/advocates/claims_controller_spec.rb
0	8	spec/factories/claims.rb
0	29	spec/factories/schemes.rb
0	3	spec/models/claim_spec.rb
0	83	spec/models/scheme_spec.rb