--c5d246454--2015-10-20--Himal Mandalia
--1bc8af715--2015-10-20--Himal Mandalia
--2bb66db2c--2015-10-20--Alistair Laing
43	42	app/views/grape_swagger_rails/application/index.html.erb

--f1a0dc3e7--2015-10-20--Alistair Laing
10	13	app/views/shared/_claim_status.html.haml
4	2	app/views/shared/_determinations_form.html.haml
4	4	features/claim_status.feature
1	1	features/step_definitions/claim_history_steps.rb
2	2	features/step_definitions/claim_redetermination_steps.rb
4	5	features/step_definitions/claim_status_steps.rb

--ca07dba85--2015-10-20--Alistair Laing
1	1	app/views/messages/create.js.erb

--6c8d25751--2015-10-20--Joel Sugarman
--be84e0302--2015-10-20--Alistair Laing
26	21	app/assets/stylesheets/form.scss
16	12	app/views/case_workers/claims/_determination_fields.html.haml

--10ca9cff8--2015-10-20--Alistair Laing
3	2	app/views/advocates/claims/show.html.haml
4	4	app/views/case_workers/claims/show.html.haml
31	31	app/views/shared/_messages.html.haml

--4e133b1d6--2015-10-20--Edward Andress
1	1	app/validators/claim_textfield_validator.rb
1	1	spec/models/claim_spec.rb
13	5	spec/validators/claim_date_validator_spec.rb
2	3	spec/validators/claim_textfield_validator_spec.rb

--531e2c501--2015-10-20--Stephen Richards
--75e7a0a43--2015-10-19--jsugarman
9467	9310	db/data.yml

--cf97cee6f--2015-10-19--jsugarman
1	1	app/controllers/advocates/registrations_controller.rb
3	1	app/interfaces/api/v1/api_helper.rb
11	0	app/models/chamber.rb
37	36	app/models/claim.rb
3	0	app/views/advocates/admin/chambers/edit.html.haml
6	2	app/views/advocates/admin/chambers/show.html.haml
3	0	config/locales/en.yml
5	0	db/migrate/20151019203522_add_api_key_to_chambers.rb
2	1	db/schema.rb
1	1	db/seeds/advocates.rb
1	0	spec/factories/chambers.rb
37	36	spec/factories/claims.rb
17	0	spec/models/chamber_spec.rb
37	36	spec/models/claim_spec.rb

--56853b0c2--2015-10-19--Edward Andress
11	8	app/controllers/advocates/claims_controller.rb
6	17	app/validators/claim_textfield_validator.rb
8	9	features/advocate_new_claim.feature
1	0	features/api_new_claim.feature