--b193750ff--2015-10-06--Himal Mandalia
--6ecf79ff3--2015-10-06--Himal Mandalia
26	0	app/assets/javascripts/advocates/claims/claim_completion.js
2	2	app/assets/javascripts/advocates/claims/dropzone.js
1	1	app/assets/javascripts/advocates/claims/trial_fields_display.js
1	0	app/assets/javascripts/application.js
1	3	app/controllers/advocates/claims_controller.rb
19	0	app/controllers/claim_intentions_controller.rb
10	0	app/controllers/geckoboard_api/widgets_controller.rb
2	0	app/models/ability.rb
10	3	app/models/claim.rb
3	0	app/models/claim_intention.rb
9	0	app/services/claim_reporter.rb
1	1	app/views/advocates/claims/_form.html.haml
8	0	app/views/geckoboard_api/widgets/claim_completion.jbuilder
2	0	config/routes.rb
6	0	db/migrate/20151005154211_add_form_id_to_claims.rb
10	0	db/migrate/20151006101319_create_claim_intentions.rb
11	1	db/schema.rb
18	0	features/claim_intention.feature
1	1	features/step_definitions/claim_document_upload_steps.rb
10	0	features/step_definitions/claim_intention_steps.rb
1	1	features/support/wait_for_ajax.rb
2	2	features/view_claim_evidence.feature
24	0	spec/controllers/claim_intentions_controller_spec.rb
5	0	spec/factories/claim_intentions.rb
8	0	spec/models/ability_spec.rb
6	0	spec/models/claim_intention_spec.rb
27	12	spec/services/claim_reporter_spec.rb

--dd7034976--2015-10-06--Joel Sugarman
--889ca4d89--2015-10-06--Alistair Laing
2	0	app/assets/javascripts/application.js

--48f7a801d--2015-10-06--Himal Mandalia
--d6dfa1654--2015-10-06--Himal Mandalia
--5a9de13c6--2015-10-06--Edward Andress
1	1	app/views/shared/_claim.html.haml

--9eb604360--2015-10-06--jsugarman
1	1	spec/models/claim_spec.rb

--0620d14bb--2015-10-06--Himal Mandalia
--26d341871--2015-10-06--jsugarman
4	4	spec/models/ability_spec.rb

--1588514b3--2015-10-06--jsugarman
2	2	app/assets/javascripts/advocates/claims/fee_section_display.js
4	3	app/assets/stylesheets/form.scss

--28c6ec250--2015-10-06--Himal Mandalia
--52dfea3c7--2015-10-05--jsugarman
3	3	features/advocate_new_claim.feature
7	2	features/step_definitions/advocate_new_claim_steps.rb
3	3	spec/controllers/advocates/claims_controller_spec.rb
2	2	spec/models/claim_spec.rb

--8377347e2--2015-10-05--jsugarman
2	2	app/assets/javascripts/advocates/claims/fee_section_display.js
0	1	app/models/claim.rb

--9df851c1e--2015-10-05--jsugarman
--1e6864e90--2015-10-05--Edward Andress
1	1	features/step_definitions/claim_status_steps.rb

--cab92ec1f--2015-10-05--jsugarman
2	4	features/step_definitions/caseworker_claims_list_steps.rb

--2b0ec26ce--2015-10-05--jsugarman
1	1	app/models/claims/state_machine.rb
36	30	features/caseworker_admin_claims_list.feature
22	22	features/caseworker_claims_list.feature
57	44	features/step_definitions/caseworker_claims_list_steps.rb
1	1	features/step_definitions/claim_status_steps.rb
1	1	features/step_definitions/shared/sign_in_steps.rb
16	0	features/step_definitions/sign_in_steps.rb
1	1	features/step_definitions/view_claim_evidence_steps.rb

--f337ad39e--2015-10-05--Edward Andress
3	3	app/assets/javascripts/case_worker/claims/determination_calculator.js

--4dbae9b1c--2015-10-05--Edward Andress
17	0	app/presenters/assessment_presenter.rb
2	2	app/presenters/redetermination_presenter.rb
28	0	app/views/case_workers/claims/_determination_fields.html.haml
47	51	app/views/shared/_claim_status.html.haml
13	0	app/views/shared/_determination_amounts.html.haml
0	1	features/claim_redetermination.feature
5	5	features/step_definitions/claim_redetermination_steps.rb
17	0	spec/presenters/assessment_presenter_spec.rb
2	2	spec/presenters/redetermination_presenter_spec.rb

--e92510848--2015-10-05--jsugarman
1	1	app/controllers/case_workers/claims_controller.rb
9	8	app/models/claims/state_machine.rb

--984219c38--2015-10-05--jsugarman
0	1	app/assets/stylesheets/advocates/application.css.scss
1	0	app/assets/stylesheets/case_workers/application.css.scss
0	1	app/assets/stylesheets/{advocates => }/claims-table.scss
1	0	app/assets/stylesheets/imports.scss
2	3	app/views/case_workers/claims/_claims.html.haml
1	1	app/views/case_workers/claims/_claims_list.html.haml
7	3	config/locales/en.yml

--977389e67--2015-10-05--jsugarman
1	1	app/views/advocates/claims/_claims.html.haml
6	6	app/views/case_workers/claims/_claims.html.haml
7	1	config/locales/en.yml

--ecf2b9118--2015-10-05--jsugarman
11	9	app/controllers/case_workers/claims_controller.rb
6	0	app/views/case_workers/claims/_claims.html.haml
15	0	app/views/case_workers/claims/_claims_list.html.haml
2	1	app/views/case_workers/claims/_search_form.html.haml
1	15	app/views/case_workers/claims/archived.html.haml
1	15	app/views/case_workers/claims/index.html.haml

--a8e2dafa6--2015-10-04--jsugarman
8408	8734	db/data.yml

--97e24ec84--2015-10-04--jsugarman
19	4	app/controllers/case_workers/claims_controller.rb
2	2	app/models/ability.rb
19	17	app/models/claims/state_machine.rb
2	1	app/views/advocates/claims/archived.html.haml
2	1	app/views/advocates/claims/authorised.html.haml
1	1	app/views/advocates/claims/confirmation.html.haml
1	1	app/views/advocates/claims/edit.html.haml
1	1	app/views/advocates/claims/new.html.haml
1	1	app/views/advocates/claims/outstanding.html.haml
18	0	app/views/case_workers/claims/archived.html.haml
1	1	app/views/case_workers/claims/index.html.haml
2	0	app/views/layouts/_primary_navigation.html.haml
4	4	config/routes.rb