--28c6ec250--2015-10-06--Himal Mandalia
--1e6864e90--2015-10-05--Edward Andress
1	1	features/step_definitions/claim_status_steps.rb

--f337ad39e--2015-10-05--Edward Andress
3	3	app/assets/javascripts/case_worker/claims/determination_calculator.js

--4dbae9b1c--2015-10-05--Edward Andress
17	0	app/presenters/assessment_presenter.rb
2	2	app/presenters/redetermination_presenter.rb
28	0	app/views/case_workers/claims/_determination_fields.html.haml
47	51	app/views/shared/_claim_status.html.haml
13	0	app/views/shared/_determination_amounts.html.haml
0	1	features/claim_redetermination.feature
5	5	features/step_definitions/claim_redetermination_steps.rb
17	0	spec/presenters/assessment_presenter_spec.rb
2	2	spec/presenters/redetermination_presenter_spec.rb

--6a648ebd4--2015-10-05--Joel Sugarman
--12536fecb--2015-10-05--Joel Sugarman
--491d5f8dc--2015-10-05--Himal Mandalia
1	1	config/initializers/devise.rb

--f46dbb5fa--2015-10-05--Alistair Laing
1	1	app/views/grape_swagger_rails/application/index.html.erb
1	1	app/views/layouts/advocate.html.haml
1	1	app/views/layouts/application.html.haml
1	1	app/views/layouts/case_worker.html.haml

--4453f476f--2015-10-05--Joel Sugarman
--684ff4be6--2015-10-05--Himal Mandalia
2	2	app/validators/date_attended_validator.rb

--5a170b54b--2015-10-05--Himal Mandalia
--267c44eb9--2015-10-05--Himal Mandalia
--b307d7633--2015-10-05--Himal Mandalia
--b6d136d2f--2015-10-04--jsugarman
9010	9304	db/data.yml
5	8	lib/demo_data/basic_fee_generator.rb
0	2	lib/demo_data/expense_generator.rb

--2bbfbd82b--2015-10-03--Alistair Laing
--bca7bd7a6--2015-10-03--Alistair Laing
14	13	app/views/advocates/claims/_cracked_trial_fields.html.haml
36	30	app/views/advocates/claims/_form.html.haml

--84a231bba--2015-10-02--Stephen Richards
--42341c54c--2015-10-02--Joel Sugarman
--d66f24bf5--2015-10-02--Edward Andress
13	0	app/presenters/expense_presenter.rb
17	12	app/views/shared/_summary.html.haml

--8116ce090--2015-10-02--Stephen Richards
0	12	spec/models/claim_spec.rb

--c78f3503d--2015-10-02--Stephen Richards
1	1	app/models/claims/state_machine.rb
9	0	spec/custom_matchers.rb
23	0	spec/models/claim_spec.rb

--5ad83ae64--2015-10-02--Edward Andress
--2aa2b8663--2015-10-02--jsugarman
--4d9e88a6c--2015-10-02--Himal Mandalia
--4a6a3e18a--2015-10-02--jsugarman
8224	8678	db/data.yml
12	14	lib/demo_data/basic_fee_generator.rb

--98117875f--2015-10-02--Himal Mandalia
1	1	app/controllers/geckoboard_api/application_controller.rb
10	9	app/services/claim_reporter.rb
8	8	spec/services/claim_reporter_spec.rb

--87044f388--2015-10-02--Himal Mandalia
--9e1ee1735--2015-10-02--Edward Andress
2	1	features/step_definitions/claims_financial_summary_steps.rb

--992ef3108--2015-10-02--Edward Andress
13	0	app/views/shared/_claim.html.haml

--a23c138de--2015-10-02--jsugarman
8728	8653	db/data.yml
10	9	lib/demo_data/basic_fee_generator.rb

--9d6effa3b--2015-10-02--Edward Andress
14855	32649	db/data.yml
5	5	spec/models/claims/financial_summary_spec.rb

--fe75defcc--2015-10-01--Edward Andress
--e9432f262--2015-09-29--Edward Andress
1	1	app/interfaces/api/v1/advocates/claim.rb
1	0	app/interfaces/api/v1/api_helper.rb
2	2	app/models/claims/calculations.rb
1	1	app/validators/base_claim_validator.rb
0	2	app/validators/claim_sub_model_validator.rb
18	2	app/validators/claim_textfield_validator.rb
1	1	app/validators/date_attended_validator.rb
1	3	config/initializers/active_model_errors.rb
14576	13911	db/data.yml
9	0	features/advocate_edit_claim.feature
10	1	features/advocate_new_claim.feature
5	1	features/step_definitions/advocate_edit_claim_steps.rb
21	15	features/step_definitions/advocate_new_claim_steps.rb
0	6	features/step_definitions/unhappy_paths_steps.rb
1	1	features/unhappy_paths.feature
1	1	spec/api/v1/claims/date_attended_spec.rb
10	0	spec/controllers/advocates/claims_controller_spec.rb
4	3	spec/factories/claims.rb
9	5	spec/models/claim_spec.rb
14	14	spec/models/claims/financial_summary_spec.rb
12	14	spec/models/claims/totals_spec.rb
8	2	spec/presenters/fee_presenter_spec.rb
5	5	spec/validators/claim_date_validator_spec.rb
2	2	spec/validators/claim_submodel_validation_spec.rb
3	3	spec/validators/claim_textfield_validator_spec.rb