--e7a6fc031--2015-09-28--jsugarman
--1fbee50e8--2015-09-28--jsugarman
9509	9470	db/data.yml

--9f52b314f--2015-09-28--jsugarman
7	1	app/controllers/advocates/claims_controller.rb
45	20	app/models/claim.rb
1	2	features/api_new_claim.feature
23	0	spec/controllers/advocates/claims_controller_spec.rb
44	0	spec/models/claim_spec.rb
23	6	spec/validators/claim_textfield_validator_spec.rb

--e8642ab66--2015-09-25--Joel Sugarman
--864c13ed5--2015-09-25--Himal Mandalia
1	1	app/models/representation_order.rb
19	0	spec/models/representation_order_spec.rb

--bc5dcb4ad--2015-09-25--Stephen Richards
--8f82c1f91--2015-09-25--jsugarman
1	1	app/helpers/application_helper.rb
5	0	app/models/claim.rb
0	6	features/advocate_new_claim.feature
11	0	features/api_new_claim.feature
0	5	features/step_definitions/advocate_claims_list_steps.rb
4	0	features/step_definitions/advocate_new_claim_steps.rb
4	0	features/step_definitions/api_new_claim_steps.rb

--2c3f13e96--2015-09-25--Himal Mandalia
1	1	lib/api_test_client.rb

--a46cb4171--2015-09-25--Stephen Richards
--4d25e3304--2015-09-25--Himal Mandalia
2	3	app/validators/representation_order_validator.rb
15	3	spec/models/representation_order_spec.rb

--1d6b3ce51--2015-09-25--Stephen Richards
--3835a7697--2015-09-25--jsugarman
0	1	lib/api_test_client.rb
0	2	spec/examples/multiple_cms_export_with_errors.json
0	2	spec/examples/multiple_cms_export_with_errors_2.json
0	1	spec/examples/multiple_cms_exported_claims.json

--53d2fc09c--2015-09-25--Himal Mandalia
0	2	spec/controllers/vat_rates_controller_spec.rb

--87202816c--2015-09-25--Himal Mandalia
5	18	app/models/vat_rate.rb
0	15	spec/models/vat_rate_spec.rb

--77df065b4--2015-09-25--Himal Mandalia
7	0	app/models/vat_rate.rb
3	2	spec/models/claim_spec.rb
12	0	spec/models/vat_rate_spec.rb

--6451fc1c5--2015-09-25--jsugarman
9171	8887	db/data.yml

--d495a5d57--2015-09-25--Himal Mandalia
1	1	spec/rails_helper.rb

--592720757--2015-09-24--Himal Mandalia
--3d04186d8--2015-09-24--Himal Mandalia
11	3	app/models/claim.rb
6	6	app/models/claims/financial_summary.rb
1	1	app/views/advocates/claims/_claims.html.haml
1	1	app/views/advocates/claims/_financial_summary.html.haml
4	1	app/views/advocates/claims/authorised.html.haml
27	0	spec/models/claim_spec.rb
123	68	spec/models/claims/financial_summary_spec.rb