--8dd9498f9--2015-09-17--Edward Andress
--923655e30--2015-09-17--Himal Mandalia
6	0	app/views/advocates/admin/advocates/_form.html.haml
6	0	app/views/case_workers/admin/case_workers/_form.html.haml
3	1	config/locales/en.yml

--d2e0975cc--2015-09-16--Himal Mandalia
--f8df6fc1c--2015-09-16--Himal Mandalia
19	2	app/controllers/advocates/admin/advocates_controller.rb
0	9	app/controllers/advocates/admin/application_controller.rb
0	9	app/controllers/case_workers/admin/application_controller.rb
20	7	app/controllers/case_workers/admin/case_workers_controller.rb
3	0	app/helpers/application_helper.rb
4	3	app/models/ability.rb
0	4	app/views/advocates/admin/advocates/_form.html.haml
22	0	app/views/advocates/admin/advocates/change_password.html.haml
15	0	app/views/advocates/admin/advocates/show.html.haml
0	4	app/views/case_workers/admin/case_workers/_form.html.haml
21	0	app/views/case_workers/admin/case_workers/change_password.html.haml
26	3	app/views/case_workers/admin/case_workers/show.html.haml
1	1	app/views/layouts/_user.html.haml
17	2	config/locales/en.yml
6	1	config/routes.rb
44	0	spec/controllers/advocates/admin/advocates_controller_spec.rb
42	1	spec/controllers/case_workers/admin/case_workers_controller_spec.rb
17	5	spec/models/ability_spec.rb

--0261dcd28--2015-09-16--jsugarman
18	12	lib/api_test_client.rb

--12df45138--2015-09-16--jsugarman
0	1	app/validators/fee_validator.rb