--b5f2d1a3d--2015-09-13--jsugarman
--cd8810ddf--2015-09-13--jsugarman
1	0	app/controllers/case_workers/claims_controller.rb
2	2	features/advocate_claims_list.feature
0	24	features/step_definitions/advocate_claims_list_steps.rb
1	4	spec/controllers/case_workers/claims_controller_spec.rb

--2ff8e4332--2015-09-13--jsugarman
21	16	app/controllers/advocates/claims_controller.rb
2	2	app/controllers/case_workers/admin/allocations_controller.rb
19	13	app/controllers/case_workers/claims_controller.rb
6	2	app/models/claims/search.rb
4	0	app/views/case_workers/claims/index.html.haml
1	4	app/views/shared/_search_summary.html.haml
2	7	features/step_definitions/advocate_claims_list_steps.rb
62	26	spec/controllers/advocates/claims_controller_spec.rb
84	25	spec/models/claim_spec.rb

--88f0703eb--2015-09-12--jsugarman
1	1	app/views/advocates/claims/archived.html.haml
18	0	features/advocate_archived_claims_list.feature
0	6	features/advocate_claims_list.feature
12	3	features/step_definitions/advocate_claims_list_steps.rb

--6d8349402--2015-09-11--jsugarman
5	4	app/controllers/advocates/claims_controller.rb
1	1	app/controllers/case_workers/claims_controller.rb
1	0	app/models/claim.rb
2	1	app/models/claims/search.rb
1	1	app/models/claims/state_machine.rb
8	0	app/views/advocates/claims/_archived_search_form.html.haml
1	1	app/views/advocates/claims/_search_form.html.haml
7	0	app/views/advocates/claims/archived.html.haml
1	1	app/views/case_workers/claims/_search_form.html.haml
2	6	app/views/case_workers/claims/index.html.haml
21	0	features/advocate_archived_claims_list.feature
9	0	features/step_definitions/advocate_archived_claim_list_steps.rb
2	2	features/step_definitions/advocate_claims_list_steps.rb

--2c7c13558--2015-09-11--Himal Mandalia
--ebe06e7d5--2015-09-11--jsugarman
1	1	app/controllers/advocates/claims_controller.rb
4	2	app/models/claims/search.rb
2	2	app/models/claims/state_machine.rb
27	0	features/advocate_claims_list.feature
1	0	features/claim_document_upload.feature
118	78	features/step_definitions/advocate_claims_list_steps.rb

--f15272302--2015-09-11--Edward Andress
1	5	features/step_definitions/advocate_new_claim_steps.rb

--5811c9210--2015-09-11--Joel Sugarman
--b0ff5c7b6--2015-09-11--Himal Mandalia
1	1	app/views/case_workers/claims/_caseworker_claims.html.haml
3	6	features/step_definitions/caseworker_claims_list_steps.rb
1	1	features/view_claim_evidence.feature

--63881dc20--2015-09-11--Himal Mandalia
--eeff1c25d--2015-09-11--jsugarman
0	10	app/controllers/advocates/claims_controller.rb

--fc97966a4--2015-09-11--Stephen Richards
1	0	features/claim_document_upload.feature

--962c06fd6--2015-09-11--Stephen Richards
--49554457a--2015-09-11--Himal Mandalia
1	1	app/views/advocates/claims/_form.html.haml

--a2ca9817e--2015-09-10--Edward Andress
--2e70d69ec--2015-09-10--Edward Andress
8	6	features/advocate_new_claim.feature
20	6	features/step_definitions/advocate_new_claim_steps.rb

--177d4fd5b--2015-09-10--Stephen Richards
3	15	app/models/fee_type.rb
1	0	features/step_definitions/claim_document_upload_steps.rb
3	3	spec/factories/claims.rb
4	4	spec/models/fee_type_spec.rb

--1041d15e5--2015-09-10--Edward Andress
--c18b653a4--2015-09-10--Edward Andress
69	1	spec/examples/cms_exported_claim.json
70	1	spec/examples/invalid_cms_exported_claim.json
134	2	spec/examples/multiple_cms_exported_claims.json
5	9	spec/models/json_document_importer_spec.rb