--0ac92eebf--2015-09-09--jsugarman
--cf568d030--2015-09-09--jsugarman
31	0	features/cassettes/Advocate_new_claim/Add_fees_with_dates_attended_then_remove_fee/_5_fixed_.yml
1	0	spec/factories/claims.rb
2	2	spec/models/claim_spec.rb

--62b69e4ad--2015-09-09--Joel Sugarman
--4fe7e2bed--2015-09-09--Himal Mandalia
3	6	app/validators/base_claim_validator.rb

--6522f5388--2015-09-09--Himal Mandalia
1	1	app/controllers/documents_controller.rb

--de06c1109--2015-09-09--Himal Mandalia
14	9	app/assets/javascripts/advocates/claims/dropzone.js
1	1	app/controllers/documents_controller.rb

--6dec08bd5--2015-09-09--jsugarman
11	7	app/validators/base_claim_validator.rb
22	9	app/validators/claim_textfield_validator.rb
1	0	lib/tasks/api.rake
25	0	spec/validators/claim_textfield_validator_spec.rb

--175cdb67a--2015-09-09--Himal Mandalia
1	0	features/claim_document_upload.feature

--6a80629f8--2015-09-09--Himal Mandalia
1	1	features/step_definitions/claim_document_upload_steps.rb