--c9d4d4a20--2015-09-09--Himal Mandalia
--091b10819--2015-09-04--Himal Mandalia
1	0	Gemfile
3	0	Gemfile.lock
76	0	app/assets/javascripts/advocates/claims/dropzone.js
2	0	app/assets/javascripts/application.js
2	0	app/assets/stylesheets/advocates/application.css.scss
12	9	app/controllers/advocates/claims_controller.rb
32	4	app/controllers/documents_controller.rb
18	2	app/models/ability.rb
4	1	app/models/claim.rb
0	2	app/models/document.rb
5	0	app/services/document_cleaner.rb
0	15	app/views/advocates/claims/_document_fields.html.haml
0	15	app/views/advocates/claims/_document_type_fields.html.haml
24	6	app/views/advocates/claims/_form.html.haml
1	0	app/views/documents/destroy.js.erb
1	11	config/locales/en.yml
5	0	db/migrate/20150904142706_add_form_id_to_documents.rb
6	0	db/migrate/20150909102159_add_creator_id_to_documents.rb
4	1	db/schema.rb
124	0	features/cassettes/Advocate_new_claim/Add_fees_with_dates_attended_then_remove_fee/_2_basic_.yml
63	0	features/claim_document_upload.feature
-	-	features/examples/longer_lorem.jpg
0	2	features/step_definitions/advocate_new_claim_steps.rb
105	0	features/step_definitions/claim_document_upload_steps.rb
20	0	features/support/dropzone_helper.rb
12	0	features/support/wait_for_ajax.rb
33	0	spec/models/ability_spec.rb
0	1	spec/models/claim_spec.rb
0	1	spec/models/document_spec.rb
15	0	spec/services/document_cleaner_spec.rb

--2c205f30f--2015-09-09--Stephen Richards
--a185a2527--2015-09-09--jsugarman
--887734ccf--2015-09-09--Himal Mandalia
--1323a349c--2015-09-09--Stephen Richards
7	7	config/locales/en.yml
62	0	features/cassettes/Advocate_new_claim/Add_fees_with_dates_attended_then_remove_fee/_5_fixed_.yml
2	1	features/step_definitions/advocate_new_claim_steps.rb
1	1	features/unhappy_paths.feature

--0bbc89b9b--2015-09-09--Himal Mandalia
--979a9a1d3--2015-09-08--jsugarman
0	44	app/models/claim.rb
1	1	app/validators/base_claim_validator.rb
38	3	app/validators/claim_textfield_validator.rb
6	6	app/validators/defendant_date_validator.rb
62	0	features/cassettes/Advocate_new_claim/Add_fees_with_dates_attended_then_remove_fee/_5_fixed_.yml
1	1	features/step_definitions/advocate_new_claim_steps.rb
1	1	features/unhappy_paths.feature
1	105	spec/models/claim_spec.rb
63	11	spec/validators/claim_textfield_validator_spec.rb
1	3	spec/validators/defendant_date_validator_spec.rb

--e1dc78581--2015-09-08--Alistair Laing
4	1	app/views/advocates/claims/index.html.haml
4	1	app/views/layouts/_primary_navigation.html.haml

--b769f6060--2015-09-08--Alistair Laing
11	5	features/step_definitions/sign_in_steps.rb

--17de3c517--2015-09-08--jsugarman
13	13	app/models/claim.rb
12	5	app/validators/base_claim_validator.rb
5	1	app/validators/claim_date_validator.rb
22	1	app/validators/claim_textfield_validator.rb
49	49	spec/models/claim_spec.rb
57	1	spec/validators/claim_textfield_validator_spec.rb

--71f000a17--2015-09-08--Stephen Richards
--10a2e5c10--2015-09-08--Edward Andress
--2a5941828--2015-09-08--Stephen Richards
21	8	app/models/representation_order.rb
5	5	app/validators/claim_date_validator.rb
30	0	app/validators/representation_order_date_validator.rb
11	0	config/initializers/active_model_errors.rb
3	0	config/settings.yml
31	0	features/cassettes/Advocate_new_claim/Add_fees_with_dates_attended_then_remove_fee/_2_basic_.yml
2	2	spec/api/v1/claims/representation_order_spec.rb
1	1	spec/controllers/offences_controller_spec.rb
1	1	spec/factories/defendants.rb
34	3	spec/models/representation_order_spec.rb
6	6	spec/validators/claim_date_validator_spec.rb
6	6	spec/validators/date_validation_helpers.rb
2	0	spec/validators/defendant_date_validator_spec.rb
47	0	spec/validators/representation_order_date_validator_spec.rb

--79bb59011--2015-09-08--Himal Mandalia
--cba54d8ea--2015-09-08--Stephen Richards
--2b7fb02d2--2015-09-08--Edward Andress
--31ff8d029--2015-09-08--jsugarman
3	11	app/models/claim.rb
2	3	features/advocate_new_claim.feature
248	0	features/cassettes/Advocate_new_claim/Add_fees_with_dates_attended_then_remove_fee/_5_fixed_.yml
5	13	spec/factories/claims.rb
2	74	spec/models/claim_spec.rb
66	1	spec/validators/claim_textfield_validator_spec.rb

--3522d7aa9--2015-09-08--Edward Andress
--b2467c945--2015-09-08--Edward Andress
--61d139d5b--2015-09-08--Edward Andress
4	4	spec/api/v1/claims/date_attended_spec.rb
4	8	spec/api/v1/claims/defendant_spec.rb
5	5	spec/api/v1/claims/fee_spec.rb
5	5	spec/api/v1/claims/representation_order_spec.rb

--39237bf2f--2015-09-08--Edward Andress
10	0	spec/api/v1/claims/expense_spec.rb

--73046c2b7--2015-09-08--Alistair Laing
23	23	app/views/advocates/claims/_claims.html.haml
5	1	features/step_definitions/advocate_claims_list_steps.rb

--dedcbd41b--2015-09-08--Edward Andress
1	1	spec/api/v1/claims/dropdown_data_spec.rb

--5b39d964d--2015-09-08--Stephen Richards
--10a100e59--2015-09-08--jsugarman
--8d68b87d7--2015-09-08--Himal Mandalia
--9a3f976dc--2015-09-08--Alistair Laing
5	0	app/assets/stylesheets/layout.scss

--772053284--2015-09-07--jsugarman
--ab1bc9cf8--2015-09-07--jsugarman
31	0	features/cassettes/Advocate_new_claim/Add_fees_with_dates_attended_then_remove_fee/_2_basic_.yml
6	8	spec/models/json_document_importer_spec.rb

--43cb43f11--2015-09-07--Edward Andress
53	183	spec/api/v1/claims/dropdown_data_spec.rb

--94c6cac41--2015-09-07--Edward Andress
1	0	spec/api/v1/claims/date_attended_spec.rb
17	4	spec/api/v1/claims/defendant_spec.rb

--71580c78a--2015-09-07--Stephen Richards
6	1	app/models/defendant.rb
12	1	app/validators/base_claim_validator.rb
1	10	app/validators/claim_date_validator.rb
17	0	app/validators/defendant_date_validator.rb
10	10	features/advocate_claims_list.feature
62	0	features/cassettes/Advocate_new_claim/Add_fees_with_dates_attended_then_remove_fee/_2_basic_.yml
7	1	spec/api/v1/claims/defendant_spec.rb
1	1	spec/factories/defendants.rb
0	2	spec/models/defendant_spec.rb
48	0	spec/validators/date_validation_helpers.rb
18	0	spec/validators/defendant_date_validator_spec.rb

--41f17df3d--2015-09-07--jsugarman
1	1	app/assets/javascripts/advocates/claims/trial_fields_display.js
3	4	app/models/claim.rb
17	0	app/validators/base_claim_validator.rb
22	33	app/validators/claim_textfield_validator.rb
2	2	app/views/advocates/claims/_form.html.haml
8	8	db/seeds/case_types.rb
62	0	features/cassettes/Advocate_new_claim/Add_fees_with_dates_attended_then_remove_fee/_2_basic_.yml
93	0	features/cassettes/Trial_detail_visibility_by_case_type/Case_types_for_which_trial_details_should_or_should_not_be_visible_on_a_new_claim.yml
23	23	features/trial_details_visibility_by_case_type.feature
4	4	spec/api/v1/claims/claim_spec.rb
2	2	spec/factories/case_types.rb
10	1	spec/factories/claims.rb
29	26	spec/models/claim_spec.rb
2	3	spec/models/json_document_importer_spec.rb
59	16	spec/validators/claim_textfield_validator_spec.rb

--5cc773b0b--2015-09-07--Alistair Laing
--a8d643214--2015-09-07--Alistair Laing
9	0	app/assets/images/messaging-red.svg
19	17	app/assets/stylesheets/advocates/claims-table.scss
10	12	app/views/advocates/claims/_claims.html.haml
3	3	config/locales/en.yml

--11445d5b5--2015-09-07--Himal Mandalia
--aeb5b8fbe--2015-09-07--Stephen Richards
0	1	features/step_definitions/advocate_new_claim_steps.rb

--a5e870494--2015-09-07--Stephen Richards
62	0	features/cassettes/Advocate_new_claim/Add_fees_with_dates_attended_then_remove_fee/_2_basic_.yml
4	4	features/trial_details_visibility_by_case_type.feature

--3a842ff0b--2015-09-07--Stephen Richards
1	1	app/assets/javascripts/advocates/claims/trial_fields_display.js
124	0	features/cassettes/Advocate_new_claim/Add_fees_with_dates_attended_then_remove_fee/_2_basic_.yml
11	1	features/step_definitions/advocate_new_claim_steps.rb

--4553bcec1--2015-09-07--Alistair Laing
93	0	features/cassettes/Advocate_new_claim/Add_fees_with_dates_attended_then_remove_fee/_2_basic_.yml

--cf8a33cb8--2015-09-07--Alistair Laing
5	1	app/controllers/advocates/claims_controller.rb
1	3	features/step_definitions/advocate_claims_list_steps.rb

--a5a13518e--2015-09-07--Stephen Richards
17	6	app/validators/claim_date_validator.rb
9	4	spec/factories/claims.rb
15	6	spec/validators/claim_date_validator_spec.rb

--af0bea64e--2015-09-07--Alistair Laing
--6de85ee94--2015-09-07--Stephen Richards
20	9	app/validators/claim_date_validator.rb
1	1	spec/factories/claims.rb
50	6	spec/validators/claim_date_validator_spec.rb

--963410e5d--2015-09-07--Alistair Laing
8	5	app/views/advocates/claims/_search_form.html.haml
1	1	app/views/advocates/claims/index.html.haml

--4882e684a--2015-09-07--Alistair Laing
1	14	app/assets/stylesheets/advocates/application.css.scss
5	0	app/assets/stylesheets/advocates/report-options.scss
3	0	app/assets/stylesheets/grid_layout.scss
7	0	app/assets/stylesheets/search-options.scss

--9f0f07701--2015-09-07--Edward Andress
--84596e3b9--2015-09-07--Edward Andress
31	0	features/cassettes/Advocate_new_claim/Add_fees_with_dates_attended_then_remove_fee/_2_basic_.yml
24	0	spec/api/v1/claims/claim_spec.rb

--6b365f3bd--2015-09-07--jsugarman
124	0	features/cassettes/Advocate_new_claim/Add_fees_with_dates_attended_then_remove_fee/_2_basic_.yml
3	3	features/step_definitions/advocate_new_claim_steps.rb
1	1	features/unhappy_paths.feature
2	4	lib/api_test_client.rb
1	1	lib/tasks/claims.rake

--543066913--2015-09-07--Joel Sugarman
--329f01104--2015-09-07--Stephen Richards
1	1	lib/tasks/claims.rake
4	4	spec/factories/claims.rb
5	5	spec/validators/claim_date_validator_spec.rb

--829ddc442--2015-09-07--Stephen Richards
--57109a4d0--2015-09-07--jsugarman
--178bd54ec--2015-09-07--Stephen Richards
1	1	Gemfile
2	2	Gemfile.lock
31	0	features/cassettes/Advocate_new_claim/Add_fees_with_dates_attended_then_remove_fee/_2_basic_.yml
1	1	spec/factories/claims.rb

--ad302abb8--2015-09-07--jsugarman
--89f5c8078--2015-09-07--jsugarman
2	2	spec/controllers/advocates/claims_controller_spec.rb

--cc16d09d5--2015-09-07--jsugarman
1	1	app/models/claim.rb
1	1	app/validators/claim_textfield_validator.rb
1	1	spec/controllers/advocates/claims_controller_spec.rb
16	24	spec/validators/claim_textfield_validator_spec.rb

--33fdceebb--2015-09-07--Stephen Richards
9	0	spec/factories/claims.rb

--5af2dfac8--2015-09-06--jsugarman
--361fd12ba--2015-09-05--jsugarman
7	6	app/models/claim.rb
3	1	app/validators/base_claim_validator.rb
0	4	app/validators/claim_date_validator.rb
75	0	app/validators/claim_textfield_validator.rb
5	1	spec/factories/claims.rb
0	1	spec/validators/claim_date_validator_spec.rb
90	0	spec/validators/claim_textfield_validator_spec.rb

--fc88e024d--2015-09-04--Edward Andress
7	0	app/interfaces/api/custom_validations/date_format.rb
16	0	app/interfaces/api/extract_date.rb
32	20	app/interfaces/api/v1/advocates/claim.rb
9	4	app/interfaces/api/v1/advocates/date_attended.rb
5	2	app/interfaces/api/v1/advocates/defendant.rb
5	2	app/interfaces/api/v1/advocates/representation_order.rb
0	1	app/interfaces/api/v1/advocates/root.rb
1	1	app/interfaces/api/v1/api_helper.rb
14	2	spec/api/v1/claims/claim_spec.rb
10	11	spec/api/v1/claims/date_attended_spec.rb
10	2	spec/api/v1/claims/defendant_spec.rb
9	9	spec/api/v1/claims/dropdown_data_spec.rb
3	3	spec/api/v1/claims/expense_spec.rb
9	1	spec/api/v1/claims/representation_order_spec.rb

--d10fb1831--2015-09-04--Stephen Richards
10	6	app/models/case_type.rb
2	2	app/models/date_attended.rb
1	1	app/models/defendant.rb
6	0	db/migrate/20150904144306_add_date_required_fields_to_case_type.rb
3	1	db/schema.rb
13	12	db/seeds/case_types.rb
14	7	lib/tasks/claims.rake
16	5	spec/factories/case_types.rb
2	1	spec/factories/claims.rb
2	2	spec/factories/dates_attended.rb
1	1	spec/factories/defendants.rb
2	2	spec/models/date_attended_spec.rb
1	1	spec/models/defendant_spec.rb

--ddc74e7e8--2015-09-04--Stephen Richards
22	6	app/validators/claim_date_validator.rb
73	57	spec/validators/claim_date_validator_spec.rb

--3fc27c4d7--2015-09-04--Stephen Richards
26	0	app/validators/base_claim_validator.rb
4	23	app/validators/claim_date_validator.rb

--2dcb0f6ff--2015-09-04--Stephen Richards
16	0	app/validators/claim_date_validator.rb
41	0	spec/validators/claim_date_validator_spec.rb

--eb866b3d3--2015-09-04--Stephen Richards
3	3	app/validators/claim_date_validator.rb
8	9	spec/validators/claim_date_validator_spec.rb

--d44c9ccdb--2015-09-04--Edward Andress
--457d3af05--2015-09-04--Stephen Richards
2	0	app/models/claim.rb
60	0	app/validators/claim_date_validator.rb
48	0	spec/validators/claim_date_validator_spec.rb

--4c1285945--2015-09-04--jsugarman
0	4	app/interfaces/api/v1/advocates/defendant.rb
6	7	app/interfaces/api/v1/api_helper.rb
9	0	spec/api/v1/claims/date_attended_spec.rb
1	1	spec/api/v1/claims/defendant_spec.rb
9	0	spec/api/v1/claims/expense_spec.rb
9	0	spec/api/v1/claims/fee_spec.rb

--e098dcdba--2015-09-04--Himal Mandalia
--5abfd9efe--2015-09-03--Stephen Richards
--d4c53c074--2015-09-03--Stephen Richards
2	2	spec/api/v1/claims/date_attended_spec.rb

--0e9146263--2015-09-03--Stephen Richards
--a5821721b--2015-09-03--Stephen Richards
--c2f4cfa2c--2015-09-03--Stephen Richards
3	1	app/controllers/advocates/certifications_controller.rb
1	9	app/form_builders/adp_form_builder.rb
2	0	app/models/certification.rb
1	1	app/views/advocates/certifications/new.html.haml
93	0	features/cassettes/Advocate_new_claim/Add_fees_with_dates_attended_then_remove_fee/_2_basic_.yml
3	3	spec/controllers/advocates/certification_controller_spec.rb

--225151846--2015-09-03--Stephen Richards
4	0	app/assets/stylesheets/form.scss
27	9	app/controllers/advocates/claims_controller.rb
2	0	app/models/date_attended.rb
2	0	app/models/representation_order.rb
2	2	app/views/advocates/claims/_date_attended_fields.html.haml
1	1	app/views/advocates/claims/_representation_order_fields.html.haml
5	1	db/migrate/20150903110418_change_defendant_date_of_birth_from_date_time_to_date.rb
3	3	db/schema.rb
155	0	features/cassettes/Advocate_new_claim/Add_fees_with_dates_attended_then_remove_fee/_2_basic_.yml
3	3	features/step_definitions/advocate_new_claim_steps.rb
18	8	spec/controllers/advocates/claims_controller_spec.rb
1	1	spec/factories/claims.rb
1	1	spec/factories/dates_attended.rb
1	1	spec/factories/representation_orders.rb

--f89056f97--2015-09-03--Himal Mandalia
--b6b016ae4--2015-09-03--Himal Mandalia
0	1	app/controllers/documents_controller.rb
0	1	config/locales/en.yml
62	0	features/cassettes/Advocate_new_claim/Add_fees_with_dates_attended_then_remove_fee/_2_basic_.yml
0	8	features/step_definitions/document_steps.rb

--417e06f74--2015-09-03--Stephen Richards
1	0	Gemfile
3	0	Gemfile.lock
18	6	app/controllers/advocates/claims_controller.rb
6	0	app/models/claim.rb
2	0	app/models/defendant.rb
3	3	app/views/advocates/claims/_cracked_trial_fields.html.haml
1	1	app/views/advocates/claims/_defendant_fields.html.haml
2	2	app/views/advocates/claims/_form.html.haml
9	0	db/migrate/20150903110418_change_defendant_date_of_birth_from_date_time_to_date.rb
1	1	db/schema.rb
248	0	features/cassettes/Advocate_new_claim/Add_fees_with_dates_attended_then_remove_fee/_2_basic_.yml
31	0	features/cassettes/Trial_detail_visibility_by_case_type/Case_types_for_which_trial_details_should_or_should_not_be_visible_on_an_existing_claim.yml
3	3	features/step_definitions/adp_date_fields_steps.rb
3	3	features/step_definitions/advocate_new_claim_steps.rb
6	6	features/step_definitions/trial_details_visibility_by_case_type_steps.rb
1	1	lib/api_test_client.rb
6	6	spec/controllers/advocates/claims_controller_spec.rb
6	6	spec/factories/defendants.rb
6	4	spec/models/json_document_importer_spec.rb

--2e3a4c654--2015-09-01--jsugarman
4	0	app/interfaces/api/v1/advocates/defendant.rb
6	0	app/interfaces/api/v1/api_helper.rb
10	0	spec/api/v1/claims/defendant_spec.rb