--e201ef7fc--2015-08-21--Stephen Richards
--a6e636b2b--2015-08-21--Stephen Richards
4	4	app/views/shared/_claim_status.html.haml
10	0	features/claim_redetermination.feature
58	0	features/step_definitions/claim_redetermination_steps.rb

--9e9b1bed8--2015-08-21--Edward Andress
--5faec579c--2015-08-20--Stephen Richards
6	0	app/controllers/case_workers/claims_controller.rb
0	6	app/models/assessment.rb
21	6	app/models/claim.rb
13	0	app/models/determination.rb
22	0	app/presenters/redetermination_presenter.rb
26	0	app/views/shared/_claim_status.html.haml
2	1	lib/tasks/claims.rake
61	0	spec/models/claim_spec.rb
25	0	spec/presenters/redetermination_presenter_spec.rb

--2985b0d21--2015-08-21--Himal Mandalia
2	2	app/presenters/claim_presenter.rb
1	7	app/views/advocates/claims/show.html.haml
1	7	app/views/case_workers/claims/show.html.haml
1	1	app/views/shared/_claim.html.haml
21	0	app/views/shared/_claim_header.html.haml

--a59e79b77--2015-08-21--Edward Andress
--195e72bf9--2015-08-21--Himal Mandalia
7	1	app/views/shared/_summary.html.haml
1	1	features/caseworker_notes.feature
31	0	features/claim_additional_information.feature
1	1	features/step_definitions/caseworker_notes_steps.rb
15	0	features/step_definitions/claim_additional_information_steps.rb

--8509c770a--2015-08-21--Edward Andress
--266bcc989--2015-08-21--Edward Andress
--51ed2f9bb--2015-08-21--Himal Mandalia
2	2	app/views/advocates/claims/_form.html.haml

--f2374a799--2015-08-21--Edward Andress
--0f8d18a0f--2015-08-21--Himal Mandalia
2	3	app/controllers/advocates/claims_controller.rb
0	2	app/interfaces/api/v1/advocates/claim.rb
0	7	app/interfaces/api/v1/dropdown_data.rb
1	3	app/models/claim.rb
1	4	app/views/advocates/claims/_form.html.haml
0	4	app/views/shared/_claim.html.haml
1	7	config/locales/en.yml
0	3	config/settings.yml
5	0	db/migrate/20150821093532_remove_prosecuting_authority_from_claims.rb
1	2	db/schema.rb
0	1	features/step_definitions/advocate_new_claim_steps.rb
0	1	features/step_definitions/unhappy_paths_steps.rb
1	2	spec/api/v1/claims/claim_spec.rb
1	16	spec/api/v1/claims/dropdown_data_spec.rb
2	5	spec/controllers/advocates/claims_controller_spec.rb
0	2	spec/factories/claims.rb
1	8	spec/models/claim_spec.rb

--df18c2f27--2015-08-21--Himal Mandalia
19	19	app/controllers/advocates/certifications_controller.rb

--01b816f2b--2015-08-20--Edward Andress
--45094c13c--2015-08-20--Edward Andress
--eb999e4cc--2015-08-20--Himal Mandalia
2	2	app/models/representation_order.rb
4	4	spec/presenters/claim_presenter_spec.rb

--9439328a2--2015-08-20--Stephen Richards
10	4	app/controllers/advocates/certifications_controller.rb
66	4	spec/controllers/advocates/certification_controller_spec.rb
2	14	spec/controllers/advocates/claims_controller_spec.rb

--935a8e060--2015-08-20--Stephen Richards
39	0	spec/controllers/advocates/certification_controller_spec.rb