--9963e3b26--2015-08-19--Himal Mandalia
--d43368380--2015-08-18--Himal Mandalia
1	1	app/controllers/case_workers/admin/allocations_controller.rb
1	1	app/controllers/case_workers/claims_controller.rb
2	1	app/controllers/messages_controller.rb
1	1	app/helpers/case_workers/claims_helper.rb
1	1	app/models/case_worker_claim.rb
8	1	app/models/claim.rb
15	10	app/models/claims/state_machine.rb
13	3	app/models/message.rb
4	0	app/views/messages/create.js.erb
4	0	app/views/shared/_claim_status.html.haml
5	1	app/views/shared/_messages.html.haml
22	3	features/claim_redetermination.feature
27	6	features/step_definitions/claim_redetermination_steps.rb
1	1	spec/controllers/case_workers/admin/allocations_controller_spec.rb
4	0	spec/factories/claims.rb
33	12	spec/models/claim_spec.rb
4	3	spec/models/claims/state_machine_scopes_spec.rb
10	1	spec/models/claims/state_machine_spec.rb

--38160ca87--2015-08-18--Himal Mandalia
--a4b5913a0--2015-08-18--Stephen Richards
4	0	app/models/case_type.rb
1	1	app/models/claim.rb
2	2	features/step_definitions/claim_allocation_steps.rb
3	2	spec/factories/case_types.rb
14	13	spec/models/claim_spec.rb

--1392f4511--2015-08-18--Himal Mandalia
1	1	app/controllers/case_workers/admin/allocations_controller.rb
1	1	app/controllers/case_workers/claims_controller.rb
1	1	app/controllers/messages_controller.rb
1	1	app/helpers/case_workers/claims_helper.rb
8	1	app/models/claims/state_machine.rb
8	5	app/models/message.rb
1	1	app/views/messages/create.js.erb
3	4	app/views/shared/_messages.html.haml
3	1	features/claim_redetermination.feature
14	4	features/step_definitions/claim_redetermination_steps.rb
1	1	spec/controllers/case_workers/admin/allocations_controller_spec.rb
7	0	spec/models/claims/state_machine_scopes_spec.rb

--89fbeeb3e--2015-08-18--Himal Mandalia
--799c53e37--2015-08-18--Stephen Richards
--abb47c882--2015-08-18--Stephen Richards
5	3	app/assets/javascripts/advocates/claims/fee_section_display.js
6	5	app/controllers/advocates/claims_controller.rb
54	0	app/form_builders/adp_form_builder.rb
1	1	app/views/advocates/claims/_form.html.haml
0	2	db/seeds/case_types.rb
2	1	features/step_definitions/advocate_new_claim_steps.rb
2	3	spec/controllers/advocates/claims_controller_spec.rb
42	0	spec/form_builders/adp_form_builder_spec.rb

--437f05d28--2015-08-18--Stephen Richards
5	3	app/assets/javascripts/advocates/claims/fee_section_display.js
6	5	app/controllers/advocates/claims_controller.rb
54	0	app/form_builders/adp_form_builder.rb
1	1	app/views/advocates/claims/_form.html.haml
0	2	db/seeds/case_types.rb
2	1	features/step_definitions/advocate_new_claim_steps.rb
2	3	spec/controllers/advocates/claims_controller_spec.rb
42	0	spec/form_builders/adp_form_builder_spec.rb

--81ce55c89--2015-08-17--Himal Mandalia
2	12	app/controllers/advocates/claims_controller.rb
2	1	app/controllers/messages_controller.rb
2	2	app/models/ability.rb
9	1	app/models/message.rb
1	1	app/views/advocates/claims/show.html.haml
5	0	app/views/messages/create.js.erb
3	8	app/views/shared/_claim_status.html.haml
16	10	app/views/shared/_messages.html.haml
0	1	config/routes.rb
1	1	db/schema.rb
5	5	features/claim_redetermination.feature
8	5	features/step_definitions/claim_redetermination_steps.rb
0	4	spec/controllers/advocates/claims_controller_spec.rb
5	5	spec/models/ability_spec.rb

--2bc392a52--2015-08-17--Edward Andress
--b1c245296--2015-08-17--Edward Andress
--7ce90fe3a--2015-08-17--Himal Mandalia
2	0	app/views/messages/create.js.erb

--0b812fb2d--2015-08-17--Himal Mandalia
4	1	app/models/claim.rb
13	0	app/models/concerns/number_comma_parser.rb
3	0	app/models/expense.rb
3	0	app/models/fee.rb
10	2	spec/models/claim_spec.rb
10	0	spec/models/expense_spec.rb
9	0	spec/models/fee_spec.rb