--f6954aa10--2015-08-04--Himal Mandalia
--0a53af9aa--2015-08-03--Alistair Laing
2	4	features/caseworker_admin_claims_list.feature
3	12	features/step_definitions/caseworker_claims_list_steps.rb

--a82d76fbf--2015-08-03--Edward Andress
--c9eed037a--2015-08-03--Alistair Laing
7	0	app/views/layouts/_primary_navigation.html.haml
3	3	app/views/layouts/_user.html.haml
12	19	app/views/layouts/case_worker.html.haml

--056945be4--2015-08-03--Alistair Laing
2	0	features/sign_in.feature
27	0	features/step_definitions/sign_in_steps.rb

--7db51754d--2015-08-03--Himal Mandalia
0	2	app/views/case_workers/admin/allocations/new.html.haml

--8e1326035--2015-08-03--Alistair Laing
1	1	app/views/layouts/_primary_navigation.html.haml
1	1	features/step_definitions/sign_in_steps.rb

--44c0cbfd7--2015-08-03--Alistair Laing
32	27	app/assets/stylesheets/layout.scss
55	27	app/assets/stylesheets/navigation.scss
10	0	app/views/layouts/_primary_navigation.html.haml
13	13	app/views/layouts/_user.html.haml
13	20	app/views/layouts/advocate.html.haml
5	12	app/views/layouts/application.html.haml

--146ebf5b3--2015-08-03--Edward Andress
--6539e62b1--2015-08-03--Himal Mandalia
1	1	app/assets/javascripts/application.js

--153adc2fc--2015-08-03--Alistair Laing
3	1	features/sign_in.feature
25	0	features/step_definitions/sign_in_steps.rb