--cf224f5b0--2015-08-03--Edward Andress
--f5df4e331--2015-08-03--Edward Andress
--0101ea81a--2015-08-03--Himal Mandalia
12	0	app/controllers/errors_controller.rb
2	0	app/views/errors/internal_server_error.html.haml
2	0	app/views/errors/not_found.html.haml
2	0	config/application.rb
3	0	config/routes.rb
0	67	public/404.html
0	66	public/500.html
27	0	spec/controllers/errors_controller_spec.rb

--fb23f0d7c--2015-08-03--Joel Sugarman
--dd2a25c79--2015-07-31--Himal Mandalia
--33a523226--2015-07-31--Himal Mandalia
1	1	app/models/case_worker_claim.rb
7	0	app/models/claim.rb
9	9	app/models/claims/state_machine.rb
2	0	app/views/case_workers/admin/allocations/new.html.haml
1	1	app/views/shared/_claim_status.html.haml
1	0	features/claim_redetermination.feature
4	0	features/step_definitions/claim_redetermination_steps.rb
31	8	spec/models/claim_spec.rb
2	7	spec/models/claims/state_machine_spec.rb

--102cfed02--2015-07-31--Edward Andress
1	1	app/interfaces/api/v1/advocates/claim.rb

--6718f621c--2015-07-31--Edward Andress
--434c31971--2015-07-31--Joel Sugarman
--cda38ff9f--2015-07-31--jsugarman
1	1	app/interfaces/api/v1/advocates/root.rb
0	120	app/interfaces/api/v1/advocates/seed.rb
118	0	app/interfaces/api/v1/dropdown_data.rb
2	2	spec/api/v1/claims/{seed_spec.rb => dropdown_data_spec.rb}
1	1	spec/factories/claims.rb

--0a10c386e--2015-07-31--Edward Andress
5	5	app/interfaces/api/v1/advocates/claim.rb
2	2	app/interfaces/api/v1/advocates/date_attended.rb
1	1	app/interfaces/api/v1/advocates/defendant.rb
1	1	app/interfaces/api/v1/advocates/expense.rb
1	1	app/interfaces/api/v1/advocates/representation_order.rb

--fd95304b5--2015-07-31--Himal Mandalia
2	2	lib/tasks/claims.rake
1	1	spec/factories/claims.rb

--0e06efbc7--2015-07-31--jsugarman
--91cc105be--2015-07-31--Edward Andress
1	1	app/interfaces/api/v1/advocates/claim.rb

--17538ef94--2015-07-31--Himal Mandalia
--68ab02a3a--2015-07-31--Himal Mandalia
3	3	app/models/claim.rb
5	0	app/models/claims/state_machine.rb
11	1	features/claim_redetermination.feature
10	0	features/step_definitions/claim_redetermination_steps.rb
4	16	spec/models/claims/state_machine_spec.rb

--11bbb0395--2015-07-31--jsugarman
1	1	app/interfaces/api/v1/advocates/seed.rb
23	23	spec/api/v1/claims/seed_spec.rb

--cfaa33029--2015-07-31--jsugarman
66	10	app/interfaces/api/v1/advocates/seed.rb
1	1	app/models/claim.rb
1	1	app/views/advocates/claims/_form.html.haml
1	1	config/settings.yml
166	26	spec/api/v1/claims/seed_spec.rb

--93793c08f--2015-07-31--Himal Mandalia
--c4bff153e--2015-07-31--Alistair Laing
7	0	app/assets/javascripts/application.js

--0ddf4c19e--2015-07-31--Himal Mandalia
--e4099a491--2015-07-31--Himal Mandalia
--2fe2b9519--2015-07-31--Edward Andress
1	1	app/interfaces/api/v1/advocates/claim.rb
1	1	app/interfaces/api/v1/advocates/date_attended.rb
1	1	app/interfaces/api/v1/advocates/defendant.rb
1	1	app/interfaces/api/v1/advocates/expense.rb
1	1	app/interfaces/api/v1/advocates/fee.rb
1	1	app/interfaces/api/v1/advocates/representation_order.rb

--81790cccf--2015-07-31--Edward Andress
1	1	app/interfaces/api/v1/advocates/claim.rb
4	4	app/interfaces/api/v1/advocates/fee.rb

--dee19c4e2--2015-07-31--Alistair Laing
5	11	app/assets/stylesheets/layout.scss
1	1	config/application.rb

--e08e81f56--2015-07-31--Himal Mandalia
--40fdd5113--2015-07-31--Alistair Laing
3	3	features/sign_in.feature
5	7	features/step_definitions/sign_in_steps.rb
4	4	features/step_definitions/unhappy_paths_steps.rb
1	1	features/support/user_helper.rb
4	6	features/unhappy_paths.feature

--c6988bfdc--2015-07-31--Alistair Laing
2	2	app/views/devise/sessions/new.html.erb
1	1	app/views/devise/shared/_links.html.erb

--6b01b1491--2015-07-30--Edward Andress
--c61ba9606--2015-07-30--Edward Andress
3	3	app/models/claim.rb
11	3	app/models/defendant.rb
10	2	app/models/representation_order.rb
41	2	spec/models/claim_spec.rb
12	0	spec/models/defendant_spec.rb

--2e7758a6f--2015-07-30--jsugarman
1	0	app/interfaces/api/v1/advocates/root.rb
64	0	app/interfaces/api/v1/advocates/seed.rb
90	0	spec/api/v1/claims/seed_spec.rb

--6ebe1b9cd--2015-07-30--Himal Mandalia
14	4	app/controllers/advocates/claims_controller.rb
2	2	app/models/ability.rb
2	1	app/models/claim.rb
12	11	app/models/claims/state_machine.rb
9	0	app/views/shared/_claim_status.html.haml
1	0	config/routes.rb
2	2	features/claim_history.feature
48	0	features/claim_redetermination.feature
1	1	features/step_definitions/claim_history_steps.rb
34	0	features/step_definitions/claim_redetermination_steps.rb
4	0	spec/controllers/advocates/claims_controller_spec.rb
4	0	spec/factories/claims.rb
5	5	spec/models/ability_spec.rb
5	1	spec/models/claim_spec.rb
28	3	spec/models/claims/state_machine_spec.rb

--ca20703cb--2015-07-30--Edward Andress
1	0	app/controllers/advocates/claims_controller.rb
6	2	app/interfaces/api/v1/advocates/claim.rb
26	14	app/models/claim.rb
7	2	spec/api/v1/claims/claim_spec.rb
4	5	spec/controllers/advocates/claims_controller_spec.rb
1	0	spec/factories/claims.rb

--4aa5a1463--2015-07-30--Himal Mandalia
--01f45850f--2015-07-30--Stephen Richards
8	3	app/views/shared/_claim.html.haml
2	1	lib/tasks/claims.rake

--83e570491--2015-07-30--Himal Mandalia
--20bce38e0--2015-07-30--Stephen Richards
1	0	features/step_definitions/advocate_claims_list_steps.rb
1	0	features/step_definitions/claim_steps.rb
0	1	features/support/env.rb
24	23	lib/tasks/claims.rake
3	0	spec/controllers/case_workers/admin/case_workers_controller_spec.rb
1	0	spec/factories/claims.rb

--bf2d8fad5--2015-07-30--Edward Andress
--589bca196--2015-07-30--jsugarman
1	1	Gemfile
4	1	Gemfile.lock

--9fd016263--2015-07-30--Joel Sugarman
--92c4de58f--2015-07-30--Himal Mandalia
--c26b3e883--2015-07-30--Himal Mandalia
--7db2b1ca9--2015-07-30--Stephen Richards
0	3	Gemfile.lock
11	2	app/models/claim.rb
13	0	app/models/claim_state_transition.rb
8	0	app/presenters/claim_presenter.rb
19	3	app/views/shared/_summary.html.haml
13	0	spec/factories/claim_state_transitions.rb
1	0	spec/factories/claims.rb
1	0	spec/models/claim_spec.rb
13	0	spec/models/claim_state_transition_spec.rb

--dbe7eff9a--2015-07-29--jsugarman
2	1	app/models/claims/search.rb
11	5	features/advocate_claims_list.feature
3	2	features/step_definitions/advocate_claims_list_steps.rb

--f148214d4--2015-07-29--Edward Andress
1	1	app/interfaces/api/v1/advocates/error_response.rb
75	0	app/interfaces/api/v1/advocates/representation_order.rb
1	0	app/interfaces/api/v1/advocates/root.rb
3	1	app/models/representation_order.rb
85	0	spec/api/v1/claims/representation_order_spec.rb
2	1	spec/models/representation_order_spec.rb