--e4099a491--2015-07-31--Himal Mandalia
--e08e81f56--2015-07-31--Himal Mandalia
--40fdd5113--2015-07-31--Alistair Laing
3	3	features/sign_in.feature
5	7	features/step_definitions/sign_in_steps.rb
4	4	features/step_definitions/unhappy_paths_steps.rb
1	1	features/support/user_helper.rb
4	6	features/unhappy_paths.feature

--c6988bfdc--2015-07-31--Alistair Laing
2	2	app/views/devise/sessions/new.html.erb
1	1	app/views/devise/shared/_links.html.erb

--6b01b1491--2015-07-30--Edward Andress
--c61ba9606--2015-07-30--Edward Andress
3	3	app/models/claim.rb
11	3	app/models/defendant.rb
10	2	app/models/representation_order.rb
41	2	spec/models/claim_spec.rb
12	0	spec/models/defendant_spec.rb

--ca20703cb--2015-07-30--Edward Andress
1	0	app/controllers/advocates/claims_controller.rb
6	2	app/interfaces/api/v1/advocates/claim.rb
26	14	app/models/claim.rb
7	2	spec/api/v1/claims/claim_spec.rb
4	5	spec/controllers/advocates/claims_controller_spec.rb
1	0	spec/factories/claims.rb