--9c5f3d3fd--2015-07-28--Edward Andress
--6869ff115--2015-07-28--Himal Mandalia
2	1	Gemfile
5	0	Gemfile.lock
4	0	app/controllers/application_controller.rb
6	0	app/interfaces/api/root.rb
1	3	app/models/claim.rb
4	0	app/models/claims/state_machine.rb
3	0	app/views/advocates/claims/show.html.haml
3	0	app/views/case_workers/claims/show.html.haml
31	0	app/views/shared/_claim_history.html.haml
5	0	db/migrate/20150727141710_add_object_changes_to_versions.rb
5	4	db/schema.rb
24	0	features/claim_history.feature
71	0	features/step_definitions/claim_history_steps.rb

--5c26ae40a--2015-07-28--Himal Mandalia
--75f76f36b--2015-07-28--Edward Andress
6	3	app/interfaces/api/v1/advocates/error_response.rb
79	0	app/interfaces/api/v1/advocates/expense.rb
1	0	app/interfaces/api/v1/advocates/root.rb
68	0	spec/api/v1/claims/expense_spec.rb

--49f2226ac--2015-07-28--Himal Mandalia
--e7b85b381--2015-07-28--Himal Mandalia
--4869403fc--2015-07-28--jsugarman
0	1	.travis.yml

--b539518da--2015-07-28--Himal Mandalia
--7b45ab2ff--2015-07-28--Stephen Richards
--b7985e25b--2015-07-28--Joel Sugarman
--649906da8--2015-07-28--Stephen Richards
1	1	app/models/fee_type.rb
1	0	lib/assets/data/fee_types.csv

--9b9ba5542--2015-07-28--Himal Mandalia
--c579f4b4b--2015-07-28--jsugarman
0	1	.travis.yml

--f22738f5a--2015-07-28--jsugarman
0	1	.travis.yml

--9de55c371--2015-07-27--Alistair Laing
16	0	README.md

--8c1c78edf--2015-07-27--jsugarman
2	2	app/assets/javascripts/advocates/claims/fee_section_display.js
12	0	app/presenters/claim_presenter.rb
7	7	app/views/shared/_claim.html.haml
1	0	config/initializers/inflections.rb
1	1	config/locales/en.yml
31	3	spec/presenters/claim_presenter_spec.rb

--d50f64bfe--2015-07-27--Edward Andress
6	6	app/interfaces/api/v1/advocates/error_response.rb

--98a802d71--2015-07-27--Edward Andress
76	0	app/interfaces/api/v1/advocates/fee.rb
1	0	app/interfaces/api/v1/advocates/root.rb
52	0	spec/api/v1/claims/fee_spec.rb