--a61a951b4--2015-07-24--Stephen Strudwick
--5b5de5a3f--2015-07-20--jsugarman
2	3	app/models/claim.rb
5	5	app/views/advocates/claims/_form.html.haml
20	0	features/advocate_new_claim.feature
26	0	features/step_definitions/advocate_new_claim_steps.rb

--a6d3ff14a--2015-07-20--jsugarman
0	17	app/controllers/advocates/claims_controller.rb
3	5	app/models/claim.rb
12	13	app/models/fee_category.rb
10	10	app/views/advocates/claims/_form.html.haml
2	12	spec/controllers/advocates/claims_controller_spec.rb
0	4	spec/models/claim_spec.rb

--ba390cb79--2015-07-18--jsugarman
3	2	app/assets/javascripts/application.js
35	2	app/controllers/advocates/claims_controller.rb
4	4	app/models/claim.rb
3	3	app/views/advocates/claims/_form.html.haml
3	3	config/locales/en.yml
3	3	features/advocate_new_claim.feature
4	4	features/step_definitions/advocate_new_claim_steps.rb
23	7	spec/controllers/advocates/claims_controller_spec.rb
7	7	spec/models/claim_spec.rb

--93369a0a4--2015-07-18--jsugarman
0	3	Gemfile.lock
1	1	app/assets/javascripts/application.js
4	0	app/models/claim.rb
6	4	app/models/fee_category.rb
17	0	app/views/advocates/claims/_fixed_fee_fields.html.haml
27	5	app/views/advocates/claims/_form.html.haml
1	1	app/views/advocates/claims/{_fee_fields.html.haml => _misc_fee_fields.html.haml}
2	0	config/locales/en.yml
2	2	features/step_definitions/advocate_new_claim_steps.rb
4	3	lib/tasks/claims.rake
2	0	spec/models/claim_spec.rb

--c6063790a--2015-07-22--Edward Andress
0	4	Gemfile.lock
1	1	app/interfaces/api/root.rb
0	2	app/interfaces/api/v1/advocates/claim.rb
68	0	app/interfaces/api/v1/advocates/defendant.rb
19	0	app/interfaces/api/v1/advocates/root.rb
1	1	config/initializers/swagger.rb
4	4	spec/api/v1/claims/claim_spec.rb
41	0	spec/api/v1/claims/defendant_spec.rb

--0a9e4198a--2015-07-13--Stephen Strudwick
5	3	Gemfile
76	26	Gemfile.lock
27	0	app/interfaces/api/logger.rb
10	0	app/interfaces/api/root.rb
133	0	app/interfaces/api/v1/advocates/claim.rb
44	0	app/interfaces/api/v1/advocates/error_response.rb
8	0	app/models/claim.rb
2	2	app/models/scheme.rb
2	0	app/models/user.rb
1	0	config.ru
3	0	config/application.rb
3	0	config/initializers/swagger.rb
2	5	config/routes.rb
5	0	db/migrate/20150721095559_source.rb
2	1	db/schema.rb
13	0	lib/tasks/routes.rake
90	0	spec/api/v1/claims/claim_spec.rb
1	0	spec/factories/claims.rb
2	2	spec/factories/schemes.rb
1	3	spec/models/advocate_spec.rb
17	0	spec/models/claim_spec.rb
2	2	spec/models/scheme_spec.rb
1	0	spec/spec_helper.rb

--37401ee5b--2015-07-16--Benedetto Lo Giudice
1	0	docker/run.sh

--cd11a8058--2015-07-16--Benedetto Lo Giudice
3	8	docker/run.sh

--2c63edba8--2015-07-15--Stephen Richards
5	4	app/models/case_worker.rb
7	4	app/models/claim.rb
13	0	app/models/fee_type.rb
10	0	app/models/location.rb
7	0	app/models/scheme.rb
11	0	db/migrate/20150715123540_change_scheme_datetimes_to_date.rb
3	3	db/schema.rb
4	0	features/advocate_claims_financial_summary.feature
4	0	features/advocate_claims_financial_summary_details.feature
11	1	features/advocate_claims_list.feature
7	0	features/advocate_new_claim.feature
4	0	features/caseworker_admin_claims_list.feature
2	0	features/caseworker_claims_list.feature
1	0	features/claim_allocation.feature
2	0	features/claim_evidence_checklist.feature
2	0	features/claim_messages.feature
2	0	features/claim_notes.feature
12	8	features/claim_status.feature
6	3	features/step_definitions/advocate_claims_list_steps.rb
6	0	features/step_definitions/advocate_new_claim_steps.rb
1	0	features/step_definitions/caseworker_claims_list_steps.rb
9	4	features/view_claim_evidence.feature
5	4	spec/factories/case_workers.rb
9	5	spec/factories/claims.rb
7	6	spec/factories/fee_types.rb
10	0	spec/factories/locations.rb
8	0	spec/factories/schemes.rb
5	4	spec/models/case_worker_spec.rb
6	2	spec/models/claim_spec.rb
7	6	spec/models/fee_type_spec.rb
10	0	spec/models/location_spec.rb
42	0	spec/models/scheme_spec.rb

--a2a8b5b7f--2015-07-14--Stephen Richards
2	15	Gemfile
6	0	Gemfile.lock
0	47	app/controllers/api/advocates/claims_controller.rb
10	2	app/models/claim.rb
1	1	lib/tasks/claims.rake
2	1	spec/controllers/advocates/claims_controller_spec.rb
0	55	spec/controllers/api/advocates/claims_controller_spec.rb
9	1	spec/factories/claims.rb
33	8	spec/models/claim_spec.rb
2	0	spec/models/expense_spec.rb
3	3	spec/presenters/claim_presenter_spec.rb

--6e962b60a--2015-07-13--Himal Mandalia
0	1	app/controllers/advocates/claims_controller.rb
37	10	app/models/claim.rb
2	1	app/models/scheme.rb
0	3	app/views/advocates/claims/_form.html.haml
5	0	db/migrate/20150710093937_remove_vat_rate_from_schemes.rb
1	2	db/schema.rb
3	9	db/seeds/schemes.rb
21	7	spec/controllers/advocates/claims_controller_spec.rb
8	0	spec/factories/claims.rb
7	1	spec/factories/schemes.rb
6	0	spec/models/claim_spec.rb
10	10	spec/models/claims/financial_summary_spec.rb
2	2	spec/models/claims/state_machine_spec.rb
23	1	spec/models/scheme_spec.rb
1	1	spec/presenters/claim_presenter_spec.rb

--e8fcc9680--2015-07-14--jsugarman
0	4	app/assets/javascripts/application.js

--f2596f35b--2015-07-14--jsugarman
7	0	app/views/case_workers/claims/show.html.haml
0	7	app/views/shared/_claim_status.html.haml

--bc559be21--2015-07-24--Stephen Strudwick
--16c3d4e52--2015-07-24--Edward Andress
--efc9daed8--2015-07-22--Edward Andress
1	1	app/interfaces/api/root.rb
67	67	app/interfaces/api/v1/advocates/claim.rb
68	0	app/interfaces/api/v1/advocates/defendant.rb
19	0	app/interfaces/api/v1/advocates/root.rb
1	1	config/initializers/swagger.rb
4	4	spec/api/v1/claims/claim_spec.rb
42	0	spec/api/v1/claims/defendant_spec.rb

--972416990--2015-07-24--Joel Sugarman
--aa7b4f955--2015-07-23--Edward Andress
1	1	app/interfaces/api/v1/advocates/claim.rb

--2eaaa539f--2015-07-22--Stephen Richards
--636129bc7--2015-07-21--Stephen Strudwick
--64c22895a--2015-07-20--jsugarman
0	1	Gemfile
0	22	Gemfile.lock

--ea763eb93--2015-07-20--jsugarman
2	3	app/models/claim.rb
5	5	app/views/advocates/claims/_form.html.haml
20	0	features/advocate_new_claim.feature
26	0	features/step_definitions/advocate_new_claim_steps.rb

--97f756ee1--2015-07-20--jsugarman
0	17	app/controllers/advocates/claims_controller.rb
3	5	app/models/claim.rb
12	13	app/models/fee_category.rb
10	10	app/views/advocates/claims/_form.html.haml
2	12	spec/controllers/advocates/claims_controller_spec.rb
0	4	spec/models/claim_spec.rb

--6f072e655--2015-07-20--Joel Sugarman
--7fdd17740--2015-07-16--Benedetto Lo Giudice
4	8	docker/run.sh

--6dbf1b866--2015-07-20--jsugarman
--d8773233f--2015-07-13--Stephen Strudwick
6	2	Gemfile
68	0	Gemfile.lock
0	47	app/controllers/api/advocates/claims_controller.rb
8	0	app/interfaces/api/root.rb
105	0	app/interfaces/api/v1/advocates/claim.rb
2	0	app/models/user.rb
3	0	config/application.rb
3	0	config/initializers/swagger.rb
2	5	config/routes.rb
13	0	lib/tasks/routes.rake
83	0	spec/api/v1/claims/claim_spec.rb
0	55	spec/controllers/api/advocates/claims_controller_spec.rb
1	3	spec/models/advocate_spec.rb
1	0	spec/spec_helper.rb

--971329a76--2015-07-20--Himal Mandalia
--62b123196--2015-07-16--Benedetto Lo Giudice
3	8	docker/run.sh

--69ed861e7--2015-07-18--jsugarman
3	2	app/assets/javascripts/application.js
35	2	app/controllers/advocates/claims_controller.rb
4	4	app/models/claim.rb
3	3	app/views/advocates/claims/_form.html.haml
3	3	config/locales/en.yml
3	3	features/advocate_new_claim.feature
4	4	features/step_definitions/advocate_new_claim_steps.rb
23	7	spec/controllers/advocates/claims_controller_spec.rb
7	7	spec/models/claim_spec.rb

--1f7a5e47f--2015-07-18--jsugarman
0	3	Gemfile.lock
1	1	app/assets/javascripts/application.js
4	0	app/models/claim.rb
6	4	app/models/fee_category.rb
17	0	app/views/advocates/claims/_fixed_fee_fields.html.haml
27	5	app/views/advocates/claims/_form.html.haml
1	1	app/views/advocates/claims/{_fee_fields.html.haml => _misc_fee_fields.html.haml}
2	0	config/locales/en.yml
2	2	features/step_definitions/advocate_new_claim_steps.rb
4	3	lib/tasks/claims.rake
2	0	spec/models/claim_spec.rb

--4774907d7--2015-07-16--Joel Sugarman
--030653054--2015-07-15--Stephen Richards
5	4	app/models/case_worker.rb
7	4	app/models/claim.rb
13	0	app/models/fee_type.rb
10	0	app/models/location.rb
7	0	app/models/scheme.rb
11	0	db/migrate/20150715123540_change_scheme_datetimes_to_date.rb
3	3	db/schema.rb
4	0	features/advocate_claims_financial_summary.feature
4	0	features/advocate_claims_financial_summary_details.feature
11	1	features/advocate_claims_list.feature
7	0	features/advocate_new_claim.feature
4	0	features/caseworker_admin_claims_list.feature
2	0	features/caseworker_claims_list.feature
1	0	features/claim_allocation.feature
2	0	features/claim_evidence_checklist.feature
2	0	features/claim_messages.feature
2	0	features/claim_notes.feature
12	8	features/claim_status.feature
6	3	features/step_definitions/advocate_claims_list_steps.rb
6	0	features/step_definitions/advocate_new_claim_steps.rb
1	0	features/step_definitions/caseworker_claims_list_steps.rb
9	4	features/view_claim_evidence.feature
5	4	spec/factories/case_workers.rb
9	5	spec/factories/claims.rb
7	6	spec/factories/fee_types.rb
10	0	spec/factories/locations.rb
8	0	spec/factories/schemes.rb
5	4	spec/models/case_worker_spec.rb
6	2	spec/models/claim_spec.rb
7	6	spec/models/fee_type_spec.rb
10	0	spec/models/location_spec.rb
42	0	spec/models/scheme_spec.rb

--1bbb16703--2015-07-15--Stephen Richards
--c8e82ac10--2015-07-14--jsugarman
0	4	app/assets/javascripts/application.js

--900845d90--2015-07-14--Stephen Richards
2	15	Gemfile
6	0	Gemfile.lock
0	47	app/controllers/api/advocates/claims_controller.rb
10	2	app/models/claim.rb
1	1	lib/tasks/claims.rake
2	1	spec/controllers/advocates/claims_controller_spec.rb
0	55	spec/controllers/api/advocates/claims_controller_spec.rb
9	1	spec/factories/claims.rb
33	8	spec/models/claim_spec.rb
2	0	spec/models/expense_spec.rb
3	3	spec/presenters/claim_presenter_spec.rb

--f27729d7d--2015-07-14--jsugarman
7	0	app/views/case_workers/claims/show.html.haml
0	7	app/views/shared/_claim_status.html.haml

--8b45aba86--2015-07-14--Stephen Richards
--e301c90fa--2015-07-13--Himal Mandalia
0	1	app/controllers/advocates/claims_controller.rb
37	10	app/models/claim.rb
2	1	app/models/scheme.rb
0	3	app/views/advocates/claims/_form.html.haml
5	0	db/migrate/20150710093937_remove_vat_rate_from_schemes.rb
1	2	db/schema.rb
3	9	db/seeds/schemes.rb
21	7	spec/controllers/advocates/claims_controller_spec.rb
8	0	spec/factories/claims.rb
7	1	spec/factories/schemes.rb
6	0	spec/models/claim_spec.rb
10	10	spec/models/claims/financial_summary_spec.rb
2	2	spec/models/claims/state_machine_spec.rb
23	1	spec/models/scheme_spec.rb
1	1	spec/presenters/claim_presenter_spec.rb