--2eaaa539f--2015-07-22--Stephen Richards
--636129bc7--2015-07-21--Stephen Strudwick
--64c22895a--2015-07-20--jsugarman
0	1	Gemfile
0	22	Gemfile.lock

--ea763eb93--2015-07-20--jsugarman
2	3	app/models/claim.rb
5	5	app/views/advocates/claims/_form.html.haml
20	0	features/advocate_new_claim.feature
26	0	features/step_definitions/advocate_new_claim_steps.rb

--97f756ee1--2015-07-20--jsugarman
0	17	app/controllers/advocates/claims_controller.rb
3	5	app/models/claim.rb
12	13	app/models/fee_category.rb
10	10	app/views/advocates/claims/_form.html.haml
2	12	spec/controllers/advocates/claims_controller_spec.rb
0	4	spec/models/claim_spec.rb

--6f072e655--2015-07-20--Joel Sugarman
--7fdd17740--2015-07-16--Benedetto Lo Giudice
4	8	docker/run.sh

--6dbf1b866--2015-07-20--jsugarman
--d8773233f--2015-07-13--Stephen Strudwick
6	2	Gemfile
68	0	Gemfile.lock
0	47	app/controllers/api/advocates/claims_controller.rb
8	0	app/interfaces/api/root.rb
105	0	app/interfaces/api/v1/advocates/claim.rb
2	0	app/models/user.rb
3	0	config/application.rb
3	0	config/initializers/swagger.rb
2	5	config/routes.rb
13	0	lib/tasks/routes.rake
83	0	spec/api/v1/claims/claim_spec.rb
0	55	spec/controllers/api/advocates/claims_controller_spec.rb
1	3	spec/models/advocate_spec.rb
1	0	spec/spec_helper.rb

--971329a76--2015-07-20--Himal Mandalia
--62b123196--2015-07-16--Benedetto Lo Giudice
3	8	docker/run.sh

--69ed861e7--2015-07-18--jsugarman
3	2	app/assets/javascripts/application.js
35	2	app/controllers/advocates/claims_controller.rb
4	4	app/models/claim.rb
3	3	app/views/advocates/claims/_form.html.haml
3	3	config/locales/en.yml
3	3	features/advocate_new_claim.feature
4	4	features/step_definitions/advocate_new_claim_steps.rb
23	7	spec/controllers/advocates/claims_controller_spec.rb
7	7	spec/models/claim_spec.rb

--1f7a5e47f--2015-07-18--jsugarman
0	3	Gemfile.lock
1	1	app/assets/javascripts/application.js
4	0	app/models/claim.rb
6	4	app/models/fee_category.rb
17	0	app/views/advocates/claims/_fixed_fee_fields.html.haml
27	5	app/views/advocates/claims/_form.html.haml
1	1	app/views/advocates/claims/{_fee_fields.html.haml => _misc_fee_fields.html.haml}
2	0	config/locales/en.yml
2	2	features/step_definitions/advocate_new_claim_steps.rb
4	3	lib/tasks/claims.rake
2	0	spec/models/claim_spec.rb