--4774907d7--2015-07-16--Joel Sugarman
--030653054--2015-07-15--Stephen Richards
5	4	app/models/case_worker.rb
7	4	app/models/claim.rb
13	0	app/models/fee_type.rb
10	0	app/models/location.rb
7	0	app/models/scheme.rb
11	0	db/migrate/20150715123540_change_scheme_datetimes_to_date.rb
3	3	db/schema.rb
4	0	features/advocate_claims_financial_summary.feature
4	0	features/advocate_claims_financial_summary_details.feature
11	1	features/advocate_claims_list.feature
7	0	features/advocate_new_claim.feature
4	0	features/caseworker_admin_claims_list.feature
2	0	features/caseworker_claims_list.feature
1	0	features/claim_allocation.feature
2	0	features/claim_evidence_checklist.feature
2	0	features/claim_messages.feature
2	0	features/claim_notes.feature
12	8	features/claim_status.feature
6	3	features/step_definitions/advocate_claims_list_steps.rb
6	0	features/step_definitions/advocate_new_claim_steps.rb
1	0	features/step_definitions/caseworker_claims_list_steps.rb
9	4	features/view_claim_evidence.feature
5	4	spec/factories/case_workers.rb
9	5	spec/factories/claims.rb
7	6	spec/factories/fee_types.rb
10	0	spec/factories/locations.rb
8	0	spec/factories/schemes.rb
5	4	spec/models/case_worker_spec.rb
6	2	spec/models/claim_spec.rb
7	6	spec/models/fee_type_spec.rb
10	0	spec/models/location_spec.rb
42	0	spec/models/scheme_spec.rb

--1bbb16703--2015-07-15--Stephen Richards
--c8e82ac10--2015-07-14--jsugarman
0	4	app/assets/javascripts/application.js

--900845d90--2015-07-14--Stephen Richards
2	15	Gemfile
6	0	Gemfile.lock
0	47	app/controllers/api/advocates/claims_controller.rb
10	2	app/models/claim.rb
1	1	lib/tasks/claims.rake
2	1	spec/controllers/advocates/claims_controller_spec.rb
0	55	spec/controllers/api/advocates/claims_controller_spec.rb
9	1	spec/factories/claims.rb
33	8	spec/models/claim_spec.rb
2	0	spec/models/expense_spec.rb
3	3	spec/presenters/claim_presenter_spec.rb

--f27729d7d--2015-07-14--jsugarman
7	0	app/views/case_workers/claims/show.html.haml
0	7	app/views/shared/_claim_status.html.haml

--8b45aba86--2015-07-14--Stephen Richards
--3fce6471a--2015-07-14--jsugarman
2	2	lib/tasks/db.rake

--dd163968f--2015-07-14--jsugarman
4	8	lib/tasks/db.rake

--176d73c9f--2015-07-14--jsugarman
7	1	lib/tasks/db.rake

--49376b789--2015-07-14--Stephen Richards
--3b480fb84--2015-07-14--Stephen Richards
--cd8831ec6--2015-07-14--jsugarman
1	1	config/locales/en.yml

--8c9b16e75--2015-07-14--Joel Sugarman
--13a8fc000--2015-07-03--Benedetto Lo Giudice
19	7	docker/run.sh

--01cc9f808--2015-07-14--jsugarman
1	1	app/models/offence.rb
1	1	lib/assets/data/offences.csv
0	1	spec/models/offence_spec.rb

--e301c90fa--2015-07-13--Himal Mandalia
0	1	app/controllers/advocates/claims_controller.rb
37	10	app/models/claim.rb
2	1	app/models/scheme.rb
0	3	app/views/advocates/claims/_form.html.haml
5	0	db/migrate/20150710093937_remove_vat_rate_from_schemes.rb
1	2	db/schema.rb
3	9	db/seeds/schemes.rb
21	7	spec/controllers/advocates/claims_controller_spec.rb
8	0	spec/factories/claims.rb
7	1	spec/factories/schemes.rb
6	0	spec/models/claim_spec.rb
10	10	spec/models/claims/financial_summary_spec.rb
2	2	spec/models/claims/state_machine_spec.rb
23	1	spec/models/scheme_spec.rb
1	1	spec/presenters/claim_presenter_spec.rb

--3072d1df4--2015-07-13--Joel Sugarman
--2d9d3885e--2015-07-13--jsugarman
24	11	lib/tasks/claims.rake

--7043035cc--2015-07-10--Himal Mandalia
--fb3469374--2015-07-10--jsugarman
1	1	db/seeds/seed_helper.rb
16	6	lib/tasks/claims.rake