--56141c7b3--2015-06-19--Edward Andress
--ff1c46f99--2015-06-19--Himal Mandalia
--b4605b6ab--2015-06-19--Edward Andress
--46dd1a9dc--2015-06-19--Himal Mandalia
1	1	app/assets/stylesheets/claim-accordion.scss
6	1	app/controllers/case_workers/claims_controller.rb
1	1	app/models/claim.rb
0	5	app/views/advocates/claims/_case_notes.html.haml
0	3	app/views/advocates/claims/show.html.haml
0	5	app/views/case_workers/claims/_case_notes.html.haml
4	0	app/views/case_workers/claims/_claim_notes.html.haml
1	1	app/views/case_workers/claims/show.html.haml
5	0	db/migrate/20150619123014_add_notes_to_claims.rb
2	1	db/schema.rb
17	0	features/claim_notes.feature
35	0	features/step_definitions/claim_notes_steps.rb

--7e901baf7--2015-06-19--Edward Andress
9	9	app/views/advocates/admin/advocates/_form.html.haml
13	12	app/views/advocates/claims/_claims.html.haml
37	29	config/locales/en.yml

--d0c35ea45--2015-06-19--Himal Mandalia
4	3	app/views/advocates/claims/show.html.haml
8	4	spec/controllers/advocates/claims_controller_spec.rb
5	1	spec/controllers/case_workers/claims_controller_spec.rb

--ae325ccbe--2015-06-19--Edward Andress
--c48d2660a--2015-06-19--Edward Andress
1	1	app/models/advocate.rb
9	9	app/views/advocates/admin/advocates/_form.html.haml
1	1	app/views/advocates/admin/advocates/edit.html.haml
4	4	app/views/advocates/admin/advocates/index.html.haml
2	1	app/views/advocates/admin/advocates/new.html.haml
1	2	app/views/advocates/claims/_case_notes.html.haml
8	8	app/views/advocates/claims/_claims.html.haml
72	7	config/locales/en.yml

--e0a57e5a4--2015-06-18--Edward Andress
--b0b20a65b--2015-06-18--Edward Andress
1	1	app/views/advocates/admin/advocates/_form.html.haml
1	1	app/views/advocates/admin/advocates/new.html.haml
7	0	config/locales/en.yml