--b17080642--2015-06-10--Himal Mandalia
--4618f5b78--2015-06-08--jsugarman
-	-	app/assets/images/awaiting-info-from-court.png
1	1	app/assets/javascripts/advocates/claims/dynamic-offence-list.js
5	5	app/assets/javascripts/amountassessed.js
2	1	app/assets/javascripts/application.js
4	1	app/assets/stylesheets/claims-list.scss
1	1	app/controllers/advocates/claims_controller.rb
6	0	app/helpers/claims_helper.rb
9	4	app/models/claim.rb
1	1	app/models/claims/state_machine.rb
0	34	app/views/advocates/claims/_claim_status.html.haml
9	6	app/views/advocates/claims/_claims.html.haml
2	2	app/views/advocates/claims/index.html.haml
1	1	app/views/advocates/claims/show.html.haml
0	35	app/views/case_workers/claims/_claim_status.html.haml
1	1	app/views/case_workers/claims/show.html.haml
26	0	app/views/shared/_claim_status.html.haml
28	4	features/claim_status.feature
43	6	features/step_definitions/claim_status_steps.rb
2	2	spec/controllers/advocates/claims_controller_spec.rb
27	0	spec/helpers/claims_helper_spec.rb
17	0	spec/models/claim_spec.rb

--69b22a76c--2015-06-10--Himal Mandalia
1	1	config/application.rb
1	1	config/initializers/session_store.rb

--6c87858c6--2015-06-10--Joel Sugarman
--385085976--2015-06-10--Himal Mandalia
19	6	app/controllers/case_workers/claims_controller.rb
8	0	app/helpers/case_workers/claims_helper.rb
10	5	app/views/case_workers/claims/_nav_tabs.html.haml
17	0	features/caseworker_admin_claims_list.feature
24	0	features/step_definitions/caseworker_claims_list_steps.rb