--182c01e43--2015-06-02--Himal Mandalia
--60c3684e4--2015-06-02--Stephen Richards
--1f60dd0ae--2015-06-01--Edward Andress
--475449bfd--2015-06-01--Edward Andress
--710b8faa7--2015-06-01--Himal Mandalia
1	1	db/seeds/advocates.rb
2	2	db/seeds/case_workers.rb

--fa297d08a--2015-06-01--jsugarman
--2d287e002--2015-06-01--jsugarman
8	3	lib/tasks/claims.rake

--71bde7f22--2015-06-01--jsugarman
--3dfaec747--2015-06-01--jsugarman
--2f6d483c9--2015-06-01--Eddie Andress
3	2	app/views/advocates/claims/_claims.html.haml

--26a06b88c--2015-06-01--Himal Mandalia
2	2	app/views/advocates/claims/_form.html.haml

--3a8a7f108--2015-06-01--Edward Andress
--1eb83638c--2015-06-01--Eddie Andress
3	2	app/views/advocates/claims/_claims.html.haml
15	3	features/advocate_claims_list.feature
13	1	features/step_definitions/advocate_claims_list_steps.rb

--65fa9cff8--2015-06-01--Himal Mandalia
1	1	app/views/case_workers/admin/case_workers/index.html.haml
3	1	app/views/case_workers/admin/case_workers/show.html.haml

--59c0ffc13--2015-06-01--jsugarman
--ec2d372c2--2015-06-01--Himal Mandalia
1	1	config/environments/production.rb

--3925121ea--2015-06-01--jsugarman
9	3	lib/tasks/claims.rake
9	1	spec/factories/advocates.rb
10	1	spec/factories/claims.rb

--49e76096e--2015-06-01--Himal Mandalia
--9f7b0e50d--2015-06-01--Joel Sugarman
--2fbd1290f--2015-05-22--Mark Ford
1	0	app/assets/javascripts/application.js
3	6	app/controllers/advocates/application_controller.rb
5	5	app/models/ability.rb
2	0	app/models/claim.rb
1	0	config/locales/en.yml
1	1	features/advocate_claims_financial_summary.feature
66	0	features/claims_authorisation.feature
0	1	features/document_security.feature
1	2	features/sign_in.feature
2	4	features/step_definitions/advocate_claims_list_steps.rb
0	6	features/step_definitions/advocate_new_claim_steps.rb
29	0	features/step_definitions/claim_steps.rb
23	5	features/step_definitions/sign_in_steps.rb
1	1	features/view_provider_evidence.feature
10	10	spec/controllers/advocates/claims_controller_spec.rb
2	0	spec/models/claim_spec.rb

--bf0091548--2015-06-01--Stephen Richards
9	1	spec/factories/advocates.rb

--102607470--2015-06-01--Himal Mandalia
--af6dd35fa--2015-06-01--jsugarman
4	5	lib/tasks/claims.rake