--37f1f396e--2015-05-29--jsugarman
--974d1cae2--2015-05-29--Himal Mandalia
--7fab8d1a4--2015-05-29--Himal Mandalia
--a371349bb--2015-05-29--Stephen Richards
2	2	db/seeds/advocates.rb

--cf67a463f--2015-05-29--Stephen Richards
1	1	db/schema.rb

--a416e6ee2--2015-05-29--Stephen Richards
0	4	db/schema.rb

--e374b01e4--2015-05-29--Stephen Richards
--ff4b77716--2015-05-29--Himal Mandalia
--bb74981b3--2015-05-29--Himal Mandalia
--7c357d165--2015-05-28--Edward Andress
--296c91266--2015-05-28--Stephen Richards
2	1	app/controllers/advocates/admin/advocates_controller.rb
1	0	app/models/advocate.rb
2	0	app/views/advocates/admin/advocates/_form.html.haml
7	0	db/migrate/20150528151004_add_account_num_to_advocates.rb
4	1	db/schema.rb
2	2	db/seeds/advocates.rb
10	2	spec/controllers/advocates/admin/advocates_controller_spec.rb
2	0	spec/factories/advocates.rb
30	0	spec/models/advocate_spec.rb

--a777513b0--2015-05-28--Stephen Richards
--60ca7ebb8--2015-05-28--Himal Mandalia
1	1	app/controllers/advocates/claims_controller.rb
1	0	app/controllers/api/advocates/claims_controller.rb
1	0	app/models/advocate.rb
2	0	app/models/claim.rb
6	0	db/migrate/20150528152825_add_creator_id_to_claims.rb
3	1	db/schema.rb
1	1	spec/controllers/api/advocates/claims_controller_spec.rb
8	3	spec/factories/claims.rb
1	0	spec/models/advocate_spec.rb
2	0	spec/models/claim_spec.rb

--93606f981--2015-05-28--jsugarman
1	0	app/controllers/advocates/claims_controller.rb
1	1	app/models/claims/state_machine.rb
2	6	app/views/advocates/claims/index.html.haml
0	1	features/advocate_claims_list.feature
4	0	spec/controllers/advocates/claims_controller_spec.rb

--2f6e508ad--2015-05-28--Himal Mandalia
--2d82e3070--2015-05-28--Eddie Andress
2	2	app/views/advocates/claims/_evidence_list.html.haml
3	0	features/step_definitions/advocate_claims_list_steps.rb
49	0	features/step_definitions/view_claim_evidence_steps.rb
0	30	features/step_definitions/view_provider_evidence_steps.rb
61	0	features/view_claim_evidence.feature
0	30	features/view_provider_evidence.feature
1	1	lib/tasks/claims.rake

--f7df81b3f--2015-05-28--Benedetto Lo Giudice
5	0	docker/Dockerfile

--ec0ca852b--2015-05-28--jsugarman
1	0	app/models/claims/state_machine.rb
6	6	app/views/advocates/claims/index.html.haml
13	0	features/advocate_claims_list.feature
6	0	features/step_definitions/advocate_claims_list_steps.rb

--c48cc0adc--2015-05-28--Himal Mandalia
1	1	app/models/claims/state_machine.rb
10	0	spec/models/claims/state_machine_spec.rb

--28399ea2e--2015-05-28--Stephen Richards
1	0	app/models/fee_category.rb
2	2	app/models/fee_type.rb
5	0	db/migrate/20150528114149_add_abbreviation_to_fee_categories.rb
2	1	db/schema.rb
4	3	db/seeds/fee_categories.rb
14	10	db/seeds/fee_types.rb
73	0	lib/assets/data/fee_types.csv
1	0	spec/factories/fee_categories.rb
3	0	spec/models/fee_category_spec.rb
0	1	spec/models/fee_type_spec.rb

--4c859b7ad--2015-05-28--Himal Mandalia
0	10	db/schema.rb
4	0	db/seeds/case_workers.rb

--01330d8f3--2015-05-28--Himal Mandalia
3	0	app/views/shared/_messages.html.haml

--270fa4320--2015-05-28--Edward Andress
--ee5ef7a2d--2015-05-28--Eddie Andress
--dc71a2307--2015-05-28--Himal Mandalia
1	3	app/controllers/advocates/admin/advocates_controller.rb
1	1	app/controllers/case_workers/admin/case_workers_controller.rb
4	6	app/models/advocate.rb
3	0	app/models/case_worker.rb
2	2	app/models/claim.rb
6	0	app/models/user.rb
6	4	app/views/advocates/admin/advocates/_form.html.haml
6	0	app/views/case_workers/admin/case_workers/_form.html.haml
1	1	app/views/case_workers/admin/case_workers/show.html.haml
8	0	db/migrate/20150528101244_move_first_name_and_lastname_to_user_model.rb
25	3	db/schema.rb
6	2	db/seeds/advocates.rb
4	1	features/step_definitions/advocate_claims_list_steps.rb
4	4	spec/controllers/advocates/admin/advocates_controller_spec.rb
2	2	spec/controllers/case_workers/admin/case_workers_controller_spec.rb
1	3	spec/factories/advocates.rb
1	1	spec/factories/case_workers.rb
2	0	spec/factories/users.rb
3	10	spec/models/advocate_spec.rb
4	0	spec/models/case_worker_spec.rb
11	2	spec/models/claim_spec.rb
10	0	spec/models/user_spec.rb