--2f6e508ad--2015-05-28--Himal Mandalia
--2d82e3070--2015-05-28--Eddie Andress
2	2	app/views/advocates/claims/_evidence_list.html.haml
3	0	features/step_definitions/advocate_claims_list_steps.rb
49	0	features/step_definitions/view_claim_evidence_steps.rb
0	30	features/step_definitions/view_provider_evidence_steps.rb
61	0	features/view_claim_evidence.feature
0	30	features/view_provider_evidence.feature
1	1	lib/tasks/claims.rake

--4c859b7ad--2015-05-28--Himal Mandalia
0	10	db/schema.rb
4	0	db/seeds/case_workers.rb

--270fa4320--2015-05-28--Edward Andress
--ee5ef7a2d--2015-05-28--Eddie Andress
--f61841e92--2015-05-28--Himal Mandalia
--dc71a2307--2015-05-28--Himal Mandalia
1	3	app/controllers/advocates/admin/advocates_controller.rb
1	1	app/controllers/case_workers/admin/case_workers_controller.rb
4	6	app/models/advocate.rb
3	0	app/models/case_worker.rb
2	2	app/models/claim.rb
6	0	app/models/user.rb
6	4	app/views/advocates/admin/advocates/_form.html.haml
6	0	app/views/case_workers/admin/case_workers/_form.html.haml
1	1	app/views/case_workers/admin/case_workers/show.html.haml
8	0	db/migrate/20150528101244_move_first_name_and_lastname_to_user_model.rb
25	3	db/schema.rb
6	2	db/seeds/advocates.rb
4	1	features/step_definitions/advocate_claims_list_steps.rb
4	4	spec/controllers/advocates/admin/advocates_controller_spec.rb
2	2	spec/controllers/case_workers/admin/case_workers_controller_spec.rb
1	3	spec/factories/advocates.rb
1	1	spec/factories/case_workers.rb
2	0	spec/factories/users.rb
3	10	spec/models/advocate_spec.rb
4	0	spec/models/case_worker_spec.rb
11	2	spec/models/claim_spec.rb
10	0	spec/models/user_spec.rb

--01c8bc173--2015-05-28--Edward Andress
--347d2f421--2015-05-28--Eddie Andress
--9c4c14973--2015-05-28--jsugarman
0	1	app/models/claim.rb
0	4	app/views/advocates/claims/_form.html.haml
0	1	features/step_definitions/advocate_new_claim_steps.rb
0	1	spec/controllers/advocates/claims_controller_spec.rb
0	1	spec/factories/claims.rb
0	1	spec/models/claim_spec.rb

--449ba3426--2015-05-27--Himal Mandalia
1	1	app/assets/stylesheets/claim-accordion.scss
2	0	app/controllers/advocates/claims_controller.rb
2	0	app/controllers/case_workers/claims_controller.rb
26	0	app/controllers/messages_controller.rb
2	0	app/models/claim.rb
8	0	app/models/message.rb
1	0	app/models/user.rb
0	38	app/views/advocates/claims/_advonote.html.haml
4	0	app/views/advocates/claims/_claims.html.haml
2	2	app/views/advocates/claims/show.html.haml
0	38	app/views/case_workers/claims/_advonote.html.haml
2	2	app/views/case_workers/claims/show.html.haml
22	0	app/views/shared/_messages.html.haml
2	0	config/routes.rb
15	0	db/migrate/20150527102833_create_messages.rb
5	0	db/migrate/20150527131251_remove_recipient_id_from_messages.rb
17	1	db/schema.rb
30	0	features/claim_messages.feature
43	0	features/step_definitions/claim_messages_steps.rb
43	0	spec/controllers/messages_controller_spec.rb
11	0	spec/factories/messages.rb
1	0	spec/models/claim_spec.rb
21	0	spec/models/message_spec.rb
1	0	spec/models/user_spec.rb