--04522a9dc--2015-05-14--Todd Tyree
--964148517--2015-05-13--Himal Mandalia
0	2	app/models/claims/state_machine.rb
0	12	spec/models/claims/state_machine_spec.rb

--ce6ac98c7--2015-05-13--Todd Tyree
--57c0ea64b--2015-05-13--Todd Tyree
1	0	features/step_definitions/claim_allocation_steps.rb

--921b2c149--2015-05-13--Todd Tyree
--545eeebf7--2015-05-13--Todd Tyree
--0f80cb5f9--2015-05-13--Joel Sugarman
--e2918aaea--2015-05-13--Mark Ford
2	2	app/assets/stylesheets/advocates/application.css.scss

--a8041e340--2015-05-13--Himal Mandalia
2	1	app/controllers/advocates/claims_controller.rb
1	0	app/models/claims/state_machine.rb
7	3	app/views/advocates/claims/index.html.haml
8	2	features/advocate_claims_list.feature
4	11	features/step_definitions/advocate_claims_list_steps.rb
12	4	spec/controllers/advocates/claims_controller_spec.rb
5	0	spec/factories/claims.rb
12	0	spec/models/claims/state_machine_spec.rb

--ad2885d70--2015-05-13--Mark Ford
15	11	app/views/case_workers/claims/_claims_sidebar.html.haml
0	17	app/views/layouts/_header.html.haml
2	5	app/views/layouts/_sidebar.html.haml
19	17	app/views/layouts/advocate.html.haml
19	10	app/views/layouts/application.html.haml
18	4	app/views/layouts/case_worker.html.haml

--3ee78b340--2015-05-13--Mark Ford
12	4	app/assets/stylesheets/advocates/application.css.scss
14	0	app/assets/stylesheets/application.css.scss
2	72	app/assets/stylesheets/case_workers/application.css.scss
11	0	app/assets/stylesheets/imports.scss
62	3	app/assets/stylesheets/layout.scss

--23705a6b6--2015-05-13--Todd Tyree
1	1	app/models/claims/state_machine.rb
5	0	spec/models/claims/state_machine_spec.rb

--9bf6372b2--2015-05-13--Mark Ford
12	0	app/views/case_workers/claims/_claims_sidebar.html.haml
1	6	app/views/case_workers/claims/index.html.haml
1	0	app/views/case_workers/claims/show.html.haml
5	0	app/views/layouts/_sidebar.html.haml
1	13	app/views/layouts/case_worker.html.haml

--500854198--2015-05-13--Mark Ford
0	34	app/views/case_workers/admin/case_workers/Find Results

--4c1ab1ed8--2015-05-13--Todd Tyree
--eab9d636d--2015-05-13--Todd Tyree
9	3	README.md

--9e3e57387--2015-05-13--Mark Ford
--98c4af87f--2015-05-13--Mark Ford
10	1	app/assets/stylesheets/case_workers/application.css.scss
5	6	app/views/layouts/_user.html.haml
2	2	app/views/layouts/application_case_worker.html.haml

--37c295653--2015-05-13--Himal Mandalia
1	1	app/controllers/advocates/admin/advocates_controller.rb
2	1	spec/controllers/advocates/admin/advocates_controller_spec.rb

--9f75b6d76--2015-05-13--Mark Ford
21	6	app/assets/stylesheets/case_workers/application.css.scss

--b30cf20aa--2015-05-13--Himal Mandalia
--7d414eee1--2015-05-13--jsugarman
2	2	app/assets/javascripts/advocates/claims/new_claim.js

--c05a587ac--2015-05-13--Todd Tyree
--fced13f43--2015-05-13--Stephen Strudwick
--1c1e5aa56--2015-05-13--Mark Ford
9	9	app/assets/stylesheets/claims-list.scss

--a917c00e2--2015-05-13--Mark Ford
4	0	app/assets/stylesheets/advocates/application.css.scss
0	11	app/assets/stylesheets/application.css.scss
58	0	app/assets/stylesheets/case_workers/application.css.scss
1	20	app/assets/stylesheets/layout.scss
1	0	app/views/layouts/_header.html.haml
2	2	app/views/layouts/application.html.haml
9	3	app/views/layouts/application_advocate.html.haml
14	14	app/views/layouts/application_case_worker.html.haml

--98d56d259--2015-05-13--Todd Tyree
2	0	app/models/advocate.rb
2	0	app/models/case_worker.rb
11	0	app/models/claim.rb
2	0	app/models/fee.rb

--5e131ed81--2015-05-12--jsugarman
3	1	app/controllers/advocates/application_controller.rb
0	2	app/controllers/advocates/claims_controller.rb
2	0	app/controllers/case_workers/application_controller.rb
0	1	app/controllers/case_workers/claims_controller.rb
0	0	app/views/layouts/{application_advocate.html.haml => advocate.html.haml}
0	0	app/views/layouts/{application_case_worker.html.haml => case_worker.html.haml}

--3b402b9d0--2015-05-12--Mark Ford
--272c4a1fd--2015-05-12--Mark Ford
1	0	app/assets/stylesheets/layout.scss
1	2	app/views/layouts/application.html.haml

--d302d8a1d--2015-05-11--jsugarman
3	0	app/controllers/advocates/claims_controller.rb
1	0	app/controllers/case_workers/claims_controller.rb
4	0	app/views/layouts/_footer.html.haml
16	0	app/views/layouts/_header.html.haml
5	23	app/views/layouts/application.html.haml
37	0	app/views/layouts/application_advocate.html.haml
36	0	app/views/layouts/application_case_worker.html.haml

--786083ccf--2015-05-11--Mark Ford
15	9	app/assets/stylesheets/layout.scss

--f454d0d32--2015-05-11--Mark Ford
20	18	app/views/layouts/application.html.haml

--adcd6c13c--2015-05-11--Mark Ford
5	0	app/assets/stylesheets/application.css.scss
2	0	app/assets/stylesheets/fonts.scss
12	0	app/assets/stylesheets/typography.scss

--499b8def1--2015-05-11--Mark Ford
1	2	Gemfile
7	8	Gemfile.lock
2	11	app/assets/stylesheets/application.css.scss
17	17	app/assets/stylesheets/claim-accordian.scss
7	7	app/assets/stylesheets/claims-list.scss
2	7	app/assets/stylesheets/layout.scss
2	2	app/assets/stylesheets/list-controls.scss
7	7	app/assets/stylesheets/navigation.scss
34	0	app/views/case_workers/admin/case_workers/Find Results
48	14	app/views/layouts/application.html.haml

--7b3587e55--2015-05-07--Mark Ford
0	3	Gemfile
0	11	Gemfile.lock
9	18	app/views/layouts/application.html.haml