--c8c9ef9c3--2015-05-11--Himal Mandalia
--0cd66cc0d--2015-05-11--Joel Sugarman
--826b0a98b--2015-05-11--Himal Mandalia
0	1	Gemfile
0	3	Gemfile.lock
5	2	app/assets/javascripts/application.js
1	1	app/views/advocates/claims/_form.html.haml

--2878b4305--2015-05-06--jsugarman
22	0	app/assets/javascripts/advocates/claims/new.js
1	1	app/assets/stylesheets/claims.css.scss
1	0	app/controllers/advocates/claims_controller.rb
2	0	app/models/claim.rb
20	0	app/views/advocates/claims/_dynamic_offence_fields.html.haml
1	4	app/views/advocates/claims/_form.html.haml
7	0	features/advocate_claims.feature
14	0	features/step_definitions/advocate_claims_steps.rb

--22e06ea28--2015-05-08--Todd Tyree
--ef82df48b--2015-05-07--Stephen Strudwick
1	1	app/views/advocates/claims/_defendant_fields.html.haml
1	1	app/views/case_workers/claims/_claim.html.haml
1	0	config/locales/en.yml

--6a79e6d7a--2015-05-07--Todd Tyree
--19176e9b7--2015-05-07--Todd Tyree
3	4	spec/factories/claims.rb

--73e3c75a9--2015-05-07--Todd Tyree
11	3	lib/tasks/claims.rake

--50004b102--2015-05-07--Todd Tyree
1	1	spec/controllers/case_workers/claims_controller_spec.rb

--9f40cd560--2015-05-06--Todd Tyree
--fb950ee38--2015-05-06--Benedetto Lo Giudice
3	2	docker/rails/run.sh

--a4a063e3d--2015-05-06--Todd Tyree
1	1	docker/rails/Dockerfile

--b58f7d83a--2015-05-06--Todd Tyree
--6ec16b294--2015-05-05--Ash Berlin
4	1	docker/rails/Dockerfile

--8721695ee--2015-05-05--Lukasz Raczylo
3	1	docker/rails/Dockerfile