--bf05bb503--2015-05-01--Edward Andress
--83d901fe2--2015-05-01--Himal Mandalia
--49304e634--2015-05-01--Himal Mandalia
54	0	app/controllers/advocates/admin/advocates_controller.rb
11	0	app/controllers/advocates/admin/application_controller.rb
6	1	app/controllers/application_controller.rb
4	6	app/models/advocate.rb
2	21	app/models/case_worker.rb
13	0	app/models/concerns/authenticatable.rb
21	0	app/models/concerns/user_roles.rb
34	0	app/views/advocates/admin/advocates/_form.html.haml
5	0	app/views/advocates/admin/advocates/edit.html.haml
14	0	app/views/advocates/admin/advocates/index.html.haml
3	0	app/views/advocates/admin/advocates/new.html.haml
4	0	app/views/advocates/admin/advocates/show.html.haml
1	1	app/views/case_workers/admin/case_workers/index.html.haml
7	1	config/routes.rb
3	0	db/migrate/20150424132253_create_advocates.rb
2	0	db/schema.rb
13	1	db/seeds/advocates.rb
2	2	db/seeds/case_workers.rb
7	1	features/sign_in.feature
5	1	features/step_definitions/sign_in_steps.rb
149	0	spec/controllers/advocates/admin/advocates_controller_spec.rb
12	3	spec/controllers/application_controller_spec.rb
6	0	spec/factories/advocates.rb
94	0	spec/models/advocate_spec.rb
2	2	spec/models/case_worker_spec.rb

--b6b190b03--2015-04-30--Lukasz Raczylo
1	1	runtests.sh

--27e70c468--2015-04-30--Eddie Andress
--243cda5b1--2015-04-30--Edward Andress
--88db9a4cf--2015-04-30--Eddie Andress
-	-	features/examples/000/000/012/shorter_lorem.docx
-	-	features/examples/000/000/013/shorter_lorem.docx
-	-	features/examples/000/000/014/shorter_lorem.docx
1	1	spec/factories/chambers.rb

--d7c4fd24a--2015-04-30--Eddie Andress
3	3	spec/controllers/advocates/claims_controller_spec.rb
1	1	spec/factories/advocates.rb
1	1	spec/models/claim_spec.rb

--54e1a5ab2--2015-04-30--Himal Mandalia
1	0	app/controllers/advocates/claims_controller.rb
1	0	app/controllers/api/advocates/claims_controller.rb
2	0	app/models/claim.rb
5	0	app/models/scheme.rb
4	0	app/views/advocates/claims/_form.html.haml
1	0	db/migrate/20150325142122_create_claims.rb
10	0	db/migrate/20150430115328_create_schemes.rb
11	1	db/schema.rb
1	0	db/seeds.rb
2	2	db/seeds/advocates.rb
2	0	db/seeds/schemes.rb
5	0	spec/factories/schemes.rb
1	0	spec/models/claim_spec.rb
8	0	spec/models/scheme_spec.rb

--a662a3164--2015-04-29--Eddie Andress
3	3	spec/controllers/advocates/claims_controller_spec.rb
1	1	spec/models/claim_spec.rb

--9662a4303--2015-04-29--Eddie Andress
5	1	lib/tasks/claims.rake
1	1	spec/factories/advocates.rb
1	1	spec/rails_helper.rb

--58283102f--2015-04-29--Eddie Andress
1	0	db/seeds.rb
2	0	db/seeds/chambers.rb
5	0	lib/tasks/claims.rake
0	14	spec/factories/claims.rb
1	3	spec/rails_helper.rb

--df6bae1b6--2015-04-29--Eddie Andress
--62119ebac--2015-04-29--Eddie Andress
2	2	app/models/document.rb
7	7	spec/factories/claims.rb

--d25216d7c--2015-04-28--Eddie Andress
2	2	app/models/document.rb
6	1	spec/factories/claims.rb

--9fe2b33c7--2015-04-28--Eddie Andress
--f89932832--2015-04-27--Eddie Andress
1	0	.gitignore

--bcfd2a02d--2015-04-27--Eddie Andress
-	-	features/examples/000/000/001/shorter_lorem.docx
-	-	features/examples/000/000/002/shorter_lorem.docx
-	-	features/examples/000/000/003/shorter_lorem.docx
-	-	features/examples/000/000/004/shorter_lorem.docx
-	-	features/examples/000/000/005/shorter_lorem.docx
-	-	features/examples/000/000/006/shorter_lorem.docx
-	-	features/examples/000/000/007/shorter_lorem.docx
-	-	features/examples/000/000/008/shorter_lorem.docx
-	-	features/examples/000/000/009/shorter_lorem.docx
-	-	features/examples/000/000/010/shorter_lorem.docx
-	-	features/examples/000/000/011/shorter_lorem.docx

--0fb268ece--2015-04-27--Eddie Andress
4	5	app/models/document.rb
2	1	config/environments/development.rb
2	1	config/environments/test.rb
-	-	documents/000/000/001/shorter_lorem.docx
-	-	documents/000/000/002/shorter_lorem.docx
-	-	documents/000/000/003/shorter_lorem.docx
-	-	documents/000/000/004/shorter_lorem.docx
-	-	documents/000/000/005/shorter_lorem.docx
-	-	documents/000/000/006/shorter_lorem.docx
-	-	documents/000/000/007/shorter_lorem.docx
-	-	documents/000/000/008/shorter_lorem.docx
-	-	features/examples/000/000/001/shorter_lorem.docx
-	-	features/examples/000/000/002/shorter_lorem.docx
-	-	features/examples/000/000/003/shorter_lorem.docx
-	-	features/examples/000/000/004/shorter_lorem.docx
-	-	features/examples/000/000/005/shorter_lorem.docx
-	-	features/examples/000/000/006/shorter_lorem.docx
-	-	features/examples/000/000/007/shorter_lorem.docx
-	-	features/examples/000/000/008/shorter_lorem.docx
-	-	features/examples/000/000/009/shorter_lorem.docx
-	-	features/examples/000/000/010/shorter_lorem.docx
-	-	features/examples/000/000/011/shorter_lorem.docx
5	0	lib/tasks/claims.rake
10	0	spec/factories/claims.rb