--df6bae1b6--2015-04-29--Eddie Andress
--07a6db98e--2015-04-29--Edward Andress
--90ec751e9--2015-04-29--Himal Mandalia
0	2	app/controllers/advocates/claims_controller.rb
0	2	app/controllers/api/advocates/claims_controller.rb
0	8	app/views/advocates/claims/_form.html.haml
0	2	db/migrate/20150325142122_create_claims.rb
3	5	db/schema.rb
1	2	spec/controllers/advocates/claims_controller_spec.rb
0	1	spec/factories/claims.rb
1	1	spec/factories/defendants.rb

--62119ebac--2015-04-29--Eddie Andress
2	2	app/models/document.rb
7	7	spec/factories/claims.rb

--d25216d7c--2015-04-28--Eddie Andress
2	2	app/models/document.rb
6	1	spec/factories/claims.rb

--9fe2b33c7--2015-04-28--Eddie Andress
--f89932832--2015-04-27--Eddie Andress
1	0	.gitignore

--bcfd2a02d--2015-04-27--Eddie Andress
-	-	features/examples/000/000/001/shorter_lorem.docx
-	-	features/examples/000/000/002/shorter_lorem.docx
-	-	features/examples/000/000/003/shorter_lorem.docx
-	-	features/examples/000/000/004/shorter_lorem.docx
-	-	features/examples/000/000/005/shorter_lorem.docx
-	-	features/examples/000/000/006/shorter_lorem.docx
-	-	features/examples/000/000/007/shorter_lorem.docx
-	-	features/examples/000/000/008/shorter_lorem.docx
-	-	features/examples/000/000/009/shorter_lorem.docx
-	-	features/examples/000/000/010/shorter_lorem.docx
-	-	features/examples/000/000/011/shorter_lorem.docx

--0fb268ece--2015-04-27--Eddie Andress
4	5	app/models/document.rb
2	1	config/environments/development.rb
2	1	config/environments/test.rb
-	-	documents/000/000/001/shorter_lorem.docx
-	-	documents/000/000/002/shorter_lorem.docx
-	-	documents/000/000/003/shorter_lorem.docx
-	-	documents/000/000/004/shorter_lorem.docx
-	-	documents/000/000/005/shorter_lorem.docx
-	-	documents/000/000/006/shorter_lorem.docx
-	-	documents/000/000/007/shorter_lorem.docx
-	-	documents/000/000/008/shorter_lorem.docx
-	-	features/examples/000/000/001/shorter_lorem.docx
-	-	features/examples/000/000/002/shorter_lorem.docx
-	-	features/examples/000/000/003/shorter_lorem.docx
-	-	features/examples/000/000/004/shorter_lorem.docx
-	-	features/examples/000/000/005/shorter_lorem.docx
-	-	features/examples/000/000/006/shorter_lorem.docx
-	-	features/examples/000/000/007/shorter_lorem.docx
-	-	features/examples/000/000/008/shorter_lorem.docx
-	-	features/examples/000/000/009/shorter_lorem.docx
-	-	features/examples/000/000/010/shorter_lorem.docx
-	-	features/examples/000/000/011/shorter_lorem.docx
5	0	lib/tasks/claims.rake
10	0	spec/factories/claims.rb