--c67969f59--2015-04-17--Todd Tyree
--aa688ccdb--2015-04-17--Himal Mandalia
5	0	app/views/case_workers/claims/_claim.html.haml

--37e6ec451--2015-04-16--Todd Tyree
1	1	Gemfile
4	13	Gemfile.lock
5	4	app/models/document.rb
2	0	spec/factories/documents.rb
21	5	spec/models/document_spec.rb
1	0	spec/rails_helper.rb

--73f2313e6--2015-04-16--Todd Tyree
13	4	app/models/document.rb
1	1	features/step_definitions/document_steps.rb
0	1	spec/factories/documents.rb
13	1	spec/models/document_spec.rb
7	1	spec/rails_helper.rb

--6fb22154f--2015-04-16--Todd Tyree
1	1	features/documents.feature
2	1	features/step_definitions/document_steps.rb
2	0	spec/models/document_spec.rb

--586109109--2015-04-16--Todd Tyree
9	0	db/migrate/20150416144357_alter_documents_add_paperclip_attachement.rb
6	2	db/schema.rb

--6bcd02e07--2015-04-16--Todd Tyree
4	2	config/aws.yml

--2bed5557b--2015-04-16--Himal Mandalia
--f7c7a4159--2015-04-16--Todd Tyree
1	0	features/support/file_upload.rb

--6b746b2c3--2015-04-16--Todd Tyree
1	1	Gemfile

--efaad5377--2015-04-16--Todd Tyree
1	1	Gemfile
2	2	Gemfile.lock

--c941f3521--2015-04-16--Eddie Andress
--7d1be9ca5--2015-04-16--Eddie Andress
2	0	spec/rails_helper.rb

--c9318aa7b--2015-04-16--Todd Tyree
0	1	Guardfile

--bc7f24bf7--2015-04-16--Todd Tyree
2	2	Gemfile
9	4	Gemfile.lock
1	1	spec/models/document_spec.rb
2	0	spec/rails_helper.rb

--c7959313c--2015-04-16--Edward Andress
--fd7d68c84--2015-04-16--Edward Andress
--50ff6e069--2015-04-16--Himal Mandalia
1	1	spec/factories/chambers.rb
1	1	spec/factories/courts.rb
1	1	spec/factories/fee_types.rb
1	1	spec/factories/fees.rb

--2d3b9ae2a--2015-04-16--Himal Mandalia
1	1	app/views/admin/users/allocate.html.haml

--4993bdbf3--2015-04-16--Himal Mandalia
--dd500ccf0--2015-04-16--Himal Mandalia
11	2	app/controllers/admin/users_controller.rb
15	0	app/views/admin/users/allocate.html.haml
3	0	app/views/admin/users/index.html.haml
2	2	app/views/advocates/claims/_defendant_fields.html.haml
1	1	app/views/case_workers/claims/index.html.haml
3	1	config/routes.rb
12	0	features/claim_allocation.feature
37	0	features/step_definitions/claim_allocation_steps.rb
42	0	spec/controllers/admin/users_controller_spec.rb

--d1e4e69c7--2015-04-16--Eddie Andress
2	1	app/controllers/api/advocates/claims_controller.rb

--3c65225fe--2015-04-16--Todd Tyree
2	2	Gemfile
12	105	Gemfile.lock
2	1	app/models/document.rb
0	20	config/initializers/carrierwave.rb
1	2	spec/factories/documents.rb
4	4	spec/models/document_spec.rb

--9a5455569--2015-04-16--Todd Tyree
1	1	Guardfile

--d608ba562--2015-04-16--Eddie Andress
--d1f180f04--2015-04-16--Edward Andress
--c2ffbf7b4--2015-04-15--Himal Mandalia
1	0	features/step_definitions/advocate_claims_steps.rb

--c45f4cee5--2015-04-15--Eddie Andress
1	1	app/controllers/api/advocates/claims_controller.rb
2	2	spec/controllers/api/advocates/claims_controller_spec.rb

--0d2713311--2015-04-15--Eddie Andress
1	1	app/controllers/api/advocates/claims_controller.rb
7	1	spec/controllers/api/advocates/claims_controller_spec.rb

--cda14f26d--2015-04-15--Himal Mandalia
1	1	app/controllers/advocates/claims_controller.rb
4	0	app/controllers/case_workers/claims_controller.rb
6	0	app/models/claim.rb
3	0	app/models/defendant.rb
2	2	app/views/advocates/claims/_defendant_fields.html.haml
9	1	app/views/case_workers/claims/index.html.haml
1	1	db/migrate/20150326145555_create_defendants.rb
1	1	db/schema.rb
5	0	features/caseworker_claims_list.feature
12	0	features/step_definitions/caseworker_claims_list_steps.rb
1	1	spec/factories/defendants.rb
28	0	spec/models/claim_spec.rb
2	0	spec/models/defendant_spec.rb

--c8c6b254a--2015-04-15--Eddie Andress
0	1	app/views/api/advocates/claims/edit.jbuilder
0	1	app/views/api/advocates/claims/index.jbuilder
0	1	app/views/api/advocates/claims/show.jbuilder

--920d1b33c--2015-04-15--Eddie Andress
19	14	app/controllers/api/advocates/claims_controller.rb
1	1	app/controllers/case_workers/application_controller.rb
2	101	spec/controllers/api/advocates/claims_controller_spec.rb

--4a59585bc--2015-04-15--Himal Mandalia
5	2	app/views/case_workers/claims/index.html.haml

--0581ffb5d--2015-04-15--Himal Mandalia
12	1	app/controllers/case_workers/claims_controller.rb
1	1	app/views/case_workers/claims/index.html.haml

--4ff2a0d60--2015-04-15--Himal Mandalia
10	7	app/views/case_workers/claims/index.html.haml

--740f5a153--2015-04-15--Himal Mandalia
4	0	features/caseworker_claims_list.feature
4	0	features/step_definitions/caseworker_claims_list_steps.rb

--a6768089b--2015-04-15--Himal Mandalia
5	0	app/views/case_workers/claims/_claim.html.haml
1	5	app/views/case_workers/claims/index.html.haml

--572d0e473--2015-04-15--Himal Mandalia
9	1	app/controllers/case_workers/claims_controller.rb
26	8	app/views/case_workers/claims/index.html.haml
26	0	features/caseworker_claims_list.feature
71	0	features/step_definitions/caseworker_claims_list_steps.rb
1	1	spec/controllers/case_workers/claims_controller_spec.rb

--31d3fb627--2015-04-14--Eddie Andress
--d4c5d75c5--2015-04-14--Eddie Andress
1	0	app/controllers/api/advocates/claims_controller.rb
3	0	spec/controllers/api/advocates/claims_controller_spec.rb

--18dd51ab1--2015-04-14--Eddie Andress
1	1	app/controllers/api/advocates/claims_controller.rb

--1cd6acabd--2015-04-14--Eddie Andress
3	3	app/controllers/api/advocates/claims_controller.rb
7	5	spec/controllers/api/advocates/claims_controller_spec.rb

--78ef9145c--2015-04-14--Eddie Andress
15	0	app/controllers/api/advocates/claims_controller.rb
32	15	spec/controllers/api/advocates/claims_controller_spec.rb
5	0	spec/factories/claims.rb

--87eb5cc21--2015-04-14--Edward Andress
--832b44e72--2015-04-14--Eddie Andress
9	0	app/controllers/api/advocates/claims_controller.rb
27	14	spec/controllers/api/advocates/claims_controller_spec.rb

--faa2c690c--2015-04-14--Himal Mandalia
1	1	spec/models/claims/state_machine_spec.rb

--b2c788bf7--2015-04-14--Himal Mandalia
4	3	spec/models/claims/state_machine_spec.rb

--71c6c4259--2015-04-14--Himal Mandalia
2	2	app/models/claims/state_machine.rb
8	0	spec/models/claims/state_machine_spec.rb

--a2ce9041e--2015-04-14--Himal Mandalia
1	1	spec/factories/expense_types.rb

--74d37bc75--2015-04-14--Eddie Andress
22	8	spec/controllers/api/advocates/claims_controller_spec.rb

--c3de02a79--2015-04-14--Eddie Andress
38	9	spec/controllers/api/advocates/claims_controller_spec.rb

--e4cb1205a--2015-04-14--Eddie Andress
5	26	spec/controllers/api/advocates/claims_controller_spec.rb

--5663e6485--2015-04-14--Eddie Andress
1	0	app/views/api/advocates/claims/edit.jbuilder
12	0	spec/controllers/api/advocates/claims_controller_spec.rb

--10c9029b9--2015-04-14--Eddie Andress
15	0	spec/controllers/api/advocates/claims_controller_spec.rb

--badc7ccf0--2015-04-14--Himal Mandalia
24	0	app/models/claim.rb
10	0	app/models/claim_fee.rb
10	0	app/models/expense.rb
4	0	db/migrate/20150325142122_create_claims.rb
3	0	db/schema.rb
3	0	spec/factories/claim_fees.rb
0	3	spec/factories/fees.rb
111	0	spec/models/claim_spec.rb

--0b1a8360c--2015-04-13--Eddie Andress
12	1	spec/controllers/api/advocates/claims_controller_spec.rb

--a64466edb--2015-04-13--Eddie Andress
1	0	app/views/api/advocates/claims/show.jbuilder
12	1	spec/controllers/api/advocates/claims_controller_spec.rb

--13742a9db--2015-04-13--Eddie Andress
--80b1df712--2015-04-13--Eddie Andress
1	1	app/controllers/advocates/claims_controller.rb
7	0	app/controllers/api/advocates/claims_controller.rb
0	0	app/views/{ => api}/advocates/claims/index.jbuilder
0	0	app/views/case_workers/claims/index.json
6	0	config/routes.rb
1	1	spec/controllers/{advocates/claims_controller_api_spec.rb => api/advocates/claims_controller_spec.rb}

--caebd3d3b--2015-04-13--Himal Mandalia
1	0	app/controllers/advocates/claims_controller.rb
1	0	app/models/claim.rb
4	0	app/views/advocates/claims/_form.html.haml
1	0	db/migrate/20150325142122_create_claims.rb
1	0	db/schema.rb
1	0	features/step_definitions/advocate_claims_steps.rb
3	3	spec/controllers/advocates/claims_controller_spec.rb
1	0	spec/factories/claims.rb
1	0	spec/models/claim_spec.rb

--f5bf78254--2015-04-13--Himal Mandalia
2	2	app/controllers/case_workers/claims_controller.rb
1	1	app/models/case_worker_claim.rb
1	1	app/models/claim.rb
1	1	app/models/user.rb
19	3	spec/controllers/case_workers/claims_controller_spec.rb
5	0	spec/factories/claims.rb

--1dc06b796--2015-04-13--Edward Andress
--f99195390--2015-04-13--Himal Mandalia
0	1	features/step_definitions/advocate_claims_steps.rb

--1da2102f4--2015-04-13--Eddie Andress
1	1	app/controllers/advocates/claims_controller.rb
1	1	app/controllers/case_workers/application_controller.rb
1	0	app/views/advocates/claims/index.jbuilder
0	0	app/views/case_workers/claims/index.json
41	0	spec/controllers/advocates/claims_controller_api_spec.rb

--db761b6e1--2015-04-13--Himal Mandalia
8	0	app/models/claims/state_machine.rb
1	0	db/migrate/20150325142122_create_claims.rb
1	0	db/schema.rb
1	0	features/step_definitions/advocate_claims_steps.rb
13	2	spec/controllers/advocates/claims_controller_spec.rb
6	1	spec/models/claims/state_machine_spec.rb

--236272cac--2015-04-10--Himal Mandalia
6	0	features/sign_in.feature
2	0	features/step_definitions/sign_in_steps.rb

--9351ae4a2--2015-04-10--Himal Mandalia
2	0	config/routes.rb

--0af461701--2015-04-10--Edward Andress
--242293310--2015-04-10--Himal Mandalia
1	1	app/models/user.rb

--d6bc3bed2--2015-04-10--Himal Mandalia
1	1	db/seeds/admins.rb

--8c3469704--2015-04-10--Himal Mandalia
11	1	app/controllers/admin/application_controller.rb
2	0	app/controllers/application_controller.rb
2	1	app/models/user.rb
1	0	db/seeds.rb
5	0	db/seeds/admins.rb
48	14	spec/controllers/admin/users_controller_spec.rb
4	0	spec/factories/users.rb
79	2	spec/models/user_spec.rb

--1fc9eeb38--2015-04-10--Todd Tyree
2	2	db/seeds/advocates.rb
1	1	db/seeds/case_workers.rb
2	2	db/seeds/courts.rb

--558cd7a24--2015-04-10--Himal Mandalia
11	1	app/views/admin/users/_form.html.haml
6	1	app/views/admin/users/index.html.haml

--0479726ae--2015-04-10--Himal Mandalia
1	0	app/controllers/admin/application_controller.rb
53	0	app/controllers/admin/users_controller.rb
14	0	app/views/admin/users/_form.html.haml
5	0	app/views/admin/users/edit.html.haml
9	0	app/views/admin/users/index.html.haml
3	0	app/views/admin/users/new.html.haml
1	0	app/views/admin/users/show.html.haml
4	0	config/routes.rb
115	0	spec/controllers/admin/users_controller_spec.rb