--7ed7da7b4--2016-05-04--Stephen Richards
--36a6f7745--2016-05-04--Joel Sugarman
--63d6e0384--2016-05-04--Stephen Richards
14	2	app/models/claim/base_claim.rb
35	0	spec/models/claims/state_machine_spec.rb

--00f6c07f6--2016-05-04--Jesus Laiz
1	1	app/views/shared/_claim.html.haml
1	1	features/allocation.feature
1	1	features/authorise_claim.feature
2	5	features/claims/advocate/advocate_admin_trial_claim_edit_submit.feature
2	5	features/claims/advocate/advocate_claim_draft_edit_submit.feature
2	5	features/claims/advocate/advocate_contempt_claim_edit_submit.feature
23	17	features/claims/litigator/{litigator_contempt_claim_submit.feature => interim_trial_claim_draft_submit.feature}
10	10	features/claims/litigator/litigator_contempt_claim_draft_submit.feature
1	1	features/messaging.feature
5	66	features/page_objects/claim_form_page.rb
9	0	features/page_objects/fee_scheme_selector_page.rb
18	0	features/page_objects/interim_claim_form_page.rb
2	17	features/page_objects/litigator_claim_form_page.rb
6	0	features/page_objects/sections/common_date_section.rb
16	0	features/page_objects/sections/disbursement_section.rb
14	0	features/page_objects/sections/expense_section.rb
15	0	features/page_objects/sections/fee_dates_section.rb
5	0	features/page_objects/sections/fee_section.rb
14	0	features/page_objects/sections/interim_fee_section.rb
19	0	features/page_objects/sections/typed_fee_section.rb
2	24	features/step_definitions/{advocate_new_claim_steps.rb => advocate_claim_steps.rb}
23	0	features/step_definitions/common_steps.rb
10	6	features/step_definitions/{litigator_new_claim_steps.rb => litigator_claim_steps.rb}
11	20	features/support/env.rb
36	0	features/support/hooks.rb
0	17	features/support/site_prism_helper.rb

--abedc15aa--2016-05-04--Himal Mandalia
--afa9ad517--2016-05-04--Stephen Richards
1	1	spec/controllers/case_workers/admin/allocations_controller_spec.rb

--98d64646f--2016-05-04--Stephen Richards
8	0	app/models/claim/transfer_claim.rb
4	0	app/models/fee/base_fee.rb
43	0	app/models/fee/transfer_fee.rb
27	0	app/models/fee/transfer_fee_type.rb
1	0	lib/assets/data/fee_types.csv
6	3	lib/tasks/migrate.rake
1	1	spec/controllers/case_workers/admin/allocations_controller_spec.rb
28	0	spec/models/claim/transfer_claim_spec.rb
13	0	spec/models/fee/transfer_fee_spec.rb

--88facf10e--2016-05-04--Joel Sugarman
16	16	app/validators/claim/base_claim_validator.rb
3	3	app/validators/representation_order_validator.rb
158	58	config/locales/error_messages.en.yml
0	2	spec/factories/claim/transfer_claims.rb
1	1	spec/validators/claim/base_claim_sub_model_validator_spec.rb
67	71	spec/validators/claim/base_claim_validator_spec.rb
5	3	spec/validators/claim/transfer_claim_validator_spec.rb
3	3	spec/validators/representation_order_date_validator_spec.rb
21	6	spec/validators/validation_helpers.rb

--7c81ba114--2016-05-03--Himal Mandalia
--7df1869be--2016-05-03--Stephen Richards
4	1	app/presenters/claim/advocate_claim_presenter.rb
1	1	app/presenters/claim/litigator_claim_presenter.rb