--d311b97c2--2016-05-03--Himal Mandalia
--7c968d8ca--2016-05-03--Himal Mandalia
--5540e4e21--2016-05-03--Jesus Laiz
1	1	app/views/external_users/claims/case_details/_fields.html.haml
1	1	app/views/external_users/claims/misc_fees/litigators/_misc_fee_fields.html.haml
0	0	features/{ => claims/advocate}/advocate_admin_trial_claim_edit_submit.feature
0	0	features/{ => claims/advocate}/advocate_claim_draft_edit_submit.feature
0	0	features/{ => claims/advocate}/advocate_contempt_claim_edit_submit.feature
55	0	features/claims/litigator/litigator_contempt_claim_draft_submit.feature
48	0	features/claims/litigator/litigator_contempt_claim_submit.feature
1	0	features/page_objects/claim_form_page.rb
46	0	features/page_objects/litigator_claim_form_page.rb
7	11	features/step_definitions/advocate_new_claim_steps.rb
47	0	features/step_definitions/litigator_new_claim_steps.rb
1	0	features/support/site_prism_helper.rb

--084a0af6d--2016-05-03--Stephen Richards
1	1	app/views/shared/_search_form.html.haml
1	1	config/locales/en.yml

--079b0b57e--2016-05-03--Joel Sugarman
--cd1812b9b--2016-05-03--Himal Mandalia
--fe07eef29--2016-05-03--Himal Mandalia
1	1	app/controllers/case_workers/application_controller.rb
1	1	app/controllers/external_users/application_controller.rb
1	1	app/controllers/super_admins/application_controller.rb
3	2	config/locales/en.yml
1	1	old_features/step_definitions/claim_steps.rb

--954a5b715--2016-05-03--Stephen Richards
4	0	app/presenters/claim/interim_claim_presenter.rb
4	0	app/presenters/claim/litigator_claim_presenter.rb
4	0	app/presenters/claim/transfer_claim_presenter.rb
0	0	app/views/external_users/claims/{_claims.html.haml => _agfs_claims.html.haml}
69	0	app/views/external_users/claims/_lgfs_claims.html.haml
1	1	app/views/external_users/claims/archived.html.haml
1	1	app/views/external_users/claims/authorised.html.haml
3	1	app/views/external_users/claims/index.html.haml
1	1	app/views/external_users/claims/outstanding.html.haml
21	1	config/locales/en.yml

--cd518caf4--2016-05-03--Chris Hanes
2	1	app/views/shared/_evidence_list.html.haml
2	2	app/views/shared/_summary.html.haml

--230824d3e--2016-05-03--Joel Sugarman
--18795a341--2016-05-03--Stephen Richards
--cf4383f27--2016-05-03--Himal Mandalia
2	3	runtests.sh

--211213565--2016-05-03--Himal Mandalia
--e45f16e50--2016-05-03--Himal Mandalia
11	1	app/controllers/heartbeat_controller.rb
14	4	spec/controllers/heartbeat_controller_spec.rb

--0803366ec--2016-05-03--Jesus Laiz
2	2	spec/controllers/external_users/claims_controller_spec.rb

--6ec53fb6a--2016-05-03--Jesus Laiz
1	1	app/views/external_users/claims/_claims.html.haml
1	0	config/locales/en.yml