--caa38b85e--2016-03-24--Fazal Khan
--be9264dad--2016-03-24--Jesus Laiz
4	0	app/models/expense_reason.rb
1	17	app/validators/expense_v2_validator.rb
1	1	app/views/external_users/claims/expenses/_expense_fields.html.haml
7	0	app/views/external_users/claims/expenses/_expense_reasons.js.haml
2	0	app/views/external_users/claims/expenses/_fields.html.haml
2	0	features/claim_evidence_checklist.feature
2	0	features/claim_messages.feature
2	0	features/unhappy_paths.feature
7	1	spec/models/expense_reason_spec.rb
0	12	spec/validators/expense_validator_spec.rb

--f250c4ca2--2016-03-23--Fazal Khan
--820fb9b5f--2016-03-23--Fazal Khan
0	3	app/assets/stylesheets/external-users-table.scss

--cabb4c147--2016-03-23--Fazal Khan
--16b95b912--2016-03-23--Fazal Khan
--f01abb41a--2016-03-22--Jesus Laiz
0	29	app/views/external_users/claims/expenses/_expense_fields_orig.html.haml
1	1	config/settings.yml

--dd4643a70--2016-03-22--Jesus Laiz
3	2	app/models/expense.rb
31	11	app/views/external_users/claims/expenses/_expense_fields.html.haml
7	2	db/migration_helpers/expense_type_migrator.rb
4	4	spec/migration_helpers/expense_migrator_spec.rb

--5ffa87f91--2016-03-22--Jesus Laiz
10	6	app/models/expense.rb
3	0	app/models/expense_type.rb
36	24	app/views/external_users/claims/expenses/_expense_fields.html.haml
29	0	app/views/external_users/claims/expenses/_expense_fields_orig.html.haml
1	1	config/settings.yml
18	0	spec/models/expense_type_spec.rb