--5073bf2e0--2016-03-22--Jesus Laiz
--46812d982--2016-03-22--Himal Mandalia
--18de8c879--2016-03-22--Stephen Richards
--2b8d3b58d--2016-03-22--Stephen Richards
1	0	features/step_definitions/claim_document_upload_steps.rb

--9aeb6d35a--2016-03-21--Stephen Richards
39	26	app/views/external_users/certifications/new.html.haml
7	6	db/seeds/certification_types.rb
6	0	lib/tasks/migrate.rake

--f13c5805d--2016-03-21--Stephen Richards
--28ed17e44--2016-03-21--Himal Mandalia
--8f37bc345--2016-03-21--Jesus Laiz
--49fdce86c--2016-03-18--Jesus Laiz
45	0	TODO_tests.txt
2	1	app/controllers/case_workers/claims_controller.rb
16	0	app/controllers/concerns/pagination_helpers.rb
9	8	app/controllers/external_users/claims_controller.rb
0	87	features/external_users/advocate_claims_list.feature
0	33	features/external_users/advocate_claims_list_sorting.feature
0	32	features/external_users/archive_claim.feature
12	9	spec/controllers/case_workers/claims_controller_spec.rb
210	35	spec/controllers/external_users/claims_controller_spec.rb
4	2	spec/models/claim/advocate_claim_spec.rb

--19055f9d5--2016-03-21--Jesus Laiz
--4bd67655a--2016-03-21--jsugarman
4	0	config/locales/error_messages.en.yml

--03a546523--2016-03-21--Fazal Khan
--b0a750655--2016-03-21--Stephen Richards
--b63142dea--2016-03-21--Himal Mandalia
--b8d969b08--2016-03-21--Joel Sugarman
--6629c276e--2016-03-21--jsugarman
1	0	config/routes.rb

--cb30244a5--2016-03-21--Himal Mandalia
3	0	.codeclimate.yml

--455e08dc2--2016-03-18--jsugarman
--496b040c4--2016-03-18--Stephen Richards
--134d9eaa8--2016-03-18--jsugarman
0	0	spec/controllers/external_users/advocates/{advocate_claims_controller_spec.rb => claims_controller_spec.rb}
0	230	spec/controllers/external_users/claims_controller_spec.rb
0	0	spec/controllers/external_users/litigators/{litigator_claims_controller_spec.rb => claims_controller_spec.rb}

--3530c407c--2016-03-18--jsugarman
1	7	app/controllers/external_users/advocates/claims_controller.rb
6	5	app/controllers/external_users/claims_controller.rb
0	1	app/controllers/external_users/litigators/claims_controller.rb
2	2	app/helpers/external_users/claims_helper.rb
4	4	features/step_definitions/advocate_new_claim_steps.rb
1	1	features/step_definitions/unhappy_paths_steps.rb
0	1	spec/controllers/external_users/claims_controller_spec.rb

--7f2415da9--2016-03-18--Stephen Richards
3	1	spec/models/disbursement_spec.rb

--e968527c1--2016-03-18--Stephen Richards
0	10	db/migrate/20160316164841_migrate_expense_types.rb
0	40	db/migrate/20160317110311_remove_old_expense_types.rb
6	1	db/migration_helpers/expense_type_migrator.rb
19	0	db/migration_helpers/new_expense_type_adder.rb
40	0	db/migration_helpers/old_expense_type_remover.rb
1	1	db/schema.rb
9	5	db/seeds/expense_types.rb
20	0	lib/tasks/migrate.rake

--4ae70f561--2016-03-18--Fazal Khan
--56f85bd08--2016-03-18--Fazal Khan
3	0	app/assets/stylesheets/moj/_typography.scss
10	9	app/views/case_workers/admin/case_workers/_form.html.haml
16	18	app/views/case_workers/admin/management_information/index.html.haml
5	0	app/views/case_workers/claims/_claims.html.haml
3	6	app/views/case_workers/claims/_claims_list.html.haml
0	4	app/views/case_workers/claims/_search_form.html.haml
5	5	app/views/external_users/admin/external_users/_form.html.haml
8	7	app/views/external_users/admin/providers/edit.html.haml
2	1	app/views/external_users/admin/providers/show.html.haml
1	1	app/views/external_users/claims/_claims.html.haml

--bcce9ffdb--2016-03-18--jsugarman
1	2	app/controllers/external_users/litigators/claims_controller.rb
4	0	app/helpers/application_helper.rb
5	2	app/helpers/external_users/claims_helper.rb
2	2	app/views/external_users/claims/_claims.html.haml
22	1	spec/helpers/application_helper_spec.rb

--40abd376e--2016-03-18--Stephen Richards
--47551dc0a--2016-03-18--Stephen Richards
6	1	app/models/expense.rb
0	3	app/models/expense_type.rb
32	5	app/validators/expense_v2_validator.rb
0	3	config/settings.yml
0	1	public/stats/management_information_2016_03_02_12_11_10.csv
1	1	spec/factories/expense_types.rb
5	0	spec/factories/expenses.rb
1	1	spec/migration_helpers/expense_migrator_spec.rb
9	9	spec/models/expense_spec.rb
129	15	spec/validators/expense_validator_spec.rb

--9b4290be2--2016-03-18--Jesus Laiz
1	1	spec/controllers/case_workers/claims_controller_spec.rb

--81a705979--2016-03-18--Jesus Laiz
--94b1f40ea--2016-03-18--jsugarman
11	0	app/controllers/external_users/advocates/claims_controller.rb
11	7	app/controllers/external_users/claims_controller.rb
15	1	app/controllers/external_users/litigators/claims_controller.rb
86	22	spec/controllers/external_users/advocates/advocate_claims_controller_spec.rb
1	1	spec/controllers/external_users/claim_types_controller_spec.rb
64	67	spec/controllers/external_users/claims_controller_spec.rb
109	39	spec/controllers/external_users/litigators/litigator_claims_controller_spec.rb
5	0	spec/factories/expense_types.rb
8	3	spec/factories/expenses.rb
1	1	spec/factories/offence_classes.rb

--295aa47d1--2016-03-17--Jesus Laiz
0	13	features/case_workers/caseworker_admin.feature
0	38	features/case_workers/caseworker_admin_claims_list.feature
0	25	features/case_workers/caseworker_claims_list.feature
0	31	features/case_workers/caseworker_claims_list_sorting.feature
0	22	features/case_workers/view_claim_evidence.feature
0	38	features/external_users/advocate_archived_claims_list.feature
0	31	features/external_users/advocate_claims_financial_summary.feature
0	36	features/external_users/advocate_claims_financial_summary_details.feature
1	1	features/external_users/advocate_claims_list.feature
1	1	features/external_users/advocate_claims_list_sorting.feature
0	19	features/external_users/advocate_edit_claim.feature
0	275	features/external_users/advocate_new_claim.feature
1	1	features/external_users/archive_claim.feature
0	22	features/external_users/view_claim_evidence.feature
61	24	spec/controllers/case_workers/admin/allocations_controller_spec.rb
9	2	spec/controllers/case_workers/admin/case_workers_controller_spec.rb
101	9	spec/controllers/case_workers/claims_controller_spec.rb
105	0	spec/controllers/external_users/claims_controller_spec.rb

--d3581e55b--2016-03-17--jsugarman
1	3	app/controllers/external_users/advocates/claims_controller.rb
7	6	app/controllers/external_users/{claim_type_controller.rb => claim_types_controller.rb}
0	28	app/controllers/external_users/claims_controller.rb
2	0	app/controllers/external_users/litigators/claims_controller.rb
0	0	app/views/external_users/{claims/claim_options.html.haml => claim_types/index.html.haml}
0	1	app/views/external_users/claims/_form.html.haml
1	1	app/views/external_users/claims/confirmation.html.haml
1	1	app/views/external_users/claims/index.html.haml
1	1	app/views/layouts/_primary_navigation.html.haml
2	16	config/routes.rb
1	1	features/step_definitions/litigator_new_claim_steps.rb
186	2	spec/controllers/external_users/advocates/advocate_claims_controller_spec.rb
0	19	spec/controllers/external_users/claim_type_controller_spec.rb
46	0	spec/controllers/external_users/claim_types_controller_spec.rb
229	229	spec/controllers/external_users/claims_controller_spec.rb
185	15	spec/controllers/external_users/litigators/litigator_claims_controller_spec.rb
1	0	spec/factories/external_users.rb

--fbd667bf5--2016-03-17--Stephen Richards
33	0	app/models/expense.rb
51	1	app/validators/expense_v2_validator.rb
40	0	db/migrate/20160317110311_remove_old_expense_types.rb
1	1	db/schema.rb
29	3	spec/factories/expense_types.rb
31	0	spec/factories/expenses.rb
30	0	spec/models/expense_spec.rb
204	17	spec/validators/expense_validator_spec.rb
1	1	spec/validators/validation_helpers.rb

--75d78fb68--2016-03-17--Fazal Khan
8	12	app/assets/stylesheets/moj/_shame.scss
13	13	app/views/case_workers/admin/allocations/_allocation.html.haml
7	6	app/views/case_workers/admin/allocations/_re_allocation.html.haml
4	3	app/views/case_workers/admin/case_workers/index.html.haml
5	2	app/views/external_users/claims/_claims.html.haml
0	4	app/views/external_users/claims/index.html.haml

--530e8540f--2016-03-17--Stephen Richards
--d314c4493--2016-03-17--Himal Mandalia
1	1	app/controllers/case_workers/claims_controller.rb
1	1	app/controllers/external_users/claims_controller.rb
4	1	app/models/claims/search.rb
1	1	app/views/case_workers/claims/_search_form.html.haml
1	1	config/locales/en.yml
10	2	spec/controllers/case_workers/claims_controller_spec.rb

--f5220ae3d--2016-03-17--Alistair Laing
--f8374800c--2016-03-16--Fazal Khan
5	4	app/views/feedback/bug_report.html.haml
3	3	app/views/feedback/feedback.html.haml

--c86704f72--2016-03-16--Stephen Richards
10	0	db/migrate/20160316164841_migrate_expense_types.rb
36	47	db/migration_helpers/expense_type_migrator.rb
1	9	db/schema.rb
5	5	spec/migration_helpers/expense_migrator_spec.rb

--42abf1f21--2016-03-16--Himal Mandalia
--1495fa0e9--2016-03-16--Fazal Khan
--83687f8ed--2016-03-16--Himal Mandalia
--c4824b642--2016-03-16--Fazal Khan
0	1	app/assets/stylesheets/moj/_forms.scss
0	70	app/assets/stylesheets/moj/_shame.scss
1	1	app/views/devise/passwords/edit.html.haml
1	1	app/views/devise/passwords/new.html.haml
1	1	app/views/devise/registrations/new.html.haml
1	1	app/views/devise/sessions/new.html.haml
15	24	app/views/feedback/bug_report.html.haml
19	26	app/views/feedback/feedback.html.haml

--c418166e3--2016-03-16--Jesus Laiz
1	1	app/presenters/claim_csv_presenter.rb

--a788cedf9--2016-03-16--jsugarman
18	9	app/controllers/external_users/advocates/claims_controller.rb
13	6	app/controllers/external_users/claim_type_controller.rb
45	43	app/controllers/external_users/claims_controller.rb
13	14	app/controllers/external_users/litigators/claims_controller.rb
1	1	features/step_definitions/litigator_new_claim_steps.rb
77	0	spec/controllers/external_users/advocates/advocate_claims_controller_spec.rb
19	0	spec/controllers/external_users/claim_type_controller_spec.rb
0	54	spec/controllers/external_users/claims_controller_spec.rb
90	0	spec/controllers/external_users/litigators/litigator_claims_controller_spec.rb

--f1f52489f--2016-03-16--Stephen Richards
5	1	db/migration_helpers/expense_type_migrator.rb
39	17	spec/migration_helpers/expense_migrator_spec.rb

--c5dcffc53--2016-03-16--Stephen Richards
0	10	db/migrate/999920160316090400_migrate_expense_types.rb
40	3	db/migration_helpers/expense_type_migrator.rb
12	0	spec/factories/dates_attended.rb
28	3	spec/factories/expenses.rb
79	0	spec/migration_helpers/expense_migrator_spec.rb

--4f18af52e--2016-03-16--Stephen Richards
--4f874cb62--2016-03-16--Fazal Khan
--0b2410add--2016-03-16--Stephen Richards
--68e06fc81--2016-03-16--Stephen Richards
--5843904b8--2016-03-16--Jesus Laiz
2	0	config/sidekiq.yml
1	1	docker/run.sh

--427862994--2016-03-16--Stephen Richards
--427a91283--2016-03-16--Stephen Richards
--9990776f8--2016-03-16--Himal Mandalia
1	1	app/models/claim/base_claim.rb
4	3	spec/models/claim/advocate_claim_spec.rb

--855862ee7--2016-03-16--jsugarman
--436c7b279--2016-03-16--Stephen Richards
4	0	config/settings.yml
15	0	db/migrate/20160315171454_add_fields_to_expenses.rb
0	0	db/migrate/{20160315090400_migrate_expense_types.rb => 999920160316090400_migrate_expense_types.rb}
5	1	db/schema.rb

--2e9ca5edf--2016-03-16--Jesus Laiz
3	0	docker/run.sh

--d670bbcd8--2016-03-15--Stephen Richards
--a685d49ff--2016-03-15--jsugarman
1	1	app/views/external_users/claims/_claims.html.haml
1	1	app/views/external_users/claims/index.html.haml
2	2	config/locales/en.yml

--e08a51894--2016-03-15--jsugarman
21	0	app/controllers/external_users/advocates/claims_controller.rb
19	0	app/controllers/external_users/claim_type_controller.rb
1	1	app/controllers/external_users/claims_controller.rb
19	0	app/controllers/external_users/litigators/claims_controller.rb
1	1	app/views/external_users/claims/buttons/_new.html.haml
2	2	app/views/external_users/claims/claim_options.html.haml
1	1	app/views/external_users/claims/confirmation.html.haml
1	1	app/views/external_users/claims/index.html.haml
1	1	app/views/layouts/_primary_navigation.html.haml
33	8	config/routes.rb
1	1	features/step_definitions/litigator_new_claim_steps.rb
0	1	lib/tasks/claims.rake
1	1	spec/controllers/external_users/claims_controller_spec.rb

--87f1cdf15--2016-03-15--Fazal Khan
0	21	app/assets/stylesheets/admin.scss
0	20	app/assets/stylesheets/button-secondary.scss
0	21	app/assets/stylesheets/certification.css.scss
0	78	app/assets/stylesheets/claim-accordion.scss
0	79	app/assets/stylesheets/claim-detail.scss
0	66	app/assets/stylesheets/claims-importer.scss
0	84	app/assets/stylesheets/claims-list.scss
0	47	app/assets/stylesheets/claims-table.scss
0	46	app/assets/stylesheets/communication-tool.scss
0	14	app/assets/stylesheets/dynamic-offence-list.scss
0	12	app/assets/stylesheets/flash-notices.scss
0	158	app/assets/stylesheets/grid_layout.scss
0	4	app/assets/stylesheets/icons.scss
0	211	app/assets/stylesheets/message.scss
0	19	app/assets/stylesheets/tandcs.css.scss

--ef94179a1--2016-03-15--Himal Mandalia
--9251750ed--2016-03-15--Himal Mandalia
--6101d8bf0--2016-03-15--Himal Mandalia
1	1	app/controllers/case_workers/admin/allocations_controller.rb

--739a6fc4f--2016-03-15--Stephen Richards
12	1	app/models/expense.rb
1	1	app/validators/{expense_validator.rb => expense_v1_validator.rb}
35	0	app/validators/expense_v2_validator.rb
2	0	config/settings.yml
10	0	db/migrate/20160315125656_add_schema_version_to_expenses.rb
4	1	db/schema.rb
0	2	db/seeds/expense_types.rb
1	0	spec/factories/expenses.rb
50	0	spec/models/expense_spec.rb

--91168b588--2016-03-15--Fazal Khan
1	1	app/views/external_users/admin/providers/show.html.haml

--6312437aa--2016-03-15--Jesus Laiz
3	0	.dockerignore
3	2	.gitignore
1	0	app/models/stats/management_information_generator.rb
3	2	scheduled_tasks/document_cleaner_task.rb
4	5	scheduled_tasks/management_information_generation_task.rb
1	1	spec/models/stats/management_information_generator_spec.rb

--f84fc99e4--2016-03-15--Stephen Richards
0	2	db/seeds/expense_types.rb

--3155fd1c8--2016-03-15--Himal Mandalia
11	1	app/controllers/external_users/claims_controller.rb
2	2	app/models/ability.rb
5	0	app/views/shared/_claim_header.html.haml
1	0	config/routes.rb
34	0	spec/controllers/external_users/claims_controller_spec.rb
12	12	spec/models/ability_spec.rb

--fccf52db3--2016-03-15--Fazal Khan
--c2fec37a8--2016-03-15--Himal Mandalia
8	7	app/controllers/case_workers/admin/allocations_controller.rb

--8ccd34d4e--2016-03-15--Stephen Richards
0	0	db/migrate/{20160309115200_add_reason_set_to_expense_type.rb => 20160315090000_add_reason_set_to_expense_type.rb}
0	0	db/migrate/{20160309115454_add_new_expense_types.rb => 20160315090100_add_new_expense_types.rb}
0	0	db/migrate/{20160309125953_add_expense_reasons_to_expenses.rb => 20160315090200_add_expense_reasons_to_expenses.rb}
0	0	db/migrate/{20160311104944_add_lgfs_roles_to_expense_types.rb => 20160315090300_add_lgfs_roles_to_expense_types.rb}
0	0	db/migrate/{20160311105159_migrate_expense_types.rb => 20160315090400_migrate_expense_types.rb}
9	3	db/schema.rb

--302bd7765--2016-03-15--Stephen Richards
--1d1ac6943--2016-03-15--Himal Mandalia
--93604583d--2016-03-15--Jesus Laiz
13	0	.dockerignore
1	0	.gitignore
1	0	Gemfile
16	0	Gemfile.lock
1	1	config/environments/development.rb
4	1	docker/run.sh
23	0	lib/tasks/scheduler.rake
15	0	scheduled_tasks/document_cleaner_task.rb
17	0	scheduled_tasks/management_information_generation_task.rb

--5da331b99--2016-03-15--Alistair Laing
2	2	app/controllers/case_workers/admin/allocations_controller.rb

--f2b7847fa--2016-03-14--Alistair Laing
2	2	features/step_definitions/claim_allocation_steps.rb

--a729b1b26--2016-03-14--Alistair Laing
0	2	app/views/case_workers/admin/allocations/new.html.haml

--8da305f32--2016-03-14--Alistair Laing
12	1	app/controllers/case_workers/admin/allocations_controller.rb
0	8	app/views/case_workers/admin/allocations/_allocated_summary.html.haml
0	2	app/views/case_workers/admin/allocations/new.html.haml
5	0	spec/controllers/case_workers/admin/allocations_controller_spec.rb

--b5007ca4c--2016-03-14--Alistair Laing
10	1	app/assets/stylesheets/moj/_typography.scss
6	1	app/views/layouts/_flashes.html.haml

--bdbf4d5b5--2016-03-14--Alistair Laing
--a6566f82a--2016-03-14--Fazal Khan
2	1	app/views/layouts/application.html.haml

--e8f840c3e--2016-03-14--Stephen Richards
4	20	app/controllers/case_workers/admin/management_information_controller.rb
9	72	app/models/stats/management_information_generator.rb
53	0	app/models/stats/stats_report.rb
2	2	app/views/case_workers/admin/management_information/index.html.haml
12	0	db/migrate/20160314122816_create_stats_reports.rb
9	1	db/schema.rb
1	1	features/management_information.feature
2	6	features/step_definitions/management_information_steps.rb
34	0	spec/factories/stats/stats_reports.rb
19	116	spec/models/stats/management_information_generator_spec.rb
106	0	spec/models/stats/stats_report_spec.rb

--348aead0b--2016-03-14--Fazal Khan
--b25de53d7--2016-03-14--Fazal Khan
0	14	app/assets/stylesheets/moj/_HOTFIX_KILLME.scss
22	0	app/assets/stylesheets/moj/_forms.scss
0	17	app/assets/stylesheets/moj/_shame.scss
25	32	app/views/case_workers/admin/case_workers/_form.html.haml
17	18	app/views/external_users/admin/external_users/_form.html.haml
2	1	app/views/external_users/admin/external_users/edit.html.haml
6	5	app/views/external_users/admin/external_users/show.html.haml
25	19	app/views/external_users/admin/providers/edit.html.haml
33	33	app/views/external_users/admin/providers/show.html.haml

--a1d9f3491--2016-03-14--Joel Sugarman
--b655046eb--2016-03-14--jsugarman
--35b45bcdc--2016-03-14--Himal Mandalia
--72f983751--2016-03-14--Himal Mandalia
--928be419f--2016-03-14--jsugarman
2	2	spec/presenters/base_claim_presenter_spec.rb

--ae0394bcc--2016-03-11--Alistair Laing
8	2	app/views/layouts/_flashes.html.haml

--6fb987414--2016-03-11--Alistair Laing
3	3	app/views/errors/_error_summary.html.haml
3	3	app/views/external_users/claims/_error_summary.html.haml

--2aa9e546d--2016-03-11--Alistair Laing
6	0	app/assets/stylesheets/moj/_typography.scss
2	0	app/views/case_workers/admin/allocations/_allocation.html.haml
2	0	app/views/case_workers/admin/allocations/_re_allocation.html.haml
0	2	app/views/external_users/claims/_form.html.haml
2	0	app/views/external_users/claims/edit.html.haml
2	0	app/views/external_users/claims/new.html.haml

--6744c7034--2016-03-14--Joel Sugarman
--abb5384d9--2016-03-14--Alistair Laing
--ebe83a642--2016-03-14--Stephen Richards
0	0	db/migrate/{20160311105006_add_reason_set_to_expense_type.rb => 20160309115200_add_reason_set_to_expense_type.rb}
1	1	db/migrate/20160309115454_add_new_expense_types.rb

--081988387--2016-03-14--Himal Mandalia
2	2	config/unicorn.rb

--c7b43c627--2016-03-14--Himal Mandalia
1	1	app/presenters/claim/base_claim_presenter.rb
24	0	spec/presenters/base_claim_presenter_spec.rb

--99c330b64--2016-03-14--Fazal Khan
--5d05aaf69--2016-03-14--Stephen Richards
--1552e30a5--2016-03-14--Stephen Richards
--278851362--2016-03-14--jsugarman
--3ff7a617f--2016-03-14--Himal Mandalia
--c3dfb0c9f--2016-03-14--Himal Mandalia
--68383bf15--2016-03-14--Stephen Richards
--024dc4802--2016-03-14--Fazal Khan
--5f9d8ffd1--2016-03-14--Stephen Richards
--e336d60fd--2016-03-14--Himal Mandalia
7	1	app/presenters/claim/base_claim_presenter.rb

--5ea31d66f--2016-03-14--jsugarman
--23473bead--2016-03-14--Himal Mandalia
--27d3a9a06--2016-03-09--Stephen Richards
83	0	EXISTING_EXPENSE_TYPES.txt
21	0	app/models/expense.rb
20	0	app/models/expense_reason.rb
41	2	app/models/expense_type.rb
3	0	db/migrate/20160217161036_add_type_to_fee.rb
20	0	db/migrate/20160309115454_add_new_expense_types.rb
6	0	db/migrate/20160309125953_add_expense_reasons_to_expenses.rb
27	0	db/migrate/20160311104944_add_lgfs_roles_to_expense_types.rb
9	0	db/migrate/20160311105006_add_reason_set_to_expense_type.rb
10	0	db/migrate/20160311105159_migrate_expense_types.rb
62	0	db/migration_helpers/expense_type_migrator.rb
4	1	db/schema.rb
19	12	db/seeds/expense_types.rb
4	10	db/seeds/seed_helper.rb
11	9	lib/tasks/db.rake
1	0	public/stats/management_information_2016_03_02_12_11_10.csv
15	1	spec/factories/expense_types.rb
5	0	spec/factories/expenses.rb
38	0	spec/models/expense_reason_spec.rb
45	0	spec/models/expense_spec.rb
46	1	spec/models/expense_type_spec.rb

--83afb33a7--2016-03-14--Himal Mandalia
--913e35de7--2016-03-14--Stephen Richards
--a11daaec8--2016-03-14--jsugarman
24	16	app/controllers/external_users/claims_controller.rb
1	0	app/models/document.rb
1	0	app/views/external_users/claims/_form.html.haml
15	13	app/views/external_users/claims/case_details/_fields.html.haml
8	13	app/views/external_users/claims/claim_options.html.haml
19	3	lib/demo_data/demo_seeds/external_users.rb
53	10	spec/controllers/external_users/claims_controller_spec.rb
4	2	spec/models/case_type_spec.rb
1	1	spec/models/document_spec.rb

--a5cae075f--2016-03-11--Jesus Laiz
14	0	app/models/claim/advocate_claim.rb
8	0	app/models/claim/base_claim.rb
7	0	app/models/claim/litigator_claim.rb
2	2	app/models/claims/calculations.rb
0	16	app/models/external_user.rb
0	4	app/presenters/claim_csv_presenter.rb
1	1	app/views/shared/_claim.html.haml
61	0	spec/models/claim/advocate_claim_spec.rb
14	0	spec/models/claim/litigator_claim_spec.rb
0	40	spec/models/external_user_spec.rb
4	4	spec/presenters/claim_csv_presenter_spec.rb

--3eb52fad6--2016-03-14--Stephen Richards
2	1	spec/models/case_type_spec.rb
2	1	spec/models/disbursement_spec.rb

--f733e7bf3--2016-03-14--Himal Mandalia
--501c7ba87--2016-03-13--Stephen Richards
8	3	spec/factories/offence_classes.rb

--567a20024--2016-03-12--Alistair Laing
3	3	Gemfile
33	33	Gemfile.lock

--9513f8a92--2016-03-12--Edward Andress
1	2	app/models/allocation.rb
15	1	app/models/claims/state_machine.rb
1	1	app/presenters/claim/base_claim_presenter.rb
13	4	app/presenters/claim_csv_presenter.rb
1	1	app/presenters/claim_history_presenter.rb
1	1	spec/factories/claim/advocate_claims.rb
2	1	spec/models/claims/state_machine_spec.rb
23	0	spec/presenters/claim_csv_presenter_spec.rb

--88b9d0a9b--2016-03-11--Fazal Khan
--f5396dad9--2016-03-11--Fazal Khan
4	2	spec/models/case_type_spec.rb

--c18bb0d8b--2016-03-11--Fazal Khan
5	5	app/views/case_workers/admin/case_workers/show.html.haml

--e2c30f811--2016-03-11--Himal Mandalia
--306ab8976--2016-03-11--Jesus Laiz
2	0	db/seeds/expense_types.rb

--89e86a851--2016-03-11--Himal Mandalia
--b33cf5ed8--2016-03-11--Fazal Khan
1	11	app/views/case_workers/admin/case_workers/_form.html.haml
0	5	app/views/case_workers/admin/case_workers/index.html.haml

--5c7599959--2016-03-11--Himal Mandalia
--ef0239564--2016-03-11--Jesus Laiz
--123245018--2016-03-11--Fazal Khan
--728a7f6e9--2016-03-11--jsugarman
16	6	app/controllers/external_users/claims_controller.rb
15	0	app/views/external_users/claims/claim_options.html.haml
0	1	app/views/external_users/claims/scheme_choice.html.haml
1	1	config/routes.rb
1	1	features/step_definitions/litigator_new_claim_steps.rb

--53750761d--2016-03-11--Alistair Laing
1	1	app/assets/javascripts/modules/CustomFileUpload.js
0	1	app/assets/stylesheets/claims-importer.scss
5	11	app/assets/stylesheets/moj/_shame.scss
1	1	app/views/external_users/claims/_json_document_importer.haml

--e3692573d--2016-03-11--Alistair Laing
25	23	app/views/external_users/json_document_importers/create.js.erb

--94d3f111b--2016-03-11--Joel Sugarman
--bb773eafa--2016-03-10--Jesus Laiz
7	1	app/models/claims/cloner.rb
2	2	db/migrate/20160309135448_create_disbursements.rb
10	0	db/migrate/20160310170946_populate_disbursement_types.rb
1	3	db/schema.rb
2	2	db/seeds/disbursement_types.rb
0	5	lib/demo_data/base_claim_generator.rb
1	1	lib/demo_data/disbursement_generator.rb
4	0	lib/demo_data/litigator_claim_generator.rb
1	1	spec/controllers/external_users/certifications_controller_spec.rb
7	0	spec/models/claims/cloner_spec.rb
19	1	spec/models/offence_class_spec.rb
2	0	spec/support/database_housekeeping.rb

--86c2e0958--2016-03-11--Stephen Richards
--78f44872c--2016-03-11--Stephen Richards
8	0	.gitignore
1	1	app/controllers/case_workers/admin/management_information_controller.rb
0	6	app/presenters/claim_csv_presenter.rb
2	1	features/management_information.feature
14	1	features/step_definitions/management_information_steps.rb

--c37019c12--2016-03-11--Stephen Richards
8	3	app/models/stats/management_information_generator.rb
6	0	app/presenters/claim_csv_presenter.rb
3	3	app/views/case_workers/admin/management_information/index.html.haml

--4552e2afe--2016-03-10--jsugarman
2	2	app/controllers/external_users/claims_controller.rb
1	0	app/views/external_users/claims/scheme_choice.html.haml
2	0	config/routes.rb
10	0	features/external_users/litigator/litigator_new_claim.feature
4	0	features/step_definitions/common_steps.rb
3	0	features/step_definitions/litigator_new_claim_steps.rb
6	0	features/step_definitions/shared/sign_in_steps.rb
5	0	spec/factories/external_users.rb
1	0	spec/models/document_spec.rb

--5caaf5838--2016-03-10--Himal Mandalia
0	14	config/settings.yml

--33dd50ccb--2016-03-10--Himal Mandalia
0	6	app/controllers/case_workers/admin/case_workers_controller.rb
0	44	app/models/case_worker.rb
0	20	app/presenters/case_worker_presenter.rb
15	24	app/views/case_workers/admin/case_workers/_form.html.haml
0	4	app/views/case_workers/admin/case_workers/index.html.haml
0	5	app/views/case_workers/admin/case_workers/show.html.haml
0	1	config/locales/en.yml
0	1	db/migrate/20150812151337_add_days_worked_to_case_workers.rb
5	0	db/migrate/20160310164911_remove_days_worked_from_case_workers.rb
1	2	db/schema.rb
0	7	db/seeds/case_workers.rb
1	1	db/seeds/seed_helper.rb
0	2	features/step_definitions/new_user_steps.rb
0	2	lib/demo_data/demo_seeds/case_workers.rb
0	5	spec/controllers/case_workers/admin/case_workers_controller_spec.rb
0	3	spec/factories/case_workers.rb
0	34	spec/models/case_worker_spec.rb
0	27	spec/presenters/case_worker_presenter_spec.rb

--d5591500f--2016-03-10--Stephen Richards
1	1	app/models/stats/management_information_generator.rb
12	12	spec/models/stats/management_information_generator_spec.rb

--9bc08bc56--2016-03-10--Fazal Khan
1	0	config/locales/en.yml

--f73a3db28--2016-03-10--Fazal Khan
1	1	app/views/case_workers/admin/allocations/_re_allocation.html.haml
1	1	app/views/case_workers/admin/case_workers/index.html.haml

--ec345dcee--2016-03-10--Fazal Khan
4	0	app/assets/stylesheets/moj/_forms.scss
6	1	app/presenters/case_worker_presenter.rb
2	2	spec/presenters/case_worker_presenter_spec.rb

--fdc988e2e--2016-03-10--Stephen Richards
4	0	spec/models/stats/management_information_generator_spec.rb

--abb37d762--2016-03-10--jsugarman
0	2	db/seeds/fee_types.rb
1	1	lib/demo_data/claim_destroyer.rb
31	4	lib/demo_data/demo_seeds/external_users.rb

--6e244ae02--2016-03-10--Fazal Khan
2	1	app/assets/stylesheets/moj/_forms.scss
4	0	app/assets/stylesheets/moj/_layout.scss
6	3	app/assets/stylesheets/moj/_tables.scss
40	34	app/views/case_workers/admin/case_workers/_form.html.haml
18	10	app/views/case_workers/admin/case_workers/change_password.html.haml
3	1	app/views/case_workers/admin/case_workers/edit.html.haml
37	37	app/views/case_workers/admin/case_workers/show.html.haml
17	16	app/views/external_users/admin/external_users/change_password.html.haml
32	31	app/views/external_users/admin/external_users/show.html.haml

--6a2c8777f--2016-03-10--Stephen Richards
1	0	Gemfile
7	0	Gemfile.lock
12	11	app/controllers/case_workers/admin/management_information_controller.rb
7	0	app/jobs/managemen_information_generation_job.rb
62	6	app/models/stats/management_information_generator.rb
21	2	app/views/case_workers/admin/management_information/index.html.haml
2	0	config/application.rb
2	1	config/routes.rb
143	0	spec/models/stats/management_information_generator_spec.rb

--b513dae86--2016-03-10--jsugarman
11	6	app/models/ability.rb

--0fc6f5436--2016-03-10--Himal Mandalia
2	0	features/claim_history.feature

--a1ec39965--2016-03-10--jsugarman
62	33	app/models/ability.rb
1	0	app/models/document.rb
161	4	spec/models/ability_spec.rb

--325cfe0c3--2016-03-09--Jesus Laiz
1	0	app/models/claim/advocate_claim.rb
4	1	app/models/claim/base_claim.rb
1	0	app/models/claim/litigator_claim.rb
17	3	app/models/claims/calculations.rb
39	0	app/models/disbursement.rb
17	0	app/models/disbursement_type.rb
38	0	app/validators/disbursement_validator.rb
10	0	db/migrate/20160309115141_create_disbursement_types.rb
11	0	db/migrate/20160309135448_create_disbursements.rb
5	0	db/migrate/20160309152424_add_disbursements_total_to_claim.rb
24	1	db/schema.rb
0	0	db/{seeds => }/seed_helper.rb
2	15	db/seeds.rb
1	1	db/seeds/case_workers.rb
36	0	db/seeds/disbursement_types.rb
1	1	db/seeds/fee_types.rb
5	0	lib/demo_data/base_claim_generator.rb
1	1	lib/demo_data/demo_seeds/case_workers.rb
1	1	lib/demo_data/demo_seeds/external_users.rb
1	1	lib/demo_data/demo_seeds/providers.rb
20	0	lib/demo_data/disbursement_generator.rb
3	2	lib/demo_data/litigator_claim_generator.rb
1	1	lib/tasks/db.rake
6	0	spec/factories/claim/advocate_claims.rb
15	0	spec/factories/disbursement_types.rb
26	0	spec/factories/disbursements.rb
1	0	spec/models/claim/advocate_claim_spec.rb
1	0	spec/models/claim/base_claim_spec.rb
1	0	spec/models/claim/litigator_claim_spec.rb
58	0	spec/models/disbursement_spec.rb
19	0	spec/models/disbursement_type_spec.rb
31	0	spec/validators/disbursement_validator_spec.rb

--6729de689--2016-03-10--Himal Mandalia
6	3	app/controllers/external_users/claims_controller.rb
2	2	app/models/ability.rb
23	0	app/views/external_users/claims/summary.html.haml
2	0	config/locales/en.yml
1	0	config/routes.rb
14	0	features/external_users/advocate_new_claim.feature
6	1	features/step_definitions/advocate_new_claim_steps.rb
4	4	spec/controllers/external_users/claims_controller_spec.rb
5	5	spec/models/ability_spec.rb

--f499cce45--2016-03-10--Alistair Laing
--84f0f4083--2016-03-10--Fazal Khan
1	1	app/views/case_workers/claims/_search_form.html.haml

--ecf19b997--2016-03-10--Fazal Khan
--13c0bd284--2016-03-10--Himal Mandalia
--a61dd8c15--2016-03-09--Himal Mandalia
1	1	docker/run.sh

--e2e1be495--2016-03-09--Stephen Richards
38	0	app/models/stats/management_information_generator.rb

--0d396e582--2016-03-09--Himal Mandalia
1	1	docker/Dockerfile
3	0	docker/run.sh

--7c9dad06b--2016-03-09--Himal Mandalia
2	1	app/controllers/case_workers/claims_controller.rb
2	0	app/views/shared/_determinations_form.html.haml
2	2	features/claim_history.feature
4	0	features/step_definitions/claim_history_steps.rb

--5a6d59187--2016-03-08--Fazal Khan
5	16	app/assets/stylesheets/moj/_navigation.scss
0	3	app/assets/stylesheets/moj/_shame.scss
0	1	app/views/layouts/_primary_navigation.html.haml
1	1	app/views/layouts/_user.html.haml
1	0	app/views/layouts/application.html.haml

--1fc0d4045--2016-03-08--Fazal Khan
2	4	app/assets/stylesheets/moj/_shame.scss
5	5	app/presenters/case_worker_presenter.rb
59	45	app/views/case_workers/admin/allocations/_allocation.html.haml
75	64	app/views/case_workers/admin/allocations/_re_allocation.html.haml
52	48	app/views/case_workers/admin/case_workers/index.html.haml
52	45	app/views/case_workers/claims/_claims.html.haml
4	4	app/views/case_workers/claims/_claims_list.html.haml
23	12	app/views/case_workers/claims/_search_form.html.haml