--1d1ac6943--2016-03-15--Himal Mandalia
--bdbf4d5b5--2016-03-14--Alistair Laing
--a6566f82a--2016-03-14--Fazal Khan
2	1	app/views/layouts/application.html.haml

--e8f840c3e--2016-03-14--Stephen Richards
4	20	app/controllers/case_workers/admin/management_information_controller.rb
9	72	app/models/stats/management_information_generator.rb
53	0	app/models/stats/stats_report.rb
2	2	app/views/case_workers/admin/management_information/index.html.haml
12	0	db/migrate/20160314122816_create_stats_reports.rb
9	1	db/schema.rb
1	1	features/management_information.feature
2	6	features/step_definitions/management_information_steps.rb
34	0	spec/factories/stats/stats_reports.rb
19	116	spec/models/stats/management_information_generator_spec.rb
106	0	spec/models/stats/stats_report_spec.rb

--a1d9f3491--2016-03-14--Joel Sugarman
--b655046eb--2016-03-14--jsugarman
--35b45bcdc--2016-03-14--Himal Mandalia
--72f983751--2016-03-14--Himal Mandalia
--928be419f--2016-03-14--jsugarman
2	2	spec/presenters/base_claim_presenter_spec.rb

--ae0394bcc--2016-03-11--Alistair Laing
8	2	app/views/layouts/_flashes.html.haml

--6fb987414--2016-03-11--Alistair Laing
3	3	app/views/errors/_error_summary.html.haml
3	3	app/views/external_users/claims/_error_summary.html.haml

--2aa9e546d--2016-03-11--Alistair Laing
6	0	app/assets/stylesheets/moj/_typography.scss
2	0	app/views/case_workers/admin/allocations/_allocation.html.haml
2	0	app/views/case_workers/admin/allocations/_re_allocation.html.haml
0	2	app/views/external_users/claims/_form.html.haml
2	0	app/views/external_users/claims/edit.html.haml
2	0	app/views/external_users/claims/new.html.haml

--6744c7034--2016-03-14--Joel Sugarman
--081988387--2016-03-14--Himal Mandalia
2	2	config/unicorn.rb

--c7b43c627--2016-03-14--Himal Mandalia
1	1	app/presenters/claim/base_claim_presenter.rb
24	0	spec/presenters/base_claim_presenter_spec.rb

--99c330b64--2016-03-14--Fazal Khan
--278851362--2016-03-14--jsugarman
--c3dfb0c9f--2016-03-14--Himal Mandalia
--e336d60fd--2016-03-14--Himal Mandalia
7	1	app/presenters/claim/base_claim_presenter.rb

--5ea31d66f--2016-03-14--jsugarman
--a11daaec8--2016-03-14--jsugarman
24	16	app/controllers/external_users/claims_controller.rb
1	0	app/models/document.rb
1	0	app/views/external_users/claims/_form.html.haml
15	13	app/views/external_users/claims/case_details/_fields.html.haml
8	13	app/views/external_users/claims/claim_options.html.haml
19	3	lib/demo_data/demo_seeds/external_users.rb
53	10	spec/controllers/external_users/claims_controller_spec.rb
4	2	spec/models/case_type_spec.rb
1	1	spec/models/document_spec.rb

--728a7f6e9--2016-03-11--jsugarman
16	6	app/controllers/external_users/claims_controller.rb
15	0	app/views/external_users/claims/claim_options.html.haml
0	1	app/views/external_users/claims/scheme_choice.html.haml
1	1	config/routes.rb
1	1	features/step_definitions/litigator_new_claim_steps.rb

--4552e2afe--2016-03-10--jsugarman
2	2	app/controllers/external_users/claims_controller.rb
1	0	app/views/external_users/claims/scheme_choice.html.haml
2	0	config/routes.rb
10	0	features/external_users/litigator/litigator_new_claim.feature
4	0	features/step_definitions/common_steps.rb
3	0	features/step_definitions/litigator_new_claim_steps.rb
6	0	features/step_definitions/shared/sign_in_steps.rb
5	0	spec/factories/external_users.rb
1	0	spec/models/document_spec.rb

--abb37d762--2016-03-10--jsugarman
0	2	db/seeds/fee_types.rb
1	1	lib/demo_data/claim_destroyer.rb
31	4	lib/demo_data/demo_seeds/external_users.rb

--5a6d59187--2016-03-08--Fazal Khan
5	16	app/assets/stylesheets/moj/_navigation.scss
0	3	app/assets/stylesheets/moj/_shame.scss
0	1	app/views/layouts/_primary_navigation.html.haml
1	1	app/views/layouts/_user.html.haml
1	0	app/views/layouts/application.html.haml