--5ea31d66f--2016-03-14--jsugarman
--23473bead--2016-03-14--Himal Mandalia
--83afb33a7--2016-03-14--Himal Mandalia
--913e35de7--2016-03-14--Stephen Richards
--a11daaec8--2016-03-14--jsugarman
24	16	app/controllers/external_users/claims_controller.rb
1	0	app/models/document.rb
1	0	app/views/external_users/claims/_form.html.haml
15	13	app/views/external_users/claims/case_details/_fields.html.haml
8	13	app/views/external_users/claims/claim_options.html.haml
19	3	lib/demo_data/demo_seeds/external_users.rb
53	10	spec/controllers/external_users/claims_controller_spec.rb
4	2	spec/models/case_type_spec.rb
1	1	spec/models/document_spec.rb

--f733e7bf3--2016-03-14--Himal Mandalia
--501c7ba87--2016-03-13--Stephen Richards
8	3	spec/factories/offence_classes.rb

--567a20024--2016-03-12--Alistair Laing
3	3	Gemfile
33	33	Gemfile.lock

--e2c30f811--2016-03-11--Himal Mandalia
--306ab8976--2016-03-11--Jesus Laiz
2	0	db/seeds/expense_types.rb

--89e86a851--2016-03-11--Himal Mandalia
--5c7599959--2016-03-11--Himal Mandalia
--ef0239564--2016-03-11--Jesus Laiz
--728a7f6e9--2016-03-11--jsugarman
16	6	app/controllers/external_users/claims_controller.rb
15	0	app/views/external_users/claims/claim_options.html.haml
0	1	app/views/external_users/claims/scheme_choice.html.haml
1	1	config/routes.rb
1	1	features/step_definitions/litigator_new_claim_steps.rb

--53750761d--2016-03-11--Alistair Laing
1	1	app/assets/javascripts/modules/CustomFileUpload.js
0	1	app/assets/stylesheets/claims-importer.scss
5	11	app/assets/stylesheets/moj/_shame.scss
1	1	app/views/external_users/claims/_json_document_importer.haml

--e3692573d--2016-03-11--Alistair Laing
25	23	app/views/external_users/json_document_importers/create.js.erb

--94d3f111b--2016-03-11--Joel Sugarman
--bb773eafa--2016-03-10--Jesus Laiz
7	1	app/models/claims/cloner.rb
2	2	db/migrate/20160309135448_create_disbursements.rb
10	0	db/migrate/20160310170946_populate_disbursement_types.rb
1	3	db/schema.rb
2	2	db/seeds/disbursement_types.rb
0	5	lib/demo_data/base_claim_generator.rb
1	1	lib/demo_data/disbursement_generator.rb
4	0	lib/demo_data/litigator_claim_generator.rb
1	1	spec/controllers/external_users/certifications_controller_spec.rb
7	0	spec/models/claims/cloner_spec.rb
19	1	spec/models/offence_class_spec.rb
2	0	spec/support/database_housekeeping.rb

--86c2e0958--2016-03-11--Stephen Richards
--78f44872c--2016-03-11--Stephen Richards
8	0	.gitignore
1	1	app/controllers/case_workers/admin/management_information_controller.rb
0	6	app/presenters/claim_csv_presenter.rb
2	1	features/management_information.feature
14	1	features/step_definitions/management_information_steps.rb

--c37019c12--2016-03-11--Stephen Richards
8	3	app/models/stats/management_information_generator.rb
6	0	app/presenters/claim_csv_presenter.rb
3	3	app/views/case_workers/admin/management_information/index.html.haml

--4552e2afe--2016-03-10--jsugarman
2	2	app/controllers/external_users/claims_controller.rb
1	0	app/views/external_users/claims/scheme_choice.html.haml
2	0	config/routes.rb
10	0	features/external_users/litigator/litigator_new_claim.feature
4	0	features/step_definitions/common_steps.rb
3	0	features/step_definitions/litigator_new_claim_steps.rb
6	0	features/step_definitions/shared/sign_in_steps.rb
5	0	spec/factories/external_users.rb
1	0	spec/models/document_spec.rb

--5caaf5838--2016-03-10--Himal Mandalia
0	14	config/settings.yml

--33dd50ccb--2016-03-10--Himal Mandalia
0	6	app/controllers/case_workers/admin/case_workers_controller.rb
0	44	app/models/case_worker.rb
0	20	app/presenters/case_worker_presenter.rb
15	24	app/views/case_workers/admin/case_workers/_form.html.haml
0	4	app/views/case_workers/admin/case_workers/index.html.haml
0	5	app/views/case_workers/admin/case_workers/show.html.haml
0	1	config/locales/en.yml
0	1	db/migrate/20150812151337_add_days_worked_to_case_workers.rb
5	0	db/migrate/20160310164911_remove_days_worked_from_case_workers.rb
1	2	db/schema.rb
0	7	db/seeds/case_workers.rb
1	1	db/seeds/seed_helper.rb
0	2	features/step_definitions/new_user_steps.rb
0	2	lib/demo_data/demo_seeds/case_workers.rb
0	5	spec/controllers/case_workers/admin/case_workers_controller_spec.rb
0	3	spec/factories/case_workers.rb
0	34	spec/models/case_worker_spec.rb
0	27	spec/presenters/case_worker_presenter_spec.rb

--d5591500f--2016-03-10--Stephen Richards
1	1	app/models/stats/management_information_generator.rb
12	12	spec/models/stats/management_information_generator_spec.rb

--fdc988e2e--2016-03-10--Stephen Richards
4	0	spec/models/stats/management_information_generator_spec.rb

--abb37d762--2016-03-10--jsugarman
0	2	db/seeds/fee_types.rb
1	1	lib/demo_data/claim_destroyer.rb
31	4	lib/demo_data/demo_seeds/external_users.rb

--6a2c8777f--2016-03-10--Stephen Richards
1	0	Gemfile
7	0	Gemfile.lock
12	11	app/controllers/case_workers/admin/management_information_controller.rb
7	0	app/jobs/managemen_information_generation_job.rb
62	6	app/models/stats/management_information_generator.rb
21	2	app/views/case_workers/admin/management_information/index.html.haml
2	0	config/application.rb
2	1	config/routes.rb
143	0	spec/models/stats/management_information_generator_spec.rb

--b513dae86--2016-03-10--jsugarman
11	6	app/models/ability.rb

--a1ec39965--2016-03-10--jsugarman
62	33	app/models/ability.rb
1	0	app/models/document.rb
161	4	spec/models/ability_spec.rb

--325cfe0c3--2016-03-09--Jesus Laiz
1	0	app/models/claim/advocate_claim.rb
4	1	app/models/claim/base_claim.rb
1	0	app/models/claim/litigator_claim.rb
17	3	app/models/claims/calculations.rb
39	0	app/models/disbursement.rb
17	0	app/models/disbursement_type.rb
38	0	app/validators/disbursement_validator.rb
10	0	db/migrate/20160309115141_create_disbursement_types.rb
11	0	db/migrate/20160309135448_create_disbursements.rb
5	0	db/migrate/20160309152424_add_disbursements_total_to_claim.rb
24	1	db/schema.rb
0	0	db/{seeds => }/seed_helper.rb
2	15	db/seeds.rb
1	1	db/seeds/case_workers.rb
36	0	db/seeds/disbursement_types.rb
1	1	db/seeds/fee_types.rb
5	0	lib/demo_data/base_claim_generator.rb
1	1	lib/demo_data/demo_seeds/case_workers.rb
1	1	lib/demo_data/demo_seeds/external_users.rb
1	1	lib/demo_data/demo_seeds/providers.rb
20	0	lib/demo_data/disbursement_generator.rb
3	2	lib/demo_data/litigator_claim_generator.rb
1	1	lib/tasks/db.rake
6	0	spec/factories/claim/advocate_claims.rb
15	0	spec/factories/disbursement_types.rb
26	0	spec/factories/disbursements.rb
1	0	spec/models/claim/advocate_claim_spec.rb
1	0	spec/models/claim/base_claim_spec.rb
1	0	spec/models/claim/litigator_claim_spec.rb
58	0	spec/models/disbursement_spec.rb
19	0	spec/models/disbursement_type_spec.rb
31	0	spec/validators/disbursement_validator_spec.rb

--a61dd8c15--2016-03-09--Himal Mandalia
1	1	docker/run.sh

--e2e1be495--2016-03-09--Stephen Richards
38	0	app/models/stats/management_information_generator.rb

--0d396e582--2016-03-09--Himal Mandalia
1	1	docker/Dockerfile
3	0	docker/run.sh