--13c0bd284--2016-03-10--Himal Mandalia
--8c13ac55e--2016-03-10--Alistair Laing
--5bf4bba2c--2016-03-10--Joel Sugarman
--7c9dad06b--2016-03-09--Himal Mandalia
2	1	app/controllers/case_workers/claims_controller.rb
2	0	app/views/shared/_determinations_form.html.haml
2	2	features/claim_history.feature
4	0	features/step_definitions/claim_history_steps.rb

--91840955f--2016-03-09--Alistair Laing
1	1	app/views/feedback/bug_report.html.haml

--f4f6b4416--2016-03-09--Himal Mandalia
13	10	app/controllers/case_workers/claims_controller.rb
0	3	app/views/case_workers/claims/show.html.haml
1	1	app/views/errors/_error_summary.html.haml

--c2556419c--2016-03-08--Alistair Laing
1	1	features/step_definitions/unhappy_paths_steps.rb

--5d7c8ea51--2016-03-08--Alistair Laing
7	4	app/views/external_users/claims/_error_summary.html.haml

--5ed6e407b--2016-03-08--Alistair Laing
1	7	app/views/case_workers/admin/allocations/new.html.haml
2	7	app/views/case_workers/admin/case_workers/change_password.html.haml
2	7	app/views/case_workers/admin/case_workers/edit.html.haml
1	6	app/views/case_workers/admin/case_workers/new.html.haml
5	13	app/views/case_workers/claims/show.html.haml
15	0	app/views/errors/_error_summary.html.haml
2	6	app/views/external_users/admin/external_users/change_password.html.haml
1	6	app/views/external_users/admin/external_users/edit.html.haml
1	6	app/views/external_users/admin/external_users/new.html.haml
1	9	app/views/external_users/admin/providers/edit.html.haml
1	6	app/views/external_users/certifications/new.html.haml
2	7	app/views/feedback/bug_report.html.haml
2	8	app/views/feedback/feedback.html.haml
5	0	config/locales/en.yml

--d77a234bb--2016-03-08--Fazal Khan
--906bf63fc--2016-03-08--Fazal Khan
21	8	app/assets/stylesheets/moj/_shame.scss
1	1	app/views/external_users/admin/external_users/index.html.haml
1	1	app/views/external_users/claims/index.html.haml

--95f0b3919--2016-03-08--Fazal Khan
--201d07e98--2016-03-08--Fazal Khan
1	1	app/assets/stylesheets/claims-importer.scss
22	0	app/assets/stylesheets/moj/_shame.scss
16	10	app/views/case_workers/claims/_search_form.html.haml
15	15	app/views/external_users/admin/external_users/index.html.haml
1	1	app/views/external_users/claims/_search_form.html.haml