--aa5678661--2016-02-16--Himal Mandalia
--1b9b08ea6--2016-02-16--Alistair Laing
16	19	app/views/case_workers/admin/allocations/_allocation.html.haml
23	27	app/views/case_workers/admin/allocations/_re_allocation.html.haml
2	2	features/claim_allocation.feature
4	5	features/step_definitions/claim_allocation_steps.rb

--fcecd87f6--2016-02-16--Joel Sugarman
--7c3a0f434--2016-02-16--Edward Andress
--b370fbe2b--2016-02-16--Stephen Richards
--c13593b17--2016-02-16--Stephen Richards
1	1	lib/demo_data/claim_generator.rb

--879bfdaf2--2016-02-16--Stephen Richards
--bbe06da17--2016-02-16--Stephen Richards
4	4	app/controllers/external_users/claims_controller.rb
1	1	app/helpers/application_helper.rb
1	1	app/interfaces/api/v1/error_response.rb
2	2	app/interfaces/api/v1/external_users/claim.rb
2	0	app/models/claim/advocate_claim.rb
12	5	app/models/claim/base_claim.rb
9	10	app/models/claims/cloner.rb
65	0	app/models/concerns/duplicable.rb
1	0	app/models/date_attended.rb
1	0	app/models/defendant.rb
1	0	app/models/document.rb
1	0	app/models/expense.rb
1	0	app/models/fee.rb
1	1	app/models/message.rb
2	0	app/models/representation_order.rb
2	0	app/presenters/claim/advocate_claim_presenter.rb
9	0	db/migrate/20160216101143_change_type_to_advocate_claim.rb
1	1	db/schema.rb
1	1	spec/api/v1/error_response_spec.rb
1	1	spec/factories/claim/{base_claims.rb => advocate_claims.rb}
1	1	spec/helpers/application_helper_spec.rb
10	10	spec/models/ability_spec.rb
14	0	spec/models/claim/abstract_claim_spec.rb
37	37	spec/models/{claim_spec.rb => claim/base_claim_spec.rb}
0	14	spec/models/claims/cloner_spec.rb

--c4ba51d8f--2016-02-15--jsugarman
2	2	app/models/claim/base_claim.rb
3	0	app/validators/claim/advocate_claim_sub_model_validator.rb
3	0	app/validators/claim/advocate_claim_validator.rb
1	1	app/validators/{claim_sub_model_validator.rb => claim/base_claim_sub_model_validator.rb}
1	1	app/validators/{claim_validator.rb => claim/base_claim_validator.rb}
3	0	app/validators/claim/litigator_claim_sub_model_validator.rb
3	0	app/validators/claim/litigator_claim_validator.rb
1	1	spec/validators/{claim_submodel_validator_spec.rb => base_claim_submodel_validator_spec.rb}
1	1	spec/validators/{claim_validator_spec.rb => base_claim_validator_spec.rb}

--f0404e75d--2016-02-15--Himal Mandalia
0	64	spec/support/user_roles_spec.rb