--8722a6419--2014-06-12--Cristina
--8548bf22e--2014-06-12--Cristina
--d0ac00ad3--2014-06-11--sarken
2	0	app/views/pseuds/show.html.erb

--d52f62bae--2014-06-11--sarken
1	1	app/views/orphans/new.html.erb

--283643061--2014-06-11--sarken
1	1	features/works/work_edit_tags.feature

--bb844bcaf--2014-06-11--sarken
6	0	app/views/feedbacks/new.html.erb

--6b1160dec--2014-06-11--sarken
--46b4e1261--2014-06-11--Cristina
--ebe79647c--2014-06-11--sarken
1	1	app/views/users/browse.html.erb

--58ad2bef1--2014-06-11--sarken
1	1	app/views/skins/_skin_type_navigation.html.erb

--f9a06a462--2014-06-11--sarken
--dfae6ee5c--2014-06-10--Cristina
--7b15e7246--2014-06-10--sarken
1	1	app/helpers/skins_helper.rb

--b2783d7a4--2014-06-10--zz9pzza
--dc9acf5c3--2014-06-10--zz9pzza
--1e208ebb0--2014-06-10--sarken
1	1	app/views/layouts/_javascripts.html.erb

--8e120c919--2014-06-10--sarken
2	4	app/views/skins/_form.html.erb

--dc824531b--2014-06-10--sarken
2	2	public/javascripts/application.js

--e4658c47c--2014-06-10--sarken
1	1	public/javascripts/application.js

--7a4ec7246--2014-06-10--sarken
4	4	app/views/skins/_form.html.erb
13	8	public/javascripts/application.js

--44e7fe0ce--2014-06-08--Cristina
--c9ae68648--2014-06-08--zz9pzza
--4e5481eb3--2014-06-08--zz9pzza
--3fbd2c35d--2014-06-08--zz9pzza
--570d0fc04--2014-06-08--zz9pzza
--402193f91--2014-06-08--zz9pzza
--a4126d416--2014-06-08--zz9pzza
--caa60f6dc--2014-06-08--zz9pzza
--440957c76--2014-06-07--sarken
--f7e127edc--2014-06-07--zz9pzza
--3dcb9a655--2014-06-07--zz9pzza
--b6017ba7c--2014-06-07--james_
4	4	app/views/home/_tos.html.erb

--f88362cce--2014-06-07--zz9pzza
--3c6054044--2014-06-07--sarken
--8c8db7c17--2014-06-06--sarken
--bf067b3c7--2014-06-06--sarken
--528842630--2014-06-07--sarken
6	5	app/views/bookmarks/index.html.erb

--bdb8a6738--2014-06-07--sarken
28	28	app/views/bookmarks/_bookmark_blurb.html.erb
1	1	app/views/bookmarks/_bookmark_user_module.html.erb

--871f86be2--2014-06-07--sarken
27	27	app/views/bookmarks/_bookmark_form.html.erb
5	4	app/views/bookmarks/_bookmark_owner_navigation.html.erb
1	1	app/views/bookmarks/_bookmark_user_module.html.erb

--71dee8209--2014-06-07--sarken
7	4	app/views/bookmarks/_bookmark_blurb.html.erb
16	10	app/views/bookmarks/_bookmark_form.html.erb
2	1	app/views/bookmarks/_bookmark_owner_navigation.html.erb
8	5	app/views/bookmarks/bookmark_form_dynamic.js.erb

--099aeada6--2014-06-06--sarken
--1746d24b0--2014-06-05--zz9pzza
--72f6f6fc0--2014-06-05--zz9pzza
--b870e24aa--2014-06-05--zz9pzza
--abde226b5--2014-06-05--james_
1	1	app/views/layouts/_footer.html.erb

--38332f7d2--2014-06-05--james_
1	0	app/views/layouts/_footer.html.erb

--4cb084f51--2014-06-05--zz9pzza
--05bdf3b5e--2014-06-05--sarken
1	1	app/views/fandoms/index.html.erb

--234377f8d--2014-06-05--sarken
15	15	app/views/fandoms/index.html.erb

--793049e07--2014-06-05--sarken
2	1	app/views/works/_work_form_tags.html.erb

--9f231e4e8--2014-06-05--sarken
--dcbcbfe4a--2014-06-04--james_
4	4	app/views/home/_tos.html.erb

--296314d2d--2014-06-04--james_
22	22	app/views/home/_tos.html.erb
44	44	app/views/home/tos_faq.html.erb

--ca0b56dac--2014-06-03--sarken
--226b79612--2014-06-03--james_
3	3	app/views/home/_tos.html.erb
4	4	app/views/home/tos_faq.html.erb

--181579282--2014-06-03--james_
1	5	app/views/home/tos_faq.html.erb

--5138c717f--2014-06-03--sarken
--90063ca96--2014-06-03--sarken
--d0e629aef--2014-06-03--sarken
--077e4b496--2014-06-03--sarken
--bd798a1ac--2014-05-29--sarken
13	12	app/views/user_sessions/_passwd_small.html.erb
6	1	public/stylesheets/site/2.0/03-region-header.css

--29d034696--2014-06-02--james_
107	188	app/views/home/tos_faq.html.erb

--b4d2484eb--2014-06-02--zz9pzza
--37072e627--2014-06-02--james_
1	1	app/views/home/tos_faq.html.erb

--7432dfd6b--2014-06-01--james_
17	17	app/views/home/tos_faq.html.erb

--35c9d4e54--2014-06-01--Cristina
--6671aa330--2014-06-01--Cristina
--c05fbba9e--2014-06-01--Cristina
--e0ff8fe88--2014-06-01--sarken
0	10	app/views/comments/_commentable.html.erb
0	1	app/views/layouts/_javascripts.html.erb
0	6	app/views/works/_work_header_navigation.html.erb
7	2	public/javascripts/application.js

--d01193e23--2014-05-31--sarken
--b2469cefb--2014-05-31--james_
1	1	app/views/home/tos_faq.html.erb

--7c5bc4d16--2014-05-31--zz9pzza
--329285a74--2014-05-31--sarken
1	1	features/works/work_lock.feature

--7001d7050--2014-05-31--sarken
4	4	app/helpers/works_helper.rb
28	19	features/other/gift.feature
2	0	features/prompt_memes/challenge_promptmeme_posting_fills.feature
93	23	features/step_definitions/work_related_steps.rb
58	1	features/step_definitions/work_steps.rb
4	0	features/support/paths.rb
3	3	features/works/work_lock.feature
18	11	features/works/work_notes.feature
95	88	features/works/work_related.feature

--e05c7e2ab--2014-05-30--sarken
4	174	app/models/story_parser.rb
1	1	app/views/works/new_import.html.erb
4	4	features/importing/archivist.feature
6	56	features/importing/work_import_ffn.feature
0	100	features/importing/work_import_yt.feature
0	4	features/support/vcr.rb

--9c00beba9--2014-05-29--sarken
2	2	app/views/home/index.html.erb
3	0	features/other/admin_post.feature

--0623a4e21--2014-05-29--james_
8	10	app/views/home/tos_faq.html.erb

--0ab018c4e--2014-05-29--james_
1	1	app/views/home/tos_faq.html.erb

--c8834022b--2014-05-29--james_
484	485	app/views/home/_tos.html.erb
214	119	app/views/home/tos_faq.html.erb

--c64595f62--2014-05-29--James Beal
485	484	app/views/home/_tos.html.erb
120	212	app/views/home/tos_faq.html.erb

--7a14796d5--2014-05-29--zz9pzza
--242c0006d--2014-05-29--zz9pzza
--169f8012d--2014-05-29--zz9pzza
--2a4f31d99--2014-05-29--zz9pzza
--77eb172cf--2014-05-29--james_
114	135	app/views/home/tos_faq.html.erb

--5da012d26--2014-05-29--Cristina
1	1	app/views/home/_dmca.html.erb

--3dc73263c--2014-05-29--Cristina
--fff29eb24--2014-05-29--james_
45	45	app/views/home/_tos.html.erb
105	105	app/views/home/tos_faq.html.erb

--26be69fd6--2014-05-29--zz9pzza
--4b01419f5--2014-05-29--James Beal
0	8	app/views/readings/index.html.erb

--26522a4b2--2014-05-29--James Beal
7	1	app/controllers/chapters_controller.rb
0	39	app/controllers/saved_works_controller.rb
7	2	app/controllers/works_controller.rb
0	13	app/models/saved_work.rb
0	4	app/models/subscription.rb
0	1	app/models/user.rb
0	1	app/models/work.rb
0	43	app/models/work_display.rb
9	7	app/views/comments/_commentable.html.erb
0	1	app/views/layouts/_javascripts.html.erb
0	11	app/views/saved_works/_form.html.erb
0	42	app/views/saved_works/index.html.erb
7	7	app/views/users/_sidebar.html.erb
5	7	app/views/works/_work_header_navigation.html.erb
0	1	config/routes.rb
0	11	db/migrate/20140206031705_create_saved_works.rb
40	0	features/other/reading.feature
0	46	features/other/saved_work.feature
3	10	features/step_definitions/generic_steps.rb
0	2	features/support/paths.rb
12	19	lib/tasks/after_tasks.rake
0	31	public/javascripts/saved_works.js

--fe04577f5--2014-05-29--James Beal
4	0	app/views/readings/index.html.erb

--f4fc5fc5d--2014-05-29--James Beal
4	0	app/views/readings/index.html.erb

--fb141fe06--2014-05-29--James Beal
4	0	app/controllers/readings_controller.rb
5	3	app/views/readings/_reading_blurb.html.erb
5	2	app/views/readings/index.html.erb
2	2	app/views/saved_works/_form.html.erb
1	1	lib/tasks/after_tasks.rake

--98c8a0df1--2014-05-29--James Beal
10	10	features/other/saved_work.feature

--16e069d9c--2014-05-26--james_
7	13	app/views/home/tos_faq.html.erb

--71d6f2454--2014-05-25--Cristina
--19f7e07c1--2014-05-25--james_
0	1	app/views/home/_tos.html.erb

--580bf367d--2014-05-25--james_
1	0	app/views/home/_tos.html.erb

--cbefe8a8b--2014-05-25--james_
7	8	app/views/home/tos_faq.html.erb

--21d35e685--2014-05-25--james_
484	484	app/views/home/_tos.html.erb
613	613	app/views/home/tos_faq.html.erb

--812d32a2a--2014-05-25--james_
45	45	app/views/home/_tos.html.erb
101	101	app/views/home/tos_faq.html.erb

--61aab28d7--2014-05-25--james_
16	16	app/views/home/_tos.html.erb
6	6	app/views/home/tos_faq.html.erb

--e461483c1--2014-05-25--james_
21	22	app/views/home/_tos.html.erb
613	493	app/views/home/tos_faq.html.erb

--ad76e91da--2014-05-25--james_
10	8	config/config.yml
6	2	script/seed_dump.rb

--6b10df7e5--2014-05-24--elz
28	28	app/models/potential_match.rb

--cbfe34272--2014-05-21--zz9pzza
--a627ce349--2014-05-18--Cristina
10	10	features/other/saved_work.feature

--c0e5a8aa6--2014-05-18--Cristina
--4089da548--2014-05-17--elz
1	1	app/views/readings/index.html.erb

--7878f9f13--2014-05-17--elz
0	4	app/controllers/readings_controller.rb
3	5	app/views/readings/_reading_blurb.html.erb
2	5	app/views/readings/index.html.erb
2	2	app/views/saved_works/_form.html.erb

--21b9c773a--2014-05-17--elz
1	1	lib/tasks/after_tasks.rake

--236343c26--2014-05-17--Enigel
33	1	spec/controllers/tags_controller_spec.rb

--ed575901d--2014-05-16--sarken
1	1	public/stylesheets/site/2.0/25-role-handheld.css

--b638315d8--2014-05-15--Enigel
14	8	app/controllers/tag_wranglings_controller.rb
3	3	app/controllers/tags_controller.rb

--4d8a02a45--2014-05-13--ceciliawatt
5	2	app/views/home/_dmca.html.erb

--ba2bf0fd4--2014-05-13--ceciliawatt
1	1	app/views/home/_dmca.html.erb

--1eb9c5424--2014-05-12--zz9pzza
--02e2b33ae--2014-05-11--Elz
--7cdca3540--2014-05-11--elz
10	22	app/controllers/downloads_controller.rb

--11e01ff10--2014-05-11--Elz
--22a9363ce--2014-05-11--Elz
--b27c039a6--2014-05-11--zz9pzza
--b0ea12622--2014-05-11--James Beal
0	1	public/status/index.html
6	51	public/status/simple_status.html

--d439d192b--2014-05-11--sarken
1	1	features/bookmarks/bookmark_create.feature
0	188	features/other/bookmark_create.feature

--bc4854a85--2013-12-22--sarken
188	0	features/other/bookmark_create.feature

--1d7679d72--2013-12-22--sarken
7	5	app/views/bookmarks/show.html.erb

--86c2cfe51--2012-11-11--sarken
7	1	app/views/bookmarks/show.html.erb

--cf35a81a4--2012-11-11--sarken
1	1	app/views/bookmarks/_bookmark_form.html.erb
1	1	app/views/bookmarks/edit.html.erb
15	3	app/views/bookmarks/show.html.erb

--4ea0efea8--2014-05-11--sarken
1	1	app/views/bookmarks/_bookmark_owner_navigation.html.erb

--21029707b--2013-03-25--sarken
1	1	app/views/bookmarks/_bookmark_owner_navigation.html.erb

--bcbc71438--2014-05-11--Enigel
9	8	app/controllers/tag_wranglings_controller.rb
19	18	app/controllers/tags_controller.rb
0	1	app/views/tag_wranglings/index.html.erb
1	2	app/views/tags/wrangle.html.erb

--13d0752c1--2014-05-11--Cristina
2	2	app/views/skins/index.html.erb

--3ab302ac3--2014-05-11--Cristina
--219667a2a--2014-05-11--Enigel
49	23	app/controllers/tag_wranglings_controller.rb
43	27	app/controllers/tags_controller.rb
46	41	app/views/tag_wranglings/index.html.erb
40	38	app/views/tags/wrangle.html.erb

--4c22257f7--2014-05-10--zz9pzza
--ba245ca8e--2014-05-10--Enigel
--36351b88a--2014-05-10--Enigel
3	1	app/views/tag_wranglings/index.html.erb
3	1	app/views/tags/wrangle.html.erb

--7e163eff8--2014-05-10--Elz
--c6c79db65--2014-05-10--Enigel
2	27	app/views/tag_wranglings/index.html.erb
1	26	app/views/tags/wrangle.html.erb
24	0	public/javascripts/select_all.js

--b95ecc53a--2014-05-10--Ariana
2	3	app/views/skins/index.html.erb

--d995257cb--2014-05-10--Enigel
--181edd787--2014-05-09--sarken
--821f7cadf--2014-05-09--tuff_ghost
5	1	public/stylesheets/site/2.0/13-group-blurb.css

--f12f81142--2014-05-08--Elz
--38da04b6c--2014-05-08--sarken
--f248cecf1--2014-05-09--tuff_ghost
4	3	app/views/inbox/show.html.erb
3	1	public/stylesheets/site/2.0/08-actions.css
11	2	public/stylesheets/site/2.0/13-group-blurb.css
1	1	public/stylesheets/site/2.0/15-group-comments.css

--dfd0837e3--2014-05-08--sarken
1	3	app/views/skins/index.html.erb

--08da0fab7--2014-05-08--sarken
1	1	app/views/skins/index.html.erb

--68be290a8--2014-05-08--sarken
1	1	app/views/skins/index.html.erb
6	4	public/stylesheets/site/2.0/13-group-blurb.css

--62963f195--2014-05-08--Cristina
--81f17f589--2014-05-08--James Beal
1	1	Gemfile
2	2	Gemfile.lock

--5830bf8ff--2014-05-07--Cristina
--8c12e16ea--2014-05-07--elz
1	1	Gemfile
38	38	Gemfile.lock

--092ed55d0--2014-05-07--elz
0	1	app/views/comments/_commentable.html.erb

--37cf2a173--2014-05-07--elz
--24abcf4e4--2014-05-07--Cristina
--443a770b0--2014-05-07--Ariana
7	8	app/views/skins/_skin_top_navigation.html.erb

--db9e352d5--2014-05-07--Ariana
2	2	app/views/skins/_skin_top_navigation.html.erb

--8a4624a20--2014-05-07--Ariana
4	3	app/views/skins/_skin_top_navigation.html.erb
15	11	features/other/skin.feature
2	2	features/step_definitions/skin_steps.rb

--7a0d5571d--2014-05-06--Ariana
4	4	app/views/skins/_form.html.erb

--606197156--2014-05-06--Ariana
2	2	app/views/skins/new.html.erb

--b4dc195ea--2014-05-06--Ariana
8	15	app/views/skins/_skin_top_navigation.html.erb
2	2	app/views/skins/new_wizard.html.erb

--0125221ad--2014-05-06--Ariana
4	1	app/views/skins/_skin_top_navigation.html.erb

--5e8faa2f3--2014-05-06--Ariana
5	3	app/views/skins/index.html.erb

--38f389f8d--2014-05-06--Ariana
37	37	app/views/preferences/index.html.erb

--2442fe080--2014-05-06--Ariana
1	1	app/views/preferences/index.html.erb
1	1	app/views/works/_standard_form.html.erb

--50bb65320--2014-05-05--sarken
--78abba737--2014-05-05--Cecilia Watt
7	7	app/views/home/_dmca.html.erb

--cf8563e4f--2014-05-05--Cecilia Watt
1	1	app/views/home/_dmca.html.erb

--62f5397b5--2014-05-05--Cecilia Watt
1	1	app/views/home/dmca.html.erb

--126e75239--2014-05-05--Cecilia Watt
1	1	app/views/home/_dmca.html.erb

--fda57a9cc--2014-05-05--Cecilia Watt
1	1	app/controllers/application_controller.rb
2	3	app/views/home/_dmca.html.erb

--6572092da--2014-05-05--Cecilia Watt
83	476	app/views/home/_dmca.html.erb

--84dc8b6bb--2014-04-29--Cecilia Watt
5	0	app/controllers/home_controller.rb
485	0	app/views/home/_dmca.html.erb
3	0	app/views/home/dmca.html.erb
1	0	config/routes.rb

--4a7ecf2d9--2014-05-05--Cristina
--995e5d1c6--2014-05-05--Cristina
--060d96b27--2014-05-05--Cristina
--68f316dce--2014-05-05--Cristina
--1b89dc552--2014-05-05--Cristina
--5f419d1ad--2014-05-05--sarken
1	1	features/tags_and_wrangling/tag_wrangling_characters.feature

--a74e4320a--2014-05-05--sarken
1	1	app/views/chapters/preview.html.erb

--dd3bf9fa5--2014-05-05--sarken
1	1	app/views/chapters/preview.html.erb

--e265ca8c9--2014-05-05--sarken
9	10	app/helpers/prompt_restrictions_helper.rb

--a9c56fdd0--2013-12-23--sarken
1	1	features/gift_exchanges/challenge_yuletide.feature

--dd6e45f73--2013-10-28--sarken
1	1	app/views/challenge_signups/_signup_form.html.erb
2	2	features/prompt_memes/challenge_promptmeme.feature

--363cff6aa--2012-11-26--sarken
5	6	app/helpers/prompt_restrictions_helper.rb
3	3	app/views/prompts/_prompt_form_tag_options.html.erb

--7266d023d--2012-11-26--sarken
0	8	app/views/challenge_signups/_signup_form.html.erb

--417d7c34f--2012-11-12--sarken
15	0	app/helpers/prompt_restrictions_helper.rb
8	8	app/views/prompts/_prompt_form.html.erb
4	10	app/views/prompts/_prompt_form_tag_options.html.erb

--17077e612--2012-11-11--sarken
16	13	app/views/challenge_signups/_signup_form.html.erb
1	0	app/views/prompts/_prompt_form_tag_options.html.erb

--a4bf24928--2012-11-11--sarken
8	0	app/views/challenge_signups/_signup_form.html.erb
21	9	app/views/prompts/_prompt_form.html.erb
6	2	app/views/prompts/_prompt_form_tag_options.html.erb

--ecaf457c1--2014-05-05--sarken
2	2	app/views/profile/show.html.erb

--0bf843f7d--2013-07-08--sarken
23	21	app/views/profile/show.html.erb

--d9a085d49--2014-05-05--sarken
11	6	app/views/tags/edit.html.erb

--7fe7cd488--2014-05-05--Ariana
2	5	features/other/skin.feature
1	1	features/support/paths.rb

--a5ae9a7f7--2014-05-05--Ariana
1	1	app/controllers/skins_controller.rb

--a75478538--2014-05-04--James Beal
3	1	lib/work_stats.rb

--479fa0909--2014-05-04--James Beal
0	1	app/models/stat_counter.rb

--3870b468c--2014-05-04--Enigel
--73c043dab--2014-05-04--Enigel
9	9	app/views/tag_wranglers/show.html.erb

--4504c78a1--2014-05-04--Ariana
--c71527147--2014-05-04--Ariana
--da267daf9--2014-05-04--Ariana
--860185853--2014-05-04--Ariana
1	1	Gemfile
24	0	app/views/skins/_skin_type_navigation.html.erb

--f432f7e4b--2014-05-04--Cristina
--483fe8d00--2014-05-04--Cristina
--0712e602f--2014-05-04--Cristina
--d4e2d096a--2014-05-04--Cristina
--fd0dccbe8--2014-05-04--Cristina
--579dd349c--2014-05-04--Cristina
--985860b87--2014-05-04--Cristina
--ce640c18e--2014-05-04--Cristina
--c33df437c--2014-05-04--Ariana
1	1	app/views/skins/_skin_top_navigation.html.erb
1	1	app/views/skins/index.html.erb
9	2	app/views/skins/new.html.erb
10	4	app/views/skins/new_wizard.html.erb
7	8	features/other/skin.feature

--de133f551--2014-05-04--sarken
6	6	app/views/works/_work_module.html.erb

--a4bf3deaf--2014-05-04--sarken
16	16	app/views/works/_work_module.html.erb

--21f0d063a--2014-05-04--sarken
9	9	app/views/works/_work_module.html.erb

--1c1937682--2014-05-04--sarken
3	3	app/views/works/_work_module.html.erb

--57cfa8908--2013-01-12--sarken
4	4	app/views/works/_work_module.html.erb

--abc41f537--2012-11-30--sarken
11	2	app/views/works/_work_module.html.erb

--12a78bc80--2014-05-04--sarken
1	1	app/controllers/admin_posts_controller.rb

--947fc583a--2014-01-03--sarken
19	25	app/views/share/_share.html.erb

--66e573ac4--2014-01-03--sarken
8	7	app/views/share/_share.html.erb
7	5	app/views/works/_work_header_navigation.html.erb
6	0	features/step_definitions/preferences_steps.rb
8	0	features/step_definitions/user_steps.rb
9	0	features/step_definitions/work_steps.rb
15	0	features/works/work_share.feature

--e606f7090--2014-05-04--sarken
1	1	public/stylesheets/site/2.0/10-types-groups.css
1	1	public/stylesheets/site/2.0/13-group-blurb.css

--30996390d--2014-02-16--sarken
1	1	public/stylesheets/site/2.0/01-core.css
1	1	public/stylesheets/site/2.0/02-elements.css
1	1	public/stylesheets/site/2.0/03-region-header.css
1	1	public/stylesheets/site/2.0/04-region-dashboard.css
1	1	public/stylesheets/site/2.0/05-region-main.css
1	1	public/stylesheets/site/2.0/06-region-footer.css
1	1	public/stylesheets/site/2.0/07-interactions.css
1	1	public/stylesheets/site/2.0/08-actions.css
1	1	public/stylesheets/site/2.0/09-roles-states.css
1	1	public/stylesheets/site/2.0/10-types-groups.css
1	1	public/stylesheets/site/2.0/11-group-listbox.css
1	1	public/stylesheets/site/2.0/12-group-meta.css
1	1	public/stylesheets/site/2.0/14-group-preface.css
1	1	public/stylesheets/site/2.0/15-group-comments.css
1	1	public/stylesheets/site/2.0/28-role-ie8_or_lower.css
1	1	public/stylesheets/site/2.0/29-role-ie5.css
1	1	public/stylesheets/site/2.0/30-role-ie6.css
1	1	public/stylesheets/site/2.0/31-role-ie7.css

--89ac742e2--2012-08-24--sarken
1	1	public/stylesheets/site/2.0/02-elements.css
1	1	public/stylesheets/site/2.0/10-types-groups.css

--17efcd69d--2012-08-24--sarken
1	1	public/stylesheets/site/2.0/01-core.css
1	1	public/stylesheets/site/2.0/03-region-header.css
1	1	public/stylesheets/site/2.0/04-region-dashboard.css
1	1	public/stylesheets/site/2.0/05-region-main.css
1	1	public/stylesheets/site/2.0/06-region-footer.css
1	0	public/stylesheets/site/2.0/07-interactions.css
1	1	public/stylesheets/site/2.0/08-actions.css
1	1	public/stylesheets/site/2.0/09-roles-states.css
1	1	public/stylesheets/site/2.0/10-types-groups.css
1	1	public/stylesheets/site/2.0/11-group-listbox.css
2	1	public/stylesheets/site/2.0/12-group-meta.css
1	1	public/stylesheets/site/2.0/13-group-blurb.css
1	1	public/stylesheets/site/2.0/14-group-preface.css
1	1	public/stylesheets/site/2.0/15-group-comments.css
1	1	public/stylesheets/site/2.0/28-role-ie8_or_lower.css
1	1	public/stylesheets/site/2.0/29-role-ie5.css
1	1	public/stylesheets/site/2.0/30-role-ie6.css
1	1	public/stylesheets/site/2.0/31-role-ie7.css

--ad670d9e3--2014-05-03--Cristina
--4f8269859--2014-05-03--Cristina
--9c40529d9--2014-05-03--Cristina
--45c672b4e--2014-05-03--Cristina
--45965afa3--2014-05-03--sarken
--c5163badc--2014-05-03--elz
1	1	app/views/kudos/_kudos.html.erb

--f01d4d713--2014-05-03--Ariana
21	21	app/views/skins/_form.html.erb
8	7	app/views/skins/_skin_parent_fields.html.erb
9	17	app/views/skins/_skin_top_navigation.html.erb
4	4	app/views/skins/_wizard_form.html.erb
20	24	app/views/skins/index.html.erb
3	3	app/views/skins/new.html.erb
4	6	app/views/skins/new_wizard.html.erb
39	23	app/views/skins/show.html.erb
3	2	app/views/works/_standard_form.html.erb
54	7	features/other/skin.feature

--3f34383f0--2014-05-03--sarken
1	1	app/views/works/_work_form_tags.html.erb

--53b461da4--2014-05-03--sarken
8	4	app/views/works/_search_form.html.erb

--bedaea86a--2014-05-03--sarken
10	10	app/views/works/_work_form_tags.html.erb

--84cfa4e6e--2014-05-03--sarken
1	1	app/views/bookmarks/_external_work_fields.html.erb
1	1	app/views/works/_search_form.html.erb
1	1	app/views/works/_work_form_tags.html.erb

--749c5e23f--2014-05-02--Cristina
--d38ea09f2--2014-05-02--Cristina
--1acc68461--2014-05-01--sarken
--f096f5569--2014-05-02--sarken
4	4	public/help/symbols-key.html

--30a5dc21f--2014-05-02--Cristina
--21999dd13--2014-05-01--sarken
1	1	app/controllers/admin_posts_controller.rb

--c23d4714b--2014-04-19--sarken
1	1	app/views/works/_work_header_navigation.html.erb

--6aba3a2c4--2013-11-28--sarken
2	1	app/views/comments/_commentable.html.erb
1	1	app/views/comments/show_comments.js.erb
3	3	app/views/works/_work_header_navigation.html.erb

--efc2dbe61--2013-11-28--sarken
27	34	app/helpers/comments_helper.rb
1	1	app/views/comments/_commentable.html.erb
4	2	app/views/comments/hide_comments.js.erb
4	2	app/views/comments/show_comments.js.erb

--cffcf082b--2013-11-27--sarken
1	1	app/views/comments/hide_comments.js.erb
1	1	app/views/comments/show_comments.js.erb

--80d2bcc79--2013-11-27--sarken
5	9	app/views/works/_work_header_navigation.html.erb

--4212ebbfd--2013-11-27--sarken
1	1	app/views/comments/show_comments.js.erb

--709fe27c4--2013-11-27--sarken
9	0	app/views/comments/_commentable.html.erb
1	0	app/views/layouts/_javascripts.html.erb
22	4	app/views/works/_work_header_navigation.html.erb

--7a32d74cf--2014-05-02--Cristina
--be79fe3f4--2014-05-01--Enigel
--dd392e43d--2014-05-01--Scott D. Sullivan
1	1	app/controllers/bookmarks_controller.rb

--076d03a6f--2014-05-01--sarken
--c671af10a--2014-05-01--sarken
9	9	.travis.yml

--490b2731d--2014-05-01--sarken
6	23	features/works/work_search.feature

--a81255081--2014-05-01--sarken
2	2	features/works/work_search.feature

--ca9134f1c--2014-05-01--sarken
13	13	features/works/work_search.feature

--110064d67--2014-05-01--sarken
11	11	features/works/work_search.feature

--66d41ed34--2014-05-01--sarken
4	0	features/step_definitions/work_search_steps.rb
24	23	features/works/work_search.feature

--710b10c31--2014-04-30--sarken
9	9	.travis.yml

--935e6168b--2014-05-01--sarken
6	6	features/works/work_search.feature
0	40	travis.yml

--fc506a79c--2014-05-01--sarken
1	1	features/fixtures/stat_counters.yml
6	6	features/works/work_search.feature

--7077a0004--2014-05-01--sarken
1	1	features/fixtures/stat_counters.yml
7	0	features/fixtures/works.yml
3	3	features/works/work_search.feature

--b68ecd9d5--2014-04-30--sarken
5	0	features/fixtures/stat_counters.yml

--c8dc03425--2014-04-30--sarken
1	2	features/works/work_search.feature
9	9	travis.yml

--736973d8c--2014-04-30--sarken
17	7	features/works/work_search.feature
40	0	travis.yml

--8929efad0--2014-04-30--sarken
4	4	features/fixtures/chapters.yml
5	5	features/fixtures/works.yml

--1a41815cb--2014-04-30--sarken
12	15	features/works/work_search.feature

--99a1224c5--2014-04-30--sarken
1	9	features/works/work_search.feature

--15e04db23--2014-04-30--sarken
5	0	features/step_definitions/work_steps.rb

--842eec7f2--2014-04-30--sarken
10	0	features/works/work_search.feature

--ceed96f20--2014-04-30--sarken
4	4	features/fixtures/chapters.yml
3	3	features/fixtures/stat_counters.yml
12	13	features/works/work_search.feature

--24f2edbe7--2014-04-30--sarken
4	4	features/works/work_search.feature

--083752f37--2014-04-30--sarken
5	5	features/fixtures/works.yml
9	3	features/works/work_search.feature

--08e4c5a30--2014-04-30--sarken
3	3	features/fixtures/stat_counters.yml
8	6	features/works/work_search.feature

--e8668299e--2014-04-30--sarken
1	1	features/works/work_search.feature

--7d8d28819--2014-04-30--sarken
5	5	features/fixtures/works.yml

--5430d3247--2014-04-30--sarken
5	4	features/works/work_search.feature

--40a12798b--2014-04-30--sarken
6	8	features/works/work_search.feature

--c45c01725--2014-04-30--sarken
0	1	features/works/work_search.feature

--faeb2128e--2014-04-30--sarken
1	1	features/works/work_search.feature

--f705eaae8--2014-04-30--sarken
8	5	features/works/work_search.feature

--358d92344--2014-04-30--sarken
4	4	features/works/work_search.feature

--54d4e73b5--2014-04-30--sarken
1	1	features/works/work_search.feature

--13df106d7--2014-04-30--sarken
2	0	features/fixtures/stat_counters.yml
1	0	features/fixtures/works.yml
61	50	features/works/work_search.feature

--7f9732fa0--2014-04-30--sarken
1	1	features/works/work_search.feature

--ebe452c79--2014-04-30--sarken
1	1	features/works/work_search.feature

--4f36a1055--2014-05-01--sarken
--941106c4d--2014-05-01--Scott D. Sullivan
1	0	.travis.yml

--1f7e1c2a9--2014-04-30--Scott D. Sullivan
0	5	features/bookmarks/bookmark_create.feature

--7c293e323--2014-04-30--Scott D. Sullivan
--8ba9d6adf--2014-04-30--Scott D. Sullivan
44	4	app/controllers/bookmarks_controller.rb
16	0	features/bookmarks/bookmark_create.feature

--4332ef9a6--2014-04-30--tuff_ghost
4	16	app/models/subscription.rb
1	1	app/views/layouts/mailer.html.erb
1	2	app/views/layouts/mailer.text.erb
2	1	app/views/user_mailer/batch_subscription_notification.html.erb
4	3	app/views/user_mailer/batch_subscription_notification.text.erb
26	10	features/other/subscriptions.feature

--7dcbb1ff3--2014-04-30--tuff_ghost
2	2	app/models/skin.rb
11	11	app/views/comments/_single_comment.html.erb
12	11	app/views/comments/_single_comment_abbreviated.html.erb
2	7	features/step_definitions/comment_steps.rb
7	7	features/tags_and_wrangling/tag_comment.feature
11	0	lib/tasks/after_tasks.rake
0	4	public/stylesheets/site/2.0/08-actions.css
8	4	public/stylesheets/site/2.0/13-group-blurb.css
18	15	public/stylesheets/site/2.0/15-group-comments.css
26	10	public/stylesheets/site/2.0/25-role-handheld.css

--e685d9aea--2014-04-30--zz9pzza
--31a6face5--2014-04-30--sarken
1	1	features/works/work_search.feature

--fe1925d67--2014-04-30--Cristina
--8d7c4cd11--2014-04-29--sarken
--e486ef9fd--2014-04-30--Cristina
--7627b7fbd--2014-04-30--sarken
7	7	public/help/categories-help.html
10	10	public/help/symbols-key.html

--792935586--2014-04-29--sarken
1	1	app/views/collections/_form.html.erb
1	1	app/views/users/_passwd.html.erb
1	1	app/views/users/change_username.html.erb

--3d71c9d88--2014-04-29--sarken
1	1	app/views/collections/_form.html.erb
1	1	app/views/users/_passwd.html.erb
1	1	app/views/users/change_username.html.erb

--617f6d2ec--2014-04-29--sarken
1	1	public/help/rating-help.html
1	1	public/help/warning-help.html

--736160108--2013-11-11--sarken
1	1	public/help/rating-help.html
1	1	public/help/warning-help.html

--8f372c354--2014-04-29--Cristina
--84dae5291--2014-04-29--Cristina
--76de89ed1--2014-04-29--Cristina
--7428c9650--2014-04-29--Cristina
--d0aaf1eae--2014-04-29--Cristina
--842cad785--2014-04-29--Ariana
2	2	app/views/user_mailer/claim_notification.html.erb
1	1	app/views/user_mailer/claim_notification.text.erb
3	3	app/views/user_mailer/invitation_to_claim.html.erb
1	1	app/views/user_mailer/invitation_to_claim.text.erb
11	3	spec/mailers/user_mailer_spec.rb

--80e43fea3--2014-04-29--Ariana
--0590c04ad--2014-04-29--Scott D. Sullivan
0	1	app/models/collection_item.rb
2	2	app/views/bookmarks/_bookmark_user_module.html.erb

--0223f580c--2014-04-29--Scott D. Sullivan
--d3279619a--2014-04-29--sarken
1	1	app/views/invite_requests/index.html.erb
4	4	app/views/users/_passwd.html.erb
1	1	app/views/users/change_password.html.erb
2	5	app/views/users/change_username.html.erb
1	1	features/other/invite_queue.feature

--97dbd6612--2014-04-28--Cristina
--056e11eab--2014-04-28--Cristina
--36ea384e3--2014-04-28--Cristina
--790c4a71f--2014-04-28--sarken
0	1	features/users/user_rename.feature

--7c30ebab2--2014-04-28--sarken
1	2	features/step_definitions/user_steps.rb

--7d989c6b4--2014-04-28--sarken
1	3	app/controllers/users_controller.rb

--257ef436e--2014-04-28--sarken
4	4	features/prompt_memes/challenge_promptmeme.feature

--4cfcba6b3--2014-04-28--sarken
1	1	app/controllers/admin_posts_controller.rb
3	3	app/views/admin_posts/_admin_index.html.erb
1	1	app/views/admin_posts/_sidebar.html.erb
1	1	app/views/admin_posts/index.html.erb
2	2	app/views/admin_posts/show.html.erb
17	0	features/other/admin_post.feature

--2605480fe--2014-04-27--sarken
--ae399b338--2014-04-28--sarken
3	3	app/views/users/_passwd.html.erb

--2bb50d013--2014-04-28--Cristina
--8a7109f2c--2014-04-28--sarken
4	4	app/views/invite_requests/index.html.erb
7	4	app/views/users/_passwd.html.erb
7	4	app/views/users/change_password.html.erb
8	2	app/views/users/change_username.html.erb
3	9	features/other/invite_queue.feature
6	0	features/step_definitions/invite_steps.rb

--e213ba3d1--2014-04-27--elz
--e89ad908e--2014-04-28--sarken
3	3	features/prompt_memes/challenge_promptmeme.feature

--0cdebd514--2014-04-28--sarken
--84db01a0f--2014-04-27--sarken
1	1	app/views/users/_legal.html.erb

--5f3d09269--2014-04-27--sarken
1	1	README.md

--2c8ee018e--2014-04-28--sarken
5	3	app/views/users/_legal.html.erb
1	1	public/stylesheets/site/2.0/16-zone-system.css

--2a4d70c33--2014-04-28--sarken
1	1	README.md

--6dd6626c2--2014-04-28--sarken
--0deb3213c--2014-04-27--sarken
--6b2b1c428--2014-04-28--sarken
1	1	app/views/bookmarks/index.html.erb
1	1	app/views/collections/_bookmarks_module.html.erb
1	1	app/views/collections/_works_module.html.erb
1	1	app/views/prompts/_prompt_blurb.html.erb
1	1	app/views/readings/index.html.erb

--8e7228f81--2014-04-27--elz
1	1	app/views/saved_works/index.html.erb

--ca565fe8b--2014-04-27--tuff_ghost
0	1	public/javascripts/ao3modal.js
1	1	public/javascripts/ao3modal.min.js

--59408b5ff--2014-04-26--Scott D. Sullivan
--844953377--2014-04-26--Scott D. Sullivan
--6ba56c0e1--2014-04-26--Enigel
22	22	app/views/tag_wranglings/_wrangler_dashboard.html.erb

--04d0098a7--2014-04-26--Enigel
--c945e3529--2014-04-25--sarken
1	1	public/stylesheets/site/2.0/12-group-meta.css

--0213b9067--2014-04-24--Ariana
1	1	app/views/user_mailer/claim_notification.html.erb

--c8ada4b27--2014-04-24--Ariana
--1f88f559d--2014-04-22--Enigel
0	9	app/controllers/tag_wranglings_controller.rb
2	39	app/views/tag_wranglings/index.html.erb
0	4	app/views/tags/wrangle.html.erb

--363bfc943--2014-04-22--elz
5	3	app/views/kudos/_kudos.html.erb
5	3	app/views/kudos/index.html.erb
5	5	features/other/kudos.feature

--329096304--2014-04-22--elz
--38ac2a443--2014-04-22--Enigel
20	9	app/controllers/tags_controller.rb
17	5	spec/controllers/tags_controller_spec.rb

--08e04c83f--2014-04-21--sarken
3	3	public/javascripts/jquery.tokeninput.js

--0c934c8f9--2014-04-21--Enigel
--9da5ed341--2014-04-20--elz
2	2	app/views/kudos/index.html.erb

--90846e6e4--2014-04-20--elz
4	1	app/views/kudos/_kudos.html.erb
8	3	public/javascripts/application.js

--ad572473b--2014-04-20--elz
7	1	app/controllers/kudos_controller.rb
2	0	app/sweepers/kudos_sweeper.rb
1	35	app/views/comments/_commentable.html.erb
10	25	app/views/kudos/_kudos.html.erb
20	0	app/views/kudos/index.html.erb
2	1	app/views/layouts/_javascripts.html.erb
12	11	config/routes.rb
42	4	public/javascripts/application.js

--fa50d4979--2014-04-20--Enigel
1	1	app/controllers/tags_controller.rb
0	1	config/environments/development.rb
53	0	spec/controllers/tags_controller_spec.rb

--9693b3933--2014-04-20--Enigel
--34aeba138--2014-04-19--elz
1	1	app/views/kudos/_kudos.html.erb

--9d88abe19--2012-06-29--Tegan Mulholland
1	0	config/config.yml

--83779db8f--2012-06-29--Tegan Mulholland
26	4	app/views/kudos/_kudos.html.erb

--252cd6626--2014-04-19--sarken
0	8	features/other/series_lock.feature

--817220e97--2014-04-19--sarken
2	2	app/views/series/show.html.erb

--dc72f0cf5--2014-04-19--sarken
3	3	app/views/series/show.html.erb

--fe6b4423c--2013-12-22--sarken
8	0	features/other/series_lock.feature

--f1e83850c--2013-12-20--sarken
2	2	app/views/series/show.html.erb

--1770a3e94--2013-12-20--sarken
6	6	app/views/series/show.html.erb

--3338b96c0--2012-11-08--sarken
35	26	app/views/series/show.html.erb

--eed73e749--2014-04-18--Enigel
8	0	app/controllers/tag_wranglings_controller.rb
14	0	app/controllers/tags_controller.rb
5	0	app/views/tags/wrangle.html.erb

--04bc5e57a--2014-04-18--Enigel
--79fb4d7ef--2014-04-17--elz
5	8	app/views/saved_works/index.html.erb

--c0a74e948--2014-04-17--elz
2	2	app/views/works/_work_header_navigation.html.erb

--48a60e347--2014-04-17--elz
7	8	app/views/users/_sidebar.html.erb

--42d91d587--2014-02-16--elz
1	0	app/models/work.rb

--2cf492f63--2014-02-16--elz
1	7	app/controllers/chapters_controller.rb
1	0	app/views/users/_sidebar.html.erb
0	40	features/other/reading.feature
46	0	features/other/saved_work.feature
10	3	features/step_definitions/generic_steps.rb
2	0	features/support/paths.rb
7	0	lib/tasks/after_tasks.rake
31	0	public/javascripts/saved_works.js

--274399b0c--2014-02-16--elz
1	1	app/views/layouts/_javascripts.html.erb
2	1	app/views/saved_works/index.html.erb

--93dd35996--2014-02-16--elz
1	1	app/controllers/saved_works_controller.rb
4	2	app/models/saved_work.rb
44	0	app/views/saved_works/index.html.erb

--0db129fec--2014-02-15--elz
19	2	app/controllers/saved_works_controller.rb
2	7	app/controllers/works_controller.rb
4	0	app/models/subscription.rb
1	0	app/models/user.rb
43	0	app/models/work_display.rb
7	8	app/views/comments/_commentable.html.erb
1	0	app/views/layouts/_javascripts.html.erb
11	0	app/views/saved_works/_form.html.erb
0	0	app/views/saved_works/index.html.erb
4	2	app/views/works/_work_header_navigation.html.erb
1	0	config/routes.rb

--f0bbe7cac--2014-02-06--elz
22	0	app/controllers/saved_works_controller.rb
11	0	app/models/saved_work.rb
11	0	db/migrate/20140206031705_create_saved_works.rb

--7ffd7c782--2014-04-16--sarken
1	1	app/views/works/_work_header_notes.html.erb

--ad0d0c2ef--2014-04-15--sarken
8	0	app/helpers/works_helper.rb
2	2	app/views/works/_work_header_notes.html.erb

--8c1ea8e78--2013-11-15--sarken
2	2	app/views/works/_work_header_notes.html.erb

--e10bf6f96--2013-11-13--sarken
10	5	app/views/works/_work_header_notes.html.erb

--33e9dc517--2014-04-14--Scott D. Sullivan
--daa87b0dd--2014-04-14--Scott D. Sullivan
--d5cc93650--2014-04-14--Scott D. Sullivan
--907b30bef--2014-04-14--Scott D. Sullivan
1	1	app/controllers/bookmarks_controller.rb
1	1	app/controllers/collection_items_controller.rb
2	1	app/models/collection_item.rb
0	8	app/sweepers/bookmark_sweeper.rb
1	1	app/views/bookmarks/_bookmark_user_module.html.erb

--75dbd0f22--2014-04-14--Enigel
--2e14fa4ad--2014-04-13--Scott D. Sullivan
3	1	app/controllers/bookmarks_controller.rb
1	1	app/controllers/collection_items_controller.rb
8	0	app/sweepers/bookmark_sweeper.rb
0	3	app/sweepers/collection_sweeper.rb
14	7	app/views/bookmarks/_bookmark_user_module.html.erb
8	6	features/other/bookmark_create.feature

--b2f8f4858--2014-04-13--Scott D. Sullivan
4	0	app/sweepers/collection_sweeper.rb
1	1	app/views/bookmarks/_bookmark_user_module.html.erb

--253929b30--2014-04-13--Scott D. Sullivan
--9b6b34a5e--2014-04-03--LadyOscar
1	1	app/controllers/works_controller.rb
3	3	app/views/works/show_multiple.html.erb

--4a97ab29f--2014-03-29--Enigel
0	17	app/views/tags/wrangle.html.erb

--1fd42df9e--2014-03-29--Enigel
--af73c8d3f--2014-03-29--Enigel
--a86b0a7ec--2014-03-29--Enigel
--a95e9ce05--2014-03-29--Enigel
--e7792c538--2014-03-29--Enigel
--4cb7cd5f6--2014-03-24--Enigel
--e8b5219f3--2014-03-08--sarken
1	0	public/javascripts/mce_editor.js

--1f9dd9473--2014-03-08--sarken
7	2	public/javascripts/mce_editor.js
1	1	public/javascripts/mce_editor.min.js

--2fe3baf2e--2014-03-01--Ariana
4	4	features/support/factories.rb

--ac9f05af4--2014-03-01--Ariana
--6728a8ad3--2014-03-01--Ariana
1	2	app/views/user_mailer/claim_notification.text.erb
20	3	features/support/factories.rb
138	9	spec/mailers/user_mailer_spec.rb
11	0	spec/spec_helper.rb

--99b1bc37e--2013-12-24--Emily Everheart
1	1	app/controllers/users_controller.rb
4	4	app/views/users/change_username.html.erb
1	1	features/step_definitions/user_steps.rb

--11dd5f26f--2013-12-19--Emily Everheart
4	2	app/views/users/change_username.html.erb

--9099537b6--2013-12-18--Emily Everheart
42	31	features/users/user_rename.feature

--9096e0f67--2013-12-18--Emily Everheart
4	0	features/step_definitions/user_steps.rb
5	13	features/users/user_rename.feature

--186b5dff8--2013-12-18--Emily Everheart
3	2	app/controllers/users_controller.rb
5	0	features/step_definitions/user_steps.rb
14	6	features/users/user_rename.feature

--424d786fc--2014-02-27--Ariana
--f0e38de31--2014-02-26--Ariana
2	2	app/mailers/user_mailer.rb

--39813fbbf--2014-02-26--Ariana
5	2	app/views/user_mailer/claim_notification.html.erb
5	2	app/views/user_mailer/invitation_to_claim.html.erb

--b72b31433--2013-05-03--Scott D. Sullivan
1	1	app/views/bookmarks/_bookmark_user_module.html.erb
27	0	features/other/bookmark_create.feature
10	0	features/step_definitions/challenge_steps.rb

--2430f2c77--2013-04-26--Scott D. Sullivan
1	1	app/views/bookmarks/_bookmark_user_module.html.erb

--a6e9b157c--2013-04-26--Scott D. Sullivan
12	8	app/views/bookmarks/_bookmark_user_module.html.erb
70	0	features/other/bookmark_create.feature
2	0	features/support/paths.rb

--512f05a87--2014-02-09--sarken
0	17	app/views/tags/wrangle.html.erb

--29d5a2098--2014-02-09--Enigel
6	6	app/controllers/tag_wranglings_controller.rb
3	4	app/controllers/tags_controller.rb
189	181	app/views/tag_wranglings/index.html.erb
134	76	app/views/tags/wrangle.html.erb

--2a7a348bf--2014-02-08--sarken
1	1	features/other/add_comment.feature
6	4	features/other/preferences_edit.feature

--cbd8a6bc2--2014-02-08--sarken
1	0	app/views/users/_edit_user_navigation.html.erb
1	1	features/other/profile_edit.feature
4	4	features/step_definitions/profile_steps.rb
5	5	features/works/work_drafts.feature

--0ece79f3c--2014-02-08--sarken
1	1	app/views/works/_adult.html.erb
3	3	app/views/works/_standard_form.html.erb
1	1	app/views/works/_work_blurb.html.erb
1	1	app/views/works/collected.html.erb
6	1	app/views/works/edit_multiple.html.erb
3	1	app/views/works/new.html.erb
2	1	app/views/works/new_import.html.erb
6	0	app/views/works/show_multiple.html.erb

--8203520d7--2014-02-08--sarken
4	2	app/views/opendoors/external_authors/index.html.erb
1	1	app/views/opendoors/tools/_tools_navigation.html.erb
6	0	app/views/opendoors/tools/index.html.erb
6	6	app/views/users/_contents.html.erb
2	1	app/views/users/_header.html.erb
0	1	app/views/users/_header_navigation.html.erb

--718a4eb5b--2014-02-08--sarken
1	1	app/views/inbox/show.html.erb
5	5	app/views/invitations/_user_invitations_navigation.html.erb
2	1	app/views/invitations/index.html.erb
4	0	app/views/profile/show.html.erb
1	1	app/views/pseuds/_pseud_blurb.html.erb
1	1	app/views/readings/_reading_blurb.html.erb
1	0	app/views/user_invite_requests/new.html.erb

--0d56e2354--2014-02-08--sarken
1	1	app/views/prompts/_prompt_controls.html.erb
1	1	app/views/prompts/_prompt_form_tag_options.html.erb

--f42671786--2014-02-08--sarken
2	2	app/views/challenge/gift_exchange/_challenge_signups.html.erb
1	1	app/views/challenge_assignments/_assignment_blurb.html.erb
1	1	app/views/challenge_signups/_signup_controls.html.erb
1	1	app/views/challenge_signups/index.html.erb
1	1	app/views/challenge_signups/show.html.erb
1	1	app/views/collection_profile/_navigation.html.erb
2	0	app/views/collection_profile/show.html.erb
1	1	app/views/collections/_bookmarks_module.html.erb
1	1	app/views/collections/_collection_blurb.html.erb
1	1	app/views/collections/_collection_profile_navigation.html.erb
1	1	app/views/collections/_works_module.html.erb
1	1	app/views/collections/index.html.erb

--5a308050d--2014-02-08--sarken
1	1	app/views/fandoms/index.html.erb
1	1	app/views/home/index.html.erb
1	1	app/views/layouts/_banner.html.erb
1	1	app/views/media/index.html.erb

--2757c9984--2014-02-08--sarken
1	1	app/views/comments/_commentable.html.erb
1	1	app/views/comments/_confirm_delete.html.erb
1	1	app/views/comments/_single_comment.html.erb
1	1	app/views/comments/new.html.erb

--12cc273ac--2014-02-08--sarken
1	1	app/views/series/_series_blurb.html.erb

--760897adb--2014-02-08--sarken
1	1	app/views/external_works/_blurb.html.erb
1	1	app/views/external_works/_work_module.html.erb

--95e737482--2014-02-08--sarken
1	1	app/views/preferences/index.html.erb

--b1ae4f061--2014-02-08--sarken
6	6	app/views/languages/index.html.erb
1	1	app/views/languages/new.html.erb

--95e9b18d6--2014-02-08--sarken
4	4	app/views/tag_wranglings/index.html.erb
5	5	app/views/tags/edit.html.erb
8	2	app/views/tags/index.html.erb
12	12	app/views/tags/wrangle.html.erb

--2f84dd77c--2014-02-08--sarken
1	1	app/views/chapters/_chapter_management.html.erb
1	1	app/views/chapters/manage.html.erb

--70fe2d1cc--2014-02-08--sarken
6	0	app/views/bookmarks/search.html.erb

--dd12e4102--2014-02-08--sarken
1	1	app/views/known_issues/_admin_index.html.erb
1	1	app/views/known_issues/show.html.erb

--095f299f8--2014-02-08--sarken
1	1	app/views/stats/_navigation.html.erb
6	0	app/views/stats/index.html.erb

--2ffb15c49--2014-02-08--sarken
1	1	app/views/owned_tag_sets/_tag_set_blurb.html.erb
4	4	app/views/owned_tag_sets/_tag_set_form.html.erb
3	0	app/views/owned_tag_sets/batch_load.html.erb
4	2	app/views/owned_tag_sets/index.html.erb
4	1	app/views/owned_tag_sets/show.html.erb
6	3	app/views/tag_set_associations/index.html.erb
10	6	app/views/tag_set_nominations/_nomination_form.html.erb
39	34	app/views/tag_set_nominations/_review.html.erb
7	0	app/views/tag_set_nominations/show.html.erb

--9809fb11e--2014-02-08--sarken
5	0	app/views/admin/activities/index.html.erb
1	1	app/views/admin/activities/show.html.erb
2	1	app/views/admin/admin_invitations/index.html.erb
1	1	app/views/admin/admin_users/show.html.erb
1	1	app/views/admin_posts/_admin_index.html.erb
4	4	app/views/admin_posts/index.html.erb
2	2	app/views/admin_posts/show.html.erb
1	1	app/views/archive_faqs/_admin_index.html.erb

--2b9b3a4d3--2014-02-08--sarken
6	0	app/views/works/search.html.erb

--b7752c480--2014-02-08--sarken
8	2	app/views/bookmarks/search_results.html.erb
8	2	app/views/works/search_results.html.erb

--9e8480646--2014-02-08--sarken
2	2	app/views/bookmarks/_bookmark_blurb.html.erb
1	1	app/views/bookmarks/_bookmark_owner_navigation.html.erb
10	1	app/views/bookmarks/show.html.erb

--f1e25c8c5--2014-02-08--sarken
1	1	app/views/skins/_skin_navigation.html.erb
7	1	app/views/skins/index.html.erb
6	0	app/views/skins/new.html.erb
6	0	app/views/skins/new_wizard.html.erb
2	0	app/views/skins/show.html.erb

--c7f07f026--2014-02-08--sarken
2	2	app/views/admin/_admin_options.html.erb
1	1	public/stylesheets/site/2.0/24-role-admin.css

--6d39774a4--2014-02-08--sarken
1	1	lib/pagination_list_link_renderer.rb

--52c70b4c4--2014-02-08--sarken
6	0	app/views/users/_edit_user_navigation.html.erb
1	7	app/views/users/change_email.html.erb
1	7	app/views/users/change_password.html.erb
1	6	app/views/users/change_username.html.erb
1	14	app/views/users/edit.html.erb

--01187a323--2014-01-27--Karanguni
--600258ec7--2014-01-27--Karanguni
1	1	app/views/users/_legal.html.erb
2	3	public/stylesheets/site/2.0/16-zone-system.css

--5162bf926--2014-01-25--Karanguni
1	1	app/views/users/_legal.html.erb

--ea4e04d3e--2014-01-25--Karanguni
6	0	public/stylesheets/site/2.0/16-zone-system.css

--789f08466--2014-01-24--Karanguni
1	1	app/views/users/_legal.html.erb

--03b54516f--2014-01-25--Karanguni
--23f72d6c9--2014-01-25--Karanguni
1	1	app/views/users/_legal.html.erb

--7bdc0b0b6--2014-01-25--Karanguni
6	0	public/stylesheets/site/2.0/16-zone-system.css

--cccd123c8--2014-01-24--Karanguni
1	1	app/views/users/_legal.html.erb

--84f4c908a--2014-01-25--Karanguni
--877f9b7d4--2014-01-25--Karanguni
6	0	public/stylesheets/site/2.0/16-zone-system.css

--d5607096d--2014-01-24--Karanguni
1	1	app/views/users/_legal.html.erb

--948627e6f--2014-01-24--Karanguni
1	1	app/views/users/_legal.html.erb

--ccefa3ad1--2014-01-14--Enigel
--e391cdbf9--2013-12-28--Enigel
--7472476cc--2013-12-26--sarken
12	0	features/step_definitions/tag_steps.rb
9	9	features/tags_and_wrangling/tag_search.feature

--34d26d643--2013-09-16--sarken
1	1	app/helpers/tags_helper.rb

--062bcca72--2013-08-11--sarken
1	1	app/helpers/tags_helper.rb

--cddf91269--2013-08-07--sarken
2	2	app/views/bookmarks/_bookmark_blurb.html.erb
6	6	app/views/bookmarks/fetch_recent.js.erb
3	3	app/views/bookmarks/hide_recent.js.erb

--48b1c4539--2013-07-08--sarken
2	2	public/help/symbols-key.html

--89e4bf772--2013-04-03--sarken
1	1	public/stylesheets/site/2.0/07-interactions.css

--aff6df428--2012-07-31--sarken
-	-	public/favicon.ico

--4e566c12c--2012-10-23--sarken
1	1	app/views/external_works/edit.html.erb

--91d52834c--2012-09-05--sarken
1	0	public/stylesheets/site/2.0/17-zone-home.css

--84122b511--2012-10-23--sarken
4	0	public/stylesheets/site/2.0/13-group-blurb.css

--efcbb7388--2013-01-12--sarken
10	10	app/views/skins/_form.html.erb

--0e12eac9b--2012-10-23--sarken
2	2	app/views/skins/_form.html.erb

--bd2f84aaa--2013-12-22--sarken
3	3	features/tags_and_wrangling/tag_wrangling_fandoms.feature

--126656c61--2013-06-25--sarken
1	4	app/helpers/application_helper.rb
1	1	app/views/fandoms/index.html.erb
2	2	app/views/inbox/show.html.erb
1	1	app/views/media/index.html.erb
2	2	app/views/owned_tag_sets/_show_fandoms_by_media.html.erb
1	1	app/views/owned_tag_sets/_show_tag_set_tags.html.erb
1	1	app/views/owned_tag_sets/_show_tags_alpha_listbox.html.erb
1	2	app/views/stats/index.html.erb
1	1	app/views/tag_set_nominations/_review.html.erb
1	1	app/views/tag_set_nominations/_review_cast.html.erb
1	1	app/views/tag_set_nominations/_review_fandoms.html.erb
1	1	app/views/tag_set_nominations/_show_by_tag_type.html.erb
1	1	app/views/tag_set_nominations/_tag_nominations_by_fandom.html.erb
1	1	app/views/tag_set_nominations/show.html.erb
1	1	app/views/works/_search_form.html.erb
1	2	app/views/works/_work_form_tags.html.erb
4	1	public/stylesheets/sandbox.css

--d590c2fd1--2013-10-02--sarken
18	10	app/views/users/_contents.html.erb

--22c4f2b4e--2012-12-13--sarken
13	21	app/views/users/_contents.html.erb

--e311d0259--2013-12-01--Enigel
--f4a5cd363--2013-11-11--sarken
3	2	app/helpers/tags_helper.rb

--1aa8f0465--2013-10-30--sarken
4	2	app/views/works/_work_header_navigation.html.erb

--6fbae7e2d--2013-10-27--sarken
0	2	app/views/challenge_assignments/show.html.erb

--f3b25dd6b--2013-10-28--sarken
--96511bdb7--2013-07-18--sarken
1	1	app/views/admin_posts/index.html.erb
1	1	app/views/admin_posts/show.html.erb
1	1	app/views/fandoms/show.html.erb
1	1	public/stylesheets/site/2.0/10-types-groups.css

--04c857fed--2013-05-21--sarken
1	1	app/helpers/tags_helper.rb

--caa6197f4--2013-10-20--Scott D. Sullivan
1	0	.travis.yml
1	1	features/{users => bookmarks}/bookmark_create.feature
0	0	features/{other => bookmarks}/bookmark_privacy.feature
0	0	features/{other => bookmarks}/bookmark_search.feature

--f26aca07f--2013-10-19--Scott D. Sullivan
0	0	features/{other => users}/bookmark_create.feature

--3967f5c61--2013-10-19--Scott D. Sullivan
1	1	features/other/bookmark_create.feature

--56644b348--2013-10-19--Scott D. Sullivan
4	3	features/other/bookmark_create.feature

--64ee88ad7--2013-10-19--Scott D. Sullivan
2	2	features/cassette_library/cucumber_tags/bookmark_fandom_error.yml
2	2	features/cassette_library/cucumber_tags/bookmark_url_error.yml
2	1	features/other/bookmark_create.feature

--9cc737b47--2013-10-15--Scott D. Sullivan
1	1	app/controllers/bookmarks_controller.rb

--548a9be6d--2013-04-29--Scott D. Sullivan
2	3	features/other/bookmark_create.feature

--6204be990--2013-04-29--Scott D. Sullivan
62	0	features/other/bookmark_create.feature
18	0	features/step_definitions/collection_steps.rb

--4b3a9c9e8--2013-02-15--Scott D. Sullivan
6	4	app/controllers/bookmarks_controller.rb
1	1	app/controllers/collection_items_controller.rb

--a69169346--2013-09-25--sarken
1	9	app/views/layouts/_javascripts.html.erb

--e4662a8a3--2013-07-18--sarken
1	1	app/views/admin_posts/index.html.erb
1	1	app/views/admin_posts/show.html.erb
1	1	app/views/fandoms/show.html.erb
1	1	public/stylesheets/site/2.0/10-types-groups.css

--a87c4b5c2--2013-05-21--sarken
0	23	public/stylesheets/sandbox.css

--82e3b8d0d--2013-05-13--tuff_ghost
10	8	app/mailers/user_mailer.rb
80	9	features/other/orphan_work.feature

--da098a3d7--2013-05-01--Ariana
13	13	app/views/skins/_form.html.erb
4	3	app/views/skins/_skin_parent_fields.html.erb
6	15	app/views/skins/_skin_top_navigation.html.erb
23	0	app/views/skins/_skin_type_navigation.html.erb
16	16	app/views/skins/_wizard_form.html.erb
16	18	app/views/skins/index.html.erb
1	1	app/views/skins/new.html.erb
11	12	app/views/skins/new_wizard.html.erb
34	18	app/views/skins/show.html.erb

--353c7428e--2013-04-09--Cristina
52	54	app/views/tag_wranglers/show.html.erb

--e3c82e73c--2013-02-18--Scott D. Sullivan
8	0	app/views/challenge_claims/_unposted_claim_blurb.html.erb

--c7aa7c51a--2013-02-05--Scott D. Sullivan
--3f2a35481--2013-02-05--Scott D. Sullivan
5	3	app/views/challenge_signups/_signup_form.html.erb