--46b4e1261--2014-06-11--Cristina
--dfae6ee5c--2014-06-10--Cristina
--7b15e7246--2014-06-10--sarken
1	1	app/helpers/skins_helper.rb

--b2783d7a4--2014-06-10--zz9pzza
--dc9acf5c3--2014-06-10--zz9pzza
--1e208ebb0--2014-06-10--sarken
1	1	app/views/layouts/_javascripts.html.erb

--8e120c919--2014-06-10--sarken
2	4	app/views/skins/_form.html.erb

--dc824531b--2014-06-10--sarken
2	2	public/javascripts/application.js

--e4658c47c--2014-06-10--sarken
1	1	public/javascripts/application.js

--7a4ec7246--2014-06-10--sarken
4	4	app/views/skins/_form.html.erb
13	8	public/javascripts/application.js

--44e7fe0ce--2014-06-08--Cristina
--c9ae68648--2014-06-08--zz9pzza
--4e5481eb3--2014-06-08--zz9pzza
--3fbd2c35d--2014-06-08--zz9pzza
--570d0fc04--2014-06-08--zz9pzza
--402193f91--2014-06-08--zz9pzza
--a4126d416--2014-06-08--zz9pzza
--caa60f6dc--2014-06-08--zz9pzza
--440957c76--2014-06-07--sarken
--f7e127edc--2014-06-07--zz9pzza
--3dcb9a655--2014-06-07--zz9pzza
--b6017ba7c--2014-06-07--james_
4	4	app/views/home/_tos.html.erb

--f88362cce--2014-06-07--zz9pzza
--3c6054044--2014-06-07--sarken
--8c8db7c17--2014-06-06--sarken
--bf067b3c7--2014-06-06--sarken
--528842630--2014-06-07--sarken
6	5	app/views/bookmarks/index.html.erb

--bdb8a6738--2014-06-07--sarken
28	28	app/views/bookmarks/_bookmark_blurb.html.erb
1	1	app/views/bookmarks/_bookmark_user_module.html.erb

--871f86be2--2014-06-07--sarken
27	27	app/views/bookmarks/_bookmark_form.html.erb
5	4	app/views/bookmarks/_bookmark_owner_navigation.html.erb
1	1	app/views/bookmarks/_bookmark_user_module.html.erb

--71dee8209--2014-06-07--sarken
7	4	app/views/bookmarks/_bookmark_blurb.html.erb
16	10	app/views/bookmarks/_bookmark_form.html.erb
2	1	app/views/bookmarks/_bookmark_owner_navigation.html.erb
8	5	app/views/bookmarks/bookmark_form_dynamic.js.erb

--099aeada6--2014-06-06--sarken
--1746d24b0--2014-06-05--zz9pzza
--72f6f6fc0--2014-06-05--zz9pzza
--b870e24aa--2014-06-05--zz9pzza
--abde226b5--2014-06-05--james_
1	1	app/views/layouts/_footer.html.erb

--38332f7d2--2014-06-05--james_
1	0	app/views/layouts/_footer.html.erb

--4cb084f51--2014-06-05--zz9pzza
--05bdf3b5e--2014-06-05--sarken
1	1	app/views/fandoms/index.html.erb

--234377f8d--2014-06-05--sarken
15	15	app/views/fandoms/index.html.erb

--793049e07--2014-06-05--sarken
2	1	app/views/works/_work_form_tags.html.erb

--9f231e4e8--2014-06-05--sarken
--dcbcbfe4a--2014-06-04--james_
4	4	app/views/home/_tos.html.erb

--296314d2d--2014-06-04--james_
22	22	app/views/home/_tos.html.erb
44	44	app/views/home/tos_faq.html.erb

--ca0b56dac--2014-06-03--sarken
--226b79612--2014-06-03--james_
3	3	app/views/home/_tos.html.erb
4	4	app/views/home/tos_faq.html.erb

--181579282--2014-06-03--james_
1	5	app/views/home/tos_faq.html.erb

--5138c717f--2014-06-03--sarken
--90063ca96--2014-06-03--sarken
--d0e629aef--2014-06-03--sarken
--077e4b496--2014-06-03--sarken
--bd798a1ac--2014-05-29--sarken
13	12	app/views/user_sessions/_passwd_small.html.erb
6	1	public/stylesheets/site/2.0/03-region-header.css

--29d034696--2014-06-02--james_
107	188	app/views/home/tos_faq.html.erb

--b4d2484eb--2014-06-02--zz9pzza
--37072e627--2014-06-02--james_
1	1	app/views/home/tos_faq.html.erb

--7432dfd6b--2014-06-01--james_
17	17	app/views/home/tos_faq.html.erb

--35c9d4e54--2014-06-01--Cristina
--6671aa330--2014-06-01--Cristina
--c05fbba9e--2014-06-01--Cristina
--e0ff8fe88--2014-06-01--sarken
0	10	app/views/comments/_commentable.html.erb
0	1	app/views/layouts/_javascripts.html.erb
0	6	app/views/works/_work_header_navigation.html.erb
7	2	public/javascripts/application.js

--d01193e23--2014-05-31--sarken
--b2469cefb--2014-05-31--james_
1	1	app/views/home/tos_faq.html.erb

--7c5bc4d16--2014-05-31--zz9pzza
--329285a74--2014-05-31--sarken
1	1	features/works/work_lock.feature

--7001d7050--2014-05-31--sarken
4	4	app/helpers/works_helper.rb
28	19	features/other/gift.feature
2	0	features/prompt_memes/challenge_promptmeme_posting_fills.feature
93	23	features/step_definitions/work_related_steps.rb
58	1	features/step_definitions/work_steps.rb
4	0	features/support/paths.rb
3	3	features/works/work_lock.feature
18	11	features/works/work_notes.feature
95	88	features/works/work_related.feature

--e05c7e2ab--2014-05-30--sarken
4	174	app/models/story_parser.rb
1	1	app/views/works/new_import.html.erb
4	4	features/importing/archivist.feature
6	56	features/importing/work_import_ffn.feature
0	100	features/importing/work_import_yt.feature
0	4	features/support/vcr.rb

--9c00beba9--2014-05-29--sarken
2	2	app/views/home/index.html.erb
3	0	features/other/admin_post.feature

--0623a4e21--2014-05-29--james_
8	10	app/views/home/tos_faq.html.erb

--0ab018c4e--2014-05-29--james_
1	1	app/views/home/tos_faq.html.erb

--c8834022b--2014-05-29--james_
484	485	app/views/home/_tos.html.erb
214	119	app/views/home/tos_faq.html.erb

--c64595f62--2014-05-29--James Beal
485	484	app/views/home/_tos.html.erb
120	212	app/views/home/tos_faq.html.erb

--7a14796d5--2014-05-29--zz9pzza
--242c0006d--2014-05-29--zz9pzza
--169f8012d--2014-05-29--zz9pzza
--2a4f31d99--2014-05-29--zz9pzza
--77eb172cf--2014-05-29--james_
114	135	app/views/home/tos_faq.html.erb

--5da012d26--2014-05-29--Cristina
1	1	app/views/home/_dmca.html.erb

--3dc73263c--2014-05-29--Cristina
--fff29eb24--2014-05-29--james_
45	45	app/views/home/_tos.html.erb
105	105	app/views/home/tos_faq.html.erb

--26be69fd6--2014-05-29--zz9pzza
--4b01419f5--2014-05-29--James Beal
0	8	app/views/readings/index.html.erb

--26522a4b2--2014-05-29--James Beal
7	1	app/controllers/chapters_controller.rb
0	39	app/controllers/saved_works_controller.rb
7	2	app/controllers/works_controller.rb
0	13	app/models/saved_work.rb
0	4	app/models/subscription.rb
0	1	app/models/user.rb
0	1	app/models/work.rb
0	43	app/models/work_display.rb
9	7	app/views/comments/_commentable.html.erb
0	1	app/views/layouts/_javascripts.html.erb
0	11	app/views/saved_works/_form.html.erb
0	42	app/views/saved_works/index.html.erb
7	7	app/views/users/_sidebar.html.erb
5	7	app/views/works/_work_header_navigation.html.erb
0	1	config/routes.rb
0	11	db/migrate/20140206031705_create_saved_works.rb
40	0	features/other/reading.feature
0	46	features/other/saved_work.feature
3	10	features/step_definitions/generic_steps.rb
0	2	features/support/paths.rb
12	19	lib/tasks/after_tasks.rake
0	31	public/javascripts/saved_works.js

--fe04577f5--2014-05-29--James Beal
4	0	app/views/readings/index.html.erb

--f4fc5fc5d--2014-05-29--James Beal
4	0	app/views/readings/index.html.erb

--fb141fe06--2014-05-29--James Beal
4	0	app/controllers/readings_controller.rb
5	3	app/views/readings/_reading_blurb.html.erb
5	2	app/views/readings/index.html.erb
2	2	app/views/saved_works/_form.html.erb
1	1	lib/tasks/after_tasks.rake

--98c8a0df1--2014-05-29--James Beal
10	10	features/other/saved_work.feature

--16e069d9c--2014-05-26--james_
7	13	app/views/home/tos_faq.html.erb

--71d6f2454--2014-05-25--Cristina
--19f7e07c1--2014-05-25--james_
0	1	app/views/home/_tos.html.erb

--580bf367d--2014-05-25--james_
1	0	app/views/home/_tos.html.erb

--cbefe8a8b--2014-05-25--james_
7	8	app/views/home/tos_faq.html.erb

--21d35e685--2014-05-25--james_
484	484	app/views/home/_tos.html.erb
613	613	app/views/home/tos_faq.html.erb

--812d32a2a--2014-05-25--james_
45	45	app/views/home/_tos.html.erb
101	101	app/views/home/tos_faq.html.erb

--61aab28d7--2014-05-25--james_
16	16	app/views/home/_tos.html.erb
6	6	app/views/home/tos_faq.html.erb

--e461483c1--2014-05-25--james_
21	22	app/views/home/_tos.html.erb
613	493	app/views/home/tos_faq.html.erb

--ad76e91da--2014-05-25--james_
10	8	config/config.yml
6	2	script/seed_dump.rb

--6b10df7e5--2014-05-24--elz
28	28	app/models/potential_match.rb

--cbfe34272--2014-05-21--zz9pzza
--a627ce349--2014-05-18--Cristina
10	10	features/other/saved_work.feature

--c0e5a8aa6--2014-05-18--Cristina
--4089da548--2014-05-17--elz
1	1	app/views/readings/index.html.erb

--7878f9f13--2014-05-17--elz
0	4	app/controllers/readings_controller.rb
3	5	app/views/readings/_reading_blurb.html.erb
2	5	app/views/readings/index.html.erb
2	2	app/views/saved_works/_form.html.erb

--21b9c773a--2014-05-17--elz
1	1	lib/tasks/after_tasks.rake

--236343c26--2014-05-17--Enigel
33	1	spec/controllers/tags_controller_spec.rb

--ed575901d--2014-05-16--sarken
1	1	public/stylesheets/site/2.0/25-role-handheld.css

--b638315d8--2014-05-15--Enigel
14	8	app/controllers/tag_wranglings_controller.rb
3	3	app/controllers/tags_controller.rb

--4d8a02a45--2014-05-13--ceciliawatt
5	2	app/views/home/_dmca.html.erb

--ba2bf0fd4--2014-05-13--ceciliawatt
1	1	app/views/home/_dmca.html.erb

--1eb9c5424--2014-05-12--zz9pzza
--02e2b33ae--2014-05-11--Elz
--7cdca3540--2014-05-11--elz
10	22	app/controllers/downloads_controller.rb

--11e01ff10--2014-05-11--Elz
--22a9363ce--2014-05-11--Elz
--b27c039a6--2014-05-11--zz9pzza
--b0ea12622--2014-05-11--James Beal
0	1	public/status/index.html
6	51	public/status/simple_status.html

--d439d192b--2014-05-11--sarken
1	1	features/bookmarks/bookmark_create.feature
0	188	features/other/bookmark_create.feature

--bc4854a85--2013-12-22--sarken
188	0	features/other/bookmark_create.feature

--1d7679d72--2013-12-22--sarken
7	5	app/views/bookmarks/show.html.erb

--86c2cfe51--2012-11-11--sarken
7	1	app/views/bookmarks/show.html.erb

--cf35a81a4--2012-11-11--sarken
1	1	app/views/bookmarks/_bookmark_form.html.erb
1	1	app/views/bookmarks/edit.html.erb
15	3	app/views/bookmarks/show.html.erb

--4ea0efea8--2014-05-11--sarken
1	1	app/views/bookmarks/_bookmark_owner_navigation.html.erb

--21029707b--2013-03-25--sarken
1	1	app/views/bookmarks/_bookmark_owner_navigation.html.erb

--bcbc71438--2014-05-11--Enigel
9	8	app/controllers/tag_wranglings_controller.rb
19	18	app/controllers/tags_controller.rb
0	1	app/views/tag_wranglings/index.html.erb
1	2	app/views/tags/wrangle.html.erb

--13d0752c1--2014-05-11--Cristina
2	2	app/views/skins/index.html.erb

--219667a2a--2014-05-11--Enigel
49	23	app/controllers/tag_wranglings_controller.rb
43	27	app/controllers/tags_controller.rb
46	41	app/views/tag_wranglings/index.html.erb
40	38	app/views/tags/wrangle.html.erb

--81f17f589--2014-05-08--James Beal
1	1	Gemfile
2	2	Gemfile.lock

--092ed55d0--2014-05-07--elz
0	1	app/views/comments/_commentable.html.erb

--37cf2a173--2014-05-07--elz
--a75478538--2014-05-04--James Beal
3	1	lib/work_stats.rb

--479fa0909--2014-05-04--James Beal
0	1	app/models/stat_counter.rb

--3870b468c--2014-05-04--Enigel
--73c043dab--2014-05-04--Enigel
9	9	app/views/tag_wranglers/show.html.erb

--12a78bc80--2014-05-04--sarken
1	1	app/controllers/admin_posts_controller.rb

--21999dd13--2014-05-01--sarken
1	1	app/controllers/admin_posts_controller.rb

--c23d4714b--2014-04-19--sarken
1	1	app/views/works/_work_header_navigation.html.erb

--6aba3a2c4--2013-11-28--sarken
2	1	app/views/comments/_commentable.html.erb
1	1	app/views/comments/show_comments.js.erb
3	3	app/views/works/_work_header_navigation.html.erb

--efc2dbe61--2013-11-28--sarken
27	34	app/helpers/comments_helper.rb
1	1	app/views/comments/_commentable.html.erb
4	2	app/views/comments/hide_comments.js.erb
4	2	app/views/comments/show_comments.js.erb

--cffcf082b--2013-11-27--sarken
1	1	app/views/comments/hide_comments.js.erb
1	1	app/views/comments/show_comments.js.erb

--80d2bcc79--2013-11-27--sarken
5	9	app/views/works/_work_header_navigation.html.erb

--4212ebbfd--2013-11-27--sarken
1	1	app/views/comments/show_comments.js.erb

--709fe27c4--2013-11-27--sarken
9	0	app/views/comments/_commentable.html.erb
1	0	app/views/layouts/_javascripts.html.erb
22	4	app/views/works/_work_header_navigation.html.erb

--617f6d2ec--2014-04-29--sarken
1	1	public/help/rating-help.html
1	1	public/help/warning-help.html

--736160108--2013-11-11--sarken
1	1	public/help/rating-help.html
1	1	public/help/warning-help.html

--4cfcba6b3--2014-04-28--sarken
1	1	app/controllers/admin_posts_controller.rb
3	3	app/views/admin_posts/_admin_index.html.erb
1	1	app/views/admin_posts/_sidebar.html.erb
1	1	app/views/admin_posts/index.html.erb
2	2	app/views/admin_posts/show.html.erb
17	0	features/other/admin_post.feature

--8e7228f81--2014-04-27--elz
1	1	app/views/saved_works/index.html.erb

--79fb4d7ef--2014-04-17--elz
5	8	app/views/saved_works/index.html.erb

--c0a74e948--2014-04-17--elz
2	2	app/views/works/_work_header_navigation.html.erb

--48a60e347--2014-04-17--elz
7	8	app/views/users/_sidebar.html.erb

--42d91d587--2014-02-16--elz
1	0	app/models/work.rb

--2cf492f63--2014-02-16--elz
1	7	app/controllers/chapters_controller.rb
1	0	app/views/users/_sidebar.html.erb
0	40	features/other/reading.feature
46	0	features/other/saved_work.feature
10	3	features/step_definitions/generic_steps.rb
2	0	features/support/paths.rb
7	0	lib/tasks/after_tasks.rake
31	0	public/javascripts/saved_works.js

--274399b0c--2014-02-16--elz
1	1	app/views/layouts/_javascripts.html.erb
2	1	app/views/saved_works/index.html.erb

--93dd35996--2014-02-16--elz
1	1	app/controllers/saved_works_controller.rb
4	2	app/models/saved_work.rb
44	0	app/views/saved_works/index.html.erb

--0db129fec--2014-02-15--elz
19	2	app/controllers/saved_works_controller.rb
2	7	app/controllers/works_controller.rb
4	0	app/models/subscription.rb
1	0	app/models/user.rb
43	0	app/models/work_display.rb
7	8	app/views/comments/_commentable.html.erb
1	0	app/views/layouts/_javascripts.html.erb
11	0	app/views/saved_works/_form.html.erb
0	0	app/views/saved_works/index.html.erb
4	2	app/views/works/_work_header_navigation.html.erb
1	0	config/routes.rb

--f0bbe7cac--2014-02-06--elz
22	0	app/controllers/saved_works_controller.rb
11	0	app/models/saved_work.rb
11	0	db/migrate/20140206031705_create_saved_works.rb

--7ffd7c782--2014-04-16--sarken
1	1	app/views/works/_work_header_notes.html.erb

--ad0d0c2ef--2014-04-15--sarken
8	0	app/helpers/works_helper.rb
2	2	app/views/works/_work_header_notes.html.erb

--8c1ea8e78--2013-11-15--sarken
2	2	app/views/works/_work_header_notes.html.erb

--e10bf6f96--2013-11-13--sarken
10	5	app/views/works/_work_header_notes.html.erb

--33e9dc517--2014-04-14--Scott D. Sullivan
--9b6b34a5e--2014-04-03--LadyOscar
1	1	app/controllers/works_controller.rb
3	3	app/views/works/show_multiple.html.erb

--af73c8d3f--2014-03-29--Enigel
--e8b5219f3--2014-03-08--sarken
1	0	public/javascripts/mce_editor.js

--1f9dd9473--2014-03-08--sarken
7	2	public/javascripts/mce_editor.js
1	1	public/javascripts/mce_editor.min.js

--ccefa3ad1--2014-01-14--Enigel
--e391cdbf9--2013-12-28--Enigel
--aff6df428--2012-07-31--sarken
-	-	public/favicon.ico

--91d52834c--2012-09-05--sarken
1	0	public/stylesheets/site/2.0/17-zone-home.css

--efcbb7388--2013-01-12--sarken
10	10	app/views/skins/_form.html.erb

--0e12eac9b--2012-10-23--sarken
2	2	app/views/skins/_form.html.erb

--bd2f84aaa--2013-12-22--sarken
3	3	features/tags_and_wrangling/tag_wrangling_fandoms.feature

--126656c61--2013-06-25--sarken
1	4	app/helpers/application_helper.rb
1	1	app/views/fandoms/index.html.erb
2	2	app/views/inbox/show.html.erb
1	1	app/views/media/index.html.erb
2	2	app/views/owned_tag_sets/_show_fandoms_by_media.html.erb
1	1	app/views/owned_tag_sets/_show_tag_set_tags.html.erb
1	1	app/views/owned_tag_sets/_show_tags_alpha_listbox.html.erb
1	2	app/views/stats/index.html.erb
1	1	app/views/tag_set_nominations/_review.html.erb
1	1	app/views/tag_set_nominations/_review_cast.html.erb
1	1	app/views/tag_set_nominations/_review_fandoms.html.erb
1	1	app/views/tag_set_nominations/_show_by_tag_type.html.erb
1	1	app/views/tag_set_nominations/_tag_nominations_by_fandom.html.erb
1	1	app/views/tag_set_nominations/show.html.erb
1	1	app/views/works/_search_form.html.erb
1	2	app/views/works/_work_form_tags.html.erb
4	1	public/stylesheets/sandbox.css

--e311d0259--2013-12-01--Enigel
--f4a5cd363--2013-11-11--sarken
3	2	app/helpers/tags_helper.rb

--6fbae7e2d--2013-10-27--sarken
0	2	app/views/challenge_assignments/show.html.erb

--04c857fed--2013-05-21--sarken
1	1	app/helpers/tags_helper.rb

--a69169346--2013-09-25--sarken
1	9	app/views/layouts/_javascripts.html.erb

--353c7428e--2013-04-09--Cristina
52	54	app/views/tag_wranglers/show.html.erb

--e3c82e73c--2013-02-18--Scott D. Sullivan
8	0	app/views/challenge_claims/_unposted_claim_blurb.html.erb

--c7aa7c51a--2013-02-05--Scott D. Sullivan
--3f2a35481--2013-02-05--Scott D. Sullivan
5	3	app/views/challenge_signups/_signup_form.html.erb