--26be69fd6--2014-05-29--zz9pzza
--4b01419f5--2014-05-29--James Beal
0	8	app/views/readings/index.html.erb

--26522a4b2--2014-05-29--James Beal
7	1	app/controllers/chapters_controller.rb
0	39	app/controllers/saved_works_controller.rb
7	2	app/controllers/works_controller.rb
0	13	app/models/saved_work.rb
0	4	app/models/subscription.rb
0	1	app/models/user.rb
0	1	app/models/work.rb
0	43	app/models/work_display.rb
9	7	app/views/comments/_commentable.html.erb
0	1	app/views/layouts/_javascripts.html.erb
0	11	app/views/saved_works/_form.html.erb
0	42	app/views/saved_works/index.html.erb
7	7	app/views/users/_sidebar.html.erb
5	7	app/views/works/_work_header_navigation.html.erb
0	1	config/routes.rb
0	11	db/migrate/20140206031705_create_saved_works.rb
40	0	features/other/reading.feature
0	46	features/other/saved_work.feature
3	10	features/step_definitions/generic_steps.rb
0	2	features/support/paths.rb
12	19	lib/tasks/after_tasks.rake
0	31	public/javascripts/saved_works.js

--fe04577f5--2014-05-29--James Beal
4	0	app/views/readings/index.html.erb

--f4fc5fc5d--2014-05-29--James Beal
4	0	app/views/readings/index.html.erb

--fb141fe06--2014-05-29--James Beal
4	0	app/controllers/readings_controller.rb
5	3	app/views/readings/_reading_blurb.html.erb
5	2	app/views/readings/index.html.erb
2	2	app/views/saved_works/_form.html.erb
1	1	lib/tasks/after_tasks.rake

--98c8a0df1--2014-05-29--James Beal
10	10	features/other/saved_work.feature

--71d6f2454--2014-05-25--Cristina
--6b10df7e5--2014-05-24--elz
28	28	app/models/potential_match.rb