--37cf2a173--2014-05-07--elz
--24abcf4e4--2014-05-07--Cristina
--443a770b0--2014-05-07--Ariana
7	8	app/views/skins/_skin_top_navigation.html.erb

--db9e352d5--2014-05-07--Ariana
2	2	app/views/skins/_skin_top_navigation.html.erb

--8a4624a20--2014-05-07--Ariana
4	3	app/views/skins/_skin_top_navigation.html.erb
15	11	features/other/skin.feature
2	2	features/step_definitions/skin_steps.rb

--7a0d5571d--2014-05-06--Ariana
4	4	app/views/skins/_form.html.erb

--606197156--2014-05-06--Ariana
2	2	app/views/skins/new.html.erb

--b4dc195ea--2014-05-06--Ariana
8	15	app/views/skins/_skin_top_navigation.html.erb
2	2	app/views/skins/new_wizard.html.erb

--0125221ad--2014-05-06--Ariana
4	1	app/views/skins/_skin_top_navigation.html.erb

--5e8faa2f3--2014-05-06--Ariana
5	3	app/views/skins/index.html.erb

--38f389f8d--2014-05-06--Ariana
37	37	app/views/preferences/index.html.erb

--2442fe080--2014-05-06--Ariana
1	1	app/views/preferences/index.html.erb
1	1	app/views/works/_standard_form.html.erb

--50bb65320--2014-05-05--sarken
--78abba737--2014-05-05--Cecilia Watt
7	7	app/views/home/_dmca.html.erb

--cf8563e4f--2014-05-05--Cecilia Watt
1	1	app/views/home/_dmca.html.erb

--62f5397b5--2014-05-05--Cecilia Watt
1	1	app/views/home/dmca.html.erb

--126e75239--2014-05-05--Cecilia Watt
1	1	app/views/home/_dmca.html.erb

--fda57a9cc--2014-05-05--Cecilia Watt
1	1	app/controllers/application_controller.rb
2	3	app/views/home/_dmca.html.erb

--6572092da--2014-05-05--Cecilia Watt
83	476	app/views/home/_dmca.html.erb

--84dc8b6bb--2014-04-29--Cecilia Watt
5	0	app/controllers/home_controller.rb
485	0	app/views/home/_dmca.html.erb
3	0	app/views/home/dmca.html.erb
1	0	config/routes.rb

--4a7ecf2d9--2014-05-05--Cristina
--995e5d1c6--2014-05-05--Cristina
--060d96b27--2014-05-05--Cristina
--68f316dce--2014-05-05--Cristina
--1b89dc552--2014-05-05--Cristina
--5f419d1ad--2014-05-05--sarken
1	1	features/tags_and_wrangling/tag_wrangling_characters.feature

--e265ca8c9--2014-05-05--sarken
9	10	app/helpers/prompt_restrictions_helper.rb

--a9c56fdd0--2013-12-23--sarken
1	1	features/gift_exchanges/challenge_yuletide.feature

--dd6e45f73--2013-10-28--sarken
1	1	app/views/challenge_signups/_signup_form.html.erb
2	2	features/prompt_memes/challenge_promptmeme.feature

--363cff6aa--2012-11-26--sarken
5	6	app/helpers/prompt_restrictions_helper.rb
3	3	app/views/prompts/_prompt_form_tag_options.html.erb

--7266d023d--2012-11-26--sarken
0	8	app/views/challenge_signups/_signup_form.html.erb

--417d7c34f--2012-11-12--sarken
15	0	app/helpers/prompt_restrictions_helper.rb
8	8	app/views/prompts/_prompt_form.html.erb
4	10	app/views/prompts/_prompt_form_tag_options.html.erb

--17077e612--2012-11-11--sarken
16	13	app/views/challenge_signups/_signup_form.html.erb
1	0	app/views/prompts/_prompt_form_tag_options.html.erb

--a4bf24928--2012-11-11--sarken
8	0	app/views/challenge_signups/_signup_form.html.erb
21	9	app/views/prompts/_prompt_form.html.erb
6	2	app/views/prompts/_prompt_form_tag_options.html.erb

--ecaf457c1--2014-05-05--sarken
2	2	app/views/profile/show.html.erb

--0bf843f7d--2013-07-08--sarken
23	21	app/views/profile/show.html.erb

--d9a085d49--2014-05-05--sarken
11	6	app/views/tags/edit.html.erb

--7fe7cd488--2014-05-05--Ariana
2	5	features/other/skin.feature
1	1	features/support/paths.rb

--a5ae9a7f7--2014-05-05--Ariana
1	1	app/controllers/skins_controller.rb

--4504c78a1--2014-05-04--Ariana
--c71527147--2014-05-04--Ariana
--da267daf9--2014-05-04--Ariana
--860185853--2014-05-04--Ariana
1	1	Gemfile
24	0	app/views/skins/_skin_type_navigation.html.erb

--f432f7e4b--2014-05-04--Cristina
--483fe8d00--2014-05-04--Cristina
--0712e602f--2014-05-04--Cristina
--d4e2d096a--2014-05-04--Cristina
--fd0dccbe8--2014-05-04--Cristina
--579dd349c--2014-05-04--Cristina
--985860b87--2014-05-04--Cristina
--ce640c18e--2014-05-04--Cristina
--c33df437c--2014-05-04--Ariana
1	1	app/views/skins/_skin_top_navigation.html.erb
1	1	app/views/skins/index.html.erb
9	2	app/views/skins/new.html.erb
10	4	app/views/skins/new_wizard.html.erb
7	8	features/other/skin.feature

--de133f551--2014-05-04--sarken
6	6	app/views/works/_work_module.html.erb

--a4bf3deaf--2014-05-04--sarken
16	16	app/views/works/_work_module.html.erb

--21f0d063a--2014-05-04--sarken
9	9	app/views/works/_work_module.html.erb

--1c1937682--2014-05-04--sarken
3	3	app/views/works/_work_module.html.erb

--57cfa8908--2013-01-12--sarken
4	4	app/views/works/_work_module.html.erb

--abc41f537--2012-11-30--sarken
11	2	app/views/works/_work_module.html.erb

--947fc583a--2014-01-03--sarken
19	25	app/views/share/_share.html.erb

--66e573ac4--2014-01-03--sarken
8	7	app/views/share/_share.html.erb
7	5	app/views/works/_work_header_navigation.html.erb
6	0	features/step_definitions/preferences_steps.rb
8	0	features/step_definitions/user_steps.rb
9	0	features/step_definitions/work_steps.rb
15	0	features/works/work_share.feature

--e606f7090--2014-05-04--sarken
1	1	public/stylesheets/site/2.0/10-types-groups.css
1	1	public/stylesheets/site/2.0/13-group-blurb.css

--30996390d--2014-02-16--sarken
1	1	public/stylesheets/site/2.0/01-core.css
1	1	public/stylesheets/site/2.0/02-elements.css
1	1	public/stylesheets/site/2.0/03-region-header.css
1	1	public/stylesheets/site/2.0/04-region-dashboard.css
1	1	public/stylesheets/site/2.0/05-region-main.css
1	1	public/stylesheets/site/2.0/06-region-footer.css
1	1	public/stylesheets/site/2.0/07-interactions.css
1	1	public/stylesheets/site/2.0/08-actions.css
1	1	public/stylesheets/site/2.0/09-roles-states.css
1	1	public/stylesheets/site/2.0/10-types-groups.css
1	1	public/stylesheets/site/2.0/11-group-listbox.css
1	1	public/stylesheets/site/2.0/12-group-meta.css
1	1	public/stylesheets/site/2.0/14-group-preface.css
1	1	public/stylesheets/site/2.0/15-group-comments.css
1	1	public/stylesheets/site/2.0/28-role-ie8_or_lower.css
1	1	public/stylesheets/site/2.0/29-role-ie5.css
1	1	public/stylesheets/site/2.0/30-role-ie6.css
1	1	public/stylesheets/site/2.0/31-role-ie7.css

--89ac742e2--2012-08-24--sarken
1	1	public/stylesheets/site/2.0/02-elements.css
1	1	public/stylesheets/site/2.0/10-types-groups.css

--17efcd69d--2012-08-24--sarken
1	1	public/stylesheets/site/2.0/01-core.css
1	1	public/stylesheets/site/2.0/03-region-header.css
1	1	public/stylesheets/site/2.0/04-region-dashboard.css
1	1	public/stylesheets/site/2.0/05-region-main.css
1	1	public/stylesheets/site/2.0/06-region-footer.css
1	0	public/stylesheets/site/2.0/07-interactions.css
1	1	public/stylesheets/site/2.0/08-actions.css
1	1	public/stylesheets/site/2.0/09-roles-states.css
1	1	public/stylesheets/site/2.0/10-types-groups.css
1	1	public/stylesheets/site/2.0/11-group-listbox.css
2	1	public/stylesheets/site/2.0/12-group-meta.css
1	1	public/stylesheets/site/2.0/13-group-blurb.css
1	1	public/stylesheets/site/2.0/14-group-preface.css
1	1	public/stylesheets/site/2.0/15-group-comments.css
1	1	public/stylesheets/site/2.0/28-role-ie8_or_lower.css
1	1	public/stylesheets/site/2.0/29-role-ie5.css
1	1	public/stylesheets/site/2.0/30-role-ie6.css
1	1	public/stylesheets/site/2.0/31-role-ie7.css

--ad670d9e3--2014-05-03--Cristina
--4f8269859--2014-05-03--Cristina
--9c40529d9--2014-05-03--Cristina
--45c672b4e--2014-05-03--Cristina
--45965afa3--2014-05-03--sarken
--c5163badc--2014-05-03--elz
1	1	app/views/kudos/_kudos.html.erb

--f01d4d713--2014-05-03--Ariana
21	21	app/views/skins/_form.html.erb
8	7	app/views/skins/_skin_parent_fields.html.erb
9	17	app/views/skins/_skin_top_navigation.html.erb
4	4	app/views/skins/_wizard_form.html.erb
20	24	app/views/skins/index.html.erb
3	3	app/views/skins/new.html.erb
4	6	app/views/skins/new_wizard.html.erb
39	23	app/views/skins/show.html.erb
3	2	app/views/works/_standard_form.html.erb
54	7	features/other/skin.feature

--3f34383f0--2014-05-03--sarken
1	1	app/views/works/_work_form_tags.html.erb

--53b461da4--2014-05-03--sarken
8	4	app/views/works/_search_form.html.erb

--bedaea86a--2014-05-03--sarken
10	10	app/views/works/_work_form_tags.html.erb

--84cfa4e6e--2014-05-03--sarken
1	1	app/views/bookmarks/_external_work_fields.html.erb
1	1	app/views/works/_search_form.html.erb
1	1	app/views/works/_work_form_tags.html.erb

--749c5e23f--2014-05-02--Cristina
--d38ea09f2--2014-05-02--Cristina
--1acc68461--2014-05-01--sarken
--f096f5569--2014-05-02--sarken
4	4	public/help/symbols-key.html

--30a5dc21f--2014-05-02--Cristina
--7a32d74cf--2014-05-02--Cristina
--dd392e43d--2014-05-01--Scott D. Sullivan
1	1	app/controllers/bookmarks_controller.rb

--076d03a6f--2014-05-01--sarken
--c671af10a--2014-05-01--sarken
9	9	.travis.yml

--490b2731d--2014-05-01--sarken
6	23	features/works/work_search.feature

--a81255081--2014-05-01--sarken
2	2	features/works/work_search.feature

--ca9134f1c--2014-05-01--sarken
13	13	features/works/work_search.feature

--110064d67--2014-05-01--sarken
11	11	features/works/work_search.feature

--66d41ed34--2014-05-01--sarken
4	0	features/step_definitions/work_search_steps.rb
24	23	features/works/work_search.feature

--710b10c31--2014-04-30--sarken
9	9	.travis.yml

--935e6168b--2014-05-01--sarken
6	6	features/works/work_search.feature
0	40	travis.yml

--fc506a79c--2014-05-01--sarken
1	1	features/fixtures/stat_counters.yml
6	6	features/works/work_search.feature

--7077a0004--2014-05-01--sarken
1	1	features/fixtures/stat_counters.yml
7	0	features/fixtures/works.yml
3	3	features/works/work_search.feature

--b68ecd9d5--2014-04-30--sarken
5	0	features/fixtures/stat_counters.yml

--c8dc03425--2014-04-30--sarken
1	2	features/works/work_search.feature
9	9	travis.yml

--736973d8c--2014-04-30--sarken
17	7	features/works/work_search.feature
40	0	travis.yml

--8929efad0--2014-04-30--sarken
4	4	features/fixtures/chapters.yml
5	5	features/fixtures/works.yml

--1a41815cb--2014-04-30--sarken
12	15	features/works/work_search.feature

--99a1224c5--2014-04-30--sarken
1	9	features/works/work_search.feature

--15e04db23--2014-04-30--sarken
5	0	features/step_definitions/work_steps.rb

--842eec7f2--2014-04-30--sarken
10	0	features/works/work_search.feature

--ceed96f20--2014-04-30--sarken
4	4	features/fixtures/chapters.yml
3	3	features/fixtures/stat_counters.yml
12	13	features/works/work_search.feature

--24f2edbe7--2014-04-30--sarken
4	4	features/works/work_search.feature

--083752f37--2014-04-30--sarken
5	5	features/fixtures/works.yml
9	3	features/works/work_search.feature

--08e4c5a30--2014-04-30--sarken
3	3	features/fixtures/stat_counters.yml
8	6	features/works/work_search.feature

--e8668299e--2014-04-30--sarken
1	1	features/works/work_search.feature

--7d8d28819--2014-04-30--sarken
5	5	features/fixtures/works.yml

--5430d3247--2014-04-30--sarken
5	4	features/works/work_search.feature

--40a12798b--2014-04-30--sarken
6	8	features/works/work_search.feature

--c45c01725--2014-04-30--sarken
0	1	features/works/work_search.feature

--faeb2128e--2014-04-30--sarken
1	1	features/works/work_search.feature

--f705eaae8--2014-04-30--sarken
8	5	features/works/work_search.feature

--358d92344--2014-04-30--sarken
4	4	features/works/work_search.feature

--54d4e73b5--2014-04-30--sarken
1	1	features/works/work_search.feature

--13df106d7--2014-04-30--sarken
2	0	features/fixtures/stat_counters.yml
1	0	features/fixtures/works.yml
61	50	features/works/work_search.feature

--7f9732fa0--2014-04-30--sarken
1	1	features/works/work_search.feature

--ebe452c79--2014-04-30--sarken
1	1	features/works/work_search.feature

--4f36a1055--2014-05-01--sarken
--941106c4d--2014-05-01--Scott D. Sullivan
1	0	.travis.yml

--1f7e1c2a9--2014-04-30--Scott D. Sullivan
0	5	features/bookmarks/bookmark_create.feature

--7c293e323--2014-04-30--Scott D. Sullivan
--8ba9d6adf--2014-04-30--Scott D. Sullivan
44	4	app/controllers/bookmarks_controller.rb
16	0	features/bookmarks/bookmark_create.feature

--4332ef9a6--2014-04-30--tuff_ghost
4	16	app/models/subscription.rb
1	1	app/views/layouts/mailer.html.erb
1	2	app/views/layouts/mailer.text.erb
2	1	app/views/user_mailer/batch_subscription_notification.html.erb
4	3	app/views/user_mailer/batch_subscription_notification.text.erb
26	10	features/other/subscriptions.feature

--7dcbb1ff3--2014-04-30--tuff_ghost
2	2	app/models/skin.rb
11	11	app/views/comments/_single_comment.html.erb
12	11	app/views/comments/_single_comment_abbreviated.html.erb
2	7	features/step_definitions/comment_steps.rb
7	7	features/tags_and_wrangling/tag_comment.feature
11	0	lib/tasks/after_tasks.rake
0	4	public/stylesheets/site/2.0/08-actions.css
8	4	public/stylesheets/site/2.0/13-group-blurb.css
18	15	public/stylesheets/site/2.0/15-group-comments.css
26	10	public/stylesheets/site/2.0/25-role-handheld.css

--e685d9aea--2014-04-30--zz9pzza
--31a6face5--2014-04-30--sarken
1	1	features/works/work_search.feature

--fe1925d67--2014-04-30--Cristina
--8d7c4cd11--2014-04-29--sarken
--e486ef9fd--2014-04-30--Cristina
--7627b7fbd--2014-04-30--sarken
7	7	public/help/categories-help.html
10	10	public/help/symbols-key.html

--792935586--2014-04-29--sarken
1	1	app/views/collections/_form.html.erb
1	1	app/views/users/_passwd.html.erb
1	1	app/views/users/change_username.html.erb

--3d71c9d88--2014-04-29--sarken
1	1	app/views/collections/_form.html.erb
1	1	app/views/users/_passwd.html.erb
1	1	app/views/users/change_username.html.erb

--8f372c354--2014-04-29--Cristina
--84dae5291--2014-04-29--Cristina
--76de89ed1--2014-04-29--Cristina
--7428c9650--2014-04-29--Cristina
--d0aaf1eae--2014-04-29--Cristina
--842cad785--2014-04-29--Ariana
2	2	app/views/user_mailer/claim_notification.html.erb
1	1	app/views/user_mailer/claim_notification.text.erb
3	3	app/views/user_mailer/invitation_to_claim.html.erb
1	1	app/views/user_mailer/invitation_to_claim.text.erb
11	3	spec/mailers/user_mailer_spec.rb

--80e43fea3--2014-04-29--Ariana
--0590c04ad--2014-04-29--Scott D. Sullivan
0	1	app/models/collection_item.rb
2	2	app/views/bookmarks/_bookmark_user_module.html.erb

--0223f580c--2014-04-29--Scott D. Sullivan
--d3279619a--2014-04-29--sarken
1	1	app/views/invite_requests/index.html.erb
4	4	app/views/users/_passwd.html.erb
1	1	app/views/users/change_password.html.erb
2	5	app/views/users/change_username.html.erb
1	1	features/other/invite_queue.feature

--97dbd6612--2014-04-28--Cristina
--056e11eab--2014-04-28--Cristina
--36ea384e3--2014-04-28--Cristina
--790c4a71f--2014-04-28--sarken
0	1	features/users/user_rename.feature

--7c30ebab2--2014-04-28--sarken
1	2	features/step_definitions/user_steps.rb

--7d989c6b4--2014-04-28--sarken
1	3	app/controllers/users_controller.rb

--2605480fe--2014-04-27--sarken
--ae399b338--2014-04-28--sarken
3	3	app/views/users/_passwd.html.erb

--2bb50d013--2014-04-28--Cristina
--8a7109f2c--2014-04-28--sarken
4	4	app/views/invite_requests/index.html.erb
7	4	app/views/users/_passwd.html.erb
7	4	app/views/users/change_password.html.erb
8	2	app/views/users/change_username.html.erb
3	9	features/other/invite_queue.feature
6	0	features/step_definitions/invite_steps.rb

--e213ba3d1--2014-04-27--elz
--0cdebd514--2014-04-28--sarken
--84db01a0f--2014-04-27--sarken
1	1	app/views/users/_legal.html.erb

--5f3d09269--2014-04-27--sarken
1	1	README.md

--2c8ee018e--2014-04-28--sarken
5	3	app/views/users/_legal.html.erb
1	1	public/stylesheets/site/2.0/16-zone-system.css

--2a4d70c33--2014-04-28--sarken
1	1	README.md

--6dd6626c2--2014-04-28--sarken
--0deb3213c--2014-04-27--sarken
--8e7228f81--2014-04-27--elz
1	1	app/views/saved_works/index.html.erb

--f30087057--2014-04-27--Cristina
--1289065f2--2014-04-27--Cristina
--7b5837d6c--2014-04-27--Cristina
--654691557--2014-04-27--Cristina
--ca565fe8b--2014-04-27--tuff_ghost
0	1	public/javascripts/ao3modal.js
1	1	public/javascripts/ao3modal.min.js

--59408b5ff--2014-04-26--Scott D. Sullivan
--844953377--2014-04-26--Scott D. Sullivan
--1782ebf24--2014-04-26--Cristina
--f691c8f4b--2014-04-25--elz
1	1	app/models/redis_mail_queue.rb
14	14	lib/autocomplete_source.rb

--157a9d4e1--2014-04-25--Ariana
1	1	app/views/layouts/session.html.erb

--f56d78659--2014-04-25--James Beal
2	0	config/redis.codeship.example

--c28b2d54a--2014-04-25--James Beal
2	2	config/{redis.codeshipe.example => redis.codeship.example}
1	1	script/prepare_codeship.sh

--9827c5a06--2014-04-25--James Beal
--5fa385f98--2014-04-25--zz9pzza
--bc3f8c50e--2014-04-25--James Beal
42	0	config/codeship/redis1.conf
42	0	config/codeship/redis2.conf
6	1	config/redis.travis.example
2	0	script/prepare_codeship.sh

--e5b018738--2014-04-25--elz
4	4	app/models/challenge_assignment.rb
16	16	app/models/potential_match.rb
4	4	app/models/reading.rb
37	33	app/models/redis_mail_queue.rb
1	1	app/models/response_observer.rb
7	7	app/models/stat_counter.rb
5	5	app/models/tag.rb
9	9	app/models/tagset_models/tag_set.rb
10	10	app/models/tagset_models/tag_set_association.rb
22	19	config/initializers/gem-plugin_config/redis.rb
6	6	config/initializers/gem-plugin_config/resque.rb
12	3	config/redis.example
6	1	config/redis.travis.example
5	5	doc/app/HitCounter.html
13	13	doc/app/PotentialMatch.html
4	4	doc/app/Reading.html
18	18	doc/app/RedisMailQueue.html
5	5	doc/app/StatCounter.html
5	5	doc/app/Tag.html
9	9	doc/app/TagSet.html
10	10	doc/app/TagSetAssociation.html
60	60	lib/autocomplete_source.rb
12	12	lib/tasks/load_autocomplete_data.rake
28	28	lib/work_stats.rb
2	2	lib/works_owner.rb
1	1	spec/controllers/autocomplete_controller_spec.rb

--9f2518df7--2014-04-25--sarken
2	2	app/views/layouts/barebones.html.erb

--2a9c16c11--2014-04-25--sarken
7	1	features/works/work_edit_tags.feature

--8ee8e3b08--2014-04-25--sarken
1	1	app/views/works/edit_tags.html.erb

--1aae8ba07--2014-04-25--sarken
3	1	app/views/works/edit_tags.html.erb
3	1	features/works/work_edit_tags.feature

--c945e3529--2014-04-25--sarken
1	1	public/stylesheets/site/2.0/12-group-meta.css

--0213b9067--2014-04-24--Ariana
1	1	app/views/user_mailer/claim_notification.html.erb

--c8ada4b27--2014-04-24--Ariana
--5b34fe047--2014-04-24--Cristina
--468ecc4b4--2014-04-24--Cristina
--c09b638c0--2014-04-24--sarken
4	0	public/stylesheets/site/2.0/12-group-meta.css

--d6a77664a--2014-04-24--sarken
0	1	features/other/subscriptions.feature

--6b5887eeb--2014-04-24--sarken
--4593e8370--2014-04-23--sarken
--d60c2e03d--2014-04-24--Scott D. Sullivan
1	1	features/works/work_languages.feature

--03cc68ac0--2014-04-24--sarken
2	2	features/works/work_search.feature

--ec75a0317--2014-04-24--Scott D. Sullivan
0	5	app/helpers/works_helper.rb
9	0	app/views/works/_meta.html.erb
5	4	app/views/works/_work_module.html.erb

--112cf4dfd--2014-04-24--sarken
6	0	features/fixtures/chapters.yml
4	0	features/fixtures/creatorships.yml
3	0	features/fixtures/stat_counters.yml
15	0	features/fixtures/taggings.yml
12	1	features/fixtures/works.yml
20	7	features/other/subscriptions.feature

--f20c26b08--2014-04-24--sarken
1	1	app/views/subscriptions/index.html.erb

--1c5717079--2014-04-24--sarken
1	1	app/views/collection_items/_collection_item_form.html.erb

--b377124a3--2014-04-23--sarken
--a3edc49c4--2014-04-23--Cristina
--c9cabe4c6--2014-04-23--Ariana
1	1	features/fixtures/works.yml
11	0	features/other/subscriptions.feature

--d1fb7578f--2014-04-23--Ariana
1	1	app/controllers/subscriptions_controller.rb

--ddeaf3bb5--2014-04-23--sarken
1	1	public/help/people-search-name-help.html

--1b1a90792--2014-04-23--sarken
0	11	public/help/people-search-bookmark-help.html
0	21	public/help/people-search-text-help.html

--6dd4d41a3--2014-04-23--sarken
5	5	public/help/people-search-name-help.html

--363bfc943--2014-04-22--elz
5	3	app/views/kudos/_kudos.html.erb
5	3	app/views/kudos/index.html.erb
5	5	features/other/kudos.feature

--329096304--2014-04-22--elz
--1dd9cf808--2014-04-22--Cristina
--f7fe42889--2014-04-22--Cristina
--669509d1b--2014-04-21--Scott D. Sullivan
1	1	app/views/works/_work_module.html.erb

--202e3d4ea--2014-04-22--Cristina
--08e04c83f--2014-04-21--sarken
3	3	public/javascripts/jquery.tokeninput.js

--3a7d7ef21--2014-04-21--Ariana
--3852aab73--2014-04-21--Scott D. Sullivan
--5018a8b03--2014-04-21--Lady Oscar
1	1	app/mailers/user_mailer.rb

--fc17c28fe--2014-04-21--zz9pzza
--8560e929d--2014-04-21--Ariana
3	3	app/models/work.rb

--54fc771f0--2014-04-21--Enigel
5	5	app/helpers/share_helper.rb
3	0	spec/requests/comments_spec.rb

--c0190ff7c--2014-04-21--Enigel
1	1	app/models/collection.rb
1	1	app/models/series.rb

--e391cec83--2014-04-21--Enigel
1	1	app/models/work.rb

--e4293dbff--2014-04-21--Scott D. Sullivan
1	1	app/mailers/admin_mailer.rb
4	2	features/other/admin_tasks.feature

--ae8011776--2014-04-21--Cristina
--c09f7cebb--2014-04-21--Scott D. Sullivan
--6d8a63e9f--2014-04-21--Scott D. Sullivan
1	1	features/other/subscriptions.feature
1	1	features/step_definitions/subscription_steps.rb

--b8512cb58--2014-04-21--Scott D. Sullivan
--63dfd2b74--2014-04-21--Cristina
--5b975cd30--2014-04-21--Cristina
--f1df5152d--2014-04-21--Cristina
--b98f7fc2b--2014-04-21--Cristina
--af7daeb49--2014-04-21--Cristina
--b21dc5df5--2014-04-21--Cristina
--04704eca3--2014-04-21--Cristina
--f2c615e59--2014-04-21--Cristina
--711869738--2014-04-21--Cristina
--ad312c503--2014-04-21--Cristina
--9da5ed341--2014-04-20--elz
2	2	app/views/kudos/index.html.erb

--692748cdc--2014-04-21--Cristina
--90846e6e4--2014-04-20--elz
4	1	app/views/kudos/_kudos.html.erb
8	3	public/javascripts/application.js

--ad572473b--2014-04-20--elz
7	1	app/controllers/kudos_controller.rb
2	0	app/sweepers/kudos_sweeper.rb
1	35	app/views/comments/_commentable.html.erb
10	25	app/views/kudos/_kudos.html.erb
20	0	app/views/kudos/index.html.erb
2	1	app/views/layouts/_javascripts.html.erb
12	11	config/routes.rb
42	4	public/javascripts/application.js

--9d4dae79f--2014-04-20--sarken
2	2	features/gift_exchanges/challenge_giftexchange.feature

--f9a735ce7--2014-04-20--Cristina
--b8b1c5bc9--2014-04-19--elz
1	1	lib/taggable.rb

--34aeba138--2014-04-19--elz
1	1	app/views/kudos/_kudos.html.erb

--6a1afae0a--2014-04-19--zz9pzza
--f0e85d0b9--2014-04-19--James Beal
0	2	README.md

--5f1d4d1bc--2014-04-19--Ariana
3	3	.travis.yml

--9d88abe19--2012-06-29--Tegan Mulholland
1	0	config/config.yml

--83779db8f--2012-06-29--Tegan Mulholland
26	4	app/views/kudos/_kudos.html.erb

--743b22518--2014-04-19--Cristina
--37bda29fc--2014-04-19--sarken
0	14	features/step_definitions/challenge_steps.rb

--1bea1b2c2--2014-04-19--sarken
3	0	app/controllers/works_controller.rb
4	0	features/step_definitions/work_steps.rb
8	1	features/works/work_drafts.feature

--8986acc6e--2014-04-19--Cristina
--252cd6626--2014-04-19--sarken
0	8	features/other/series_lock.feature

--817220e97--2014-04-19--sarken
2	2	app/views/series/show.html.erb

--dc72f0cf5--2014-04-19--sarken
3	3	app/views/series/show.html.erb

--fe6b4423c--2013-12-22--sarken
8	0	features/other/series_lock.feature

--f1e83850c--2013-12-20--sarken
2	2	app/views/series/show.html.erb

--1770a3e94--2013-12-20--sarken
6	6	app/views/series/show.html.erb

--3338b96c0--2012-11-08--sarken
35	26	app/views/series/show.html.erb

--c879e17be--2013-10-28--sarken
5	5	app/views/works/confirm_delete.html.erb
3	5	features/works/work_drafts.feature

--28a9587f1--2013-10-26--sarken
11	5	app/views/works/confirm_delete.html.erb
4	1	features/works/work_drafts.feature

--be17581c5--2013-10-26--sarken
1	0	features/works/work_drafts.feature

--53176dc31--2013-10-26--sarken
1	1	app/views/works/_work_blurb.html.erb

--2bc229966--2013-10-25--sarken
1	1	app/views/works/_work_blurb.html.erb

--1292baf88--2013-10-29--sarken
3	11	features/gift_exchanges/challenge_giftexchange.feature
6	6	features/prompt_memes/challenge_promptmeme.feature
38	2	features/step_definitions/challenge_steps.rb

--887a60c67--2013-10-28--sarken
2	2	app/views/challenge_signups/confirm_delete.html.erb

--31c26980d--2013-10-28--sarken
1	1	app/views/challenge_signups/confirm_delete.html.erb
1	0	features/step_definitions/challenge_steps.rb

--57f558ca5--2013-10-28--sarken
7	4	app/controllers/challenge_signups_controller.rb
4	6	app/views/challenge_signups/_signup_controls.html.erb
17	0	app/views/challenge_signups/confirm_delete.html.erb
3	0	config/routes.rb
21	5	features/gift_exchanges/challenge_giftexchange.feature

--b5024dbdf--2013-10-28--sarken
1	1	app/views/chapters/_chapter_form.html.erb

--0b208627a--2013-10-28--sarken
2	2	app/views/chapters/confirm_delete.html.erb

--bf62a11f2--2013-10-28--sarken
7	3	app/controllers/chapters_controller.rb
1	1	app/views/chapters/_chapter_management.html.erb
12	0	app/views/chapters/confirm_delete.html.erb
1	0	config/routes.rb
1	0	features/works/chapter_edit.feature

--760703f5f--2014-04-19--sarken
0	1	app/controllers/works_controller.rb
7	0	features/works/work_edit.feature

--88456d1b5--2014-04-18--elz
7	1	lib/taggable.rb

--5472f689d--2014-04-18--Ariana
128	0	features/comments_and_kudos/add_comment.feature
37	0	features/comments_and_kudos/comments_adminposts.feature
50	0	features/comments_and_kudos/comments_delete.feature
13	0	features/comments_and_kudos/comments_pagination.feature
120	0	features/comments_and_kudos/comments_redirect.feature

--0f37bdac3--2014-04-18--Ariana
4	3	.travis.yml

--0c2ea615e--2014-04-18--Ariana
1	0	features/collections/collection_anonymity.feature
0	128	features/other/add_comment.feature
0	37	features/other/comments_adminposts.feature
0	50	features/other/comments_delete.feature
0	13	features/other/comments_pagination.feature
0	120	features/other/comments_redirect.feature

--56d9c19ec--2014-04-18--Ariana
3	3	app/models/work.rb
0	0	features/{other => comments_and_kudos}/kudos.feature

--f722ba460--2014-04-18--Ariana
1	0	features/other/series.feature
1	0	features/other/subscriptions_fandoms.feature

--708f17f0e--2014-04-18--zz9pzza
--e595f88e5--2014-04-18--Enigel
12	38	config/deploy.rb
18	7	config/deploy/production.rb
10	4	config/deploy/staging.rb

--79fb4d7ef--2014-04-17--elz
5	8	app/views/saved_works/index.html.erb

--c0a74e948--2014-04-17--elz
2	2	app/views/works/_work_header_navigation.html.erb

--48a60e347--2014-04-17--elz
7	8	app/views/users/_sidebar.html.erb

--6f019a780--2014-04-17--Emily E
1	1	public/help/tag-search-text-help.html

--8df0d4a0f--2012-08-09--Nathan J Xaxson
12	6	public/help/people-search-name-help.html
17	6	public/help/people-search-text-help.html
15	6	public/help/tag-search-text-help.html

--0ce731a8f--2012-08-08--Nathan J Xaxson
1	1	public/stylesheets/site/1.0/01-archive_core.css
1	1	public/stylesheets/site/1.0/09-aural.css

--87b8d034c--2014-04-17--Scott D. Sullivan
2	2	app/views/works/_work_module.html.erb

--48232cf1d--2014-04-17--Scott D. Sullivan
1	1	app/mailers/user_mailer.rb
1	1	features/other/admin_tasks.feature
1	1	features/step_definitions/email_steps.rb

--846486fc2--2014-04-17--Scott D. Sullivan
--1e434a8f8--2014-04-17--Cristina
2	2	app/views/stats/index.html.erb

--a263b5b0f--2014-04-17--Cristina
--42d91d587--2014-02-16--elz
1	0	app/models/work.rb

--2cf492f63--2014-02-16--elz
1	7	app/controllers/chapters_controller.rb
1	0	app/views/users/_sidebar.html.erb
0	40	features/other/reading.feature
46	0	features/other/saved_work.feature
10	3	features/step_definitions/generic_steps.rb
2	0	features/support/paths.rb
7	0	lib/tasks/after_tasks.rake
31	0	public/javascripts/saved_works.js

--274399b0c--2014-02-16--elz
1	1	app/views/layouts/_javascripts.html.erb
2	1	app/views/saved_works/index.html.erb

--93dd35996--2014-02-16--elz
1	1	app/controllers/saved_works_controller.rb
4	2	app/models/saved_work.rb
44	0	app/views/saved_works/index.html.erb

--0db129fec--2014-02-15--elz
19	2	app/controllers/saved_works_controller.rb
2	7	app/controllers/works_controller.rb
4	0	app/models/subscription.rb
1	0	app/models/user.rb
43	0	app/models/work_display.rb
7	8	app/views/comments/_commentable.html.erb
1	0	app/views/layouts/_javascripts.html.erb
11	0	app/views/saved_works/_form.html.erb
0	0	app/views/saved_works/index.html.erb
4	2	app/views/works/_work_header_navigation.html.erb
1	0	config/routes.rb

--f0bbe7cac--2014-02-06--elz
22	0	app/controllers/saved_works_controller.rb
11	0	app/models/saved_work.rb
11	0	db/migrate/20140206031705_create_saved_works.rb

--eac4a13cb--2014-04-16--someonefromthewater@gmail.com
1	1	app/views/stats/index.html.erb

--daa87b0dd--2014-04-14--Scott D. Sullivan
--0cba5f69a--2014-04-14--Scott D. Sullivan
1	1	features/collections/collection_create.feature
0	1	features/support/vcr.rb

--7df8dceaf--2014-04-14--Scott D. Sullivan
--d5cc93650--2014-04-14--Scott D. Sullivan
--907b30bef--2014-04-14--Scott D. Sullivan
1	1	app/controllers/bookmarks_controller.rb
1	1	app/controllers/collection_items_controller.rb
2	1	app/models/collection_item.rb
0	8	app/sweepers/bookmark_sweeper.rb
1	1	app/views/bookmarks/_bookmark_user_module.html.erb

--9341e052f--2014-04-13--Scott D. Sullivan
1	1	app/views/works/_work_module.html.erb

--309839e5e--2014-04-13--Scott D. Sullivan
2	1	app/helpers/works_helper.rb

--9611c5ea6--2014-04-13--Scott D. Sullivan
2	2	app/views/works/_work_module.html.erb

--d8e078270--2014-04-13--Scott D. Sullivan
--2e14fa4ad--2014-04-13--Scott D. Sullivan
3	1	app/controllers/bookmarks_controller.rb
1	1	app/controllers/collection_items_controller.rb
8	0	app/sweepers/bookmark_sweeper.rb
0	3	app/sweepers/collection_sweeper.rb
14	7	app/views/bookmarks/_bookmark_user_module.html.erb
8	6	features/other/bookmark_create.feature

--b2f8f4858--2014-04-13--Scott D. Sullivan
4	0	app/sweepers/collection_sweeper.rb
1	1	app/views/bookmarks/_bookmark_user_module.html.erb

--253929b30--2014-04-13--Scott D. Sullivan
--1f560c61a--2014-04-10--Ariana
1	1	features/support/env.rb

--6aad3e236--2014-04-10--Ariana
3	1	features/support/env.rb

--7185df2c3--2014-04-05--LadyOscar
1	1	features/gift_exchanges/challenge_yuletide.feature
1	1	features/step_definitions/gift_steps.rb
2	2	features/works/work_create.feature
1	1	features/works/work_delete.feature

--cdbb2d933--2014-04-01--LadyOscar
1	1	app/views/user_mailer/recipient_notification.html.erb
1	1	app/views/user_mailer/recipient_notification.text.erb
1	1	doc/app/UserMailer.html

--2fe3baf2e--2014-03-01--Ariana
4	4	features/support/factories.rb

--ac9f05af4--2014-03-01--Ariana
--6728a8ad3--2014-03-01--Ariana
1	2	app/views/user_mailer/claim_notification.text.erb
20	3	features/support/factories.rb
138	9	spec/mailers/user_mailer_spec.rb
11	0	spec/spec_helper.rb

--99b1bc37e--2013-12-24--Emily Everheart
1	1	app/controllers/users_controller.rb
4	4	app/views/users/change_username.html.erb
1	1	features/step_definitions/user_steps.rb

--11dd5f26f--2013-12-19--Emily Everheart
4	2	app/views/users/change_username.html.erb

--9099537b6--2013-12-18--Emily Everheart
42	31	features/users/user_rename.feature

--9096e0f67--2013-12-18--Emily Everheart
4	0	features/step_definitions/user_steps.rb
5	13	features/users/user_rename.feature

--186b5dff8--2013-12-18--Emily Everheart
3	2	app/controllers/users_controller.rb
5	0	features/step_definitions/user_steps.rb
14	6	features/users/user_rename.feature

--424d786fc--2014-02-27--Ariana
--f0e38de31--2014-02-26--Ariana
2	2	app/mailers/user_mailer.rb

--39813fbbf--2014-02-26--Ariana
5	2	app/views/user_mailer/claim_notification.html.erb
5	2	app/views/user_mailer/invitation_to_claim.html.erb

--b72b31433--2013-05-03--Scott D. Sullivan
1	1	app/views/bookmarks/_bookmark_user_module.html.erb
27	0	features/other/bookmark_create.feature
10	0	features/step_definitions/challenge_steps.rb

--2430f2c77--2013-04-26--Scott D. Sullivan
1	1	app/views/bookmarks/_bookmark_user_module.html.erb

--a6e9b157c--2013-04-26--Scott D. Sullivan
12	8	app/views/bookmarks/_bookmark_user_module.html.erb
70	0	features/other/bookmark_create.feature
2	0	features/support/paths.rb

--29f9d9e55--2014-02-17--sarken
6	0	app/controllers/works_controller.rb
14	0	features/importing/archivist.feature

--01187a323--2014-01-27--Karanguni
--600258ec7--2014-01-27--Karanguni
1	1	app/views/users/_legal.html.erb
2	3	public/stylesheets/site/2.0/16-zone-system.css

--5162bf926--2014-01-25--Karanguni
1	1	app/views/users/_legal.html.erb

--ea4e04d3e--2014-01-25--Karanguni
6	0	public/stylesheets/site/2.0/16-zone-system.css

--789f08466--2014-01-24--Karanguni
1	1	app/views/users/_legal.html.erb

--03b54516f--2014-01-25--Karanguni
--23f72d6c9--2014-01-25--Karanguni
1	1	app/views/users/_legal.html.erb

--7bdc0b0b6--2014-01-25--Karanguni
6	0	public/stylesheets/site/2.0/16-zone-system.css

--cccd123c8--2014-01-24--Karanguni
1	1	app/views/users/_legal.html.erb

--84f4c908a--2014-01-25--Karanguni
--877f9b7d4--2014-01-25--Karanguni
6	0	public/stylesheets/site/2.0/16-zone-system.css

--d5607096d--2014-01-24--Karanguni
1	1	app/views/users/_legal.html.erb

--394ab5837--2014-01-25--sarken
0	1	app/views/owned_tag_sets/show.html.erb
0	1	app/views/works/_meta.html.erb

--cb98d8ffb--2014-01-05--sarken
5	0	public/stylesheets/site/2.0/12-group-meta.css

--948627e6f--2014-01-24--Karanguni
1	1	app/views/users/_legal.html.erb

--7d7629508--2014-01-03--Scott D. Sullivan
1	1	app/controllers/subscriptions_controller.rb

--c4c4a2f77--2013-06-21--Scott D. Sullivan
1	1	features/other/subscriptions.feature
1	1	features/step_definitions/subscription_steps.rb

--c7dbbb969--2012-06-14--Scott D. Sullivan
1	1	app/controllers/subscriptions_controller.rb

--3d3443fd1--2014-01-01--Scott D. Sullivan
4	0	app/helpers/works_helper.rb
4	0	app/views/works/_work_module.html.erb
1	0	features/works/work_languages.feature

--01b495bdf--2013-12-28--Scott D. Sullivan
2	2	app/controllers/gifts_controller.rb
8	1	app/views/gifts/index.html.erb

--6e74ac23d--2013-12-28--Scott D. Sullivan
1	1	app/controllers/gifts_controller.rb

--7472476cc--2013-12-26--sarken
12	0	features/step_definitions/tag_steps.rb
9	9	features/tags_and_wrangling/tag_search.feature

--34d26d643--2013-09-16--sarken
1	1	app/helpers/tags_helper.rb

--062bcca72--2013-08-11--sarken
1	1	app/helpers/tags_helper.rb

--cddf91269--2013-08-07--sarken
2	2	app/views/bookmarks/_bookmark_blurb.html.erb
6	6	app/views/bookmarks/fetch_recent.js.erb
3	3	app/views/bookmarks/hide_recent.js.erb

--48b1c4539--2013-07-08--sarken
2	2	public/help/symbols-key.html

--89e4bf772--2013-04-03--sarken
1	1	public/stylesheets/site/2.0/07-interactions.css

--4e566c12c--2012-10-23--sarken
1	1	app/views/external_works/edit.html.erb

--84122b511--2012-10-23--sarken
4	0	public/stylesheets/site/2.0/13-group-blurb.css

--d590c2fd1--2013-10-02--sarken
18	10	app/views/users/_contents.html.erb

--22c4f2b4e--2012-12-13--sarken
13	21	app/views/users/_contents.html.erb

--1aa8f0465--2013-10-30--sarken
4	2	app/views/works/_work_header_navigation.html.erb

--f3b25dd6b--2013-10-28--sarken
--96511bdb7--2013-07-18--sarken
1	1	app/views/admin_posts/index.html.erb
1	1	app/views/admin_posts/show.html.erb
1	1	app/views/fandoms/show.html.erb
1	1	public/stylesheets/site/2.0/10-types-groups.css

--2ca89af25--2013-10-28--sarken
2	2	app/views/bookmarks/confirm_delete.html.erb
2	10	features/other/bookmark_create.feature

--ef3c973a3--2013-10-27--sarken
2	2	app/controllers/bookmarks_controller.rb
1	1	app/views/bookmarks/confirm_delete.html.erb

--42ddb9df4--2013-10-26--sarken
11	0	app/views/bookmarks/confirm_delete.html.erb

--948390239--2013-10-26--sarken
0	42	features/other/bookmark_delete.feature

--12aad1fc1--2013-10-26--sarken
42	1	features/other/bookmark_create.feature

--05b24226c--2013-10-26--sarken
1	1	app/views/bookmarks/_bookmark_owner_navigation.html.erb
1	35	features/other/bookmark_create.feature
42	0	features/other/bookmark_delete.feature

--5b497a4c7--2013-10-26--sarken
33	0	features/other/bookmark_create.feature

--cfeb61be2--2013-10-26--sarken
7	4	app/controllers/bookmarks_controller.rb
1	1	app/views/bookmarks/_bookmark_owner_navigation.html.erb
1	1	app/views/bookmarks/edit.html.erb
3	0	config/routes.rb

--caa6197f4--2013-10-20--Scott D. Sullivan
1	0	.travis.yml
1	1	features/{users => bookmarks}/bookmark_create.feature
0	0	features/{other => bookmarks}/bookmark_privacy.feature
0	0	features/{other => bookmarks}/bookmark_search.feature

--f26aca07f--2013-10-19--Scott D. Sullivan
0	0	features/{other => users}/bookmark_create.feature

--3967f5c61--2013-10-19--Scott D. Sullivan
1	1	features/other/bookmark_create.feature

--56644b348--2013-10-19--Scott D. Sullivan
4	3	features/other/bookmark_create.feature

--64ee88ad7--2013-10-19--Scott D. Sullivan
2	2	features/cassette_library/cucumber_tags/bookmark_fandom_error.yml
2	2	features/cassette_library/cucumber_tags/bookmark_url_error.yml
2	1	features/other/bookmark_create.feature

--9cc737b47--2013-10-15--Scott D. Sullivan
1	1	app/controllers/bookmarks_controller.rb

--548a9be6d--2013-04-29--Scott D. Sullivan
2	3	features/other/bookmark_create.feature

--6204be990--2013-04-29--Scott D. Sullivan
62	0	features/other/bookmark_create.feature
18	0	features/step_definitions/collection_steps.rb

--4b3a9c9e8--2013-02-15--Scott D. Sullivan
6	4	app/controllers/bookmarks_controller.rb
1	1	app/controllers/collection_items_controller.rb

--e4662a8a3--2013-07-18--sarken
1	1	app/views/admin_posts/index.html.erb
1	1	app/views/admin_posts/show.html.erb
1	1	app/views/fandoms/show.html.erb
1	1	public/stylesheets/site/2.0/10-types-groups.css

--ff437846a--2013-06-16--Scott D. Sullivan
3891	0	features/cassette_library/cucumber_tags/collection_header_url.yml
11	0	features/collections/collection_create.feature
2	0	features/support/vcr.rb

--afdd6b3fc--2013-02-28--Scott D. Sullivan
1	1	app/models/collection.rb

--6d67f41aa--2013-02-28--Scott D. Sullivan
6	1	app/models/collection.rb

--a87c4b5c2--2013-05-21--sarken
0	23	public/stylesheets/sandbox.css

--82e3b8d0d--2013-05-13--tuff_ghost
10	8	app/mailers/user_mailer.rb
80	9	features/other/orphan_work.feature

--b395e6d36--2013-05-02--Scott D. Sullivan
1	2	features/other/admin_tasks.feature
4	0	features/step_definitions/email_steps.rb

--c0d77ea43--2013-05-02--Scott D. Sullivan
1	1	app/mailers/user_mailer.rb
1	4	app/views/admin_mailer/archive_notification.html.erb

--da098a3d7--2013-05-01--Ariana
13	13	app/views/skins/_form.html.erb
4	3	app/views/skins/_skin_parent_fields.html.erb
6	15	app/views/skins/_skin_top_navigation.html.erb
23	0	app/views/skins/_skin_type_navigation.html.erb
16	16	app/views/skins/_wizard_form.html.erb
16	18	app/views/skins/index.html.erb
1	1	app/views/skins/new.html.erb
11	12	app/views/skins/new_wizard.html.erb
34	18	app/views/skins/show.html.erb

--67427a79e--2012-10-09--Christopher Chen
5	0	app/models/collection.rb
5	0	app/models/series.rb
5	0	app/models/work.rb