--47377eb47--2014-04-13--Cristina
--a6642140b--2014-04-13--Cristina
--83dab0e9e--2014-04-13--Cristina
--0e4d869b8--2014-04-13--Cristina
--5596e95cc--2014-04-13--Cristina
--a5ea8393a--2014-04-13--Cristina
--d16790e97--2014-04-13--Cristina
--e38697e00--2014-04-13--Cristina
--f97f4556b--2014-04-13--Cristina
--5ad318d2b--2014-04-13--Cristina
--4f02a606a--2014-04-13--Cristina
--156489bfc--2014-04-13--Cristina
--015b437ec--2014-04-13--Scott D. Sullivan
--df2524c7e--2014-04-12--sarken
1	3	features/other/series.feature

--ba76ce349--2013-10-28--sarken
1	3	features/other/series.feature

--be5bdea59--2013-10-28--sarken
2	5	app/views/orphans/_orphan_series.html.erb

--d4776a606--2013-10-28--sarken
1	0	app/controllers/series_controller.rb
2	2	app/views/series/confirm_delete.html.erb

--eeff56e31--2013-10-27--sarken
1	1	app/views/series/confirm_delete.html.erb

--d74b6f6b3--2013-10-27--sarken
5	3	app/views/orphans/_orphan_series.html.erb

--6f09fb928--2013-10-27--sarken
1	1	app/views/series/_series_navigation.html.erb

--fa734ce7a--2013-10-26--sarken
2	2	features/other/series_lock.feature

--60d7ff070--2013-10-26--sarken
6	4	features/other/series.feature

--7589cb7c9--2013-10-26--sarken
11	0	app/views/series/confirm_delete.html.erb

--13973b478--2013-10-26--sarken
5	2	app/controllers/series_controller.rb
1	0	config/routes.rb
10	0	features/other/series.feature

--c928c4b28--2013-10-26--sarken
19	0	app/views/series/_series_navigation.html.erb
1	9	app/views/series/edit.html.erb
13	30	app/views/series/show.html.erb

--d30bd591f--2014-04-12--Ariana
1	0	features/collections/collection_navigation.feature
1	0	features/other/series.feature

--f478882c2--2014-04-12--Ariana
1	0	features/collections/collection_anonymity.feature
1	0	features/users/user_dashboard.feature

--a22f9604e--2014-04-11--Lady Oscar
1	1	app/views/feedbacks/new.html.erb

--9fa158ada--2014-04-11--Lady Oscar
1	1	app/views/feedbacks/new.html.erb

--05d71f6fa--2014-04-11--Lady Oscar
1	1	app/views/feedbacks/new.html.erb

--02a7bd7c1--2014-04-11--vagrant
1	1	app/views/feedbacks/new.html.erb

--7b18a80a0--2014-03-06--sarken
1	1	app/views/tags/wrangle.html.erb

--a983cec53--2014-03-06--sarken
1	1	app/views/tags/wrangle.html.erb

--88826efc0--2014-02-09--sarken
0	8	app/helpers/application_helper.rb

--3cbb53ca5--2014-02-09--sarken
1	1	app/views/tags/wrangle.html.erb

--4e1766c95--2014-02-09--sarken
14	3	app/helpers/application_helper.rb
12	13	app/views/tags/wrangle.html.erb

--0c4f1dd98--2014-02-27--sarken
0	2	public/stylesheets/site/2.0/12-group-meta.css

--641c2a6e5--2014-02-09--sarken
4	4	app/views/tags/wrangle.html.erb

--6d0dcb5af--2014-01-17--sarken
3	3	app/controllers/owned_tag_sets_controller.rb
11	1	features/step_definitions/tag_set_steps.rb
28	1	features/tags_and_wrangling/tag_set.feature

--437bb5f6e--2014-01-03--sarken
1	1	app/controllers/tags_controller.rb

--d94c62472--2014-01-03--sarken
1	1	app/views/user_mailer/delete_work_notification.text.erb
11	0	features/step_definitions/work_deletion_steps.rb
1	7	features/works/work_delete.feature

--00fb551cf--2013-12-29--Scott D. Sullivan
2	2	features/collections/collection_anonymity.feature

--0e49a8b24--2013-12-29--Scott D. Sullivan
16	0	features/collections/collection_anonymity.feature

--2b64a655e--2013-12-28--Scott D. Sullivan
1	1	app/views/downloads/_download_chapter.html.erb

--09f5da85c--2013-12-28--Scott D. Sullivan
1	1	app/views/chapters/_chapter.html.erb

--38eae50fb--2013-12-22--sarken
0	1	public/javascripts/application.js

--609141357--2013-10-26--sarken
1	1	app/views/works/_work_header_navigation.html.erb
1	0	public/javascripts/application.js

--fbddd03a3--2013-10-26--sarken
1	1	app/views/works/confirm_delete.html.erb

--c453b6134--2013-10-25--sarken
0	1	public/javascripts/application.js

--0cbad881e--2013-10-25--sarken
1	1	app/views/works/_work_header_navigation.html.erb

--f3c41bb5a--2013-10-25--sarken
1	1	app/views/works/_work_header_navigation.html.erb

--d87f7b986--2013-10-25--sarken
19	12	public/javascripts/application.js

--30a2580e8--2013-10-25--sarken
1	1	app/views/chapters/_chapter_form.html.erb
3	3	app/views/chapters/_chapter_management.html.erb
1	1	app/views/works/_work_header_navigation.html.erb
8	2	public/javascripts/application.js

--f2deaecb7--2013-12-20--sarken
--3ad2bcd79--2013-09-29--sarken
6	5	app/views/works/edit_tags.html.erb
18	0	features/works/work_edit_tags.feature