--1b905302e--2016-07-09--Scott D. Sullivan
--8c12475af--2016-07-09--Scott D. Sullivan
--8a5c2bf58--2016-07-09--sarken
--9d30150e8--2016-07-09--sarken
--e1eda31a3--2016-07-09--sarken
--af3a2ec84--2016-07-09--sarken
--d90f2bf32--2016-07-08--sarken
--e0f0af91c--2016-07-07--zz9pzza
0	2	config/deploy/production.rb

--9f0a77ffe--2016-06-30--sarken
--364d36654--2016-06-28--zz9pzza
--141c7ea60--2016-06-21--astolat shalott
4	4	app/models/potential_match.rb
1	1	factories/challenges.rb

--ecd0043fa--2016-06-21--astolat shalott
23	15	app/models/potential_match.rb
13	4	factories/challenges.rb
46	0	spec/models/potential_match_spec.rb

--a83ba72e0--2016-06-19--zz9pzza
8	0	config/environments/production.rb
8	0	config/environments/staging.rb
8	0	config/environments/test.rb

--22a981c01--2016-06-19--zz9pzza
--f41a5eee7--2016-06-15--sarken
1	1	public/stylesheets/site/2.0/08-actions.css

--a61b85e20--2016-06-15--elz
2	0	app/models/chapter.rb

--4db016acd--2016-06-14--zz9pzza
--da5b9aeb3--2016-06-13--sarken
6	6	app/views/works/preview_tags.html.erb

--3a35683af--2016-06-13--sarken
5	1	app/views/works/edit_tags.html.erb
8	2	app/views/works/preview_tags.html.erb
3	1	features/admins/admin_works.feature

--5c83697be--2016-06-13--sarken
1	1	app/views/works/edit_tags.html.erb
18	18	app/views/works/preview_tags.html.erb

--512898217--2016-06-13--sarken
3	1	app/views/works/preview_tags.html.erb

--e9d5917f0--2016-06-13--zz9pzza
--500db9ac7--2016-06-13--sarken
1	1	app/views/admin/_admin_options.html.erb
3	3	features/admins/admin_works.feature

--85f4566bb--2016-06-13--sarken
1	0	app/views/works/preview_tags.html.erb
16	2	features/admins/admin_works.feature

--846227b80--2016-06-12--zz9pzza
--1a6311c23--2016-06-12--zz9pzza
--df87803e2--2016-06-12--zz9pzza
--8abb76f25--2016-06-12--zz9pzza
--0156c3271--2016-06-12--zz9pzza
--3db923698--2016-06-10--sarken
--977373b5f--2016-06-10--zz9pzza
1	1	features/support/vcr.rb

--1ee970036--2016-06-10--zz9pzza
6	1	app/controllers/unsorted_tags_controller.rb

--dcf8210de--2016-06-10--zz9pzza
1	1	features/support/vcr.rb

--09e81ea3e--2016-06-10--zz9pzza
8	6	features/cassette_library/cucumber_tags/bookmark_fandom_error.yml
8	6	features/cassette_library/cucumber_tags/bookmark_url_error.yml
140	124	features/cassette_library/cucumber_tags/import_dw.yml
554	385	features/cassette_library/cucumber_tags/import_dw_comm.yml
270	241	features/cassette_library/cucumber_tags/import_dw_multi_chapter.yml
136	136	features/cassette_library/cucumber_tags/import_dw_tables.yml
34	30	features/cassette_library/cucumber_tags/import_dw_tables_no_backdate.yml
3904	208	features/cassette_library/cucumber_tags/import_lj.yml
7776	382	features/cassette_library/cucumber_tags/import_lj_multi_chapter.yml
3888	192	features/cassette_library/cucumber_tags/import_lj_no_backdate.yml
3899	210	features/cassette_library/cucumber_tags/import_lj_tables.yml
4250	194	features/cassette_library/cucumber_tags/import_lj_underscores.yml
14	34	features/cassette_library/cucumber_tags/work_external_language.yml
21	33	features/cassette_library/cucumber_tags/work_external_parent.yml
71	34	features/cassette_library/cucumber_tags/work_import_special_characters_auto_utf.yml

--09a545ef3--2016-06-09--sarken
--192ab4173--2016-06-09--zz9pzza
3	1	app/controllers/tag_wranglers_controller.rb
3	1	app/controllers/tag_wranglings_controller.rb

--9255e08c6--2016-06-08--zz9pzza
4	4	app/views/home/_tos.html.erb
1	1	app/views/home/tos_faq.html.erb

--781f742e1--2016-06-08--zz9pzza
1	0	app/controllers/tag_wranglers_controller.rb
1	0	app/controllers/tag_wranglings_controller.rb
1	1	app/views/tag_wranglings/_wrangler_dashboard.html.erb

--318f13f6e--2016-06-08--zz9pzza
3	1	app/controllers/tag_wranglings_controller.rb

--9a30ed56b--2016-06-08--zz9pzza
1	1	app/views/tag_wranglings/_wrangler_dashboard.html.erb

--0d1d2d5da--2016-06-07--zz9pzza
--c1638ee94--2016-06-06--zz9pzza
7	1	app/views/bookmarks/confirm_delete.html.erb

--05ac03e1e--2016-06-06--zz9pzza
--303dc1d8e--2016-06-06--zz9pzza
--d631c110f--2016-06-05--Ariana
21	6	app/controllers/api/v1/bookmarks_controller.rb
60	8	spec/api/api_bookmarks_spec.rb

--4240c7a46--2016-06-05--zz9pzza
4	4	app/views/home/_tos.html.erb
2	2	app/views/home/tos_faq.html.erb

--c2d27a509--2016-06-04--zz9pzza
--8906dd9ee--2016-06-04--zz9pzza
1	1	app/models/bookmark.rb

--2b39ca80f--2016-06-04--zz9pzza
4	0	features/bookmarks/bookmark_create.feature

--cd3f2360a--2016-06-04--zz9pzza
1	1	app/views/bookmarks/confirm_delete.html.erb

--71017a9ea--2016-06-04--zz9pzza
3	2	app/models/bookmark.rb

--607711bbd--2016-06-04--zz9pzza
18	0	features/bookmarks/bookmark_create.feature

--cf4c2ea86--2016-06-03--sarken
--321019f5d--2016-06-03--zz9pzza
1	1	app/views/home/_dmca.html.erb

--dfc37a7e6--2016-06-02--sarken
--c3d52ff5f--2016-06-02--zz9pzza
1	1	app/views/home/_dmca.html.erb

--f83308364--2016-06-01--Ariana
4	5	app/controllers/api/v1/bookmarks_controller.rb

--c34f82e3c--2016-05-31--astolat shalott
5	1	Gemfile.lock

--edbb4933b--2016-05-31--astolat shalott
1	1	Gemfile
10	3	lib/collectible.rb
6	3	spec/lib/collectible_spec.rb

--9f83a8b26--2016-05-30--zz9pzza
1	1	app/controllers/tag_wranglers_controller.rb
1	1	features/step_definitions/tag_set_steps.rb

--644605ebe--2016-05-30--zz9pzza
3	1	app/controllers/tag_wranglers_controller.rb
7	1	features/step_definitions/tag_set_steps.rb
1	0	features/tags_and_wrangling/tag_wrangling.feature

--06ca211ee--2016-05-30--zz9pzza
1	1	app/controllers/tag_wranglers_controller.rb

--acc0b08f9--2016-05-28--zz9pzza
--bb54629c2--2016-05-28--zz9pzza
4	7	app/controllers/admin/banners_controller.rb
0	5	app/views/admin/banners/_banner_form.html.erb
8	38	features/other_a/banner_general.feature
7	34	features/step_definitions/banner_steps.rb

--bd1ef0a7e--2016-05-28--sarken
22	16	app/views/pseuds/_pseuds_form.html.erb
7	3	app/views/users/change_username.html.erb

--05ca2f984--2016-05-28--sarken
1	1	app/views/users/change_username.html.erb

--ad4ddebdf--2016-05-28--sarken
2	1	app/views/pseuds/_pseuds_form.html.erb
1	1	features/other_a/pseuds.feature
2	2	features/users/user_rename.feature
6	0	public/stylesheets/site/2.0/07-interactions.css

--d0943fcf9--2016-05-28--zz9pzza
--a0c94e312--2016-05-28--zz9pzza
--6924aadaf--2016-05-28--zz9pzza
--8317c894f--2016-05-28--zz9pzza
--4e39c5a2a--2016-05-27--astolat shalott
24	24	lib/collectible.rb

--bfbbec190--2016-05-27--astolat shalott
1	1	app/controllers/collection_items_controller.rb
24	1	features/collections/collection_invite.feature
12	4	lib/collectible.rb

--2d850e0be--2016-05-26--cjrecordvt
1	1	app/controllers/user_invite_requests_controller.rb

--db25a3250--2016-05-26--cjrecordvt
1	1	app/controllers/user_invite_requests_controller.rb

--51781d7aa--2016-05-26--astolat shalott
3	1	app/controllers/potential_matches_controller.rb

--8d4840807--2016-05-26--astolat shalott
1	0	app/models/potential_match.rb
2	0	config/config.yml

--55eaf5402--2016-05-26--shalott
--5bdd29598--2016-05-26--shalott
5	3	app/models/potential_match.rb

--a57bb89cb--2016-05-26--shalott
9	9	app/models/potential_match.rb

--3bdb22a57--2016-05-26--shalott
14	9	app/models/potential_match.rb

--62960b291--2016-05-25--shalott
8	3	app/models/potential_match.rb
2	0	config/config.yml

--5a99e5092--2016-05-25--Ariana
13	2	app/controllers/api/v1/bookmarks_controller.rb
2	2	spec/api/api_bookmarks_spec.rb

--1e5767259--2016-05-25--Ariana
0	9	spec/api/api_bookmarks_spec.rb

--5d7a3bb69--2016-05-24--Ariana
--fd80028a0--2016-05-24--zz9pzza
2	0	Gemfile
4	0	Gemfile.lock

--9d0ca14c3--2016-05-21--cjrecordvt
1	1	app/controllers/user_invite_requests_controller.rb

--99bd855fd--2016-05-20--cjrecordvt
1	1	app/controllers/user_invite_requests_controller.rb

--4d374398a--2016-05-15--Ariana
1	1	app/controllers/api/v1/base_controller.rb
2	2	app/controllers/api/v1/bookmarks_controller.rb

--4a255d7b7--2016-05-11--zz9pzza
1	1	.ruby_version

--80160637f--2016-05-08--zz9pzza
1	1	.ruby_version

--2cfdb4514--2016-05-08--zz9pzza
0	3	.travis.yml
2	2	Gemfile
6	3	Gemfile.lock

--dda82f6e3--2016-05-08--zz9pzza
3	0	.travis.yml

--bc4ee5264--2016-05-06--astolat shalott
3	2	app/models/potential_match.rb

--002282a9e--2016-05-01--Jack Kingsman
1	1	app/views/home/_dmca.html.erb

--da9598868--2016-05-01--Jack Kingsman
1	1	app/views/home/_dmca.html.erb

--203351556--2016-05-01--Ariana
3	3	app/controllers/api/v1/works_controller.rb
1	1	config/deploy.rb
1	1	config/routes.rb
1	2	spec/api/api_bookmarks_spec.rb
0	1	spec/api/api_helper.rb
0	1	spec/models/story_parser_spec.rb

--dd86654a6--2016-04-29--Ariana
--b5f74d859--2016-04-28--Ariana
9	8	spec/api/api_bookmarks_spec.rb
1	4	spec/api/api_works_spec.rb

--6de14d9e8--2016-04-28--Ariana
55	102	config/routes.rb

--8e68a861b--2016-04-28--Ariana
0	28	app/controllers/api/v1/works_controller.rb

--a3983157c--2016-04-26--Ariana
1	1	app/controllers/api/v1/bookmarks_controller.rb
15	3	app/controllers/api/v1/works_controller.rb
1	1	spec/api/api_authorization_spec.rb
2	2	spec/api/api_bookmarks_spec.rb
63	26	spec/api/api_works_spec.rb

--1805c56c5--2016-04-24--Ariana
1	0	app/controllers/api/v1/bookmarks_controller.rb
40	3	spec/api/api_bookmarks_spec.rb

--25e04bcd9--2016-04-23--Ariana
51	43	app/controllers/api/v1/bookmarks_controller.rb
10	14	spec/api/api_bookmarks_spec.rb

--19b1fd3c8--2016-04-17--Ariana
4	0	spec/api/api_bookmarks_spec.rb
2	2	spec/api/api_helper.rb
10	2	spec/api/api_works_spec.rb
9	8	spec/models/story_parser_spec.rb

--3b81147a9--2016-04-16--Ariana
5	3	spec/models/story_parser_spec.rb

--4fde7e95e--2016-04-16--Ariana
1	1	config/deploy.rb

--e772b4797--2016-04-16--Ariana
26	0	spec/api/api_authorization_spec.rb
95	0	spec/api/api_bookmarks_spec.rb
67	0	spec/api/api_helper.rb
3	177	spec/api/{api_spec.rb => api_works_spec.rb}

--de23cbecc--2016-04-16--Ariana
1	1	app/controllers/api/v1/works_controller.rb
25	29	spec/api/api_spec.rb

--51b007946--2016-04-11--sarken
9	9	features/other_a/banner_general.feature
6	2	features/step_definitions/banner_steps.rb

--bf67e2d4c--2016-04-11--sarken
9	6	features/other_a/banner_general.feature
14	1	features/step_definitions/banner_steps.rb

--c4a6a4983--2016-04-11--sarken
4	4	app/controllers/admin/banners_controller.rb

--3fd06e7ad--2016-04-11--sarken
2	1	app/views/works/_work_form_associations_language.html.erb
1	0	app/views/works/edit_tags.html.erb

--4b1c968e5--2016-04-11--sarken
8	11	app/views/works/_standard_form.html.erb
1	1	app/views/works/edit_tags.html.erb

--52291e796--2016-04-11--Ariana
--d69c22d87--2016-04-11--Ariana
28	22	spec/api/api_spec.rb

--927b02147--2016-04-11--sarken
11	9	app/views/works/edit_tags.html.erb

--7993973bd--2016-04-11--sarken
1	7	app/views/works/_standard_form.html.erb
11	0	app/views/works/_work_form_associations_language.html.erb
16	8	app/views/works/edit_tags.html.erb
14	1	features/admins/admin_works.feature
8	1	features/works/work_edit_tags.feature

--0b673f23b--2016-04-11--sarken
8	0	features/other_a/banner_general.feature
4	4	features/step_definitions/banner_steps.rb

--ec76b799c--2016-04-11--sarken
1	1	app/controllers/admin/banners_controller.rb
2	2	features/step_definitions/banner_steps.rb

--2a057df8c--2016-04-11--sarken
4	1	app/controllers/admin/banners_controller.rb
5	0	app/views/admin/banners/_banner_form.html.erb
19	0	features/other_a/banner_general.feature
10	0	features/step_definitions/banner_steps.rb

--e3cadb5fb--2016-02-05--Ariana
2	1	app/controllers/api/v1/bookmarks_controller.rb
1	0	app/controllers/api/v1/works_controller.rb

--8f3b4ca26--2016-02-04--Ariana
25	0	app/controllers/api/v1/bookmarks_controller.rb
28	0	app/controllers/api/v1/works_controller.rb

--065c23ef5--2016-01-25--Ariana
110	102	spec/api/api_spec.rb

--ce026794b--2015-11-24--Ariana
1	1	app/controllers/api/v1/works_controller.rb

--2593b0729--2015-10-31--Ariana
0	157	app/controllers/api/v1/import_controller.rb
136	1	app/controllers/api/v1/works_controller.rb
4	3	config/routes.rb

--43de8d8d4--2015-10-30--Ariana
4	4	app/controllers/api/v1/base_controller.rb
70	3	app/controllers/api/v1/bookmarks_controller.rb
55	23	spec/api/api_spec.rb

--8f97f69df--2015-10-25--Ariana
22	0	app/controllers/api/v1/base_controller.rb
15	0	app/controllers/api/v1/bookmarks_controller.rb
0	22	app/controllers/api/v1/import_controller.rb
3	0	config/routes.rb
61	0	spec/api/api_spec.rb

--cb7dd3865--2016-03-24--sarken
1	1	public/stylesheets/site/2.0/09-roles-states.css

--88012c008--2016-02-27--zz9pzza
1	1	app/helpers/application_helper.rb

--6beecba69--2016-01-25--Ariana
29	26	spec/api/api_spec.rb

--d0aec9132--2016-01-25--Ariana
--d26cd15ae--2015-11-24--Ariana
1	1	app/controllers/api/v1/works_controller.rb

--bbad13923--2015-11-14--astolat shalott
3	1	app/models/potential_match.rb

--0a5f8a60e--2015-11-14--astolat shalott
1	1	app/models/potential_match.rb

--f8ad8a128--2015-11-14--astolat shalott
1	1	app/models/potential_match.rb

--d35995f99--2015-10-31--Ariana
0	135	app/controllers/api/v1/import_controller.rb
136	1	app/controllers/api/v1/works_controller.rb
4	3	config/routes.rb

--c889df482--2015-10-30--Ariana
4	4	app/controllers/api/v1/base_controller.rb
70	3	app/controllers/api/v1/bookmarks_controller.rb
6	9	app/controllers/api/v1/import_controller.rb
88	55	spec/api/api_spec.rb

--37b8df096--2015-10-25--Ariana
22	0	app/controllers/api/v1/base_controller.rb
15	0	app/controllers/api/v1/bookmarks_controller.rb
0	22	app/controllers/api/v1/import_controller.rb
3	0	config/routes.rb
83	14	spec/api/api_spec.rb

--548c4e973--2015-01-07--astolat shalott
4	2	app/models/potential_match.rb