--05ac03e1e--2016-06-06--zz9pzza
--303dc1d8e--2016-06-06--zz9pzza
--c2d27a509--2016-06-04--zz9pzza
--8906dd9ee--2016-06-04--zz9pzza
1	1	app/models/bookmark.rb

--2b39ca80f--2016-06-04--zz9pzza
4	0	features/bookmarks/bookmark_create.feature

--cd3f2360a--2016-06-04--zz9pzza
1	1	app/views/bookmarks/confirm_delete.html.erb

--71017a9ea--2016-06-04--zz9pzza
3	2	app/models/bookmark.rb

--607711bbd--2016-06-04--zz9pzza
18	0	features/bookmarks/bookmark_create.feature

--9f83a8b26--2016-05-30--zz9pzza
1	1	app/controllers/tag_wranglers_controller.rb
1	1	features/step_definitions/tag_set_steps.rb

--644605ebe--2016-05-30--zz9pzza
3	1	app/controllers/tag_wranglers_controller.rb
7	1	features/step_definitions/tag_set_steps.rb
1	0	features/tags_and_wrangling/tag_wrangling.feature

--06ca211ee--2016-05-30--zz9pzza
1	1	app/controllers/tag_wranglers_controller.rb

--4a255d7b7--2016-05-11--zz9pzza
1	1	.ruby_version

--80160637f--2016-05-08--zz9pzza
1	1	.ruby_version

--2cfdb4514--2016-05-08--zz9pzza
0	3	.travis.yml
2	2	Gemfile
6	3	Gemfile.lock

--dda82f6e3--2016-05-08--zz9pzza
3	0	.travis.yml