--e3f058ce9--2016-11-01--sarken
--0267a6652--2016-11-01--sarken
--53f48d006--2016-11-01--zz9pzza
7	8	features/tags_and_wrangling/tag_wrangling.feature

--b0ce43166--2016-11-01--zz9pzza
2	2	app/helpers/users_helper.rb

--f201e2170--2016-11-01--zz9pzza
1	1	app/helpers/users_helper.rb

--365b1ec08--2016-10-31--sarken
--7c4b2b5c2--2016-10-31--zz9pzza
1	1	app/controllers/tags_controller.rb

--10a97bb07--2016-10-31--zz9pzza
29	0	features/tags_and_wrangling/tag_wrangling.feature

--c4668c997--2016-10-31--zz9pzza
1	1	app/helpers/users_helper.rb

--9201c9bb3--2016-10-31--zz9pzza
2	2	app/helpers/users_helper.rb

--778c9c302--2016-10-31--zz9pzza
1	1	app/views/admin/admin_users/show.html.erb

--21a8a140e--2016-10-31--zz9pzza
1	2	features/admins/admin_manage_users.feature

--d34044b0a--2016-10-31--zz9pzza
2	2	app/helpers/users_helper.rb
5	5	app/models/user.rb

--f33940eae--2016-10-31--zz9pzza
--63808b95c--2016-10-30--zz9pzza
1	1	app/controllers/admin/admin_users_controller.rb

--a1b27af4a--2016-10-30--zz9pzza
--522a013e3--2016-10-25--zz9pzza
--4e89c8bd0--2016-10-24--zz9pzza
4	4	app/controllers/admin/admin_users_controller.rb
2	2	app/models/user.rb
2	1	app/views/admin/admin_users/show.html.erb
1	1	config/config.yml

--9c7f81148--2016-10-15--zz9pzza
12	0	app/controllers/admin/admin_users_controller.rb
1	14	app/controllers/users_controller.rb
14	7	app/models/user.rb
1	1	app/views/admin/admin_users/show.html.erb
1	1	config/routes.rb

--2ac4a3e56--2016-10-15--zz9pzza
1	1	app/views/works/_work_header_navigation.html.erb
4	0	public/stylesheets/site/2.0/10-types-groups.css

--9091d0c5c--2016-10-13--zz9pzza
85	99	app/controllers/users_controller.rb
83	87	app/helpers/users_helper.rb
2	9	config/routes.rb

--51de3d24f--2016-10-13--zz9pzza
9	1	features/admins/admin_manage_users.feature

--279c31a2c--2016-10-13--zz9pzza
8	0	app/models/user.rb

--2c6ce205d--2016-10-13--zz9pzza
2	18	app/controllers/users_controller.rb
21	0	app/models/user.rb
1	1	app/views/admin/admin_users/show.html.erb

--b509491dc--2016-10-13--zz9pzza
--41de49d8d--2016-10-13--zz9pzza
2	2	features/works/work_view.feature

--7f508b4be--2016-10-12--zz9pzza
198	230	app/controllers/works_controller.rb

--44dfedfee--2016-10-12--zz9pzza
1	1	app/controllers/works_controller.rb
1	0	app/views/works/_work_header_navigation.html.erb
1	1	features/admins/admin_works.feature
6	3	features/tags_and_wrangling/tag_wrangling.feature
12	1	features/works/work_view.feature

--aacf58578--2016-10-09--zz9pzza
17	0	app/controllers/users_controller.rb

--b486cf7ea--2016-10-09--zz9pzza
10	2	app/controllers/users_controller.rb
2	0	app/helpers/users_helper.rb
1	0	app/views/admin/admin_users/show.html.erb
1	0	config/config.yml
1	1	config/routes.rb

--4c1953428--2016-10-09--zz9pzza
4	0	app/controllers/users_controller.rb
1	0	config/routes.rb

--03dbccd85--2016-10-09--zz9pzza
1	2	features/tags_and_wrangling/tag_wrangling.feature

--df0e8ea17--2016-10-09--zz9pzza
14	3	app/controllers/works_controller.rb
3	0	app/views/works/_work_header_navigation.html.erb
1	0	config/routes.rb

--367411a63--2016-10-09--zz9pzza
8	1	features/admins/admin_works.feature
5	0	features/tags_and_wrangling/tag_wrangling.feature
1	3	features/works/work_view.feature