--fa9d8ef9e--2016-05-14--sarken
--c4570d94d--2016-05-10--zz9pzza
--43cd2ccfa--2016-05-10--zz9pzza
1	1	app/controllers/chapters_controller.rb
2	2	app/controllers/works_controller.rb
20	59	app/helpers/application_helper.rb
2	2	app/views/works/_work_module.html.erb
3	3	app/views/works/show.html.erb
0	11	features/step_definitions/work_steps.rb
2	6	features/works/work_drafts.feature

--03fcf966c--2016-04-20--zz9pzza
0	0	app/views/layouts/_phraseapp.html.erb
2	2	app/views/layouts/application.html.erb
2	2	app/views/layouts/home.html.erb
2	2	app/views/layouts/session.html.erb

--04b573651--2016-04-17--zz9pzza
6	2	config/initializers/phraseapp_in_context_editor.rb

--7b5ad3aa2--2016-04-17--zz9pzza
0	25	config/initializers/phrase.rb
27	0	config/initializers/phraseapp_in_context_editor.rb

--989db0052--2016-04-17--zz9pzza
1	1	Gemfile
6	6	Gemfile.lock

--c8548abef--2016-04-17--zz9pzza
0	7	app/views/layouts/_phraseapp.html.erb