--0267a6652--2016-11-01--sarken
--b0ce43166--2016-11-01--zz9pzza
2	2	app/helpers/users_helper.rb

--f201e2170--2016-11-01--zz9pzza
1	1	app/helpers/users_helper.rb

--365b1ec08--2016-10-31--sarken
--fdbb5606a--2016-10-31--zz9pzza
--dd68f14c7--2016-10-31--zz9pzza
--79a252d8a--2016-10-31--zz9pzza
--c4668c997--2016-10-31--zz9pzza
1	1	app/helpers/users_helper.rb

--9201c9bb3--2016-10-31--zz9pzza
2	2	app/helpers/users_helper.rb

--778c9c302--2016-10-31--zz9pzza
1	1	app/views/admin/admin_users/show.html.erb

--21a8a140e--2016-10-31--zz9pzza
1	2	features/admins/admin_manage_users.feature

--d34044b0a--2016-10-31--zz9pzza
2	2	app/helpers/users_helper.rb
5	5	app/models/user.rb

--f33940eae--2016-10-31--zz9pzza
--68bb1b55a--2016-10-30--sarken
1	1	README.md

--253415de2--2016-10-30--zz9pzza
--23a847df9--2016-10-30--Scott D. Sullivan
16	0	spec/sweepers/collection_sweeper_spec.rb

--63808b95c--2016-10-30--zz9pzza
1	1	app/controllers/admin/admin_users_controller.rb

--5850c9628--2016-09-29--Ariana
1	1	app/controllers/works_controller.rb
5	6	app/models/story_parser.rb
2	2	app/views/works/new_import.html.erb

--3c3deaf7f--2016-09-29--Ariana
3	3	app/models/story_parser.rb

--46b187c36--2016-09-29--Ariana
0	2	features/works/work_create.feature
0	2	features/works/work_delete.feature

--e98423f70--2016-09-29--Ariana
0	2	features/importing/work_import_dw.feature
0	2	features/importing/work_import_lj.feature
1	0	features/step_definitions/tag_steps.rb

--72580c3c7--2016-09-29--Ariana
1	1	features/other_b/subscriptions_fandoms.feature

--3cb4d7e74--2016-09-28--Ariana
78	37	features/importing/work_import.feature
1	1	features/step_definitions/tag_steps.rb
60	5	features/step_definitions/work_import_steps.rb
5	0	features/support/webmock.rb

--a7ef6bc3f--2016-09-27--Ariana
0	1	features/importing/work_import.feature

--3ad912634--2016-09-26--Ariana
3	2	app/models/story_parser.rb

--d4bfedce8--2016-09-26--Ariana
3	3	app/models/story_parser.rb

--59c908f5e--2016-09-26--Ariana
1	1	app/controllers/api/v1/works_controller.rb
41	31	app/models/story_parser.rb
6	5	app/views/works/new_import.html.erb
22	1	features/importing/work_import.feature
12	8	spec/api/api_helper.rb
48	25	spec/api/api_works_spec.rb

--11da0ee27--2016-09-26--Ariana
9	18	spec/spec_helper.rb

--c6524e0a7--2016-09-23--Ariana
1	0	app/controllers/works_controller.rb
29	2	app/views/works/new_import.html.erb
2	1	public/javascripts/application.js
6	1	public/stylesheets/site/2.0/07-interactions.css

--88c1263e5--2016-09-20--Ariana
21	20	app/controllers/api/v1/works_controller.rb
32	27	app/models/story_parser.rb
125	0	spec/api/api_works_spec.rb

--2086e82a8--2016-10-21--astolat shalott
2	2	app/controllers/autocomplete_controller.rb

--2ac4a3e56--2016-10-15--zz9pzza
1	1	app/views/works/_work_header_navigation.html.erb
4	0	public/stylesheets/site/2.0/10-types-groups.css

--41de49d8d--2016-10-13--zz9pzza
2	2	features/works/work_view.feature

--7f508b4be--2016-10-12--zz9pzza
198	230	app/controllers/works_controller.rb

--44dfedfee--2016-10-12--zz9pzza
1	1	app/controllers/works_controller.rb
1	0	app/views/works/_work_header_navigation.html.erb
1	1	features/admins/admin_works.feature
6	3	features/tags_and_wrangling/tag_wrangling.feature
12	1	features/works/work_view.feature

--03dbccd85--2016-10-09--zz9pzza
1	2	features/tags_and_wrangling/tag_wrangling.feature

--df0e8ea17--2016-10-09--zz9pzza
14	3	app/controllers/works_controller.rb
3	0	app/views/works/_work_header_navigation.html.erb
1	0	config/routes.rb

--367411a63--2016-10-09--zz9pzza
8	1	features/admins/admin_works.feature
5	0	features/tags_and_wrangling/tag_wrangling.feature
1	3	features/works/work_view.feature

--c431278c1--2016-09-26--tickinginstant
8	0	app/mailers/user_mailer.rb
17	0	features/collections/collection_anonymity.feature