--b827a3768--2012-09-01--elz
--ffb19460d--2012-08-31--elz
18	1	app/controllers/works_controller.rb
24	19	app/helpers/search_helper.rb
9	8	app/models/work.rb
12	17	app/views/works/index.html.erb

--0b7249c3e--2012-08-31--elz
5	1	app/controllers/bookmarks_controller.rb
1	0	app/models/bookmark.rb
6	2	app/views/bookmarks/index.html.erb

--d11060c87--2012-08-27--elz
22	4	app/views/works/_search_form.html.erb

--64ae48737--2012-08-26--elz
1	1	app/controllers/search_controller.rb
88	0	app/models/search.rb
6	0	app/models/work.rb
18	0	app/models/work_search.rb
1	1	app/views/works/_search_box.html.erb
57	0	app/views/works/_search_form.html.erb
1	1	app/views/works/search.html.erb

--c38e26fcf--2012-08-25--elz
7	5	app/views/works/_search_box.html.erb

--638e476b5--2012-08-25--elz
11	10	app/controllers/search_controller.rb
12	8	app/controllers/works_controller.rb
23	0	app/models/search.rb
45	0	app/models/work_search.rb
1	1	app/views/search/index.html.erb
20	81	app/views/works/_search_form.html.erb
2	57	app/views/works/search.html.erb
2	0	config/routes.rb
16	0	db/migrate/20120825165632_create_searches.rb

--9ac45ca9b--2012-08-25--elz
19	0	lib/bookmarkable.rb

--82ffad632--2012-08-15--elz
1	3	app/models/external_work.rb
2	2	app/models/series.rb
1	3	app/models/work.rb
0	20	vendor/plugins/can_has_bookmarks/MIT-LICENSE
0	13	vendor/plugins/can_has_bookmarks/README
0	22	vendor/plugins/can_has_bookmarks/Rakefile
0	8	vendor/plugins/can_has_bookmarks/generators/can_has_bookmarks/USAGE
0	8	vendor/plugins/can_has_bookmarks/generators/can_has_bookmarks/can_has_bookmarks_generator.rb
0	5	vendor/plugins/can_has_bookmarks/init.rb
0	1	vendor/plugins/can_has_bookmarks/install.rb
0	20	vendor/plugins/can_has_bookmarks/lib/can_create_bookmarks.rb
0	15	vendor/plugins/can_has_bookmarks/lib/can_has_bookmarks.rb
0	15	vendor/plugins/can_has_bookmarks/lib/has_bookmarks.rb
0	8	vendor/plugins/can_has_bookmarks/test/can_has_bookmarks_test.rb
0	1	vendor/plugins/can_has_bookmarks/uninstall.rb

--4d66acced--2012-08-10--elz
8	2	app/controllers/works_controller.rb
6	4	app/models/response_observer.rb
1	7	app/models/stat_counter.rb
3	3	app/models/work.rb
8	0	lib/tasks/after_tasks.rake
10	0	lib/work_stats.rb

--ac506cb17--2012-08-09--elz
28	0	app/models/response_observer.rb
16	0	app/models/stat_counter.rb
4	0	config/schedule.rb
5	0	lib/tasks/statistics_tasks.rake

--2cb2e906d--2012-08-09--elz
11	11	app/models/{hit_counter.rb => stat_counter.rb}
22	9	app/models/work.rb
1	1	config/schedule.rb
15	0	db/migrate/20120809164434_change_hit_counters_to_stat_counters.rb
0	0	features/fixtures/{hit_counters.yml => stat_counters.yml}
1	1	lib/tasks/after_tasks.rake
1	1	lib/tasks/database_seed.rake
4	4	lib/tasks/statistics_tasks.rake
3	3	lib/tasks/work_tasks.rake
2	2	lib/work_stats.rb
1	1	script/seed_dump.rb
2	2	spec/models/{hit_counter_spec.rb => stat_counter_spec.rb}
12	12	test/fixtures/{hit_counters.yml => stat_counters.yml}

--2a7120afc--2012-08-09--elz
9	0	app/models/collection_item.rb

--8d3cfffb9--2012-08-09--elz
6	0	app/controllers/works_controller.rb
2	0	app/models/work.rb
11	0	db/migrate/20120809161528_add_collection_info_to_works.rb

--73b2a5608--2012-08-09--elz
36	91	app/controllers/works_controller.rb
72	6	app/models/work.rb
47	1	app/views/works/_filters.html.erb
0	16	app/views/works/index.html.erb

--998b452ad--2012-08-08--elz
1	9	app/models/bookmark.rb

--4e1d77d5d--2012-08-08--elz
2	2	app/views/bookmarks/_filters.html.erb

--5ce66a1e4--2012-08-04--elz
2	2	app/views/bookmarks/_filters.html.erb

--0ec9c1f09--2012-08-04--elz
1	1	app/views/bookmarks/_filters.html.erb

--888f65b8e--2012-08-04--elz
9	0	app/models/bookmark.rb
6	0	app/views/bookmarks/_filters.html.erb

--d8817a7ce--2012-08-04--elz
27	60	app/controllers/bookmarks_controller.rb
155	1	app/models/bookmark.rb
1	1	app/models/tag.rb
81	1	app/models/work.rb
51	0	app/views/bookmarks/_filters.html.erb
4	0	app/views/bookmarks/index.html.erb
1	1	config/initializers/gem-plugin_config/tire.rb
1	1	public/stylesheets/site/2.0/18-zone-searchbrowse.css

--51dd31651--2012-07-13--elz
9	21	app/controllers/people_controller.rb
33	4	app/models/pseud.rb
13	28	app/views/people/_search_form.html.erb
1	1	app/views/people/index.html.erb
1	1	app/views/people/search.html.erb
1	1	features/people_search.feature
1	0	features/step_definitions/search_steps.rb

--ce53c2c55--2012-07-13--elz
10	8	Gemfile.lock
4	7	app/controllers/tags_controller.rb
27	0	app/models/tag.rb

--aefd59ef0--2012-07-13--elz
2	0	app/models/bookmark.rb
3	0	app/models/pseud.rb
3	0	app/models/tag.rb
2	0	app/models/work.rb

--c6d9b2d77--2012-07-13--elz
1	0	Gemfile
7	0	Gemfile.lock
1	0	config/initializers/gem-plugin_config/tire.rb

--97c81df4d--2012-07-13--elz
0	4	Gemfile
0	11	Gemfile.lock
3	7	app/controllers/bookmarks_controller.rb
4	8	app/controllers/people_controller.rb
3	7	app/controllers/tags_controller.rb
3	7	app/controllers/works_controller.rb
0	23	app/models/bookmark.rb
0	24	app/models/pseud.rb
0	12	app/models/tag.rb
1	35	app/models/work.rb
0	4	app/views/works/search.html.erb
0	14	config/deploy.rb
1	1	config/deploy/production.rb
0	2	config/deploy/staging.rb
0	3	config/environments/production.rb
0	7	config/initializers/gem-plugin_config/thinking_sphinx_config.rb
0	8	config/schedule_search.rb
0	19	config/sphinx.example
0	9	features/step_definitions/search_steps.rb
2	2	features/support/sphinx.rb
4	0	lib/query.rb
0	29	lib/tasks/after_tasks.rake
0	2	lib/tasks/tag_tasks.rake

--9123014ed--2012-08-27--elz
22	4	app/views/works/_search_form.html.erb

--f104429e7--2012-08-26--elz
1	1	app/controllers/search_controller.rb
88	0	app/models/search.rb
6	0	app/models/work.rb
18	0	app/models/work_search.rb
1	1	app/views/works/_search_box.html.erb
57	0	app/views/works/_search_form.html.erb
1	1	app/views/works/search.html.erb

--962f84f02--2012-08-25--elz
7	5	app/views/works/_search_box.html.erb

--85f858711--2012-08-25--elz
11	10	app/controllers/search_controller.rb
12	8	app/controllers/works_controller.rb
23	0	app/models/search.rb
45	0	app/models/work_search.rb
1	1	app/views/search/index.html.erb
20	81	app/views/works/_search_form.html.erb
2	57	app/views/works/search.html.erb
2	0	config/routes.rb
16	0	db/migrate/20120825165632_create_searches.rb

--10c88b943--2012-08-25--elz
19	0	lib/bookmarkable.rb

--a800d2653--2012-08-25--elz
--ed46effcc--2012-08-15--elz
1	3	app/models/external_work.rb
2	2	app/models/series.rb
1	3	app/models/work.rb
0	20	vendor/plugins/can_has_bookmarks/MIT-LICENSE
0	13	vendor/plugins/can_has_bookmarks/README
0	22	vendor/plugins/can_has_bookmarks/Rakefile
0	8	vendor/plugins/can_has_bookmarks/generators/can_has_bookmarks/USAGE
0	8	vendor/plugins/can_has_bookmarks/generators/can_has_bookmarks/can_has_bookmarks_generator.rb
0	5	vendor/plugins/can_has_bookmarks/init.rb
0	1	vendor/plugins/can_has_bookmarks/install.rb
0	20	vendor/plugins/can_has_bookmarks/lib/can_create_bookmarks.rb
0	15	vendor/plugins/can_has_bookmarks/lib/can_has_bookmarks.rb
0	15	vendor/plugins/can_has_bookmarks/lib/has_bookmarks.rb
0	8	vendor/plugins/can_has_bookmarks/test/can_has_bookmarks_test.rb
0	1	vendor/plugins/can_has_bookmarks/uninstall.rb

--fed650b54--2012-08-14--elz
--e33af7356--2012-07-25--Sam Johnsson
1	1	config/initializers/gem-plugin_config/sanitizer_config.rb

--6c2c614b4--2012-07-23--Sam Johnsson
2	0	config/initializers/gem-plugin_config/sanitizer_config.rb

--583f5c1d2--2012-08-10--elz
8	2	app/controllers/works_controller.rb
6	4	app/models/response_observer.rb
1	7	app/models/stat_counter.rb
3	3	app/models/work.rb
8	0	lib/tasks/after_tasks.rake
10	0	lib/work_stats.rb

--4b968ad5f--2012-08-09--elz
28	0	app/models/response_observer.rb
16	0	app/models/stat_counter.rb
4	0	config/schedule.rb
5	0	lib/tasks/statistics_tasks.rake

--511299ecd--2012-08-09--elz
11	11	app/models/{hit_counter.rb => stat_counter.rb}
22	9	app/models/work.rb
1	1	config/schedule.rb
15	0	db/migrate/20120809164434_change_hit_counters_to_stat_counters.rb
0	0	features/fixtures/{hit_counters.yml => stat_counters.yml}
1	1	lib/tasks/after_tasks.rake
1	1	lib/tasks/database_seed.rake
4	4	lib/tasks/statistics_tasks.rake
3	3	lib/tasks/work_tasks.rake
2	2	lib/work_stats.rb
1	1	script/seed_dump.rb
2	2	spec/models/{hit_counter_spec.rb => stat_counter_spec.rb}
12	12	test/fixtures/{hit_counters.yml => stat_counters.yml}

--7d9c4842d--2012-08-09--elz
9	0	app/models/collection_item.rb

--d17c696a4--2012-08-09--elz
6	0	app/controllers/works_controller.rb
2	0	app/models/work.rb
11	0	db/migrate/20120809161528_add_collection_info_to_works.rb

--e800588cc--2012-08-09--elz
36	91	app/controllers/works_controller.rb
72	6	app/models/work.rb
47	1	app/views/works/_filters.html.erb
0	16	app/views/works/index.html.erb

--9b05c432c--2012-08-08--elz
1	9	app/models/bookmark.rb

--81c6180d0--2012-08-08--elz
2	2	app/views/bookmarks/_filters.html.erb

--c92aed229--2012-08-04--elz
2	2	app/views/bookmarks/_filters.html.erb

--53ee75165--2012-08-04--elz
1	1	app/views/bookmarks/_filters.html.erb

--8b9ca52b9--2012-08-04--elz
9	0	app/models/bookmark.rb
6	0	app/views/bookmarks/_filters.html.erb

--0d0506a71--2012-08-04--elz
27	60	app/controllers/bookmarks_controller.rb
155	1	app/models/bookmark.rb
1	1	app/models/tag.rb
81	1	app/models/work.rb
51	0	app/views/bookmarks/_filters.html.erb
4	0	app/views/bookmarks/index.html.erb
1	1	config/initializers/gem-plugin_config/tire.rb
1	1	public/stylesheets/site/2.0/18-zone-searchbrowse.css

--9bb41996d--2012-07-13--elz
9	21	app/controllers/people_controller.rb
33	4	app/models/pseud.rb
13	28	app/views/people/_search_form.html.erb
1	1	app/views/people/index.html.erb
1	1	app/views/people/search.html.erb
1	1	features/people_search.feature
1	0	features/step_definitions/search_steps.rb

--445b7f540--2012-07-13--elz
10	8	Gemfile.lock
4	7	app/controllers/tags_controller.rb
27	0	app/models/tag.rb

--b848097b8--2012-07-13--elz
2	0	app/models/bookmark.rb
3	0	app/models/pseud.rb
3	0	app/models/tag.rb
2	0	app/models/work.rb

--ac0fa1563--2012-07-13--elz
1	0	Gemfile
7	0	Gemfile.lock
1	0	config/initializers/gem-plugin_config/tire.rb

--56abfbc06--2012-07-13--elz
0	4	Gemfile
0	11	Gemfile.lock
3	7	app/controllers/bookmarks_controller.rb
4	8	app/controllers/people_controller.rb
3	7	app/controllers/tags_controller.rb
3	7	app/controllers/works_controller.rb
0	23	app/models/bookmark.rb
0	24	app/models/pseud.rb
0	12	app/models/tag.rb
1	35	app/models/work.rb
0	4	app/views/works/search.html.erb
0	14	config/deploy.rb
1	1	config/deploy/production.rb
0	2	config/deploy/staging.rb
0	3	config/environments/production.rb
0	7	config/initializers/gem-plugin_config/thinking_sphinx_config.rb
0	8	config/schedule_search.rb
0	19	config/sphinx.example
0	9	features/step_definitions/search_steps.rb
2	2	features/support/sphinx.rb
4	0	lib/query.rb
0	29	lib/tasks/after_tasks.rake
0	2	lib/tasks/tag_tasks.rake