--6d10dd4f6--2012-06-30--Cristina
--be322c12f--2012-06-30--elz
24	24	features/work_search.feature

--88d9a072e--2012-06-30--Elz
--09827bb4f--2012-06-30--Elz
--64024dd39--2012-06-30--elz
0	6	app/views/works/_search_form.html.erb

--9a4cab9d4--2012-06-30--elz
0	3	app/models/work.rb
0	2	app/views/works/search.html.erb
3	3	lib/query.rb

--ee7b9acc1--2012-06-29--James Beal
1	1	app/controllers/application_controller.rb

--9f422e742--2012-06-29--James Beal
14	1	app/controllers/application_controller.rb

--10499f97f--2012-06-22--mumble
15	12	public/help/work-search-tags-help.html

--710b0cf5d--2012-06-20--mumble
5	5	public/help/work-search-tags-help.html

--698e4cd04--2012-06-19--mumble
2	2	app/views/works/_search_form.html.erb
24	0	public/help/work-search-tags-help.html