--f59edecb3--2011-12-13--elz
--d4b8f76e4--2011-12-13--Rebecca
--a62ea4d15--2011-12-10--Sidra
1	1	doc/app/Admin/SettingsController.html
8	40	doc/app/AdminSetting.html
19	13	doc/app/BookmarksController.html
50	50	doc/app/Collection.html
9	8	doc/app/CollectionsController.html
1	1	doc/app/SkinsController.html
59	57	doc/app/Tag.html
1	1	doc/app/TagsController.html
33	33	doc/app/User.html
54	22	doc/app/UsersController.html
228	228	doc/app/created.rid
1	1	doc/app/js/search_index.js
517	517	doc/app/table_of_contents.html

--52aeb9bb6--2011-12-08--elz
1	1	app/controllers/tags_controller.rb
1	1	app/views/works/index.html.erb

--21453b22a--2011-12-07--Elz
--29d6523ef--2011-12-07--Elz
--6906bd06e--2011-12-06--sarken
2	0	public/stylesheets/site/2.0/02-elements.css
2	0	public/stylesheets/site/2.0/03-region-header.css
2	2	public/stylesheets/site/2.0/06-region-footer.css
1	1	public/stylesheets/site/2.0/08-actions.css

--8fb97a7c6--2011-12-05--Cristina
1	1	app/controllers/bookmarks_controller.rb

--71946a4a4--2011-12-05--Cristina
5	24	features/work_import_lj.feature

--5920b0c3b--2011-12-05--Cristina
1	0	app/views/collection_participants/_participant_form.html.erb
4	1	features/challenge_promptmeme.feature
1	0	features/step_definitions/collection_steps.rb

--a60e2ddad--2011-12-05--Cristina
4	4	features/challenge_promptmeme.feature
2	0	features/step_definitions/challenge_steps.rb

--ee2123bd8--2011-12-05--Cristina
4	4	features/challenge_promptmeme.feature
0	10	features/step_definitions/challenge_steps.rb

--ef7edbd2a--2011-12-05--Cristina
5	1	app/views/prompts/_prompt_blurb.html.erb

--7c6ea86f0--2011-12-05--Cristina
17	25	features/challenge_promptmeme.feature
10	0	features/step_definitions/challenge_steps.rb

--26355e8eb--2011-12-05--Cristina
4	4	app/models/challenge_claim.rb
17	21	features/challenge_promptmeme.feature
4	0	features/step_definitions/challenge_steps.rb

--e67047864--2011-12-05--Cristina
6	4	features/challenge_promptmeme.feature
3	0	features/step_definitions/challenge_steps.rb

--51fe77cd1--2011-12-05--Cristina
16	14	features/challenge_promptmeme.feature
1	1	features/step_definitions/challenge_steps.rb