--ff7e8f726--2011-11-03--shalott
--65274825b--2011-11-03--shalott
--27ded49cc--2011-11-03--shalott
6	3	app/controllers/external_authors_controller.rb
3	3	app/controllers/skins_controller.rb
1	1	app/helpers/users_helper.rb
8	3	app/models/collection_item.rb
10	6	app/models/external_author.rb
2	2	app/models/external_author_name.rb
6	2	app/models/external_creatorship.rb
2	3	app/models/story_parser.rb
1	1	app/models/tag_nomination.rb
2	2	app/models/work.rb
1	1	app/views/admin_posts/_admin_index.html.erb
1	1	app/views/admin_posts/_sidebar.html.erb
1	1	app/views/admin_posts/index.html.erb
2	2	app/views/admin_posts/show.html.erb
1	1	app/views/archive_faqs/show.html.erb
2	2	app/views/bookmarks/_bookmark_blurb.html.erb
1	1	app/views/bookmarks/_bookmark_blurb_short.html.erb
1	1	app/views/bookmarks/_bookmarks.html.erb
1	1	app/views/bookmarks/search.html.erb
1	1	app/views/bookmarks/show.html.erb
1	1	app/views/challenge/gift_exchange/_challenge_signups.html.erb
1	1	app/views/challenge/gift_exchange/_challenge_signups_summary.html.erb
1	1	app/views/challenge/shared/_challenge_requests.html.erb
1	1	app/views/challenge_assignments/_maintainer_index_defaulted.html.erb
1	1	app/views/challenge_assignments/_maintainer_index_fulfilled.html.erb
1	1	app/views/challenge_assignments/_maintainer_index_unfulfilled.html.erb
1	1	app/views/challenge_assignments/_user_index.html.erb
2	2	app/views/challenge_claims/_maintainer_index.html.erb
1	1	app/views/challenge_claims/_unposted_claim_blurb.html.erb
1	1	app/views/challenge_claims/_user_index.html.erb
2	2	app/views/challenge_signups/_show_offers.html.erb
2	2	app/views/challenge_signups/_show_requests.html.erb
1	1	app/views/challenge_signups/index.html.erb
3	3	app/views/chapters/_chapter.html.erb
1	1	app/views/collection_items/_item_fields.html.erb
1	1	app/views/collection_items/index.html.erb
1	1	app/views/collection_participants/index.html.erb
2	2	app/views/collection_profile/show.html.erb
2	2	app/views/collections/_bookmarks_module.html.erb
2	2	app/views/collections/_collection_blurb.html.erb
7	8	app/views/collections/_header.html.erb
1	1	app/views/collections/_sidebar.html.erb
2	2	app/views/collections/_works_module.html.erb
1	1	app/views/collections/index.html.erb
1	1	app/views/collections/list_challenges.html.erb
7	18	app/views/collections/show.html.erb
1	1	app/views/comments/_single_comment.html.erb
1	1	app/views/comments/_single_comment_abbreviated.html.erb
1	1	app/views/comments/edit.html.erb
1	1	app/views/comments/index.html.erb
1	1	app/views/downloads/_download_chapter.html.erb
80	54	app/views/external_authors/claim.html.erb
2	2	app/views/external_authors/index.html.erb
1	1	app/views/external_works/_blurb.html.erb
1	1	app/views/external_works/compare.html.erb
1	1	app/views/external_works/index.html.erb
1	1	app/views/external_works/show.html.erb
3	3	app/views/fandoms/index.html.erb
2	2	app/views/fandoms/show.html.erb
1	1	app/views/gifts/index.html.erb
8	4	app/views/home/index.html.erb
2	2	app/views/inbox/show.html.erb
2	2	app/views/known_issues/_admin_index.html.erb
1	1	app/views/languages/index.html.erb
1	1	app/views/languages/show.html.erb
1	1	app/views/layouts/_banner.html.erb
1	1	app/views/layouts/_footer.html.erb
2	2	app/views/layouts/_header.html.erb
1	1	app/views/layouts/application.html.erb
6	5	app/views/layouts/home.html.erb
1	1	app/views/layouts/session.html.erb
3	3	app/views/media/index.html.erb
1	1	app/views/orphans/index.html.erb
4	4	app/views/owned_tag_sets/_show_fandoms_by_media.html.erb
3	3	app/views/owned_tag_sets/_show_tag_set_associations.html.erb
4	4	app/views/owned_tag_sets/_show_tag_set_tags.html.erb
3	3	app/views/owned_tag_sets/_show_tags_by_alpha.html.erb
2	2	app/views/owned_tag_sets/_show_tags_in_single_list.html.erb
1	1	app/views/owned_tag_sets/_tag_set_blurb.html.erb
1	1	app/views/owned_tag_sets/index.html.erb
1	1	app/views/people/_author_blurb.html.erb
1	1	app/views/people/index.html.erb
1	1	app/views/people/search.html.erb
1	1	app/views/people/show.html.erb
4	4	app/views/potential_matches/index.html.erb
5	5	app/views/prompts/_prompt_blurb.html.erb
1	1	app/views/prompts/index.html.erb
1	1	app/views/prompts/show.html.erb
1	1	app/views/pseuds/_pseud_blurb.html.erb
1	1	app/views/pseuds/index.html.erb
1	1	app/views/readings/_reading.html.erb
3	3	app/views/related_works/index.html.erb
1	1	app/views/series/_series_blurb.html.erb
2	2	app/views/series/index.html.erb
3	3	app/views/series/show.html.erb
3	3	app/views/skins/_form.html.erb
2	2	app/views/skins/index.html.erb
3	3	app/views/skins/show.html.erb
1	0	app/views/static/fandoms/index.html.erb
2	2	app/views/static/fandoms/show.html.erb
2	2	app/views/static/restricted_works/index.html.erb
1	1	app/views/subscriptions/index.html.erb
2	2	app/views/tag_set_associations/index.html.erb
2	2	app/views/tag_set_nominations/_review.html.erb
2	2	app/views/tag_set_nominations/_review_cast.html.erb
2	2	app/views/tag_set_nominations/_review_fandoms.html.erb
2	2	app/views/tag_set_nominations/_show_by_tag_type.html.erb
5	5	app/views/tag_set_nominations/show.html.erb
1	1	app/views/tag_wranglers/index.html.erb
1	1	app/views/tag_wranglings/_wrangler_dashboard.html.erb
2	1	app/views/tags/index.html.erb
1	1	app/views/tags/search.html.erb
15	15	app/views/tags/show.html.erb
15	30	app/views/user_mailer/invitation_to_claim.html.erb
8	8	app/views/users/_contents.html.erb
1	1	app/views/users/_sidebar.html.erb
4	4	app/views/users/browse.html.erb
1	1	app/views/works/_work_blurb.html.erb
1	1	app/views/works/_work_endnotes.html.erb
1	1	app/views/works/_work_header.html.erb
1	1	app/views/works/drafts.html.erb
1	1	app/views/works/edit_multiple.html.erb
1	1	app/views/works/import.html.erb
1	1	app/views/works/index.html.erb
1	1	app/views/works/navigate.html.erb
1	1	app/views/works/preview.html.erb
1	1	app/views/works/search.html.erb
1	1	app/views/works/show_multiple.html.erb
3	4	features/skin.feature
1	1	lib/collectible.rb
4	2	lib/css_cleaner.rb
56	31	lib/tasks/mass_import.rake
-	-	public/images/skins/objects/blank-stamp.png
-	-	public/images/skins/objects/coffee-cup.png
-	-	public/images/skins/objects/glitter-pens.png
5	0	public/images/skins/textures/tiles/aaaaa-readme.txt
-	-	public/images/skins/textures/tiles/black-scribble-x.png
-	-	public/images/skins/textures/tiles/black-zebra-fur.jpg
-	-	public/images/skins/textures/tiles/{grey-illo-bones.gif => grey-illo-skulls.gif}
-	-	public/images/skins/textures/tiles/grey-shiplap.jpg
-	-	public/images/skins/textures/tiles/multi-chevrons-x.png
-	-	public/images/skins/textures/tiles/multi-chevrons-y.png
-	-	public/images/skins/textures/tiles/purple-wood-desktop.jpg
-	-	public/images/skins/textures/tiles/red-brick.jpg
-	-	public/images/skins/textures/tiles/transp-dot.gif
-	-	public/images/skins/textures/tiles/{transp-notebook-spiral-1.png => transp-notebook-spiral-x.png}
-	-	public/images/skins/textures/tiles/{transp-notebook-spiral-2.png => transp-notebook-spiral-y.png}
-	-	public/images/skins/textures/tiles/white-lined.jpg
0	13	public/stylesheets/sandbox.css
3	2	public/stylesheets/site/2.0/03-region-header.css
4	2	public/stylesheets/site/2.0/04-region-dashboard.css
3	1	public/stylesheets/site/2.0/05-region-main.css
8	2	public/stylesheets/site/2.0/06-region-footer.css
3	1	public/stylesheets/site/2.0/09-roles-states.css
3	1	public/stylesheets/site/2.0/10-types-groups.css
2	0	public/stylesheets/site/2.0/13-group-blurb.css
1	1	public/stylesheets/site/2.0/15-group-comments.css
1	1	public/stylesheets/site/2.0/22-system-messages.css
1	1	public/stylesheets/site/2.0/29-role-ie5.css
1	1	public/stylesheets/site/2.0/30-role-ie6.css
6	0	spec/models/skin_spec.rb

--005ef5ccd--2011-11-03--Rebecca
2	0	config/config.yml
4	4	lib/html_cleaner.rb