--de50d1da2--2011-09-01--Enigel
--ff857f92d--2011-08-31--Enigel
--7269c5be9--2011-08-31--Enigel
--1fe1ec45e--2011-08-31--Enigel
--4507fb09a--2011-08-31--Cesy
2	2	app/controllers/application_controller.rb

--791dbee34--2011-08-31--Cesy
1	1	app/views/challenge_signups/_promptmeme_signup_form.html.erb
1	1	app/views/challenge_signups/_signup_form.html.erb

--d9a5fd2f4--2011-08-31--Cesy
1	1	app/controllers/admin/settings_controller.rb
2	1	features/admin_tasks.feature
2	1	features/invite_queue.feature
3	2	features/step_definitions/banner_steps.rb

--dd3a44acf--2011-08-31--Rebecca
5	5	app/mailers/comment_mailer.rb
1	1	app/mailers/kudo_mailer.rb
1	1	app/views/comment_mailer/_comment_notification_footer.erb
1	1	app/views/comment_mailer/comment_notification.html.erb
1	1	app/views/comment_mailer/comment_reply_notification.html.erb
1	1	app/views/comment_mailer/comment_sent_notification.html.erb
1	1	app/views/comment_mailer/edited_comment_notification.html.erb
1	1	app/views/comment_mailer/edited_comment_reply_notification.html.erb
1	1	app/views/kudo_mailer/kudo_notification.html.erb
5	5	app/views/related_works/index.html.erb
2	1	app/views/works/_work_header.html.erb

--d5247fc60--2011-08-31--Enigel
--db53026b4--2011-08-29--Enigel
--7d22ae15a--2011-08-29--Enigel
--e8761e820--2011-08-28--Cesy
4	5	app/controllers/admin/settings_controller.rb
2	2	app/controllers/application_controller.rb
2	4	app/views/layouts/_banner.html.erb
1	1	app/views/layouts/_header.html.erb
2	4	features/banner_general.feature
2	3	features/step_definitions/banner_steps.rb

--6c99df954--2011-08-28--Cesy
4	4	app/views/users/_header.html.erb

--796b471ab--2011-08-28--Enigel
--b6c375dcb--2011-08-28--Enigel
--05254c9f6--2011-08-28--Cesy
1	1	app/views/bookmarks/_bookmark_full_info.html.erb
1	1	app/views/challenge/gift_exchange/_challenge_meta.html.erb
1	1	app/views/challenge/prompt_meme/_challenge_meta.html.erb
1	1	app/views/chapters/manage.html.erb
1	0	public/stylesheets/site-chrome.css

--7077dd7b6--2011-08-28--Cesy
17	15	db/schema.rb

--5bd23dc89--2011-08-28--Enigel
--b2ee3f0b9--2011-08-28--Cesy
12	2	app/controllers/application_controller.rb
3	0	app/models/admin_setting.rb
1	24	app/views/home/index.html.erb
24	0	app/views/layouts/_banner.html.erb
1	24	app/views/layouts/_header.html.erb
1	1	config/config.yml
9	0	db/migrate/20110828172403_add_banner_text_sanitiser.rb

--1661178d5--2011-08-28--Cesy
3	1	app/controllers/challenge_signups_controller.rb

--3e54835ea--2011-08-28--Cesy
13	0	db/migrate/20110827185228_change_banner_text_type.rb

--9c67f7b29--2011-08-28--Cesy
18	2	features/banner_general.feature
9	0	features/step_definitions/banner_steps.rb

--965bf4bc8--2011-08-28--Enigel
--6f9b4b5f6--2011-08-27--Cesy
40	20	features/invite_request.feature
12	0	features/step_definitions/invite_steps.rb

--9ab1e846a--2011-08-27--Cesy
25	24	features/invite_request.feature
26	0	features/step_definitions/invite_steps.rb

--befc72802--2011-08-27--Cesy
11	4	features/icon.feature
29	0	features/step_definitions/icon_steps.rb

--6073c43f0--2011-08-22--Karen Johnson
1	1	app/views/users/change_email.html.erb
1	1	app/views/users/change_password.html.erb
1	1	app/views/users/edit.html.erb

--20a8c902c--2011-08-14--Karen Johnson
1	1	app/views/users/change_email.html.erb
1	1	app/views/users/change_password.html.erb
1	1	app/views/users/edit.html.erb

--1bb29025f--2011-08-12--Karen Johnson
1	1	app/views/users/change_email.html.erb
1	1	app/views/users/change_password.html.erb
1	1	app/views/users/edit.html.erb

--e34ac01aa--2011-08-03--Karen Johnson
5	11	app/views/users/change_email.html.erb
5	13	app/views/users/change_password.html.erb
6	14	app/views/users/edit.html.erb
1	1	features/preferences_edit.feature
1	1	features/profile_edit.feature
7	7	features/step_definitions/profile_steps.rb
1	4	public/stylesheets/site-chrome.css

--23ad44666--2011-08-21--bingeling
-	-	public/images/kudos.png

--480db7c64--2011-08-18--Sidra
--57ef8e71d--2011-07-22--elz