--eb4004a51--2011-08-12--Sidra
--66e7be80f--2011-08-12--Sidra
1	1	app/models/reading.rb

--f962e680e--2011-08-10--Sidra
49	49	app/controllers/chapters_controller.rb
4	25	app/controllers/readings_controller.rb
10	2	app/controllers/works_controller.rb
30	33	app/helpers/works_helper.rb
38	6	app/models/reading.rb
3	3	app/views/readings/_reading.html.erb
2	5	config/routes.rb
5	0	config/schedule.rb
11	0	db/migrate/20110810150044_add_last_viewed_to_reading.rb
24	15	features/reading.feature
8	6	features/step_definitions/reading_steps.rb
6	0	lib/tasks/reading_tasks.rake

--046dc6fdd--2011-08-12--Sidra
1	1	app/models/reading.rb

--fca568339--2011-08-12--Cesy
--d9dc3438c--2011-08-12--CristinaRO
4	4	app/views/known_issues/_admin_index.html.erb
8	7	app/views/known_issues/_known_issues_form.html.erb
1	1	app/views/known_issues/index.html.erb
2	2	app/views/known_issues/show.html.erb

--05b436d41--2011-08-10--Sidra
49	49	app/controllers/chapters_controller.rb
4	25	app/controllers/readings_controller.rb
10	2	app/controllers/works_controller.rb
30	33	app/helpers/works_helper.rb
38	6	app/models/reading.rb
3	3	app/views/readings/_reading.html.erb
2	5	config/routes.rb
5	0	config/schedule.rb
11	0	db/migrate/20110810150044_add_last_viewed_to_reading.rb
24	15	features/reading.feature
8	6	features/step_definitions/reading_steps.rb
6	0	lib/tasks/reading_tasks.rake