--5ddddf88c--2011-06-19--elz
--b4faa7702--2011-06-19--elz
--d35b9d96e--2011-06-19--elz
--92f6c27ef--2011-06-19--elz
--a0257df8f--2011-06-19--Cesy
11	0	db/migrate/20110619091214_update_prompt_meme_defaults.rb
13	0	db/migrate/20110619091342_update_challenge_defaults.rb
16	12	db/schema.rb
3	0	features/step_definitions/challenge_steps.rb

--6495fc156--2011-06-19--Cesy
5	1	app/views/prompt_restrictions/_prompt_restriction_form.html.erb
2	2	public/help/challenge-initialize-tags.html
8	5	public/help/challenge-optional-tags.html
31	0	public/help/prompt-restriction-tag-set-promptmeme.html

--72b8e2322--2011-06-19--Cesy
1	0	app/models/creation_observer.rb

--055d21334--2011-06-19--Cesy
1	3	app/models/admin_setting.rb
1	2	features/banner_general.feature

--8419761f3--2011-06-19--elz
--2b4767f8f--2011-06-19--elz
--0bc0e7db4--2011-06-18--shalott
1	1	app/views/skins/_skin_style_block.html.erb

--8f6946413--2011-06-18--shalott
1	1	app/models/tag.rb
1	1	lib/autocomplete_source.rb
5	7	lib/tasks/load_autocomplete_data.rake
6	2	public/javascripts/jquery.tokeninput.js

--694f933a8--2011-06-18--elz
--785ff1a77--2011-06-18--Sidra
--1706d6f3d--2011-06-18--Sidra
1	1	config/schedule_search.rb

--e68ee070b--2011-06-18--Sidra
1	1	config/deploy.rb

--093b52c94--2011-06-18--Enigel
--e7e9c9a2e--2011-06-18--Enigel
--5b75b5662--2011-06-18--Enigel
--8e2a1415c--2011-06-18--elz
--ddb907b9b--2011-06-18--elz
--c3ae7da66--2011-06-18--elz
--687438edf--2011-06-18--Enigel
--3a32d907e--2011-06-18--elz
--d17520197--2011-06-18--elz
--75b99b4c5--2011-06-18--elz
4	0	config/initializers/gem-plugin_config/sanitizer_config.rb

--8d1acd5e1--2011-06-18--Cesy
1	1	app/controllers/users_controller.rb
21	0	app/views/home/index.html.erb
17	1	features/banner_general.feature
0	20	features/step_definitions/admin_steps.rb
28	0	features/step_definitions/banner_steps.rb

--2b941c66d--2011-06-18--Cesy
2	3	app/controllers/admin/settings_controller.rb
1	1	app/controllers/users_controller.rb
17	0	app/models/admin_setting.rb

--c2c6a0e03--2011-06-18--Cesy
9	1	features/banner_general.feature
1	1	features/banner_login.feature

--be50f2911--2011-06-18--Cesy
1	1	features/banner_general.feature
54	25	features/banner_login.feature
11	0	features/step_definitions/banner_steps.rb

--d57170553--2011-06-13--Cesy
4	6	app/controllers/users_controller.rb
2	2	app/views/layouts/_header.html.erb

--f7b2916b0--2011-06-17--Cesy
16	3	features/banner_general.feature
17	0	features/step_definitions/banner_steps.rb

--ebfd24dc6--2011-06-17--Cesy
1	1	app/views/challenge/prompt_meme/_challenge_sidebar.html.erb

--7d4d3b5f3--2011-06-17--Karen Johnson
1	1	script/seed_dump.rb

--3aae119fc--2011-06-17--Laura E
6	0	app/controllers/profile_controller.rb
2	2	app/controllers/subscriptions_controller.rb
12	1	features/subscriptions.feature
4	0	features/support/paths.rb

--32908bdcd--2011-06-16--shalott
57	30	lib/autocomplete_source.rb

--3522d3a97--2011-06-16--shalott
3	2	public/javascripts/jquery.tokeninput.js
1	1	public/stylesheets/site-chrome.css

--425d13d24--2011-06-16--shalott
8	5	lib/tasks/load_autocomplete_data.rake

--91abc6251--2011-06-14--pixel
--513b9f358--2011-06-14--Tel
2	3	script/seed_dump.rb

--534a1541b--2011-06-14--pixel
--bc055a33a--2011-06-14--pixel
--74c2d9628--2011-06-14--pixel
--de7d523b0--2011-06-14--pixel
--abea26367--2011-06-13--Cesy
3	3	app/views/challenge_signups/_signup_controls.html.erb
10	2	features/challenge_promptmeme.feature
0	1	features/step_definitions/challenge_steps.rb

--18dab6e4b--2011-06-14--pixel
--df9360550--2011-06-13--shalott
7	4	public/javascripts/jquery.tokeninput.js

--cd6be1328--2011-06-13--Enigel
1	0	app/views/layouts/_includes.html.erb
3	3	public/javascripts/application.js
9	0	public/javascripts/jquery.livequery.min.js

--87a2e1524--2011-06-12--Cesy
4	4	app/views/challenge_signups/_signup_controls.html.erb
4	4	app/views/prompts/_prompt_controls.html.erb
24	1	features/challenge_promptmeme.feature

--922343f73--2011-06-12--Cesy
1	1	app/views/works/_standard_form.html.erb
3	3	features/challenge_promptmeme.feature

--c111fe3e5--2011-06-12--Cesy
2	2	app/views/works/_standard_form.html.erb

--056836709--2011-06-09--Cesy
11	0	features/challenge_promptmeme.feature

--e09678de5--2011-06-09--Cesy
19	1	features/challenge_promptmeme.feature
1	0	features/step_definitions/challenge_steps.rb

--bf4ef0136--2011-06-07--elz