--9143d17a7--2011-06-03--pixel
--75bc2a1d7--2011-06-03--pixel
--c52deed38--2011-06-02--pixel
--f078ac913--2011-06-01--Cesy
3	0	app/views/skins/_skin_style_block.html.erb
4	0	app/views/skins/_wizard_form.html.erb
9	8	app/views/skins/show.html.erb
9	0	db/migrate/20110601200556_add_accent_to_skins.rb
5	0	features/skin.feature
14	0	features/step_definitions/skin_steps.rb

--9fd799539--2011-06-02--Cesy
32	13	features/challenge_promptmeme.feature
130	158	features/challenge_promptmeme_unlimited.feature
31	38	features/challenge_yuletide.feature
87	55	features/step_definitions/challenge_steps.rb
4	0	features/step_definitions/generic_steps.rb

--59f052203--2011-06-01--pixel
--0ace24209--2011-06-01--pixel
--0806e723d--2011-06-01--shalott
181	180	features/challenge_promptmeme_unlimited.feature

--205de2d94--2011-06-01--shalott
2	2	features/challenge_promptmeme_unlimited.feature
189	189	features/tag_wrangling.feature

--c472881ea--2011-06-01--Cesy
1	1	app/views/challenge_signups/_promptmeme_signup_form.html.erb
1	1	app/views/challenge_signups/_signup_form.html.erb
23	0	features/challenge_giftexchange.feature
23	1	features/challenge_promptmeme.feature
5	0	features/step_definitions/challenge_steps.rb
6	0	features/step_definitions/user_steps.rb

--6f19b7a1c--2011-06-01--pixel
--60e1c80e1--2011-06-01--pixel
--a6f6054af--2011-06-01--shalott
1	1	app/helpers/application_helper.rb
1	0	app/models/tag.rb
20	3	lib/autocomplete_source.rb

--d962e5a8f--2011-06-01--shalott
10	8	app/controllers/autocomplete_controller.rb
3	2	app/models/tag.rb
2	2	features/step_definitions/autocomplete_steps.rb
8	1	lib/autocomplete_source.rb
0	1	public/javascripts/jquery.tokeninput.js
15	9	public/stylesheets/auto_complete.css
1	1	public/stylesheets/ie_overrides.css

--a83c6db8f--2011-06-01--shalott
10	1	app/views/layouts/_includes.html.erb
407	0	public/javascripts/jquery-ui.min.js
16	0	public/javascripts/jquery.min.js

--6d4331756--2011-05-31--shalott
16	33	app/controllers/autocomplete_controller.rb
11	6	app/models/collection.rb
3	3	app/models/pseud.rb
26	7	app/models/tag.rb
4	4	app/sweepers/collection_sweeper.rb
6	6	app/sweepers/pseud_sweeper.rb
4	4	app/sweepers/tag_sweeper.rb
0	34	config/initializers/monkeypatches/string_autocomplete_utilities.rb
163	35	lib/autocomplete_source.rb
13	15	lib/tasks/load_autocomplete_data.rake
0	1	public/stylesheets/auto_complete.css

--194172c6b--2011-05-31--shalott
0	43	features/step_definitions/challenge_steps.rb

--f0fd2c3af--2011-05-31--shalott
6	1	public/javascripts/jquery.tokeninput.js

--f0af05170--2011-05-30--shalott
0	108	vendor/plugins/auto_complete/README.rdoc
0	52	vendor/plugins/auto_complete/Rakefile
0	1	vendor/plugins/auto_complete/VERSION
0	3	vendor/plugins/auto_complete/init.rb
0	49	vendor/plugins/auto_complete/lib/auto_complete.rb
0	44	vendor/plugins/auto_complete/lib/auto_complete_form_builder_helper.rb
0	152	vendor/plugins/auto_complete/lib/auto_complete_macros_helper.rb
0	4	vendor/plugins/auto_complete/lib/repeated_auto_complete.rb
0	4	vendor/plugins/auto_complete/lib/view_mapper/README
0	88	vendor/plugins/auto_complete/lib/view_mapper/has_many_auto_complete_view.rb
0	90	vendor/plugins/auto_complete/lib/view_mapper/templates/controller.rb
0	19	vendor/plugins/auto_complete/lib/view_mapper/templates/layout.html.erb
0	82	vendor/plugins/auto_complete/lib/view_mapper/templates/style.css
0	16	vendor/plugins/auto_complete/lib/view_mapper/templates/view_child_form.html.erb
0	24	vendor/plugins/auto_complete/lib/view_mapper/templates/view_form.html.erb
0	77	vendor/plugins/auto_complete/repeated_auto_complete.gemspec
0	152	vendor/plugins/auto_complete/test/auto_complete_form_builder_helper_test.rb
0	143	vendor/plugins/auto_complete/test/auto_complete_nested_attributes_test.rb
0	142	vendor/plugins/auto_complete/test/auto_complete_test.rb
0	14	vendor/plugins/auto_complete/test/helper.rb
0	26	vendor/plugins/auto_complete/test/view_mapper/expected_templates/_form.html.erb
0	22	vendor/plugins/auto_complete/test/view_mapper/expected_templates/_person.html.erb
0	16	vendor/plugins/auto_complete/test/view_mapper/expected_templates/create_parents.rb
0	11	vendor/plugins/auto_complete/test/view_mapper/expected_templates/edit.html.erb
0	20	vendor/plugins/auto_complete/test/view_mapper/expected_templates/index.html.erb
0	10	vendor/plugins/auto_complete/test/view_mapper/expected_templates/new.html.erb
0	15	vendor/plugins/auto_complete/test/view_mapper/expected_templates/parent.rb
0	37	vendor/plugins/auto_complete/test/view_mapper/expected_templates/show.html.erb
0	92	vendor/plugins/auto_complete/test/view_mapper/expected_templates/testies_controller.rb
0	587	vendor/plugins/auto_complete/test/view_mapper/has_many_auto_complete_view_test.rb

--3d4dec83a--2011-05-30--shalott
0	6	features/step_definitions/challenge_steps.rb

--cc831d322--2011-05-30--shalott
0	34	config/initializers/gem-plugin_config/redis.rb
34	0	config/initializers/monkeypatches/string_autocomplete_utilities.rb
7	8	features/step_definitions/generic_steps.rb

--367433c27--2011-05-29--shalott
34	29	app/controllers/autocomplete_controller.rb
16	48	app/models/collection.rb
10	23	app/models/pseud.rb
12	48	app/models/tag.rb
3	3	app/views/collections/index.html.erb
3	2	features/step_definitions/generic_steps.rb
76	0	lib/autocomplete_source.rb
15	2	public/javascripts/jquery.tokeninput.js

--aa211fe67--2011-05-28--shalott
8	10	app/controllers/autocomplete_controller.rb
25	14	app/models/collection.rb
1	1	app/views/collection_items/_collection_item_form.html.erb
2	2	app/views/collections/_filters.html.erb
1	1	app/views/works/_standard_form.html.erb
6	4	public/javascripts/jquery.tokeninput.js

--85790b215--2011-05-28--shalott
5	5	features/challenge_promptmeme.feature
14	8	features/step_definitions/challenge_steps.rb
2	2	features/step_definitions/tag_steps.rb
3	2	public/javascripts/jquery.tokeninput.js

--746ac3a0b--2011-05-28--shalott
8	9	features/step_definitions/challenge_steps.rb
17	0	features/step_definitions/generic_steps.rb
2	1	features/step_definitions/work_steps.rb

--2c75f14c8--2011-05-27--shalott
1	2	app/helpers/application_helper.rb
1	4	app/views/skins/_wizard_form.html.erb
22	22	features/challenge_promptmeme.feature
8	1	features/step_definitions/autocomplete_steps.rb
96	77	features/step_definitions/challenge_steps.rb
6	1	features/step_definitions/generic_steps.rb
12	0	features/step_definitions/tag_steps.rb
0	8	features/step_definitions/user_steps.rb
200	202	features/tag_wrangling.feature

--e80f52ad3--2011-05-27--shalott
3	2	app/views/prompt_restrictions/_prompt_restriction_form.html.erb
1	1	app/views/works/_work_tags_form.html.erb
22	0	config/initializers/gem-plugin_config/redis.rb
14	0	features/autocomplete.feature
0	1	features/challenge_promptmeme.feature
22	0	features/step_definitions/autocomplete_steps.rb
27	0	features/step_definitions/challenge_steps.rb
4	0	features/step_definitions/generic_steps.rb
5	3	features/work_create.feature
30	103	public/javascripts/jquery.tokeninput.js
1	1	public/stylesheets/auto_complete.css

--c2771494f--2011-05-26--shalott
3	9	features/autocomplete.feature
1	0	features/challenge_promptmeme.feature
12	0	features/step_definitions/autocomplete_steps.rb
3	4	features/step_definitions/challenge_steps.rb
8	0	features/step_definitions/user_steps.rb
1	10	features/tag_search.feature

--33d265bef--2011-05-26--shalott
7	1	app/sweepers/tag_sweeper.rb
4	4	app/views/collection_participants/_participant_form.html.erb
3	1	app/views/tags/edit.html.erb
9	0	config/initializers/gem-plugin_config/redis.rb
14	0	config/redis-cucumber.conf
1	0	config/redis.yml
39	117	features/autocomplete.feature
2	2	features/challenge_promptmeme_unlimited.feature
181	0	features/step_definitions/autocomplete_steps.rb
26	0	features/step_definitions/bookmark_steps.rb
1	11	features/step_definitions/challenge_steps.rb
2	2	features/step_definitions/collection_steps.rb
21	0	features/step_definitions/external_work_steps.rb
25	1	features/step_definitions/tag_steps.rb
6	1	features/step_definitions/user_steps.rb
37	53	features/step_definitions/work_steps.rb
13	3	features/tag_search.feature
5	5	features/tag_wrangling_characters.feature
8	8	features/tag_wrangling_fandoms.feature
5	5	features/tag_wrangling_freeforms.feature
5	5	features/tag_wrangling_relationships.feature
1	1	features/work_create.feature
1	1	features/work_delete.feature
2	2	features/work_languages.feature
20	0	lib/redis_test_setup.rb
8	6	public/javascripts/jquery.tokeninput.js
21	14	public/stylesheets/auto_complete.css

--bb982fec3--2011-05-25--shalott
35	62	app/controllers/autocomplete_controller.rb
1	89	app/helpers/application_helper.rb
2	1	public/javascripts/application.js
14	4	public/javascripts/jquery.tokeninput.js
5	0	public/stylesheets/auto_complete.css

--8f8e54ff4--2011-05-25--shalott
10	5	app/models/tag.rb
5	3	lib/tasks/load_autocomplete_data.rake

--6594be2e8--2011-05-25--shalott
2	2	app/views/bookmarks/_bookmark_form.html.erb
1	2	app/views/collections/_form.html.erb
2	3	app/views/external_works/compare.html.erb
1	2	app/views/potential_matches/_assignment_with_request.html.erb
1	5	app/views/prompt_restrictions/_prompt_restriction_form.html.erb
10	22	app/views/prompts/_prompt_form.html.erb
2	3	app/views/pseuds/_byline.html.erb
4	5	app/views/pseuds/_coauthor_form.html.erb
2	3	app/views/tag_wranglers/index.html.erb
6	3	app/views/tag_wranglings/index.html.erb
3	5	app/views/tags/edit.html.erb
1	2	app/views/tags/wrangle.html.erb
5	7	app/views/works/_standard_form.html.erb
14	15	app/views/works/new_import.html.erb

--c2bdd225e--2011-05-24--shalott
6	11	app/views/bookmarks/_bookmark_form.html.erb
1	2	app/views/challenge_assignments/_maintainer_index.html.erb
4	5	app/views/collection_items/_collection_item_form.html.erb
3	4	app/views/collection_participants/_add_participants_form.html.erb
2	4	app/views/collections/_filters.html.erb
9	9	app/views/works/_work_tags_form.html.erb

--7dc5993ea--2011-05-24--shalott
2	2	app/views/layouts/_includes.html.erb

--51d8c2607--2011-05-24--shalott
79	264	app/controllers/autocomplete_controller.rb
14	0	app/helpers/application_helper.rb
38	13	app/models/collection.rb
13	3	app/models/pseud.rb
64	8	app/models/tag.rb
4	4	app/sweepers/collection_sweeper.rb
6	6	app/sweepers/pseud_sweeper.rb
3	3	app/sweepers/tag_sweeper.rb
1	1	config/config.yml
1	1	config/initializers/gem-plugin_config/redis.rb
12	16	lib/tasks/load_autocomplete_data.rake
19	4	public/javascripts/application.js
26	232	public/stylesheets/auto_complete.css

--7d02f0925--2011-05-24--shalott
19	10	public/javascripts/jquery.tokeninput.js

--99f478bfd--2011-05-23--shalott
2	2	app/views/layouts/_includes.html.erb
0	20	public/javascripts/jquery-1.3.2.min.js
0	781	public/javascripts/jquery-ui-1.8.9.custom.min.js

--ed9b2f281--2011-05-23--shalott
142	14	public/javascripts/jquery.tokeninput.js

--d71d6b249--2011-05-23--shalott
22	14	public/javascripts/jquery.tokeninput.js

--3ccb07684--2011-05-21--shalott
3	3	app/controllers/autocomplete_controller.rb
3	4	app/views/works/_work_tags_form.html.erb
11	1	public/javascripts/application.js
11	1	public/javascripts/jquery.tokeninput.js

--212421087--2011-05-20--shalott
2	2	app/models/collection.rb
0	1	app/views/layouts/_includes.html.erb
1	1	app/views/works/_work_tags_form.html.erb
2	2	lib/tasks/load_autocomplete_data.rake

--64699d605--2011-05-20--shalott
105	73	app/controllers/autocomplete_controller.rb
48	0	app/helpers/application_helper.rb
21	11	app/models/collection.rb
21	1	app/sweepers/collection_sweeper.rb
4	1	app/views/layouts/_includes.html.erb
2	3	app/views/works/_work_tags_form.html.erb
3	0	config/config.yml
15	1	lib/tasks/load_autocomplete_data.rake
14	0	public/javascripts/application.js
718	0	public/javascripts/jquery.tokeninput.js
217	0	public/stylesheets/auto_complete.css

--4f496b28b--2011-05-19--shalott
34	18	app/controllers/autocomplete_controller.rb
1	0	app/controllers/pseuds_controller.rb
2	0	app/controllers/tag_wranglings_controller.rb
2	0	app/controllers/tags_controller.rb
1	0	app/controllers/users_controller.rb
2	1	app/models/fandom.rb
21	1	app/models/pseud.rb
17	0	app/models/tag.rb
32	0	app/sweepers/pseud_sweeper.rb
23	0	app/sweepers/tag_sweeper.rb
2	39	config/initializers/gem-plugin_config/redis.rb
0	6	lib/sanitize_params.rb
65	0	lib/tasks/load_autocomplete_data.rake

--31b2ad7e7--2011-05-18--shalott
3	0	Gemfile
2	0	Gemfile.lock
39	10	app/controllers/autocomplete_controller.rb
57	0	config/initializers/gem-plugin_config/redis.rb
2	2	config/initializers/gem-plugin_config/resque.rb
0	0	config/{resque.yml => redis.yml}

--9b1f91947--2011-06-01--pixel
--c34e00ad6--2011-05-31--pixel
--ebb95cd84--2011-05-31--Cesy
1	1	features/work_import_dw.feature
1	1	features/work_import_lj.feature

--e6bb0d4f8--2011-05-28--elz
26	2	app/controllers/tags_controller.rb
14	0	app/helpers/series_helper.rb
29	0	app/sweepers/feed_sweeper.rb
20	0	app/views/tags/feed.atom.builder
4	0	app/views/works/index.html.erb
1	1	config/routes.rb

--fc91b9d26--2011-05-31--elz
5	0	app/helpers/series_helper.rb
11	0	app/views/works/_work_blurb.html.erb

--565a676e3--2011-05-30--Laura E
1	1	app/views/chapters/_chapter_form.html.erb
18	0	features/chapter_edit.feature
3	0	public/help/chapter-title.html

--0943e10c7--2011-05-30--shalott
1	1	app/models/chapter.rb