--e50ad366d--2011-05-27--pixel
--981df5fef--2011-05-21--Cesy
20	3	features/challenge_promptmeme.feature
8	0	features/step_definitions/collection_steps.rb
1	2	features/step_definitions/work_steps.rb

--084e1ee97--2011-05-20--Cesy
14	0	app/controllers/works_controller.rb
17	0	features/challenge_promptmeme.feature
6	0	features/step_definitions/collection_steps.rb
21	0	features/step_definitions/work_steps.rb

--f0deca398--2011-05-20--Cesy
16	0	features/challenge_promptmeme.feature

--71fcf162d--2011-05-27--pixel
--f9c6c3e28--2011-05-20--Cesy
2	2	app/views/challenge_signups/_signup_controls.html.erb
2	0	features/challenge_promptmeme.feature

--ac200a3e7--2011-05-20--Cesy
6	3	app/helpers/application_helper.rb
1	1	app/views/prompts/_prompt_form.html.erb
3	3	app/views/works/_standard_form.html.erb
11	0	features/challenge_promptmeme.feature