--a89960bfa--2011-05-20--pixel
--072d8671e--2011-05-20--pixel
--efe0bf05d--2011-05-20--maryann573
2	1	features/step_definitions/profile_steps.rb
1	1	features/step_definitions/user_steps.rb

--900ff3d00--2011-05-20--pixel
--c351d15d6--2011-05-15--Cesy
1	1	app/controllers/challenge_signups_controller.rb
2	0	app/models/challenge_signup.rb
14	0	features/challenge_promptmeme.feature
52	2	features/step_definitions/challenge_steps.rb

--049750fad--2011-05-15--Cesy
9	0	features/challenge_promptmeme.feature

--107ed0737--2011-05-15--maryann573
6	2	features/profile_edit.feature
3	3	features/step_definitions/profile_steps.rb

--b6edc0daf--2011-05-09--maryann573
1	1	features/profile_edit.feature

--1526abf8a--2011-05-09--maryann573
0	1	features/profile_edit.feature
0	1	features/pseuds.feature

--90c36e03b--2011-05-09--maryann573
2	1	features/profile_edit.feature
2	1	features/pseuds.feature
0	9	features/step_definitions/profile_steps.rb

--1675cdb56--2011-05-09--maryann573
49	165	features/profile_edit.feature
46	0	features/pseuds.feature
77	44	features/step_definitions/profile_steps.rb
1	1	features/step_definitions/user_steps.rb

--cf4433a28--2011-04-29--maryann573
3	3	features/profile_edit.feature
1	1	features/step_definitions/profile_steps.rb

--a3658f1e2--2011-04-29--maryann573
83	56	features/profile_edit.feature
45	12	features/step_definitions/profile_steps.rb

--cd455fbe8--2011-04-20--maryann573
25	62	features/profile_edit.feature
69	0	features/step_definitions/profile_steps.rb

--aa28038c6--2011-05-20--pixel
--643f1785d--2011-05-15--Cesy
1	1	app/controllers/challenge_signups_controller.rb
2	0	app/models/challenge_signup.rb
14	0	features/challenge_promptmeme.feature
52	2	features/step_definitions/challenge_steps.rb

--2d14d17b2--2011-05-15--Cesy
9	0	features/challenge_promptmeme.feature

--c835465c3--2011-05-15--Cesy
1	1	app/views/challenge_signups/_show_offers.html.erb
1	1	app/views/challenge_signups/_show_requests.html.erb