--b82676153--2011-04-07--pixel
--110110499--2011-04-05--Cesy
12	11	features/collection_anonymity.feature

--bbaf6356f--2011-04-04--pixel
--edcea9d7b--2011-04-04--pixel
--b7f42b764--2011-04-04--pixel
--ff23f91a4--2011-04-04--pixel
--1f65bc440--2011-04-04--pixel
--f455d7bbd--2011-04-04--pixel
--8642abd9d--2011-04-04--Enigel
24	0	config/initializers/monkeypatches/accept_header.rb
10	0	features/accept_header.feature
14	0	features/step_definitions/request_header_steps.rb

--9c9db6edc--2011-04-04--Enigel
1	1	features/step_definitions/comment_steps.rb

--c7811e0fc--2011-04-01--Cesy
1	1	app/views/works/_search_form.html.erb

--7f8202125--2011-04-01--Cesy
2	3	app/views/skins/_wizard_form.html.erb
1	1	public/help/skins-wizard-margin.html

--4cb9a62ed--2011-04-01--Cesy
8	6	app/mailers/user_mailer.rb
1	1	app/models/creation_observer.rb
25	0	app/views/user_mailer/prompter_notification.html.erb
23	2	features/challenge_promptmeme.feature

--ab6891f50--2011-04-01--Cesy
54	0	features/challenge_promptmeme.feature

--b165df0c6--2011-04-01--elz
--be9ae8196--2011-04-01--elz
--80a08fea0--2011-04-01--elz
--2321fab6f--2011-03-31--Cesy
11	9	features/challenge_promptmeme.feature

--877e2cc19--2011-03-31--Cesy
1	1	app/views/challenge_claims/_user_index.html.erb
24	1	features/challenge_promptmeme.feature

--9a1b86808--2011-03-31--Enigel
1	1	app/controllers/bookmarks_controller.rb

--aa420d0a7--2011-03-30--Enigel
1	1	app/controllers/comments_controller.rb
2	2	app/views/comments/new.html.erb
30	0	features/add_comment.feature
11	0	features/step_definitions/comment_steps.rb
1	1	features/tag_comment.feature

--ee09a5763--2011-03-29--Sidra
--bec9b06b6--2011-03-29--Sidra
--9b3b9ed19--2011-03-29--Sidra
1	1	app/views/users/change_password.html.erb

--14711e534--2011-03-29--Sidra
1	1	.gitignore
0	1	app/models/work.rb
0	5	features/fixtures/filter_taggings.yml
0	5	features/fixtures/tags.yml
1	4	features/work_search.feature

--448836ebb--2011-03-29--Enigel
3	0	app/models/story_parser.rb
38	0	features/cassette_library/cucumber_tags/work_import_nul_character.yml
1	0	features/support/vcr.rb
9	0	features/work_import.feature

--be4cb9bbd--2011-03-28--Sidra
--7a67d6078--2011-03-28--Sidra
--0018c76f7--2011-03-28--elz
--b34982fa1--2011-03-28--elz
--0f68570e0--2011-03-27--elz
0	1	app/controllers/challenge_assignments_controller.rb

--414e302f9--2011-03-27--Sidra
1	1	.gitignore
1	0	app/models/work.rb
5	0	features/fixtures/filter_taggings.yml
5	0	features/fixtures/tags.yml
4	1	features/work_search.feature

--aa8c15af5--2011-03-27--pixel
--8a12b437a--2011-03-27--pixel
--37430e8d1--2011-03-26--Sidra
2	3	app/controllers/passwords_controller.rb
25	21	app/controllers/user_sessions_controller.rb
4	5	app/mailers/user_mailer.rb
10	10	app/models/user.rb
3	3	app/views/user_mailer/reset_password.html.erb
4	5	app/views/users/change_password.html.erb
51	6	features/authenticate_users.feature
8	1	features/step_definitions/user_steps.rb

--61be41abd--2011-03-26--elz
--68b96cef7--2011-03-26--elz
--6272b340b--2011-03-26--elz
--9fee52993--2011-03-26--elz
--bfd4c245e--2011-03-26--elz
--9eea83f0d--2011-03-26--elz
--96d57fc61--2011-03-26--elz
--703719142--2011-03-26--Cesy
1	2	features/challenge_promptmeme.feature

--f0cb89e88--2011-03-26--Cesy
1	1	app/controllers/challenge_requests_controller.rb

--e7bb3ba44--2011-03-26--Cesy
1	1	app/controllers/challenge_signups_controller.rb

--396b20c11--2011-03-26--Cesy
0	3	app/views/challenge_requests/index.html.erb

--793110f95--2011-03-26--Cesy
3	1	app/controllers/challenge_signups_controller.rb

--6580e0e72--2011-03-26--Cesy
14	10	app/helpers/prompt_restrictions_helper.rb
2	2	app/views/challenge/gift_exchange/_gift_exchange_form.html.erb
1	1	app/views/challenge/prompt_meme/_prompt_meme_form.html.erb
7	3	app/views/prompt_restrictions/_prompt_restriction_form.html.erb
1	0	features/challenge_giftexchange.feature
10	0	features/challenge_promptmeme.feature

--0ece218c6--2011-03-26--elz
--569e4a576--2011-03-26--Cesy
2	2	app/views/challenge/gift_exchange/_gift_exchange_form.html.erb
1	1	app/views/challenge/prompt_meme/_prompt_meme_form.html.erb
2	2	app/views/prompt_restrictions/_prompt_restriction_form.html.erb
3	0	features/challenge_giftexchange.feature
3	0	features/challenge_promptmeme.feature

--517da24b1--2011-03-26--Cesy
8	2	app/controllers/challenge_claims_controller.rb
2	1	app/views/challenge_claims/_user_index.html.erb
32	0	features/challenge_promptmeme.feature

--1f8047074--2011-03-25--Cesy
1	1	features/challenge_promptmeme.feature
1	1	features/challenge_promptmeme_posting_fills.feature
1	1	features/challenge_promptmeme_springkink.feature
1	1	features/challenge_promptmeme_unlimited.feature

--2ccba8d64--2011-03-24--Cesy
1	1	app/models/collection.rb

--cec16677c--2011-03-24--Cesy
3	3	app/views/collection_items/_item_form.html.erb
11	12	app/views/collection_items/index.html.erb
13	11	features/collection_anonymity.feature

--1cb8af5db--2011-03-22--pixel
--f389413a5--2011-03-22--pixel
--ec9207a42--2011-03-21--Sidra
31	37	app/controllers/challenge_assignments_controller.rb
1	1	app/mailers/user_mailer.rb
28	0	app/models/challenge_assignment.rb
0	1	app/models/potential_match.rb
4	4	app/views/user_mailer/potential_match_generation_notification.html.erb
14	14	features/challenge_giftexchange.feature
22	8	features/challenge_yuletide.feature

--ba752f099--2011-03-18--elz
--8ff81ad3a--2011-03-18--elz
--4eef5514c--2011-02-27--elz
--541130db4--2011-02-13--elz
--1c1b34f2b--2011-02-12--elz
--203d4f49a--2011-02-12--elz
--16b1fb605--2011-02-12--elz
--6ed400d12--2011-02-12--Sidra