--647dea476--2015-11-05--ariana-paris
--ccb3d6dc4--2015-11-04--astolat shalott
3	13	app/controllers/comments_controller.rb

--d53b1da33--2015-11-04--astolat shalott
14	2	app/controllers/comments_controller.rb
5	0	app/models/comment.rb
1	1	app/models/comment_observer.rb
2	2	app/views/comment_mailer/_comment_notification_footer.html.erb
2	2	app/views/comment_mailer/_comment_notification_footer.text.erb
8	0	app/views/comments/unreviewed.html.erb
1	0	config/routes.rb
36	19	features/comments_and_kudos/comment_moderation.feature
11	2	features/step_definitions/comment_steps.rb
5	5	features/step_definitions/email_custom_steps.rb

--5344220fb--2015-11-04--shalott
1	5	app/controllers/chapters_controller.rb
8	10	app/controllers/comments_controller.rb
1	0	app/mailers/comment_mailer.rb
41	1	app/models/comment_observer.rb
0	85	app/views/comment_mailer/_comment_notification_footer.erb
12	0	app/views/comment_mailer/_comment_notification_footer.html.erb
2	14	app/views/comment_mailer/_comment_notification_footer.text.erb
36	0	app/views/comment_mailer/_comment_notification_footer_for_other.html.erb
9	0	app/views/comment_mailer/_comment_notification_footer_for_other.text.erb
42	0	app/views/comment_mailer/_comment_notification_footer_for_tag.html.erb
4	0	app/views/comment_mailer/_comment_notification_footer_for_tag.text.erb
1	1	app/views/comments/_comment_actions.html.erb
1	1	app/views/inbox/_approve_button.html.erb
4	0	config/config.yml
42	1	features/comments_and_kudos/comment_moderation.feature
22	0	features/step_definitions/email_custom_steps.rb

--102664c69--2015-11-04--zz9pzza
--bab06beef--2015-11-04--zz9pzza
3	3	config/deploy/production.rb