--4b94a4e2c--2016-10-19--sarken
--076b1b5ff--2016-10-19--zz9pzza
15	0	features/admins/admin_invitations.feature
5	0	features/step_definitions/user_steps.rb

--b6fb08e74--2016-10-19--zz9pzza
22	2	features/admins/admin_invitations.feature
7	1	features/step_definitions/admin_steps.rb

--2f9e73166--2016-10-19--zz9pzza
0	4	app/controllers/admin/admin_invitations_controller.rb

--6d6a75457--2016-10-19--zz9pzza
11	0	features/admins/admin_invitations.feature

--698aed44a--2016-10-19--zz9pzza
1	1	app/models/invitation.rb

--1808f5c00--2016-10-19--ariana-paris
--81fd2c037--2016-10-19--zz9pzza
37	0	features/admins/admin_invitations.feature
5	0	features/step_definitions/invite_steps.rb
1	0	features/step_definitions/user_steps.rb

--e606f5943--2016-10-19--zz9pzza
5	4	Rakefile