--4ec828539--2015-02-02--Cristina
--b9487f85c--2015-02-02--Cristina
--57e0a389b--2015-02-02--Cristina
--f2874b4b3--2015-02-02--sarken
--58faaebd9--2015-02-02--sarken
--08c6bc442--2015-02-02--elz
4	2	app/models/work.rb

--c869ec66b--2015-02-01--Cristina
--4ebd64eb1--2015-01-31--Scott D. Sullivan
2	2	app/controllers/admin/user_creations_controller.rb
1	0	features/admins/admin_works.feature

--cf3a2fd09--2015-01-31--Scott D. Sullivan
--8e0860652--2015-01-31--Scott D. Sullivan
--f985a4807--2015-01-31--james_
1	1	app/views/invitations/_user_invitations_navigation.html.erb
1	1	app/views/invitations/manage.html.erb
1	1	app/views/invite_requests/show.html.erb

--106966d2a--2015-01-31--james_
0	144	public/509.html

--b175ed7f4--2015-01-31--Scott D. Sullivan
2	2	app/controllers/admin/user_creations_controller.rb
1	1	features/admins/admin_works.feature

--1e84e09c8--2015-01-31--Scott D. Sullivan
2	3	app/controllers/admin/user_creations_controller.rb
2	7	features/admins/admin_works.feature

--f11c49846--2015-01-31--Scott D. Sullivan
--1acbaf943--2015-01-30--james_
1	1	features/other_a/invite_request.feature

--e4eb06ca1--2015-01-30--james_
4	4	features/other_a/admin_tasks.feature
5	5	features/other_a/invite_queue.feature

--cb57552d1--2015-01-30--james_
4	4	features/other_a/invite_request.feature

--64daac2d5--2015-01-30--ariana-paris
--ada721024--2015-01-30--james_
1	2	app/views/admin_mailer/send_spam_alert.text.erb

--ef705a01c--2015-01-30--Scott D. Sullivan
11	8	app/controllers/admin/user_creations_controller.rb
3	3	app/views/user_mailer/admin_hidden_work_notification.html.erb
3	3	app/views/user_mailer/admin_hidden_work_notification.text.erb
9	2	features/admins/admin_works.feature

--9eb0116cf--2015-01-30--james_
1	1	app/views/admin_mailer/send_spam_alert.html.erb
1	1	app/views/admin_mailer/send_spam_alert.text.erb

--4922d0a2e--2015-01-29--james_
4	4	features/admins/admin_invitations.feature

--cafaf6fff--2015-01-29--james_
2	1	app/views/admin_mailer/send_spam_alert.text.erb

--4eda62c4b--2015-01-29--james_
1	1	app/views/admin_mailer/send_spam_alert.html.erb
1	1	app/views/admin_mailer/send_spam_alert.text.erb

--f527a6e19--2015-01-29--james_
1	1	app/views/home/index.html.erb
2	2	app/views/invitations/index.html.erb
1	1	app/views/invite_requests/index.html.erb
1	1	app/views/invite_requests/show.html.erb
2	2	app/views/user_invite_requests/new.html.erb
1	1	app/views/user_sessions/_passwd_small.html.erb
3	3	features/admins/admin_invitations.feature
2	2	features/other_a/admin_tasks.feature
2	2	features/other_a/admin_tasks.feature.save

--9d245a6eb--2015-01-29--james_
4	4	app/views/invitations/manage.html.erb

--85f3def01--2015-01-29--james_
1	1	app/views/invitations/_user_invitations_navigation.html.erb
2	2	app/views/user_invite_requests/new.html.erb

--6781e21f8--2015-01-28--elz
19	0	app/models/filter_tagging.rb

--987ecc444--2015-01-10--Ariana
1	1	app/views/external_authors/claim.html.erb

--8a28bf247--2015-01-10--Ariana
1	1	app/views/external_authors/claim.html.erb

--6a79a4bb5--2015-01-10--Ariana
--ab270c169--2015-01-10--Ariana
18	18	app/controllers/works_controller.rb

--b4d018aa7--2015-01-10--Ariana
18	18	app/controllers/works_controller.rb

--dc48cb4f9--2015-01-10--Ariana
--798d5b83d--2014-12-17--Ariana
1	1	app/views/external_authors/claim.html.erb

--267ddb70d--2014-12-07--Ariana
6	1	app/views/external_authors/claim.html.erb

--97bcede37--2014-12-06--Ariana
1	1	app/models/story_parser.rb
5	1	features/importing/work_import.feature

--676ee3f09--2014-12-06--Ariana
3	2	app/controllers/works_controller.rb
3	0	app/models/story_parser.rb