--23eb391eb--2014-12-03--Elz
--d4f989045--2014-12-02--sarken
--206292324--2014-12-02--sarken
--9fb23d854--2014-12-01--zz9pzza
--a1c123641--2014-12-01--sarken
1	1	app/views/chapters/_chapter.html.erb

--b1e1f0e63--2014-12-01--sarken
--9f412c1ba--2014-12-01--sarken
1	1	app/views/chapters/_chapter.html.erb

--ef52fd4c2--2014-12-01--Lady Oscar
1	1	app/views/tag_wranglings/index.html.erb

--f583fee06--2014-11-30--sarken
4	5	features/admins/admin_post_news.feature

--f219cdeb1--2014-11-30--sarken
0	2	app/controllers/admin_posts_controller.rb
12	0	app/controllers/autocomplete_controller.rb
8	0	app/models/admin_post.rb
5	2	app/views/admin_posts/_admin_post_form.html.erb
2	1	features/admins/admin_post_news.feature
1	1	features/step_definitions/admin_steps.rb

--7dac797c5--2014-11-26--Ariana
1	1	app/controllers/works_controller.rb

--d72858727--2014-11-26--Lady Oscar
2	2	app/views/tag_wranglings/index.html.erb

--fe6507b3f--2014-11-24--Ariana
1	1	app/controllers/works_controller.rb

--11ef2d3a7--2014-11-22--james_
2	2	app/controllers/users_controller.rb

--529208656--2014-11-21--james_
8	0	app/controllers/users_controller.rb