--b3a6cbdc4--2014-11-08--Cristina
--4657d05e5--2014-11-08--Cristina
--5f35097f1--2014-11-08--Cristina
--f3c637e12--2014-11-06--Lady Oscar
1	1	features/users/authenticate_users.feature

--a14f32635--2014-11-05--Lady Oscar
1	1	features/users/authenticate_users.feature

--896f54df6--2014-11-03--sarken
--e25c18a30--2014-11-03--Lady Oscar
1	1	app/views/passwords/new.html.erb

--f68f1bc6e--2014-11-03--Lady Oscar
2	2	app/controllers/user_sessions_controller.rb
1	1	app/views/passwords/new.html.erb

--8ce73096d--2014-11-03--Lady Oscar
2	2	app/controllers/user_sessions_controller.rb
2	2	doc/app/UserSessionsController.html

--203f8b70c--2014-11-03--Lady Oscar
2	2	app/controllers/user_sessions_controller.rb
1	0	app/views/passwords/new.html.erb
2	2	doc/app/UserSessionsController.html

--b1d71f2cb--2014-11-03--sarken
1	1	app/views/admin_posts/_admin_post_form.html.erb
11	0	features/admins/admin_post_news.feature
8	0	features/step_definitions/admin_steps.rb

--fc2934deb--2014-11-01--Scott D. Sullivan
--1b9e63932--2014-11-01--james_
2	2	features/gift_exchanges/challenge_giftexchange.feature

--6723de091--2014-11-01--zz9pzza
--e109d052a--2014-11-01--sarken
5	6	app/views/bookmarks/_bookmark_user_module.html.erb

--da4c2881f--2014-11-01--sarken
32	32	app/views/bookmarks/_bookmark_user_module.html.erb

--afc559aee--2014-11-01--sarken
37	36	app/views/bookmarks/_bookmark_user_module.html.erb

--d973aaa8f--2014-10-31--sarken
2	2	features/cassette_library/cucumber_tags/bookmark_fandom_error.yml
2	2	features/cassette_library/cucumber_tags/bookmark_url_error.yml

--db20813a7--2014-10-31--sarken
1	1	app/views/bookmarks/_bookmark_user_module.html.erb

--00bdf9eda--2014-10-31--sarken
1	1	app/views/bookmarks/_bookmark_user_module.html.erb

--17a88fb87--2014-10-31--sarken
35	36	app/views/bookmarks/_bookmark_user_module.html.erb

--bc05f4912--2014-10-31--sarken
1	1	app/views/bookmarks/_bookmark_user_module.html.erb
1	1	app/views/collections/_collection_blurb.html.erb

--69a054f7a--2014-10-29--sarken
2	2	features/cassette_library/cucumber_tags/bookmark_fandom_error.yml
2	2	features/cassette_library/cucumber_tags/bookmark_url_error.yml

--2548b3ac9--2014-10-29--sarken
1	1	app/views/bookmarks/_external_work_fields.html.erb

--c1b5629d3--2014-10-29--sarken
5	5	app/views/bookmarks/_external_work_fields.html.erb

--2c310a23e--2014-10-29--sarken
7	7	app/views/bookmarks/_external_work_fields.html.erb

--1ca3ddd35--2014-10-29--sarken
3	0	app/views/bookmarks/_bookmark_form.html.erb
8	8	app/views/bookmarks/_external_work_fields.html.erb