--fdecc601b--2014-11-06--james_
--fc2934deb--2014-11-01--Scott D. Sullivan
--1b9e63932--2014-11-01--james_
2	2	features/gift_exchanges/challenge_giftexchange.feature

--6723de091--2014-11-01--zz9pzza
--e109d052a--2014-11-01--sarken
5	6	app/views/bookmarks/_bookmark_user_module.html.erb

--da4c2881f--2014-11-01--sarken
32	32	app/views/bookmarks/_bookmark_user_module.html.erb

--afc559aee--2014-11-01--sarken
37	36	app/views/bookmarks/_bookmark_user_module.html.erb

--d973aaa8f--2014-10-31--sarken
2	2	features/cassette_library/cucumber_tags/bookmark_fandom_error.yml
2	2	features/cassette_library/cucumber_tags/bookmark_url_error.yml

--db20813a7--2014-10-31--sarken
1	1	app/views/bookmarks/_bookmark_user_module.html.erb

--00bdf9eda--2014-10-31--sarken
1	1	app/views/bookmarks/_bookmark_user_module.html.erb

--17a88fb87--2014-10-31--sarken
35	36	app/views/bookmarks/_bookmark_user_module.html.erb

--bc05f4912--2014-10-31--sarken
1	1	app/views/bookmarks/_bookmark_user_module.html.erb
1	1	app/views/collections/_collection_blurb.html.erb

--a952356bb--2014-10-31--zz9pzza
--08dd8c7a3--2014-10-30--Enigel
1	1	README.md

--402bbe048--2014-10-29--Cristina
--35a5d4a3b--2014-10-29--sarken
1	1	app/views/works/_work_module.html.erb

--8a1d29fe2--2014-10-27--zz9pzza
--9fc2d40b9--2014-10-27--zz9pzza
--40e30deef--2014-10-27--zz9pzza
--f2d7ac49d--2014-10-26--sarken
0	45	app/views/bookmarks/_bookmarkable.html.erb

--db2bdd03d--2014-10-26--sarken
2	0	app/views/subscriptions/index.html.erb

--863a1a092--2014-10-26--sarken
9	9	app/views/bookmarks/_bookmark_blurb_short.html.erb

--e2a2eb52a--2014-10-26--sarken
1	1	app/views/owned_tag_sets/_tag_set_blurb.html.erb

--80bf9f30b--2014-10-26--sarken
11	11	app/views/pseuds/_pseud_blurb.html.erb

--b3a06ab0e--2014-10-26--sarken
15	15	app/views/series/_series_module.html.erb

--50d359d5b--2014-10-26--sarken
1	1	app/helpers/challenge_helper.rb

--7c28189c5--2014-10-26--sarken
2	2	app/views/challenge_claims/_unposted_claim_blurb.html.erb

--af34a2bec--2014-10-26--sarken
1	1	app/views/bookmarks/_bookmark_blurb_short.html.erb

--b14a14985--2014-10-26--sarken
2	2	app/views/collection_items/_item_fields.html.erb

--6b9634bec--2014-10-26--sarken
4	4	app/views/owned_tag_sets/_tag_set_blurb.html.erb

--00de884d7--2014-10-26--sarken
1	0	app/views/series/_series_module.html.erb

--e91e7fd86--2014-10-26--sarken
4	4	app/views/series/_series_module.html.erb

--68d4c2400--2014-10-26--sarken
1	1	app/views/pseuds/_pseud_blurb.html.erb

--1455d09fb--2014-10-26--sarken
1	1	app/views/prompts/_prompt_blurb.html.erb

--0c3c411de--2014-10-26--sarken
8	8	app/views/prompts/_prompt_blurb.html.erb

--caabdc2de--2014-10-26--sarken
1	0	app/views/prompts/_prompt_blurb.html.erb

--925b5cbd4--2014-10-26--sarken
3	3	app/views/prompts/_prompt_blurb.html.erb

--f46dd6cac--2014-10-26--Cristina
--87a3d75fd--2014-10-26--Cristina
--d6735490b--2014-10-26--Cristina
--3b5c8a4f8--2014-10-26--Cristina
--63cb98339--2014-10-26--Cristina
--3f7ea521e--2014-10-26--Cristina
--65ebf498e--2014-10-26--Cristina
--3a82fb9d2--2014-10-25--Elz
--cfdafeb4a--2014-10-25--Elz
--1bd323761--2014-10-24--james_
0	1	script/travis_configure.sh

--90ce7a9e8--2014-10-24--james_
2	1	script/travis_configure.sh

--671931e66--2014-10-24--james_
0	2	app/models/admin.rb

--fecfb6178--2014-10-24--james_
1	6	.travis.yml
8	0	script/travis_configure.sh

--17b07b732--2014-10-24--james_
1	1	.travis.yml
0	1	config/local.travis.yml

--4ba4f259a--2014-10-24--james_
2	2	app/models/admin.rb
0	4	config/config.yml

--18405cd70--2014-10-24--james_
2	0	app/models/admin.rb

--61a557677--2014-10-23--james_
1	5	app/models/admin.rb
1	1	app/models/user.rb
1	1	config/local.travis.yml

--4492b23c8--2014-10-23--james_
1	1	config/config.yml

--a801fa159--2014-10-23--james_
4	0	app/models/admin.rb

--63a34fbd9--2014-10-23--james_
5	5	app/models/admin.rb
5	5	app/models/user.rb
3	0	config/config.yml

--aa573206c--2014-10-23--james_
0	0	features/prompt_memes_a/{challenge_promptmeme_a.feature => challenge_promptmeme.feature}

--fca363f84--2014-10-23--james_
5	5	app/models/admin.rb
5	6	app/models/user.rb
0	0	features/prompt_memes_a/{challenge_promptmeme.feature => challenge_promptmeme_a.feature}

--1c7e47e04--2014-10-23--james_
7	2	app/models/admin.rb
8	2	app/models/user.rb
1	1	config/local.travis.yml

--02d6d6e37--2014-10-22--james_
0	1	config/local.travis.yml

--a812c6dc0--2014-10-22--james_
2	1	config/local.travis.yml

--56c41ccce--2014-10-21--sarken
--ead864a0a--2014-10-21--sarken
16	2	public/javascripts/application.js

--55fb7e8c8--2014-10-21--james_
1	1	config/local.travis.yml

--dfe9e4ca9--2014-10-21--Cristina
--2318e5d67--2014-10-21--james_
4	2	.travis.yml
0	0	features/{other => other_a}/abuse_report.feature
0	0	features/{other => other_a}/accept_header.feature
0	0	features/{other => other_a}/admin_tasks.feature
0	0	features/{other => other_a}/admin_tasks.feature.save
0	0	features/{other => other_a}/autocomplete.feature
0	0	features/{other => other_a}/banner_general.feature
0	0	features/{other => other_a}/banner_login.feature
0	0	features/{other => other_a}/faq_order.feature
0	0	features/{other => other_a}/gift.feature
0	0	features/{other => other_a}/help.feature
0	0	features/{other => other_a}/invite_queue.feature
0	0	features/{other => other_a}/invite_request.feature
0	0	features/{other => other_a}/invite_use.feature
0	0	features/{other => other_a}/languages.feature
0	0	features/{other => other_a}/orphan_account.feature
0	0	features/{other => other_a}/orphan_pseud.feature
0	0	features/{other => other_a}/orphan_work.feature
0	0	features/{other => other_a}/page_title.feature
0	0	features/{other => other_a}/parser.feature
0	0	features/{other => other_a}/people_search.feature
0	0	features/{other => other_a}/preferences_edit.feature
0	0	features/{other => other_a}/preferences_edit_more.feature
0	0	features/{other => other_a}/profile_edit.feature
0	0	features/{other => other_a}/pseud_dashboard.feature
0	0	features/{other => other_a}/pseud_delete.feature
0	0	features/{other => other_a}/pseuds.feature
0	0	features/{other => other_a}/pseuds_special_characters.feature
0	0	features/{other => other_a}/reading.feature
0	0	features/{other => other_b}/ToS_links.feature
0	0	features/{other => other_b}/sanitizer.feature
0	0	features/{other => other_b}/series.feature
0	0	features/{other => other_b}/series_lock.feature
0	0	features/{other => other_b}/series_order.feature
0	0	features/{other => other_b}/skin.feature
0	0	features/{other => other_b}/stats.feature
0	0	features/{other => other_b}/subscriptions.feature
0	0	features/{other => other_b}/subscriptions_fandoms.feature
0	0	features/{other => other_b}/support.feature
0	0	features/{prompt_memes => prompt_memes_a}/challenge_promptmeme.feature
0	0	features/{prompt_memes => prompt_memes_b}/challenge_promptmeme_posting_fills.feature
0	0	features/{prompt_memes => prompt_memes_b}/challenge_promptmeme_springkink.feature

--844b9c2d8--2014-10-21--james_
14	4	public/drive.html

--29d7eb19c--2014-10-21--james_
1	0	.travis.yml

--8e120df2a--2014-10-21--james_
0	1	.travis.yml

--350b15c66--2014-10-21--james_
1	1	.travis.yml

--8078729e5--2014-10-21--james_
0	0	config/{local.traivs.yml => local.travis.yml}

--4c01a3f38--2014-10-21--james_
1	0	.travis.yml
1	0	config/local.traivs.yml

--d02530212--2014-10-20--james_
1	1	config/initializers/authlogic.rb

--6aa76bbfd--2014-10-20--james_
1	0	Gemfile
2	0	Gemfile.lock
2	1	app/models/admin.rb
2	1	app/models/user.rb
4	0	config/initializers/authlogic.rb

--f9edbfe15--2014-10-19--sarken
1	1	app/views/prompts/_prompt_form_tag_options.html.erb

--942f0dbd7--2014-10-19--sarken
5	2	app/views/prompts/_prompt_form_tag_options.html.erb

--949ff2e14--2014-10-19--sarken
23	11	app/views/prompts/_prompt_form.html.erb

--d08824814--2014-10-19--sarken
11	23	app/views/prompts/_prompt_form.html.erb

--f3439da9d--2014-10-18--Elz
--e7a56a97a--2014-10-18--elz
-	-	public/OTW_Membership_Donation_Form.pdf
132	0	public/drive.html
-	-	public/otw-logobox-transparent.png

--5250b297a--2014-10-18--james_
1	1	config/initializers/phrase.rb

--2739804a6--2014-10-17--sarken
0	3	features/bookmarks/bookmark_create.feature

--1a95f4dd6--2014-10-16--sarken
1	1	features/bookmarks/bookmark_create.feature
3	3	features/collections/collectible.feature
2	2	features/step_definitions/bookmark_steps.rb

--94f0ddb7e--2014-10-16--sarken
1	1	app/views/bookmarks/index.html.erb
25	0	features/bookmarks/bookmark_create.feature
3	3	features/collections/collectible.feature
2	2	features/step_definitions/bookmark_steps.rb
6	0	features/support/paths.rb

--616cfcce1--2014-10-16--sarken
2	2	app/views/works/_search_box.html.erb
2	6	public/stylesheets/site/2.0/18-zone-searchbrowse.css

--4959cdf3d--2014-10-16--sarken
39	40	app/views/collections/_collection_blurb.html.erb

--52296a46d--2014-10-16--sarken
1	1	app/views/bookmarks/_bookmark_user_module.html.erb
4	4	app/views/collections/_collection_blurb.html.erb
7	6	app/views/external_works/_blurb.html.erb
5	4	app/views/external_works/_work_module.html.erb
3	3	app/views/works/_mystery_blurb.html.erb
5	4	app/views/works/_work_module.html.erb

--77515786f--2014-10-14--zz9pzza
--94df7d794--2014-10-14--zz9pzza
--30cd98ef4--2014-10-14--zz9pzza
--8056781a0--2014-10-14--Lady Oscar
0	3	app/views/users/_header_navigation.html.erb
0	7	public/help/coming-soon.html

--ac56abb36--2014-10-13--sarken
3	1	app/views/admin/activities/index.html.erb

--e3bfa5573--2014-10-13--sarken
1	0	app/views/admin/_header.html.erb

--36ee12cb2--2014-10-11--Elz
--44e9d79a2--2014-10-11--Scott D. Sullivan
1	1	app/models/story_parser.rb
322	301	features/cassette_library/cucumber_tags/import_dw_comm.yml
194	272	features/cassette_library/cucumber_tags/import_lj.yml
329	548	features/cassette_library/cucumber_tags/import_lj_multi_chapter.yml
165	272	features/cassette_library/cucumber_tags/import_lj_no_backdate.yml
167	279	features/cassette_library/cucumber_tags/import_lj_tables.yml
158	277	features/cassette_library/cucumber_tags/import_lj_underscores.yml

--cf5d6555f--2014-10-11--Scott D. Sullivan
2	1	app/models/story_parser.rb

--17a2234e5--2014-10-10--james_
--f309d9a81--2014-10-10--ariana-paris
--55851e8ed--2014-10-10--james_
1	1	script/travis_elasticsearch_upgrade.sh

--7443bf631--2014-10-10--james_
1	1	.travis.yml

--ed94d14b9--2014-10-10--james_
1	1	.travis.yml

--8e7887431--2014-10-10--james_
2	2	script/travis_elasticsearch_upgrade.sh

--87a353bb2--2014-10-10--james_
5	0	script/travis_elasticsearch_upgrade.sh

--c869fdb4a--2014-10-10--james_
1	1	app/controllers/pseuds_controller.rb
1	1	app/controllers/users_controller.rb

--81559fe0a--2014-10-09--Scott D. Sullivan
--7e8f36a49--2014-10-09--zz9pzza
--d70523c60--2014-10-09--zz9pzza
--8bdda335d--2014-10-09--Cristina
--6e5237502--2014-10-09--sarken
0	1	public/stylesheets/site/2.0/07-interactions.css

--a6b493a2b--2014-10-09--sarken
2	1	public/stylesheets/site/2.0/07-interactions.css

--10f1e60fe--2014-10-08--james_
--cf0440af4--2014-10-08--Cristina
--d71ac230b--2014-10-08--Cristina
--d1fecf4fb--2014-10-07--zz9pzza
--794231bd1--2014-10-07--sarken
5	0	public/stylesheets/site/2.0/25-role-handheld.css

--c5f8f72f2--2014-10-07--zz9pzza
--60bb5b1fb--2014-10-07--sarken
1	1	public/stylesheets/site/2.0/25-role-handheld.css

--c3c287bfb--2014-10-07--sarken
--32cf9f965--2014-10-07--sarken
19	0	public/stylesheets/site/2.0/25-role-handheld.css

--05d98033c--2014-10-07--zz9pzza
--09afa1250--2014-10-06--sarken
13	24	public/javascripts/application.js

--4c2761953--2014-10-06--sarken
14	13	public/javascripts/application.js

--7ec176cf3--2014-10-06--sarken
--b46e1d943--2014-10-06--C. Hamilton
7	3	README.md

--8be49cf4e--2014-10-05--james_
3	3	features/other/admin_tasks.feature

--49ad2ef31--2014-10-05--zz9pzza
--73689995b--2014-10-05--zz9pzza
2	1	app/controllers/chapters_controller.rb
2	1	app/controllers/passwords_controller.rb
2	1	app/controllers/users_controller.rb
12	0	features/works/work_view.feature

--4367bd513--2014-10-05--james_
1	1	app/views/preferences/index.html.erb

--3537b0c9f--2014-10-04--Elz
--209640330--2014-10-04--Elz
--a97eeff95--2014-10-04--Elz
--34fe64dd1--2014-10-04--james_
1	2	app/controllers/archive_faqs_controller.rb

--da94fdfec--2014-10-04--james_
6	1	app/controllers/archive_faqs_controller.rb

--89d803782--2014-10-04--james_
1	0	app/controllers/preferences_controller.rb
4	2	app/views/locales/index.html.erb
13	1	app/views/preferences/index.html.erb
5	0	db/migrate/20141004123421_add_locale_to_preferences.rb
10	0	public/help/locale-preferences.html

--756b9c77d--2014-10-03--james_
1	1	app/models/locale.rb

--c6668ccdf--2014-10-03--james_
1	3	app/models/locale.rb
4	0	app/views/locales/edit.html.erb
3	1	app/views/locales/index.html.erb
7	0	app/views/locales/new.html.erb
5	0	db/migrate/20141003204623_add_interface_enabled_to_locale.rb
5	0	db/migrate/20141003205439_add_email_enabled_to_locale.rb
3	0	features/other/admin_tasks.feature

--2dd5c128a--2014-10-03--james_
1	1	app/models/story_parser.rb

--520a8da8a--2014-10-02--C. Hamilton
0	1	README.md

--5875ae581--2014-10-02--C. Hamilton
1	1	README.md

--d2787eab5--2014-10-02--C. Hamilton
7	7	README.md

--d1d6a4eca--2014-10-02--C. Hamilton
19	32	README.md
1	1	app/views/layouts/_footer.html.erb

--7a270bfb6--2014-10-01--james_
1	1	app/controllers/works_controller.rb

--c5a9b20a2--2014-09-30--sarken
36	29	public/javascripts/application.js
1	53	public/stylesheets/sandbox.css
51	0	public/stylesheets/site/2.0/22-system-messages.css

--c6813bbf4--2014-09-25--sarken
--28bf8566b--2014-09-23--sarken
51	0	public/javascripts/application.js
52	0	public/stylesheets/sandbox.css

--07f56eef6--2014-09-21--james_
1	1	app/controllers/comments_controller.rb

--6c12a3884--2014-09-21--james_
1	1	app/controllers/comments_controller.rb

--c5141465f--2014-09-19--james_
0	1	app/controllers/abuse_reports_controller.rb

--0f6502854--2014-09-18--james_
--3873b7503--2014-09-14--james_
0	1	spec/models/tag_spec.rb

--83a4cdbda--2014-09-14--james_
10	0	spec/models/tag_spec.rb

--ffddb7edd--2014-09-14--james_
0	25	app/models/tag.rb

--3516f54ff--2014-09-14--james_
9	0	spec/models/tag_spec.rb

--b8c0027b9--2014-09-12--james_
1	1	spec/helpers/works_helper_spec.rb

--a76c6de58--2014-09-12--james_
2	2	spec/requests/comments_spec.rb

--adf735411--2014-09-12--james_
2	2	factories/works.rb

--3848ef157--2014-09-12--james_
2	2	spec/requests/comments_spec.rb

--ecd936d7e--2014-09-12--james_
2	2	spec/requests/comments_spec.rb

--59805d47c--2014-09-12--james_
7	5	spec/requests/comments_spec.rb

--877f24631--2014-09-05--james_
2	2	features/works/work_drafts.feature

--a7b693a95--2014-09-05--james_
1	1	app/controllers/works_controller.rb

--dcb134e15--2014-09-05--james_
1	1	app/views/home/site_map.html.erb

--6fd7c8b9c--2014-09-04--james_
6	5	Gemfile
2	2	Gemfile.lock

--91e8bad4b--2014-09-04--james_
0	7	app/controllers/abuse_reports_controller.rb
0	13	app/views/abuse_reports/show.html.erb
1	2	config/routes.rb

--bcc93125d--2014-09-04--james_
0	1	app/controllers/abuse_reports_controller.rb
0	5	app/views/abuse_reports/_abuse_report.html.erb
0	39	app/views/abuse_reports/index.html.erb
0	11	app/views/abuse_reports/show.html.erb
1	2	app/views/admin/_header.html.erb
2	0	config/routes.rb

--5c3185afa--2014-09-03--james_
2	2	app/views/home/site_map.html.erb

--9a93a62c6--2014-08-29--sarken
1	1	config/config.yml