--abf710d86--2014-10-12--james_
--d7fc57013--2014-10-12--james_
6	1	config/locales/en.yml

--3f504310d--2014-10-11--james_
2	2	app/mailers/kudo_mailer.rb
2	2	app/views/kudo_mailer/batch_kudo_notification.html.erb
2	2	app/views/kudo_mailer/batch_kudo_notification.text.erb
2	2	app/views/kudo_mailer/kudo_notification.html.erb

--81559fe0a--2014-10-09--Scott D. Sullivan
--7e8f36a49--2014-10-09--zz9pzza
--d70523c60--2014-10-09--zz9pzza
--8bdda335d--2014-10-09--Cristina
--6e5237502--2014-10-09--sarken
0	1	public/stylesheets/site/2.0/07-interactions.css

--a6b493a2b--2014-10-09--sarken
2	1	public/stylesheets/site/2.0/07-interactions.css

--10f1e60fe--2014-10-08--james_
--cf0440af4--2014-10-08--Cristina
--d71ac230b--2014-10-08--Cristina
--d1fecf4fb--2014-10-07--zz9pzza
--794231bd1--2014-10-07--sarken
5	0	public/stylesheets/site/2.0/25-role-handheld.css

--c5f8f72f2--2014-10-07--zz9pzza
--60bb5b1fb--2014-10-07--sarken
1	1	public/stylesheets/site/2.0/25-role-handheld.css

--c3c287bfb--2014-10-07--sarken
--32cf9f965--2014-10-07--sarken
19	0	public/stylesheets/site/2.0/25-role-handheld.css

--05d98033c--2014-10-07--zz9pzza
--4fb604ba9--2014-10-07--james_
3	9	app/views/layouts/mailer.html.erb
4	6	app/views/layouts/mailer.text.erb
12	0	config/locales/de.yml
19	1	config/locales/en.yml
12	0	config/locales/es.yml
14	0	config/locales/pt-BR.yml

--09afa1250--2014-10-06--sarken
13	24	public/javascripts/application.js

--d5e2a8a2f--2014-10-06--james_
1	1	app/views/user_mailer/invite_increase_notification.html.erb
1	1	app/views/user_mailer/invite_increase_notification.text.erb
1	1	config/locales/en.yml

--7d7fba3e3--2014-10-06--james_
1	1	config/locales/de.yml
1	1	config/locales/pt-BR.yml

--4c2761953--2014-10-06--sarken
14	13	public/javascripts/application.js

--7ec176cf3--2014-10-06--sarken
--74b7e800b--2014-10-06--james_
11	0	config/locales/de.yml

--243e7ac3a--2014-10-06--james_
13	0	config/locales/pt-BR.yml

--2b6c1110b--2014-10-06--james_
1	14	app/views/user_mailer/invite_increase_notification.html.erb
1	6	app/views/user_mailer/invite_increase_notification.text.erb
12	1	config/locales/en.yml

--c287c9b46--2014-10-06--james_
1	1	app/views/user_mailer/invite_increase_notification.html.erb
1	1	app/views/user_mailer/invite_increase_notification.text.erb
7	1	config/initializers/monkeypatches/translate_string.rb
3	0	config/locales/fr.yml
11	0	features/fixtures/locales.yml

--743ca8414--2014-10-05--james_
1	1	app/mailers/user_mailer.rb
3	0	features/fixtures/preferences.yml
1	1	features/users/authenticate_users.feature

--2be9ad89d--2014-10-05--james_
0	4	app/helpers/mailer_helper.rb
5	5	app/mailers/comment_mailer.rb
2	2	app/mailers/kudo_mailer.rb
17	17	app/mailers/user_mailer.rb

--1f82086fd--2014-10-05--james_
5	1	app/helpers/mailer_helper.rb
1	1	app/mailers/collection_mailer.rb
22	8	app/mailers/comment_mailer.rb
16	8	app/mailers/kudo_mailer.rb
140	74	app/mailers/user_mailer.rb

--c5a9b20a2--2014-09-30--sarken
36	29	public/javascripts/application.js
1	53	public/stylesheets/sandbox.css
51	0	public/stylesheets/site/2.0/22-system-messages.css

--c6813bbf4--2014-09-25--sarken
--28bf8566b--2014-09-23--sarken
51	0	public/javascripts/application.js
52	0	public/stylesheets/sandbox.css

--07f56eef6--2014-09-21--james_
1	1	app/controllers/comments_controller.rb

--6c12a3884--2014-09-21--james_
1	1	app/controllers/comments_controller.rb

--c5141465f--2014-09-19--james_
0	1	app/controllers/abuse_reports_controller.rb

--0f6502854--2014-09-18--james_
--dcb134e15--2014-09-05--james_
1	1	app/views/home/site_map.html.erb

--6fd7c8b9c--2014-09-04--james_
6	5	Gemfile
2	2	Gemfile.lock

--91e8bad4b--2014-09-04--james_
0	7	app/controllers/abuse_reports_controller.rb
0	13	app/views/abuse_reports/show.html.erb
1	2	config/routes.rb

--bcc93125d--2014-09-04--james_
0	1	app/controllers/abuse_reports_controller.rb
0	5	app/views/abuse_reports/_abuse_report.html.erb
0	39	app/views/abuse_reports/index.html.erb
0	11	app/views/abuse_reports/show.html.erb
1	2	app/views/admin/_header.html.erb
2	0	config/routes.rb

--5c3185afa--2014-09-03--james_
2	2	app/views/home/site_map.html.erb

--9a93a62c6--2014-08-29--sarken
1	1	config/config.yml