--06228f0c1b--2016-03-11--Jake Benilov
--0023c9689b--2016-03-11--Graham Pengelly
--e1b5be7798--2016-03-09--Ben Lovell
5	5	app/presenters/publishing_api_presenters/organisation.rb

--924e2eed2c--2016-03-09--Theodor Vararu
2	0	db/data_migration/20160309153708_republish_organisations.rb

--4f9f42c6bd--2016-03-09--Theodor Vararu
2	0	app/presenters/publishing_api_presenters.rb
1	1	test/unit/presenters/publishing_api_presenters_test.rb

--7780fb70d6--2016-03-09--Ben Lovell
8	1	app/presenters/publishing_api_presenters/organisation.rb
1	0	test/unit/presenters/publishing_api_presenters/organisation_test.rb

--f5a821d3da--2016-03-09--Ben Lovell
7	0	app/presenters/publishing_api_presenters/organisation.rb
1	1	test/factories/organisations.rb
4	1	test/unit/presenters/publishing_api_presenters/organisation_test.rb

--0de828e1f0--2016-03-09--Ben Lovell
16	0	app/presenters/publishing_api_presenters/organisation.rb
46	0	test/unit/presenters/publishing_api_presenters/organisation_test.rb
0	30	test/unit/presenters/publishing_api_presenters/placeholder_test.rb

--3d1ddac80b--2016-03-11--Paul Bowsher
--876d3cd1b9--2016-03-09--Paul Bowsher
3	2	Gemfile
12	28	Gemfile.lock

--72796e7cdf--2016-03-10--Paul Bowsher
--c36c9de399--2016-03-10--Paul Bowsher
26	26	test/functional/admin/organisations_controller_test.rb

--aa83667d05--2016-03-10--Paul Bowsher
1	1	test/functional/admin/edition_workflow_controller_test.rb

--4d5505f6d4--2016-03-09--Jake Benilov
0	7	lib/tasks/data_hygiene.rake

--e55cdecb03--2016-03-09--Jake Benilov
16	0	app/controllers/admin/edition_workflow_controller.rb
28	0	app/views/admin/edition_workflow/_unwithdraw_modal.html.erb
3	0	app/views/admin/edition_workflow/confirm_unwithdraw.html.erb
4	0	app/views/admin/editions/show.html.erb
2	0	config/routes.rb
22	0	features/step_definitions/unwithdrawing_withdrawn_documents_steps.rb
12	0	features/unwithdrawing-withdrawn-documents.feature
3	1	lib/whitehall/authority/rules/edition_rules.rb

--d0a1c88c75--2016-03-09--Jake Benilov
1	1	features/step_definitions/unpublishing_published_documents_steps.rb
2	2	features/unpublishing-published-documents.feature

--9fcd2d173b--2016-03-10--Paul Bowsher
3	0	test/test_helper.rb

--03ff249d98--2016-03-10--Paul Bowsher
1	0	test/test_helper.rb

--d1802a81f9--2016-03-09--Paul Bowsher
--ff0bc1742b--2016-03-09--Paul Bowsher
1	1	Gemfile
2	2	Gemfile.lock
2	1	app/workers/publishing_api_discard_draft_worker.rb
10	0	test/unit/workers/publishing_api_discard_draft_worker_test.rb

--5249a604da--2016-03-08--Tijmen Brommet
--a35ba4f909--2016-03-08--Paul Bowsher
--17e5a37149--2016-03-08--Paul Bowsher
5	4	app/views/consultations/show.html.erb

--5f2fc30481--2016-03-08--Tijmen Brommet
0	1	app/presenters/publishing_api_presenters/item.rb
0	1	test/unit/presenters/publishing_api_presenters/case_study_test.rb
0	1	test/unit/presenters/publishing_api_presenters/classification_test.rb
0	1	test/unit/presenters/publishing_api_presenters/coming_soon_test.rb
0	4	test/unit/presenters/publishing_api_presenters/edition_test.rb
0	6	test/unit/presenters/publishing_api_presenters/placeholder_test.rb
0	1	test/unit/presenters/publishing_api_presenters/take_part_test.rb
0	1	test/unit/presenters/publishing_api_presenters/topical_event_about_page_test.rb
0	2	test/unit/presenters/publishing_api_presenters/topical_event_test.rb
0	2	test/unit/presenters/publishing_api_presenters/unpublishing_test.rb
0	1	test/unit/presenters/publishing_api_presenters/working_group_test.rb
0	1	test/unit/workers/publishing_api_coming_soon_worker_test.rb