--a492a2bf1b--2015-06-22--Elliot Crosby-McCullough
--4addd5a83d--2015-06-22--Alex Muller
--a2b9090126--2015-06-22--Elliot Crosby-McCullough
0	126	lib/policy_admin_url_replacer.rb
0	185	test/unit/policy_admin_url_replacer_test.rb

--aba8353f39--2015-06-22--Elliot Crosby-McCullough
10	0	app/controllers/admin/policies_controller.rb
2	0	config/routes.rb
18	0	test/functional/admin/policies_controller_test.rb

--b93a7f9d82--2015-06-15--Elliot Crosby-McCullough
77	0	db/migrate/20150615080039_delete_policies_and_supporting_pages.rb

--d57eb1cbb7--2015-06-11--Elliot Crosby-McCullough
0	13	app/views/case_studies/_case_studies.html.erb

--535def0296--2015-06-11--Elliot Crosby-McCullough
0	1	app/assets/stylesheets/frontend/base.scss
0	54	app/assets/stylesheets/frontend/views/_organisations.scss
0	252	app/assets/stylesheets/frontend/views/_policies.scss

--baa46f5d5c--2015-06-11--Elliot Crosby-McCullough
0	14	config/locales/ar.yml
0	6	config/locales/az.yml
0	10	config/locales/be.yml
0	6	config/locales/bg.yml
0	6	config/locales/bn.yml
0	8	config/locales/cs.yml
0	14	config/locales/cy.yml
0	6	config/locales/de.yml
0	6	config/locales/dr.yml
0	6	config/locales/el.yml
0	6	config/locales/en.yml
0	6	config/locales/es-419.yml
0	6	config/locales/es.yml
0	6	config/locales/et.yml
0	6	config/locales/fa.yml
0	6	config/locales/fr.yml
0	10	config/locales/he.yml
0	6	config/locales/hi.yml
0	6	config/locales/hu.yml
0	6	config/locales/hy.yml
0	6	config/locales/id.yml
0	6	config/locales/it.yml
0	6	config/locales/ja.yml
0	6	config/locales/ka.yml
0	6	config/locales/ko.yml
0	8	config/locales/lt.yml
0	6	config/locales/lv.yml
0	6	config/locales/ms.yml
0	10	config/locales/pl.yml
0	6	config/locales/ps.yml
0	6	config/locales/pt.yml
0	8	config/locales/ro.yml
0	10	config/locales/ru.yml
0	6	config/locales/si.yml
0	8	config/locales/sk.yml
0	6	config/locales/so.yml
0	6	config/locales/sq.yml
0	10	config/locales/sr.yml
0	6	config/locales/sw.yml
0	6	config/locales/ta.yml
0	6	config/locales/th.yml
0	6	config/locales/tk.yml
0	6	config/locales/tr.yml
0	10	config/locales/uk.yml
0	6	config/locales/ur.yml
0	6	config/locales/uz.yml
0	6	config/locales/vi.yml
0	6	config/locales/zh-hk.yml
0	6	config/locales/zh-tw.yml
0	6	config/locales/zh.yml

--006aa80b7c--2015-06-02--Elliot Crosby-McCullough
0	77	app/assets/javascripts/admin/featured_topics_and_policies.js
0	87	app/controllers/admin/featured_topics_and_policies_lists_controller.rb
0	29	app/controllers/admin/policies_controller.rb
1	1	app/controllers/ministerial_roles_controller.rb
0	1	app/controllers/world_locations_controller.rb
1	1	app/helpers/admin/editions_helper.rb
0	1	app/helpers/admin/organisation_helper.rb
0	11	app/helpers/admin/taggable_content_helper.rb
7	5	app/helpers/application_helper.rb
1	5	app/helpers/feed_helper.rb
0	31	app/helpers/organisation_helper.rb
0	1	app/models/classification_membership.rb
0	34	app/models/edition.rb
0	56	app/models/featured_item.rb
0	30	app/models/featured_topics_and_policies_list.rb
1	2	app/models/ministerial_role.rb
0	8	app/models/organisation.rb
0	4	app/models/role_appointment.rb
1	1	app/models/user.rb
1	1	app/presenters/document_list_export_presenter.rb
0	2	app/presenters/edition_collection_presenter.rb
0	5	app/presenters/policy_filter_json_presenter.rb
0	11	app/presenters/policy_presenter.rb
0	11	app/views/admin/editions/_conflict.html.erb
0	7	app/views/admin/editions/_related_policies.html.erb
0	24	app/views/admin/editions/_speed_tagging.html.erb
0	62	app/views/admin/featured_topics_and_policies_lists/show.html.erb
0	0	app/views/admin/policies/_first_published_at.html.erb
0	30	app/views/admin/policies/_form.html.erb
0	6	app/views/admin/policies/_local_government_fields.html.erb
0	12	app/views/admin/supporting_pages/_related_policy_fields.html.erb
7	20	app/views/organisations/show-promotional.html.erb
0	4	config/routes.rb
1	1	features/admin-users.feature
0	49	features/fact-checking-policies.feature
0	32	features/featured-topics-and-policies-on-an-org.feature
24	51	features/importing-new-editions.feature
2	2	features/linking-to-public-website-from-administration-screens.feature
2	3	features/news-articles.feature
0	6	features/organisations.feature
0	39	features/policies.feature
0	16	features/policy-groups.feature
2	3	features/publications.feature
0	20	features/rejecting-submitted-policies.feature
2	3	features/speeches.feature
0	18	features/speed-tagging-editions.feature
26	25	features/step_definitions/document_steps.rb
0	5	features/step_definitions/email_signup_steps.rb
11	11	features/step_definitions/fact_checking_steps.rb
0	113	features/step_definitions/featured_topics_and_policies_steps.rb
11	11	features/step_definitions/filtering_featured_documents_on_a_topic_steps.rb
0	39	features/step_definitions/filtering_steps.rb
5	5	features/step_definitions/force_publishing_imports_steps.rb
0	7	features/step_definitions/import_steps.rb
0	1	features/step_definitions/latest_document_steps.rb
0	14	features/step_definitions/news_article_steps.rb
0	10	features/step_definitions/organisation_steps.rb
0	15	features/step_definitions/policy_group_steps.rb
0	276	features/step_definitions/policy_steps.rb
6	0	features/step_definitions/publication_steps.rb
2	2	features/step_definitions/session_steps.rb
20	21	features/step_definitions/unpublishing_published_documents_steps.rb
2	2	features/step_definitions/user_steps.rb
0	5	features/support/document_helper.rb
0	2	features/support/paths.rb
1	2	features/support/topical_events_helper.rb
6	6	features/unpublishing-published-documents.feature
0	13	features/viewing-inbound-links-to-a-policy.feature
2	2	lib/data_hygiene/govspeak_link_validator.rb
0	4	lib/whitehall/document_filter/fake_search.rb
0	5	lib/whitehall/document_filter/mysql.rb
0	5	lib/whitehall/document_filter/rummager.rb
0	3	lib/whitehall/gov_uk_delivery/feed_url_validator.rb
1	1	lib/whitehall/gov_uk_delivery/notifier.rb
0	13	lib/whitehall/gov_uk_delivery/subscription_url_generator.rb
1	5	lib/whitehall/publishing_api.rb
0	6	lib/whitehall/uploader/case_study_row.rb
1	7	lib/whitehall/uploader/consultation_row.rb
0	6	lib/whitehall/uploader/news_article_row.rb
0	10	lib/whitehall/uploader/publication_row.rb
0	6	lib/whitehall/uploader/speech_row.rb
1	1	test/factories/classification_memberships.rb
0	6	test/factories/consultations.rb
1	1	test/factories/fact_check_requests.rb
0	11	test/factories/featured_items.rb
0	6	test/factories/featured_topics_and_policies_lists.rb
1	1	test/factories/imports.rb
1	1	test/factories/publications.rb
1	1	test/factories/statistics_announcements.rb
1	1	test/factories/users.rb
2	2	test/fixtures/dclg_consultation_import_test.csv
2	2	test/fixtures/dft_publication_import_with_json_test.csv
1	1	test/functional/admin/case_studies_controller_test.rb
1	1	test/functional/admin/classification_featurings_controller_test.rb
1	1	test/functional/admin/consultations_controller_test.rb
1	1	test/functional/admin/consultations_controller_test/national_applicability_test.rb
1	1	test/functional/admin/corporate_information_pages_controller_test.rb
1	14	test/functional/admin/detailed_guides_controller_test.rb
1	1	test/functional/admin/detailed_guides_controller_test/national_applicability_test.rb
1	1	test/functional/admin/document_collection_group_memberships_controller_test.rb
1	1	test/functional/admin/document_collection_groups_controller_test.rb
1	1	test/functional/admin/document_collections_controller_test.rb
1	1	test/functional/admin/document_searches_controller_test.rb
8	8	test/functional/admin/document_sources_controller_test.rb
2	2	test/functional/admin/edition_translations_controller_test.rb
37	33	test/functional/admin/edition_workflow_controller_test.rb
38	38	test/functional/admin/editions_controller_test.rb
1	1	test/functional/admin/editorial_remarks_controller_test.rb
13	22	test/functional/admin/fact_check_requests_controller_test.rb
1	1	test/functional/admin/feature_lists_controller_test.rb
0	201	test/functional/admin/featured_topics_and_policies_lists_controller_test.rb
1	1	test/functional/admin/features_controller_test.rb
1	1	test/functional/admin/generic_editions_controller_test.rb
3	3	test/functional/admin/generic_editions_controller_tests/attachments_workflow_test.rb
1	1	test/functional/admin/generic_editions_controller_tests/deleting_documents_test.rb
2	2	test/functional/admin/generic_editions_controller_tests/force_publishing_documents_test.rb
1	1	test/functional/admin/generic_editions_controller_tests/linking_to_document_on_public_site_test.rb
1	1	test/functional/admin/generic_editions_controller_tests/linking_to_preview_of_document_on_public_site_test.rb
1	1	test/functional/admin/generic_editions_controller_tests/political_document_test.rb
1	1	test/functional/admin/generic_editions_controller_tests/rejecting_documents_test.rb
3	3	test/functional/admin/generic_editions_controller_tests/revising_documents_test.rb
1	1	test/functional/admin/generic_editions_controller_tests/speed_tagging_test.rb
1	1	test/functional/admin/generic_editions_controller_tests/translation_test.rb
1	1	test/functional/admin/groups_controller_test.rb
1	1	test/functional/admin/historical_accounts_controller_test.rb
4	4	test/functional/admin/imports_controller_test.rb
12	12	test/functional/admin/links_reports_controller_test.rb
1	1	test/functional/admin/news_articles_controller_test.rb
7	7	test/functional/admin/organisations_controller_test.rb
1	1	test/functional/admin/people_controller_test.rb
1	1	test/functional/admin/person_translations_controller_test.rb
1	1	test/functional/admin/policy_groups_controller_test.rb
2	2	test/functional/admin/preview_controller_test.rb
1	1	test/functional/admin/promotional_feature_items_controller_test.rb
1	1	test/functional/admin/promotional_features_controller_test.rb
1	1	test/functional/admin/publications_controller_test.rb
1	1	test/functional/admin/publications_controller_test/national_applicability_test.rb
1	1	test/functional/admin/responses_controller_test.rb
1	1	test/functional/admin/role_appointments_controller_test.rb
1	1	test/functional/admin/role_translations_controller_test.rb
1	1	test/functional/admin/roles_controller_test.rb
1	1	test/functional/admin/speeches_controller_test.rb
1	1	test/functional/admin/statistical_data_sets_controller_test.rb
1	1	test/functional/admin/suggestions_controller_test.rb
1	1	test/functional/admin/topical_events_controller_test.rb
2	2	test/functional/admin/topics_controller_test.rb
1	1	test/functional/admin/world_location_news_articles_controller_test.rb
1	1	test/functional/admin/world_location_translations_controller_test.rb
1	1	test/functional/admin/world_locations_controller_test.rb
1	1	test/functional/admin/worldwide_organisations_translations_controller_test.rb
1	1	test/functional/attachments_controller_test.rb
0	2	test/functional/home_controller_test.rb
14	14	test/functional/notifications_test.rb
3	42	test/functional/organisations_controller_test.rb
3	8	test/functional/publications_controller_test.rb
2	4	test/functional/statistics_controller_test.rb
5	5	test/functional/topical_events_controller_test.rb
9	9	test/functional/topics_controller_test.rb
3	3	test/functional/world_locations_controller_test.rb
0	2	test/integration/dclg_consultation_import_test.rb
0	2	test/integration/dft_publication_import_with_json_test.rb
1	1	test/integration/document_locale_param_canonicalisation_test.rb
15	15	test/integration/gov_uk_delivery_test.rb
2	2	test/integration/search_index_test.rb
4	0	test/javascripts/unit/preview_test.js
4	10	test/support/admin_edition_controller_test_helpers.rb
1	1	test/support/controller_test_helpers.rb
0	4	test/support/csv_sample_helpers.rb
1	36	test/support/document_controller_test_helpers.rb
1	1	test/support/organisation_controller_test_helpers.rb
34	34	test/unit/admin/edition_filter_test.rb
1	1	test/unit/admin/statistics_announcement_filter_test.rb
1	1	test/unit/attachable_test.rb
3	3	test/unit/attachment_visibility_test.rb
2	2	test/unit/classification_membership_test.rb
2	2	test/unit/classification_test.rb
2	2	test/unit/consultation_test.rb
3	14	test/unit/detailed_guide_test.rb
25	25	test/unit/document_test.rb
6	6	test/unit/edition/active_editors_test.rb
15	15	test/unit/edition/audit_trail_test.rb
1	0	test/unit/edition/can_apply_to_local_government_through_related_policies_test.rb
25	38	test/unit/edition/creating_draft_test.rb
2	2	test/unit/edition/fact_checkable_test.rb
42	42	test/unit/edition/identifiable_test.rb
1	1	test/unit/edition/limited_access_test.rb
1	1	test/unit/edition/nation_inapplicability_test.rb
2	2	test/unit/edition/organisations_test.rb
4	4	test/unit/edition/publishing_test.rb
1	57	test/unit/edition/related_policies_test.rb
1	1	test/unit/edition/searchable_test.rb
2	2	test/unit/edition/specialist_sectors_test.rb
2	2	test/unit/edition/topical_events_test.rb
3	3	test/unit/edition/topics_test.rb
16	16	test/unit/edition/workflow_test.rb
1	1	test/unit/edition/world_locations_test.rb
1	1	test/unit/edition/worldwide_organisations_test.rb
0	25	test/unit/edition/worldwide_priorities_test.rb
0	16	test/unit/edition_active_record_bug_workaround_test.rb
3	3	test/unit/edition_relation_test.rb
63	135	test/unit/edition_test.rb
2	2	test/unit/edition_world_location_test.rb
0	93	test/unit/featured_item_test.rb
0	61	test/unit/featured_topics_and_policies_list_test.rb
2	2	test/unit/helpers/admin/admin_govspeak_helper_test.rb
2	2	test/unit/helpers/admin/edition_routes_helper_test.rb
0	12	test/unit/helpers/admin/taggable_content_helper_test.rb
0	7	test/unit/helpers/application_helper_test.rb
0	22	test/unit/helpers/document_helper_test.rb
3	9	test/unit/helpers/feed_helper_test.rb
8	8	test/unit/helpers/govspeak_helper_link_rewriting_test.rb
2	2	test/unit/helpers/govspeak_helper_test.rb
0	18	test/unit/helpers/organisation_helper_test.rb
2	2	test/unit/html_attachment_test.rb
0	1	test/unit/i18n_key_test.rb
10	10	test/unit/import_test.rb
1	1	test/unit/ministerial_role_test.rb
0	3	test/unit/models/latest_documents_filter_test.rb
1	10	test/unit/models/organisation_test.rb
0	123	test/unit/policy_test.rb
3	8	test/unit/presenters/edition_collection_presenter_test.rb
1	1	test/unit/publication_test.rb
2	2	test/unit/role_appointment_test.rb
4	4	test/unit/services/edition_publisher_test.rb
1	1	test/unit/services/edition_unpublisher_test.rb
1	1	test/unit/services/edition_withdrawer_test.rb
2	10	test/unit/uploader/case_study_row_test.rb
1	9	test/unit/uploader/consultation_row_test.rb
23	23	test/unit/uploader/finders/edition_finder_test.rb
2	9	test/unit/uploader/news_article_row_test.rb
0	19	test/unit/uploader/publication_row_test.rb
1	15	test/unit/uploader/speech_row_test.rb
0	6	test/unit/whitehall/document_filter/rummager_test.rb
2	2	test/unit/whitehall/gov_uk_delivery/email_formatter_test.rb
0	21	test/unit/whitehall/gov_uk_delivery/feed_url_validator_test.rb
10	10	test/unit/whitehall/gov_uk_delivery/notifier_test.rb
16	62	test/unit/whitehall/gov_uk_delivery/subscription_url_generator_test.rb
1	1	test/unit/whitehall/gov_uk_delivery/worker_test.rb
0	8	test/unit/whitehall/publishing_api_test.rb

--996167e530--2015-06-02--Elliot Crosby-McCullough
0	29	app/assets/javascripts/admin/document_list.js
0	1	app/assets/javascripts/admin/preview.js
0	20	app/controllers/admin/supporting_pages_controller.rb
0	51	app/controllers/policies_controller.rb
0	51	app/controllers/supporting_pages_controller.rb
1	2	app/helpers/admin/edition_routes_helper.rb
0	13	app/helpers/admin/supporting_pages_helper.rb
0	2	app/helpers/application_helper.rb
0	16	app/helpers/public_document_routes_helper.rb
1	1	app/models/document_collection_group_membership.rb
1	17	app/models/document_history.rb
0	4	app/models/edition.rb
2	10	app/models/edition/findable_by_organisation.rb
0	18	app/models/edition/related_policies.rb
0	39	app/models/edition/supporting_pages.rb
0	3	app/models/editioned_supporting_page_mapping.rb
0	88	app/models/policy.rb
0	25	app/models/supporting_page.rb
0	9	app/models/supporting_page_redirect.rb
0	2	app/presenters/document_list_export_presenter.rb
0	10	app/views/admin/editions/_search_results.html.erb
0	26	app/views/admin/editions/_show_metadata.html.erb
0	5	app/views/policies/_document_content.html.erb
0	16	app/views/policies/_document_contextual.html.erb
0	7	app/views/policies/_list.html.erb
0	15	app/views/policies/_policy_navigation.html.erb
0	8	app/views/policies/activity.atom.builder
0	32	app/views/policies/activity.html.erb
0	37	app/views/policies/index.html.erb
0	43	app/views/policies/show.html.erb
0	1	app/views/supporting_pages/_change_notes.html.erb
0	5	app/views/supporting_pages/_document_content.html.erb
0	15	app/views/supporting_pages/_document_contextual.html.erb
0	0	app/views/supporting_pages/_document_extra_metadata.html.erb
0	0	app/views/supporting_pages/_document_sidebar.html.erb
0	42	app/views/supporting_pages/show.html.erb
0	11	config/locales/ar.yml
0	11	config/locales/az.yml
0	11	config/locales/be.yml
0	11	config/locales/bg.yml
0	11	config/locales/bn.yml
0	11	config/locales/cs.yml
0	11	config/locales/cy.yml
0	11	config/locales/de.yml
0	11	config/locales/dr.yml
0	11	config/locales/el.yml
0	4	config/locales/en.yml
0	11	config/locales/es-419.yml
0	11	config/locales/es.yml
0	11	config/locales/et.yml
0	11	config/locales/fa.yml
0	11	config/locales/fr.yml
0	11	config/locales/he.yml
0	11	config/locales/hi.yml
0	11	config/locales/hu.yml
0	11	config/locales/hy.yml
0	11	config/locales/id.yml
0	11	config/locales/it.yml
0	11	config/locales/ja.yml
0	11	config/locales/ka.yml
0	11	config/locales/ko.yml
0	11	config/locales/lt.yml
0	11	config/locales/lv.yml
0	11	config/locales/ms.yml
0	11	config/locales/pl.yml
0	11	config/locales/ps.yml
0	11	config/locales/pt.yml
0	11	config/locales/ro.yml
0	11	config/locales/ru.yml
0	11	config/locales/si.yml
0	11	config/locales/sk.yml
0	11	config/locales/so.yml
0	11	config/locales/sq.yml
0	11	config/locales/sr.yml
0	11	config/locales/sw.yml
0	11	config/locales/ta.yml
0	11	config/locales/th.yml
0	11	config/locales/tk.yml
0	11	config/locales/tr.yml
0	11	config/locales/uk.yml
0	11	config/locales/ur.yml
0	11	config/locales/uz.yml
0	11	config/locales/vi.yml
0	11	config/locales/zh-hk.yml
0	11	config/locales/zh-tw.yml
0	11	config/locales/zh.yml
0	11	config/routes.rb
0	33	db/data_migration/20141210090358_change_slug_for_schools_colleges_policy_document.rb
0	143	db/data_migration/20150407095340_convert_policies_to_html_publications.rb
0	5	db/data_migration/20150518092033_de_index_supoprting_pages.rb
1	1	db/pending_migration_cleanups/README.txt
0	29	features/step_definitions/supporting_page_steps.rb
1	1	features/support/document_helper.rb
1	1	lib/data_hygiene/duplicate_attachment_finder.rb
1	6	lib/data_hygiene/orphaned_attachment_finder.rb
1	7	lib/data_hygiene/registerable_edition_builder_for_unpublished_editions.rb
0	57	lib/data_hygiene/supporting_page_redirect_identifier.rb
0	9	lib/govspeak/admin_link_replacer.rb
0	1	lib/govspeak/dependable_editions_extractor.rb
0	1	lib/govspeak/embedded_content_patterns.rb
0	15	lib/tasks/data_hygiene.rake
0	2	lib/whitehall.rb
0	6	lib/whitehall/authority/rules/edition_rules.rb
0	18	test/factories/policies.rb
0	22	test/factories/supporting_pages.rb
0	91	test/functional/admin/policies_controller_test.rb
0	24	test/functional/admin/supporting_pages_controller_test.rb
0	9	test/functional/attachments_controller_test.rb
0	458	test/functional/policies_controller_test.rb
0	266	test/functional/supporting_pages_controller_test.rb
0	5	test/integration/search_index_test.rb
0	35	test/integration/upload_access_test.rb
0	4	test/javascripts/unit/preview_test.js
0	13	test/unit/data_hygiene/registerable_edition_builder_for_unpublished_editions_test.rb
0	65	test/unit/document_history_test.rb
0	38	test/unit/edition/supporting_pages_test.rb
0	13	test/unit/govspeak/admin_link_replacer_test.rb
0	8	test/unit/govspeak/dependable_editions_extractor_test.rb
0	5	test/unit/helpers/admin/admin_govspeak_helper_test.rb
0	6	test/unit/helpers/admin/edition_routes_helper_test.rb
0	8	test/unit/helpers/application_helper_test.rb
0	12	test/unit/helpers/govspeak_helper_link_rewriting_test.rb
13	32	test/unit/helpers/public_document_routes_helper_test.rb
0	5	test/unit/models/document_collection_group_membership_test.rb
0	52	test/unit/supporting_page_test.rb
0	8	test/unit/whitehall/authority/gds_admin_test.rb
0	7	test/unit/whitehall/broken_link_reporter_test.rb

--e50eb5a3b9--2015-06-10--Elliot Crosby-McCullough
1	1	lib/whitehall/uploader/finders.rb

--d17f10c572--2015-06-22--Elliot Crosby-McCullough
--55b752ebdb--2015-06-22--Jamie Cobbett
--223dd12458--2015-06-22--Elliot Crosby-McCullough
0	6	config/schedule.rb
0	23	lib/tasks/export.rake
0	143	lib/whitehall/exporters/redirector_document_mappings.rb
0	164	test/unit/whitehall/exporters/redirector_document_mappings_test.rb

--d19721d8bf--2015-06-22--Paul Bowsher
1	1	.ruby-version

--c21e06c802--2015-06-22--Alex Muller
1	1	config/locales/ru.yml

--9fa8cf79d6--2015-06-22--Paul Bowsher
1	1	.ruby-version
2	1	Gemfile
6	5	Gemfile.lock
1	1	test/functional/admin/editions_controller_test.rb