--7fa0b85d39--2015-04-27--Jamie Cobbett
--65b85a75bb--2015-04-24--Jamie Cobbett
7	0	db/data_migration/20150424094040_republish_coming_soon.rb

--aec0ef4912--2015-04-27--Tekin Suleyman
--112f5f8f26--2015-04-24--Tekin Suleyman
5	1	lib/data_hygiene/future_policy_tagging_migrator.rb

--ad4254a222--2015-04-23--Tekin Suleyman
0	2	test/unit/edition/related_policies_test.rb

--7f3c2b6642--2015-04-22--Tekin Suleyman
6	0	lib/data_hygiene/future_policy_tagging_migrator.rb

--4d9e76fcaf--2015-04-22--Tekin Suleyman
26	0	lib/data_hygiene/future_policy_tagging_migrator.rb
22	0	lib/tasks/election.rake

--51155169f8--2015-04-22--Tekin Suleyman
12	0	db/data_migration/20150422112600_merge_old_policies.rb

--c6d2cb5a74--2015-04-24--Elliot Crosby-McCullough
--e471e26c29--2015-04-24--Elliot Crosby-McCullough
1	0	app/controllers/organisations_controller.rb

--b16d3f4fc5--2015-04-24--Elliot Crosby-McCullough
0	14	app/views/topical_events/show.html.erb
0	22	app/views/topics/show.html.erb
0	17	app/views/world_locations/show.html.erb
18	18	features/step_definitions/topic_steps.rb
10	23	features/topics.feature
1	8	features/world-location-news.feature
0	14	test/functional/topics_controller_test.rb
0	13	test/functional/world_locations_controller_test.rb

--b705677048--2015-04-24--Elliot Crosby-McCullough
1	1	Gemfile
2	2	Gemfile.lock
2	1	app/controllers/organisations_controller.rb
10	25	test/functional/organisations_controller_test.rb

--ba76252fc5--2015-04-23--Tekin Suleyman
3	5	app/controllers/organisations_controller.rb
1	18	app/models/future/policy.rb
3	3	app/views/policies/_list_description.html.erb

--8a5a73fe94--2015-04-23--Elliot Crosby-McCullough
1	1	Gemfile
13	5	Gemfile.lock
10	1	app/controllers/organisations_controller.rb
18	1	app/models/future/policy.rb
1	1	app/views/policies/_list_description.html.erb
1	0	features/support/env.rb
71	16	test/functional/organisations_controller_test.rb
18	0	test/support/content_register_helpers.rb

--8e657da842--2015-04-15--Jamie Cobbett
3	1	app/presenters/publishing_api_presenters/coming_soon.rb
2	1	test/unit/presenters/publishing_api_presenters/coming_soon_test.rb
2	1	test/unit/workers/publishing_api_coming_soon_worker_test.rb