--57ed72c753--2015-04-16--Elliot Crosby-McCullough
--d14f7ae794--2015-04-16--Elliot Crosby-McCullough
--7fdb73fe47--2015-04-16--Elliot Crosby-McCullough
1	1	db/data_migration/20150407095340_convert_policies_to_html_publications.rb

--dbc04d8eda--2015-04-16--Elliot Crosby-McCullough
2	2	app/models/government.rb

--12ab03d0cc--2015-04-16--Elliot Crosby-McCullough
1	7	db/data_migration/20150407095340_convert_policies_to_html_publications.rb

--2a87dc140a--2015-04-16--Elliot Crosby-McCullough
58	53	db/data_migration/20150407095340_convert_policies_to_html_publications.rb

--143e8f6ebb--2015-04-16--Elliot Crosby-McCullough
1	1	db/data_migration/20150407095340_convert_policies_to_html_publications.rb

--106c9610c9--2015-04-16--Elliot Crosby-McCullough
4	2	db/data_migration/20150407095340_convert_policies_to_html_publications.rb

--d135e5b9ce--2015-04-16--Elliot Crosby-McCullough
1	1	db/data_migration/20150407095340_convert_policies_to_html_publications.rb

--f0eec0e36b--2015-04-15--Elliot Crosby-McCullough
3	3	db/data_migration/20150407095340_convert_policies_to_html_publications.rb

--f7ec4d8ebd--2015-04-15--Elliot Crosby-McCullough
2	2	db/data_migration/20150407095340_convert_policies_to_html_publications.rb

--342c545d3c--2015-04-07--Elliot Crosby-McCullough
142	0	db/data_migration/20150407095340_convert_policies_to_html_publications.rb

--c245b9d40a--2015-04-16--Elliot Crosby-McCullough
11	9	app/models/government.rb

--927071daa6--2015-04-16--Elliot Crosby-McCullough
3	3	app/models/government.rb

--803154abc1--2015-04-16--Elliot Crosby-McCullough
2	2	app/models/government.rb
7	0	features/governments.feature
8	0	features/step_definitions/government_steps.rb
7	3	features/support/governments_helper.rb
6	0	test/unit/government_test.rb

--efbbeb99af--2015-04-13--Elliot Crosby-McCullough
9	7	app/models/government.rb

--cff7bd8570--2015-04-13--Elliot Crosby-McCullough
2	4	app/models/government.rb

--46ccf85937--2015-04-13--Elliot Crosby-McCullough
6	2	app/controllers/admin/governments_controller.rb

--f8b2fa278b--2015-04-10--Elliot Crosby-McCullough
2	3	app/views/admin/governments/_form.html.erb

--14c5846b73--2015-04-10--Elliot Crosby-McCullough
23	0	test/unit/government_test.rb

--e287b3109d--2015-04-09--Elliot Crosby-McCullough
49	0	app/models/government.rb
32	1	test/unit/government_test.rb