--585df86cda--2015-04-09--Tommy Palmer
--3f32af5d71--2015-04-08--Tommy Palmer
3	1	app/views/admin/people/_form.html.erb

--36c2e73938--2015-04-08--Tommy Palmer
0	2	features/roles.feature

--85fe480fe3--2015-04-08--Tommy Palmer
0	3	features/step_definitions/historic_appointment_steps.rb
4	4	features/step_definitions/worldwide_organisation_steps.rb

--6dbf724204--2015-04-07--Tommy Palmer
29	1	app/assets/stylesheets/frontend/helpers/_person.scss
10	3	app/views/people/_person.html.erb
2	2	test/functional/organisations_controller_test.rb

--9fdb01dbfe--2015-04-07--Tommy Palmer
3	2	app/presenters/person_presenter.rb
0	4	app/presenters/role_presenter.rb
2	2	test/unit/presenters/person_presenter_test.rb

--fc24f1ec28--2015-04-08--Bradley Wright
--9f8c7ccd1f--2015-04-08--Alex Muller
5	0	app/controllers/public_facing_controller.rb
7	0	test/functional/public_facing_controller_test.rb

--65e76a539f--2015-04-08--Tekin Suleyman
--7ec1e7c340--2015-04-08--David Singleton
--baf171ebd0--2015-04-08--Paul Bowsher
--bd8f1d338c--2015-04-08--Tekin Suleyman
1	1	app/models/edition/related_policies.rb
7	0	test/unit/edition/related_policies_test.rb

--4d834da5af--2015-04-07--David Singleton
8	0	app/assets/stylesheets/frontend/helpers/_document_list.scss
3	1	app/presenters/edition_presenter_helper.rb
7	0	app/views/documents/_filter_table.mustache
8	0	lib/whitehall/document_filter/result.rb
3	1	test/unit/presenters/document_filter_presenter_test.rb

--178ca3cb02--2015-04-08--Paul Bowsher
2	2	app/controllers/admin/suggestions_controller.rb

--0fe54c081b--2015-04-07--Vinay Patel
--8b6718446e--2015-04-07--Tommy Palmer
-	-	app/assets/images/blank-person.png

--14211be80e--2015-04-07--Tekin Suleyman
7	0	app/models/edition/related_policies.rb
10	0	test/unit/edition/related_policies_test.rb

--0bacf77253--2015-04-07--Vinay Patel
2	2	lib/edition_dependencies_populator.rb
1	1	lib/govspeak/contacts_extractor.rb
1	1	lib/govspeak/dependable_editions_extractor.rb
0	20	test/unit/edition_dependencies_populator_test.rb
2	2	test/unit/govspeak/contacts_extractor_test.rb
2	2	test/unit/govspeak/dependable_editions_extractor_test.rb

--92c58a93d7--2015-04-07--Vinay Patel
5	2	lib/edition_dependencies_populator.rb

--d84e7ec105--2015-04-02--Daniel Roseman
--2a2d1fb1e3--2015-04-02--Vinay Patel
2	2	lib/edition_dependencies_populator.rb
22	2	test/unit/edition_dependencies_populator_test.rb
8	0	test/unit/govspeak/dependable_editions_extractor_test.rb

--b05842411e--2015-04-02--Bradley Wright
--a1e9fdb912--2015-04-01--Bradley Wright
1	1	app/views/admin/person_translations/edit.html.erb
2	2	app/views/admin/policy_groups/_form.html.erb
1	1	app/views/admin/responses/_form.html.erb
1	1	app/views/admin/role_translations/edit.html.erb
1	1	app/views/admin/roles/_form.html.erb
1	1	app/views/admin/take_part_pages/_form.html.erb
1	1	app/views/admin/world_location_translations/edit.html.erb
1	1	app/views/admin/world_locations/edit.html.erb

--68266a6e6b--2015-04-01--David Singleton
--fa1ea1f9fe--2015-04-01--David Singleton
1	1	app/controllers/admin/governments_controller.rb
6	0	test/functional/admin/governments_controller_test.rb

--425134bbe0--2015-04-01--David Singleton
1	1	app/controllers/admin/role_appointments_controller.rb
11	0	test/functional/admin/role_appointments_controller_test.rb

--905b7c38f2--2015-03-30--Daniel Roseman
3	1	app/services/draft_edition_updater.rb
16	0	test/unit/services/draft_edition_updater_test.rb

--2aafdade72--2015-03-27--Daniel Roseman
1	1	config/initializers/edition_services.rb
1	1	lib/whitehall/publishing_api.rb
2	2	test/unit/whitehall/publishing_api_test.rb

--aacbb3b300--2015-03-27--Tekin Suleyman
2	6	features/step_definitions/admin_policy_tagging_steps.rb
16	0	features/support/admin_policy_tagging_helper.rb

--1ee63374f6--2015-03-26--Daniel Roseman
1	0	features/support/publishing_api.rb
1	0	test/test_helper.rb

--cac4137e53--2015-03-26--Daniel Roseman
1	1	Gemfile
2	2	Gemfile.lock

--223c4bd479--2015-03-25--Daniel Roseman
6	0	app/controllers/admin/editions_controller.rb

--dab4cc142b--2015-03-25--Daniel Roseman
1	0	config/initializers/edition_services.rb

--aff6244bb7--2015-03-25--Daniel Roseman
3	0	app/services/draft_edition_updater.rb
4	0	app/services/edition_service_coordinator.rb

--e276af4e80--2015-03-25--Daniel Roseman
7	0	lib/whitehall/publishing_api.rb
11	1	test/unit/whitehall/publishing_api_test.rb

--544fa35989--2015-03-25--Daniel Roseman
5	0	app/workers/publishing_api_draft_worker.rb
16	0	test/unit/workers/publishing_api_draft_worker_test.rb

--d5541791bd--2015-03-25--Daniel Roseman
7	3	app/workers/publishing_api_worker.rb

--1728f72fbb--2015-03-24--Daniel Roseman
16	0	app/services/draft_edition_updater.rb
13	0	test/unit/services/draft_edition_updater_test.rb

--dbbb671679--2015-03-27--Tekin Suleyman
1	1	features/support/content_register.rb
1	1	test/support/content_register_helpers.rb
1	1	test/test_helper.rb
2	2	test/unit/edition/related_policies_test.rb

--734e868fd0--2015-03-26--Tekin Suleyman
4	0	app/helpers/admin/editions_helper.rb
14	10	app/views/admin/editions/_related_policy_fields.html.erb
3	0	config/environments/test.rb

--366c675da6--2015-03-26--Tekin Suleyman
1	3	app/helpers/admin/taggable_content_helper.rb
5	14	app/models/edition/related_policies.rb
31	0	app/models/future/policy.rb

--87ab84f2f0--2015-03-26--Tekin Suleyman
17	0	app/models/edition/related_policies.rb
18	0	test/unit/edition/related_policies_test.rb

--033a57c314--2015-03-23--Tekin Suleyman
2	0	app/controllers/admin/editions_controller.rb
9	0	app/helpers/admin/taggable_content_helper.rb
11	0	app/models/edition/related_policies.rb
2	0	app/models/edition_policy.rb
11	0	app/views/admin/editions/_related_policy_fields.html.erb
12	0	db/migrate/20150323155555_create_edition_policies.rb
11	1	db/schema.rb
2	28	features/support/content_register.rb
27	0	test/support/content_register_helpers.rb
2	0	test/test_helper.rb
23	0	test/unit/edition/related_policies_test.rb

--5ad5e7ed48--2015-03-23--Tekin Suleyman
13	0	features/admin-policy-tagging.feature
8	0	features/step_definitions/admin_policy_tagging_steps.rb
33	0	features/support/content_register.rb