--cfb4f5a7c9--2014-09-26--Camille Baldock
--44f4bf0944--2014-09-25--Camille Baldock
9	1	app/models/organisation.rb
11	1	test/unit/models/organisation_test.rb

--05adcac778--2014-09-25--Camille Baldock
--0beb311301--2014-09-25--Camille Baldock
8	2	app/views/past_foreign_secretaries/index.html.erb

--9a902752b7--2014-09-25--Steve Laing
--5a3e040f3b--2014-09-25--steventux
1	1	config/locales/en.yml

--25a84b9044--2014-09-25--steventux
2	0	app/assets/javascripts/application/on_ready.js
5	15	app/views/documents/_change_notes.html.erb
1	1	app/views/documents/_document_footer_meta.html.erb
1	1	app/views/documents/_metadata.html.erb
1	0	config/locales/ar.yml
1	0	config/locales/az.yml
1	0	config/locales/be.yml
1	0	config/locales/bg.yml
1	0	config/locales/bn.yml
1	0	config/locales/cs.yml
1	0	config/locales/cy.yml
1	0	config/locales/de.yml
1	0	config/locales/dr.yml
1	0	config/locales/el.yml
3	2	config/locales/en.yml
1	0	config/locales/es-419.yml
1	0	config/locales/es.yml
1	0	config/locales/fa.yml
1	0	config/locales/fr.yml
1	0	config/locales/he.yml
1	0	config/locales/hi.yml
1	0	config/locales/hu.yml
1	0	config/locales/hy.yml
1	0	config/locales/id.yml
1	0	config/locales/it.yml
1	0	config/locales/ja.yml
1	0	config/locales/ka.yml
1	0	config/locales/ko.yml
1	0	config/locales/lt.yml
1	0	config/locales/lv.yml
1	0	config/locales/ms.yml
1	0	config/locales/pl.yml
1	0	config/locales/ps.yml
1	0	config/locales/pt.yml
1	0	config/locales/ro.yml
1	0	config/locales/ru.yml
1	0	config/locales/si.yml
1	0	config/locales/sk.yml
1	0	config/locales/so.yml
1	0	config/locales/sq.yml
1	0	config/locales/sr.yml
1	0	config/locales/sw.yml
1	0	config/locales/ta.yml
1	0	config/locales/th.yml
1	0	config/locales/tk.yml
1	0	config/locales/tr.yml
1	0	config/locales/uk.yml
1	0	config/locales/ur.yml
1	0	config/locales/uz.yml
1	0	config/locales/vi.yml
1	0	config/locales/zh-hk.yml
1	0	config/locales/zh-tw.yml
1	0	config/locales/zh.yml
0	1	features/detailed-guides.feature
0	2	features/policies.feature
1	1	test/functional/case_studies_controller_test.rb
2	2	test/functional/fatality_notices_controller_test.rb
2	2	test/functional/news_articles_controller_test.rb
1	1	test/functional/policies_controller_test.rb
1	1	test/functional/publications_controller_test.rb
1	1	test/functional/supporting_pages_controller_test.rb
2	2	test/functional/world_location_news_articles_controller_test.rb
0	1	test/functional/worldwide_priorities_controller_test.rb

--4e586002fe--2014-09-24--Tekin Suleyman
--9bf852d557--2014-09-23--Tekin Suleyman
7	2	README.md

--ec722f8d57--2014-09-23--Tekin Suleyman
1	0	docs/misc/inside-government-i18n-notes.md

--555f862fd3--2014-09-22--Tekin Suleyman
51	40	config/locales/ar.yml
54	55	config/locales/az.yml
47	40	config/locales/be.yml
40	41	config/locales/bg.yml
44	44	config/locales/bn.yml
42	40	config/locales/cs.yml
52	40	config/locales/cy.yml
40	41	config/locales/de.yml
39	40	config/locales/dr.yml
40	41	config/locales/el.yml
40	41	config/locales/es-419.yml
40	41	config/locales/es.yml
54	55	config/locales/fa.yml
40	41	config/locales/fr.yml
44	39	config/locales/he.yml
40	41	config/locales/hi.yml
54	55	config/locales/hu.yml
42	42	config/locales/hy.yml
54	55	config/locales/id.yml
41	42	config/locales/it.yml
53	54	config/locales/ja.yml
54	54	config/locales/ka.yml
53	54	config/locales/ko.yml
42	40	config/locales/lt.yml
40	41	config/locales/lv.yml
54	54	config/locales/ms.yml
46	41	config/locales/pl.yml
40	41	config/locales/ps.yml
40	41	config/locales/pt.yml
44	41	config/locales/ro.yml
46	41	config/locales/ru.yml
38	39	config/locales/si.yml
52	49	config/locales/sk.yml
41	42	config/locales/so.yml
39	40	config/locales/sq.yml
47	41	config/locales/sr.yml
44	44	config/locales/sw.yml
44	43	config/locales/ta.yml
54	55	config/locales/th.yml
44	44	config/locales/tk.yml
54	55	config/locales/tr.yml
46	42	config/locales/uk.yml
40	41	config/locales/ur.yml
40	41	config/locales/uz.yml
55	55	config/locales/vi.yml
53	54	config/locales/zh-hk.yml
53	54	config/locales/zh-tw.yml
53	54	config/locales/zh.yml

--a1fdb756fc--2014-09-22--Tekin Suleyman
1	1	app/helpers/translation_helper.rb
46	45	config/locales/ar.yml
46	45	config/locales/az.yml
44	45	config/locales/be.yml
46	45	config/locales/bg.yml
45	45	config/locales/bn.yml
46	45	config/locales/cs.yml
46	45	config/locales/cy.yml
46	45	config/locales/de.yml
46	45	config/locales/dr.yml
46	45	config/locales/el.yml
45	44	config/locales/en.yml
46	45	config/locales/es-419.yml
46	45	config/locales/es.yml
46	45	config/locales/fa.yml
46	45	config/locales/fr.yml
46	45	config/locales/he.yml
46	45	config/locales/hi.yml
46	45	config/locales/hu.yml
46	45	config/locales/hy.yml
46	45	config/locales/id.yml
46	45	config/locales/it.yml
46	45	config/locales/ja.yml
45	45	config/locales/ka.yml
46	45	config/locales/ko.yml
46	45	config/locales/lt.yml
46	45	config/locales/lv.yml
45	45	config/locales/ms.yml
46	45	config/locales/pl.yml
46	45	config/locales/ps.yml
46	45	config/locales/pt.yml
46	45	config/locales/ro.yml
46	45	config/locales/ru.yml
46	45	config/locales/si.yml
45	45	config/locales/sk.yml
46	45	config/locales/so.yml
46	45	config/locales/sq.yml
48	51	config/locales/sr.yml
45	45	config/locales/sw.yml
46	45	config/locales/ta.yml
46	45	config/locales/th.yml
45	45	config/locales/tk.yml
46	45	config/locales/tr.yml
46	45	config/locales/uk.yml
46	45	config/locales/ur.yml
46	45	config/locales/uz.yml
46	45	config/locales/vi.yml
46	45	config/locales/zh-hk.yml
46	45	config/locales/zh-tw.yml
46	45	config/locales/zh.yml

--ddc733371f--2014-09-22--Tekin Suleyman
0	2	config/locales/ar.yml
0	2	config/locales/az.yml
0	2	config/locales/be.yml
0	2	config/locales/bg.yml
0	2	config/locales/bn.yml
0	2	config/locales/cs.yml
0	2	config/locales/cy.yml
0	2	config/locales/de.yml
0	2	config/locales/dr.yml
0	2	config/locales/el.yml
0	2	config/locales/en.yml
0	2	config/locales/es-419.yml
0	2	config/locales/es.yml
0	2	config/locales/fa.yml
0	2	config/locales/fr.yml
0	2	config/locales/he.yml
0	2	config/locales/hi.yml
0	2	config/locales/hu.yml
0	2	config/locales/hy.yml
0	2	config/locales/id.yml
0	2	config/locales/it.yml
0	2	config/locales/ja.yml
0	2	config/locales/ka.yml
0	2	config/locales/ko.yml
0	2	config/locales/lt.yml
0	2	config/locales/lv.yml
0	2	config/locales/ms.yml
0	2	config/locales/pl.yml
0	2	config/locales/ps.yml
0	2	config/locales/pt.yml
0	2	config/locales/ro.yml
0	2	config/locales/ru.yml
0	2	config/locales/si.yml
0	2	config/locales/sk.yml
0	2	config/locales/so.yml
0	2	config/locales/sq.yml
0	2	config/locales/sr.yml
0	2	config/locales/sw.yml
0	2	config/locales/ta.yml
0	2	config/locales/th.yml
0	2	config/locales/tk.yml
0	2	config/locales/tr.yml
0	2	config/locales/uk.yml
0	2	config/locales/ur.yml
0	2	config/locales/uz.yml
0	2	config/locales/vi.yml
0	2	config/locales/zh-hk.yml
0	2	config/locales/zh-tw.yml
0	2	config/locales/zh.yml

--78bae832f4--2014-09-22--Tekin Suleyman
2	2	app/views/detailed_guides/_document_contextual.html.erb
6	6	app/views/detailed_guides/show.html.erb
9	8	config/locales/ar.yml
9	8	config/locales/az.yml
9	8	config/locales/be.yml
9	8	config/locales/bg.yml
9	8	config/locales/bn.yml
9	8	config/locales/cs.yml
9	8	config/locales/cy.yml
9	8	config/locales/de.yml
9	8	config/locales/dr.yml
9	8	config/locales/el.yml
9	8	config/locales/en.yml
9	8	config/locales/es-419.yml
9	8	config/locales/es.yml
9	8	config/locales/fa.yml
9	8	config/locales/fr.yml
9	8	config/locales/he.yml
9	8	config/locales/hi.yml
9	8	config/locales/hu.yml
9	8	config/locales/hy.yml
9	8	config/locales/id.yml
9	8	config/locales/it.yml
9	8	config/locales/ja.yml
9	8	config/locales/ka.yml
9	8	config/locales/ko.yml
9	8	config/locales/lt.yml
9	8	config/locales/lv.yml
9	8	config/locales/ms.yml
9	8	config/locales/pl.yml
9	8	config/locales/ps.yml
9	8	config/locales/pt.yml
9	8	config/locales/ro.yml
9	8	config/locales/ru.yml
9	8	config/locales/si.yml
9	8	config/locales/sk.yml
9	8	config/locales/so.yml
9	8	config/locales/sq.yml
9	8	config/locales/sr.yml
9	8	config/locales/sw.yml
9	8	config/locales/ta.yml
9	8	config/locales/th.yml
9	8	config/locales/tk.yml
9	8	config/locales/tr.yml
9	8	config/locales/uk.yml
9	8	config/locales/ur.yml
9	8	config/locales/uz.yml
9	8	config/locales/vi.yml
9	8	config/locales/zh-hk.yml
9	8	config/locales/zh-tw.yml
9	8	config/locales/zh.yml