--ac4632bd9c--2014-08-29--Daniel Roseman
--de033e8a9c--2014-08-29--Richard Boulton
--00ce05e4ce--2014-08-29--Daniel Roseman
0	3	app/views/admin/organisations/_form.html.erb
2	3	app/views/admin/organisations/new.html.erb

--5a69f5f12d--2014-08-28--Richard Boulton
8	0	app/controllers/application_controller.rb
10	0	app/models/organisation.rb
41	0	test/functional/application_controller_search_parameters_test.rb

--576b236e7c--2014-08-28--Richard Boulton
1	1	Gemfile
3	3	Gemfile.lock

--ec83c2ea3e--2014-08-29--Alex Tomlins
--6ca8bb7fb4--2014-08-29--Paul Hayes
11	7	app/assets/javascripts/admin/views/statistics_announcement_dates/_form.js

--7ede873917--2014-08-29--Daniel Roseman
1	0	features/organisations.feature
5	0	features/step_definitions/session_steps.rb
5	0	test/factories/users.rb
25	1	test/functional/admin/organisations_controller_test.rb
21	0	test/unit/whitehall/authority/gds_admin_test.rb

--ee4e0211d4--2014-08-29--Daniel Roseman
5	0	app/controllers/admin/organisations_controller.rb
3	2	app/views/admin/organisations/index.html.erb
2	0	lib/whitehall/authority/rules/organisation_rules.rb

--566cd00c38--2014-08-28--Daniel Roseman
5	0	app/models/user.rb

--3c21e60c16--2014-08-28--Tom Russell
--15eecff9d2--2014-08-28--Tom Russell
7	0	app/assets/stylesheets/frontend/views/_html-publications.scss

--c125df819c--2014-08-14--Dominic Baggott
8	0	app/assets/stylesheets/frontend/helpers/_govspeak.scss

--331342c74e--2014-08-13--Tom Russell
30	0	db/migrate/20140820093930_update_attachment_legislative_list_syntax.rb
1	1	db/schema.rb

--da6468701b--2014-08-14--Dominic Baggott
6	1	Gemfile