--4a6aeef3bf--2014-07-24--Pedro Moreira
--f5eae0ad26--2014-07-24--Daniel Roseman
--3a764bfc67--2014-07-23--Tekin Suleyman
--cd168f6de6--2014-07-23--Pedro Moreira
3	11	app/controllers/services_and_information_controller.rb

--3ce8d5a123--2014-07-23--Pedro Moreira
3	0	app/assets/stylesheets/frontend/views/_services-and-information.scss

--7c1388e647--2014-07-22--Pedro Moreira
1	1	app/models/services_and_information_finder.rb
1	1	test/unit/services_and_information_finder_test.rb

--0a150a08ce--2014-07-22--Pedro Moreira
1	1	Gemfile
3	2	Gemfile.lock
13	1	app/controllers/services_and_information_controller.rb
6	3	features/services_and_information.feature
4	0	features/step_definitions/organisation_steps.rb
6	0	features/step_definitions/services_and_information_steps.rb
6	0	features/support/services_and_information_helper.rb

--2c07195ce0--2014-07-22--Tekin Suleyman
31	3	app/controllers/healthcheck_controller.rb
23	6	test/functional/healthcheck_controller_test.rb
2	0	test/support/sidekiq_test_helpers.rb

--8f48a334f4--2014-07-22--Tekin Suleyman
6	2	app/workers/scheduled_publishing_worker.rb

--d8de371021--2014-07-17--Tekin Suleyman
14	0	lib/tasks/scheduled_publishing.rake

--04fd9384c5--2014-07-22--Daniel Roseman
0	4	app/helpers/application_helper.rb
5	5	app/models/role.rb
1	1	app/presenters/role_type_presenter.rb
1	1	app/views/admin/roles/_form.html.erb
1	1	app/views/admin/roles/index.html.erb

--a2cde3d476--2014-07-21--Daniel Roseman
2	2	features/step_definitions/role_steps.rb
1	1	test/unit/person_test.rb
17	17	test/unit/presenters/role_type_presenter_test.rb
1	1	test/unit/role_appointment_test.rb
1	1	test/unit/role_test.rb

--ca12eed080--2014-07-21--Daniel Roseman
4	1	app/presenters/role_type_presenter.rb

--871c5e0042--2014-07-21--Daniel Roseman
2	2	test/factories/roles.rb
20	20	test/functional/admin/roles_controller_test.rb

--4455c4183c--2014-07-21--Daniel Roseman
8	0	app/helpers/admin/roles_helper.rb
3	4	app/views/admin/roles/_form.html.erb

--3db4ba6ccf--2014-07-21--Daniel Roseman
4	10	app/controllers/admin/roles_controller.rb
14	0	app/models/role.rb
4	4	app/presenters/role_type_presenter.rb

--eef702e777--2014-07-21--Daniel Roseman
5	0	db/migrate/20140718100954_drop_default_role_type.rb
5	5	db/schema.rb

--c346cb0e3d--2014-07-15--Tekin Suleyman
4	2	features/support/without_delay_helper.rb
13	0	test/support/sidekiq_test_helpers.rb
6	9	test/unit/workers/scheduled_publishing_worker_test.rb

--d57bd55c1a--2014-07-15--Tekin Suleyman
8	0	app/workers/scheduled_publishing_worker.rb
23	0	test/unit/workers/scheduled_publishing_worker_test.rb

--8ca68cdfc1--2014-07-15--Tekin Suleyman
1	0	config/initializers/sidekiq.rb

--3d9c50fce7--2014-07-15--Tekin Suleyman
1	0	app/workers/scheduled_publishing_worker.rb
1	0	config/sidekiq.yml

--c746ad3b2d--2014-07-10--Tekin Suleyman
15	0	features/scheduled-publishing.feature
24	0	features/step_definitions/scheduled_publishing_steps.rb
20	0	features/support/scheduled_publishing_helper.rb
7	0	features/support/without_delay_helper.rb

--47d3df3b55--2014-07-10--Tekin Suleyman
1	1	Gemfile
6	6	Gemfile.lock
2	0	app/workers/scheduled_publishing_worker.rb

--e527d42359--2014-07-10--Tekin Suleyman
0	34	app/workers/edition_publishing_worker.rb
0	5	config/initializers/scheduled_publishing.rb
0	6	config/initializers/stats_collector.rb
0	7	config/schedule.rb
0	106	lib/scheduled_editions_publisher.rb
0	9	lib/tasks/scheduled_publishing.rake
0	1	lib/whitehall.rb
0	39	test/unit/edition_publishing_worker_test.rb
0	138	test/unit/scheduled_editions_publisher_test.rb

--88d04784ce--2014-07-10--Tekin Suleyman
14	10	test/functional/admin/edition_workflow_controller_test.rb
3	2	test/functional/documents_controller_test.rb
18	12	test/unit/edition_test.rb
6	4	test/unit/services/edition_force_scheduler_test.rb

--d774483914--2014-07-09--Tekin Suleyman
5	0	app/services/edition_unscheduler.rb
6	0	app/workers/scheduled_publishing_worker.rb
5	3	test/unit/services/edition_unscheduler_test.rb
22	0	test/unit/workers/scheduled_publishing_worker_test.rb

--bb0f1d4c33--2014-07-09--Tekin Suleyman
5	0	app/services/edition_scheduler.rb
24	0	app/workers/scheduled_publishing_worker.rb
9	3	test/unit/services/edition_scheduler_test.rb
39	0	test/unit/workers/scheduled_publishing_worker_test.rb