--cfa6314b31--2014-06-10--Tekin Suleyman
--3fddbd3eb0--2014-06-10--Tekin Suleyman
--f3cffb18ba--2014-06-10--Tekin Suleyman
--57b83ab5c4--2014-06-10--Will Tomlins
1	1	app/views/shared/_govspeak_header_contents.html.erb

--b50032b0d4--2014-06-10--Will Tomlins
2	8	app/controllers/home_controller.rb
4	0	test/factories/organisations.rb
20	0	test/functional/home_controller_test.rb

--ef43662113--2014-06-10--Bradley Wright
--85511411e5--2014-06-10--Camille Baldock
2	0	app/helpers/organisation_helper.rb

--586e5583c1--2014-06-10--Tekin Suleyman
--1207f81b4c--2014-06-10--Stuart Gale
1	1	app/models/image_data.rb
6	38	app/validators/image_validator.rb
-	-	test/fixtures/happy.49x49.jpg
-	-	test/fixtures/wide-field-IR-survey.1000x1000.jpg
3	16	test/support/admin_edition_controller_test_helpers.rb

--5bdc8f6d45--2014-06-10--Tekin Suleyman
4	4	test/javascripts/unit/admin/views/roles/_form_test.js

--79f907fa8a--2014-06-10--Richard Boulton
--41be9bf74a--2014-06-10--Tekin Suleyman
2	2	app/models/organisation.rb
2	1	app/models/{superseding_organisation_association.rb => organisation_supersession.rb}

--21b3c3ed14--2014-06-10--Tekin Suleyman
0	6	app/models/role.rb

--d924d6452e--2014-06-10--Tekin Suleyman
13	6	app/helpers/ministerial_roles_helper.rb
1	1	app/views/ministerial_roles/show.html.erb
27	16	test/unit/helpers/ministerial_roles_helper_test.rb

--fd5eb6a24d--2014-06-09--Tekin Suleyman
30	30	app/models/role.rb

--7e68bf2a34--2014-06-09--Tekin Suleyman
16	16	app/assets/javascripts/admin/views/roles/_form.js
1	1	app/controllers/admin/roles_controller.rb
4	0	app/helpers/admin/roles_helper.rb
11	42	app/models/role.rb
1	5	app/views/admin/roles/_form.html.erb
4	2	db/data_migration/20140602143022_mark_roles_as_active_or_inactive.rb
4	4	db/migrate/20140528111748_add_status_to_roles.rb
1	1	db/schema.rb
2	4	features/step_definitions/role_steps.rb
21	25	test/javascripts/unit/admin/views/roles/_form_test.js
8	9	test/unit/helpers/ministerial_roles_helper_test.rb
25	58	test/unit/role_test.rb

--dad78685f9--2014-06-09--Daniel Roseman
2	2	app/helpers/public_document_routes_helper.rb
1	1	test/unit/helpers/public_document_routes_helper_test.rb

--5733c4e235--2014-06-09--Tekin Suleyman
1	1	app/models/role.rb
1	1	app/views/ministerial_roles/show.html.erb

--ded500161c--2014-06-09--Tekin Suleyman
2	2	app/models/role.rb
1	2	app/models/{superseding_role_association.rb => role_supersession.rb}
6	5	db/migrate/{20140528111748_add_closed_status_to_roles.rb => 20140528111748_add_status_to_roles.rb}
3	3	db/schema.rb

--4d72b98ee4--2014-06-09--Elliot Crosby-McCullough
--73b76fd98a--2014-06-09--GrouchPotato
--f392ad4f58--2014-06-06--David Thompson
--f0b829f972--2014-05-28--Camille Baldock
73	0	app/assets/javascripts/admin/views/roles/_form.js
4	2	app/controllers/admin/roles_controller.rb
37	0	app/helpers/ministerial_roles_helper.rb
2	2	app/models/organisation.rb
73	0	app/models/role.rb
5	0	app/models/superseding_organisation_association.rb
5	0	app/models/superseding_role_association.rb
16	0	app/views/admin/roles/_form.html.erb
1	1	app/views/ministerial_roles/show.html.erb
2	0	db/data_migration/20140602143022_mark_roles_as_active_or_inactive.rb
20	0	db/migrate/20140528111748_add_closed_status_to_roles.rb
12	1	db/schema.rb
13	0	features/roles.feature
38	0	features/step_definitions/role_steps.rb
1	1	features/support/role_appointments_helper.rb
1	0	test/factories/ambassador_roles.rb
1	0	test/factories/board_member_roles.rb
1	0	test/factories/chief_professional_officers.rb
1	0	test/factories/chief_scientific_advisor_roles.rb
1	0	test/factories/deputy_head_of_mission_roles.rb
1	0	test/factories/governor_roles.rb
1	0	test/factories/high_commissioner_roles.rb
1	0	test/factories/military_roles.rb
1	0	test/factories/ministerial_roles.rb
1	0	test/factories/roles.rb
1	0	test/factories/special_representative_roles.rb
1	0	test/factories/traffic_commissioner_roles.rb
1	0	test/factories/worldwide_office_staff_roles.rb
64	0	test/javascripts/unit/admin/views/roles/_form_test.js
49	0	test/unit/helpers/ministerial_roles_helper_test.rb
120	0	test/unit/role_test.rb

--7b9b4835fc--2014-06-06--Bradley Wright
1	0	app/helpers/document_helper.rb
1	1	app/uploaders/attachment_uploader.rb
2	0	config/initializers/mime_types.rb
1	1	test/unit/attachment_uploader_test.rb

--c3de2da2be--2014-06-06--russell thorn
0	30	app/models/organisation.rb

--587b8eb636--2014-06-06--Richard Boulton
--429152d3ff--2014-06-06--Stuart Gale
19	6	app/validators/image_validator.rb
-	-	test/fixtures/wide-field-IR-survey.1000x1000.jpg
15	2	test/support/admin_edition_controller_test_helpers.rb

--790a74db2b--2014-06-06--Edd Sowden
1	1	app/views/attachments/preview.html.erb
1	1	app/views/organisations/_organisations_name_list.html.erb
1	1	app/views/statistics_announcements/show.html.erb
16	0	test/functional/attachments_controller_test.rb
5	3	test/functional/topics_controller_test.rb

--1234ddc5aa--2014-06-06--Camille Baldock
--3829ee4f04--2014-06-06--Camille Baldock
--0ffc94e9e9--2014-06-04--Will Tomlins
0	29	app/assets/stylesheets/frontend/views/_organisations.scss

--f3fe848806--2014-06-04--Will Tomlins
5	0	app/assets/stylesheets/frontend/views/_organisations.scss
11	0	app/views/organisations/_header.html.erb
7	7	test/functional/organisations_controller_test.rb

--b6a91295d8--2014-06-04--Will Tomlins
0	74	app/assets/stylesheets/frontend/views/_organisations.scss
1	19	app/views/organisations/_header.html.erb
23	33	app/views/organisations/show.html.erb

--b754ad57e5--2014-06-05--Will Tomlins
1	1	app/assets/stylesheets/frontend/helpers/_filter-form-block.scss

--9f709bdc87--2014-06-05--Stuart Gale
1	1	app/models/image_data.rb
26	7	app/validators/image_validator.rb
1	1	test/support/admin_edition_controller_test_helpers.rb

--be336e164f--2014-06-04--Stuart Gale
1	1	app/models/image_data.rb
1	1	app/validators/image_validator.rb
-	-	test/fixtures/happy.49x49.jpg
2	2	test/support/admin_edition_controller_test_helpers.rb

--2c17a28687--2014-06-05--Jack Scotti
0	4	app/models/corporate_information_page_type.rb
8	2	features/step_definitions/corporate_information_page_steps.rb

--c082c26563--2014-06-05--Jack Scotti
23	21	app/models/corporate_information_page_type.rb
1	1	app/views/admin/edition_translations/edit.html.erb
15	0	config/locales/ar.yml
15	0	config/locales/az.yml
15	0	config/locales/be.yml
15	0	config/locales/bg.yml
15	0	config/locales/bn.yml
15	0	config/locales/cs.yml
15	0	config/locales/cy.yml
15	0	config/locales/de.yml
15	0	config/locales/dr.yml
15	0	config/locales/el.yml
16	1	config/locales/en.yml
15	0	config/locales/es-419.yml
15	0	config/locales/es.yml
15	0	config/locales/fa.yml
15	0	config/locales/fr.yml
15	0	config/locales/he.yml
15	0	config/locales/hi.yml
15	0	config/locales/hu.yml
15	0	config/locales/hy.yml
15	0	config/locales/id.yml
15	0	config/locales/it.yml
15	0	config/locales/ja.yml
15	0	config/locales/ka.yml
15	0	config/locales/ko.yml
15	0	config/locales/lt.yml
15	0	config/locales/lv.yml
15	0	config/locales/ms.yml
15	0	config/locales/pl.yml
15	0	config/locales/ps.yml
15	0	config/locales/pt.yml
15	0	config/locales/ro.yml
15	0	config/locales/ru.yml
15	0	config/locales/si.yml
15	0	config/locales/sk.yml
15	0	config/locales/so.yml
15	0	config/locales/sq.yml
15	0	config/locales/sr.yml
15	0	config/locales/sw.yml
15	0	config/locales/ta.yml
15	0	config/locales/th.yml
15	0	config/locales/tk.yml
15	0	config/locales/tr.yml
15	0	config/locales/uk.yml
15	0	config/locales/ur.yml
15	0	config/locales/uz.yml
15	0	config/locales/vi.yml
15	0	config/locales/zh-hk.yml
15	0	config/locales/zh-tw.yml
15	0	config/locales/zh.yml
8	0	test/functional/admin/edition_translations_controller_test.rb
8	0	test/unit/corporate_information_page_test.rb