--7e3c76861f--2014-05-15--Tekin Suleyman
--e14d6d3a32--2014-05-14--Daniel Roseman
1	1	app/models/corporate_information_page.rb
11	28	db/migrate/20140411103155_convert_about_pages_to_editions.rb

--4041e55193--2014-05-14--Daniel Roseman
36	0	app/models/has_corporate_information_pages.rb
2	30	app/models/organisation.rb
2	21	app/models/worldwide_organisation.rb

--69591e1595--2014-05-14--Daniel Roseman
11	0	db/pending_migration_cleanups/20140514124304_remove_about_us_from_organisation_translations.rb
11	0	db/pending_migration_cleanups/20140514125051_remove_body_from_worldwide_organisation_translations.rb

--b1b06f02b7--2014-05-14--Daniel Roseman
1	1	app/models/worldwide_organisation.rb
0	11	app/presenters/api/worldwide_organisation_presenter.rb
1	1	app/views/admin/worldwide_organisations/show.html.erb
6	4	test/functional/admin/worldwide_organisations_controller_test.rb
1	23	test/unit/presenters/api/worldwide_organisation_presenter_test.rb

--fa9035891a--2014-05-14--Daniel Roseman
30	32	app/helpers/public_document_routes_helper.rb
17	0	test/unit/helpers/public_document_routes_helper_test.rb

--c2ea46a59c--2014-05-14--Edd Sowden
--d3830b782d--2014-05-14--David Thompson
--6103e64d21--2014-05-14--Tekin Suleyman
4	0	app/models/worldwide_organisation.rb
5	0	test/unit/helpers/organisation_helper_test.rb

--92262523b3--2014-05-13--russell thorn
8	0	app/assets/stylesheets/frontend/views/_people.scss

--3f10d33b9d--2014-05-13--Tekin Suleyman
2	2	app/controllers/corporate_information_pages_controller.rb

--617555a58d--2014-05-13--Bradley Wright
--ce413f8b7c--2014-05-13--Alex Muller
1	1	app/views/home/how_government_works.html.erb

--d7c42f94dd--2014-05-13--Alex Tomlins
--50256fb046--2014-05-12--Daniel Roseman
0	5	features/step_definitions/organisation_steps.rb
6	2	features/step_definitions/translated_content_steps.rb
2	11	features/step_definitions/worldwide_organisation_steps.rb
0	2	features/support/organisation_helper.rb
1	1	features/support/paths.rb
0	6	features/support/worldwide_organisations_helper.rb
1	14	features/worldwide-organisations.feature

--34c6a80a95--2014-05-12--Tekin Suleyman
2	2	config/initializers/edition_services.rb

--f166e001f0--2014-05-12--Tekin Suleyman
7	1	lib/whitehall/search_index.rb
15	6	test/unit/whitehall/search_index_test.rb

--5fadd1e815--2014-05-12--Daniel Roseman
4	0	test/factories/corporate_information_pages.rb
0	13	test/functional/admin/organisations_controller_test.rb
1	5	test/functional/admin/worldwide_organisations_controller_test.rb
66	0	test/functional/corporate_information_pages_controller_test.rb
9	97	test/functional/organisations_controller_test.rb
2	1	test/functional/worldwide_organisations_controller_test.rb
2	1	test/support/organisation_controller_test_helpers.rb

--1be1339088--2014-05-08--Daniel Roseman
1	1	app/controllers/admin/organisation_translations_controller.rb
0	2	app/views/admin/organisation_translations/edit.html.erb
0	6	app/views/admin/worldwide_organisations_translations/edit.html.erb
0	2	test/factories/worldwide_organisations.rb
3	17	test/functional/admin/organisation_translations_controller_test.rb
1	19	test/functional/admin/worldwide_organisations_translations_controller_test.rb

--54d880eb5a--2014-05-01--Daniel Roseman
14	12	test/unit/models/organisation_test.rb
1	0	test/unit/presenters/api/worldwide_organisation_presenter_test.rb
2	2	test/unit/validators/no_footnotes_in_govspeak_validator_test.rb
3	11	test/unit/worldwide_organisation_test.rb

--42d6201a18--2014-05-01--Daniel Roseman
1	1	app/models/corporate_information_page_type.rb
4	4	app/models/organisation.rb
4	4	app/models/worldwide_organisation.rb
8	5	app/views/corporate_information_pages/index.html.erb

--e32e48b6c4--2014-04-30--Daniel Roseman
2	5	app/controllers/admin/organisations_controller.rb
1	1	app/controllers/admin/worldwide_organisations_controller.rb
0	1	app/helpers/admin/organisation_helper.rb
21	7	app/helpers/public_document_routes_helper.rb
4	0	app/models/corporate_information_page.rb
0	5	app/views/admin/organisations/_form.html.erb
0	18	app/views/admin/organisations/about.html.erb
1	1	app/views/admin/organisations/show.html.erb
0	3	app/views/admin/worldwide_organisations/_form.html.erb
0	6	app/views/admin/worldwide_organisations/show.html.erb
0	1	config/routes.rb

--cffc7ff6e9--2014-04-23--Daniel Roseman
1	1	app/assets/stylesheets/frontend/views/_worldwide_organisations.scss
13	0	app/models/worldwide_organisation.rb
1	12	app/views/worldwide_organisations/show.html.erb

--3712c58454--2014-04-23--Daniel Roseman
7	0	app/controllers/corporate_information_pages_controller.rb
3	7	app/controllers/organisations_controller.rb
1	0	app/models/edition.rb
20	1	app/models/organisation.rb
16	15	app/views/{organisations/about.html.erb => corporate_information_pages/index.html.erb}
1	1	app/views/organisations/not_live.html.erb
2	2	app/views/organisations/show-promotional.html.erb
5	5	app/views/organisations/show.html.erb
1	2	config/routes.rb

--b12e7bf5cb--2014-04-23--Daniel Roseman
3	0	app/models/corporate_information_page_type.rb
2	3	app/models/organisation.rb
1	2	app/models/worldwide_organisation.rb
88	0	db/migrate/20140411103155_convert_about_pages_to_editions.rb