--cdd9388feb--2014-03-24--Tekin Suleyman
--400f110b3c--2014-03-20--Vinay Patel
8	0	features/admin-highlight-words-to-avoid.feature
1	1	features/step_definitions/corporate_information_page_steps.rb
10	2	features/step_definitions/document_steps.rb

--57bec2ece6--2014-03-20--Vinay Patel
1	0	app/assets/javascripts/admin.js
69	0	app/assets/javascripts/admin/modules/words_to_avoid_highlighter.js
21	0	app/assets/javascripts/vendor/jquery/jquery-debounce.js
5	0	app/assets/stylesheets/admin/alerts.scss
5	0	app/views/admin/editions/_words_to_avoid_guidance.html.erb

--d39d26fbdd--2014-03-20--Vinay Patel
1	0	app/assets/javascripts/admin.js
446	0	app/assets/javascripts/vendor/jquery/jquery.highlighttextarea.js
1	0	app/assets/stylesheets/admin.css
48	0	app/assets/stylesheets/vendor/jquery.highlighttextarea.css

--cc361d9542--2014-03-20--Vinay Patel
1	0	app/assets/stylesheets/admin/base.scss
6	0	app/assets/stylesheets/admin/views/_edition_edit_help.scss
11	4	app/helpers/admin/sidebar_helper.rb
2	2	app/views/admin/editions/_govspeak_help.html.erb
55	0	app/views/admin/editions/_words_to_avoid_guidance.html.erb
3	0	app/views/admin/editions/edit.html.erb
1	1	app/views/admin/roles/edit.html.erb

--f4909f8fb4--2014-03-24--Alex Tomlins
--b6cc900fb5--2014-03-21--Vinay Patel
2	0	Gemfile
9	0	Gemfile.lock