--415b43f9df--2013-11-23--Dominic Baggott
--195ab612f1--2013-11-22--Tekin Suleyman
2	0	test/unit/csv_preview_test.rb

--ba5ae72543--2013-11-22--Tekin Suleyman
1	2	app/models/csv_preview.rb

--5ccaff426b--2013-11-22--Elliot Crosby-McCullough
--8876b18746--2013-11-22--Elliot Crosby-McCullough
--3674cfaeef--2013-11-22--Dominic Baggott
--9ef5688f21--2013-11-22--Dominic Baggott
--80dc3004d1--2013-11-22--Elliot Crosby-McCullough
--1ed3dfdd79--2013-11-22--layam
--21482fec5d--2013-11-22--Elliot Crosby-McCullough
1	1	.ruby-version

--8b123b6434--2013-11-22--Ben Firshman
2	0	app/controllers/operational_fields_controller.rb
10	1	test/functional/operational_fields_controller_test.rb

--65e772fc3b--2013-11-21--Ben Firshman
1	0	app/controllers/detailed_guides_controller.rb
1	0	app/controllers/document_collections_controller.rb
1	0	app/controllers/world_location_news_articles_controller.rb
1	0	app/controllers/worldwide_priorities_controller.rb
1	0	test/functional/detailed_guides_controller_test.rb
2	0	test/functional/document_collections_controller_test.rb
1	0	test/functional/worldwide_priorities_controller_test.rb

--6cc2a535b7--2013-11-21--Ben Firshman
1	2	app/controllers/case_studies_controller.rb
1	2	app/controllers/consultations_controller.rb
4	1	app/controllers/documents_controller.rb
1	2	app/controllers/fatality_notices_controller.rb
1	2	app/controllers/news_articles_controller.rb
1	2	app/controllers/policies_controller.rb
1	2	app/controllers/publications_controller.rb
1	2	app/controllers/speeches_controller.rb
1	0	test/functional/case_studies_controller_test.rb
1	0	test/functional/consultations_controller_test.rb
1	0	test/functional/fatality_notices_controller_test.rb
1	0	test/functional/news_articles_controller_test.rb
1	0	test/functional/policies_controller_test.rb
1	0	test/functional/publications_controller_test.rb
12	0	test/functional/speeches_controller_test.rb
12	0	test/support/document_controller_test_helpers.rb

--3bf91efd2d--2013-11-22--russell thorn
1	1	app/views/admin/speeches/_delivered_by_fields.html.erb

--472d77bfbd--2013-11-22--David Heath
--6051aaa9ec--2013-11-21--David Heath
8	103	db/data_migration/20131106163843_clean_up_bad_markdown_links.rb
121	0	lib/bad_markdown_link_cleaner.rb
43	0	test/unit/bad_markdown_link_cleaner_test.rb

--0cb2ad8831--2013-11-21--Dominic Baggott
1	1	app/controllers/admin/document_collection_groups_controller.rb
26	0	test/functional/admin/document_collection_groups_controller_test.rb

--ea3cec389b--2013-11-20--Dominic Baggott
1	1	app/views/admin/editions/_standard_fields.html.erb
1	1	app/views/admin/editions/_topic_fields.html.erb

--90fd75d4fd--2013-11-19--Dominic Baggott
3	3	app/models/edition/audit_trail.rb

--7db851b66d--2013-11-21--Dominic Baggott
0	4	lib/whitehall/uploader/case_study_row.rb
0	4	lib/whitehall/uploader/detailed_guide_row.rb
0	4	lib/whitehall/uploader/fatality_notice_row.rb
0	4	lib/whitehall/uploader/news_article_row.rb
4	0	lib/whitehall/uploader/row.rb
0	4	lib/whitehall/uploader/statistical_data_set_row.rb

--a3af52eeb1--2013-11-19--Dominic Baggott
21	14	features/importing-new-editions.feature
4	3	features/step_definitions/force_publishing_imports_steps.rb
3	1	lib/whitehall/uploader/consultation_row.rb
0	4	lib/whitehall/uploader/detailed_guide_row.rb
3	1	lib/whitehall/uploader/fatality_notice_row.rb
2	0	lib/whitehall/uploader/news_article_row.rb
2	0	lib/whitehall/uploader/publication_row.rb
4	0	lib/whitehall/uploader/row.rb
2	0	lib/whitehall/uploader/speech_row.rb
3	1	lib/whitehall/uploader/statistical_data_set_row.rb
6	1	test/support/csv_sample_helpers.rb
10	0	test/unit/import_test.rb
2	3	test/unit/uploader/consultation_row_test.rb
1	1	test/unit/uploader/news_article_row_test.rb

--555e483ebc--2013-11-19--Dominic Baggott
4	8	test/unit/helpers/application_helper_test.rb

--f25fd30361--2013-11-19--Dominic Baggott
7	9	lib/whitehall/uploader/case_study_row.rb
12	15	lib/whitehall/uploader/consultation_row.rb
12	12	lib/whitehall/uploader/detailed_guide_row.rb
10	6	lib/whitehall/uploader/fatality_notice_row.rb
11	6	lib/whitehall/uploader/news_article_row.rb
16	11	lib/whitehall/uploader/publication_row.rb
10	1	lib/whitehall/uploader/row.rb
12	7	lib/whitehall/uploader/speech_row.rb
13	10	lib/whitehall/uploader/statistical_data_set_row.rb

--c9bbcb60fd--2013-11-18--Dominic Baggott
14	2	app/models/edition/topics.rb

--32d12eb67b--2013-11-15--Dominic Baggott
4	2	test/functional/admin/document_collections_controller_test.rb
4	2	test/functional/admin/world_location_news_articles_controller_test.rb
6	0	test/support/document_controller_test_helpers.rb

--5445d468f4--2013-11-15--Dominic Baggott
4	0	app/models/classification_membership.rb

--ff757484d1--2013-11-15--Dominic Baggott
1	1	app/views/admin/editions/_topic_fields.html.erb
2	8	features/step_definitions/document_collection_steps.rb
16	0	features/support/document_helper.rb

--de2de92712--2013-11-15--Dominic Baggott
1	1	test/factories/consultations.rb
1	1	test/factories/detailed_guides.rb
1	1	test/factories/document_collection.rb
9	0	test/factories/editions.rb
1	1	test/factories/fatality_notices.rb
1	1	test/factories/news_articles.rb
1	1	test/factories/policies.rb
1	1	test/factories/publications.rb
1	1	test/factories/speeches.rb
1	1	test/factories/statistical_data_sets.rb
1	1	test/factories/world_location_news_articles.rb

--382df231a0--2013-11-15--Dominic Baggott
30	4	test/unit/edition/topics_test.rb

--e7f9c490a1--2013-11-15--Dominic Baggott
11	0	app/assets/stylesheets/admin/document.scss
8	0	app/controllers/admin/editions_controller.rb
21	0	app/models/edition/topics.rb
8	0	app/views/admin/editions/_topic_fields.html.erb

--8b5c5861f0--2013-11-15--Dominic Baggott
1	1	app/models/edition/topics.rb

--294debebed--2013-11-14--Dominic Baggott
1	0	app/models/edition/topics.rb
7	0	app/models/topic_suggestion.rb
12	0	db/migrate/20131114150701_create_topic_suggestions.rb
9	0	db/schema.rb

--7314aaf6ab--2013-11-14--Dominic Baggott
6	6	app/models/classification.rb

--f0f442d048--2013-11-14--Dominic Baggott
1	1	app/controllers/classifications_controller.rb
1	1	app/controllers/organisations_controller.rb
0	7	app/models/classification.rb
0	9	app/models/classification_membership.rb
0	6	app/models/edition/topics.rb
1	1	app/models/email_signup.rb
6	0	db/pending_migration_cleanups/20131114142543_drop_cached_counts_from_classifications.rb
1	12	test/functional/organisations_controller_test.rb
0	9	test/functional/topics_controller_test.rb
0	13	test/unit/email_signup_test.rb
0	53	test/unit/topic_test.rb

--f56165ddf7--2013-11-14--Dominic Baggott
1	1	app/controllers/admin/classifications_controller.rb
0	1	app/views/admin/topics/_table_header.html.erb
0	1	app/views/admin/topics/_topic.html.erb

--cd80fec621--2013-11-21--Tekin Suleyman
2	2	app/models/attachment_visibility.rb

--d6aae9576e--2013-11-21--Tekin Suleyman
1	1	features/step_definitions/attachment_preview_steps.rb

--9273396baa--2013-11-21--Tekin Suleyman
0	1	Gemfile
0	2	Gemfile.lock
21	4	app/models/csv_preview.rb
0	0	test/fixtures/{iso-encoded.csv => csv_encodings/iso-8859-1.csv}
3	0	test/fixtures/csv_encodings/utf-8.csv
2	0	test/fixtures/csv_encodings/windows-1252.csv
13	6	test/unit/csv_preview_test.rb

--97c55d17ed--2013-11-21--Ben Firshman
1	0	app/assets/stylesheets/frontend/html-publication.scss
43	0	app/assets/stylesheets/frontend/views/_attachments-preview.scss
5	0	app/assets/stylesheets/frontend/views/_html-publications.scss
34	24	app/views/attachments/preview.html.erb

--4804f34f48--2013-11-21--Ben Firshman
15	0	app/assets/stylesheets/frontend/styleguide/_typography.scss
1	8	app/assets/stylesheets/frontend/views/_consultations.scss

--ec59a518d4--2013-11-21--Tekin Suleyman
14	7	app/models/csv_preview.rb
4	0	app/views/attachments/preview.html.erb
28	8	test/unit/csv_preview_test.rb

--80f8b2d5c6--2013-11-21--Tekin Suleyman
3	0	app/controllers/attachments_controller.rb
10	1	app/models/csv_preview.rb
20	15	app/views/attachments/preview.html.erb
17	0	test/functional/attachments_controller_test.rb
14	5	test/unit/csv_preview_test.rb

--72fbc3186e--2013-11-21--Tekin Suleyman
1	0	Gemfile
2	0	Gemfile.lock
11	5	app/models/csv_preview.rb
3	0	test/fixtures/iso-encoded.csv
20	1	test/unit/csv_preview_test.rb

--c3ff5cc156--2013-11-20--Ben Firshman
13	0	app/assets/stylesheets/frontend/helpers/_attachment.scss
7	2	app/views/documents/_attachment.html.erb

--bfd7d6e1c9--2013-11-21--Tekin Suleyman
--14512da57b--2013-11-21--Elliot Crosby-McCullough
4	0	app/models/edition/scheduled_publishing.rb
10	0	test/unit/edition/scheduled_publishing_test.rb

--5c112ceb84--2013-11-21--Dominic Baggott
--4dd8477bab--2013-11-21--Tekin Suleyman
4	1	app/services/edition_publisher.rb
12	0	test/unit/services/edition_publisher_test.rb

--667bb2affb--2013-11-21--Dominic Baggott
4	0	app/models/supporting_page.rb
9	0	test/unit/supporting_page_test.rb

--820a55701c--2013-11-20--russell thorn
2	2	config/locales/ar.yml
2	2	config/locales/az.yml
2	2	config/locales/be.yml
2	2	config/locales/bg.yml
2	2	config/locales/bn.yml
2	2	config/locales/cs.yml
2	2	config/locales/cy.yml
2	2	config/locales/de.yml
2	2	config/locales/dr.yml
2	2	config/locales/el.yml
1	1	config/locales/en.yml
2	2	config/locales/es-419.yml
2	2	config/locales/es.yml
2	2	config/locales/fa.yml
2	2	config/locales/fr.yml
2	2	config/locales/he.yml
2	2	config/locales/hi.yml
2	2	config/locales/hu.yml
2	2	config/locales/hy.yml
2	2	config/locales/id.yml
2	2	config/locales/it.yml
2	2	config/locales/ja.yml
2	2	config/locales/ka.yml
2	2	config/locales/ko.yml
2	2	config/locales/lt.yml
2	2	config/locales/lv.yml
2	2	config/locales/ms.yml
2	2	config/locales/pl.yml
2	2	config/locales/ps.yml
2	2	config/locales/pt.yml
2	2	config/locales/ro.yml
2	2	config/locales/ru.yml
2	2	config/locales/si.yml
2	2	config/locales/sk.yml
2	2	config/locales/so.yml
2	2	config/locales/sq.yml
2	2	config/locales/sr.yml
2	2	config/locales/sw.yml
2	2	config/locales/ta.yml
2	2	config/locales/th.yml
2	2	config/locales/tk.yml
2	2	config/locales/tr.yml
2	2	config/locales/uk.yml
2	2	config/locales/ur.yml
2	2	config/locales/uz.yml
2	2	config/locales/vi.yml
2	2	config/locales/zh-hk.yml
2	2	config/locales/zh-tw.yml
2	2	config/locales/zh.yml

--2320bc73d3--2013-11-20--Tekin Suleyman
--391cf61264--2013-11-20--Tekin Suleyman
10	6	app/assets/stylesheets/frontend/helpers/_attachment.scss
18	0	app/controllers/attachments_controller.rb
11	0	app/helpers/attachments_helper.rb
1	1	app/models/attachment.rb
4	0	app/models/attachment_data.rb
28	0	app/models/csv_preview.rb
4	0	app/models/html_attachment.rb
52	0	app/views/attachments/preview.html.erb
13	4	app/views/documents/_attachment.html.erb
1	0	config/routes.rb
57	5	test/functional/attachments_controller_test.rb
4	4	test/support/document_controller_test_helpers.rb
23	0	test/unit/csv_preview_test.rb

--57942ade02--2013-11-20--Tekin Suleyman
2	0	app/models/attachment_data.rb
88	13	app/models/attachment_visibility.rb
97	0	test/unit/attachment_visibility_test.rb

--4e43c8b6cf--2013-11-20--Tekin Suleyman
9	0	features/attachment-preview.feature
26	0	features/step_definitions/attachment_preview_steps.rb
7	1	test/factories/attachments.rb
3	0	test/fixtures/sample.csv

--a51d459a44--2013-11-19--Tekin Suleyman
12	3	app/controllers/html_attachments_controller.rb
24	2	test/functional/html_attachments_controller_test.rb

--8c93668ac8--2013-11-15--Tekin Suleyman
1	33	app/controllers/attachments_controller.rb
41	0	app/controllers/html_attachments_controller.rb
5	5	app/views/{attachments/show_html.html.erb => html_attachments/show.html.erb}
0	0	app/views/layouts/{html-publication.html.erb => html_attachments.html.erb}
2	2	config/routes.rb
0	68	test/functional/attachments_controller_test.rb
77	0	test/functional/html_attachments_controller_test.rb
1	0	test/integration/navigation_selection_test.rb
1	1	test/integration/page_title_test.rb

--c941948d98--2013-11-20--Dominic Baggott
--61163f158b--2013-11-20--Will Tomlins
12	0	app/presenters/document_filter_presenter.rb
3	3	app/views/documents/_filter_results.html.erb

--6f3f307dd7--2013-11-20--layam
--abe5e2adf7--2013-11-20--Will Tomlins
3	3	features/step_definitions/filtering_steps.rb

--2550933f4f--2013-11-19--Ben Firshman
4	0	app/models/document_collection_group.rb
2	2	app/views/document_collections/show.html.erb
2	2	test/functional/document_collections_controller_test.rb
5	0	test/unit/models/document_collection_group_test.rb

--489c008710--2013-11-20--layam
--7b06f5f16d--2013-11-19--Ben Firshman
4	0	app/models/document_collection.rb
4	4	app/models/edition.rb
1	1	app/views/admin/editions/_standard_fields.html.erb
2	2	test/unit/models/document_collection_test.rb

--81505d1dd9--2013-11-19--Ben Firshman
--ff53ec0f89--2013-11-19--layam
--4d372b9c47--2013-11-19--layam
--2442092685--2013-11-19--layam
--d1cdd2809f--2013-11-19--layam
--2e08fce01c--2013-11-19--Ben Firshman
1	0	app/assets/javascripts/application/document_filter.js

--52327e6481--2013-11-19--Will Tomlins
1	0	app/assets/stylesheets/frontend/views/_documents-index.scss
3	3	app/views/documents/_filter_selections.mustache

--8fd7c5721a--2013-11-19--Ben Firshman
4	4	app/views/admin/editions/_user_needs_fields.html.erb

--da23f07bf0--2013-11-15--Will Tomlins
0	12	app/models/publication.rb
12	0	app/models/publicationesque.rb
2	0	test/unit/publication_test.rb

--e7e4738d07--2013-11-12--Will Tomlins
21	4	app/assets/javascripts/application/document_filter.js
9	0	app/helpers/document_filter_helper.rb
5	0	app/models/publication.rb
9	0	app/views/documents/_filter_form.html.erb
4	1	app/views/documents/_filter_results.html.erb
10	0	app/views/documents/_filter_selections.mustache
1	1	app/views/publications/index.html.erb
2	1	features/filtering-documents.feature
60	1	features/step_definitions/filtering_steps.rb
6	0	lib/whitehall/document_filter/filterer.rb
2	1	lib/whitehall/document_filter/result.rb
14	0	lib/whitehall/document_filter/rummager.rb
6	1	lib/whitehall/not_quite_as_fake_search.rb
5	0	test/factories/organisations.rb
10	0	test/factories/publications.rb
27	0	test/unit/helpers/document_filter_helper_test.rb
6	6	test/unit/publication_test.rb

--9275d3642c--2013-11-08--Will Tomlins
15	0	app/models/publication.rb
1	1	test/unit/attachment_test.rb
36	0	test/unit/publication_test.rb

--1137ba7885--2013-11-08--Will Tomlins
8	0	app/models/attachment.rb
12	0	test/unit/attachment_test.rb

--8f7cbe2141--2013-11-15--Will Tomlins
2	1	app/helpers/admin/edition_actions_helper.rb
2	1	lib/whitehall.rb

--68470d5df9--2013-11-18--Dominic Baggott
1	1	app/helpers/admin/document_collection_helper.rb

--73b274fcfb--2013-11-15--Will Tomlins
6	4	app/models/consultation.rb
24	0	test/unit/consultation_test.rb

--8ea665604b--2013-11-15--Elliot Crosby-McCullough
1	4	app/models/edition/related_policies.rb