--0106fcc024--2013-11-18--Elliot Crosby-McCullough
--cd40d1d1c4--2013-11-14--Tekin Suleyman
17	31	app/assets/javascripts/admin/views/editions/confirm_unpublish.js.erb
3	2	app/assets/stylesheets/admin/views/editions/confirm_unpublish.scss
65	20	app/views/admin/edition_workflow/confirm_unpublish.html.erb
1	1	app/views/admin/editions/show.html.erb
12	8	features/step_definitions/unpublishing_published_documents_steps.rb
6	5	features/support/unpublishing_helpers.rb
1	1	features/unpublishing-published-documents.feature

--07073ceec7--2013-11-15--Ben Firshman
1	1	app/controllers/admin/users_controller.rb

--fe1826512b--2013-11-15--Ben Firshman
1	1	app/controllers/admin/users_controller.rb

--d8eb35e3a1--2013-11-15--layam
--bbae43ad23--2013-11-15--Ben Firshman
--3a24b6a0ed--2013-11-14--Ben Firshman
1	1	app/controllers/admin/users_controller.rb
4	0	app/models/user.rb
15	0	test/unit/user_test.rb

--851de59d9c--2013-11-15--Elliot Crosby-McCullough
1	1	lib/data_hygiene/govspeak_link_validator.rb

--5e0bc0f4cf--2013-11-15--Ben Firshman
1	1	script/javascript-test-server

--35259147f9--2013-11-15--Tekin Suleyman
--97fc34e0b2--2013-11-15--Tekin Suleyman
1	1	app/views/organisations/_organisations_name_list.html.erb

--26ca3186a6--2013-11-15--Tekin Suleyman
--9a83595342--2013-11-15--Tekin Suleyman
--4cd6ea0a2f--2013-11-15--Tekin Suleyman
--e365812ee5--2013-11-15--russell thorn
3	1	app/assets/stylesheets/frontend/views/_html-publications.scss

--d34c58f824--2013-11-15--Tekin Suleyman
--01667b3114--2013-11-15--Elliot Crosby-McCullough
1	1	app/views/admin/feature_lists/_feature_list.html.erb

--6ad216f7aa--2013-11-14--Elliot Crosby-McCullough
38	25	app/models/admin/edition_filter.rb
1	1	app/views/admin/feature_lists/_feature_list.html.erb
3	3	test/unit/admin/edition_filter_test.rb

--03af7efd57--2013-11-14--Tekin Suleyman
10	0	app/assets/stylesheets/frontend/views/_document-collection.scss

--9c75ca4cfa--2013-11-14--Tekin Suleyman
11	0	app/assets/javascripts/admin/views/editions/confirm_unpublish.js.erb

--f8c39dc495--2013-11-14--Tekin Suleyman
6	6	app/assets/javascripts/admin/views/editions/confirm_unpublish.js.erb

--e73e7a057e--2013-11-14--Tekin Suleyman
1	1	app/views/documents/_header.html.erb

--abeeaa7b1c--2013-11-14--Tekin Suleyman
1	0	app/models/unpublishing.rb
6	0	test/unit/unpublishing_test.rb

--912aeffdbb--2013-11-14--Tekin Suleyman
8	4	app/controllers/admin/edition_workflow_controller.rb
6	0	app/services/edition_unpublisher.rb
9	16	test/unit/services/edition_unpublisher_test.rb

--ff24f2c697--2013-11-14--Tekin Suleyman
4	0	app/helpers/document_helper.rb
0	4	app/presenters/edition_presenter_helper.rb
1	1	app/views/case_studies/show.html.erb
1	1	app/views/consultations/show.html.erb
1	1	app/views/detailed_guides/show.html.erb
1	1	app/views/document_collections/show.html.erb
1	1	app/views/fatality_notices/show.html.erb
1	1	app/views/news_articles/show.html.erb
1	1	app/views/publications/show.html.erb
1	1	app/views/speeches/show.html.erb
1	1	app/views/statistical_data_sets/show.html.erb
1	1	app/views/supporting_pages/show.html.erb
1	1	app/views/world_location_news_articles/show.html.erb
0	14	test/unit/presenters/edition_presenters_test.rb

--2474badf77--2013-11-14--Tekin Suleyman
4	0	app/assets/stylesheets/frontend/layouts/detailed-guidance.scss
3	0	app/views/detailed_guides/show.html.erb
1	1	app/views/documents/_header.html.erb

--f83605e59c--2013-11-14--Tekin Suleyman
6	7	app/controllers/admin/edition_workflow_controller.rb
31	29	app/views/admin/edition_workflow/confirm_unpublish.html.erb
13	0	test/functional/admin/edition_workflow_controller_test.rb

--f03c1d9db2--2013-11-11--Tekin Suleyman
5	1	app/controllers/admin/edition_workflow_controller.rb
2	8	app/controllers/admin/editions_controller.rb
0	4	app/helpers/admin/edition_actions_helper.rb
0	0	app/views/admin/{editions => edition_workflow}/confirm_unpublish.html.erb
3	1	app/views/admin/editions/show.html.erb
1	1	config/routes.rb
2	2	features/step_definitions/unpublishing_published_documents_steps.rb
1	1	features/support/unpublishing_helpers.rb
10	0	test/functional/admin/edition_workflow_controller_test.rb
0	10	test/functional/admin/editions_controller_test.rb
2	2	test/functional/admin/generic_editions_controller_tests/unpublishing_test.rb

--f4087f2027--2013-11-14--Ben Firshman
--205a1cd5a0--2013-11-14--Ben Firshman
1	1	app/views/organisations/_organisations_name_list.html.erb

--669cd99451--2013-11-14--russell thorn
-	-	app/assets/images/organisation_screenshots/centre-for-the-protection-of-national-infrastructure.png

--b0855ada06--2013-11-14--Ben Firshman
28	36	app/views/admin/editions/_govspeak_help.html.erb

--77ebb17f05--2013-11-14--Ben Firshman
3	3	app/views/admin/editions/_filter_options.html.erb

--3faeda00af--2013-11-14--Tekin Suleyman
2	6	features/step_definitions/document_collection_steps.rb
0	11	features/support/browser_helper.rb

--72fb7a0d00--2013-11-14--Dominic Baggott
0	40	test/unit/edition/workflow_test.rb

--ab8dc7c3ed--2013-11-14--Dominic Baggott
5	8	test/functional/admin/fact_check_requests_controller_test.rb
4	4	test/unit/attachment_visibility_test.rb
12	10	test/unit/document_test.rb
6	5	test/unit/edition/audit_trail_test.rb
0	7	test/unit/edition/publishing_test.rb
0	10	test/unit/edition/searchable_test.rb
1	2	test/unit/edition/workflow_test.rb
11	25	test/unit/edition_test.rb
4	6	test/unit/helpers/admin/admin_govspeak_helper_test.rb

--b5ae12bbbd--2013-11-13--Dominic Baggott
1	1	app/services/edition_unpublisher.rb
0	8	test/unit/edition_test.rb
0	13	test/unit/whitehall/slugging_test.rb

--98a18445f9--2013-11-13--Dominic Baggott
6	2	app/controllers/admin/editions_controller.rb
4	0	app/services/edition_service_coordinator.rb

--dac5a7af30--2013-11-13--Dominic Baggott
0	6	app/models/edition.rb
1	3	app/models/edition/workflow.rb
21	0	app/services/edition_deleter.rb
1	1	app/services/edition_service.rb
62	0	test/unit/services/edition_deleter_test.rb

--f8e6c1268e--2013-11-14--Elliot Crosby-McCullough
--503861702f--2013-11-14--Will Tomlins
1	1	app/helpers/javascript_helper.rb

--ba7fa58e22--2013-11-14--layam
--349d894861--2013-11-14--Tekin Suleyman
2	6	features/step_definitions/document_collection_steps.rb
0	11	features/support/browser_helper.rb

--5bd21bc9b2--2013-11-14--Elliot Crosby-McCullough
1	1	app/views/admin/editions/index.html.erb