--e6475acb7a--2013-11-07--David Heath
--12aa2b6fe0--2013-11-07--David Heath
1	1	app/services/edition_unpublisher.rb
1	1	test/unit/services/edition_archiver_test.rb
1	1	test/unit/services/edition_unpublisher_test.rb

--8e1ef8d24d--2013-11-07--Tekin Suleyman
3	3	app/assets/javascripts/admin/views/editions/{confirm_unpublish.js => confirm_unpublish.js.erb}

--7324b6dc60--2013-11-07--Tekin Suleyman
0	8	app/services/edition_unpublisher.rb

--bbae180eb8--2013-11-07--David Heath
8	0	test/integration/sanitise_db_test.rb

--4b9dc1e057--2013-11-07--David Heath
--66e40525a0--2013-11-07--David Heath
1	1	lib/whitehall/document_filter/result_set.rb

--692fe40d71--2013-11-07--David Heath
--ec5cea2b2e--2013-11-07--Ben Firshman
1	1	STYLEGUIDE.md

--88d8187697--2013-11-07--Tekin Suleyman
--19857aed5e--2013-10-29--David Heath
--5f4c16c2ba--2013-10-29--Will Tomlins
2	2	app/views/admin/editorial_remarks/new.html.erb
7	1	test/functional/admin/editorial_remarks_controller_test.rb

--3703e6b7f1--2013-11-06--Will Tomlins
12	0	app/helpers/admin/consultations_helper.rb
0	12	app/helpers/consultations_helper.rb
35	0	test/unit/helpers/admin/consultations_helper_test.rb
0	30	test/unit/helpers/consultations_helper_test.rb

--b2c1199455--2013-10-31--Will Tomlins
1	1	app/assets/stylesheets/frontend/views/_consultations.scss
1	0	app/controllers/consultations_controller.rb
3	3	app/controllers/home_controller.rb
8	0	app/helpers/cache_control_helper.rb
6	6	app/helpers/consultations_helper.rb
14	14	app/models/consultation.rb
3	0	app/models/edition.rb
1	1	app/presenters/publicationesque_presenter.rb
4	4	app/views/admin/consultations/_date_fields.html.erb
2	2	app/views/admin/consultations/_edition.html.erb
2	2	app/views/consultations/show.html.erb
3	3	app/views/home/get_involved.html.erb
42	0	db/migrate/20131031094414_retype_edition_opening_on_and_closing_on_part_1.rb
38	0	db/pending_migration_cleanups/20131104143620_retype_edition_opening_on_and_closing_on_part_2.rb
5	1	db/schema.rb
2	2	features/importing-new-editions.feature
2	2	features/step_definitions/import_steps.rb
2	2	features/step_definitions/speed_tagging_steps.rb
4	4	lib/whitehall/uploader/consultation_row.rb
6	6	test/factories/consultations.rb
10	10	test/functional/admin/consultations_controller_test.rb
1	1	test/functional/admin/responses_controller_test.rb
12	7	test/functional/consultations_controller_test.rb
14	14	test/functional/home_controller_test.rb
9	9	test/functional/organisations_controller_test.rb
1	1	test/functional/policies_controller_test.rb
13	13	test/functional/publications_controller_test.rb
1	1	test/functional/topics_controller_test.rb
39	52	test/unit/consultation_test.rb
20	1	test/unit/helpers/cache_control_helper_test.rb
6	6	test/unit/helpers/consultations_helper_test.rb
27	1	test/unit/presenters/publicationesque_presenter_test.rb
5	5	test/unit/uploader/consultation_row_test.rb

--1a39954198--2013-11-07--Tekin Suleyman
--1edb327560--2013-11-06--Tekin Suleyman
3	14	app/views/admin/editions/confirm_unpublish.html.erb
1	1	lib/whitehall/form_builder.rb

--d5116b25b9--2013-11-06--Tekin Suleyman
1	3	app/assets/javascripts/admin/views/{edition-confirm_unpublish.js => editions/confirm_unpublish.js}
1	1	app/assets/stylesheets/admin/base.scss
0	0	app/assets/stylesheets/admin/views/{_edition-confirm_unpublish.scss => editions/confirm_unpublish.scss}
1	2	app/views/admin/editions/confirm_unpublish.html.erb

--b6797948f4--2013-11-06--Tekin Suleyman
1	1	app/helpers/admin/edition_actions_helper.rb
2	2	features/step_definitions/unpublishing_published_documents_steps.rb
1	1	features/support/unpublishing_helpers.rb

--9155c20a4b--2013-11-06--Tekin Suleyman
12	12	app/controllers/admin/edition_workflow_controller.rb
15	0	app/services/edition_archiver.rb
4	0	app/services/edition_service_coordinator.rb
1	1	app/services/edition_unpublisher.rb
1	1	config/initializers/edition_services.rb
5	0	features/step_definitions/unpublishing_published_documents_steps.rb
2	1	features/unpublishing-published-documents.feature
70	0	test/unit/services/edition_archiver_test.rb
11	0	test/unit/services/edition_service_coordinator_test.rb
2	13	test/unit/services/edition_unpublisher_test.rb

--27deb10022--2013-11-05--Tekin Suleyman
4	0	app/presenters/edition_presenter_helper.rb
1	1	app/views/news_articles/show.html.erb
14	0	test/unit/presenters/edition_presenters_test.rb

--6d5e98b57c--2013-11-05--Tekin Suleyman
1	0	app/assets/stylesheets/frontend/base.scss
7	0	app/assets/stylesheets/frontend/helpers/_archive-notice.scss
1	1	app/views/documents/_header.html.erb

--872d19bcd7--2013-11-05--Tekin Suleyman
14	2	app/controllers/admin/edition_workflow_controller.rb
13	0	test/functional/admin/edition_workflow_controller_test.rb

--a056eca963--2013-11-05--Tekin Suleyman
50	0	app/assets/javascripts/admin/views/edition-confirm_unpublish.js
1	0	app/assets/stylesheets/admin/base.scss
18	0	app/assets/stylesheets/admin/views/_edition-confirm_unpublish.scss
1	1	app/controllers/admin/editions_controller.rb
39	16	app/views/admin/editions/confirm_unpublish.html.erb

--79a16fb3eb--2013-11-05--Tekin Suleyman
12	15	app/views/admin/editions/confirm_unpublish.html.erb

--2e6c473108--2013-11-05--Tekin Suleyman
1	1	app/controllers/admin/editions_controller.rb
1	0	app/helpers/admin/editions_helper.rb

--6a0f9b7b3a--2013-11-05--Tekin Suleyman
8	0	app/views/documents/_header.html.erb

--47127243ac--2013-11-05--Tekin Suleyman
6	5	app/views/admin/editions/confirm_unpublish.html.erb
1	1	features/step_definitions/unpublishing_published_documents_steps.rb
1	1	features/support/unpublishing_helpers.rb

--e8035b5acd--2013-11-05--Tekin Suleyman
1	1	app/views/admin/editions/_show_metadata.html.erb

--ca9fbe2b41--2013-11-05--Tekin Suleyman
9	1	app/controllers/admin/edition_workflow_controller.rb

--eec008bcf7--2013-11-04--Tekin Suleyman
4	0	app/models/unpublishing.rb
8	0	app/services/edition_unpublisher.rb
12	0	test/unit/services/edition_unpublisher_test.rb

--9706b68580--2013-11-04--Tekin Suleyman
1	1	app/models/document.rb
1	1	app/models/edition.rb
5	0	app/models/edition/workflow.rb
3	5	test/factories/editions.rb
1	1	test/unit/edition/workflow_test.rb

--0ec40e0360--2013-11-04--Tekin Suleyman
16	0	features/step_definitions/unpublishing_published_documents_steps.rb
6	0	features/unpublishing-published-documents.feature

--22a0ddf477--2013-11-04--Tekin Suleyman
14	3	app/views/admin/editions/confirm_unpublish.html.erb

--d4a9b4f5b8--2013-11-04--Tekin Suleyman
1	1	app/controllers/documents_controller.rb
4	0	app/models/unpublishing.rb
11	0	test/unit/unpublishing_test.rb

--d135d37fd0--2013-11-04--Tekin Suleyman
3	0	app/models/unpublishing_reason.rb

--48270c8c34--2013-11-04--Tekin Suleyman
16	8	features/step_definitions/unpublishing_published_documents_steps.rb
13	0	features/support/unpublishing_helpers.rb
6	0	features/unpublishing-published-documents.feature

--af647d8c63--2013-11-04--Tekin Suleyman
5	2	app/models/unpublishing.rb
2	3	test/functional/admin/edition_workflow_controller_test.rb
1	1	test/functional/documents_controller_test.rb
1	1	test/unit/services/edition_unpublisher_test.rb
3	3	test/unit/unpublishing_test.rb

--5af38d061a--2013-11-06--Will Tomlins
0	111	test/fixtures/attachment_ordering_fixer/197426.sql
0	112	test/fixtures/attachment_ordering_fixer/42828.sql
0	113	test/fixtures/attachment_ordering_fixer/80781.sql
0	113	test/fixtures/attachment_ordering_fixer/9406.sql

--5b65aff1bd--2013-11-05--Will Tomlins
7	0	app/assets/stylesheets/frontend/views/_organisations.scss
8	0	app/helpers/organisation_helper.rb
1	0	app/views/organisations/_index_item_plain.html.erb
5	3	app/views/organisations/_index_section.html.erb
1	1	app/views/organisations/_transition_state_visualisation.html.erb
1	1	app/views/organisations/index.html.erb
1	0	features/organisations.feature
8	1	features/step_definitions/organisation_steps.rb
18	0	test/unit/helpers/organisation_helper_test.rb

--708bd0628a--2013-10-30--Will Tomlins
2	0	app/assets/stylesheets/frontend/base.scss
12	0	app/assets/stylesheets/frontend/helpers/_horizontal-percent-bar.scss
2	0	app/assets/stylesheets/frontend/views/_organisations.scss
31	0	app/assets/stylesheets/frontend/views/organisations/_transition_state_visualisation.scss
8	0	app/helpers/visualisations_helper.rb
20	16	app/presenters/organisations_index_presenter.rb
3	1	app/views/organisations/_index_section.html.erb
5	0	app/views/organisations/_transition_state_visualisation.html.erb
2	1	app/views/organisations/index.html.erb
7	3	features/organisations.feature
16	3	features/step_definitions/organisation_steps.rb
9	0	test/unit/helpers/visualisations_helper_test.rb
41	11	test/unit/presenters/organisations_index_presenter_test.rb

--e4fdb0e4e7--2013-10-30--Will Tomlins
11	0	features/organisations.feature
93	1	features/step_definitions/organisation_steps.rb
0	75	test/functional/organisations_controller_test.rb