--40ad246562--2013-10-10--Elliot Crosby-McCullough
--de5de2f4d5--2013-10-10--Elliot Crosby-McCullough
2	2	test/unit/uploader/case_study_row_test.rb

--8ab0881566--2013-10-10--Elliot Crosby-McCullough
2	2	lib/whitehall/uploader/statistical_data_set_row.rb
2	2	test/fixtures/dft_statistical_data_set_sample.csv
2	2	test/unit/uploader/statistical_data_set_row_test.rb

--cedfbd2b0d--2013-10-10--Elliot Crosby-McCullough
1	1	test/unit/uploader/case_study_row_test.rb

--d57fce3bcf--2013-10-09--layam
--d07d8a1043--2013-10-09--David Heath
15	6	app/workers/import_row_worker.rb
1	1	lib/whitehall/uploader/case_study_row.rb
1	1	lib/whitehall/uploader/detailed_guide_row.rb
1	1	lib/whitehall/uploader/publication_row.rb
1	1	lib/whitehall/uploader/statistical_data_set_row.rb
2	2	test/functional/admin/imports_controller_test.rb
0	38	test/support/consultation_csv_sample_helpers.rb
58	0	test/support/csv_sample_helpers.rb
4	2	test/unit/import_test.rb
6	4	test/unit/uploader/detailed_guide_row_test.rb
6	4	test/unit/uploader/publication_row_test.rb
6	4	test/unit/uploader/statistical_data_set_row_test.rb
62	0	test/unit/workers/import_row_worker_test.rb

--c1011c3993--2013-10-09--Elliot Crosby-McCullough
6	9	app/assets/javascripts/admin/format_advice.js
0	4	app/assets/stylesheets/admin/forms.scss
2	1	app/helpers/admin/editions_helper.rb
2	4	app/views/admin/editions/_format_advice.html.erb
12	10	app/views/admin/editions/_publication_type_fields.html.erb
11	9	app/views/admin/news_articles/_news_article_type_fields.html.erb
10	8	app/views/admin/speeches/_speech_type_fields.html.erb
9	1	config/locales/en.yml

--123ce41cea--2013-10-09--David Heath
4	7	features/document-collections.feature
50	12	features/step_definitions/document_collection_steps.rb
15	0	features/support/document_collection_helper.rb

--29fddcdddf--2013-10-09--Elliot Crosby-McCullough
7	7	config/locales/en.yml

--ec6938e86e--2013-10-09--Dominic Baggott
--1fabba2715--2013-10-04--Elliot Crosby-McCullough
4	0	app/assets/stylesheets/admin/forms.scss

--00a9b3e64f--2013-10-04--Elliot Crosby-McCullough
9	1	app/assets/javascripts/admin/format_advice.js

--3911876c9b--2013-10-04--Elliot Crosby-McCullough
1	1	app/views/admin/editions/_format_advice.html.erb
1	1	app/views/admin/editions/_show_metadata.html.erb

--915fe0dce6--2013-10-04--Elliot Crosby-McCullough
2	2	app/assets/javascripts/application/show-hide.js
1	1	app/views/admin/editions/new.html.erb
1	1	app/views/admin/speeches/_delivered_by_fields.html.erb
1	1	test/unit/speech_type_test.rb

--3be9bb0065--2013-10-04--Elliot Crosby-McCullough
3	7	features/support/document_helper.rb

--928deedde6--2013-10-04--Elliot Crosby-McCullough
1	1	app/views/admin/speeches/_delivered_by_fields.html.erb

--542446e931--2013-10-04--Elliot Crosby-McCullough
1	1	app/helpers/admin/editions_helper.rb
8	5	app/helpers/application_helper.rb
19	11	app/models/speech_type.rb
1	1	app/views/admin/speeches/_speech_type_fields.html.erb
1	1	features/support/document_helper.rb
1	1	test/unit/speech_type_test.rb

--1885a126d5--2013-10-04--Elliot Crosby-McCullough
5	0	app/views/admin/editions/_show_metadata.html.erb

--95466ecff3--2013-10-04--Elliot Crosby-McCullough
15	0	app/assets/javascripts/admin/format_advice.js
2	0	app/assets/javascripts/admin/on_ready.js
1	1	app/assets/javascripts/admin/update_speech_headers.js.erb
19	7	app/helpers/admin/editions_helper.rb
4	0	app/models/news_article_type.rb
4	0	app/models/publication_type.rb
12	8	app/models/speech_type.rb
1	1	app/views/admin/editions/_format_advice.html.erb
3	2	app/views/admin/editions/_publication_type_fields.html.erb
2	0	app/views/admin/editions/_standard_fields.html.erb
0	0	app/views/admin/editions/_subtype_fields.html.erb
0	3	app/views/admin/news_articles/_additional_significant_fields.html.erb
8	1	app/views/admin/news_articles/_news_article_type_fields.html.erb
1	0	app/views/admin/news_articles/_subtype_fields.html.erb
0	3	app/views/admin/publications/_additional_significant_fields.html.erb
1	0	app/views/admin/publications/_subtype_fields.html.erb
0	1	app/views/admin/speeches/_additional_significant_fields.html.erb
8	2	app/views/admin/speeches/_speech_type_fields.html.erb
1	0	app/views/admin/speeches/_subtype_fields.html.erb
60	0	config/locales/ar.yml
60	0	config/locales/az.yml
60	0	config/locales/be.yml
60	0	config/locales/bg.yml
60	0	config/locales/bn.yml
60	0	config/locales/cs.yml
60	0	config/locales/cy.yml
60	0	config/locales/de.yml
60	0	config/locales/dr.yml
60	0	config/locales/el.yml
77	3	config/locales/en.yml
60	0	config/locales/es-419.yml
60	0	config/locales/es.yml
60	0	config/locales/fa.yml
60	0	config/locales/fr.yml
60	0	config/locales/he.yml
60	0	config/locales/hi.yml
60	0	config/locales/hu.yml
60	0	config/locales/hy.yml
60	0	config/locales/id.yml
60	0	config/locales/it.yml
60	0	config/locales/ja.yml
60	0	config/locales/ka.yml
60	0	config/locales/ko.yml
60	0	config/locales/lt.yml
60	0	config/locales/lv.yml
60	0	config/locales/ms.yml
60	0	config/locales/pl.yml
60	0	config/locales/ps.yml
60	0	config/locales/pt.yml
60	0	config/locales/ro.yml
60	0	config/locales/ru.yml
60	0	config/locales/si.yml
60	0	config/locales/sk.yml
60	0	config/locales/so.yml
60	0	config/locales/sq.yml
60	0	config/locales/sr.yml
60	0	config/locales/sw.yml
60	0	config/locales/ta.yml
60	0	config/locales/th.yml
60	0	config/locales/tk.yml
60	0	config/locales/tr.yml
60	0	config/locales/uk.yml
60	0	config/locales/ur.yml
60	0	config/locales/uz.yml
60	0	config/locales/vi.yml
60	0	config/locales/zh-hk.yml
60	0	config/locales/zh-tw.yml
60	0	config/locales/zh.yml
2	2	features/importing-new-editions.feature
1	1	features/step_definitions/import_steps.rb
1	1	features/step_definitions/speech_steps.rb
1	1	features/support/document_helper.rb

--0e8ca253ca--2013-10-04--Elliot Crosby-McCullough
1	1	app/models/edition.rb
6	0	app/views/admin/editions/_format_advice.html.erb
1	0	app/views/admin/editions/new.html.erb
28	0	config/locales/ar.yml
28	0	config/locales/az.yml
28	0	config/locales/be.yml
28	0	config/locales/bg.yml
28	0	config/locales/bn.yml
28	0	config/locales/cs.yml
28	0	config/locales/cy.yml
28	0	config/locales/de.yml
28	0	config/locales/dr.yml
28	0	config/locales/el.yml
34	0	config/locales/en.yml
28	0	config/locales/es-419.yml
28	0	config/locales/es.yml
28	0	config/locales/fa.yml
28	0	config/locales/fr.yml
28	0	config/locales/he.yml
28	0	config/locales/hi.yml
28	0	config/locales/hu.yml
28	0	config/locales/hy.yml
28	0	config/locales/id.yml
28	0	config/locales/it.yml
28	0	config/locales/ja.yml
28	0	config/locales/ka.yml
28	0	config/locales/ko.yml
28	0	config/locales/lt.yml
28	0	config/locales/lv.yml
28	0	config/locales/ms.yml
28	0	config/locales/pl.yml
28	0	config/locales/ps.yml
28	0	config/locales/pt.yml
28	0	config/locales/ro.yml
28	0	config/locales/ru.yml
28	0	config/locales/si.yml
28	0	config/locales/sk.yml
28	0	config/locales/so.yml
28	0	config/locales/sq.yml
28	0	config/locales/sr.yml
28	0	config/locales/sw.yml
28	0	config/locales/ta.yml
28	0	config/locales/th.yml
28	0	config/locales/tk.yml
28	0	config/locales/tr.yml
28	0	config/locales/uk.yml
28	0	config/locales/ur.yml
28	0	config/locales/uz.yml
28	0	config/locales/vi.yml
28	0	config/locales/zh-hk.yml
28	0	config/locales/zh-tw.yml
28	0	config/locales/zh.yml

--a62a47d87a--2013-10-09--layam
--2d0db6753b--2013-10-09--russell thorn
1	1	app/assets/stylesheets/admin/document.scss

--5dd372a01a--2013-10-09--Dominic Baggott
--7ceb577951--2013-10-08--Elliot Crosby-McCullough
1	0	app/helpers/document_helper.rb
1	1	app/uploaders/attachment_uploader.rb
2	0	config/initializers/mime_types.rb
2	2	test/unit/attachment_uploader_test.rb

--96da13f6a8--2013-10-09--Dominic Baggott
--7987e97088--2013-10-08--David Heath
2	2	app/helpers/document_collection_helper.rb
1	1	app/helpers/document_helper.rb
7	3	app/models/edition/has_document_collections.rb
2	2	app/presenters/announcement_presenter.rb
2	2	app/presenters/publicationesque_presenter.rb
1	1	app/views/detailed_guides/show.html.erb
6	3	features/importing-new-editions.feature
1	1	lib/tasks/export.rake
3	3	lib/whitehall/document_filter/result.rb
8	0	test/factories/document_collection.rb
2	2	test/functional/statistical_data_sets_controller_test.rb
20	7	test/unit/edition/has_document_collection_test.rb
1	1	test/unit/helpers/document_helper_test.rb
1	1	test/unit/presenters/document_filter_presenter_test.rb
6	12	test/unit/presenters/publicationesque_presenter_test.rb

--9618f889ac--2013-10-09--Dominic Baggott
--4546186192--2013-10-08--David Heath
1	1	Gemfile
2	2	Gemfile.lock

--60b62dff02--2013-10-08--Matthew Ford
3	3	test/functional/publications_controller_test.rb

--3cd3af6235--2013-10-08--Matthew Ford
4	4	test/unit/whitehall/document_filter/mysql_test.rb

--3019ec531a--2013-10-08--russell thorn
4	0	app/assets/stylesheets/admin/document.scss
2	2	app/helpers/admin/editions_helper.rb

--715360e237--2013-10-08--Matthew Ford
1	1	app/assets/javascripts/application/document_filter.js
2	4	lib/whitehall/document_filter/filterer.rb
3	6	lib/whitehall/document_filter/rummager.rb

--05399392ba--2013-10-08--Matthew Ford
2	2	app/presenters/document_filter_presenter.rb
1	0	config/initializers/formats.rb
4	1	lib/whitehall/document_filter/filterer.rb

--c5c24240b0--2013-10-08--Matthew Ford
1	1	lib/whitehall/document_filter/rummager.rb

--5c52d4501d--2013-10-08--Matthew Ford
2	2	lib/whitehall/document_filter/filterer.rb

--1a883e791a--2013-10-08--Matthew Ford
--4a37faec76--2013-10-08--Will Tomlins
0	58	app/assets/javascripts/application/cookies.js

--0c95f542fd--2013-10-08--Matthew Ford
1	1	lib/whitehall/document_filter/rummager.rb

--0dddf96cc3--2013-10-08--Dominic Baggott
--9bd65b662c--2013-10-08--Elliot Crosby-McCullough
--02e74c10c0--2013-10-08--Elliot Crosby-McCullough
1	1	app/views/admin/imports/new_document_list.html.erb

--ecff5a0ff0--2013-10-08--Dominic Baggott
1	0	app/views/layouts/admin.html.erb

--7cdfdaffc9--2013-10-07--Dominic Baggott
1	1	app/models/edition/user_needs.rb
13	0	test/unit/edition/workflow_test.rb

--c866448bb4--2013-10-07--Elliot Crosby-McCullough
21	0	app/assets/javascripts/admin/large_import_logs.js
2	0	app/assets/javascripts/admin/on_ready.js
1	0	app/assets/stylesheets/admin/base.scss
3	0	app/assets/stylesheets/admin/import.scss
3	3	app/views/admin/imports/show.html.erb

--9c51f862f1--2013-10-07--Elliot Crosby-McCullough
5	1	app/controllers/admin/imports_controller.rb
0	22	app/views/admin/imports/_errors.html.erb
19	0	app/views/admin/imports/error_list.html.erb
6	0	app/views/admin/imports/import_log.html.erb
16	0	app/views/admin/imports/new_document_list.html.erb
8	15	app/views/admin/imports/show.html.erb
3	0	config/routes.rb
2	0	features/step_definitions/import_steps.rb
4	7	test/functional/admin/imports_controller_test.rb

--37b6f63e25--2013-10-07--Elliot Crosby-McCullough
2	6	app/views/admin/imports/show.html.erb

--659438039c--2013-10-07--Dominic Baggott
1	1	app/models/edition/user_needs.rb
13	0	test/unit/edition/workflow_test.rb

--010754ed7d--2013-10-07--Bradley Wright
--a823336b41--2013-10-07--Elliot Crosby-McCullough
1	1	app/helpers/organisation_helper.rb

--17af27f131--2013-10-07--Will Tomlins
2	0	db/{pending_migration_cleanups => migrate}/20130912150137_cleanup_organisation_type.rb

--bca1a588f7--2013-10-07--Jamie Cobbett
26	0	app/controllers/api/organisations_controller.rb
1	0	config/routes.rb
59	0	test/functional/api/organisations_controller_test.rb

--42533d1c39--2013-10-07--Elliot Crosby-McCullough
--e1b409f3c3--2013-10-07--Elliot Crosby-McCullough
--d1d04f6549--2013-10-07--Matthew Ford
--6752815cc1--2013-10-07--Elliot Crosby-McCullough
1	1	lib/whitehall/not_quite_as_fake_search.rb

--fc2dc5728c--2013-10-07--Elliot Crosby-McCullough
2	2	lib/whitehall/document_filter/rummager.rb

--ee30a44a02--2013-10-07--Elliot Crosby-McCullough
2	2	app/assets/javascripts/admin/edition_select_filter.js

--4a05c4bac0--2013-10-07--russell thorn
7	0	app/controllers/admin/edition_translations_controller.rb
32	1	app/views/admin/edition_translations/edit.html.erb
1	1	test/functional/admin/edition_translations_controller_test.rb

--eeeada3d35--2013-10-07--Elliot Crosby-McCullough
--6ebb726dcc--2013-10-07--David Heath
--a4713657e8--2013-10-07--Elliot Crosby-McCullough
--21410dac96--2013-10-07--David Heath
8	0	app/controllers/ministerial_roles_controller.rb
7	1	app/views/ministerial_roles/index.html.erb
9	0	test/functional/ministerial_roles_controller_test.rb

--cb5048bc6d--2013-10-07--David Heath
2	0	app/models/snippet.rb
9	0	db/migrate/20131007092029_create_snippets.rb
8	1	db/schema.rb

--a755bdef0d--2013-10-04--Jamie Cobbett
44	0	app/presenters/api/organisation_presenter.rb
93	0	test/unit/presenters/api/organisation_presenter_test.rb

--de6d06934e--2013-10-04--russell thorn
6	0	app/assets/stylesheets/frontend/layouts/two_column_page.scss

--1516a6c7ba--2013-10-04--David Heath
10	0	test/integration/dft_publication_import_with_json_test.rb
10	0	test/integration/official_docs_import_test.rb
10	0	test/integration/statistical_data_set_import_test.rb

--9a9d12113a--2013-10-04--David Heath
1	1	app/workers/import_row_worker.rb

--6165a36560--2013-10-04--David Heath
7	50	app/helpers/admin/document_collection_helper.rb

--ac11750f8d--2013-10-04--David Heath
1	2	config/routes.rb
6	1	features/document-collections.feature
9	0	features/step_definitions/document_collection_steps.rb

--3de6e42b2c--2013-10-04--David Heath
0	1	test/functional/statistical_data_sets_controller_test.rb

--3fe096392d--2013-10-03--Ben Firshman
10	1	app/assets/stylesheets/frontend/views/_html-publications.scss

--cf40b9b79e--2013-10-03--Ben Firshman
8	3	app/helpers/admin/editions_helper.rb
1	1	app/views/admin/editions/index.html.erb
1	1	test/functional/admin/editions_controller_test.rb

--a0e94e2ffb--2013-10-02--Ben Firshman
1	0	app/views/admin/editions/_filter_options.html.erb

--fa5963f52c--2013-10-02--Ben Firshman
6	0	app/assets/javascripts/admin/edition_select_filter.js
18	0	app/assets/stylesheets/admin/views/_editions-index.scss
13	4	app/views/admin/editions/_filter_options.html.erb

--a49e7c9bad--2013-10-02--Ben Firshman
1	1	app/helpers/admin/edition_actions_helper.rb
4	4	app/helpers/admin/editions_helper.rb
5	14	app/views/admin/editions/_filter_options.html.erb
1	1	features/step_definitions/policy_steps.rb

--3dd971e935--2013-10-02--Ben Firshman
19	11	app/views/admin/editions/_filter_options.html.erb

--effcb90f96--2013-10-02--Ben Firshman
2	2	app/views/admin/editions/_filter_options.html.erb

--7c75d2a8a9--2013-10-01--Matthew Ford
4	1	app/assets/javascripts/application/document_filter.js
8	0	app/presenters/document_filter_presenter.rb
2	2	app/views/documents/_filter_form.html.erb
2	4	app/views/documents/_filter_results.html.erb
7	3	app/views/documents/_filter_selections.mustache
3	3	test/functional/publications_controller_test.rb
14	0	test/javascripts/unit/document_filter_test.js
4	4	test/unit/whitehall/document_filter/mysql_test.rb

--4740c2636e--2013-10-01--Matthew Ford
1	7	lib/whitehall/document_filter/filterer.rb

--6223839e82--2013-10-01--Matthew Ford
0	12	test/javascripts/unit/document_filter_test.js

--e2ea146ae9--2013-09-20--Matthew Ford
1	15	app/assets/javascripts/application/document_filter.js
1	13	app/assets/stylesheets/frontend/helpers/_filter.scss
1	1	app/controllers/announcements_controller.rb
1	1	app/controllers/policies_controller.rb
1	1	app/controllers/publications_controller.rb
1	1	app/helpers/filter_routes_helper.rb
5	11	app/views/documents/_filter_form.html.erb
4	4	app/views/documents/_filter_results.html.erb
3	3	lib/whitehall/document_filter/filterer.rb
9	20	lib/whitehall/document_filter/mysql.rb
12	19	lib/whitehall/document_filter/rummager.rb
15	13	lib/whitehall/not_quite_as_fake_search.rb
1	12	test/functional/announcements_controller_test.rb
11	14	test/functional/publications_controller_test.rb
9	29	test/unit/whitehall/document_filter/mysql_test.rb
5	4	test/unit/whitehall/not_quite_as_fake_search_test.rb