--bd79fc7bc4--2013-09-26--russell thorn
--4875353666--2013-09-26--russell thorn
1	2	app/views/consultations/_document_summary.html.erb

--e6d84356a5--2013-09-25--Tekin Suleyman
2	4	app/views/consultations/show.html.erb
1	1	app/views/documents/_attachment_full_width.html.erb
2	3	features/step_definitions/publication_steps.rb

--e3801b95bd--2013-09-25--russell thorn
11	0	app/assets/stylesheets/frontend/helpers/_govspeak.scss
1	2	app/views/documents/_attachment_full_width.html.erb

--67dd0cb0a1--2013-09-23--Tekin Suleyman
4	4	app/views/consultations/show.html.erb
21	17	app/views/documents/_attachment_full_width.html.erb
0	7	app/views/publications/_document_summary.html.erb
1	1	app/views/publications/show.html.erb

--3e08d4d61f--2013-09-19--Tekin Suleyman
9	0	app/assets/stylesheets/frontend/views/_publications.scss
2	1	app/models/publication.rb
5	2	app/views/admin/publications/_form.html.erb
7	0	app/views/publications/_document_summary.html.erb
4	0	features/publications.feature
16	0	features/step_definitions/publication_steps.rb
11	0	test/unit/publication_test.rb

--bfd4c7387e--2013-09-19--Tekin Suleyman
10	0	app/views/consultations/_document_summary.html.erb
4	21	app/views/consultations/show.html.erb

--96cb8a3f0b--2013-09-19--Tekin Suleyman
1	2	app/models/consultation.rb
8	0	app/models/edition/can_be_external.rb
0	31	app/views/admin/consultations/_additional_significant_fields.html.erb
25	0	app/views/admin/consultations/_form.html.erb
7	0	app/views/admin/editions/_external_fields.html.erb

--41b0013e8f--2013-09-19--Tekin Suleyman
13	0	test/support/model_helpers.rb
1	0	test/unit/consultation_test.rb

--a364bf9e31--2013-09-25--russell thorn
11	0	app/assets/stylesheets/frontend/helpers/_govspeak.scss
1	2	app/views/documents/_attachment_full_width.html.erb

--cd424587df--2013-09-25--Bradley Wright
--5c4e035898--2013-09-25--Bradley Wright
--ead5efb097--2013-09-24--Elliot Crosby-McCullough
--e34615c983--2013-09-24--Elliot Crosby-McCullough
22	0	db/data_migration/20130924145950_fixup_change_notes.rb
1	1	db/schema.rb

--a92f08e69b--2013-09-24--Tekin Suleyman
2	2	app/models/organisation/organisation_type_concern.rb
4	4	test/functional/organisations_controller_test.rb

--12138efe08--2013-09-24--Bradley Wright
--cbff905315--2013-09-24--tombye
2	1	app/assets/stylesheets/frontend/reset/_govuk-overrides.scss

--b75beaa646--2013-09-24--Tekin Suleyman
--34ccb4a3f5--2013-09-20--Tekin Suleyman
4	4	Gemfile

--f253fd1d61--2013-09-23--Bradley Wright
--8572820bca--2013-09-23--David Heath
0	1	test/test_helper.rb

--33e1936a66--2013-09-23--Bradley Wright
4	1	jenkins-new.sh
3	0	jenkins-parallel.sh

--4565efbbf0--2013-09-23--Matthew Ford
--92f8966518--2013-09-23--Matthew Ford
--5cc0b274d9--2013-09-23--David Heath
2	3	features/support/uploads.rb
0	2	test/factories/editions.rb
16	0	{lib/whitehall => test/support}/virus_scan_helpers.rb
1	1	test/test_helper.rb

--616744be72--2013-09-23--Bradley Wright
10	1	app/controllers/public_uploads_controller.rb
6	0	test/functional/attachments_controller_test.rb
4	9	test/integration/upload_access_test.rb

--69f5feb5b8--2013-09-23--Bradley Wright
0	49	app/controllers/uploads_controller_helper.rb

--b583563563--2013-09-23--Bradley Wright
21	15	app/controllers/attachments_controller.rb
9	1	app/controllers/public_uploads_controller.rb

--59121a13cf--2013-09-23--Bradley Wright
46	2	app/controllers/public_uploads_controller.rb

--0c7f2ccf3a--2013-09-23--Bradley Wright
--5c44cb0375--2013-09-23--Elliot Crosby-McCullough
0	1	app/views/layouts/admin.html.erb

--152a38267e--2013-09-23--Tekin Suleyman
--78a30d4951--2013-09-23--Tekin Suleyman
4	4	app/views/consultations/show.html.erb
21	17	app/views/documents/_attachment_full_width.html.erb
0	7	app/views/publications/_document_summary.html.erb
1	1	app/views/publications/show.html.erb

--b1b7b6891f--2013-09-23--Tekin Suleyman
5	10	test/functional/admin/attachments_controller_test.rb

--ebe188d8bb--2013-09-23--Tekin Suleyman
1	1	lib/data_hygiene/orphaned_attachment_finder.rb

--5351ee150a--2013-09-20--Graham Ashton
10	1	app/controllers/admin/attachment_action_param_handler.rb
2	7	app/controllers/admin/corporate_information_pages_controller.rb
2	8	app/controllers/admin/policy_advisory_groups_controller.rb
1	8	app/controllers/admin/supporting_pages_controller.rb

--7945c413bb--2013-09-17--Graham Ashton
13	13	app/controllers/admin/attachment_action_param_handler.rb
8	5	app/controllers/admin/corporate_information_pages_controller.rb
3	4	app/controllers/admin/supporting_pages_controller.rb
15	41	app/models/attachable.rb
2	3	app/models/attachment.rb
11	6	app/models/attachment_visibility.rb
2	2	app/models/consultation.rb
0	4	app/models/consultation_response_attachment.rb
0	2	app/models/corporate_information_page.rb
0	4	app/models/corporate_information_page_attachment.rb
0	2	app/models/detailed_guide.rb
1	1	app/models/edition/alternative_format_provider.rb
0	4	app/models/edition_attachment.rb
0	2	app/models/news_article.rb
0	2	app/models/policy_advisory_group.rb
0	4	app/models/policy_group_attachment.rb
0	2	app/models/publicationesque.rb
0	2	app/models/response.rb
0	2	app/models/supporting_page.rb
0	4	app/models/supporting_page_attachment.rb
24	28	app/views/admin/shared/_attachment_fields.html.erb
3	3	lib/data_hygiene/orphaned_attachment_finder.rb
0	4	test/factories/consultation_response_attachments.rb
0	6	test/factories/corporate_information_page_attachment.rb
0	6	test/factories/edition_attachments.rb
0	6	test/factories/policy_group_attachment.rb
0	6	test/factories/supporting_page_attachments.rb
10	6	test/functional/admin/attachments_controller_test.rb
9	10	test/functional/admin/publications_controller_test.rb
2	2	test/functional/attachments_controller_test.rb
92	143	test/support/admin_edition_attachable_controller_test_helpers.rb
5	22	test/unit/attachable_test.rb
6	6	test/unit/attachment_test.rb
1	1	test/unit/attachment_visibility_test.rb
0	26	test/unit/consultation_response_attachment_test.rb
0	11	test/unit/corporate_information_page_attachment_test.rb
0	11	test/unit/edition_attachment_test.rb
0	8	test/unit/response_test.rb
0	11	test/unit/supporting_page_attachment_test.rb

--eeb6d7c23a--2013-09-17--Graham Ashton
0	63	lib/recreate_attachment_join_data.rb
0	7	lib/tasks/recreate_attachment_join_data.rake
0	38	script/remap_broken_asset_urls.rb

--9c06d12adf--2013-09-17--Graham Ashton
13	0	db/pending_migration_cleanups/20130917161734_drop_attachment_join_models.rb

--0e0bfbf95e--2013-09-17--Graham Ashton
26	0	db/migrate/20130917130058_add_polymorphic_columns_to_attachments.rb
4	1	db/schema.rb

--95e0e6259b--2013-09-20--Bradley Wright
--5b9102a8eb--2013-09-20--Bradley Wright
--5d842c0247--2013-09-20--Bradley Wright
--2cfa1572c6--2013-09-20--Tekin Suleyman
6	1	app/models/edition.rb
1	1	app/models/email_curation_queue_item.rb
8	0	test/unit/edition_test.rb

--3f864d58ce--2013-09-20--Tekin Suleyman
2	0	app/views/admin/speeches/_form.html.erb

--a53866bf4e--2013-09-20--Tekin Suleyman
27	3	app/helpers/organisation_helper.rb
4	0	app/models/organisation.rb
1	15	app/views/organisations/not_live.html.erb
0	42	test/functional/organisations_controller_test.rb
48	1	test/unit/helpers/organisation_helper_test.rb

--60595735c9--2013-09-20--Bradley Wright
1	1	app/helpers/document_filter_helper.rb
4	0	app/models/organisation/organisation_type_concern.rb

--b9e703fccc--2013-09-17--Matthew Ford
5	1	app/helpers/public_document_routes_helper.rb

--65fd193ac8--2013-09-19--Bradley Wright
--93a3632470--2013-09-19--Bradley Wright
--58fc4f52d9--2013-09-19--Tekin Suleyman
17	17	config/locales/cy.yml

--9fafbb6abe--2013-09-19--Tekin Suleyman
6	4	app/models/publication.rb
6	11	test/unit/publication_test.rb

--8de3046047--2013-09-19--Tekin Suleyman
9	0	app/assets/stylesheets/frontend/views/_publications.scss
2	1	app/models/publication.rb
5	2	app/views/admin/publications/_form.html.erb
7	0	app/views/publications/_document_summary.html.erb
4	0	features/publications.feature
16	0	features/step_definitions/publication_steps.rb
10	0	test/unit/publication_test.rb

--1ea0843aca--2013-09-19--Tekin Suleyman
10	0	app/views/consultations/_document_summary.html.erb
4	21	app/views/consultations/show.html.erb

--5ddd70c13a--2013-09-19--Tekin Suleyman
1	2	app/models/consultation.rb
8	0	app/models/edition/can_be_external.rb
0	31	app/views/admin/consultations/_additional_significant_fields.html.erb
25	0	app/views/admin/consultations/_form.html.erb
7	0	app/views/admin/editions/_external_fields.html.erb

--e9ab5e7ef9--2013-09-19--Bradley Wright
--41bde38349--2013-09-19--Tekin Suleyman
13	0	test/support/model_helpers.rb
1	0	test/unit/consultation_test.rb

--104c97cce0--2013-09-19--Will Tomlins
1	0	Gemfile
8	0	Gemfile.lock

--05924afb2c--2013-09-19--Elliot Crosby-McCullough
3	3	app/models/import.rb
0	1	app/models/import_log.rb
1	1	lib/whitehall/uploader/attachment_cache.rb
2	3	lib/whitehall/uploader/finders/news_article_type_finder.rb

--859c93a2f4--2013-09-19--Elliot Crosby-McCullough
0	4	app/helpers/admin/import_helper.rb
6	2	app/models/import.rb
2	2	app/views/admin/imports/show.html.erb

--fb7c59c405--2013-09-19--Elliot Crosby-McCullough
0	0	test/{unit/uploader => support}/importer_test_logger.rb
1	1	test/unit/uploader/attachment_cache_test.rb
1	1	test/unit/uploader/builders/attachment_builder_test.rb
1	1	test/unit/uploader/finders/ministerial_roles_finder_test.rb
1	1	test/unit/uploader/finders/organisation_finder_test.rb
1	1	test/unit/uploader/finders/policies_finder_test.rb
1	1	test/unit/uploader/finders/publication_type_finder_test.rb
1	1	test/unit/uploader/finders/role_appointments_finder_test.rb
1	1	test/unit/uploader/finders/speech_type_finder_test.rb
1	1	test/unit/uploader/finders/world_locations_finder_test.rb
1	1	test/unit/uploader/speech_row_test.rb

--b63dadecbb--2013-09-18--Elliot Crosby-McCullough
1	1	app/models/import_log.rb
2	2	db/schema.rb
1	1	lib/whitehall/uploader/fatality_notice_image_cache.rb
1	1	lib/whitehall/uploader/finders/policies_finder.rb
1	1	lib/whitehall/uploader/finders/slugged_model_finder.rb
1	1	lib/whitehall/uploader/parsers/date_parser.rb

--27c76a64ec--2013-09-18--Elliot Crosby-McCullough
3	1	features/support/import_helpers.rb
4	1	test/integration/dclg_consultation_import_test.rb
4	1	test/integration/dft_publication_import_with_json_test.rb
4	1	test/integration/official_docs_import_test.rb
5	1	test/integration/statistical_data_set_import_test.rb
4	1	test/unit/import_test.rb

--ff51134422--2013-09-18--Elliot Crosby-McCullough
1	1	app/models/import.rb

--b83ed02e9a--2013-09-18--Elliot Crosby-McCullough
36	50	app/models/import.rb
8	7	lib/whitehall/uploader/attachment_cache.rb
2	2	lib/whitehall/uploader/builders/attachment_builder.rb
1	1	lib/whitehall/uploader/case_study_row.rb
5	5	lib/whitehall/uploader/detailed_guide_row.rb
3	2	lib/whitehall/uploader/fatality_notice_image_cache.rb
1	1	lib/whitehall/uploader/fatality_notice_row.rb
2	2	lib/whitehall/uploader/finders/ministerial_roles_finder.rb
1	1	lib/whitehall/uploader/finders/news_article_type_finder.rb
1	1	lib/whitehall/uploader/finders/operational_field_finder.rb
1	1	lib/whitehall/uploader/finders/organisation_finder.rb
1	1	lib/whitehall/uploader/finders/policies_finder.rb
1	1	lib/whitehall/uploader/finders/publication_type_finder.rb
2	2	lib/whitehall/uploader/finders/role_appointments_finder.rb
3	2	lib/whitehall/uploader/finders/slugged_model_finder.rb
1	1	lib/whitehall/uploader/finders/speech_type_finder.rb
1	1	lib/whitehall/uploader/finders/world_locations_finder.rb
1	1	lib/whitehall/uploader/parsers/date_parser.rb
3	3	lib/whitehall/uploader/parsers/old_url_parser.rb
1	1	lib/whitehall/uploader/publication_row.rb
1	1	lib/whitehall/uploader/row.rb
1	1	lib/whitehall/uploader/speech_row.rb
1	1	lib/whitehall/uploader/statistical_data_set_row.rb
28	26	test/unit/uploader/attachment_cache_test.rb
2	1	test/unit/uploader/builders/attachment_builder_test.rb
4	3	test/unit/uploader/detailed_guide_row_test.rb
3	2	test/unit/uploader/finders/ministerial_roles_finder_test.rb
2	1	test/unit/uploader/finders/organisation_finder_test.rb
2	1	test/unit/uploader/finders/policies_finder_test.rb
2	1	test/unit/uploader/finders/publication_type_finder_test.rb
3	2	test/unit/uploader/finders/role_appointments_finder_test.rb
3	2	test/unit/uploader/finders/slugged_model_finder_test.rb
2	1	test/unit/uploader/finders/speech_type_finder_test.rb
2	1	test/unit/uploader/finders/world_locations_finder_test.rb
9	0	test/unit/uploader/importer_test_logger.rb
5	4	test/unit/uploader/news_article_row_test.rb
2	2	test/unit/uploader/parsers/date_parser_test.rb
1	1	test/unit/uploader/parsers/old_url_parser_test.rb
6	5	test/unit/uploader/publication_row_test.rb
2	1	test/unit/uploader/speech_row_test.rb

--c63d4fdde6--2013-09-18--Elliot Crosby-McCullough
1	1	app/models/import_log.rb

--4b98995b09--2013-09-18--Elliot Crosby-McCullough
5	1	app/helpers/admin/import_helper.rb
12	0	app/models/import.rb
4	0	app/views/admin/imports/show.html.erb

--6ed2901f7e--2013-09-18--Elliot Crosby-McCullough
10	0	db/migrate/20130916105832_increase_dj_handler_field_size.rb
2	2	db/schema.rb

--900d2367ab--2013-09-18--Elliot Crosby-McCullough
1	0	app/models/import.rb