--09e7f68d24--2013-08-28--Matthew Ford
--1543d33758--2013-08-28--Tekin Suleyman
2	2	app/views/admin/editions/_filter_options.html.erb

--7f10b78524--2013-08-28--Tekin Suleyman
1	1	app/assets/javascripts/admin/edition_publishing.js
0	2	features/step_definitions/topic_assigment_steps.rb
5	13	features/support/chzn_helpers.rb

--83be8e0b50--2013-08-28--Bradley Wright
--88e2571262--2013-08-28--rjc123
1	1	app/views/home/how_government_works.html.erb

--de618775e9--2013-08-28--Tekin Suleyman
7	0	app/assets/stylesheets/admin/views/_editions-index.scss
7	7	app/views/admin/editions/_filter_options.html.erb

--0aa14f98ad--2013-08-28--Tekin Suleyman
2	1	app/assets/javascripts/admin/on_ready.js
1	1	app/helpers/admin/editions_helper.rb
3	2	app/views/admin/editions/_filter_options.html.erb

--f304993d93--2013-08-28--Tekin Suleyman
21	12	app/helpers/admin/edition_actions_helper.rb
34	35	app/models/admin/edition_filter.rb
2	2	app/models/edition.rb
2	3	app/models/news_article.rb
0	4	app/models/news_article_type.rb
2	3	app/models/publication.rb
0	4	app/models/publication_type.rb
2	3	app/models/speech.rb
0	4	app/models/speech_type.rb
2	2	app/views/admin/editions/_filter_options.html.erb
1	1	features/admin-filtering-documents.feature
20	2	test/unit/admin/edition_filter_test.rb

--3918c8e473--2013-08-28--Matthew Ford
--1dd0e0d005--2013-08-28--Matthew Ford
--d185b5015c--2013-08-27--Tekin Suleyman
2	2	app/assets/javascripts/admin/date_filters.js

--c9e4f270d6--2013-08-27--Tekin Suleyman
4	0	app/assets/stylesheets/admin/views/_editions-index.scss

--1250d93b98--2013-08-27--Tekin Suleyman
-	-	app/assets/images/vendor/chosen-sprite.png
-	-	app/assets/images/vendor/chosen-sprite@2x.png
623	409	app/assets/javascripts/admin/chosen.jquery.js
2	2	app/assets/javascripts/admin/on_ready.js
312	274	app/assets/stylesheets/vendor/chosen.css

--756f195f95--2013-08-27--Tekin Suleyman
9	8	app/assets/stylesheets/admin/views/_editions-index.scss
1	1	app/helpers/admin/edition_actions_helper.rb
1	1	app/views/admin/editions/_filter_options.html.erb
2	2	app/views/admin/editions/index.html.erb

--5a46fea3db--2013-08-27--Tekin Suleyman
3	2	app/assets/javascripts/admin/on_ready.js
9	8	app/helpers/admin/editions_helper.rb
1	3	app/views/admin/editions/_filter_options.html.erb

--5ac9a39229--2013-08-27--Tekin Suleyman
6	6	app/views/admin/editions/_filter_options.html.erb
6	15	features/step_definitions/document_steps.rb
3	11	features/step_definitions/editorial_remarks.rb
0	1	features/step_definitions/organisation_steps.rb
3	4	features/step_definitions/policy_steps.rb
0	1	features/step_definitions/supporting_page_steps.rb
0	2	features/step_definitions/world_location_steps.rb
11	0	features/support/edition_filtering_helper.rb

--0174d4a57b--2013-08-27--Tekin Suleyman
0	2	app/assets/javascripts/admin/edition_select_filter.js
7	7	app/views/admin/editions/_filter_options.html.erb

--b1444ee4ef--2013-08-23--russell thorn
107	1	app/assets/stylesheets/admin/views/_editions-index.scss
76	64	app/views/admin/editions/_filter_options.html.erb
4	4	app/views/admin/editions/index.html.erb

--67ada7f1be--2013-08-22--Ben Firshman
2	48	app/assets/stylesheets/admin/views/_editions-index.scss
73	87	app/views/admin/editions/_filter_options.html.erb

--d07c6c235e--2013-08-22--Ben Firshman
0	8	app/assets/javascripts/admin/world_location_filter.js

--9d95b22bce--2013-08-22--Ben Firshman
2	9	app/controllers/admin/editions_controller.rb
9	1	app/helpers/admin/editions_helper.rb
4	2	app/models/admin/edition_filter.rb
12	16	app/views/admin/editions/_filter_options.html.erb
0	7	test/functional/admin/editions_controller_test.rb
12	3	test/unit/admin/edition_filter_test.rb

--5dc22e1b2c--2013-08-22--Ben Firshman
0	8	app/assets/javascripts/admin/author_filter.js
0	8	app/assets/javascripts/admin/edition_kind_filter.js
9	0	app/assets/javascripts/admin/edition_select_filter.js
0	8	app/assets/javascripts/admin/organisation_filter.js
16	6	app/helpers/admin/editions_helper.rb
26	17	app/views/admin/editions/_filter_options.html.erb

--064d12584b--2013-08-22--Ben Firshman
15	0	app/helpers/admin/editions_helper.rb
7	10	app/views/admin/editions/_filter_options.html.erb
2	2	features/admin-filtering-documents.feature
7	0	features/step_definitions/document_steps.rb

--b452972829--2013-08-22--russell thorn
1	1	app/assets/stylesheets/admin/base.scss
1	1	app/assets/stylesheets/admin/{document_index.scss => views/_editions-index.scss}
1	1	app/views/admin/editions/index.html.erb

--f580546c28--2013-08-24--Tekin Suleyman
1	3	app/helpers/govspeak_helper.rb

--b878862b6d--2013-08-23--Tekin Suleyman
8	2	app/assets/stylesheets/frontend/views/_html-publications.scss
9	2	app/helpers/govspeak_helper.rb
3	3	app/views/html_versions/show.html.erb
8	0	test/unit/helpers/govspeak_helper_test.rb

--c3b7c354bf--2013-08-23--Tekin Suleyman
9	0	app/assets/javascripts/admin/on_ready.js
10	1	app/views/admin/editions/_html_version_fields.html.erb

--c0d7cd7dfd--2013-08-23--Tekin Suleyman
7	7	app/helpers/govspeak_helper.rb
4	4	test/unit/helpers/govspeak_helper_test.rb

--27f1299d67--2013-08-23--Tekin Suleyman
9	1	app/helpers/govspeak_helper.rb
1	0	app/views/admin/editions/_html_version_fields.html.erb
1	1	app/views/html_versions/show.html.erb

--86a8241ee8--2013-08-23--Tekin Suleyman
16	0	app/helpers/govspeak_helper.rb
6	0	test/unit/helpers/govspeak_helper_test.rb

--60ba44eea9--2013-08-23--Tekin Suleyman
11	13	app/helpers/govspeak_helper.rb
1	1	app/views/html_versions/show.html.erb
14	23	test/unit/helpers/govspeak_helper_test.rb

--0654283635--2013-08-23--Tekin Suleyman
5	0	db/migrate/20130823095707_add_numbering_flag_to_html_versions.rb
3	2	db/schema.rb

--296482254c--2013-08-19--Tim Abell
9	0	app/models/publication.rb
3	3	features/step_definitions/force_publishing_imports_steps.rb
2	0	features/support/document_helper.rb
3	7	test/factories/publications.rb
4	4	test/functional/html_versions_controller_test.rb
2	1	test/support/admin_edition_controller_test_helpers.rb
6	6	test/unit/edition/html_version_test.rb
1	1	test/unit/helpers/document_helper_test.rb
10	2	test/unit/publication_test.rb