--098bbf0baf--2013-07-08--Bradley Wright
--114f3c2729--2013-07-08--Tekin Suleyman
--4c00ae419e--2013-07-08--Tekin Suleyman
1	1	test/functional/admin/about_pages_controller_test.rb

--2d651ceca8--2013-07-08--David Heath
2	1	config/routes.rb

--52a5069668--2013-07-05--Graham Ashton
1	1	app/views/about_pages/show.html.erb

--28376ae927--2013-07-05--Graham Ashton
5	8	app/controllers/about_pages_controller.rb
13	30	app/controllers/admin/about_pages_controller.rb
2	2	app/models/about_page.rb
1	1	app/models/topical_event.rb
6	6	app/views/about_pages/show.html.erb
2	2	app/views/admin/about_pages/_form.html.erb
1	1	app/views/admin/about_pages/edit.html.erb
1	1	app/views/admin/about_pages/new.html.erb
9	9	app/views/admin/about_pages/show.html.erb
1	2	db/migrate/20130627123819_create_about_pages.rb
1	2	db/schema.rb
2	2	test/functional/about_pages_controller_test.rb
10	10	test/functional/admin/about_pages_controller_test.rb
1	1	test/unit/about_page_test.rb

--3579f6fb76--2013-07-05--Graham Ashton
2	0	app/models/about_page.rb

--500c81ac11--2013-07-03--Graham Ashton
4	4	app/models/about_page.rb

--2f9c296554--2013-07-02--Graham Ashton
2	0	app/assets/stylesheets/frontend/views/_about_pages.scss

--89b4358b41--2013-07-02--Graham Ashton
29	0	features/step_definitions/topical_event_steps.rb
6	0	features/topical_events.feature

--7091b00dec--2013-07-02--Graham Ashton
1	3	app/views/admin/about_pages/_form.html.erb
1	1	app/views/admin/about_pages/edit.html.erb
1	1	app/views/admin/about_pages/new.html.erb
6	4	test/integration/page_title_test.rb

--97b7723bd5--2013-07-02--Graham Ashton
8	2	test/integration/navigation_selection_test.rb
7	3	test/integration/page_title_test.rb

--d7e26d02aa--2013-07-02--Graham Ashton
1	1	app/helpers/application_helper.rb

--d55b9dd03a--2013-06-28--Graham Ashton
1	1	app/views/admin/about_pages/show.html.erb

--ef9c6c6725--2013-06-28--Graham Ashton
15	0	app/models/about_page.rb
10	0	test/unit/about_page_test.rb

--8ada2bd3e4--2013-06-28--Graham Ashton
1	0	app/assets/stylesheets/frontend/base.scss
1	0	app/assets/stylesheets/frontend/helpers/_dash-list.scss
38	0	app/assets/stylesheets/frontend/views/_about_pages.scss
10	0	app/controllers/about_pages_controller.rb
26	0	app/views/about_pages/show.html.erb
1	11	app/views/corporate_information_pages/show.html.erb
10	0	app/views/shared/_govspeak_header_contents.html.erb
2	1	app/views/shared/_heading.html.erb
3	1	config/routes.rb
10	0	test/functional/about_pages_controller_test.rb

--0a6b0855c4--2013-06-28--Graham Ashton
5	0	app/assets/stylesheets/frontend/views/_topical-events.scss
5	0	app/views/topical_events/show.html.erb

--1d31afd831--2013-06-28--Graham Ashton
31	15	app/views/admin/about_pages/_form.html.erb
1	10	app/views/admin/about_pages/edit.html.erb
1	10	app/views/admin/about_pages/new.html.erb

--8b8fbf57b7--2013-06-28--Graham Ashton
1	1	app/views/admin/about_pages/_form.html.erb
1	1	app/views/admin/about_pages/new.html.erb

--2db0f68280--2013-06-27--Graham Ashton
19	2	app/controllers/admin/about_pages_controller.rb
15	0	app/views/admin/about_pages/_form.html.erb
10	0	app/views/admin/about_pages/edit.html.erb
2	16	app/views/admin/about_pages/new.html.erb
4	4	app/views/admin/about_pages/show.html.erb
12	0	test/functional/admin/about_pages_controller_test.rb

--ea9cc473b7--2013-06-27--Graham Ashton
9	5	app/views/admin/about_pages/show.html.erb

--2a64da0229--2013-06-27--Graham Ashton
22	2	app/controllers/admin/about_pages_controller.rb
1	1	app/helpers/admin/topical_event_helper.rb
10	0	app/models/about_page.rb
2	0	app/models/topical_event.rb
24	0	app/views/admin/about_pages/new.html.erb
26	13	app/views/admin/about_pages/show.html.erb
15	0	db/migrate/20130627123819_create_about_pages.rb
12	1	db/schema.rb
8	0	test/factories/about_page.rb
14	2	test/functional/admin/about_pages_controller_test.rb
0	11	test/functional/admin/topical_events_controller_test.rb

--abc01cc9e0--2013-06-27--Graham Ashton
28	0	app/controllers/admin/about_pages_controller.rb
1	1	app/controllers/admin/classifications_controller.rb
0	3	app/controllers/admin/topical_events_controller.rb
1	1	app/helpers/admin/topical_event_helper.rb
20	0	app/views/admin/about_pages/show.html.erb
2	2	app/views/admin/classification_featurings/index.html.erb
2	2	app/views/admin/classifications/show.html.erb
4	4	app/views/admin/{classifications => topical_events}/_tab_wrapper.html.erb
0	20	app/views/admin/topical_events/about.html.erb
1	3	config/routes.rb
15	0	test/functional/admin/about_pages_controller_test.rb

--41407c3bb2--2013-06-27--Graham Ashton
1	1	app/controllers/admin/classifications_controller.rb
2	0	app/controllers/admin/topical_events_controller.rb
1	0	app/helpers/admin/topical_event_helper.rb
20	0	app/views/admin/topical_events/about.html.erb
3	0	config/routes.rb
10	0	test/functional/admin/topical_events_controller_test.rb

--c10d6b1d74--2013-06-27--Graham Ashton
3	3	app/views/admin/classifications/show.html.erb

--38e64381b9--2013-06-27--Graham Ashton
4	0	app/assets/stylesheets/admin/classifications.scss
47	54	app/views/admin/classification_featurings/index.html.erb
16	0	app/views/admin/classifications/_tab_wrapper.html.erb
39	50	app/views/admin/classifications/show.html.erb

--71c54d2da1--2013-06-27--Graham Ashton
2	3	app/controllers/admin/classifications_controller.rb
2	2	app/views/admin/classifications/_form.html.erb
4	4	app/views/admin/classifications/edit.html.erb
3	3	app/views/admin/classifications/new.html.erb

--9a47cdae5a--2013-06-26--Graham Ashton
2	4	app/views/admin/topical_events/index.html.erb
1	1	app/views/admin/topics/index.html.erb

--f25a2e2040--2013-06-26--Graham Ashton
33	33	features/topical_events.feature

--f3196802ef--2013-06-26--Graham Ashton
1	0	app/assets/stylesheets/admin/base.scss
6	0	app/assets/stylesheets/admin/classifications.scss
4	4	app/helpers/topics_helper.rb
2	2	app/views/admin/classifications/show.html.erb
5	5	app/views/admin/topical_events/index.html.erb
6	6	test/unit/helpers/topics_helper_test.rb

--eed8eab385--2013-06-26--Graham Ashton
5	4	app/controllers/admin/classifications_controller.rb
0	1	app/views/admin/topical_events/index.html.erb
0	1	app/views/admin/topics/index.html.erb

--ff01f56182--2013-06-25--David Heath
1	1	app/controllers/admin/classifications_controller.rb
2	0	app/helpers/admin/tabbed_nav_helper.rb
9	0	app/helpers/admin/topical_event_helper.rb
58	0	app/views/admin/classifications/show.html.erb
1	1	config/routes.rb