--9435be15f3--2013-06-20--David Heath
--66b4dbf290--2013-06-20--David Heath
0	1	.rvmrc
21	25	Gemfile
142	181	Gemfile.lock
3	14	README.md
0	2	app/controllers/admin/editions_controller.rb
2	6	app/controllers/uploads_controller_helper.rb
3	3	app/helpers/govspeak_helper.rb
1	1	app/helpers/locale_helper.rb
2	14	app/models/case_study.rb
4	4	app/models/edition.rb
5	7	app/models/edition/appointment.rb
2	4	app/models/edition/document_series.rb
16	18	app/models/edition/limited_access.rb
3	4	app/models/edition/related_policies.rb
2	4	app/models/edition/role_appointments.rb
57	60	app/models/edition/scheduled_publishing.rb
2	4	app/models/edition/topical_events.rb
2	4	app/models/edition/topics.rb
2	4	app/models/edition/world_locations.rb
1	0	app/models/edition/worldwide_priorities.rb
2	14	app/models/newsesque.rb
1	1	app/presenters/api/page_presenter.rb
1	1	app/presenters/document_filter_presenter.rb
2	2	app/views/admin/editions/_nation_fields.html.erb
0	2	app/views/admin/editions/_navigation.html.erb
2	2	app/views/kaminari/_next_page.html.erb
1	1	app/views/kaminari/_paginator.html.erb
2	2	app/views/kaminari/_prev_page.html.erb
1	1	app/views/kaminari/audit_trail/_next_page.html.erb
1	1	app/views/kaminari/audit_trail/_paginator.html.erb
1	1	app/views/kaminari/audit_trail/_prev_page.html.erb
3	0	config/application.rb
0	16	config/initializers/all_requests_remote.rb
0	3	config/initializers/mime_types.rb
1	1	db/migrate/20111013062739_add_key_to_document_identities.rb
1	1	db/migrate/20111015100013_reshuffle_following_liam_fox_resignation.rb
1	1	db/migrate/20111017131540_correctly_add_key_to_document_identities.rb
1	1	db/migrate/20111018145329_add_bounding_times_to_ministerial_appointment.rb
1	1	db/migrate/20111019133513_change_ministerial_appointments_bounds_to_datetimes.rb
1	1	db/migrate/20111102104140_create_document_attachments.rb
5	5	db/migrate/20111219151159_documents_are_related_to_policies.rb
1	1	db/migrate/20120120145812_add_first_published_at_to_documents.rb
1	1	db/migrate/20120126121308_add_title_to_attachments.rb
1	1	db/migrate/20120220103056_populate_summaries_for_policies.rb
1	1	db/migrate/20120222150537_create_social_media_accounts.rb
1	1	db/migrate/20120608123237_remove_non_ssl_edition_video_urls.rb
1	1	db/migrate/20120611092053_remove_ssl_edition_video_urls.rb
0	4	features/audit-trail.feature
0	1	features/editing-attachments.feature
0	1	features/importing-new-editions.feature
3	18	features/step_definitions/audit_trail_steps.rb
11	8	features/step_definitions/consultation_steps.rb
7	4	features/step_definitions/document_series_steps.rb
15	12	features/step_definitions/document_steps.rb
2	2	features/step_definitions/fatalities_steps.rb
1	1	features/step_definitions/historic_appointment_steps.rb
4	4	features/step_definitions/html_version_steps.rb
2	2	features/step_definitions/image_steps.rb
5	5	features/step_definitions/import_steps.rb
1	1	features/step_definitions/mainstream_categories_on_orgs_steps.rb
3	3	features/step_definitions/news_article_steps.rb
5	5	features/step_definitions/organisation_steps.rb
8	6	features/step_definitions/policy_steps.rb
3	3	features/step_definitions/promotional_features_steps.rb
14	9	features/step_definitions/publication_steps.rb
5	3	features/step_definitions/role_steps.rb
3	3	features/step_definitions/speech_steps.rb
3	3	features/step_definitions/speed_tagging_steps.rb
9	9	features/step_definitions/supporting_page_steps.rb
1	1	features/step_definitions/take_part_pages_steps.rb
3	3	features/step_definitions/topical_event_steps.rb
10	4	features/step_definitions/upload_steps.rb
1	1	features/step_definitions/viewing_published_statistical_data_sets_steps.rb
6	5	features/step_definitions/world_location_news_article_steps.rb
1	1	features/step_definitions/world_location_steps.rb
3	2	features/step_definitions/worldwide_organisation_steps.rb
6	2	features/support/attachment_helper.rb
2	2	features/support/capybara.rb
29	19	features/support/document_helper.rb
17	18	features/support/env.rb
30	1	features/support/javascript.rb
0	4	features/world-location-news.feature
4	0	lib/locale.rb
0	11	lib/patches/becomes_includes_errors.rb
7	10	lib/tasks/cucumber.rake
0	3	script/clean_change_notes.rb
0	8	script/delete_duplicate_contacts.rb
0	15	script/dump_all_admin_to_public_documents_and_non_documents.rb
0	13	script/migrate_news_article_images.rb
0	75	script/transform_import_script_to_use_s3_for_attachments_with_no_extension.rb
1	1	test/factories/classifications.rb
1	1	test/factories/editions.rb
2	2	test/factories/mainstream_categories.rb
1	1	test/factories/people.rb
1	1	test/factories/policies.rb
1	1	test/factories/publications.rb
1	1	test/factories/topical_events.rb
1	1	test/factories/topics.rb
9	9	test/functional/admin/consultations_controller_test.rb
2	2	test/functional/admin/detailed_guides_controller_test.rb
8	8	test/functional/admin/edition_workflow_controller_test.rb
0	6	test/functional/admin/editions_controller_test.rb
2	2	test/functional/admin/fatality_notices_controller_test.rb
2	2	test/functional/admin/generic_editions_controller_tests/audit_trail_test.rb
1	1	test/functional/admin/news_articles_controller_test.rb
1	1	test/functional/admin/policies_controller_test.rb
4	4	test/functional/admin/publications_controller_test.rb
1	1	test/functional/admin/speeches_controller_test.rb
1	1	test/functional/admin/worldwide_organisations_controller_test.rb
13	14	test/functional/hackable_url_test.rb
8	10	test/support/admin_edition_controller_scheduled_publishing_test_helpers.rb
41	41	test/support/admin_edition_controller_test_helpers.rb
1	1	test/support/admin_edition_world_locations_behaviour.rb
2	2	test/support/tests_for_national_applicability.rb
3	3	test/unit/classification_test.rb
1	5	test/unit/edition/first_image_pulled_out_test.rb
5	4	test/unit/edition/publishing_test.rb
0	11	test/unit/edition_publishing_worker_test.rb
0	28	test/unit/edition_test.rb
2	2	test/unit/presenters/api/page_presenter_test.rb
1	1	test/unit/presenters/document_filter_presenter_test.rb
1	1	test/unit/whitehall/document_filter/mysql_test.rb
1	1	test/unit/whitehall/exporters/document_mappings_test.rb
0	0	vendor/plugins/.gitkeep

--0eec9c2472--2013-06-20--Tekin Suleyman
2	1	features/step_definitions/policy_steps.rb

--62ce0a8772--2013-06-20--Tekin Suleyman
1	1	Gemfile
4	3	Gemfile.lock

--bd83ffa2d6--2013-06-20--Tekin Suleyman
1	1	Gemfile
8	4	Gemfile.lock
5	5	features/support/javascript.rb