--c9ec94f4fd--2013-06-20--Tekin Suleyman
--19675aacc3--2013-06-20--Tekin Suleyman
0	1	features/admin-dashboard.feature

--783951bc06--2013-06-20--russell thorn
8	9	app/assets/stylesheets/frontend/helpers/_headings.scss
0	8	app/assets/stylesheets/frontend/views/_world_locations.scss
0	1	app/views/organisations/_header.html.erb
0	1	app/views/world_locations/show.html.erb

--4a11378fff--2013-06-20--russell thorn
1	1	app/assets/stylesheets/frontend/helpers/_headings.scss
1	1	app/views/world_locations/show.html.erb

--5c49c80c9d--2013-06-20--David Heath
1	0	.rvmrc
25	21	Gemfile
181	142	Gemfile.lock
14	3	README.md
2	0	app/controllers/admin/editions_controller.rb
6	2	app/controllers/uploads_controller_helper.rb
3	3	app/helpers/govspeak_helper.rb
1	1	app/helpers/locale_helper.rb
14	2	app/models/case_study.rb
4	4	app/models/edition.rb
7	5	app/models/edition/appointment.rb
4	2	app/models/edition/document_series.rb
18	16	app/models/edition/limited_access.rb
4	3	app/models/edition/related_policies.rb
4	2	app/models/edition/role_appointments.rb
60	57	app/models/edition/scheduled_publishing.rb
4	2	app/models/edition/topical_events.rb
4	2	app/models/edition/topics.rb
4	2	app/models/edition/world_locations.rb
0	1	app/models/edition/worldwide_priorities.rb
14	2	app/models/newsesque.rb
1	1	app/presenters/api/page_presenter.rb
1	1	app/presenters/document_filter_presenter.rb
2	2	app/views/admin/editions/_nation_fields.html.erb
2	0	app/views/admin/editions/_navigation.html.erb
2	2	app/views/kaminari/_next_page.html.erb
1	1	app/views/kaminari/_paginator.html.erb
2	2	app/views/kaminari/_prev_page.html.erb
1	1	app/views/kaminari/audit_trail/_next_page.html.erb
1	1	app/views/kaminari/audit_trail/_paginator.html.erb
1	1	app/views/kaminari/audit_trail/_prev_page.html.erb
0	3	config/application.rb
16	0	config/initializers/all_requests_remote.rb
3	0	config/initializers/mime_types.rb
1	1	db/migrate/20111013062739_add_key_to_document_identities.rb
1	1	db/migrate/20111015100013_reshuffle_following_liam_fox_resignation.rb
1	1	db/migrate/20111017131540_correctly_add_key_to_document_identities.rb
1	1	db/migrate/20111018145329_add_bounding_times_to_ministerial_appointment.rb
1	1	db/migrate/20111019133513_change_ministerial_appointments_bounds_to_datetimes.rb
1	1	db/migrate/20111102104140_create_document_attachments.rb
5	5	db/migrate/20111219151159_documents_are_related_to_policies.rb
1	1	db/migrate/20120120145812_add_first_published_at_to_documents.rb
1	1	db/migrate/20120126121308_add_title_to_attachments.rb
1	1	db/migrate/20120220103056_populate_summaries_for_policies.rb
1	1	db/migrate/20120222150537_create_social_media_accounts.rb
1	1	db/migrate/20120608123237_remove_non_ssl_edition_video_urls.rb
1	1	db/migrate/20120611092053_remove_ssl_edition_video_urls.rb
4	0	features/audit-trail.feature
1	0	features/editing-attachments.feature
1	0	features/importing-new-editions.feature
18	3	features/step_definitions/audit_trail_steps.rb
8	11	features/step_definitions/consultation_steps.rb
4	7	features/step_definitions/document_series_steps.rb
12	15	features/step_definitions/document_steps.rb
2	2	features/step_definitions/fatalities_steps.rb
1	1	features/step_definitions/historic_appointment_steps.rb
4	4	features/step_definitions/html_version_steps.rb
2	2	features/step_definitions/image_steps.rb
5	5	features/step_definitions/import_steps.rb
1	1	features/step_definitions/mainstream_categories_on_orgs_steps.rb
3	3	features/step_definitions/news_article_steps.rb
5	5	features/step_definitions/organisation_steps.rb
6	8	features/step_definitions/policy_steps.rb
3	3	features/step_definitions/promotional_features_steps.rb
9	14	features/step_definitions/publication_steps.rb
3	5	features/step_definitions/role_steps.rb
3	3	features/step_definitions/speech_steps.rb
3	3	features/step_definitions/speed_tagging_steps.rb
9	9	features/step_definitions/supporting_page_steps.rb
1	1	features/step_definitions/take_part_pages_steps.rb
3	3	features/step_definitions/topical_event_steps.rb
4	10	features/step_definitions/upload_steps.rb
1	1	features/step_definitions/viewing_published_statistical_data_sets_steps.rb
5	6	features/step_definitions/world_location_news_article_steps.rb
1	1	features/step_definitions/world_location_steps.rb
2	3	features/step_definitions/worldwide_organisation_steps.rb
2	6	features/support/attachment_helper.rb
2	2	features/support/capybara.rb
19	29	features/support/document_helper.rb
18	17	features/support/env.rb
1	30	features/support/javascript.rb
4	0	features/world-location-news.feature
0	4	lib/locale.rb
11	0	lib/patches/becomes_includes_errors.rb
10	7	lib/tasks/cucumber.rake
3	0	script/clean_change_notes.rb
8	0	script/delete_duplicate_contacts.rb
15	0	script/dump_all_admin_to_public_documents_and_non_documents.rb
13	0	script/migrate_news_article_images.rb
75	0	script/transform_import_script_to_use_s3_for_attachments_with_no_extension.rb
1	1	test/factories/classifications.rb
1	1	test/factories/editions.rb
2	2	test/factories/mainstream_categories.rb
1	1	test/factories/people.rb
1	1	test/factories/policies.rb
1	1	test/factories/publications.rb
1	1	test/factories/topical_events.rb
1	1	test/factories/topics.rb
9	9	test/functional/admin/consultations_controller_test.rb
2	2	test/functional/admin/detailed_guides_controller_test.rb
8	8	test/functional/admin/edition_workflow_controller_test.rb
6	0	test/functional/admin/editions_controller_test.rb
2	2	test/functional/admin/fatality_notices_controller_test.rb
2	2	test/functional/admin/generic_editions_controller_tests/audit_trail_test.rb
1	1	test/functional/admin/news_articles_controller_test.rb
1	1	test/functional/admin/policies_controller_test.rb
4	4	test/functional/admin/publications_controller_test.rb
1	1	test/functional/admin/speeches_controller_test.rb
1	1	test/functional/admin/worldwide_organisations_controller_test.rb
14	13	test/functional/hackable_url_test.rb
10	8	test/support/admin_edition_controller_scheduled_publishing_test_helpers.rb
41	41	test/support/admin_edition_controller_test_helpers.rb
1	1	test/support/admin_edition_world_locations_behaviour.rb
2	2	test/support/tests_for_national_applicability.rb
3	3	test/unit/classification_test.rb
5	1	test/unit/edition/first_image_pulled_out_test.rb
4	5	test/unit/edition/publishing_test.rb
11	0	test/unit/edition_publishing_worker_test.rb
28	0	test/unit/edition_test.rb
2	2	test/unit/presenters/api/page_presenter_test.rb
1	1	test/unit/presenters/document_filter_presenter_test.rb
1	1	test/unit/whitehall/document_filter/mysql_test.rb
1	1	test/unit/whitehall/exporters/document_mappings_test.rb
0	0	vendor/plugins/.gitkeep

--c06ebf15be--2013-06-20--Edd Sowden
1	1	app/views/people/show.html.erb