--eb1248fc5d--2013-06-19--David Heath
--477400e500--2013-06-17--Matthew Ford
0	2	app/views/admin/editions/_navigation.html.erb
0	4	features/audit-trail.feature
0	16	features/step_definitions/audit_trail_steps.rb
1	2	features/step_definitions/document_series_steps.rb
13	10	features/step_definitions/document_steps.rb
2	2	features/step_definitions/fatalities_steps.rb
2	2	features/step_definitions/html_version_steps.rb
3	3	features/step_definitions/news_article_steps.rb
2	2	features/step_definitions/publication_steps.rb
1	1	features/step_definitions/world_location_news_article_steps.rb
1	1	features/support/document_helper.rb
2	2	test/functional/admin/generic_editions_controller_tests/audit_trail_test.rb

--efe50cd712--2013-06-19--russell thorn
6	0	app/assets/stylesheets/frontend/views/_worldwide_organisations.scss

--6826c24109--2013-06-17--Matthew Ford
2	2	features/step_definitions/organisation_steps.rb

--6c8889c2be--2013-06-13--Matthew Ford
0	3	script/clean_change_notes.rb
0	8	script/delete_duplicate_contacts.rb
0	15	script/dump_all_admin_to_public_documents_and_non_documents.rb
0	13	script/migrate_news_article_images.rb
0	75	script/transform_import_script_to_use_s3_for_attachments_with_no_extension.rb

--1b5771fee7--2013-06-13--Matthew Ford
0	1	.rvmrc

--85f0a95a00--2013-06-13--Matthew Ford
3	14	README.md

--73f88523ce--2013-06-12--Tekin Suleyman
2	2	Gemfile
3	3	Gemfile.lock

--7c10b0b4cb--2013-06-05--Tekin Suleyman
2	2	Gemfile
7	18	Gemfile.lock
1	1	app/helpers/locale_helper.rb
2	2	app/views/admin/editions/_nation_fields.html.erb
0	4	app/views/kaminari/_next_page.html.erb
0	4	app/views/kaminari/_paginator.html.erb
0	4	app/views/kaminari/_prev_page.html.erb
0	1	features/editing-attachments.feature
0	1	features/importing-new-editions.feature
3	2	features/step_definitions/audit_trail_steps.rb
6	3	features/step_definitions/consultation_steps.rb
6	2	features/step_definitions/document_series_steps.rb
2	2	features/step_definitions/document_steps.rb
1	1	features/step_definitions/historic_appointment_steps.rb
2	2	features/step_definitions/image_steps.rb
1	1	features/step_definitions/mainstream_categories_on_orgs_steps.rb
2	2	features/step_definitions/organisation_steps.rb
7	5	features/step_definitions/policy_steps.rb
3	3	features/step_definitions/promotional_features_steps.rb
12	7	features/step_definitions/publication_steps.rb
4	2	features/step_definitions/role_steps.rb
1	1	features/step_definitions/speech_steps.rb
9	9	features/step_definitions/supporting_page_steps.rb
1	1	features/step_definitions/take_part_pages_steps.rb
1	1	features/step_definitions/topical_event_steps.rb
10	4	features/step_definitions/upload_steps.rb
1	1	features/step_definitions/viewing_published_statistical_data_sets_steps.rb
5	4	features/step_definitions/world_location_news_article_steps.rb
1	1	features/step_definitions/world_location_steps.rb
3	1	features/step_definitions/worldwide_organisation_steps.rb
6	2	features/support/attachment_helper.rb
2	2	features/support/capybara.rb
24	14	features/support/document_helper.rb
17	18	features/support/env.rb
30	1	features/support/javascript.rb
4	0	lib/locale.rb
7	10	lib/tasks/cucumber.rake
1	1	test/factories/editions.rb
2	2	test/factories/mainstream_categories.rb
1	1	test/factories/people.rb
1	1	test/factories/policies.rb
1	1	test/factories/publications.rb
0	4	test/unit/edition/publishing_test.rb
1	1	test/unit/whitehall/exporters/document_mappings_test.rb

--88ca9364d3--2013-06-05--Tekin Suleyman
0	1	Gemfile
0	3	Gemfile.lock
1	1	test/factories/classifications.rb
1	1	test/factories/topical_events.rb
1	1	test/factories/topics.rb

--25d77f0d7e--2013-06-05--Tekin Suleyman
2	2	Gemfile
4	4	Gemfile.lock
4	0	app/views/kaminari/_next_page.html.erb
4	0	app/views/kaminari/_paginator.html.erb
4	0	app/views/kaminari/_prev_page.html.erb
1	1	app/views/kaminari/audit_trail/_next_page.html.erb
1	1	app/views/kaminari/audit_trail/_paginator.html.erb
1	1	app/views/kaminari/audit_trail/_prev_page.html.erb
4	0	test/unit/edition/publishing_test.rb

--e284d69e37--2013-06-05--Tekin Suleyman
4	4	Gemfile
18	21	Gemfile.lock
5	5	features/step_definitions/consultation_steps.rb
2	2	features/step_definitions/html_version_steps.rb
5	5	features/step_definitions/import_steps.rb
1	1	features/step_definitions/organisation_steps.rb
1	1	features/step_definitions/policy_steps.rb
1	1	features/step_definitions/role_steps.rb
2	2	features/step_definitions/speech_steps.rb
3	3	features/step_definitions/speed_tagging_steps.rb
2	2	features/step_definitions/topical_event_steps.rb
4	4	features/support/document_helper.rb

--d4228bd54e--2013-06-05--Tekin Suleyman
2	5	Gemfile
10	38	Gemfile.lock

--4fb8320ffc--2013-06-11--Matthew Ford
7	1	config/initializers/slimmer.rb

--9a1e13455c--2013-06-11--Matthew Ford
1	1	config/application.rb

--b715e159f1--2013-06-05--Matthew Ford
6	6	Gemfile
13	13	Gemfile.lock

--6f42e5ac5a--2013-05-30--Matthew Ford
0	1	.travis.yml

--36539f535e--2013-05-28--Matthew Ford
1	0	.travis.yml

--5a640cdbde--2013-05-28--Matthew Ford
1	1	app/models/edition_world_location.rb
8	0	test/unit/edition_world_location_test.rb

--b4389d483a--2013-05-28--Matthew Ford
2	4	app/models/edition/document_series.rb

--a9e1d1ddf0--2013-05-28--Matthew Ford
1	1	app/models/edition/related_policies.rb
1	1	app/models/edition/worldwide_priorities.rb

--de8b22e1e7--2013-05-24--Matthew Ford
5	4	test/unit/edition/publishing_test.rb

--ad643f1a38--2013-05-24--Matthew Ford
0	2	app/controllers/admin/editions_controller.rb
0	7	test/functional/admin/editions_controller_test.rb

--b189709d9f--2013-05-24--Matthew Ford
11	8	test/functional/hackable_url_test.rb

--011279284e--2013-05-24--Matthew Ford
2	2	app/helpers/govspeak_helper.rb

--db83cb4ee0--2013-05-24--Matthew Ford
0	4	features/world-location-news.feature

--c6bfc64647--2013-05-24--Matthew Ford
9	13	test/functional/hackable_url_test.rb

--652446192d--2013-05-24--Matthew Ford
1	1	app/helpers/govspeak_helper.rb

--0825cda527--2013-05-24--Matthew Ford
1	0	test/functional/admin/editions_controller_test.rb

--aafe8081dc--2013-05-24--Matthew Ford
8	8	test/functional/admin/edition_workflow_controller_test.rb

--641d011544--2013-05-24--Matthew Ford
2	6	app/controllers/uploads_controller_helper.rb
2	0	config/application.rb

--651a01b3b9--2013-05-23--Matthew Ford
1	1	Gemfile
3	4	Gemfile.lock

--eb74b1760a--2013-05-23--Matthew Ford
1	1	Gemfile
0	12	test/unit/edition_publishing_worker_test.rb

--73a2f7f748--2013-05-23--Matthew Ford
0	1	features/step_definitions/worldwide_organisation_steps.rb

--7ab40f4e2d--2013-05-23--Matthew Ford
9	9	test/functional/admin/consultations_controller_test.rb
2	2	test/functional/admin/detailed_guides_controller_test.rb
2	2	test/functional/admin/fatality_notices_controller_test.rb
1	1	test/functional/admin/news_articles_controller_test.rb
1	1	test/functional/admin/policies_controller_test.rb
4	4	test/functional/admin/publications_controller_test.rb
1	1	test/functional/admin/speeches_controller_test.rb
1	1	test/functional/admin/worldwide_organisations_controller_test.rb
3	3	test/support/admin_edition_controller_scheduled_publishing_test_helpers.rb
41	41	test/support/admin_edition_controller_test_helpers.rb
1	1	test/support/admin_edition_world_locations_behaviour.rb
2	2	test/support/tests_for_national_applicability.rb

--8a9b79d4cd--2013-05-22--Matthew Ford
0	11	lib/patches/becomes_includes_errors.rb

--0c3d0c8048--2013-05-22--Matthew Ford
0	16	config/initializers/all_requests_remote.rb

--341c1d9dc6--2013-05-22--Matthew Ford
1	0	app/models/edition/related_policies.rb
1	0	app/models/edition/worldwide_priorities.rb

--25e0883d2a--2013-05-22--Matthew Ford
1	1	Gemfile
1	1	Gemfile.lock

--5d10a096ea--2013-05-22--Matthew Ford
1	1	Gemfile
5	5	Gemfile.lock

--8833c592bf--2013-05-21--Matthew Ford
1	5	test/unit/edition/first_image_pulled_out_test.rb

--e1c521ac77--2013-05-21--Matthew Ford
1	1	app/presenters/api/page_presenter.rb
1	1	app/presenters/document_filter_presenter.rb
2	2	app/views/kaminari/_next_page.html.erb
1	1	app/views/kaminari/_paginator.html.erb
2	2	app/views/kaminari/_prev_page.html.erb
2	2	test/unit/presenters/api/page_presenter_test.rb
1	1	test/unit/presenters/document_filter_presenter_test.rb
1	1	test/unit/whitehall/document_filter/mysql_test.rb

--0f976f862f--2013-05-21--Matthew Ford
1	0	test/unit/edition_publishing_worker_test.rb

--d86969f9bc--2013-05-21--Matthew Ford
0	28	test/unit/edition_test.rb

--08152d968f--2013-05-21--Matthew Ford
0	8	test/unit/edition_world_location_test.rb

--b52cbb4057--2013-05-21--Matthew Ford
1	1	app/models/edition_world_location.rb

--c1f3eed00d--2013-05-21--Matthew Ford
0	1	Gemfile

--d1c3ed981b--2013-05-21--Matthew Ford
1	1	Gemfile
0	3	Gemfile.lock
1	7	config/initializers/slimmer.rb

--f1bbb70bc2--2013-05-20--Matthew Ford
3	3	test/unit/classification_test.rb

--b1828089bc--2013-05-20--Matthew Ford
2	14	app/models/case_study.rb
4	4	app/models/edition.rb
2	14	app/models/newsesque.rb

--e214584a76--2013-05-17--Matthew Ford
2	1	Gemfile
12	2	Gemfile.lock

--a4a33d3bc6--2013-05-16--Matthew Ford
1	1	app/helpers/govspeak_helper.rb

--5ae8cec755--2013-05-16--Matthew Ford
5	7	app/models/edition/appointment.rb
16	18	app/models/edition/limited_access.rb
2	4	app/models/edition/related_policies.rb
2	4	app/models/edition/role_appointments.rb
57	60	app/models/edition/scheduled_publishing.rb
2	4	app/models/edition/topical_events.rb
2	4	app/models/edition/topics.rb
2	4	app/models/edition/world_locations.rb
5	7	test/support/admin_edition_controller_scheduled_publishing_test_helpers.rb

--8351347e04--2013-05-16--Matthew Ford
3	3	app/helpers/govspeak_helper.rb

--04a9704a1e--2013-05-16--Matthew Ford
0	3	config/initializers/mime_types.rb

--f9f627d2be--2013-05-16--Matthew Ford
1	1	db/migrate/20111013062739_add_key_to_document_identities.rb
1	1	db/migrate/20111015100013_reshuffle_following_liam_fox_resignation.rb
1	1	db/migrate/20111017131540_correctly_add_key_to_document_identities.rb
1	1	db/migrate/20111018145329_add_bounding_times_to_ministerial_appointment.rb
1	1	db/migrate/20111019133513_change_ministerial_appointments_bounds_to_datetimes.rb
1	1	db/migrate/20111102104140_create_document_attachments.rb
5	5	db/migrate/20111219151159_documents_are_related_to_policies.rb
1	1	db/migrate/20120120145812_add_first_published_at_to_documents.rb
1	1	db/migrate/20120126121308_add_title_to_attachments.rb
1	1	db/migrate/20120220103056_populate_summaries_for_policies.rb
1	1	db/migrate/20120222150537_create_social_media_accounts.rb
1	1	db/migrate/20120608123237_remove_non_ssl_edition_video_urls.rb
1	1	db/migrate/20120611092053_remove_ssl_edition_video_urls.rb

--50262eabb8--2013-05-16--Matthew Ford
3	3	Gemfile
127	127	Gemfile.lock
1	0	config/application.rb
0	0	vendor/plugins/.gitkeep