--28c4020409--2013-05-30--Murray Steele
--575100fd3a--2013-05-30--Tekin Suleyman
--cf58634ec0--2013-05-28--Murray Steele
67	100	test/support/admin_edition_attachable_controller_test_helpers.rb

--26a2cf3ab4--2013-05-29--Murray Steele
--ee2989c3d8--2013-05-29--Tekin Suleyman
5	6	features/non-english-world-location-news.feature
18	22	features/step_definitions/world_location_news_article_steps.rb

--ad2f4eb3ae--2013-05-29--Murray Steele
--f44eda53a3--2013-05-29--Tekin Suleyman
1	1	app/controllers/admin/organisations_controller.rb
15	0	test/functional/admin/organisations_controller_test.rb

--ebaa29c0ba--2013-05-29--Matthew Ford
3	3	test/functional/policies_controller_test.rb

--a7b040fd2e--2013-05-29--Bradley Wright
--462281da1f--2013-05-28--Matthew Ford
2	2	test/functional/world_locations_controller_test.rb

--1419fa950d--2013-05-28--Matthew Ford
2	2	test/functional/organisations_controller_test.rb
1	1	test/support/organisation_controller_test_helpers.rb

--5987d3023d--2013-05-28--Matthew Ford
8	8	test/functional/announcements_controller_test.rb

--ef6f704c8e--2013-05-14--Matthew Ford
3	1	test/factories/speeches.rb
0	20	test/unit/speech_test.rb
1	1	test/unit/topic_test.rb

--c157f8112d--2013-05-14--Matthew Ford
0	7	app/models/speech.rb

--6f8f741ce8--2013-05-29--Murray Steele
--8633afd398--2013-05-29--Tekin Suleyman
1	5	app/assets/javascripts/admin/non-english-editions.js.erb
2	0	app/assets/javascripts/admin/on_ready.js
1	1	app/helpers/admin/editions_helper.rb

--c1fee65165--2013-05-29--Tekin Suleyman
1	1	lib/whitehall/data_migration.rb
1	1	test/fixtures/whitehall_data_migrator/20100101120000_migrate_some_data.rb
2	0	test/fixtures/whitehall_data_migrator/20130529103338_bad_data_migration_that_creates_a_person.rb
55	0	test/unit/whitehall/data_migration_test.rb
6	31	test/unit/whitehall/data_migrator_test.rb

--c04831397b--2013-05-29--Bradley Wright
--672a3944ea--2013-05-29--Tekin Suleyman
3	2	lib/tasks/test_parallel.rake

--ddb3f17073--2013-05-29--David Heath
1	1	app/models/topical_event.rb

--4169089aad--2013-05-29--Edd Sowden
0	1	test/javascripts/unit/autocomplete_test.js

--868a58d83b--2013-05-29--Edd Sowden
35	0	app/assets/javascripts/admin/create-new.js
3	0	app/assets/javascripts/admin/on_ready.js
1	0	app/assets/stylesheets/admin/base.scss
20	1	app/assets/stylesheets/admin/layout.scss
13	10	app/helpers/admin/edition_actions_helper.rb
4	0	app/views/layouts/admin.html.erb
16	0	test/javascripts/unit/create-new_test.js

--a7f87d1fbc--2013-05-29--Tekin Suleyman
6	6	features/non-english-world-location-news.feature

--016987cae5--2013-05-28--Tekin Suleyman
8	1	app/assets/stylesheets/admin/document.scss
4	0	app/models/edition/translatable.rb
2	2	app/views/admin/editions/_document_preview.html.erb
2	2	app/views/admin/editions/_edition.html.erb
2	2	app/views/admin/editions/_image_fields.html.erb
2	2	app/views/admin/editions/_standard_fields.html.erb
12	3	features/non-english-world-location-news.feature
27	0	features/step_definitions/world_location_news_article_steps.rb
8	0	test/unit/edition/translatable_test.rb

--a7af8a2eb1--2013-05-28--Tekin Suleyman
16	0	app/assets/javascripts/admin/{non-english-editions.js => non-english-editions.js.erb}
16	1	test/javascripts/unit/non-english-editions_test.js

--42ada27b45--2013-05-28--Tekin Suleyman
4	0	lib/locale.rb
5	0	test/unit/locale_test.rb

--65bad68af2--2013-05-28--Tekin Suleyman
34	0	app/assets/javascripts/admin/non-english-editions.js
3	2	app/helpers/admin/editions_helper.rb
7	0	app/views/admin/editions/_locale_fields.html.erb
0	4	app/views/admin/editions/_primary_locale_fields.html.erb
1	1	features/step_definitions/world_location_news_article_steps.rb
53	0	test/javascripts/unit/non-english-editions_test.js

--8e732e2707--2013-05-24--Tekin Suleyman
7	1	app/models/edition.rb
10	0	test/unit/edition/searchable_test.rb

--08643638ab--2013-05-20--Tekin Suleyman
1	1	test/functional/admin/editions_controller_test.rb

--ec56ed01a0--2013-05-20--Tekin Suleyman
6	2	app/helpers/public_document_routes_helper.rb
11	0	test/unit/helpers/public_document_routes_helper_test.rb

--2f85aba165--2013-05-20--Tekin Suleyman
1	1	app/models/document.rb
2	2	test/unit/edition/identifiable_test.rb

--0b4f5da451--2013-05-20--Tekin Suleyman
3	2	app/helpers/translation_helper.rb
4	0	test/unit/helpers/translation_helper_test.rb

--f73327143d--2013-05-20--Tekin Suleyman
1	1	Gemfile
12	6	Gemfile.lock
2	2	app/controllers/admin/editions_controller.rb
8	8	app/models/edition/translatable.rb
1	1	app/models/world_location_news_article.rb
3	3	app/views/admin/editions/_primary_locale_fields.html.erb
1	1	app/views/admin/editions/index.html.erb
6	0	db/migrate/20130507130629_add_locale_to_editions.rb
0	6	db/migrate/20130507130629_add_primary_locale_to_editions.rb
2	2	db/schema.rb
4	4	test/functional/admin/world_location_news_articles_controller_test.rb
1	1	test/unit/case_study_test.rb
3	3	test/unit/edition/identifiable_test.rb
26	15	test/unit/edition/translatable_test.rb
1	1	test/unit/news_article_test.rb
1	1	test/unit/publication_test.rb
1	1	test/unit/speech_test.rb
1	1	test/unit/world_location_news_article_test.rb
1	1	test/unit/worldwide_priority_test.rb

--6c6f4f276a--2013-05-17--Tekin Suleyman
2	1	app/controllers/admin/editions_controller.rb
14	7	test/functional/admin/world_location_news_articles_controller_test.rb

--48ff1a098a--2013-05-17--Tekin Suleyman
8	0	app/models/document.rb
1	2	test/functional/admin/world_location_news_articles_controller_test.rb
4	6	test/unit/edition/identifiable_test.rb

--a80bbaa185--2013-05-17--Tekin Suleyman
4	1	app/controllers/admin/editions_controller.rb
1	0	app/helpers/admin/editions_helper.rb
8	0	app/models/edition/translatable.rb
4	0	app/models/world_location_news_article.rb
4	0	app/views/admin/editions/_primary_locale_fields.html.erb
4	0	app/views/admin/editions/_standard_elements.html.erb
3	0	app/views/admin/editions/index.html.erb
38	0	test/functional/admin/world_location_news_articles_controller_test.rb
19	0	test/unit/edition/translatable_test.rb

--e1badb623e--2013-05-17--Tekin Suleyman
1	1	app/models/case_study.rb
1	1	app/models/newsesque.rb
1	1	app/models/publication.rb
1	1	app/models/speech.rb
1	1	app/models/worldwide_priority.rb
4	0	test/unit/case_study_test.rb
4	0	test/unit/news_article_test.rb
4	0	test/unit/publication_test.rb
4	0	test/unit/speech_test.rb
4	0	test/unit/world_location_news_article_test.rb
4	0	test/unit/worldwide_priority_test.rb

--4ded4a73dc--2013-05-17--Tekin Suleyman
5	3	app/models/document.rb
1	1	app/models/edition.rb
10	0	test/unit/document_test.rb

--973af08533--2013-05-17--Tekin Suleyman
1	1	app/models/document.rb
8	2	app/models/edition/identifiable.rb
4	0	app/models/edition/translatable.rb
19	0	test/unit/edition/identifiable_test.rb

--6853d49c10--2013-05-17--Tekin Suleyman
7	0	app/models/edition/translatable.rb
30	0	test/unit/edition/translatable_test.rb

--9b012d6ea9--2013-05-07--Tekin Suleyman
0	1	app/models/edition.rb
9	0	app/models/edition/translatable.rb
6	0	db/migrate/20130507130629_add_primary_locale_to_editions.rb
2	0	db/schema.rb
20	0	test/unit/edition/translatable_test.rb

--b2012840a4--2013-05-07--Tekin Suleyman
21	0	features/non-english-world-location-news.feature
53	6	features/step_definitions/world_location_news_article_steps.rb
6	1	features/step_definitions/world_location_steps.rb
9	0	features/support/world_location_news_article_helper.rb

--81760cb61b--2013-05-24--Edd Sowden
3	1	app/assets/stylesheets/admin/base.scss
28	0	app/assets/stylesheets/admin/helpers/_document_list.scss
9	0	app/controllers/admin/dashboard_controller.rb
5	0	app/models/organisation.rb
24	0	app/views/admin/dashboard/_document_table.html.erb
16	0	app/views/admin/dashboard/index.html.erb
1	1	config/routes.rb
17	0	features/admin-dashboard.feature
13	0	features/step_definitions/admin_dashboard_steps.rb
9	0	features/step_definitions/document_steps.rb
4	7	test/integration/routing_test.rb

--4bb321e942--2013-05-28--Murray Steele
16	12	test/support/document_controller_test_helpers.rb