--220d69703e--2013-04-25--Murray Steele
--a47609d19c--2013-04-25--Murray Steele
--cc1e65f792--2013-04-25--Chris Parsons
2	2	app/controllers/admin/editions_controller.rb
1	1	app/controllers/admin/world_locations_controller.rb
89	0	app/models/admin/edition_filter.rb
0	88	app/models/edition_filter.rb
6	6	test/functional/admin/editions_controller_test.rb
26	26	test/unit/{ => admin}/edition_filter_test.rb

--00d9eb1e54--2013-04-25--Murray Steele
--aaa2a74816--2013-04-25--Murray Steele
1	2	db/data_migration/20130424145331_seed_historic_pm_biographies.rb

--e7a3a3eee8--2013-04-25--Murray Steele
--d7766daa74--2013-04-25--Chris Parsons
0	4	app/models/feature_list.rb
1	18	test/unit/feature_list_test.rb

--57ff4a3578--2013-04-25--Bradley Wright
--20e0ad76c8--2013-04-25--Tekin Suleyman
1	5	app/views/historic_appointments/past_chancellors.html.erb

--68fdc8b23d--2013-04-25--Tekin Suleyman
--f0f3a04b12--2013-04-25--Tekin Suleyman
3	0	app/models/searchable.rb

--989829e02f--2013-04-25--Tekin Suleyman
3	3	lib/tasks/translation.rake

--f154a8fc9a--2013-04-25--Murray Steele
1	1	app/helpers/admin/url_helper.rb

--beb79155ae--2013-04-25--Murray Steele
--1774a2577e--2013-04-25--Chris Parsons
2	0	app/views/admin/publications/_html_version_fields.html.erb

--5dd6a3d80e--2013-04-25--Edd Sowden
--163fd1ba90--2013-04-24--Bradley Wright
--0d0e3b8a24--2013-04-24--Matthew Ford
1	1	test/unit/whitehall/gov_uk_delivery/gov_uk_delivery_end_point_test.rb

--6c4bb96f6d--2013-04-24--Chris Parsons
1	1	app/views/admin/world_locations/features.html.erb
1	0	features/administering-world-locations.feature
9	0	features/step_definitions/world_location_steps.rb

--955715c587--2013-04-24--Chris Parsons
1	1	app/controllers/admin/features_controller.rb
4	1	app/controllers/admin/world_locations_controller.rb
22	22	app/views/admin/editions/_filter_options.html.erb
2	1	app/views/admin/feature_lists/_current_feature_list.html.erb
2	15	app/views/admin/feature_lists/_featurable_editions.html.erb
0	26	app/views/admin/feature_lists/show.html.erb
31	2	app/views/admin/world_locations/features.html.erb
6	0	features/administering-world-locations.feature
4	0	features/step_definitions/news_article_steps.rb
8	1	features/step_definitions/world_location_steps.rb
1	11	test/functional/admin/features_controller_test.rb

--4ecaab5f29--2013-04-24--russell thorn
8	4	app/assets/stylesheets/frontend/views/_history-buildings.scss
12	12	app/views/histories/10_downing_street.html.erb

--ec70ffd781--2013-04-24--Tekin Suleyman
4	0	app/helpers/historic_appointments_helper.rb
1	1	app/presenters/role_appointment_presenter.rb
2	2	app/views/historic_appointments/show.html.erb
11	0	test/unit/helpers/historic_appointments_helper_test.rb

--c4ff4be08b--2013-04-24--Murray Steele
28	2	app/assets/stylesheets/frontend/views/_organisations.scss
14	0	app/helpers/organisation_helper.rb
16	4	app/views/organisations/index.html.erb
15	6	test/functional/organisations_controller_test.rb
27	0	test/unit/helpers/organisation_helper_test.rb

--deda5fd18e--2013-04-24--Tekin Suleyman
1	1	app/presenters/role_appointment_presenter.rb

--e7fa28fbbd--2013-04-24--Matthew Ford
1	1	app/models/news_article.rb

--45bbd396ef--2013-04-24--Matthew Ford
1	1	app/models/publication.rb

--172503cc1a--2013-04-24--Murray Steele
1	1	app/helpers/admin/url_helper.rb

--1ec7307b24--2013-04-24--Tekin Suleyman
19	0	db/data_migration/20130424145331_seed_historic_pm_biographies.rb

--bbfd86ad2b--2013-04-24--Tekin Suleyman
1	1	app/models/political_party.rb

--c613042f75--2013-04-24--Tekin Suleyman
1	1	app/controllers/historic_appointments_controller.rb
2	0	test/functional/historic_appointments_controller_test.rb

--bb6188debd--2013-04-24--Tekin Suleyman
1	0	app/models/political_party.rb

--c3fa8740b4--2013-04-24--russell thorn
15	21	app/views/histories/1_horse_guards.html.erb

--da1d48946a--2013-04-24--Matthew Ford
--658ee0fac0--2013-04-24--Matthew Ford
8	0	app/controllers/admin/speeches_controller.rb
1	1	app/views/admin/speeches/_delivered_by_fields.html.erb

--07a210f7c8--2013-04-24--Edd Sowden
3	1	app/views/organisations/_organisations_logo_list.html.erb
3	1	app/views/organisations/_works_with.html.erb
15	0	test/functional/organisations_controller_test.rb

--833fa9d6dd--2013-04-24--Matthew Ford
11	15	app/views/admin/speeches/_speech_details.html.erb

--c2a562ccb9--2013-04-24--Matthew Ford
1	1	app/views/admin/speeches/_speech_details.html.erb

--c142250026--2013-04-24--Matthew Ford
0	4	app/models/edition/appointment.rb

--3ff98091f1--2013-04-24--Matthew Ford
3	1	app/models/edition/appointment.rb
49	0	test/unit/speech_test.rb

--ab0d75d422--2013-04-24--Matthew Ford
4	2	app/views/admin/speeches/_speech_details.html.erb
29	0	test/functional/admin/speeches_controller_test.rb

--d42e5f2337--2013-04-24--Matthew Ford
9	0	test/functional/speeches_controller_test.rb

--1ca92c4642--2013-04-23--Matthew Ford
17	0	app/assets/javascripts/admin/edition_publishing.js
13	3	app/models/edition/appointment.rb
3	3	app/models/speech.rb
9	2	app/views/admin/speeches/_delivered_by_fields.html.erb
7	0	app/views/admin/speeches/_speech_details.html.erb
5	1	app/views/documents/_header.html.erb
5	3	app/views/speeches/_document_sidebar.html.erb
5	0	db/migrate/20130423150642_add_person_override_to_speaches.rb
2	1	db/schema.rb

--400ff11625--2013-04-24--Chris Parsons
87	0	app/views/admin/editions/_filter_options.html.erb
1	73	app/views/admin/editions/index.html.erb

--b59b97a2bc--2013-04-24--Chris Parsons
0	88	app/controllers/admin/editions_controller.rb
88	0	app/models/edition_filter.rb
6	174	test/functional/admin/editions_controller_test.rb
167	0	test/unit/edition_filter_test.rb

--7202fb030e--2013-04-24--Murray Steele
1	1	app/models/searchable.rb
7	7	test/unit/searchable_test.rb

--32d48284e3--2013-04-23--Murray Steele
28	26	test/integration/gov_uk_delivery_test.rb

--9b7e5e9c63--2013-04-23--Murray Steele
1	1	lib/whitehall.rb

--ac4f3c3cbc--2013-04-23--Murray Steele
2	1	app/models/policy_search_index_observer.rb
4	2	app/models/searchable.rb
4	0	lib/whitehall.rb
2	2	test/unit/policy_search_index_observer_test.rb
4	4	test/unit/searchable_test.rb

--863b76c3b2--2013-04-23--Murray Steele
14	2	app/models/policy_search_index_observer.rb
32	9	test/unit/policy_search_index_observer_test.rb

--42f7c618f1--2013-04-23--Murray Steele
3	5	app/models/searchable.rb
16	6	test/unit/searchable_test.rb

--429c8b5292--2013-04-22--Murray Steele
7	0	features/support/delayed_job_tag_helpers.rb
95	75	test/functional/announcements_controller_test.rb
7	5	test/functional/policies_controller_test.rb
147	117	test/functional/publications_controller_test.rb
16	0	test/support/delayed_job_test_helpers.rb
93	67	test/support/document_controller_test_helpers.rb
1	0	test/test_helper.rb

--93a6d1f6a2--2013-04-22--Murray Steele
1	1	app/models/ministerial_role_search_index_observer.rb
11	1	app/models/searchable.rb
9	36	test/unit/ministerial_role_search_index_observer_test.rb
23	0	test/unit/searchable_test.rb

--34f3b917b2--2013-04-22--Murray Steele
39	2	app/models/searchable.rb
4	4	test/unit/corporate_information_page_search_index_observer_test.rb
5	5	test/unit/corporate_information_page_test.rb
5	5	test/unit/edition/searchable_test.rb
10	14	test/unit/edition_test.rb
3	7	test/unit/ministerial_role_test.rb
3	9	test/unit/organisation_test.rb
5	6	test/unit/role_appointment_test.rb
57	10	test/unit/searchable_test.rb
2	2	test/unit/simple_workflow_test.rb
6	9	test/unit/supporting_page_search_index_observer_test.rb
3	8	test/unit/supporting_page_test.rb
3	7	test/unit/topic_test.rb
7	17	test/unit/world_location_test.rb
3	7	test/unit/worldwide_organisation_test.rb

--2fc58b2461--2013-04-24--Bradley Wright
--26a70bc2af--2013-04-24--russell thorn
1	1	app/views/histories/10_downing_street.html.erb
23	19	app/views/histories/11_downing_street.html.erb

--984db93f24--2013-04-24--russell thorn
87	87	app/views/histories/10_downing_street.html.erb

--d21a92ee9b--2013-04-24--Bradley Wright
--b8ca9d294c--2013-04-23--Murray Steele
9	1	app/views/admin/take_part_pages/_form.html.erb

--a33135c66a--2013-04-23--Murray Steele
1	1	features/administering-take-part-pages.feature
1	1	features/step_definitions/take_part_pages_steps.rb

--86af7d617e--2013-04-23--Murray Steele
1	0	lib/whitehall/authority/enforcer.rb
2	1	test/unit/whitehall/authority/authority_test_helper.rb

--f694ec6afe--2013-04-23--Murray Steele
6	0	app/controllers/admin/get_involved_controller.rb
5	0	app/controllers/admin/take_part_pages_controller.rb
6	0	app/helpers/admin/url_helper.rb
1	0	app/views/layouts/admin.html.erb
2	0	lib/whitehall/authority/enforcer.rb
14	0	lib/whitehall/authority/rules/miscellaneous_rules.rb
4	0	test/unit/whitehall/authority/department_editor_test.rb
5	0	test/unit/whitehall/authority/department_writer_test.rb
4	0	test/unit/whitehall/authority/gds_editor_test.rb

--ce616db491--2013-04-22--Murray Steele
2	0	app/helpers/application_helper.rb

--53ca4dd772--2013-04-22--Murray Steele
1	0	features/administering-take-part-pages.feature
64	8	features/step_definitions/take_part_pages_steps.rb

--87ff3726ed--2013-04-22--Murray Steele
1	0	app/assets/stylesheets/frontend/base.scss
78	0	app/assets/stylesheets/frontend/views/_take-part-pages.scss
1	0	app/controllers/home_controller.rb
7	0	app/controllers/take_part_pages_controller.rb
3	54	app/views/home/get_involved.html.erb
11	0	app/views/take_part_pages/_take_part_page.html.erb
45	0	app/views/take_part_pages/show.html.erb
4	1	config/routes.rb
10	0	test/functional/home_controller_test.rb

--bf639af930--2013-04-22--Murray Steele
1	1	app/controllers/home_controller.rb
1	1	app/views/home/get_involved.html.erb
1	1	test/functional/home_controller_test.rb

--00ea175d5c--2013-04-19--Murray Steele
5	0	app/controllers/admin/take_part_pages_controller.rb
11	0	app/models/take_part_page.rb
8	0	test/functional/admin/take_part_pages_controller_test.rb
24	0	test/unit/take_part_page_test.rb

--abc2f6cda1--2013-04-19--Murray Steele
6	0	app/controllers/admin/take_part_pages_controller.rb
5	2	app/views/admin/take_part_pages/edit.html.erb
1	1	app/views/admin/take_part_pages/index.html.erb
8	0	test/functional/admin/take_part_pages_controller_test.rb

--a74a4e8cf0--2013-04-19--Murray Steele
1	0	app/assets/stylesheets/admin/base.scss
3	0	app/assets/stylesheets/admin/get_involved.scss
4	0	app/controllers/admin/get_involved_controller.rb
32	0	app/controllers/admin/take_part_pages_controller.rb
8	0	app/helpers/admin/get_involved_helper.rb
1	0	app/models/take_part_page.rb
18	0	app/views/admin/get_involved/index.html.erb
14	0	app/views/admin/take_part_pages/_form.html.erb
5	0	app/views/admin/take_part_pages/edit.html.erb
47	0	app/views/admin/take_part_pages/index.html.erb
5	0	app/views/admin/take_part_pages/new.html.erb
7	0	config/routes.rb
82	0	test/functional/admin/take_part_pages_controller_test.rb

--19c406681f--2013-04-19--Murray Steele
10	0	app/models/take_part_page.rb
2	0	db/migrate/20130418112940_add_take_part_pages.rb
2	0	db/schema.rb
21	0	test/unit/take_part_page_test.rb

--2b4b7343a5--2013-04-18--Murray Steele
30	0	app/models/take_part_page.rb
15	0	db/migrate/20130418112940_add_take_part_pages.rb
13	0	db/schema.rb
9	0	test/factories/take_part_pages.rb
89	0	test/unit/take_part_page_test.rb

--98e9828eb2--2013-04-18--Murray Steele
32	0	features/administering-take-part-pages.feature
27	0	features/step_definitions/take_part_pages_steps.rb

--c00af5badf--2013-04-24--Murray Steele
1	0	test/functional/policies_controller_test.rb

--ce46600e52--2013-04-24--Murray Steele
1	1	lib/whitehall/document_filter.rb
3	2	lib/whitehall/document_filter/mysql.rb
29	12	test/unit/whitehall/document_filter/mysql_test.rb

--aeedb05b09--2013-04-24--Murray Steele
26	1	app/models/edition.rb
4	0	app/models/edition/can_apply_to_local_government_through_related_policies.rb
30	0	test/unit/edition_test.rb

--136e854292--2013-04-24--Murray Steele
1	1	app/models/edition/can_apply_to_local_government_through_related_policies.rb
12	5	test/unit/edition/can_apply_to_local_government_through_related_policies_test.rb

--b2a3683830--2013-04-24--Murray Steele
9	0	test/factories/consultations.rb
9	0	test/factories/news_articles.rb
9	0	test/factories/publications.rb
9	0	test/factories/speeches.rb

--8fa5e1b61c--2013-04-24--Murray Steele
1	1	app/models/edition.rb
8	0	test/unit/edition/searchable_test.rb

--b632d2aec1--2013-04-24--Murray Steele
--0223187ad5--2013-04-24--Edd Sowden
1	1	Gemfile
2	2	Gemfile.lock

--348dd293df--2013-04-24--Bradley Wright
--b6a9d0c5be--2013-04-24--Chris Parsons
-	-	app/assets/images/organisation_screenshots/deputy-prime-ministers-office.png
-	-	app/assets/images/organisation_screenshots/health-and-social-care-information-centre.png
-	-	app/assets/images/organisation_screenshots/prime-ministers-office-10-downing-street.png

--1e8069e3a9--2013-04-24--Chris Parsons
-	-	app/assets/images/organisation_screenshots/animal-health-and-veterinary-laboratories-agency.png
-	-	app/assets/images/organisation_screenshots/commissioner-for-public-appointments.png
-	-	app/assets/images/organisation_screenshots/high-speed-two-limited.png
-	-	app/assets/images/organisation_screenshots/homes-and-communities-agency.png
-	-	app/assets/images/organisation_screenshots/mckay-commission.png
-	-	app/assets/images/organisation_screenshots/national-college-for-teaching-and-leadership.png
-	-	app/assets/images/organisation_screenshots/the-parliamentary-and-health-service-ombudsman.png
-	-	app/assets/images/organisation_screenshots/treasure-valuation-committee.png

--e696145e6d--2013-04-24--Chris Parsons
--469bba3962--2013-04-23--Tekin Suleyman
9	0	app/models/historical_account.rb
4	0	app/models/person.rb
1	1	app/views/admin/historical_accounts/_form.html.erb
5	1	app/views/admin/historical_accounts/index.html.erb
3	0	db/data_migration/20130423142623_add_historical_account_support_to_pm_and_chanchellor_roles.rb
6	0	db/migrate/20130423141920_add_supports_historical_accounts_to_roles.rb
8	6	db/schema.rb
1	1	features/step_definitions/historic_appointment_steps.rb
1	1	features/step_definitions/person_steps.rb
1	1	test/factories/historical_accounts.rb
4	0	test/factories/role_appointments.rb
4	1	test/factories/roles.rb
1	1	test/functional/admin/historical_accounts_controller_test.rb
2	2	test/functional/historic_appointments_controller_test.rb
13	3	test/unit/historical_account_test.rb
11	0	test/unit/person_test.rb
3	3	test/unit/role_appointment_test.rb

--e7c64a5631--2013-04-24--Edd Sowden
18	4	app/assets/stylesheets/frontend/views/_organisations.scss
10	14	app/views/organisations/show-executive-office.html.erb

--772a0c2793--2013-04-23--Edd Sowden
13	0	app/assets/stylesheets/frontend/views/_historic-appointments.scss
506	1	app/views/historic_appointments/past_chancellors.html.erb

--307c72ffd1--2013-04-23--Tekin Suleyman
4	1	app/controllers/historic_appointments_controller.rb
13	0	app/views/historic_appointments/past_chancellors.html.erb
1	1	app/views/histories/index.html.erb
1	0	config/routes.rb
12	3	test/functional/historic_appointments_controller_test.rb