--f38342576e--2013-03-26--Murray Steele
--c0e55f68f4--2013-03-26--David Heath
1	2	app/views/admin/feature_lists/_current_feature_list.html.erb
1	1	features/step_definitions/world_location_steps.rb

--0fdc54fc8d--2013-03-26--David Heath
1	1	app/controllers/admin/world_locations_controller.rb

--322af51085--2013-03-26--David Heath
2	2	app/views/admin/worldwide_organisations/index.html.erb

--e74e175fbc--2013-03-26--David Heath
2	5	app/views/admin/world_locations/_world_location_table.html.erb

--333da232ce--2013-03-26--David Heath
1	1	app/controllers/admin/features_controller.rb

--1284800cb2--2013-03-26--David Heath
2	1	app/models/feature.rb

--b736ba801b--2013-03-26--Tekin Suleyman
13	0	features/importing-new-editions.feature
17	0	features/step_definitions/import_steps.rb
17	1	lib/whitehall/uploader/publication_row.rb
32	2	test/unit/uploader/publication_row_test.rb

--4846e03d1a--2013-03-26--Murray Steele
8	2	app/assets/javascripts/application/document_filter.js