--cf963925fe--2013-03-06--Bradley Wright
--226aab5ff2--2013-03-06--Bradley Wright
--dd6fa683b0--2013-03-06--Bradley Wright
--551b79d2c4--2013-03-06--Tekin Suleyman
22	0	db/data_migration/20130306164001_add_chad_and_mauritania_to_world_locations.rb

--1e37ada847--2013-03-06--Chris Parsons
--1682fae191--2013-03-06--Edd Sowden
8	1	app/views/admin/editions/_first_published_at.html.erb
1	0	test/functional/admin/news_articles_controller_test.rb
13	0	test/support/admin_edition_controller_test_helpers.rb

--c168c9cd5c--2013-03-06--Chris Parsons
7	8	app/controllers/ministerial_roles_controller.rb
3	3	app/views/ministerial_roles/index.html.erb
8	9	test/functional/ministerial_roles_controller_test.rb

--fa24a21c79--2013-03-06--Chris Parsons
4	15	app/controllers/ministerial_roles_controller.rb
4	0	app/presenters/roles_presenter.rb
4	4	app/views/ministerial_roles/index.html.erb
9	1	features/step_definitions/minister_steps.rb
6	0	features/viewing-minister-pages.feature
6	7	test/functional/ministerial_roles_controller_test.rb

--8f30a4276f--2013-03-06--Tekin Suleyman
2	1	app/models/import.rb
33	0	features/importing-new-editions.feature
17	3	features/step_definitions/import_steps.rb
1	0	lib/whitehall/uploader.rb
35	0	lib/whitehall/uploader/case_study_row.rb
0	6	lib/whitehall/uploader/detailed_guide_row.rb
6	0	lib/whitehall/uploader/row.rb
66	0	test/unit/uploader/case_study_row_test.rb

--61a2a82ed3--2013-03-06--Tekin Suleyman
1	35	lib/whitehall/uploader/consultation_row.rb
1	41	lib/whitehall/uploader/detailed_guide_row.rb
4	31	lib/whitehall/uploader/fatality_notice_row.rb
1	44	lib/whitehall/uploader/news_article_row.rb
1	41	lib/whitehall/uploader/publication_row.rb
45	3	lib/whitehall/uploader/row.rb
1	38	lib/whitehall/uploader/speech_row.rb
0	61	test/unit/uploader/consultation_row_test.rb
9	59	test/unit/uploader/detailed_guide_row_test.rb
6	48	test/unit/uploader/fatality_notice_row_test.rb
2	57	test/unit/uploader/news_article_row_test.rb
0	49	test/unit/uploader/publication_row_test.rb
90	0	test/unit/uploader/row_test.rb
0	49	test/unit/uploader/speech_row_test.rb

--522f69fc93--2013-03-06--Tekin Suleyman
17	3	lib/whitehall/uploader.rb
0	2	lib/whitehall/uploader/builders/attachment_builder.rb
0	2	lib/whitehall/uploader/builders/edition_organisation_builder.rb
0	5	lib/whitehall/uploader/consultation_row.rb
0	5	lib/whitehall/uploader/detailed_guide_row.rb
0	4	lib/whitehall/uploader/fatality_notice_row.rb
7	1	lib/whitehall/uploader/finders.rb
0	2	lib/whitehall/uploader/finders/operational_field_finder.rb
0	2	lib/whitehall/uploader/finders/organisation_finder.rb
0	5	lib/whitehall/uploader/news_article_row.rb
1	0	lib/whitehall/uploader/parsers.rb
0	2	lib/whitehall/uploader/parsers/date_parser.rb
2	2	lib/whitehall/uploader/parsers/old_url_parser.rb
0	2	lib/whitehall/uploader/parsers/relative_to_absolute_links.rb
0	5	lib/whitehall/uploader/parsers/summarise_body.rb
0	5	lib/whitehall/uploader/publication_row.rb
0	2	lib/whitehall/uploader/row.rb
0	2	lib/whitehall/uploader/speech_row.rb
0	5	lib/whitehall/uploader/statistical_data_set_row.rb
1	1	test/unit/import_test.rb
3	7	test/unit/uploader/consultation_row_test.rb
0	3	test/unit/uploader/detailed_guide_row_test.rb
0	3	test/unit/uploader/fatality_notice_row_test.rb
1	4	test/unit/uploader/heading_validator_test.rb
0	4	test/unit/uploader/news_article_row_test.rb
1	2	test/unit/uploader/parsers/old_url_parser_test.rb
2	6	test/unit/uploader/parsers/relative_to_absolute_links_test.rb
4	2	test/unit/uploader/parsers/summarise_body_test.rb
0	4	test/unit/uploader/publication_row_test.rb
2	6	test/unit/uploader/statistical_data_set_row_test.rb

--b55a0d8fe3--2013-03-05--Tekin Suleyman
2	2	lib/whitehall/uploader/parsers/old_url_parser.rb
2	1	test/unit/uploader/parsers/old_url_parser_test.rb