--61c739ed53--2013-02-15--David Heath
--4f96f0c4e0--2013-02-15--David Heath
2	2	test/support/admin_edition_controller_test_helpers.rb

--0f81e67b52--2013-02-15--Murray Steele
32	0	db/data_migration/20130215150255_add_more_world_locations.rb

--6971dd826e--2013-02-15--russell thorn
0	1	app/views/organisations/_corporate_information.html.erb

--8d4f16f77f--2013-02-15--James Adam
1	1	test/functional/admin/world_location_translations_controller_test.rb

--d3dc23bac6--2013-02-15--Tom Ward
--956cfbe4b7--2013-02-15--Tekin Suleyman
8	3	app/helpers/country_helper.rb
4	0	app/views/documents/_header.html.erb
3	0	config/locales/de.yml
3	0	config/locales/en.yml
3	0	config/locales/es.yml
3	0	config/locales/fr.yml
3	0	config/locales/it.yml
3	0	config/locales/ja.yml
3	0	config/locales/pt.yml
3	0	config/locales/ru.yml
3	0	config/locales/tr.yml

--d0be5d6014--2013-02-15--Tekin Suleyman
7	5	features/step_definitions/worldwide_office_steps.rb
6	0	features/viewing-published-international-priorities.feature
0	7	features/viewing-worldwide-offices.feature

--21c5bc3597--2013-02-15--Tekin Suleyman
3	0	app/controllers/admin/editions_controller.rb
7	0	app/views/admin/editions/_worldwide_office_fields.html.erb
1	0	app/views/admin/international_priorities/_form.html.erb
1	0	test/functional/admin/international_priorities_controller_test.rb
32	0	test/support/admin_edition_controller_test_helpers.rb

--664d88ce2f--2013-02-14--Tekin Suleyman
4	0	app/models/edition.rb
22	0	app/models/edition/worldwide_offices.rb
6	0	app/models/edition_worldwide_office.rb
1	0	app/models/international_priority.rb
12	0	db/migrate/20130214163019_create_edition_worldwide_offices.rb
11	1	db/schema.rb
6	0	test/factories/edition_worldwide_offices.rb
27	0	test/unit/edition/worldwide_offices_test.rb
15	0	test/unit/edition_worldwide_office_test.rb

--83f011e126--2013-02-14--Tekin Suleyman
1	1	features/publishing-international-priorities.feature
5	0	features/step_definitions/international_priority_steps.rb
5	0	features/step_definitions/worldwide_office_steps.rb
7	0	features/viewing-worldwide-offices.feature

--97aceb7a03--2013-02-14--Tekin Suleyman
0	0	features/{publishing-internation-priorities.feature => publishing-international-priorities.feature}

--3aab4c62ff--2013-02-15--James Adam
6	2	test/factories/translated_trait.rb
13	15	test/functional/admin/world_location_translations_controller_test.rb

--03f966565a--2013-02-15--James Adam
5	4	app/controllers/world_locations_controller.rb
1	9	test/factories/editions.rb
24	0	test/factories/publications.rb
17	0	test/factories/translated_trait.rb
2	2	test/factories/world_locations.rb
59	16	test/functional/world_locations_controller_test.rb