--43cc27890a--2013-01-15--David Heath
--01b4aca0e2--2013-01-15--Edd Sowden
4	4	test/functional/ministerial_roles_controller_test.rb
4	4	test/functional/people_controller_test.rb

--644527b4ec--2013-01-15--Edd Sowden
0	4	app/models/edition/publishing.rb
0	4	app/presenters/edition_presenter_helper.rb
1	1	app/views/ministerial_roles/_policies.html.erb
1	1	app/views/shared/_hero_rotator.html.erb
8	8	test/functional/announcements_controller_test.rb
2	2	test/functional/case_studies_controller_test.rb
2	2	test/functional/fatality_notices_controller_test.rb
2	2	test/functional/news_articles_controller_test.rb
6	13	test/functional/policies_controller_test.rb
9	9	test/functional/publications_controller_test.rb
1	1	test/functional/supporting_pages_controller_test.rb
5	5	test/functional/topics_controller_test.rb
5	5	test/functional/world_locations_controller_test.rb
3	7	test/support/document_controller_test_helpers.rb
1	1	test/unit/document_test.rb
1	1	test/unit/edition/audit_trail_test.rb
5	5	test/unit/edition/workflow_test.rb
0	16	test/unit/edition_test.rb

--fcbaedfea8--2013-01-15--Bradley Wright
--b4af0e6385--2013-01-15--Jamie Cobbett
2	2	db/migrate/20130110162911_change_user_permissions_to_array.rb

--85deacc1a9--2013-01-10--Jamie Cobbett
1	1	Gemfile
2	2	Gemfile.lock
1	1	app/controllers/admin/base_controller.rb
4	6	app/models/edition/scheduled_publishing.rb
5	5	app/models/user.rb
23	0	db/migrate/20130110162911_change_user_permissions_to_array.rb
1	1	db/schema.rb
5	5	test/factories/users.rb
10	10	test/unit/user_test.rb

--4406a806a6--2013-01-10--Jamie Cobbett
1	1	Gemfile
5	5	Gemfile.lock

--8eec830dce--2013-01-15--Edd Sowden
0	4	app/models/edition.rb
0	9	test/unit/edition_test.rb
1	1	test/unit/helpers/feed_helper_test.rb

--a2555a31f6--2013-01-15--Murray Steele
--10a5811878--2013-01-15--Edd Sowden
1	1	app/helpers/govspeak_helper.rb

--883aa8ce61--2013-01-15--Edd Sowden
1	1	test/factories/news_articles.rb
1	1	test/factories/policies.rb
3	3	test/factories/statistical_data_sets.rb

--6792ec291b--2013-01-15--Edd Sowden
1	1	test/factories/speeches.rb

--48eba32e92--2013-01-15--Edd Sowden
1	1	test/functional/policies_controller_test.rb

--e69fa86e8a--2013-01-15--Murray Steele
--eeb8ed4bac--2013-01-07--Edd Sowden
1	1	app/assets/javascripts/application/document_filter.js
1	1	app/presenters/announcement_filter_json_presenter.rb
1	1	app/presenters/document_filter_json_presenter.rb
1	1	app/presenters/publication_filter_json_presenter.rb
2	2	test/functional/document_filter_json_presenter_test.rb
1	1	test/functional/publication_filter_json_presenter_test.rb
2	2	test/functional/publications_controller_test.rb

--7ee30498ca--2013-01-07--Edd Sowden
9	0	db/migrate/20130107090309_remove_first_published_at_data_for_some_types.rb

--999d2a172b--2013-01-04--Edd Sowden
0	9	app/views/home/_headline.html.erb

--9ef0c5b1ce--2013-01-04--Edd Sowden
1	1	app/controllers/admin/organisations_controller.rb
1	1	app/controllers/admin/world_locations_controller.rb
2	2	app/helpers/feed_helper.rb
1	1	app/models/consultation.rb
5	3	app/models/document.rb
0	4	app/models/edition/publishing.rb
1	1	app/models/publication.rb
1	1	app/models/speech.rb
1	1	app/presenters/announcement_filter_json_presenter.rb
0	13	app/presenters/announcement_presenter.rb
0	3	app/presenters/case_study_presenter.rb
0	4	app/presenters/detailed_guide_presenter.rb
1	5	app/presenters/edition_presenter_helper.rb
0	3	app/presenters/fatality_notice_presenter.rb
0	3	app/presenters/international_priority_presenter.rb
0	4	app/presenters/news_article_presenter.rb
1	1	app/presenters/person_presenter.rb
0	3	app/presenters/policy_presenter.rb
1	1	app/presenters/publication_filter_json_presenter.rb
0	13	app/presenters/publicationesque_presenter.rb
1	1	app/presenters/role_presenter.rb
0	4	app/presenters/speech_presenter.rb
0	4	app/presenters/statistical_data_set_presenter.rb
3	3	app/views/detailed_guides/_change_notes.html.erb
2	2	app/views/documents/_change_notes.html.erb
9	0	features/publishing-detailed-guides.feature
2	3	features/publishing-policies.feature
20	0	features/step_definitions/detailed_guide_steps.rb
1	1	features/step_definitions/document_steps.rb
8	2	features/step_definitions/policy_steps.rb
3	1	test/factories/case_studies.rb
3	1	test/factories/detailed_guides.rb
0	1	test/factories/editions.rb
3	1	test/factories/fatality_notices.rb
4	1	test/factories/international_priorities.rb
3	1	test/factories/news_articles.rb
4	2	test/factories/policies.rb
1	1	test/factories/speeches.rb
6	2	test/factories/statistical_data_sets.rb
10	10	test/functional/announcements_controller_test.rb
0	1	test/functional/case_studies_controller_test.rb
0	1	test/functional/consultations_controller_test.rb
0	1	test/functional/fatality_notices_controller_test.rb
7	7	test/functional/home_controller_test.rb
0	1	test/functional/international_priorities_controller_test.rb
6	6	test/functional/ministerial_roles_controller_test.rb
0	1	test/functional/news_articles_controller_test.rb
23	23	test/functional/organisations_controller_test.rb
6	6	test/functional/people_controller_test.rb
3	3	test/functional/person_presenter_test.rb
22	25	test/functional/policies_controller_test.rb
2	2	test/functional/publication_filter_json_presenter_test.rb
15	16	test/functional/publications_controller_test.rb
3	3	test/functional/role_presenter_test.rb
0	1	test/functional/speeches_controller_test.rb
0	1	test/functional/statistical_data_sets_controller_test.rb
1	5	test/functional/supporting_pages_controller_test.rb
6	6	test/functional/topics_controller_test.rb
4	4	test/functional/world_locations_controller_test.rb
0	78	test/support/document_controller_test_helpers.rb
1	1	test/support/resource_test_helpers.rb
1	1	test/unit/announcement_filter_json_presenter_test.rb
2	2	test/unit/document_test.rb
6	6	test/unit/helpers/feed_helper_test.rb

--dea7c182d8--2013-01-03--Edd Sowden
0	4	app/models/consultation.rb
0	23	test/unit/consultation_test.rb

--06a3a30fe7--2013-01-03--Edd Sowden
7	8	app/models/consultation.rb
16	7	app/models/edition.rb
2	4	app/models/edition/publishing.rb
7	4	app/models/publication.rb
7	4	app/models/speech.rb
3	3	db/schema.rb
4	4	test/unit/consultation_test.rb
3	3	test/unit/edition/publishing_test.rb
0	5	test/unit/edition/validation_test.rb
28	0	test/unit/edition_test.rb
6	0	test/unit/publication_test.rb
6	0	test/unit/speech_test.rb

--eaed6662ba--2013-01-03--Edd Sowden
1	1	app/controllers/announcements_controller.rb
1	1	app/controllers/publications_controller.rb
1	1	app/helpers/feed_helper.rb
1	1	app/models/classification.rb
3	3	app/models/consultation.rb
3	3	app/models/document.rb
10	10	app/models/edition.rb
7	7	app/models/edition/publishing.rb
2	2	app/models/publication.rb
2	2	app/models/speech.rb
1	1	app/models/topical_event.rb
1	1	app/presenters/case_study_presenter.rb
2	2	app/presenters/edition_presenter_helper.rb
1	1	app/presenters/fatality_notice_presenter.rb
1	1	app/presenters/news_article_presenter.rb
1	1	app/presenters/publicationesque_presenter.rb
2	2	app/presenters/statistical_data_set_presenter.rb
1	1	app/views/admin/classification_featurings/index.html.erb
1	1	app/views/admin/organisations/tabs/_documents.html.erb
2	2	app/views/detailed_guides/_change_notes.html.erb
2	2	app/views/documents/_change_notes.html.erb
1	1	app/views/documents/_recently_changed_documents.html.erb
1	1	app/views/home/_headline.html.erb
1	1	app/views/ministerial_roles/_policies.html.erb
1	1	app/views/shared/_featured_news.html.erb
1	1	app/views/shared/_hero_rotator.html.erb
1	1	app/views/shared/_recently_updated_documents.html.erb
5	0	db/migrate/20130103091021_rename_published_at_to_major_change_published_at.rb
17	0	db/migrate/20130103111115_rename_timestamp_for_sorting_to_public_timestamp.rb
2	2	script/import_stubs.rb
2	2	test/factories/editions.rb
12	12	test/functional/announcements_controller_test.rb
2	2	test/functional/case_studies_controller_test.rb
2	2	test/functional/fatality_notices_controller_test.rb
2	2	test/functional/home_controller_test.rb
2	2	test/functional/ministerial_roles_controller_test.rb
2	2	test/functional/news_articles_controller_test.rb
2	2	test/functional/operational_fields_controller_test.rb
10	10	test/functional/organisations_controller_test.rb
2	2	test/functional/people_controller_test.rb
24	24	test/functional/policies_controller_test.rb
13	13	test/functional/publications_controller_test.rb
2	2	test/functional/supporting_pages_controller_test.rb
8	8	test/functional/topics_controller_test.rb
6	6	test/functional/world_locations_controller_test.rb
11	11	test/support/document_controller_test_helpers.rb
1	1	test/support/resource_test_helpers.rb
1	1	test/unit/consultation_test.rb
12	12	test/unit/document_test.rb
2	2	test/unit/edition/audit_trail_test.rb
8	8	test/unit/edition/images_test.rb
3	3	test/unit/edition/publishing_test.rb
2	2	test/unit/edition/validation_test.rb
7	7	test/unit/edition/workflow_test.rb
18	18	test/unit/edition_test.rb
3	3	test/unit/helpers/feed_helper_test.rb

--0572e5f598--2013-01-14--Edd Sowden
7	0	app/assets/stylesheets/frontend/helpers/_attachment.scss
8	0	app/helpers/document_helper.rb
8	1	app/helpers/govspeak_helper.rb
23	20	app/views/admin/editions/_attachment_fields.html.erb
1	3	app/views/documents/_attachment.html.erb
4	0	app/views/documents/_inline_attachment.html.erb
44	11	test/unit/helpers/govspeak_helper_test.rb

--680e753650--2013-01-14--Matthew Ford
7	0	app/assets/javascripts/admin/speed_tagging.js
1	2	app/views/admin/editions/_speed_tagging.html.erb

--4be3ff2429--2013-01-14--Matthew Ford
2	34	app/controllers/admin/editions_controller/national_applicability.rb
1	0	test/functional/admin/publications_controller_test.rb

--96bc9bba3c--2013-01-14--Matthew Ford
2	2	app/views/admin/editions/_speed_tagging.html.erb

--77385f44cb--2013-01-14--Matthew Ford
12	3	app/controllers/admin/editions_controller.rb
4	1	app/views/admin/editions/_speed_tagging.html.erb
1	0	test/factories/consultations.rb
1	0	test/factories/statistical_data_sets.rb
1	0	test/functional/admin/consultations_controller_test.rb
0	5	test/functional/admin/edition_workflow_controller_test.rb
1	0	test/functional/admin/news_articles_controller_test.rb
1	0	test/functional/admin/speeches_controller_test.rb
16	0	test/support/admin_edition_controller_test_helpers.rb