--5c90e466cb--2012-10-26--Edd Sowden
--e637022790--2012-10-26--Edd Sowden
27	25	app/assets/javascripts/application/document_filter.js
63	1	test/javascripts/unit/document_filter_test.js

--62e16bcca5--2012-10-26--Tom Ward
15	0	app/models/edition_organisation_image_data.rb
13	0	app/models/person.rb
2	2	features/administering-organisations.feature
-	-	features/fixtures/minister-of-soul.jpg
1	1	features/step_definitions/detailed_guide_steps.rb
2	2	features/step_definitions/organisation_steps.rb
1	1	features/step_definitions/person_steps.rb
11	0	test/unit/edition_organisation_image_data_test.rb
11	0	test/unit/person_test.rb

--2e7614c5e4--2012-10-26--Frances Berriman
0	3	app/assets/stylesheets/frontend/helpers/_filter.scss

--7e667ed79d--2012-10-26--Frances Berriman
--ba62d658c4--2012-10-26--Frances Berriman
5	5	app/assets/stylesheets/frontend/views/_publications.scss
2	1	app/views/publications/index.html.erb

--35fafeb714--2012-10-25--Frances Berriman
--1a0d1f64fa--2012-10-25--Frances Berriman
--4b9dfbba33--2012-10-25--Frances Berriman
5	7	app/assets/stylesheets/frontend/helpers/_filter.scss
0	1	app/views/documents/_filter_form.html.erb

--3247d1e1cb--2012-10-25--Frances Berriman
1	1	app/assets/javascripts/application/document_filter.js
0	1	app/assets/stylesheets/frontend/views/_publications.scss

--fa8cd672ce--2012-10-25--Frances Berriman
12	5	app/assets/javascripts/application/document_filter.js
4	2	app/assets/stylesheets/frontend/helpers/_filter.scss

--33d6e13d03--2012-10-25--Frances Berriman
14	1	app/assets/javascripts/application/document_filter.js

--c6889bb6e3--2012-10-25--Frances Berriman
1	2	app/assets/javascripts/application/document_filter.js

--3b77b71fcd--2012-10-25--Frances Berriman
3	3	app/assets/javascripts/application/document_filter.js
2	6	app/assets/stylesheets/frontend/helpers/_filter.scss
1	1	app/assets/stylesheets/frontend/views/_publications.scss
4	4	app/views/documents/_filter_form.html.erb

--c2e9bc0347--2012-10-25--Frances Berriman
10	1	app/assets/stylesheets/frontend/views/_policies.scss

--56a88ba869--2012-10-25--Frances Berriman
3	2	app/assets/stylesheets/frontend/helpers/_filter.scss

--c6708b7812--2012-10-24--Frances Berriman
10	0	app/assets/stylesheets/frontend/views/_announcements.scss

--5330585416--2012-10-24--Frances Berriman
1	1	app/assets/javascripts/application/document_filter.js
2	0	app/assets/stylesheets/frontend/helpers/_filter.scss
3	1	app/presenters/publication_filter_json_presenter.rb
1	1	app/views/documents/_filter_form.html.erb

--e415d1abcc--2012-10-24--Frances Berriman
23	3	app/assets/javascripts/application/document_filter.js
7	6	app/assets/stylesheets/frontend/helpers/_filter.scss
3	2	app/assets/stylesheets/frontend/views/_publications.scss
1	1	app/views/documents/_filter_form.html.erb
6	4	app/views/publications/index.html.erb

--0b0f905365--2012-10-24--Frances Berriman
26	1	app/assets/javascripts/application/document_filter.js
25	1	app/assets/stylesheets/frontend/helpers/_filter.scss
10	0	app/assets/stylesheets/frontend/views/_publications.scss
1	0	app/presenters/document_filter_json_presenter.rb
13	7	app/views/documents/_filter_form.html.erb
1	1	lib/whitehall/document_filter.rb

--ccf751d9ae--2012-10-25--Frances Berriman
1	1	app/assets/javascripts/application/document_filter.js
0	1	app/assets/stylesheets/frontend/views/_publications.scss

--72745f7fe3--2012-10-25--Frances Berriman
12	5	app/assets/javascripts/application/document_filter.js
4	2	app/assets/stylesheets/frontend/helpers/_filter.scss

--8834155c51--2012-10-25--Frances Berriman
14	1	app/assets/javascripts/application/document_filter.js

--b4ca79d017--2012-10-25--Frances Berriman
1	2	app/assets/javascripts/application/document_filter.js

--44530f585f--2012-10-25--Frances Berriman
3	3	app/assets/javascripts/application/document_filter.js
2	6	app/assets/stylesheets/frontend/helpers/_filter.scss
1	1	app/assets/stylesheets/frontend/views/_publications.scss
4	4	app/views/documents/_filter_form.html.erb

--91cdb072b3--2012-10-25--Frances Berriman
10	1	app/assets/stylesheets/frontend/views/_policies.scss

--36bea9f4e0--2012-10-25--Frances Berriman
3	2	app/assets/stylesheets/frontend/helpers/_filter.scss

--e88c2b3174--2012-10-24--Frances Berriman
10	0	app/assets/stylesheets/frontend/views/_announcements.scss

--428241be9f--2012-10-24--Frances Berriman
1	1	app/assets/javascripts/application/document_filter.js
2	0	app/assets/stylesheets/frontend/helpers/_filter.scss
3	1	app/presenters/publication_filter_json_presenter.rb
1	1	app/views/documents/_filter_form.html.erb

--08d863401f--2012-10-24--Frances Berriman
23	3	app/assets/javascripts/application/document_filter.js
7	6	app/assets/stylesheets/frontend/helpers/_filter.scss
3	2	app/assets/stylesheets/frontend/views/_publications.scss
1	1	app/views/documents/_filter_form.html.erb
6	4	app/views/publications/index.html.erb

--f51be9af2b--2012-10-24--Frances Berriman
26	1	app/assets/javascripts/application/document_filter.js
25	1	app/assets/stylesheets/frontend/helpers/_filter.scss
10	0	app/assets/stylesheets/frontend/views/_publications.scss
1	0	app/presenters/document_filter_json_presenter.rb
13	7	app/views/documents/_filter_form.html.erb
1	1	lib/whitehall/document_filter.rb