--2b8873481f--2012-10-18--Chris Parsons
--e60e01ad14--2012-10-18--Edd Sowden
0	4	app/controllers/organisations_controller.rb
0	42	app/views/organisations/alphabetical.html.erb
0	3	config/routes.rb
0	10	test/functional/organisations_controller_test.rb

--5a6c5cea16--2012-10-18--Chris Parsons
7	2	app/views/topics/show.atom.builder
11	0	test/functional/topics_controller_test.rb

--f5ad67982c--2012-10-17--Chris Parsons
6	0	app/helpers/consultations_helper.rb
1	1	app/models/consultation.rb
5	3	app/models/response.rb
2	0	app/views/admin/consultations/_form.html.erb
1	0	app/views/admin/editions/show.html.erb
2	1	app/views/consultations/show.html.erb
4	0	app/views/documents/_attachment.html.erb
3	1	app/views/documents/_attachment_full_width.html.erb
5	0	db/migrate/20121017134138_add_published_on_to_response.rb
2	1	db/schema.rb
8	1	features/publishing-consultations.feature
21	7	features/step_definitions/consultation_steps.rb
19	0	features/support/consultation_helper.rb
1	1	test/unit/consultation_test.rb
20	0	test/unit/helpers/consultations_helper_test.rb
10	3	test/unit/response_test.rb

--f1e47fc022--2012-10-17--Chris Parsons
9	1	features/publishing-consultations.feature
22	6	features/step_definitions/consultation_steps.rb
7	0	features/support/document_helper.rb