--e43e3ba23f--2012-07-24--Bradley Wright
--1e608eb604--2012-07-24--James Adam
1	4	features/filtering-publications.feature
13	9	features/step_definitions/publication_steps.rb

--c513eeaf43--2012-07-24--Bradley Wright
59	0	app/assets/javascripts/application/hide-other-links.js
1	0	app/assets/javascripts/application/on_ready.js
10	0	app/assets/stylesheets/frontend/views/_policies.scss
1	1	app/views/policies/_document_metadata.html.erb
38	0	test/javascripts/hide_topics_link_test.js
1	0	test/javascripts/qunit.js

--2fa58f7675--2012-07-24--russell thorn
1	1	app/assets/stylesheets/frontend/views/_policies.scss

--3ad5762fb2--2012-07-24--James Adam
0	13	app/views/admin/editions/_outbound_links.html.erb

--0520c0d200--2012-07-23--James Adam
34	32	app/assets/stylesheets/frontend/views/_specialist_guides.scss
11	0	app/views/admin/editions/_outbound_links.html.erb
9	0	app/views/specialist_guides/_document_contextual.html.erb
13	1	features/step_definitions/specialist_guide_steps.rb
0	1	features/viewing-published-specialist-guides.feature
4	4	test/unit/specialist_guide_test.rb

--6ea8dbbfcc--2012-07-20--Tom Ward
27	0	app/models/specialist_guide.rb
13	0	app/views/admin/editions/_outbound_links.html.erb
2	0	app/views/admin/specialist_guides/_form.html.erb
7	0	app/views/specialist_guides/_list.html.erb
6	0	features/editing-draft-specialist-guides.feature
18	0	features/step_definitions/specialist_guide_steps.rb
7	0	features/viewing-published-specialist-guides.feature
28	0	test/unit/specialist_guide_test.rb

--f0ca7f63b5--2012-07-23--Bradley Wright
1	1	features/filtering-publications.feature
5	1	features/step_definitions/publication_steps.rb

--ab50571732--2012-07-23--Bradley Wright
13	0	features/filtering-publications.feature
18	0	features/step_definitions/publication_steps.rb

--338d321c44--2012-07-23--James Mead
1	1	test/functional/admin/editions_controller_test.rb
1	1	test/functional/admin/editorial_remarks_controller_test.rb
1	1	test/functional/admin/news_articles_controller_test.rb
3	3	test/functional/admin/organisations_controller_test.rb
3	3	test/functional/admin/policies_controller_test.rb
1	1	test/functional/admin/supporting_pages_controller_test.rb
1	1	test/functional/announcements_controller_test.rb
1	1	test/functional/consultations_controller_test.rb

--8e16292799--2012-07-23--Bradley Wright
7	1	app/assets/stylesheets/frontend/helpers/_filter.scss

--019f824264--2012-07-23--Bradley Wright
77	0	app/assets/javascripts/application/publication_filter.js
3	3	app/views/publications/index.html.erb

--b9179d7fe3--2012-07-23--Bradley Wright
25	12	app/controllers/publications_controller.rb
15	0	app/views/publications/index.json.erb

--25af41b697--2012-07-23--James Adam
1	5	app/assets/stylesheets/admin/document.scss

--f3fdb3a497--2012-07-23--James Adam
6	0	app/assets/javascripts/application/split_into_pages.js
15	2	test/javascripts/split_into_pages_test.js

--a8f618cdac--2012-07-23--Bradley Wright
2	0	lib/tasks/guidance.rake

--ed06f46e1b--2012-07-23--Bradley Wright
3	0	lib/tasks/guidance.rake

--be62bb56db--2012-07-23--Bradley Wright
6	0	lib/tasks/guidance.rake

--7f420d6c4f--2012-07-23--James Adam
1	1	app/views/admin/supporting_pages/show.html.erb

--f6aefd0e84--2012-07-23--James Mead
3	0	app/views/publications/_document_content.html.erb
16	0	test/functional/publications_controller_test.rb

--ea89c14507--2012-07-23--James Adam
9	1	app/views/admin/supporting_pages/show.html.erb