--f7556d316f--2012-07-17--Bradley Wright
--b09ac51be1--2012-07-17--Bradley Wright
3	2	features/editing-attachments.feature
12	5	features/step_definitions/publication_steps.rb
1	2	features/step_definitions/supporting_page_steps.rb

--39a9fd1cb4--2012-07-17--russell thorn
0	1	app/assets/stylesheets/frontend/views/_policies.scss

--05e9d7942a--2012-07-17--russell thorn
--4de5d20565--2012-07-17--russell thorn
1	0	features/step_definitions/policy_steps.rb
0	14	test/functional/policies_controller_test.rb

--6f0cc3c1a9--2012-07-17--Bradley Wright
1	1	app/views/documents/_attachment.html.erb

--541fb26642--2012-07-17--Bradley Wright
4	0	app/views/admin/editions/_attachment_fields.html.erb
10	30	test/support/admin_edition_controller_test_helpers.rb

--9ee4be70e0--2012-07-17--Bradley Wright
1	1	app/helpers/govspeak_helper.rb
1	2	app/views/consultation_responses/_document_content.html.erb
1	2	app/views/consultations/_document_content.html.erb
2	3	app/views/publications/_document_content.html.erb
0	1	app/views/specialist_guides/_document_content.html.erb
12	12	test/support/document_controller_test_helpers.rb
64	0	test/unit/helpers/govspeak_helper_test.rb

--caed49df79--2012-07-17--russell thorn
0	1	app/views/policies/_document_contextual.html.erb

--e7d1d46f48--2012-07-17--russell thorn
4	3	app/assets/stylesheets/frontend/views/_policies.scss
1	1	app/views/policies/_document_contextual.html.erb

--9b8fb56e4d--2012-07-17--Bradley Wright
4	4	app/views/documents/_attachment.html.erb

--b570beb4ba--2012-07-17--Bradley Wright
2	6	app/assets/stylesheets/frontend/helpers/_document.scss
1	1	app/assets/stylesheets/frontend/reset/_reset.scss
1	0	app/assets/stylesheets/frontend/views/_document-page.scss

--7f73f7a983--2012-07-17--Bradley Wright
3	3	app/assets/stylesheets/frontend/helpers/_document.scss

--f81f8c7d73--2012-07-16--Edd Sowden
3	9	app/assets/javascripts/application/paginate_document.js
53	37	app/assets/stylesheets/frontend/views/_specialist_guides.scss
1	1	app/views/specialist_guides/_document_content.html.erb
5	1	app/views/specialist_guides/_document_contextual.html.erb
1	1	app/views/specialist_guides/show.html.erb
2	2	test/functional/specialist_guides_controller_test.rb

--3fc2dd02a1--2012-07-16--Bradley Wright
10	0	test/unit/helpers/govspeak_helper_test.rb

--626d89811b--2012-07-16--Bradley Wright
5	1	app/helpers/govspeak_helper.rb
14	0	test/unit/helpers/govspeak_helper_test.rb

--0d51d0bdb6--2012-07-16--Bradley Wright
13	1	app/helpers/govspeak_helper.rb
23	0	app/views/documents/_attachment.html.erb
1	1	app/views/specialist_guides/_document_content.html.erb
14	0	test/unit/helpers/govspeak_helper_test.rb

--13553aba9b--2012-07-16--Bradley Wright
0	1	app/assets/stylesheets/frontend/helpers/_document.scss

--aa1eadae87--2012-07-16--Edd Sowden
6	3	app/assets/stylesheets/frontend/views/_document-page.scss
8	0	app/assets/stylesheets/frontend/views/_policies.scss
5	9	app/assets/stylesheets/frontend/views/_specialist_guides.scss

--033b0a12d1--2012-07-16--Edd Sowden
5	1	app/assets/javascripts/application/paginate_document.js
46	11	app/assets/stylesheets/frontend/views/_specialist_guides.scss
1	1	app/views/specialist_guides/_document_contextual.html.erb

--20b22d1879--2012-07-16--Bradley Wright
35	33	app/assets/stylesheets/frontend/helpers/_document.scss
22	10	app/views/documents/_attachments.html.erb

--87f3ffec04--2012-07-16--Chris Roos
0	14	test/functional/admin/policies_controller_test.rb
14	0	test/support/admin_edition_controller_test_helpers.rb

--ef9e62ae8f--2012-07-16--Chris Roos
3	0	test/functional/admin/case_studies_controller_test.rb
3	0	test/functional/admin/consultations_controller_test.rb
3	0	test/functional/admin/international_priorities_controller_test.rb
3	0	test/functional/admin/news_articles_controller_test.rb
2	2	test/functional/admin/publications_controller_test.rb
2	2	test/functional/admin/specialist_guides_controller_test.rb
3	0	test/functional/admin/speeches_controller_test.rb
1	2	test/support/admin_edition_controller_test_helpers.rb

--062a6fb772--2012-07-16--Chris Roos
2	3	test/functional/admin/specialist_guides_controller_test.rb

--4894cb571e--2012-07-16--Chris Roos
0	0	test/functional/admin/{specialist_guide_controller_test.rb => specialist_guides_controller_test.rb}

--773363218a--2012-07-16--Chris Roos
1	1	app/views/admin/editions/_conflict.html.erb
0	7	app/views/admin/editions/_related.html.erb
7	0	app/views/admin/editions/_related_policies.html.erb
1	1	app/views/admin/editions/show.html.erb
2	2	features/step_definitions/document_steps.rb

--ce17ccec59--2012-07-16--James Mead
10	1	app/controllers/application_controller.rb
4	0	app/controllers/specialist_guides_controller.rb
19	0	test/functional/application_controller_proposition_test.rb
20	0	test/functional/specialist_guides_controller_proposition_test.rb

--47f8aa13d7--2012-07-16--Bradley Wright
35	0	app/assets/stylesheets/frontend/helpers/_document.scss

--0e3c8cb71a--2012-07-16--russell thorn
1	1	app/helpers/country_helper.rb
0	2	app/views/policies/_document_metadata.html.erb

--acf51504c3--2012-07-16--russell thorn
1	1	app/views/policies/_document_metadata.html.erb
3	3	test/support/document_controller_test_helpers.rb

--0ed33d4725--2012-07-16--russell thorn
--4a6ff944dc--2012-07-16--Chris Roos
4	4	app/views/admin/editions/_conflict.html.erb
3	2	test/functional/admin/policies_controller_test.rb
2	1	test/support/admin_edition_controller_test_helpers.rb

--1ebdb06ba2--2012-07-16--russell thorn
5	1	app/helpers/country_helper.rb
7	0	app/views/policies/_document_metadata.html.erb
0	13	app/views/policies/_document_related.html.erb
2	2	app/views/policies/_inapplicable_nations.html.erb

--964f3728bb--2012-07-16--russell thorn
3	5	app/views/policies/_inapplicable_nations.html.erb
12	1	features/step_definitions/policy_steps.rb
2	2	features/viewing-published-policies.feature
1	1	test/functional/policies_controller_test.rb
1	1	test/functional/supporting_pages_controller_test.rb

--7176960ffe--2012-07-16--russell thorn
2	5	test/functional/policies_controller_test.rb
2	5	test/functional/supporting_pages_controller_test.rb

--d0c1be3ee2--2012-07-16--russell thorn
--e71df3b716--2012-07-16--Bradley Wright
5	1	Gemfile

--f61db9d2c8--2012-07-14--Edd Sowden
1	1	app/assets/javascripts/application/on_ready.js
0	22	app/assets/javascripts/application/policy_update_notes.js
29	0	app/assets/javascripts/application/toggle_change_notes.js
1	0	app/assets/stylesheets/frontend/base.scss
11	0	app/assets/stylesheets/frontend/helpers/_global.scss
1	1	app/assets/stylesheets/frontend/styleguide/_button.scss
49	23	app/assets/stylesheets/frontend/views/_document-page.scss
6	49	app/assets/stylesheets/frontend/views/_policies.scss
0	2	app/assets/stylesheets/frontend/views/_specialist_guides.scss
13	0	app/assets/stylesheets/frontend/views/_specialist_guides_print.scss
12	14	app/views/documents/_change_notes.html.erb
4	2	app/views/specialist_guides/_document_metadata.html.erb
0	50	test/javascripts/policy_update_notes_test.js
1	1	test/javascripts/qunit.js
35	0	test/javascripts/toggle_change_notes_test.js
10	6	test/support/document_controller_test_helpers.rb

--7b9230180b--2012-07-16--Tom Ward
5	0	app/controllers/public_facing_controller.rb
0	2	config/application.rb
10	2	test/functional/public_facing_controller_test.rb

--58440bb4a0--2012-07-13--russell thorn
9	3	app/assets/stylesheets/frontend/views/_policies.scss
4	0	app/helpers/country_helper.rb
4	0	app/models/edition/national_applicability.rb
0	3	app/views/policies/_document_content.html.erb
4	1	app/views/policies/_document_metadata.html.erb
9	0	app/views/policies/_inapplicable_nations.html.erb
0	3	app/views/supporting_pages/_document_content.html.erb