--5e9ac32547--2012-06-18--Jenkins
--f26b64029b--2012-06-18--Paul Battley
17	0	app/views/admin/editions/_inbound_links.html.erb
2	0	app/views/admin/editions/show.html.erb
1	1	features/editing-draft-policies.feature
22	0	features/step_definitions/policy_steps.rb
13	0	features/viewing-inbound-links-to-a-policy.feature

--f7878a9f15--2012-06-18--Paul Battley
5	1	app/assets/stylesheets/admin/sidebar.scss
45	0	app/views/admin/editions/_outbound_links.html.erb
1	41	app/views/admin/editions/show.html.erb

--11ef277ccc--2012-06-18--Jenkins
--e7029c3059--2012-06-18--Jenkins
--4e1e760ebc--2012-06-18--Jenkins
--965c906f7f--2012-06-18--Jenkins
--4aa7ff746f--2012-06-18--Jenkins
--f10cb43d7f--2012-06-15--Jenkins
--d561d86f7c--2012-06-15--Jenkins
--a69404b0e7--2012-06-15--Jenkins
--6e3d595928--2012-06-15--Jenkins
--e22b81eb1e--2012-06-15--Jenkins
--dd1a29b6d2--2012-06-15--Jenkins
--86702b3013--2012-06-15--Jenkins
--d9b9db30af--2012-06-15--Jenkins
--ff62db784a--2012-06-15--Jenkins
--b3cceb1167--2012-06-15--Jenkins
--e3d5e92c69--2012-06-15--Jenkins
--a4fe13203d--2012-06-15--Jenkins
--67675b64c1--2012-06-15--Jenkins
--e55a8e7fec--2012-06-15--Jenkins
--391ffe518b--2012-06-14--Jenkins
--9fe9e0ef5a--2012-06-14--Jenkins
--3621008fbc--2012-06-14--Jenkins
--d4b39ae450--2012-06-14--Jenkins
--15ff4be15d--2012-06-14--Jenkins
--5aa801b3dd--2012-06-14--Jenkins
--960e9e6006--2012-06-14--Jenkins
--a9eeec78bd--2012-06-14--Jenkins
--7bfdcc8642--2012-06-14--Jenkins
--06d4049250--2012-06-14--Jenkins
--f7bf3a4946--2012-06-14--Jenkins
--457c7d1fd4--2012-06-14--Jenkins
--fa3f66e483--2012-06-14--Jenkins
--bd31999c7b--2012-06-14--Jenkins
--1f1c151d05--2012-06-14--Jenkins
--63eb8459d4--2012-06-14--Jenkins
--5c57321909--2012-06-13--Jenkins
--8443c52b5b--2012-06-13--Jenkins
--2c12b4f19b--2012-06-13--Jenkins
--975e09db3d--2012-06-13--Jenkins
--9acd2be78b--2012-06-13--Jenkins
--0c6566189f--2012-06-13--Jenkins
--43b219da47--2012-06-13--Jenkins
--8cb12fdaaf--2012-06-13--Jenkins
--6afe579f08--2012-06-13--Jenkins
--b380100270--2012-06-13--Jenkins
--0c92588dd6--2012-06-13--Jenkins
--439df8a717--2012-06-13--Jenkins
--b9507d1aeb--2012-06-12--Jenkins
--91c16fd0d3--2012-06-12--Jenkins
--571e3e0928--2012-06-12--Jenkins
--91e9923e04--2012-06-12--Jenkins
--f43fb2b4ed--2012-06-12--Jenkins
--4d97e5ea1a--2012-06-12--Jenkins
--c4f1888a30--2012-06-12--Jenkins
--58d28ff744--2012-06-12--Jenkins
--d85785e7ea--2012-06-12--Jenkins
--865b67a4b7--2012-06-12--Jenkins
--836c60a886--2012-06-12--Jenkins
--70e9bfb513--2012-06-12--Jenkins
--ef02d97440--2012-06-11--Jenkins
--424d6bec25--2012-06-11--Jenkins
--b55985137a--2012-06-11--Jenkins
--cd99f27928--2012-06-11--Jenkins
--fe7217ad7c--2012-06-11--Jenkins
--f0abb7d305--2012-06-11--Jenkins
--b5479394c4--2012-06-11--Jenkins
--1fe51a5dc4--2012-06-11--Jenkins
--c5cc3f0173--2012-06-11--Jenkins
--9f17a4b180--2012-06-11--Jenkins
--015fdcb1b4--2012-06-11--Jenkins
--e9c711dbe7--2012-06-11--Jenkins
--8817794c08--2012-06-11--Jenkins
--87a91622c9--2012-06-11--Jenkins
--f39f2f6edb--2012-06-11--Jenkins
--9fe3d408fa--2012-06-11--Jenkins
--2ec50352df--2012-06-11--Jenkins
--78d650794e--2012-06-09--Jenkins
--0bb5c49cf2--2012-06-08--Jenkins
--6e39be187a--2012-06-08--Jenkins
--b62e013272--2012-06-08--Jenkins
--360eecfe0e--2012-06-08--Jenkins
--d9ee9d880c--2012-06-08--Jenkins
--8ad7557aeb--2012-06-08--Jenkins
--6c5de67840--2012-06-08--Jenkins
--8154c7df74--2012-06-08--Jenkins
--da5ea0b86d--2012-06-08--Jenkins
--08dc0d915d--2012-06-07--Jenkins
--1c94ec7bb4--2012-06-07--Jenkins
--3b213f816e--2012-06-07--Jenkins
--d3248dab5f--2012-06-07--Jenkins
--346f1cfd76--2012-06-07--Jenkins
--a8cb86f0ac--2012-06-07--Jenkins
--b2e60c986d--2012-06-06--Jenkins
--9f1cc4896c--2012-06-06--Jenkins
--4318e21313--2012-06-06--Jenkins
--a3e54f5b66--2012-06-06--Jenkins
--70ea893b05--2012-06-06--Jenkins
--266e5bcdf6--2012-06-06--Jenkins
--a4e89901c8--2012-06-05--Jenkins
--b5b8928184--2012-06-05--Jenkins
--e95450b524--2012-06-05--Jenkins
--b6d99f5c0e--2012-06-05--Jenkins
--dc350fb9b2--2012-06-05--Jenkins
--e5bd456bd2--2012-06-05--Jenkins
--4fe0524c54--2012-06-05--Jenkins
--ca10168a8f--2012-06-05--Jenkins
--b89392e664--2012-06-02--Jenkins
--4d8d01b2e2--2012-06-01--Jenkins
--eb57cdc38d--2012-06-01--Jenkins
--d72eb9fd89--2012-06-01--Jenkins
--80d9a0fd72--2012-06-01--Jenkins
--26ffdffe7e--2012-06-01--Jenkins
--d74c8eca15--2012-06-01--Jenkins
--f78e27f237--2012-06-01--Jenkins
--2c3ae8ef14--2012-06-01--Jenkins
--de4c3a0f6a--2012-06-01--Jenkins
--6d77bd41b4--2012-06-01--Jenkins
--c5f1f30b00--2012-05-31--Jenkins
--cfb3bb0640--2012-05-31--Jenkins
--1190cad7ff--2012-05-31--Jenkins
--18469f2e00--2012-05-31--Jenkins
--8531d89095--2012-05-31--Jenkins
--d682de8d89--2012-05-31--Jenkins
--c61cf14b4d--2012-05-31--Jenkins
--46abf122f2--2012-05-31--Jenkins
--e71c4b5d9d--2012-05-31--Jenkins
--84f3b62f78--2012-05-31--Jenkins
--55f5995e64--2012-05-31--Jenkins
--664d137eef--2012-05-31--Jenkins
--de0179d43b--2012-05-31--Jenkins
--a3514d27a7--2012-05-31--Jenkins
--7994847c8b--2012-05-31--Jenkins
--b9d354275f--2012-05-31--Jenkins
--82cccc3b9d--2012-05-31--Jenkins
--4d9117eb0f--2012-05-31--Jenkins
--147f4b8804--2012-05-31--Jenkins
--7d2b5d2ce0--2012-05-31--Jenkins
--7d96a9c280--2012-05-31--Jenkins
--8bac5cca64--2012-05-31--Jenkins
--25657cddbd--2012-05-31--Jenkins
--cf49347cd7--2012-05-31--Jenkins
--ac2c51021b--2012-05-31--Jenkins
--1b280fc504--2012-05-31--Jenkins
--9514a1f12c--2012-05-31--Jenkins
--2244a3895b--2012-05-31--Jenkins
--78eae106bf--2012-05-31--Jenkins
--a8522b71aa--2012-05-31--Jenkins
--70430d427d--2012-05-31--Jenkins
--8d487aec5c--2012-05-31--Jenkins
--3360b48614--2012-05-31--Jenkins
--fedc4c6d6f--2012-05-31--Jenkins
--f8f1145b5e--2012-05-31--Jenkins
--995505f814--2012-05-30--Jenkins
--f24f482449--2012-05-30--Jenkins
--d5865d3da2--2012-05-30--Jenkins
--bedc6386c9--2012-05-30--Jenkins
--c09fe2715c--2012-05-30--Jenkins
--6d011f29dd--2012-05-30--Jenkins
--bc5ce5ce0f--2012-05-30--Jenkins
--b1e38c7869--2012-05-30--Jenkins
--f2894aed63--2012-05-30--Jenkins
--aa33c70c7f--2012-05-30--Jenkins
--8b8e931a3a--2012-05-30--Jenkins
--414fdacfc5--2012-05-30--Jenkins
--44208bab7b--2012-05-30--Jenkins
--be09ff1eb2--2012-05-30--Jenkins
--63993ab603--2012-05-30--Jenkins
--a1bf927040--2012-05-30--Jenkins
--2eb5b2f740--2012-05-30--Jenkins
--5cb67019a9--2012-05-30--Jenkins
--badec1341e--2012-05-30--Jenkins
--b01f0b5564--2012-05-30--Jenkins
--880db63de4--2012-05-30--Jenkins
--b515b7a76c--2012-05-30--Jenkins
--308f7facf0--2012-05-30--Jenkins
--09ae326962--2012-05-30--Jenkins
--512c63b019--2012-05-30--Jenkins
--6cba3bcf32--2012-05-30--Jenkins
--fd9176bdce--2012-05-30--Jenkins
--cdc111b980--2012-05-30--Jenkins
--57f35c3509--2012-05-30--Jenkins
--55d0164d8f--2012-05-30--Jenkins
--18567f0682--2012-05-30--Jenkins
--6700bac595--2012-05-30--Jenkins
--e93723c022--2012-05-30--Jenkins
--7151a5baac--2012-05-30--Jenkins
--f66bf1d661--2012-05-30--Jenkins
--4460f2b48d--2012-05-29--Jenkins
--c052fab683--2012-05-29--Jenkins
--e75e070f8f--2012-05-29--Jenkins
--08038e682d--2012-05-29--Jenkins
--84f6e0b07d--2012-05-29--Jenkins
--441fdefcf7--2012-05-29--Jenkins
--da92786bf7--2012-05-29--Jenkins
--0ac7ced54e--2012-05-29--Jenkins
--3b17fc2ee3--2012-05-29--Jenkins
--bd80446dd8--2012-05-29--Jenkins
--ff21597f96--2012-05-29--Jenkins
--a973a4c24f--2012-05-29--Jenkins
--4ad9dfd145--2012-05-29--Jenkins
--c249f2ba3a--2012-05-29--Jenkins
--fef99637fc--2012-05-29--Jenkins
--f28ad694b4--2012-05-29--Jenkins
--48633d998c--2012-05-29--Jenkins
--6f7247b7ba--2012-05-29--Jenkins
--29e81afea5--2012-05-29--Jenkins
--d2b0349168--2012-05-29--Jenkins
--59d519c8c0--2012-05-29--Jenkins
--9fc6d413d0--2012-05-29--Jenkins
--abea091811--2012-05-29--Jenkins
--1a7f5c9387--2012-05-29--Jenkins
--9aaa51364c--2012-05-29--Jenkins
--416b6301e4--2012-05-28--Jenkins
--7867bbbec1--2012-05-28--Jenkins
--c67ba42858--2012-05-28--Jenkins
--9b5428cee2--2012-05-28--Jenkins
--620b77b502--2012-05-28--Jenkins
--790d541862--2012-05-28--Jenkins
--6f8c2c3933--2012-05-28--Jenkins
--7ca4f2be5a--2012-05-28--Jenkins
--a78e956158--2012-05-28--Jenkins
--5fa5889a35--2012-05-28--Jenkins
--8251455f9f--2012-05-28--Jenkins
--8070b200f6--2012-05-28--Jenkins
--95982dbd93--2012-05-28--Jenkins
--87578068f3--2012-05-28--Jenkins
--581e5c417a--2012-05-28--Jenkins
--067322226a--2012-05-28--Jenkins
--750ffc7bcc--2012-05-28--Jenkins
--05e5a91193--2012-05-28--Jenkins
--47a70514f6--2012-05-28--Jenkins
--e4e7a5b64e--2012-05-28--Jenkins
--c8d85ef46a--2012-05-28--Jenkins
--155e0b7174--2012-05-28--Jenkins
--0e146a9d8b--2012-05-28--Jenkins
--398f37ef9f--2012-05-25--Jenkins
--6c8f6899fb--2012-05-25--Jenkins
--23981cb6df--2012-05-25--Jenkins
--905d26fe21--2012-05-25--Jenkins
--f518f8c082--2012-05-25--Jenkins
--104ff6b233--2012-05-25--Jenkins
--834635d385--2012-05-25--Jenkins
--c1308c3004--2012-05-25--Jenkins
--c3c67115f7--2012-05-24--Tom Ward
23	0	20120524151543_ensure_documents_can_only_belong_to_a_single_organisation.rb
8	1	app/models/speech.rb
2	2	test/functional/organisations_controller_test.rb
10	0	test/unit/speech_test.rb