--d1b1efd8--2010-07-09--Dhruv Kapadia
--25fc3b22--2010-07-09--Dhruv Kapadia
1	1	app/views/questions/results.html.haml
23	0	features/results/votes_by_date_graph.feature

--e9b1237c--2010-07-09--Chap Ambrose
-	-	public/images/photocracy/spinner_bounce.gif
5	3	public/javascripts/photocracy/application.js
1	1	public/stylesheets/photocracy/application.css
1	1	public/stylesheets/photocracy/application.scss

--c1723d15--2010-07-09--Chap Ambrose
2	1	app/views/photocracy/layouts/application.html.haml

--a0d67366--2010-07-09--Chap Ambrose
5	4	public/javascripts/photocracy/application.js

--f7ff52f7--2010-07-09--Chap Ambrose
9	7	app/views/photocracy/choices/show.html.erb

--d7159e58--2010-07-09--Dhruv Kapadia
1	1	app/controllers/application_controller.rb

--e325ee3e--2010-07-09--Chap Ambrose
15	5	public/javascripts/photocracy/application.js

--ec41d6c5--2010-07-09--Dhruv Kapadia
26	12	app/controllers/questions_controller.rb

--52dd7a68--2010-07-08--Chap Ambrose
6	0	app/controllers/choices_controller.rb
1	1	app/controllers/earls_controller.rb
25	0	app/views/photocracy/choices/show.html.erb
24	0	app/views/photocracy/home/index.html.haml
2	2	app/views/photocracy/questions/add_photos.html.haml
72	0	app/views/photocracy/questions/new.html.haml
2	4	app/views/photocracy/questions/results.html.haml
3	2	config/routes.rb
7	5	public/javascripts/photocracy/application.js

--93385ee7--2010-07-08--Dhruv Kapadia
2	1	config/environment.rb

--669effc7--2010-07-07--Chap Ambrose
6	2	app/controllers/earls_controller.rb
22	15	app/controllers/questions_controller.rb
1	1	app/models/question.rb
1	1	app/views/photocracy/layouts/application.html.haml
32	0	app/views/photocracy/questions/add_photos.html.haml
8	4	config/routes.rb
-	-	public/images/photocracy/cancel.png
-	-	public/javascripts/photocracy/expressInstall.swf
26	0	public/javascripts/photocracy/jquery.uploadify.v2.1.0.min.js
4	0	public/javascripts/photocracy/swfobject.js
-	-	public/javascripts/photocracy/uploadify.fla
-	-	public/javascripts/photocracy/uploadify.swf
53	0	public/stylesheets/photocracy/uploadify.css

--b35673d6--2010-07-07--Chap Ambrose
20	38	app/controllers/questions_controller.rb
20	9	app/models/question.rb