--b618d98a2--2016-02-09--Himal Mandalia
--6c70990fb--2016-02-09--jsugarman
0	39	app/views/devise/mailer/reset_password_instructions.html.erb
27	0	app/views/devise/mailer/reset_password_instructions.html.haml

--89140cb1b--2016-02-09--jsugarman
8	7	spec/mailers/previews/devise_mailer_preview.rb

--8eb06a0e2--2016-02-09--jsugarman
6	0	config/environments/development.rb
16	0	spec/mailers/previews/devise_mailer_preview.rb

--be946d660--2016-02-09--Joel Sugarman
--2bbb97410--2016-02-09--Himal Mandalia
1	1	app/views/super_admins/providers/_form.html.haml

--8fa4201d5--2016-02-09--jsugarman
34	10	app/views/devise/mailer/reset_password_instructions.html.erb
3	3	config/locales/devise.en.yml
1	0	features/new_user.feature
5	1	features/step_definitions/new_user_steps.rb

--cf13d98fb--2016-02-09--Himal Mandalia
--0e6074fa2--2016-02-09--Himal Mandalia
--a9d2e6945--2016-02-09--Alistair Laing
2	2	app/views/shared/_evidence_checklist.html.haml

--6fab00615--2016-02-09--jsugarman
--7b75f20a2--2016-02-09--Himal Mandalia
--5b49b1fe4--2016-02-09--Himal Mandalia
--bbc82d535--2016-02-09--jsugarman
--90202afc2--2016-02-09--jsugarman
54	0	features/fee_section_display.feature
7	0	features/step_definitions/fee_section_display_steps.rb

--461ced6f8--2016-02-09--Alistair Laing
1	0	app/assets/stylesheets/claim-accordion.scss

--0e0167122--2016-02-09--Alistair Laing
4	4	app/assets/javascripts/modules/external_users/claims/FeeSectionDisplay.js
2	2	app/views/external_users/claims/basic_fees/_form.html.haml
4	4	app/views/external_users/claims/expenses/_form.html.haml
2	2	app/views/external_users/claims/fixed_fees/_form.html.haml
2	2	app/views/external_users/claims/misc_fees/_form.html.haml

--6fe2b7f62--2016-02-08--Alistair Laing
2	29	app/assets/stylesheets/navigation.scss
0	6	app/views/external_users/claims/_nav_tabs.html.haml

--81c7f6383--2016-02-08--Alistair Laing
5	63	app/assets/javascripts/modules/external_users/claims/FeeSectionDisplay.js
0	2	app/views/external_users/claims/_form.html.haml
0	25	app/views/shared/_vat_summary.html.haml
0	5	config/locales/en.yml

--2e5a29ee7--2016-02-08--Alistair Laing
2	6	app/views/external_users/claims/_form.html.haml
5	0	app/views/external_users/claims/buttons/_new.html.haml
5	15	config/locales/en.yml

--2dc0257a2--2016-02-08--Alistair Laing
2	11	app/views/external_users/claims/_form.html.haml
10	0	app/views/external_users/claims/additional_information/_form.html.haml
5	2	config/locales/en.yml

--68966779d--2016-02-08--Alistair Laing
2	7	app/views/external_users/claims/_form.html.haml
0	0	app/views/external_users/claims/{ => supporting_evidence_checklist}/_evidence_checklist.html.haml
6	0	app/views/external_users/claims/supporting_evidence_checklist/_form.html.haml
3	1	config/locales/en.yml

--2a6666919--2016-02-08--Alistair Laing
2	43	app/views/external_users/claims/_form.html.haml
19	0	app/views/external_users/claims/supporting_documents/_existing.html.haml
4	0	app/views/external_users/claims/supporting_documents/_form.html.haml
20	0	app/views/external_users/claims/supporting_documents/_new.html.haml
11	11	config/locales/en.yml

--ca1183f7a--2016-02-08--Alistair Laing
1	25	app/views/external_users/claims/_form.html.haml
1	1	app/views/external_users/claims/{ => expenses}/_expense_fields.html.haml
26	0	app/views/external_users/claims/expenses/_form.html.haml
15	12	config/locales/en.yml

--812911ed0--2016-02-08--Alistair Laing
1	21	app/views/external_users/claims/_form.html.haml
0	0	app/views/external_users/claims/{ => fixed_fees}/_fixed_fee_fields.html.haml
22	0	app/views/external_users/claims/fixed_fees/_form.html.haml
11	6	config/locales/en.yml

--fcc594c2d--2016-02-08--Alistair Laing
1	21	app/views/external_users/claims/_form.html.haml
22	0	app/views/external_users/claims/misc_fees/_form.html.haml
0	0	app/views/external_users/claims/{ => misc_fees}/_misc_fee_fields.html.haml
12	5	config/locales/en.yml

--7cd87f6e1--2016-02-08--Alistair Laing
1	22	app/views/external_users/claims/_form.html.haml
0	0	app/views/external_users/claims/{ => basic_fees}/_basic_fee_calculated_fields.html.haml
2	2	app/views/external_users/claims/{ => basic_fees}/_basic_fee_fields.html.haml
1	1	app/views/external_users/claims/{ => basic_fees}/_basic_fee_uncalculated_fields.html.haml
22	0	app/views/external_users/claims/basic_fees/_form.html.haml
30	21	config/locales/en.yml

--56685885b--2016-02-08--Alistair Laing
1	7	app/views/external_users/claims/_form.html.haml
3	2	app/views/external_users/claims/{ => defendants}/_defendant_fields.html.haml
8	0	app/views/external_users/claims/defendants/_form.html.haml
0	0	app/views/external_users/claims/{ => defendants}/_representation_order_fields.html.haml
2	2	app/views/shared/_claim_cracked_trial_details.html.haml
2	2	app/views/shared/_claim_defendant_details.html.haml
1	1	app/views/shared/_claim_retrial_details.html.haml
1	1	app/views/shared/_claim_trial_details.html.haml
17	16	config/locales/en.yml

--091297a55--2016-02-08--Alistair Laing
1	63	app/views/external_users/claims/_form.html.haml
0	0	app/views/external_users/claims/{ => case_details}/_cracked_trial_fields.html.haml
61	0	app/views/external_users/claims/case_details/_form.html.haml
0	0	app/views/external_users/claims/{ => case_details}/_retrial_detail_fields.html.haml
0	0	app/views/external_users/claims/{ => case_details}/_trial_detail_fields.html.haml
31	26	config/locales/en.yml