--bd441d5ec--2016-01-21--Himal Mandalia
--10e4c1dd0--2016-01-21--Himal Mandalia
--2bb86eb9f--2016-01-21--Joel Sugarman
--ae9197bfb--2016-01-21--jsugarman
1	1	app/presenters/fee_presenter.rb
0	1	features/step_definitions/advocate_new_claim_steps.rb

--848db935a--2016-01-21--Joel Sugarman
--edf4041c2--2016-01-21--Himal Mandalia
--e3cbda6bc--2016-01-21--jsugarman
7	0	.codeclimate.yml
24	12	app/presenters/fee_presenter.rb
1	1	app/views/external_users/claims/_basic_fee_uncalculated_fields.html.haml
10	15	lib/demo_data/basic_fee_generator.rb

--15eb0bbb6--2016-01-20--jsugarman
14	3	app/validators/fee_validator.rb
2	2	app/views/external_users/claims/_basic_fee_uncalculated_fields.html.haml
11	0	config/locales/error_messages.en.yml
4	0	spec/factories/fees.rb
43	0	spec/validators/fee_validator_spec.rb

--4c3142559--2016-01-20--jsugarman
32	62	app/controllers/external_users/claims_controller.rb

--e509d8c73--2016-01-20--jsugarman
11	0	db/migrate/20160120153131_modify_uncalculated_fee_data.rb
1	1	db/schema.rb

--ef0d0e1ab--2016-01-20--jsugarman
1	0	app/controllers/external_users/claims_controller.rb
11	0	app/presenters/fee_presenter.rb
17	0	app/views/external_users/claims/_basic_fee_calculated_fields.html.haml
13	26	app/views/external_users/claims/_basic_fee_fields.html.haml
14	0	app/views/external_users/claims/_basic_fee_uncalculated_fields.html.haml
1	0	app/views/external_users/claims/_form.html.haml
8	2	config/locales/en.yml
6	7	features/advocate_new_claim.feature
19	14	features/step_definitions/advocate_new_claim_steps.rb
11	1	spec/factories/fee_types.rb

--d3da56b9c--2016-01-21--Himal Mandalia
2	2	app/views/external_users/certifications/new.html.haml

--67d1386dc--2016-01-19--jsugarman
12	0	features/advocate_new_claim.feature
18	0	features/step_definitions/advocate_new_claim_steps.rb
4	0	spec/factories/fee_types.rb

--9cad5cf84--2016-01-19--jsugarman
8	6	app/interfaces/api/v1/external_users/fee.rb
10	1	spec/api/v1/claims/fee_spec.rb

--7873292f7--2016-01-18--jsugarman
7	15	app/controllers/external_users/claims_controller.rb
7	7	lib/api_test_client.rb

--58d2ac0d8--2016-01-18--jsugarman
0	11	db/migrate/20160118104513_add_calculated_to_fee_type.rb
13	0	db/migrate/20160118180130_add_calculation_to_fee_types.rb

--f02e27503--2016-01-18--jsugarman
24	8	app/validators/fee_validator.rb
8	0	config/locales/error_messages.en.yml
9	0	spec/api/v1/claims/fee_spec.rb
4	0	spec/factories/fees.rb
1	2	spec/models/fee_spec.rb
12	0	spec/validators/fee_validator_spec.rb

--23642930e--2016-01-18--jsugarman
1	1	app/models/assessment.rb
6	6	app/models/case_worker.rb
1	1	app/models/determination.rb
1	1	app/models/expense.rb
3	2	app/models/external_user.rb
14	27	app/models/fee.rb
1	0	app/models/fee_type.rb
15	0	app/models/provider.rb
1	1	app/models/redetermination.rb
10	1	app/models/super_admin.rb
6	6	spec/factories/case_workers.rb
1	1	spec/factories/claims.rb
1	1	spec/factories/expenses.rb
3	2	spec/factories/external_users.rb
1	0	spec/factories/fee_types.rb
1	0	spec/factories/fees.rb
15	0	spec/factories/providers.rb
9	0	spec/factories/super_admins.rb
1	0	spec/models/assessment_spec.rb
6	6	spec/models/case_worker_spec.rb
1	1	spec/models/expense_spec.rb
3	2	spec/models/external_user_spec.rb
1	24	spec/models/fee_spec.rb
1	0	spec/models/fee_type_spec.rb
15	0	spec/models/provider_spec.rb
1	0	spec/models/redetermination_spec.rb
9	0	spec/models/super_admin_spec.rb

--f8677a999--2016-01-18--jsugarman
8	5	app/models/fee.rb
11	0	db/migrate/20160118104513_add_calculated_to_fee_type.rb
1	0	db/schema.rb
4	3	db/seeds/fee_types.rb
77	77	lib/assets/data/fee_types.csv
18	4	lib/demo_data/basic_fee_generator.rb
2	2	lib/demo_data/fee_generator.rb
1	0	spec/factories/fee_types.rb
4	0	spec/factories/fees.rb
22	0	spec/models/fee_spec.rb

--628980dc8--2016-01-20--Edward Andress
8	0	app/presenters/claim_csv_presenter.rb
1	1	config/settings.yml
0	1	db/schema.rb
1	1	spec/presenters/claim_csv_presenter_spec.rb

--60b92177d--2016-01-20--Himal Mandalia
4	0	app/controllers/application_controller.rb
19	12	features/feedback_loop.feature
9	1	features/step_definitions/feedback_steps.rb
4	0	features/step_definitions/shared/sign_in_steps.rb
53	0	spec/controllers/application_controller_spec.rb

--f14c856e1--2016-01-19--Alistair Laing
13	0	features/claim_allocation.feature
21	0	features/step_definitions/claim_allocation_steps.rb

--a407e404b--2016-01-19--Alistair Laing
1	1	app/views/case_workers/admin/allocations/_re_allocation.html.haml

--1f898c9a1--2016-01-19--Alistair Laing
13	9	app/assets/javascripts/modules/case_worker/ReAllocation.js

--2bd5c7dd7--2016-01-19--Alistair Laing
3	0	app/assets/javascripts/modules/{external_users/claims => }/TableRowClick.js