--8881cf62f--2016-01-12--jsugarman
--7229792ce--2016-01-12--Alistair Laing
--8fd8ac2d6--2016-01-12--Himal Mandalia
1	1	README.md

--326184bf0--2016-01-12--Alistair Laing
--14346728c--2016-01-08--jsugarman
17	36	app/controllers/case_workers/claims_controller.rb
20	10	app/models/claims/sort.rb
8	8	app/views/advocates/claims/_claims.html.haml
3	3	app/views/case_workers/claims/_claims.html.haml
1	0	features/claims_carousel.feature
1	3	features/step_definitions/claims_carousel_steps.rb
28	8	spec/controllers/case_workers/claims_controller_spec.rb

--1ad4d413d--2015-12-14--Himal Mandalia
0	1	app/assets/stylesheets/layout.scss
0	35	app/assets/stylesheets/list-controls.scss
21	2	app/controllers/advocates/claims_controller.rb
15	0	app/controllers/case_workers/claims_controller.rb
8	0	app/helpers/application_helper.rb
1	0	app/models/claim.rb
54	0	app/models/claims/sort.rb
8	8	app/views/advocates/claims/_claims.html.haml
9	9	app/views/case_workers/claims/_claims.html.haml
1	4	app/views/case_workers/claims/_claims_list.html.haml
0	10	app/views/case_workers/claims/_list_controls.html.haml
6	6	app/views/layouts/_primary_navigation.html.haml
2	0	config/locales/en.yml
5	5	features/caseworker_claims_list.feature
4	6	features/claims_carousel.feature
3	2	features/step_definitions/caseworker_claims_list_steps.rb
7	5	features/step_definitions/claims_carousel_steps.rb
4	4	spec/controllers/advocates/claims_controller_spec.rb