--125dbf565--2016-01-08--Himal Mandalia
--d2d93a2b6--2016-01-08--Himal Mandalia
0	0	app/assets/javascripts/modules/{advocates => external_users}/claims/ClaimCompletion.js
0	0	app/assets/javascripts/modules/{advocates => external_users}/claims/CrackedTrial.js
0	0	app/assets/javascripts/modules/{advocates => external_users}/claims/Dropzone.js
0	0	app/assets/javascripts/modules/{advocates => external_users}/claims/FeeCalculator.js
0	0	app/assets/javascripts/modules/{advocates => external_users}/claims/FeePopulator.js
0	0	app/assets/javascripts/modules/{advocates => external_users}/claims/FeeSectionDisplay.js
0	0	app/assets/javascripts/modules/{advocates => external_users}/claims/NewClaim.js
0	0	app/assets/javascripts/modules/{advocates => external_users}/claims/Select2.js
0	0	app/assets/javascripts/modules/{advocates => external_users}/claims/StickySection.js
0	0	app/assets/javascripts/modules/{advocates => external_users}/claims/TableRowClick.js
0	0	app/assets/javascripts/modules/{advocates => external_users}/claims/TrialFieldsDisplay.js
1	1	app/assets/stylesheets/{advocates-table.scss => external-users-table.scss}
0	0	app/assets/stylesheets/{advocates => external_users}/application.css.scss
0	0	app/assets/stylesheets/{advocates => external_users}/claim-form.scss
0	0	app/assets/stylesheets/{advocates => external_users}/dropzonejs.scss
0	0	app/assets/stylesheets/{advocates => external_users}/report-options.scss
1	1	app/assets/stylesheets/imports.scss
0	67	app/controllers/advocates/admin/advocates_controller.rb
0	3	app/controllers/advocates/admin/application_controller.rb
0	12	app/controllers/advocates/application_controller.rb
6	6	app/controllers/application_controller.rb
3	0	app/controllers/external_users/admin/application_controller.rb
67	0	app/controllers/external_users/admin/external_users_controller.rb
3	3	app/controllers/{advocates => external_users}/admin/providers_controller.rb
12	0	app/controllers/external_users/application_controller.rb
4	4	app/controllers/{advocates => external_users}/certifications_controller.rb
16	16	app/controllers/{advocates => external_users}/claims_controller.rb
1	1	app/controllers/{advocates => external_users}/financial_summary_controller.rb
1	1	app/controllers/{advocates => external_users}/json_document_importers_controller.rb
7	7	app/controllers/{advocates => external_users}/registrations_controller.rb
0	74	app/controllers/super_admins/advocates_controller.rb
74	0	app/controllers/super_admins/external_users_controller.rb
1	1	app/helpers/{advocates => external_users}/claims_helper.rb
2	2	app/interfaces/api/root.rb
1	1	app/interfaces/api/v1/api_helper.rb
3	3	app/interfaces/api/v1/{advocates => external_users}/claim.rb
3	3	app/interfaces/api/v1/{advocates => external_users}/date_attended.rb
2	2	app/interfaces/api/v1/{advocates => external_users}/defendant.rb
2	2	app/interfaces/api/v1/{advocates => external_users}/expense.rb
3	3	app/interfaces/api/v1/{advocates => external_users}/fee.rb
3	3	app/interfaces/api/v1/{advocates => external_users}/representation_order.rb
8	8	app/interfaces/api/v1/{advocates => external_users}/root.rb
12	12	app/models/ability.rb
11	11	app/models/claim.rb
2	2	app/models/claims/calculations.rb
1	1	app/models/claims/search.rb
16	16	app/models/claims/state_machine.rb
3	3	app/models/document.rb
5	5	app/models/{advocate.rb => external_user.rb}
6	6	app/models/json_document_importer.rb
2	2	app/models/json_template.rb
1	1	app/models/message.rb
2	2	app/models/provider.rb
1	1	app/models/user.rb
9	9	app/presenters/state_change_presenter.rb
4	4	app/validators/claim_textfield_validator.rb
0	11	app/views/advocates/admin/advocates/edit.html.haml
0	11	app/views/advocates/admin/advocates/new.html.haml
0	36	app/views/advocates/admin/advocates/show.html.haml
0	6	app/views/advocates/claims/_nav_tabs.html.haml
1	1	app/views/case_workers/admin/allocations/_allocation.html.haml
1	1	app/views/case_workers/admin/allocations/_re_allocation.html.haml
1	1	app/views/case_workers/claims/_claims.html.haml
2	2	app/views/{advocates/admin/advocates => external_users/admin/external_users}/_form.html.haml
4	4	app/views/{advocates/admin/advocates => external_users/admin/external_users}/change_password.html.haml
11	0	app/views/external_users/admin/external_users/edit.html.haml
5	5	app/views/{advocates/admin/advocates => external_users/admin/external_users}/index.html.haml
11	0	app/views/external_users/admin/external_users/new.html.haml
36	0	app/views/external_users/admin/external_users/show.html.haml
1	1	app/views/{advocates => external_users}/admin/providers/edit.html.haml
2	2	app/views/{advocates => external_users}/admin/providers/show.html.haml
2	2	app/views/{advocates => external_users}/certifications/new.html.haml
0	0	app/views/{advocates => external_users}/claims/_basic_fee_fields.html.haml
3	3	app/views/{advocates => external_users}/claims/_claims.html.haml
0	0	app/views/{advocates => external_users}/claims/_cracked_trial_fields.html.haml
0	0	app/views/{advocates => external_users}/claims/_date_attended_fields.html.haml
0	0	app/views/{advocates => external_users}/claims/_defendant_fields.html.haml
0	0	app/views/{advocates => external_users}/claims/_error_summary.html.haml
0	0	app/views/{advocates => external_users}/claims/_evidence_checklist.html.haml
0	0	app/views/{advocates => external_users}/claims/_expense_fields.html.haml
2	2	app/views/{advocates => external_users}/claims/_financial_summary.html.haml
0	0	app/views/{advocates => external_users}/claims/_fixed_fee_fields.html.haml
3	3	app/views/{advocates => external_users}/claims/_form.html.haml
1	1	app/views/{advocates => external_users}/claims/_json_document_importer.haml
0	0	app/views/{advocates => external_users}/claims/_misc_fee_fields.html.haml
6	0	app/views/external_users/claims/_nav_tabs.html.haml
0	0	app/views/{advocates => external_users}/claims/_offence_select.html.haml
0	0	app/views/{advocates => external_users}/claims/_representation_order_fields.html.haml
1	1	app/views/{advocates => external_users}/claims/_search_form.html.haml
0	0	app/views/{advocates => external_users}/claims/archived.html.haml
0	0	app/views/{advocates => external_users}/claims/authorised.html.haml
2	2	app/views/{advocates => external_users}/claims/confirmation.html.haml
0	0	app/views/{advocates => external_users}/claims/edit.html.haml
1	1	app/views/{advocates => external_users}/claims/index.html.haml
0	0	app/views/{advocates => external_users}/claims/new.html.haml
0	0	app/views/{advocates => external_users}/claims/outstanding.html.haml
0	0	app/views/{advocates => external_users}/claims/show.html.haml
2	2	app/views/{advocates => external_users}/json_document_importers/create.js.erb
0	0	app/views/{advocates => external_users}/json_document_importers/format_error.js.erb
7	7	app/views/grape_swagger_rails/application/index.html.erb
6	6	app/views/layouts/_primary_navigation.html.haml
1	1	app/views/layouts/{advocate.html.haml => external_users.html.haml}
1	1	app/views/offences/index.js.erb
12	12	app/views/shared/_claim.html.haml
2	2	app/views/shared/_claim_defendant_details.html.haml
5	5	app/views/shared/_claim_header.html.haml
2	2	app/views/shared/_claim_history.html.haml
3	3	app/views/shared/_evidence_checklist.html.haml
1	1	app/views/shared/_message.html.haml
2	2	app/views/shared/_message_controls.html.haml
0	26	app/views/super_admins/advocates/show.html.haml
5	5	app/views/super_admins/{advocates => external_users}/_form.html.haml
5	5	app/views/super_admins/{advocates => external_users}/change_password.html.haml
0	0	app/views/super_admins/{advocates => external_users}/edit.html.haml
4	4	app/views/super_admins/{advocates => external_users}/index.html.haml
0	0	app/views/super_admins/{advocates => external_users}/new.html.haml
26	0	app/views/super_admins/external_users/show.html.haml
1	1	app/views/super_admins/providers/_providers.html.haml
9	9	config/locales/en.yml
1	1	config/locales/error_messages.en.yml
7	7	config/routes.rb
9	0	db/migrate/20160107095327_rename_advocates_to_external_users.rb
6	0	db/migrate/20160107125913_rename_advocate_id_to_external_user_id.rb
20	20	db/schema.rb
8	8	features/new_user.feature
4	4	features/step_definitions/advocate_admin_edit_provider_steps.rb
1	1	features/step_definitions/advocate_admin_steps.rb
1	1	features/step_definitions/advocate_archived_claim_list_steps.rb
22	22	features/step_definitions/advocate_claims_list_steps.rb
2	2	features/step_definitions/advocate_edit_claim_steps.rb
20	18	features/step_definitions/advocate_new_claim_steps.rb
1	1	features/step_definitions/api_documentation_steps.rb
1	1	features/step_definitions/api_new_claim_steps.rb
1	1	features/step_definitions/archive_claim_steps.rb
4	4	features/step_definitions/claim_document_upload_steps.rb
1	1	features/step_definitions/claim_evidence_checklist_steps.rb
3	3	features/step_definitions/claim_history_steps.rb
4	4	features/step_definitions/claim_messages_steps.rb
1	1	features/step_definitions/claim_redetermination_steps.rb
3	3	features/step_definitions/claim_status_steps.rb
4	4	features/step_definitions/claim_steps.rb
6	6	features/step_definitions/claims_financial_summary_steps.rb
1	1	features/step_definitions/document_steps.rb
8	8	features/step_definitions/new_user_steps.rb
6	6	features/step_definitions/rejected_claim_to_draft_steps.rb
1	1	features/step_definitions/shared/advocate_steps.rb
2	2	features/step_definitions/shared/claim_steps.rb
2	2	features/step_definitions/shared/navigation_in_app_steps.rb
4	4	features/step_definitions/shared/sign_in_steps.rb
1	2	features/step_definitions/sign_in_steps.rb
2	2	features/step_definitions/trial_details_visibility_by_case_type_steps.rb
2	2	features/step_definitions/unhappy_paths_steps.rb
1	1	features/step_definitions/view_claim_evidence_steps.rb
1	1	lib/api_test_client.rb
3	3	lib/demo_data/claim_generator.rb
2	2	lib/demo_data/claim_state_advancer.rb
1	1	lib/demo_data/demo_seeds.rb
20	20	lib/demo_data/demo_seeds/{advocates.rb => external_users.rb}
1	1	lib/demo_data/document_generator.rb
1	1	lib/tasks/routes.rake
7	7	spec/api/v1/claims/claim_spec.rb
3	3	spec/api/v1/claims/date_attended_spec.rb
3	3	spec/api/v1/claims/defendant_spec.rb
3	3	spec/api/v1/claims/expense_spec.rb
3	3	spec/api/v1/claims/fee_spec.rb
3	3	spec/api/v1/claims/representation_order_spec.rb
4	4	spec/controllers/application_controller_spec.rb
3	2	spec/controllers/claim_intentions_controller_spec.rb
38	38	spec/controllers/{advocates/admin/advocates_controller_spec.rb => external_users/admin/external_users_controller_spec.rb}
5	5	spec/controllers/{advocates => external_users}/certification_controller_spec.rb
32	32	spec/controllers/{advocates => external_users}/claims_controller_spec.rb
10	10	spec/controllers/{advocates => external_users}/registrations_controller_spec.rb
2	2	spec/controllers/feedback_controller_spec.rb
2	2	spec/controllers/messages_controller_spec.rb
2	2	spec/controllers/report_bug_controller_spec.rb
47	47	spec/controllers/super_admins/{advocates_controller_spec.rb => external_users_controller_spec.rb}
5	5	spec/controllers/user_message_statuses_controller_spec.rb
6	6	spec/factories/claims.rb
2	2	spec/factories/documents.rb
8	4	spec/factories/{advocates.rb => external_users.rb}
52	52	spec/models/ability_spec.rb
76	76	spec/models/claim_spec.rb
24	26	spec/models/claims/financial_summary_spec.rb
5	5	spec/models/claims/state_machine_spec.rb
4	4	spec/models/claims/user_messages_spec.rb
3	3	spec/models/document_spec.rb
46	46	spec/models/{advocate_spec.rb => external_user_spec.rb}
1	1	spec/models/provider_spec.rb
1	4	spec/presenters/state_change_presenter_spec.rb
3	3	spec/validators/claim_textfield_validator_spec.rb

--66e01e28c--2016-01-08--Himal Mandalia
--ff5f8d397--2016-01-07--Joel Sugarman
--6c56e0928--2016-01-07--Edward Andress
--34e346a0d--2016-01-07--Edward Andress
0	1	Gemfile
0	4	Gemfile.lock
0	29	app/models/feature.rb
0	1	config/initializers/feature.rb
9	0	db/migrate/20160107163538_remove_features.rb
1	8	db/schema.rb
0	1	features/support/env.rb
0	2	spec/rails_helper.rb

--509092f09--2016-01-07--jsugarman
1	5	app/presenters/claim_presenter.rb
5	2	app/views/shared/_determinations_form.html.haml
2	2	app/views/shared/_determinations_table.html.haml

--e218ed536--2016-01-07--Edward Andress
4	0	app/models/claim.rb
9	9	app/models/claims/state_machine.rb
0	1	db/schema.rb
3	3	features/claim_redetermination.feature
1	1	features/step_definitions/advocate_new_claim_steps.rb
15	1	features/step_definitions/claim_redetermination_steps.rb

--4994d301b--2016-01-07--Himal Mandalia
--712fe1730--2016-01-07--jsugarman
4	1	app/assets/javascripts/modules/advocates/claims/Select2.js

--434fdd780--2016-01-07--jsugarman
2	0	app/views/advocates/claims/_form.html.haml

--f24bf2c68--2016-01-07--Edward Andress
--288758119--2016-01-07--Himal Mandalia
--06602d34f--2016-01-07--Himal Mandalia
--a49e2fe19--2016-01-07--jsugarman
0	5	app/assets/stylesheets/claims-table.scss
1	1	app/views/case_workers/claims/_claims.html.haml
0	7	features/step_definitions/caseworker_claims_list_steps.rb
6	1	features/step_definitions/claim_redetermination_steps.rb

--212df78c5--2016-01-07--jsugarman
0	1	db/schema.rb

--55c4e4d69--2016-01-07--jsugarman
0	22	db/seeds/full_offences.rb
0	1	lib/assets/data/full_offences.csv
0	2	lib/assets/data/offence_to_full_offence_mappings.csv
0	88	lib/offence_migration.rb
0	10	lib/tasks/db.rake

--3c86a4fb4--2016-01-07--Alistair Laing
5	4	app/views/advocates/admin/providers/edit.html.haml
10	1	features/advocate_admin_edit_provider.feature
3	4	features/step_definitions/advocate_admin_edit_provider_steps.rb

--bd431306c--2016-01-07--Alistair Laing
1	0	db/schema.rb
2	2	lib/demo_data/demo_seeds/advocates.rb
2	2	lib/demo_data/demo_seeds/providers.rb