--8bc3c8bd7--2015-12-18--Himal Mandalia
--ff10676b0--2015-12-18--Himal Mandalia
--980de9b19--2015-12-17--Edward Andress
1	1	app/models/assessment.rb
1	5	app/models/claim.rb
1	1	app/models/determination.rb
1	1	app/models/redetermination.rb
20	2	app/presenters/determination_presenter.rb
1	1	app/views/shared/_determination.html.haml
1	1	features/step_definitions/claims_financial_summary_steps.rb
2	1	spec/models/assessment_spec.rb
2	1	spec/presenters/assessment_presenter_spec.rb
2	1	spec/presenters/redetermination_presenter_spec.rb

--2f00ad81c--2015-12-15--Edward Andress
2	1	app/models/determination.rb
16	1	db/migrate/20151207135840_add_vat_amount_to_determinations.rb

--33050ff2e--2015-12-14--Edward Andress
42	22	app/controllers/vat_rates_controller.rb

--f2785e3d9--2015-12-11--Alistair Laing
1	1	app/models/determination.rb
0	1	app/models/vat_rate.rb
3	3	app/presenters/redetermination_presenter.rb

--02f9e31e7--2015-12-11--Alistair Laing
60	11	app/assets/javascripts/modules/case_worker/claims/DeterminationCalculator.js
24	8	app/controllers/vat_rates_controller.rb
1	1	app/views/shared/_determinations_form.html.haml

--70e14f053--2015-12-11--Alistair Laing
11	8	app/views/case_workers/claims/_determination_fields.html.haml
24	5	app/views/shared/_determination_amounts.html.haml
9	9	app/views/shared/_determinations_form.html.haml
3	3	app/views/shared/_determinations_table.html.haml
7	4	features/claim_status.feature
14	2	features/step_definitions/claim_status_steps.rb
35	7	spec/controllers/vat_rates_controller_spec.rb
19	4	spec/models/claim_spec.rb

--dbd2ef4ad--2015-12-11--Alistair Laing
2	9	spec/presenters/redetermination_presenter_spec.rb

--311bc16cb--2015-12-09--Edward Andress
4	0	app/models/determination.rb
13	1	app/views/case_workers/claims/_determination_fields.html.haml

--02ce0c81f--2015-12-07--Edward Andress
1	0	app/models/assessment.rb
6	1	app/models/determination.rb
1	0	app/models/redetermination.rb
17	9	app/presenters/assessment_presenter.rb
1	1	app/presenters/determination_presenter.rb
8	5	app/presenters/redetermination_presenter.rb
5	0	db/migrate/20151207135840_add_vat_amount_to_determinations.rb
2	1	db/schema.rb
7	0	spec/models/assessment_spec.rb
2	0	spec/presenters/assessment_presenter_spec.rb
2	0	spec/presenters/redetermination_presenter_spec.rb

--04ec8e796--2015-12-04--Alistair Laing
32	32	app/views/case_workers/claims/_determination_fields.html.haml

--aedaa658f--2015-12-04--Alistair Laing
5	6	app/views/shared/_determinations_form.html.haml
1	4	app/views/shared/_determinations_table.html.haml

--5e92d778c--2015-12-04--Alistair Laing
1	1	app/views/shared/_determinations_form.html.haml

--39c80af85--2015-12-18--Alistair Laing
4	3	app/views/case_workers/claims/_search_form.html.haml

--661382500--2015-12-18--Alistair Laing
4	0	app/views/case_workers/claims/_claims.html.haml

--52f112f79--2015-12-18--Alistair Laing
0	1	app/assets/stylesheets/case_workers/application.css.scss
0	5	app/assets/stylesheets/case_workers/controller-allocations.scss
5	0	app/assets/stylesheets/claims-table.scss
3	0	app/views/case_workers/claims/_claims.html.haml
2	0	features/caseworker_claims_list.feature
3	0	features/claim_allocation.feature
0	3	features/step_definitions/claim_allocation_steps.rb
6	0	features/step_definitions/shared/claim_steps.rb

--65f036778--2015-12-18--Alistair Laing
15	0	app/assets/images/icons/search-ico.svg
4	0	app/assets/stylesheets/icons.scss
1	0	app/assets/stylesheets/imports.scss
2	0	app/views/case_workers/claims/_search_form.html.haml