--0e8b3efd0--2015-11-19--Joel Sugarman
--2fde481d2--2015-11-19--Edward Andress
1	1	app/models/claim.rb
12	0	features/claim_messages.feature
1	2	features/step_definitions/advocate_claims_list_steps.rb
14	0	features/step_definitions/claim_messages_steps.rb

--2e49243ec--2015-11-19--Himal Mandalia
--4640dd0bc--2015-11-19--Edward Andress
--24f5f24a4--2015-11-19--Edward Andress
--1bac43ecf--2015-11-19--Himal Mandalia
2	1	app/presenters/state_change_presenter.rb

--475c13836--2015-11-19--Edward Andress
--66972b715--2015-11-19--Rachel Matheson
10	10	db/seeds/expense_types.rb

--0979214c2--2015-11-19--Edward Andress
--8795297d1--2015-11-19--jsugarman
1	9	app/controllers/advocates/admin/advocates_controller.rb
5	0	app/controllers/application_controller.rb
1	9	app/controllers/case_workers/admin/case_workers_controller.rb
15	0	app/controllers/concerns/password_helpers.rb
1	10	app/controllers/super_admins/admin/super_admins_controller.rb
0	4	app/helpers/application_helper.rb
4	10	spec/controllers/advocates/admin/advocates_controller_spec.rb
3	7	spec/controllers/case_workers/admin/case_workers_controller_spec.rb

--6e3b6d4a4--2015-11-19--Himal Mandalia
8	5	app/models/claims/state_machine.rb
8	6	features/advocate_claims_list.feature

--1c1b91417--2015-11-19--Himal Mandalia
4	2	app/models/claims/cloner.rb

--a6aa4e15d--2015-11-18--jsugarman
2	1	db/seeds.rb

--38e276c38--2015-11-18--jsugarman
--a98963b93--2015-11-18--jsugarman
18	3	app/controllers/super_admins/chambers_controller.rb
3	3	app/views/super_admins/chambers/_chambers.html.haml
4	4	app/views/super_admins/chambers/_form.html.haml
1	1	app/views/super_admins/chambers/edit.html.haml
2	2	app/views/super_admins/chambers/index.html.haml
1	1	app/views/super_admins/chambers/new.html.haml
3	3	app/views/super_admins/chambers/show.html.haml
21	0	config/locales/en.yml
1	1	db/seeds/super_admins.rb
7	0	features/sign_in.feature
2	0	features/step_definitions/shared/sign_in_steps.rb
19	0	features/step_definitions/sign_in_steps.rb
1	1	features/support/stub_zendesk_requests.rb
43	0	spec/controllers/super_admins/chambers_controller_spec.rb
7	1	spec/models/ability_spec.rb
4	3	spec/services/zendesk_sender_spec.rb

--26c351ef8--2015-11-18--jsugarman
2	2	app/controllers/advocates/admin/advocates_controller.rb
0	1	app/controllers/bug_report_controller.rb
4	3	app/controllers/super_admins/admin/super_admins_controller.rb
1	1	app/controllers/super_admins/application_controller.rb
1	1	app/controllers/super_admins/chambers_controller.rb
8	4	app/models/ability.rb
0	1	app/models/case_worker.rb
1	0	app/models/super_admin.rb
1	1	app/views/advocates/admin/advocates/change_password.html.haml
2	2	app/views/super_admins/admin/super_admins/change_password.html.haml
1	1	config/routes.rb
1	1	spec/controllers/application_controller_spec.rb
96	4	spec/controllers/super_admins/admin/super_admins_controller_spec.rb
10	7	spec/controllers/super_admins/chambers_controller_spec.rb
1	2	spec/factories/{super_admin.rb => super_admins.rb}
29	0	spec/models/ability_spec.rb
24	0	spec/models/super_admin_spec.rb

--b26fb621f--2015-11-17--jsugarman
3	0	app/controllers/super_admins/admin/application_controller.rb
13	6	app/controllers/super_admins/admin/super_admins_controller.rb
5	5	app/views/super_admins/admin/super_admins/_form.html.haml
4	4	app/views/super_admins/admin/super_admins/change_password.html.haml
6	6	app/views/super_admins/admin/super_admins/show.html.haml
31	0	config/locales/en.yml
21	0	spec/controllers/super_admins/admin/super_admins_controller_spec.rb

--e486faccb--2015-11-17--jsugarman
1	0	db/seeds.rb
13	0	db/seeds/super_admins.rb

--14fb83a6e--2015-11-17--Himal Mandalia
7	0	app/models/claims/cloner.rb
1	1	app/models/concerns/document_attachment.rb

--2f4e08f68--2015-11-16--jsugarman
21	0	app/assets/stylesheets/super_admins/chambers-table.scss
4	1	app/controllers/application_controller.rb
43	0	app/controllers/super_admins/admin/super_admins_controller.rb
12	0	app/controllers/super_admins/application_controller.rb
34	0	app/controllers/super_admins/chambers_controller.rb
2	0	app/helpers/super_admin/chambers_helper.rb
4	1	app/models/ability.rb
1	1	app/views/advocates/admin/advocates/_form.html.haml
4	1	app/views/layouts/_primary_navigation.html.haml
20	0	app/views/super_admins/admin/super_admins/_form.html.haml
24	0	app/views/super_admins/admin/super_admins/change_password.html.haml
4	0	app/views/super_admins/admin/super_admins/edit.html.haml
14	0	app/views/super_admins/admin/super_admins/show.html.haml
21	0	app/views/super_admins/chambers/_chambers.html.haml
27	0	app/views/super_admins/chambers/_form.html.haml
5	0	app/views/super_admins/chambers/edit.html.haml
10	0	app/views/super_admins/chambers/index.html.haml
5	0	app/views/super_admins/chambers/new.html.haml
16	0	app/views/super_admins/chambers/show.html.haml
17	0	config/routes.rb
10	0	spec/controllers/application_controller_spec.rb
65	0	spec/controllers/super_admins/chambers_controller_spec.rb
9	0	spec/factories/super_admin.rb

--94b717c5e--2015-11-15--jsugarman
3	3	app/models/advocate.rb
16	0	app/models/super_admin.rb
4	0	config/routes.rb
7	0	db/migrate/20151115214327_create_super_admins.rb
6	1	db/schema.rb