--1e9992932--2015-11-05--Edward Andress
--6856bd510--2015-11-05--Alistair Laing
2	4	features/sign_in.feature
1	7	features/step_definitions/shared_steps.rb

--457eac74f--2015-11-05--Alistair Laing
42	0	app/controllers/bug_report_controller.rb
1	5	app/controllers/pages_controller.rb
24	0	app/models/bug_report.rb
26	0	app/services/zendesk_bug_report_sender.rb
35	0	app/views/bug_report/new.html.haml
0	3	app/views/grape_swagger_rails/application/index.html.erb
0	2	app/views/layouts/_footer.html.haml
1	2	app/views/layouts/advocate.html.haml
2	0	app/views/layouts/case_worker.html.haml
0	9	app/views/pages/contact_us.html.haml
4	1	config/routes.rb
70	0	spec/controllers/report_bug_controller_spec.rb
68	0	spec/models/report_bug_spec.rb

--663efc205--2015-11-05--Himal Mandalia
--68d6b4098--2015-11-04--jsugarman
2	0	app/models/fee.rb
4	8	app/validators/date_attended_validator.rb
1	0	app/validators/fee_validator.rb
10	2	spec/models/claim_spec.rb
8	1	spec/models/fee_spec.rb
0	1	spec/presenters/error_message_translator_spec.rb

--70a3490fc--2015-11-04--jsugarman
1	2	app/presenters/error_detail.rb
5	0	app/presenters/error_detail_collection.rb
2	5	app/presenters/error_message_translator.rb
34	7	app/presenters/error_presenter.rb
0	4	app/validators/base_claim_validator.rb
8	4	app/validators/date_attended_validator.rb
1	1	app/validators/fee_validator.rb
1	1	config/locales/en.yml
60	57	config/locales/error_messages.en.yml
1	1	features/step_definitions/cracked_trial_steps.rb
1	1	features/unhappy_paths.feature
0	2	spec/factories/fee_types.rb
0	1	spec/factories/fees.rb
2	3	spec/validators/claim_submodel_validation_spec.rb
1	1	spec/validators/date_validation_helpers.rb
0	3	spec/validators/fee_validator_spec.rb

--471788770--2015-11-04--Alistair Laing
--e077f8f60--2015-11-04--Tyom Semonov
25	1	app/assets/stylesheets/claims-importer.scss
1	9	app/views/advocates/claims/index.html.haml
57	10	app/views/advocates/json_document_importers/create.js.erb
5	4	app/views/advocates/json_document_importers/format_error.js.erb

--0653a5289--2015-11-04--Himal Mandalia
--fb0aa5a78--2015-11-04--Edward Andress
2	2	app/controllers/advocates/admin/advocates_controller.rb
1	1	app/controllers/case_workers/admin/case_workers_controller.rb
3	0	app/models/user.rb
2	12	app/views/advocates/admin/advocates/_form.html.haml
6	4	app/views/case_workers/admin/case_workers/_form.html.haml
22	1	config/locales/en.yml
15	1	features/new_user.feature
23	0	features/step_definitions/new_user_steps.rb

--24e24b78f--2015-11-04--Edward Andress
--8cc105c35--2015-11-04--Himal Mandalia
--321ffbdae--2015-11-04--jsugarman
5	0	app/validators/base_claim_validator.rb

--d0b09a049--2015-11-04--jsugarman
0	3	app/models/expense.rb
0	4	app/models/fee.rb
5	5	app/presenters/error_message_translator.rb
0	1	app/validators/base_sub_model_validator.rb
11	14	app/validators/claim_sub_model_validator.rb
0	3	app/validators/defendant_sub_model_validator.rb
0	3	app/validators/expense_sub_model_validator.rb
1	4	app/validators/fee_sub_model_validator.rb
0	4	app/validators/fee_validator.rb
6	7	features/unhappy_paths.feature
0	6	spec/models/expense_spec.rb
0	6	spec/presenters/error_presenter_spec.rb

--fa4b4c102--2015-11-04--jsugarman
6	6	config/locales/error_messages.en.yml
10	10	features/unhappy_paths.feature

--a179c5913--2015-11-04--jsugarman
0	6	app/validators/date_attended_validator.rb

--01b878f85--2015-11-04--jsugarman
0	1	app/controllers/advocates/claims_controller.rb
0	2	app/presenters/error_presenter.rb
0	1	app/validators/base_sub_model_validator.rb
0	12	features/step_definitions/cracked_trial_steps.rb
4	2	spec/api/v1/claims/date_attended_spec.rb
2	2	spec/presenters/data/error_messages.en.yml
7	6	spec/presenters/error_message_translator_spec.rb
9	10	spec/validators/date_attended_validator_spec.rb

--83146e68f--2015-11-03--jsugarman
4	0	app/controllers/advocates/claims_controller.rb
4	1	app/models/expense.rb
4	1	app/models/fee.rb
1	1	app/presenters/error_detail_collection.rb
12	4	app/presenters/error_message_translator.rb
2	0	app/presenters/error_presenter.rb
2	3	app/validators/base_sub_model_validator.rb
12	6	app/validators/date_attended_validator.rb
3	2	app/validators/defendant_sub_model_validator.rb
10	0	app/validators/expense_sub_model_validator.rb
10	0	app/validators/fee_sub_model_validator.rb
3	2	app/views/advocates/claims/_basic_fee_fields.html.haml
11	4	app/views/advocates/claims/_date_attended_fields.html.haml
2	1	app/views/advocates/claims/_expense_fields.html.haml
2	1	app/views/advocates/claims/_fixed_fee_fields.html.haml
3	2	app/views/advocates/claims/_misc_fee_fields.html.haml
1	4	config/initializers/host_env.rb
62	22	config/locales/error_messages.en.yml
13	0	features/step_definitions/advocate_new_claim_steps.rb
11	0	features/unhappy_paths.feature
0	1	spec/presenters/error_message_translator_spec.rb
0	1	spec/validators/date_attended_validator_spec.rb

--e49e5ed7c--2015-11-03--Alistair Laing
1	2	app/assets/stylesheets/layout.scss
9	12	app/views/feedback/new.html.haml