--25b41dcc3--2015-10-30--Stephen Richards
--1387dbfbf--2015-10-30--Stephen Richards
1	1	features/unhappy_paths.feature

--85eaaee3c--2015-10-21--Stephen Richards
1	0	app/assets/stylesheets/form.scss
18	0	app/controllers/advocates/claims_controller.rb
7	0	app/form_builders/adp_form_builder.rb
19	1	app/helpers/advocates/claims_helper.rb
1	0	app/helpers/application_helper.rb
3	8	app/models/claim.rb
0	2	app/models/defendant.rb
24	0	app/presenters/error_detail.rb
54	0	app/presenters/error_detail_collection.rb
105	0	app/presenters/error_message_translator.rb
56	0	app/presenters/error_presenter.rb
69	0	app/validators/base_sub_model_validator.rb
37	22	app/validators/claim_date_validator.rb
19	27	app/validators/claim_sub_model_validator.rb
16	12	app/validators/claim_textfield_validator.rb
3	17	app/validators/defendant_sub_model_validator.rb
7	7	app/validators/defendant_validator.rb
1	1	app/validators/expense_validator.rb
46	22	app/validators/fee_validator.rb
8	8	app/validators/representation_order_validator.rb
8	0	app/validators/validation_initializer.rb
4	2	app/views/advocates/claims/_basic_fee_fields.html.haml
8	4	app/views/advocates/claims/_cracked_trial_fields.html.haml
9	6	app/views/advocates/claims/_defendant_fields.html.haml
9	0	app/views/advocates/claims/_error_summary.html.haml
6	3	app/views/advocates/claims/_expense_fields.html.haml
6	3	app/views/advocates/claims/_fixed_fee_fields.html.haml
31	33	app/views/advocates/claims/_form.html.haml
7	3	app/views/advocates/claims/_misc_fee_fields.html.haml
9	6	app/views/advocates/claims/_representation_order_fields.html.haml
7	31	config/locales/en.yml
296	0	config/locales/error_messages.en.yml
1	1	features/cracked_trial.feature
3	1	features/step_definitions/advocate_new_claim_steps.rb
18	2	features/step_definitions/cracked_trial_steps.rb
1	0	features/step_definitions/unhappy_paths_steps.rb
10	10	features/unhappy_paths.feature
22	16	spec/api/v1/claims/claim_spec.rb
28	18	spec/api/v1/claims/defendant_spec.rb
14	10	spec/api/v1/claims/expense_spec.rb
12	8	spec/api/v1/claims/representation_order_spec.rb
1	1	spec/controllers/advocates/claims_controller_spec.rb
1	0	spec/factories/claims.rb
21	4	spec/form_builders/adp_form_builder_spec.rb
8	8	spec/models/defendant_spec.rb
4	4	spec/models/representation_order_spec.rb
27	0	spec/presenters/data/error_messages.en.yml
87	0	spec/presenters/error_detail_collection_spec.rb
194	0	spec/presenters/error_message_translator_spec.rb
132	0	spec/presenters/error_presenter_spec.rb
38	40	spec/validators/claim_date_validator_spec.rb
56	0	spec/validators/claim_submodel_validation_spec.rb
14	12	spec/validators/claim_textfield_validator_spec.rb
3	3	spec/validators/defendant_date_validator_spec.rb
1	1	spec/validators/expense_validator_spec.rb
16	18	spec/validators/fee_validator_spec.rb
4	4	spec/validators/representation_order_date_validator_spec.rb

--37d7b591e--2015-10-30--Himal Mandalia
1	1	config/initializers/devise.rb

--73364f4d9--2015-10-30--Himal Mandalia
1	1	config/initializers/devise.rb

--790069b6d--2015-10-30--Himal Mandalia
1	1	config/initializers/devise.rb

--788a93086--2015-10-30--Edward Andress
--775a4db38--2015-10-30--Himal Mandalia
2	0	config/environments/production.rb
1	1	config/initializers/devise.rb

--5ffa2a297--2015-10-29--Himal Mandalia
--38706a4d7--2015-10-29--Benedetto Lo Giudice
11	0	config/environments/production.rb

--75c411842--2015-10-29--Himal Mandalia
--95cf7d194--2015-10-29--Alistair Laing
--ea726b29a--2015-10-29--Himal Mandalia
22	2	app/controllers/feedback_controller.rb
19	2	app/models/feedback.rb
26	0	app/services/zendesk_feedback_sender.rb
10	9	app/views/feedback/new.html.haml
32	11	spec/controllers/feedback_controller_spec.rb
62	0	spec/models/feedback_spec.rb

--6f5f8e94b--2015-10-29--Alistair Laing
3	1	app/assets/stylesheets/message.scss
3	1	app/views/shared/_message.html.haml

--5ec221a4c--2015-10-29--Alistair Laing
11	0	app/helpers/application_helper.rb
2	2	app/views/shared/_message_list.html.haml

--3b1e8c216--2015-10-28--Alistair Laing
--17e8c2968--2015-10-28--Tyom Semonov
1	1	app/views/advocates/claims/_form.html.haml

--58075e70a--2015-10-28--Tyom Semonov
1	2	app/views/advocates/claims/_basic_fee_fields.html.haml
3	3	app/views/advocates/claims/_defendant_fields.html.haml
1	2	app/views/advocates/claims/_expense_fields.html.haml
1	2	app/views/advocates/claims/_fixed_fee_fields.html.haml
4	4	app/views/advocates/claims/_form.html.haml
1	2	app/views/advocates/claims/_misc_fee_fields.html.haml

--2d0cdafd5--2015-10-28--Alistair Laing
--3fccd6ef0--2015-10-28--Himal Mandalia
13	1	app/controllers/feedback_controller.rb
0	1	app/models/ability.rb
4	3	app/models/feedback.rb
16	10	spec/controllers/feedback_controller_spec.rb
0	4	spec/models/ability_spec.rb

--3b527484c--2015-10-28--Joel Sugarman
--9308db568--2015-10-28--Alistair Laing
5	5	app/models/feedback.rb

--7e9efbd30--2015-10-28--Himal Mandalia
2	0	.travis.yml

--fcb50dbb1--2015-10-27--Alistair Laing
2	0	app/assets/stylesheets/form.scss
3	0	app/assets/stylesheets/layout.scss

--036f3c468--2015-10-27--Alistair Laing
5	0	app/assets/stylesheets/form.scss
16	0	app/assets/stylesheets/layout.scss
9	0	app/models/feedback.rb
35	2	app/views/feedback/new.html.haml
1	1	app/views/layouts/application.html.haml

--7f3d937d5--2015-10-27--Alistair Laing
--f18dbea95--2015-10-23--Stephen Richards
--29f0022c1--2015-10-22--Alistair Laing
--90568621c--2015-10-22--Himal Mandalia
3	1	config/routes.rb

--07f8efe44--2015-10-22--Edward Andress
4	6	app/presenters/state_change_presenter.rb
6	6	spec/presenters/assessment_presenter_spec.rb
14	0	spec/presenters/state_change_presenter_spec.rb

--f465bfb0c--2015-10-22--Edward Andress
1	1	app/presenters/claim_history_presenter.rb
29	0	app/presenters/state_change_presenter.rb
14	19	app/views/shared/_message.html.haml
4	4	app/views/shared/_message_list.html.haml
2	2	features/step_definitions/claim_history_steps.rb
2	2	spec/presenters/claim_history_presenter_spec.rb

--77305a0b0--2015-10-22--Joel Sugarman
--449555672--2015-10-22--Alistair Laing
1	1	app/views/grape_swagger_rails/application/index.html.erb
2	0	app/views/layouts/_footer.html.haml
2	2	app/views/layouts/advocate.html.haml
1	1	app/views/layouts/application.html.haml
1	1	app/views/layouts/case_worker.html.haml

--283bf5c6e--2015-10-22--Himal Mandalia
1	0	Gemfile
13	0	Gemfile.lock
10	0	config/initializers/zendesk.rb

--09c691f2c--2015-10-22--Alistair Laing
--b648ae18a--2015-10-22--Himal Mandalia
9	0	app/controllers/feedback_controller.rb
2	0	app/helpers/feedback_helper.rb
1	0	app/models/ability.rb
4	0	app/models/feedback.rb
2	0	app/views/feedback/new.html.haml
2	1	config/routes.rb
37	0	spec/controllers/feedback_controller_spec.rb
4	0	spec/models/ability_spec.rb
4	0	spec/models/feedback_spec.rb

--1985a5e82--2015-10-22--Alistair Laing
--e63d104ee--2015-10-22--Himal Mandalia
13	12	app/assets/javascripts/advocates/claims/table_row_click.js
1	1	app/assets/javascripts/application.js
1	1	app/views/case_workers/admin/allocations/new.html.haml

--4efa7a0ed--2015-10-22--Himal Mandalia
23	0	app/assets/javascripts/advocates/claims/table_row_click.js
1	0	app/assets/javascripts/application.js
1	1	app/views/case_workers/admin/allocations/new.html.haml

--05c2e1bea--2015-10-21--Stephen Richards
--3f8c3d2ff--2015-10-21--Benedetto Lo Giudice
3	8	docker/run.sh

--fde5792fc--2015-10-21--Himal Mandalia
--17f068e3e--2015-10-21--Joel Sugarman
--2664bd202--2015-10-21--jsugarman
9	2	app/controllers/advocates/admin/chambers_controller.rb
1	1	app/models/ability.rb
4	0	app/models/chamber.rb
5	1	app/views/advocates/admin/chambers/show.html.haml
3	1	config/routes.rb
18	0	features/advocate_admin_edit_chamber.feature
29	0	features/step_definitions/advocate_admin_edit_chamber_steps.rb
4	4	spec/models/ability_spec.rb
9	0	spec/models/chamber_spec.rb

--fc7b4822c--2015-10-21--Himal Mandalia
1	1	app/interfaces/api/v1/advocates/claim.rb
1	1	app/interfaces/api/v1/advocates/defendant.rb