--21519f089--2015-10-21--Stephen Richards
--ce3e9ac00--2015-10-21--Stephen Richards
--1804e2ef7--2015-10-21--Stephen Richards
0	29	db/data/advocates.yml
0	122	db/data/case_types.yml
0	110	db/data/case_worker_claims.yml
0	961	db/data/case_workers.yml
0	0	db/data/certifications.yml
0	37	db/data/chambers.yml
0	0	db/data/claim_intentions.yml
0	768	db/data/claim_state_transitions.yml
0	1209	db/data/claims.yml
0	485	db/data/courts.yml
0	0	db/data/dates_attended.yml
0	770	db/data/defendants.yml
0	237	db/data/determinations.yml
0	1621	db/data/documents.yml
0	49	db/data/expense_types.yml
0	715	db/data/expenses.yml
0	0	db/data/features.yml
0	25	db/data/fee_categories.yml
0	544	db/data/fee_types.yml
0	3189	db/data/fees.yml
0	17	db/data/locations.yml
0	693	db/data/messages.yml
0	65	db/data/offence_classes.yml
0	1963	db/data/offences.yml
0	685	db/data/representation_orders.yml
0	29	db/data/schemes.yml
0	851	db/data/user_message_statuses.yml
0	1449	db/data/users.yml
0	35	db/data/vat_rates.yml
0	2968	db/data/versions.yml
0	16	lib/tasks/claims.rake