--6c8d25751--2015-10-20--Joel Sugarman
--4e133b1d6--2015-10-20--Edward Andress
1	1	app/validators/claim_textfield_validator.rb
1	1	spec/models/claim_spec.rb
13	5	spec/validators/claim_date_validator_spec.rb
2	3	spec/validators/claim_textfield_validator_spec.rb

--531e2c501--2015-10-20--Stephen Richards
--75e7a0a43--2015-10-19--jsugarman
9467	9310	db/data.yml

--cf97cee6f--2015-10-19--jsugarman
1	1	app/controllers/advocates/registrations_controller.rb
3	1	app/interfaces/api/v1/api_helper.rb
11	0	app/models/chamber.rb
37	36	app/models/claim.rb
3	0	app/views/advocates/admin/chambers/edit.html.haml
6	2	app/views/advocates/admin/chambers/show.html.haml
3	0	config/locales/en.yml
5	0	db/migrate/20151019203522_add_api_key_to_chambers.rb
2	1	db/schema.rb
1	1	db/seeds/advocates.rb
1	0	spec/factories/chambers.rb
37	36	spec/factories/claims.rb
17	0	spec/models/chamber_spec.rb
37	36	spec/models/claim_spec.rb

--e615d6114--2015-10-19--Alistair Laing
--acd1e589b--2015-10-19--Joel Sugarman
--1cc61caaa--2015-10-19--jsugarman
1	3	app/views/advocates/admin/advocates/change_password.html.haml
1	1	app/views/advocates/admin/advocates/edit.html.haml
2	4	app/views/advocates/admin/advocates/index.html.haml
1	1	app/views/advocates/admin/advocates/new.html.haml
1	2	app/views/advocates/admin/advocates/show.html.haml
18	5	app/views/advocates/admin/chambers/edit.html.haml
4	6	app/views/advocates/admin/chambers/show.html.haml
1	1	app/views/case_workers/admin/case_workers/edit.html.haml
1	1	app/views/case_workers/admin/case_workers/new.html.haml
1	1	app/views/layouts/_primary_navigation.html.haml
15	0	config/locales/en.yml
1	1	features/step_definitions/sign_in_steps.rb

--00d85a875--2015-10-19--Alistair Laing
26	3	app/assets/javascripts/adp.messages.js
33	14	app/assets/stylesheets/message.scss
0	2	app/views/advocates/claims/show.html.haml
20	13	app/views/shared/_messages.html.haml
3	3	features/step_definitions/claim_redetermination_steps.rb

--56853b0c2--2015-10-19--Edward Andress
11	8	app/controllers/advocates/claims_controller.rb
6	17	app/validators/claim_textfield_validator.rb
8	9	features/advocate_new_claim.feature
1	0	features/api_new_claim.feature

--cf3e13f5d--2015-10-19--Stephen Richards
--7a3d7fe20--2015-10-19--Stephen Richards
--a36c6c9a0--2015-10-19--jsugarman
0	1	app/controllers/advocates/admin/chambers_controller.rb

--d202f5408--2015-10-19--jsugarman
--ddc82074e--2015-10-19--jsugarman
9067	9614	db/data.yml

--16784c26e--2015-10-19--jsugarman
32	0	app/controllers/advocates/admin/chambers_controller.rb
1	0	app/models/ability.rb
3	1	app/views/advocates/admin/advocates/change_password.html.haml
1	1	app/views/advocates/admin/advocates/edit.html.haml
1	1	app/views/advocates/admin/advocates/index.html.haml
1	1	app/views/advocates/admin/advocates/new.html.haml
5	1	app/views/advocates/admin/advocates/show.html.haml
17	0	app/views/advocates/admin/chambers/edit.html.haml
17	0	app/views/advocates/admin/chambers/show.html.haml
1	1	app/views/case_workers/admin/case_workers/change_password.html.haml
1	1	app/views/case_workers/admin/case_workers/edit.html.haml
1	1	app/views/case_workers/admin/case_workers/index.html.haml
1	1	app/views/case_workers/admin/case_workers/new.html.haml
3	2	app/views/grape_swagger_rails/application/index.html.erb
3	2	app/views/layouts/_primary_navigation.html.haml
2	0	config/routes.rb
12031	12019	db/data.yml
1	1	features/caseworker_admin_claims_list.feature
3	3	features/step_definitions/shared/sign_in_steps.rb
14	8	features/step_definitions/sign_in_steps.rb
28	0	spec/models/ability_spec.rb

--b740ea09d--2015-10-19--Edward Andress
2	2	app/views/case_workers/admin/allocations/new.html.haml
14	0	features/claim_allocation.feature
12	3	features/step_definitions/claim_allocation_steps.rb

--c55368b7a--2015-10-19--Himal Mandalia
14	0	app/assets/javascripts/advocates/claims/select2.js
2	2	app/assets/javascripts/application.js
1	1	app/views/advocates/claims/_offence_select.html.haml
3	1	app/views/offences/index.js.erb