--cf3e13f5d--2015-10-19--Stephen Richards
--7a3d7fe20--2015-10-19--Stephen Richards
--b740ea09d--2015-10-19--Edward Andress
2	2	app/views/case_workers/admin/allocations/new.html.haml
14	0	features/claim_allocation.feature
12	3	features/step_definitions/claim_allocation_steps.rb

--6840e74c5--2015-10-19--Himal Mandalia
--3c5926910--2015-10-19--Stephen Richards
1	1	lib/tasks/claims.rake

--be7a163df--2015-10-19--Stephen Richards
9	5	app/models/claim.rb
15	0	app/models/timed_transitions/batch_transitioner.rb
14	0	app/models/timed_transitions/specification.rb
49	0	app/models/timed_transitions/transitioner.rb
6	0	lib/tasks/claims.rake
52	0	spec/models/timed_state_transitions/batch_transitioner_spec.rb
86	0	spec/models/timed_state_transitions/transitioner_spec.rb

--d0fd5efa1--2015-10-19--Himal Mandalia
--c55368b7a--2015-10-19--Himal Mandalia
14	0	app/assets/javascripts/advocates/claims/select2.js
2	2	app/assets/javascripts/application.js
1	1	app/views/advocates/claims/_offence_select.html.haml
3	1	app/views/offences/index.js.erb

--13559df5a--2015-10-19--Edward Andress
--791b9e8cf--2015-10-19--Edward Andress
9581	8447	db/data.yml

--acde99338--2015-10-19--Himal Mandalia
--3291f769c--2015-10-19--Himal Mandalia
--892d21657--2015-10-19--Edward Andress
16783	32667	db/data.yml

--b28718de0--2015-10-19--Edward Andress
--ebe394a47--2015-10-16--Edward Andress
5	0	app/assets/stylesheets/claims-table.scss
3	3	app/views/case_workers/admin/allocations/new.html.haml

--15ebbce02--2015-10-16--Edward Andress
3	3	app/views/case_workers/admin/allocations/new.html.haml
4	4	features/claim_allocation.feature

--167aba0fe--2015-10-15--Edward Andress
3	1	app/controllers/case_workers/admin/allocations_controller.rb
1	0	app/models/claim.rb
8	3	app/views/case_workers/admin/allocations/new.html.haml
12885	12035	db/data.yml
9	0	features/claim_allocation.feature
16	0	features/step_definitions/claim_allocation_steps.rb