--fdb13aa76--2015-10-11--jsugarman
--174541921--2015-10-11--jsugarman
1	1	app/interfaces/api/v1/advocates/fee.rb
3	1	app/models/claim.rb
1	0	app/models/fee.rb
9	9	app/validators/claim_textfield_validator.rb
3	1	features/unhappy_paths.feature
3	3	spec/api/v1/claims/fee_spec.rb
1	1	spec/api/v1/claims/shared_examples_for_fees.rb
5	4	spec/i18n_spec.rb
1	22	spec/models/claims/financial_summary_spec.rb

--7e1dd6371--2015-10-11--jsugarman
1	1	app/interfaces/api/v1/advocates/fee.rb
3	1	app/models/claim.rb
1	0	app/models/fee.rb
9	9	app/validators/claim_textfield_validator.rb
1	1	config/initializers/active_model_errors.rb
3	1	features/unhappy_paths.feature
3	3	spec/api/v1/claims/fee_spec.rb
1	1	spec/api/v1/claims/shared_examples_for_fees.rb
5	4	spec/i18n_spec.rb
1	22	spec/models/claims/financial_summary_spec.rb