--891a054ad--2015-10-08--jsugarman
--6e37b321f--2015-10-08--jsugarman
8	1	app/assets/stylesheets/advocates/application.css.scss
4	0	app/controllers/pages_controller.rb
3	0	app/views/layouts/advocate.html.haml
9	0	app/views/pages/contact_us.html.haml
5	4	config/routes.rb
4	0	features/sign_in.feature
6	0	features/step_definitions/shared_steps.rb

--33a4cd0bf--2015-10-08--Himal Mandalia
--8182cb4b9--2015-10-08--jsugarman
1	1	Gemfile.lock

--bbb0f2124--2015-10-08--jsugarman
1	1	Gemfile

--904c5b810--2015-10-08--Edward Andress
1	0	Gemfile
19	0	Gemfile.lock
2	2	app/views/advocates/claims/confirmation.html.haml
1	0	config/locales/en.yml
11304	11573	db/data.yml
18	0	spec/i18n_spec.rb