--d6dfa1654--2015-10-06--Himal Mandalia
--9eb604360--2015-10-06--jsugarman
1	1	spec/models/claim_spec.rb

--0620d14bb--2015-10-06--Himal Mandalia
--26d341871--2015-10-06--jsugarman
4	4	spec/models/ability_spec.rb

--1588514b3--2015-10-06--jsugarman
2	2	app/assets/javascripts/advocates/claims/fee_section_display.js
4	3	app/assets/stylesheets/form.scss

--28c6ec250--2015-10-06--Himal Mandalia
--52dfea3c7--2015-10-05--jsugarman
3	3	features/advocate_new_claim.feature
7	2	features/step_definitions/advocate_new_claim_steps.rb
3	3	spec/controllers/advocates/claims_controller_spec.rb
2	2	spec/models/claim_spec.rb

--8377347e2--2015-10-05--jsugarman
2	2	app/assets/javascripts/advocates/claims/fee_section_display.js
0	1	app/models/claim.rb

--9df851c1e--2015-10-05--jsugarman
--1e6864e90--2015-10-05--Edward Andress
1	1	features/step_definitions/claim_status_steps.rb

--cab92ec1f--2015-10-05--jsugarman
2	4	features/step_definitions/caseworker_claims_list_steps.rb

--2b0ec26ce--2015-10-05--jsugarman
1	1	app/models/claims/state_machine.rb
36	30	features/caseworker_admin_claims_list.feature
22	22	features/caseworker_claims_list.feature
57	44	features/step_definitions/caseworker_claims_list_steps.rb
1	1	features/step_definitions/claim_status_steps.rb
1	1	features/step_definitions/shared/sign_in_steps.rb
16	0	features/step_definitions/sign_in_steps.rb
1	1	features/step_definitions/view_claim_evidence_steps.rb

--f337ad39e--2015-10-05--Edward Andress
3	3	app/assets/javascripts/case_worker/claims/determination_calculator.js

--4dbae9b1c--2015-10-05--Edward Andress
17	0	app/presenters/assessment_presenter.rb
2	2	app/presenters/redetermination_presenter.rb
28	0	app/views/case_workers/claims/_determination_fields.html.haml
47	51	app/views/shared/_claim_status.html.haml
13	0	app/views/shared/_determination_amounts.html.haml
0	1	features/claim_redetermination.feature
5	5	features/step_definitions/claim_redetermination_steps.rb
17	0	spec/presenters/assessment_presenter_spec.rb
2	2	spec/presenters/redetermination_presenter_spec.rb

--e92510848--2015-10-05--jsugarman
1	1	app/controllers/case_workers/claims_controller.rb
9	8	app/models/claims/state_machine.rb

--984219c38--2015-10-05--jsugarman
0	1	app/assets/stylesheets/advocates/application.css.scss
1	0	app/assets/stylesheets/case_workers/application.css.scss
0	1	app/assets/stylesheets/{advocates => }/claims-table.scss
1	0	app/assets/stylesheets/imports.scss
2	3	app/views/case_workers/claims/_claims.html.haml
1	1	app/views/case_workers/claims/_claims_list.html.haml
7	3	config/locales/en.yml

--977389e67--2015-10-05--jsugarman
1	1	app/views/advocates/claims/_claims.html.haml
6	6	app/views/case_workers/claims/_claims.html.haml
7	1	config/locales/en.yml

--ecf2b9118--2015-10-05--jsugarman
11	9	app/controllers/case_workers/claims_controller.rb
6	0	app/views/case_workers/claims/_claims.html.haml
15	0	app/views/case_workers/claims/_claims_list.html.haml
2	1	app/views/case_workers/claims/_search_form.html.haml
1	15	app/views/case_workers/claims/archived.html.haml
1	15	app/views/case_workers/claims/index.html.haml

--a8e2dafa6--2015-10-04--jsugarman
8408	8734	db/data.yml

--97e24ec84--2015-10-04--jsugarman
19	4	app/controllers/case_workers/claims_controller.rb
2	2	app/models/ability.rb
19	17	app/models/claims/state_machine.rb
2	1	app/views/advocates/claims/archived.html.haml
2	1	app/views/advocates/claims/authorised.html.haml
1	1	app/views/advocates/claims/confirmation.html.haml
1	1	app/views/advocates/claims/edit.html.haml
1	1	app/views/advocates/claims/new.html.haml
1	1	app/views/advocates/claims/outstanding.html.haml
18	0	app/views/case_workers/claims/archived.html.haml
1	1	app/views/case_workers/claims/index.html.haml
2	0	app/views/layouts/_primary_navigation.html.haml
4	4	config/routes.rb