--f8c71b909--2015-10-01--Stephen Richards
--3b1ab8d01--2015-10-01--Himal Mandalia
--a3fe9c4b8--2015-09-30--jsugarman
8403	8827	db/data.yml

--21f9f1023--2015-09-30--jsugarman
1	1	app/models/claim.rb
1	1	app/models/claims/financial_summary.rb
4	4	features/advocate_claims_financial_summary.feature
7	7	features/advocate_claims_financial_summary_details.feature
24	6	features/step_definitions/claims_financial_summary_steps.rb

--9781ff097--2015-09-30--Alistair Laing
0	7	app/views/case_workers/admin/allocations/new.html.haml
3	2	app/views/layouts/_primary_navigation.html.haml

--9e776dcde--2015-09-30--jsugarman
1	1	app/models/claim.rb
6	6	app/services/claim_reporter.rb
4	4	app/views/geckoboard_api/widgets/claims.jbuilder
2	2	features/claim_history.feature
1	1	features/claim_redetermination.feature
1	1	features/claim_status.feature
3	3	features/step_definitions/claim_history_steps.rb
1	1	spec/models/claim_spec.rb