--a185a2527--2015-09-09--jsugarman
--887734ccf--2015-09-09--Himal Mandalia
--1323a349c--2015-09-09--Stephen Richards
7	7	config/locales/en.yml
62	0	features/cassettes/Advocate_new_claim/Add_fees_with_dates_attended_then_remove_fee/_5_fixed_.yml
2	1	features/step_definitions/advocate_new_claim_steps.rb
1	1	features/unhappy_paths.feature

--0bbc89b9b--2015-09-09--Himal Mandalia
--979a9a1d3--2015-09-08--jsugarman
0	44	app/models/claim.rb
1	1	app/validators/base_claim_validator.rb
38	3	app/validators/claim_textfield_validator.rb
6	6	app/validators/defendant_date_validator.rb
62	0	features/cassettes/Advocate_new_claim/Add_fees_with_dates_attended_then_remove_fee/_5_fixed_.yml
1	1	features/step_definitions/advocate_new_claim_steps.rb
1	1	features/unhappy_paths.feature
1	105	spec/models/claim_spec.rb
63	11	spec/validators/claim_textfield_validator_spec.rb
1	3	spec/validators/defendant_date_validator_spec.rb

--e1dc78581--2015-09-08--Alistair Laing
4	1	app/views/advocates/claims/index.html.haml
4	1	app/views/layouts/_primary_navigation.html.haml

--b769f6060--2015-09-08--Alistair Laing
11	5	features/step_definitions/sign_in_steps.rb

--17de3c517--2015-09-08--jsugarman
13	13	app/models/claim.rb
12	5	app/validators/base_claim_validator.rb
5	1	app/validators/claim_date_validator.rb
22	1	app/validators/claim_textfield_validator.rb
49	49	spec/models/claim_spec.rb
57	1	spec/validators/claim_textfield_validator_spec.rb

--71f000a17--2015-09-08--Stephen Richards
--10a2e5c10--2015-09-08--Edward Andress
--2a5941828--2015-09-08--Stephen Richards
21	8	app/models/representation_order.rb
5	5	app/validators/claim_date_validator.rb
30	0	app/validators/representation_order_date_validator.rb
11	0	config/initializers/active_model_errors.rb
3	0	config/settings.yml
31	0	features/cassettes/Advocate_new_claim/Add_fees_with_dates_attended_then_remove_fee/_2_basic_.yml
2	2	spec/api/v1/claims/representation_order_spec.rb
1	1	spec/controllers/offences_controller_spec.rb
1	1	spec/factories/defendants.rb
34	3	spec/models/representation_order_spec.rb
6	6	spec/validators/claim_date_validator_spec.rb
6	6	spec/validators/date_validation_helpers.rb
2	0	spec/validators/defendant_date_validator_spec.rb
47	0	spec/validators/representation_order_date_validator_spec.rb

--79bb59011--2015-09-08--Himal Mandalia
--b2467c945--2015-09-08--Edward Andress
--61d139d5b--2015-09-08--Edward Andress
4	4	spec/api/v1/claims/date_attended_spec.rb
4	8	spec/api/v1/claims/defendant_spec.rb
5	5	spec/api/v1/claims/fee_spec.rb
5	5	spec/api/v1/claims/representation_order_spec.rb

--39237bf2f--2015-09-08--Edward Andress
10	0	spec/api/v1/claims/expense_spec.rb

--73046c2b7--2015-09-08--Alistair Laing
23	23	app/views/advocates/claims/_claims.html.haml
5	1	features/step_definitions/advocate_claims_list_steps.rb

--dedcbd41b--2015-09-08--Edward Andress
1	1	spec/api/v1/claims/dropdown_data_spec.rb

--9a3f976dc--2015-09-08--Alistair Laing
5	0	app/assets/stylesheets/layout.scss

--43cb43f11--2015-09-07--Edward Andress
53	183	spec/api/v1/claims/dropdown_data_spec.rb

--94c6cac41--2015-09-07--Edward Andress
1	0	spec/api/v1/claims/date_attended_spec.rb
17	4	spec/api/v1/claims/defendant_spec.rb

--5cc773b0b--2015-09-07--Alistair Laing
--a8d643214--2015-09-07--Alistair Laing
9	0	app/assets/images/messaging-red.svg
19	17	app/assets/stylesheets/advocates/claims-table.scss
10	12	app/views/advocates/claims/_claims.html.haml
3	3	config/locales/en.yml

--9f0f07701--2015-09-07--Edward Andress
--84596e3b9--2015-09-07--Edward Andress
31	0	features/cassettes/Advocate_new_claim/Add_fees_with_dates_attended_then_remove_fee/_2_basic_.yml
24	0	spec/api/v1/claims/claim_spec.rb