--440517db7--2015-08-28--Alistair Laing
--2ff9ec495--2015-08-28--Alistair Laing
1	0	app/assets/stylesheets/advocates/application.css.scss
27	11	app/assets/stylesheets/advocates/claims-table.scss
1	0	app/assets/stylesheets/application.css.scss
9	3	app/views/advocates/claims/_claims.html.haml

--2188fa9a7--2015-08-28--Alistair Laing
0	54	features/advocate_claims_list.feature
0	8	features/advocate_new_claim.feature
127	0	features/cassettes/Advocate_new_claim/Add_fees_with_dates_attended_then_remove_fee/_2_basic_.yml
186	0	features/cassettes/Viewing_and_downloading_claim_evidence/Caseworker_views_a_document_in_a_new_tab.yml
3	10	features/claim_status.feature
6	4	features/step_definitions/advocate_claims_list_steps.rb
0	4	features/step_definitions/claim_status_steps.rb
4	14	features/step_definitions/view_claim_evidence_steps.rb
4	4	features/view_claim_evidence.feature
25	22	spec/controllers/advocates/claims_controller_spec.rb

--91173f6d9--2015-08-28--Edward Andress
--c2ea37bb9--2015-08-28--Himal Mandalia
3	0	app/controllers/passwords_controller.rb
0	15	app/views/devise/passwords/new.html.erb
12	0	app/views/devise/passwords/new.html.haml
0	30	app/views/devise/shared/_links.html.erb
28	0	app/views/devise/shared/_links.html.haml
1	1	config/routes.rb