--79c0ac532--2015-08-22--Alistair Laing
--a69f305fc--2015-08-21--Edward Andress
--a4b6245bc--2015-08-21--Edward Andress
--bc9136014--2015-08-21--Stephen Richards
0	31	features/step_definitions/claim_redetermination_steps.rb

--e201ef7fc--2015-08-21--Stephen Richards
--a6e636b2b--2015-08-21--Stephen Richards
4	4	app/views/shared/_claim_status.html.haml
10	0	features/claim_redetermination.feature
58	0	features/step_definitions/claim_redetermination_steps.rb

--437a96c23--2015-08-21--Himal Mandalia
4	2	app/views/shared/_claim.html.haml

--9e9b1bed8--2015-08-21--Edward Andress
--5faec579c--2015-08-20--Stephen Richards
6	0	app/controllers/case_workers/claims_controller.rb
0	6	app/models/assessment.rb
21	6	app/models/claim.rb
13	0	app/models/determination.rb
22	0	app/presenters/redetermination_presenter.rb
26	0	app/views/shared/_claim_status.html.haml
2	1	lib/tasks/claims.rake
61	0	spec/models/claim_spec.rb
25	0	spec/presenters/redetermination_presenter_spec.rb

--2985b0d21--2015-08-21--Himal Mandalia
2	2	app/presenters/claim_presenter.rb
1	7	app/views/advocates/claims/show.html.haml
1	7	app/views/case_workers/claims/show.html.haml
1	1	app/views/shared/_claim.html.haml
21	0	app/views/shared/_claim_header.html.haml

--a59e79b77--2015-08-21--Edward Andress
--195e72bf9--2015-08-21--Himal Mandalia
7	1	app/views/shared/_summary.html.haml
1	1	features/caseworker_notes.feature
31	0	features/claim_additional_information.feature
1	1	features/step_definitions/caseworker_notes_steps.rb
15	0	features/step_definitions/claim_additional_information_steps.rb

--8509c770a--2015-08-21--Edward Andress
--266bcc989--2015-08-21--Edward Andress
--51ed2f9bb--2015-08-21--Himal Mandalia
2	2	app/views/advocates/claims/_form.html.haml

--f2374a799--2015-08-21--Edward Andress
--0f8d18a0f--2015-08-21--Himal Mandalia
2	3	app/controllers/advocates/claims_controller.rb
0	2	app/interfaces/api/v1/advocates/claim.rb
0	7	app/interfaces/api/v1/dropdown_data.rb
1	3	app/models/claim.rb
1	4	app/views/advocates/claims/_form.html.haml
0	4	app/views/shared/_claim.html.haml
1	7	config/locales/en.yml
0	3	config/settings.yml
5	0	db/migrate/20150821093532_remove_prosecuting_authority_from_claims.rb
1	2	db/schema.rb
0	1	features/step_definitions/advocate_new_claim_steps.rb
0	1	features/step_definitions/unhappy_paths_steps.rb
1	2	spec/api/v1/claims/claim_spec.rb
1	16	spec/api/v1/claims/dropdown_data_spec.rb
2	5	spec/controllers/advocates/claims_controller_spec.rb
0	2	spec/factories/claims.rb
1	8	spec/models/claim_spec.rb

--df18c2f27--2015-08-21--Himal Mandalia
19	19	app/controllers/advocates/certifications_controller.rb

--01b816f2b--2015-08-20--Edward Andress
--45094c13c--2015-08-20--Edward Andress
--eb999e4cc--2015-08-20--Himal Mandalia
2	2	app/models/representation_order.rb
4	4	spec/presenters/claim_presenter_spec.rb

--9439328a2--2015-08-20--Stephen Richards
10	4	app/controllers/advocates/certifications_controller.rb
66	4	spec/controllers/advocates/certification_controller_spec.rb
2	14	spec/controllers/advocates/claims_controller_spec.rb

--88d6d9589--2015-08-20--Edward Andress
--8892b8019--2015-08-20--Stephen Richards
0	1	app/assets/javascripts/advocates/claims/fee_section_display.js

--c2ecd8c84--2015-08-20--Himal Mandalia
--3ccb83b90--2015-08-20--Edward Andress
--55ef66d49--2015-08-20--Stephen Richards
1	1	.ruby-version

--e9af92372--2015-08-20--Stephen Richards
1	1	Gemfile

--9f75f3af3--2015-08-20--Himal Mandalia
1	1	app/controllers/case_workers/admin/allocations_controller.rb
12	0	app/views/case_workers/admin/allocations/new.html.haml
8	12	features/claim_allocation.feature
4	14	features/step_definitions/claim_allocation_steps.rb

--935a8e060--2015-08-20--Stephen Richards
39	0	spec/controllers/advocates/certification_controller_spec.rb

--577269852--2015-08-20--Himal Mandalia
--350b5bfe8--2015-08-20--Stephen Richards
--264cc9de1--2015-08-18--Stephen Richards
6	0	app/assets/stylesheets/certification.css.scss
1	0	app/assets/stylesheets/imports.scss
44	0	app/controllers/advocates/certifications_controller.rb
13	4	app/controllers/advocates/claims_controller.rb
2	0	app/models/ability.rb
15	1	app/models/assessment.rb
7	6	app/models/case_worker.rb
43	0	app/models/certification.rb
43	18	app/models/claim.rb
15	1	app/models/determination.rb
15	1	app/models/redetermination.rb
91	0	app/views/advocates/certifications/new.html.haml
5	0	config/routes.rb
17	0	db/migrate/20150819095328_create_certifications.rb
16	2	db/schema.rb
12	0	features/advocate_new_claim.feature
2	0	features/claim_history.feature
12	0	features/step_definitions/advocate_new_claim_steps.rb
13	11	spec/controllers/advocates/claims_controller_spec.rb
7	6	spec/factories/case_workers.rb
42	0	spec/factories/certifications.rb
0	1	spec/factories/claims.rb
15	1	spec/models/assessment_spec.rb
7	6	spec/models/case_worker_spec.rb
56	0	spec/models/certification_spec.rb
28	1	spec/models/claim_spec.rb
15	1	spec/models/redetermination_spec.rb

--30c2fe640--2015-08-20--Stephen Richards
--de0c7baad--2015-08-20--Stephen Richards
--c6e64a6ef--2015-08-19--Stephen Richards
--351a3c0a0--2015-08-19--Himal Mandalia
1	0	app/models/claim.rb
39	0	app/models/claims/user_messages.rb
1	19	spec/models/claim_spec.rb
243	0	spec/models/claims/user_messages_spec.rb

--9963e3b26--2015-08-19--Himal Mandalia
--d43368380--2015-08-18--Himal Mandalia
1	1	app/controllers/case_workers/admin/allocations_controller.rb
1	1	app/controllers/case_workers/claims_controller.rb
2	1	app/controllers/messages_controller.rb
1	1	app/helpers/case_workers/claims_helper.rb
1	1	app/models/case_worker_claim.rb
8	1	app/models/claim.rb
15	10	app/models/claims/state_machine.rb
13	3	app/models/message.rb
4	0	app/views/messages/create.js.erb
4	0	app/views/shared/_claim_status.html.haml
5	1	app/views/shared/_messages.html.haml
22	3	features/claim_redetermination.feature
27	6	features/step_definitions/claim_redetermination_steps.rb
1	1	spec/controllers/case_workers/admin/allocations_controller_spec.rb
4	0	spec/factories/claims.rb
33	12	spec/models/claim_spec.rb
4	3	spec/models/claims/state_machine_scopes_spec.rb
10	1	spec/models/claims/state_machine_spec.rb

--4254c58aa--2015-08-18--Edward Andress
--e4e28e58d--2015-08-18--Stephen Richards
1	0	app/assets/stylesheets/imports.scss
5	0	app/assets/stylesheets/tandcs.css.scss
704	713	app/views/pages/tandcs.haml

--9de0be112--2015-08-18--Stephen Richards
13	0	app/controllers/pages_controller.rb
3	0	app/views/devise/shared/_links.html.erb
714	0	app/views/pages/tandcs.haml
1	0	config/routes.rb

--38160ca87--2015-08-18--Himal Mandalia
--a4b5913a0--2015-08-18--Stephen Richards
4	0	app/models/case_type.rb
1	1	app/models/claim.rb
2	2	features/step_definitions/claim_allocation_steps.rb
3	2	spec/factories/case_types.rb
14	13	spec/models/claim_spec.rb

--1392f4511--2015-08-18--Himal Mandalia
1	1	app/controllers/case_workers/admin/allocations_controller.rb
1	1	app/controllers/case_workers/claims_controller.rb
1	1	app/controllers/messages_controller.rb
1	1	app/helpers/case_workers/claims_helper.rb
8	1	app/models/claims/state_machine.rb
8	5	app/models/message.rb
1	1	app/views/messages/create.js.erb
3	4	app/views/shared/_messages.html.haml
3	1	features/claim_redetermination.feature
14	4	features/step_definitions/claim_redetermination_steps.rb
1	1	spec/controllers/case_workers/admin/allocations_controller_spec.rb
7	0	spec/models/claims/state_machine_scopes_spec.rb

--89fbeeb3e--2015-08-18--Himal Mandalia
--799c53e37--2015-08-18--Stephen Richards
--abb47c882--2015-08-18--Stephen Richards
5	3	app/assets/javascripts/advocates/claims/fee_section_display.js
6	5	app/controllers/advocates/claims_controller.rb
54	0	app/form_builders/adp_form_builder.rb
1	1	app/views/advocates/claims/_form.html.haml
0	2	db/seeds/case_types.rb
2	1	features/step_definitions/advocate_new_claim_steps.rb
2	3	spec/controllers/advocates/claims_controller_spec.rb
42	0	spec/form_builders/adp_form_builder_spec.rb

--437f05d28--2015-08-18--Stephen Richards
5	3	app/assets/javascripts/advocates/claims/fee_section_display.js
6	5	app/controllers/advocates/claims_controller.rb
54	0	app/form_builders/adp_form_builder.rb
1	1	app/views/advocates/claims/_form.html.haml
0	2	db/seeds/case_types.rb
2	1	features/step_definitions/advocate_new_claim_steps.rb
2	3	spec/controllers/advocates/claims_controller_spec.rb
42	0	spec/form_builders/adp_form_builder_spec.rb

--81ce55c89--2015-08-17--Himal Mandalia
2	12	app/controllers/advocates/claims_controller.rb
2	1	app/controllers/messages_controller.rb
2	2	app/models/ability.rb
9	1	app/models/message.rb
1	1	app/views/advocates/claims/show.html.haml
5	0	app/views/messages/create.js.erb
3	8	app/views/shared/_claim_status.html.haml
16	10	app/views/shared/_messages.html.haml
0	1	config/routes.rb
1	1	db/schema.rb
5	5	features/claim_redetermination.feature
8	5	features/step_definitions/claim_redetermination_steps.rb
0	4	spec/controllers/advocates/claims_controller_spec.rb
5	5	spec/models/ability_spec.rb

--2bc392a52--2015-08-17--Edward Andress
--b1c245296--2015-08-17--Edward Andress
--7ce90fe3a--2015-08-17--Himal Mandalia
2	0	app/views/messages/create.js.erb

--5826d04c5--2015-08-17--Himal Mandalia
--9f62a2ad7--2015-08-17--Himal Mandalia
--02919f4ca--2015-08-17--Edward Andress
6	3	app/models/json_template.rb
1	1	db/schema.rb

--f9a7bc4c2--2015-08-17--Stephen Richards
--0b812fb2d--2015-08-17--Himal Mandalia
4	1	app/models/claim.rb
13	0	app/models/concerns/number_comma_parser.rb
3	0	app/models/expense.rb
3	0	app/models/fee.rb
10	2	spec/models/claim_spec.rb
10	0	spec/models/expense_spec.rb
9	0	spec/models/fee_spec.rb

--3e307f101--2015-08-13--Stephen Richards
1	1	app/assets/javascripts/advocates/claims/fee_section_display.js
1	1	app/controllers/advocates/claims_controller.rb
2	2	app/interfaces/api/v1/advocates/claim.rb
1	1	app/interfaces/api/v1/dropdown_data.rb
1	0	app/models/advocate.rb
22	0	app/models/case_type.rb
1	0	app/models/chamber.rb
9	6	app/models/claim.rb
8	6	app/models/date_attended.rb
1	0	app/models/defendant.rb
1	0	app/models/document.rb
1	1	app/models/expense.rb
1	0	app/models/fee.rb
11	7	app/models/message.rb
1	0	app/models/representation_order.rb
1	1	app/presenters/claim_presenter.rb
1	1	app/views/advocates/claims/_form.html.haml
1	1	app/views/case_workers/admin/allocations/new.html.haml
1	1	app/views/shared/_claim.html.haml
0	14	config/settings.yml
11	0	db/migrate/20150813160624_add_case_type_id_to_claim.rb
2	2	db/schema.rb
1	1	db/seeds.rb
1	1	db/seeds/case_types.rb
9	0	features/advocate_new_claim.feature
1	0	features/claim_allocation.feature
1	0	features/claim_evidence_checklist.feature
7	3	features/step_definitions/advocate_new_claim_steps.rb
3	3	features/step_definitions/claim_allocation_steps.rb
1	1	features/step_definitions/unhappy_paths_steps.rb
2	0	features/unhappy_paths.feature
1	1	lib/tasks/claims.rake
3	3	spec/api/v1/claims/claim_spec.rb
3	1	spec/api/v1/claims/dropdown_data_spec.rb
13	9	spec/controllers/advocates/claims_controller_spec.rb
1	0	spec/factories/advocates.rb
22	0	spec/factories/case_types.rb
1	0	spec/factories/chambers.rb
4	3	spec/factories/claims.rb
8	7	spec/factories/dates_attended.rb
1	0	spec/factories/defendants.rb
1	0	spec/factories/documents.rb
1	1	spec/factories/expenses.rb
1	0	spec/factories/fees.rb
11	7	spec/factories/messages.rb
1	0	spec/factories/representation_orders.rb
1	0	spec/models/advocate_spec.rb
1	0	spec/models/chamber_spec.rb
12	41	spec/models/claim_spec.rb
8	6	spec/models/date_attended_spec.rb
1	0	spec/models/defendant_spec.rb
1	0	spec/models/document_spec.rb
1	1	spec/models/expense_spec.rb
1	0	spec/models/fee_spec.rb
1	1	spec/models/json_template_spec.rb
11	7	spec/models/message_spec.rb
1	0	spec/models/representation_order_spec.rb
2	2	spec/presenters/claim_presenter_spec.rb

--0d178dd94--2015-08-17--Himal Mandalia
--f442d24e1--2015-08-17--Stephen Richards
0	3	app/views/shared/_claim_status.html.haml

--597ea13b0--2015-08-17--Himal Mandalia
--5e4cf615b--2015-08-15--Benedetto Lo Giudice
0	18	config/environments/development.rb
1	1	config/environments/production.rb
0	18	config/environments/test.rb

--1b8e6a78b--2015-08-14--Himal Mandalia
--1a46e3db9--2015-08-14--Edward Andress
--1aba108a4--2015-08-14--Himal Mandalia
--c0d700e2f--2015-08-14--Himal Mandalia
--c7f521524--2015-08-14--Edward Andress
15	4	spec/models/json_template_spec.rb

--1ed3e7679--2015-08-14--Edward Andress
--a84f17227--2015-08-14--Himal Mandalia
30	0	app/controllers/advocates/financial_summary_controller.rb
3	4	app/views/case_workers/claims/show.html.haml

--681ae3f19--2015-08-14--Himal Mandalia
--90ec74e12--2015-08-14--Edward Andress
--f8a89f9c5--2015-08-14--Edward Andress
--9085945b4--2015-08-14--Edward Andress
--0d6dae957--2015-08-14--Edward Andress
--edf393561--2015-08-14--Edward Andress
--fa43e7a5e--2015-08-14--Edward Andress
--b12b83dd2--2015-08-14--Edward Andress
34	16	app/models/json_template.rb

--a997c18fd--2015-08-14--Stephen Richards
2	2	app/controllers/advocates/claims_controller.rb
2	1	app/controllers/case_workers/claims_controller.rb
4	1	app/views/shared/_claim_status.html.haml

--1e2a77f8d--2015-08-14--Himal Mandalia
2	3	app/controllers/advocates/claims_controller.rb
3	2	app/controllers/case_workers/claims_controller.rb
9	0	app/controllers/concerns/doc_types.rb

--335926b27--2015-08-14--Himal Mandalia
9	2	spec/controllers/heartbeat_controller_spec.rb

--54e3fdc44--2015-08-14--Himal Mandalia
37	0	app/controllers/heartbeat_controller.rb
0	16	app/controllers/ping_controller.rb
3	1	config/routes.rb
82	0	spec/controllers/heartbeat_controller_spec.rb

--45c8ff40a--2015-08-14--Himal Mandalia
1	1	app/views/case_workers/claims/show.html.haml

--56357d8f4--2015-08-14--Himal Mandalia
3	3	app/controllers/case_workers/claims_controller.rb
11	3	app/helpers/case_workers/claims_helper.rb
1	1	app/views/case_workers/claims/show.html.haml
1	1	app/views/shared/_claim.html.haml

--922af27be--2015-08-14--Himal Mandalia
--47e9b9b50--2015-08-14--Himal Mandalia
--f91194b9f--2015-08-13--Benedetto Lo Giudice
1	0	Gemfile
5	0	Gemfile.lock
18	0	config/environments/development.rb
18	0	config/environments/production.rb
18	0	config/environments/test.rb
1	1	docker/run.sh

--77067fe17--2015-08-13--Alistair Laing
2	2	features/step_definitions/caseworker_claims_list_steps.rb

--59fef7959--2015-08-13--Alistair Laing
7	3	app/assets/stylesheets/search-options.scss

--cc0a66987--2015-08-13--Alistair Laing
1	2	app/views/case_workers/claims/_search_form.html.haml

--c707ed1a6--2015-08-13--Alistair Laing
0	5	app/controllers/case_workers/claims_controller.rb

--f26c72a37--2015-08-13--Alistair Laing
5	5	features/caseworker_admin_claims_list.feature
13	13	features/caseworker_claims_list.feature
14	14	features/step_definitions/caseworker_claims_list_steps.rb
1	20	spec/controllers/case_workers/admin/case_workers_controller_spec.rb
1	12	spec/controllers/case_workers/claims_controller_spec.rb

--7c599e613--2015-08-13--Alistair Laing
2	1	app/views/case_workers/claims/index.html.haml
0	1	app/views/layouts/case_worker.html.haml

--ae4dc65c8--2015-08-13--Stephen Richards
1	0	app/models/case_worker.rb
5	0	db/migrate/20150813163440_add_approval_levels_to_case_worker.rb
2	1	db/schema.rb
8	0	spec/factories/case_workers.rb
18	0	spec/models/case_worker_spec.rb

--0835035af--2015-08-13--Stephen Richards
7	0	app/models/case_worker.rb
6	0	spec/models/case_worker_spec.rb

--cd9af0831--2015-08-12--Stephen Richards
3	1	app/assets/stylesheets/admin.scss
1	1	app/controllers/case_workers/admin/case_workers_controller.rb
2	2	app/presenters/case_worker_presenter.rb
7	8	app/views/case_workers/admin/case_workers/_form.html.haml
2	5	app/views/case_workers/admin/case_workers/edit.html.haml
3	13	app/views/case_workers/admin/case_workers/index.html.haml
1	1	lib/assets/data/case_workers.csv

--61aa44b6d--2015-08-12--Stephen Richards
7	1	app/controllers/case_workers/admin/case_workers_controller.rb
1	0	app/models/advocate.rb
42	0	app/models/case_worker.rb
1	0	app/models/chamber.rb
1	0	app/models/claim.rb
8	6	app/models/date_attended.rb
1	0	app/models/defendant.rb
1	0	app/models/document.rb
1	1	app/models/expense.rb
1	0	app/models/fee.rb
11	7	app/models/message.rb
1	0	app/models/representation_order.rb
23	0	app/presenters/case_worker_presenter.rb
7	0	app/views/case_workers/admin/case_workers/_form.html.haml
14	0	config/settings.yml
6	0	db/migrate/20150812151337_add_days_worked_to_case_workers.rb
2	1	db/schema.rb
40	4	db/seeds/case_workers.rb
1	1	db/seeds/seed_helper.rb
5	0	spec/controllers/case_workers/admin/case_workers_controller_spec.rb
1	0	spec/factories/advocates.rb
3	0	spec/factories/case_workers.rb
1	0	spec/factories/chambers.rb
1	0	spec/factories/claims.rb
8	7	spec/factories/dates_attended.rb
1	0	spec/factories/defendants.rb
1	0	spec/factories/documents.rb
1	1	spec/factories/expenses.rb
1	0	spec/factories/fees.rb
11	7	spec/factories/messages.rb
1	0	spec/factories/representation_orders.rb
1	0	spec/models/advocate_spec.rb
31	0	spec/models/case_worker_spec.rb
1	0	spec/models/chamber_spec.rb
1	0	spec/models/claim_spec.rb
8	6	spec/models/date_attended_spec.rb
1	0	spec/models/defendant_spec.rb
1	0	spec/models/document_spec.rb
1	1	spec/models/expense_spec.rb
1	0	spec/models/fee_spec.rb
11	7	spec/models/message_spec.rb
1	0	spec/models/representation_order_spec.rb
31	0	spec/presenters/case_worker_presenter_spec.rb

--db9735ba5--2015-08-11--Alistair Laing
25	2	app/assets/stylesheets/admin.scss
11	0	app/assets/stylesheets/layout.scss
2	2	app/views/case_workers/admin/case_workers/_form.html.haml
45	14	app/views/case_workers/admin/case_workers/index.html.haml

--fc25cdbef--2015-08-12--Alistair Laing
5	6	app/views/case_workers/admin/case_workers/_form.html.haml
2	3	app/views/case_workers/admin/case_workers/new.html.haml

--35d06c3f0--2015-08-11--Alistair Laing
0	3	app/controllers/case_workers/admin/allocations_controller.rb
2	19	app/controllers/case_workers/admin/case_workers_controller.rb
0	5	features/step_definitions/caseworker_claims_list_steps.rb
4	0	features/step_definitions/shared/sign_in_steps.rb
1	1	features/step_definitions/sign_in_steps.rb
1	21	spec/controllers/case_workers/admin/case_workers_controller_spec.rb

--358ae44b4--2015-08-13--Stephen Richards
--2d3ddd88a--2015-08-13--Stephen Richards
--5a5bf425a--2015-08-11--Stephen Richards
0	16	TODO for AMOUNT ASSESSED
1	0	app/assets/javascripts/application.js
35	0	app/assets/javascripts/case_worker/claims/determination_calculator.js
4	1	app/controllers/advocates/claims_controller.rb
2	0	app/controllers/case_workers/claims_controller.rb
1	1	app/models/assessment.rb
2	1	app/models/claim.rb
29	19	app/views/shared/_claim_status.html.haml
10	10	features/advocate_claims_list.feature
17	17	features/claim_status.feature
3	3	features/step_definitions/advocate_claims_list_steps.rb
1	1	features/step_definitions/claim_history_steps.rb
8	5	features/step_definitions/claim_status_steps.rb
0	1	spec/api/v1/claims/defendant_spec.rb
0	5	spec/models/assessment_spec.rb
2	2	spec/models/redetermination_spec.rb

--bb5473f85--2015-08-06--Stephen Richards
16	0	TODO for AMOUNT ASSESSED
10	2	app/controllers/case_workers/claims_controller.rb
30	0	app/models/assessment.rb
12	4	app/models/claim.rb
1	1	app/models/claims/state_machine.rb
18	0	app/models/determination.rb
9	0	app/models/redetermination.rb
27	0	app/presenters/claim_presenter.rb
1	1	app/views/advocates/claims/_claims.html.haml
31	30	app/views/advocates/claims/show.html.haml
6	3	app/views/case_workers/claims/index.html.haml
39	36	app/views/case_workers/claims/show.html.haml
99	100	app/views/shared/_claim.html.haml
31	10	app/views/shared/_claim_status.html.haml
13	0	db/migrate/20150806090257_create_determinations.rb
9	0	db/migrate/20150810085147_drop_amount_assessed_from_claims.rb
11	2	db/schema.rb
9	6	features/claim_status.feature
7	5	features/step_definitions/claim_status_steps.rb
7	0	spec/factories/assessments.rb
10	1	spec/factories/claims.rb
7	0	spec/factories/redeterminations.rb
72	0	spec/models/assessment_spec.rb
40	11	spec/models/claim_spec.rb
15	14	spec/models/claims/state_machine_spec.rb
36	0	spec/models/redetermination_spec.rb
2	2	spec/presenters/claim_presenter_spec.rb