--350b5bfe8--2015-08-20--Stephen Richards
--264cc9de1--2015-08-18--Stephen Richards
6	0	app/assets/stylesheets/certification.css.scss
1	0	app/assets/stylesheets/imports.scss
44	0	app/controllers/advocates/certifications_controller.rb
13	4	app/controllers/advocates/claims_controller.rb
2	0	app/models/ability.rb
15	1	app/models/assessment.rb
7	6	app/models/case_worker.rb
43	0	app/models/certification.rb
43	18	app/models/claim.rb
15	1	app/models/determination.rb
15	1	app/models/redetermination.rb
91	0	app/views/advocates/certifications/new.html.haml
5	0	config/routes.rb
17	0	db/migrate/20150819095328_create_certifications.rb
16	2	db/schema.rb
12	0	features/advocate_new_claim.feature
2	0	features/claim_history.feature
12	0	features/step_definitions/advocate_new_claim_steps.rb
13	11	spec/controllers/advocates/claims_controller_spec.rb
7	6	spec/factories/case_workers.rb
42	0	spec/factories/certifications.rb
0	1	spec/factories/claims.rb
15	1	spec/models/assessment_spec.rb
7	6	spec/models/case_worker_spec.rb
56	0	spec/models/certification_spec.rb
28	1	spec/models/claim_spec.rb
15	1	spec/models/redetermination_spec.rb

--30c2fe640--2015-08-20--Stephen Richards
--de0c7baad--2015-08-20--Stephen Richards
--c6e64a6ef--2015-08-19--Stephen Richards
--351a3c0a0--2015-08-19--Himal Mandalia
1	0	app/models/claim.rb
39	0	app/models/claims/user_messages.rb
1	19	spec/models/claim_spec.rb
243	0	spec/models/claims/user_messages_spec.rb

--9963e3b26--2015-08-19--Himal Mandalia
--d43368380--2015-08-18--Himal Mandalia
1	1	app/controllers/case_workers/admin/allocations_controller.rb
1	1	app/controllers/case_workers/claims_controller.rb
2	1	app/controllers/messages_controller.rb
1	1	app/helpers/case_workers/claims_helper.rb
1	1	app/models/case_worker_claim.rb
8	1	app/models/claim.rb
15	10	app/models/claims/state_machine.rb
13	3	app/models/message.rb
4	0	app/views/messages/create.js.erb
4	0	app/views/shared/_claim_status.html.haml
5	1	app/views/shared/_messages.html.haml
22	3	features/claim_redetermination.feature
27	6	features/step_definitions/claim_redetermination_steps.rb
1	1	spec/controllers/case_workers/admin/allocations_controller_spec.rb
4	0	spec/factories/claims.rb
33	12	spec/models/claim_spec.rb
4	3	spec/models/claims/state_machine_scopes_spec.rb
10	1	spec/models/claims/state_machine_spec.rb

--1392f4511--2015-08-18--Himal Mandalia
1	1	app/controllers/case_workers/admin/allocations_controller.rb
1	1	app/controllers/case_workers/claims_controller.rb
1	1	app/controllers/messages_controller.rb
1	1	app/helpers/case_workers/claims_helper.rb
8	1	app/models/claims/state_machine.rb
8	5	app/models/message.rb
1	1	app/views/messages/create.js.erb
3	4	app/views/shared/_messages.html.haml
3	1	features/claim_redetermination.feature
14	4	features/step_definitions/claim_redetermination_steps.rb
1	1	spec/controllers/case_workers/admin/allocations_controller_spec.rb
7	0	spec/models/claims/state_machine_scopes_spec.rb

--81ce55c89--2015-08-17--Himal Mandalia
2	12	app/controllers/advocates/claims_controller.rb
2	1	app/controllers/messages_controller.rb
2	2	app/models/ability.rb
9	1	app/models/message.rb
1	1	app/views/advocates/claims/show.html.haml
5	0	app/views/messages/create.js.erb
3	8	app/views/shared/_claim_status.html.haml
16	10	app/views/shared/_messages.html.haml
0	1	config/routes.rb
1	1	db/schema.rb
5	5	features/claim_redetermination.feature
8	5	features/step_definitions/claim_redetermination_steps.rb
0	4	spec/controllers/advocates/claims_controller_spec.rb
5	5	spec/models/ability_spec.rb