--f9a7bc4c2--2015-08-17--Stephen Richards
--3e307f101--2015-08-13--Stephen Richards
1	1	app/assets/javascripts/advocates/claims/fee_section_display.js
1	1	app/controllers/advocates/claims_controller.rb
2	2	app/interfaces/api/v1/advocates/claim.rb
1	1	app/interfaces/api/v1/dropdown_data.rb
1	0	app/models/advocate.rb
22	0	app/models/case_type.rb
1	0	app/models/chamber.rb
9	6	app/models/claim.rb
8	6	app/models/date_attended.rb
1	0	app/models/defendant.rb
1	0	app/models/document.rb
1	1	app/models/expense.rb
1	0	app/models/fee.rb
11	7	app/models/message.rb
1	0	app/models/representation_order.rb
1	1	app/presenters/claim_presenter.rb
1	1	app/views/advocates/claims/_form.html.haml
1	1	app/views/case_workers/admin/allocations/new.html.haml
1	1	app/views/shared/_claim.html.haml
0	14	config/settings.yml
11	0	db/migrate/20150813160624_add_case_type_id_to_claim.rb
2	2	db/schema.rb
1	1	db/seeds.rb
1	1	db/seeds/case_types.rb
9	0	features/advocate_new_claim.feature
1	0	features/claim_allocation.feature
1	0	features/claim_evidence_checklist.feature
7	3	features/step_definitions/advocate_new_claim_steps.rb
3	3	features/step_definitions/claim_allocation_steps.rb
1	1	features/step_definitions/unhappy_paths_steps.rb
2	0	features/unhappy_paths.feature
1	1	lib/tasks/claims.rake
3	3	spec/api/v1/claims/claim_spec.rb
3	1	spec/api/v1/claims/dropdown_data_spec.rb
13	9	spec/controllers/advocates/claims_controller_spec.rb
1	0	spec/factories/advocates.rb
22	0	spec/factories/case_types.rb
1	0	spec/factories/chambers.rb
4	3	spec/factories/claims.rb
8	7	spec/factories/dates_attended.rb
1	0	spec/factories/defendants.rb
1	0	spec/factories/documents.rb
1	1	spec/factories/expenses.rb
1	0	spec/factories/fees.rb
11	7	spec/factories/messages.rb
1	0	spec/factories/representation_orders.rb
1	0	spec/models/advocate_spec.rb
1	0	spec/models/chamber_spec.rb
12	41	spec/models/claim_spec.rb
8	6	spec/models/date_attended_spec.rb
1	0	spec/models/defendant_spec.rb
1	0	spec/models/document_spec.rb
1	1	spec/models/expense_spec.rb
1	0	spec/models/fee_spec.rb
1	1	spec/models/json_template_spec.rb
11	7	spec/models/message_spec.rb
1	0	spec/models/representation_order_spec.rb
2	2	spec/presenters/claim_presenter_spec.rb

--0d178dd94--2015-08-17--Himal Mandalia
--f442d24e1--2015-08-17--Stephen Richards
0	3	app/views/shared/_claim_status.html.haml

--597ea13b0--2015-08-17--Himal Mandalia
--5e4cf615b--2015-08-15--Benedetto Lo Giudice
0	18	config/environments/development.rb
1	1	config/environments/production.rb
0	18	config/environments/test.rb

--1b8e6a78b--2015-08-14--Himal Mandalia
--1a46e3db9--2015-08-14--Edward Andress
--1aba108a4--2015-08-14--Himal Mandalia
--c0d700e2f--2015-08-14--Himal Mandalia
--c7f521524--2015-08-14--Edward Andress
15	4	spec/models/json_template_spec.rb

--1ed3e7679--2015-08-14--Edward Andress
--a84f17227--2015-08-14--Himal Mandalia
30	0	app/controllers/advocates/financial_summary_controller.rb
3	4	app/views/case_workers/claims/show.html.haml

--681ae3f19--2015-08-14--Himal Mandalia
--90ec74e12--2015-08-14--Edward Andress
--f8a89f9c5--2015-08-14--Edward Andress
--9085945b4--2015-08-14--Edward Andress
--0d6dae957--2015-08-14--Edward Andress
--edf393561--2015-08-14--Edward Andress
--fa43e7a5e--2015-08-14--Edward Andress
--b12b83dd2--2015-08-14--Edward Andress
34	16	app/models/json_template.rb

--a997c18fd--2015-08-14--Stephen Richards
2	2	app/controllers/advocates/claims_controller.rb
2	1	app/controllers/case_workers/claims_controller.rb
4	1	app/views/shared/_claim_status.html.haml

--1e2a77f8d--2015-08-14--Himal Mandalia
2	3	app/controllers/advocates/claims_controller.rb
3	2	app/controllers/case_workers/claims_controller.rb
9	0	app/controllers/concerns/doc_types.rb

--335926b27--2015-08-14--Himal Mandalia
9	2	spec/controllers/heartbeat_controller_spec.rb

--54e3fdc44--2015-08-14--Himal Mandalia
37	0	app/controllers/heartbeat_controller.rb
0	16	app/controllers/ping_controller.rb
3	1	config/routes.rb
82	0	spec/controllers/heartbeat_controller_spec.rb

--45c8ff40a--2015-08-14--Himal Mandalia
1	1	app/views/case_workers/claims/show.html.haml

--56357d8f4--2015-08-14--Himal Mandalia
3	3	app/controllers/case_workers/claims_controller.rb
11	3	app/helpers/case_workers/claims_helper.rb
1	1	app/views/case_workers/claims/show.html.haml
1	1	app/views/shared/_claim.html.haml

--922af27be--2015-08-14--Himal Mandalia
--47e9b9b50--2015-08-14--Himal Mandalia
--f91194b9f--2015-08-13--Benedetto Lo Giudice
1	0	Gemfile
5	0	Gemfile.lock
18	0	config/environments/development.rb
18	0	config/environments/production.rb
18	0	config/environments/test.rb
1	1	docker/run.sh

--77067fe17--2015-08-13--Alistair Laing
2	2	features/step_definitions/caseworker_claims_list_steps.rb

--59fef7959--2015-08-13--Alistair Laing
7	3	app/assets/stylesheets/search-options.scss

--cc0a66987--2015-08-13--Alistair Laing
1	2	app/views/case_workers/claims/_search_form.html.haml

--ae4dc65c8--2015-08-13--Stephen Richards
1	0	app/models/case_worker.rb
5	0	db/migrate/20150813163440_add_approval_levels_to_case_worker.rb
2	1	db/schema.rb
8	0	spec/factories/case_workers.rb
18	0	spec/models/case_worker_spec.rb

--0835035af--2015-08-13--Stephen Richards
7	0	app/models/case_worker.rb
6	0	spec/models/case_worker_spec.rb

--cd9af0831--2015-08-12--Stephen Richards
3	1	app/assets/stylesheets/admin.scss
1	1	app/controllers/case_workers/admin/case_workers_controller.rb
2	2	app/presenters/case_worker_presenter.rb
7	8	app/views/case_workers/admin/case_workers/_form.html.haml
2	5	app/views/case_workers/admin/case_workers/edit.html.haml
3	13	app/views/case_workers/admin/case_workers/index.html.haml
1	1	lib/assets/data/case_workers.csv

--61aa44b6d--2015-08-12--Stephen Richards
7	1	app/controllers/case_workers/admin/case_workers_controller.rb
1	0	app/models/advocate.rb
42	0	app/models/case_worker.rb
1	0	app/models/chamber.rb
1	0	app/models/claim.rb
8	6	app/models/date_attended.rb
1	0	app/models/defendant.rb
1	0	app/models/document.rb
1	1	app/models/expense.rb
1	0	app/models/fee.rb
11	7	app/models/message.rb
1	0	app/models/representation_order.rb
23	0	app/presenters/case_worker_presenter.rb
7	0	app/views/case_workers/admin/case_workers/_form.html.haml
14	0	config/settings.yml
6	0	db/migrate/20150812151337_add_days_worked_to_case_workers.rb
2	1	db/schema.rb
40	4	db/seeds/case_workers.rb
1	1	db/seeds/seed_helper.rb
5	0	spec/controllers/case_workers/admin/case_workers_controller_spec.rb
1	0	spec/factories/advocates.rb
3	0	spec/factories/case_workers.rb
1	0	spec/factories/chambers.rb
1	0	spec/factories/claims.rb
8	7	spec/factories/dates_attended.rb
1	0	spec/factories/defendants.rb
1	0	spec/factories/documents.rb
1	1	spec/factories/expenses.rb
1	0	spec/factories/fees.rb
11	7	spec/factories/messages.rb
1	0	spec/factories/representation_orders.rb
1	0	spec/models/advocate_spec.rb
31	0	spec/models/case_worker_spec.rb
1	0	spec/models/chamber_spec.rb
1	0	spec/models/claim_spec.rb
8	6	spec/models/date_attended_spec.rb
1	0	spec/models/defendant_spec.rb
1	0	spec/models/document_spec.rb
1	1	spec/models/expense_spec.rb
1	0	spec/models/fee_spec.rb
11	7	spec/models/message_spec.rb
1	0	spec/models/representation_order_spec.rb
31	0	spec/presenters/case_worker_presenter_spec.rb

--db9735ba5--2015-08-11--Alistair Laing
25	2	app/assets/stylesheets/admin.scss
11	0	app/assets/stylesheets/layout.scss
2	2	app/views/case_workers/admin/case_workers/_form.html.haml
45	14	app/views/case_workers/admin/case_workers/index.html.haml

--fc25cdbef--2015-08-12--Alistair Laing
5	6	app/views/case_workers/admin/case_workers/_form.html.haml
2	3	app/views/case_workers/admin/case_workers/new.html.haml

--35d06c3f0--2015-08-11--Alistair Laing
0	3	app/controllers/case_workers/admin/allocations_controller.rb
2	19	app/controllers/case_workers/admin/case_workers_controller.rb
0	5	features/step_definitions/caseworker_claims_list_steps.rb
4	0	features/step_definitions/shared/sign_in_steps.rb
1	1	features/step_definitions/sign_in_steps.rb
1	21	spec/controllers/case_workers/admin/case_workers_controller_spec.rb

--358ae44b4--2015-08-13--Stephen Richards
--2d3ddd88a--2015-08-13--Stephen Richards
--5a5bf425a--2015-08-11--Stephen Richards
0	16	TODO for AMOUNT ASSESSED
1	0	app/assets/javascripts/application.js
35	0	app/assets/javascripts/case_worker/claims/determination_calculator.js
4	1	app/controllers/advocates/claims_controller.rb
2	0	app/controllers/case_workers/claims_controller.rb
1	1	app/models/assessment.rb
2	1	app/models/claim.rb
29	19	app/views/shared/_claim_status.html.haml
10	10	features/advocate_claims_list.feature
17	17	features/claim_status.feature
3	3	features/step_definitions/advocate_claims_list_steps.rb
1	1	features/step_definitions/claim_history_steps.rb
8	5	features/step_definitions/claim_status_steps.rb
0	1	spec/api/v1/claims/defendant_spec.rb
0	5	spec/models/assessment_spec.rb
2	2	spec/models/redetermination_spec.rb

--bb5473f85--2015-08-06--Stephen Richards
16	0	TODO for AMOUNT ASSESSED
10	2	app/controllers/case_workers/claims_controller.rb
30	0	app/models/assessment.rb
12	4	app/models/claim.rb
1	1	app/models/claims/state_machine.rb
18	0	app/models/determination.rb
9	0	app/models/redetermination.rb
27	0	app/presenters/claim_presenter.rb
1	1	app/views/advocates/claims/_claims.html.haml
31	30	app/views/advocates/claims/show.html.haml
6	3	app/views/case_workers/claims/index.html.haml
39	36	app/views/case_workers/claims/show.html.haml
99	100	app/views/shared/_claim.html.haml
31	10	app/views/shared/_claim_status.html.haml
13	0	db/migrate/20150806090257_create_determinations.rb
9	0	db/migrate/20150810085147_drop_amount_assessed_from_claims.rb
11	2	db/schema.rb
9	6	features/claim_status.feature
7	5	features/step_definitions/claim_status_steps.rb
7	0	spec/factories/assessments.rb
10	1	spec/factories/claims.rb
7	0	spec/factories/redeterminations.rb
72	0	spec/models/assessment_spec.rb
40	11	spec/models/claim_spec.rb
15	14	spec/models/claims/state_machine_spec.rb
36	0	spec/models/redetermination_spec.rb
2	2	spec/presenters/claim_presenter_spec.rb