--2d3ddd88a--2015-08-13--Stephen Richards
--5a5bf425a--2015-08-11--Stephen Richards
0	16	TODO for AMOUNT ASSESSED
1	0	app/assets/javascripts/application.js
35	0	app/assets/javascripts/case_worker/claims/determination_calculator.js
4	1	app/controllers/advocates/claims_controller.rb
2	0	app/controllers/case_workers/claims_controller.rb
1	1	app/models/assessment.rb
2	1	app/models/claim.rb
29	19	app/views/shared/_claim_status.html.haml
10	10	features/advocate_claims_list.feature
17	17	features/claim_status.feature
3	3	features/step_definitions/advocate_claims_list_steps.rb
1	1	features/step_definitions/claim_history_steps.rb
8	5	features/step_definitions/claim_status_steps.rb
0	1	spec/api/v1/claims/defendant_spec.rb
0	5	spec/models/assessment_spec.rb
2	2	spec/models/redetermination_spec.rb

--59a438a0a--2015-08-13--Himal Mandalia
--12bd0a0c7--2015-08-13--Stephen Richards
--fdf4df89b--2015-08-04--Edward Andress
1	0	Gemfile
5	0	Gemfile.lock
10	0	app/controllers/json_template_controller.rb
1	0	app/interfaces/api/v1/advocates/claim.rb
135	0	app/models/json_template.rb
6	0	app/views/json_template/index.html.haml
3	0	config/routes.rb
29	0	spec/controllers/json_template_controller_spec.rb
64	0	spec/models/json_template_spec.rb

--abf5f5a09--2015-08-13--Himal Mandalia
18	24	app/assets/javascripts/advocates/claims/dynamic-offence-list.js
6	2	app/controllers/advocates/claims_controller.rb
8	0	app/controllers/offences_controller.rb
9	1	app/interfaces/api/v1/dropdown_data.rb
0	2	app/models/claim.rb
8	0	app/models/offence.rb
0	21	app/views/advocates/claims/_dynamic_offence_fields.html.haml
14	2	app/views/advocates/claims/_form.html.haml
3	0	app/views/advocates/claims/_offence_select.html.haml
9	0	app/views/offences/index.js.erb
5	6	config/locales/en.yml
2	0	config/routes.rb
5	0	db/seeds/offences.rb
0	8	features/advocate_new_claim.feature
2	14	features/step_definitions/advocate_new_claim_steps.rb
4	2	features/step_definitions/unhappy_paths_steps.rb
18	6	spec/api/v1/claims/dropdown_data_spec.rb
5	0	spec/controllers/offences_controller_spec.rb
9	0	spec/models/offence_spec.rb

--bb5473f85--2015-08-06--Stephen Richards
16	0	TODO for AMOUNT ASSESSED
10	2	app/controllers/case_workers/claims_controller.rb
30	0	app/models/assessment.rb
12	4	app/models/claim.rb
1	1	app/models/claims/state_machine.rb
18	0	app/models/determination.rb
9	0	app/models/redetermination.rb
27	0	app/presenters/claim_presenter.rb
1	1	app/views/advocates/claims/_claims.html.haml
31	30	app/views/advocates/claims/show.html.haml
6	3	app/views/case_workers/claims/index.html.haml
39	36	app/views/case_workers/claims/show.html.haml
99	100	app/views/shared/_claim.html.haml
31	10	app/views/shared/_claim_status.html.haml
13	0	db/migrate/20150806090257_create_determinations.rb
9	0	db/migrate/20150810085147_drop_amount_assessed_from_claims.rb
11	2	db/schema.rb
9	6	features/claim_status.feature
7	5	features/step_definitions/claim_status_steps.rb
7	0	spec/factories/assessments.rb
10	1	spec/factories/claims.rb
7	0	spec/factories/redeterminations.rb
72	0	spec/models/assessment_spec.rb
40	11	spec/models/claim_spec.rb
15	14	spec/models/claims/state_machine_spec.rb
36	0	spec/models/redetermination_spec.rb
2	2	spec/presenters/claim_presenter_spec.rb

--5113f57db--2015-08-10--Alistair Laing
--31cd29e2f--2015-08-10--Edward Andress
--00a5c4796--2015-08-10--Himal Mandalia
6	0	app/controllers/case_workers/claims_controller.rb
12	0	app/helpers/case_workers/claims_helper.rb
6	0	app/views/case_workers/claims/show.html.haml
2	2	app/views/shared/_claim.html.haml
35	0	features/claims_carousel.feature
36	0	features/step_definitions/claims_carousel_steps.rb

--6418e3329--2015-08-07--jsugarman
1	1	app/views/advocates/claims/_basic_fee_fields.html.haml
1	1	app/views/advocates/claims/_expense_fields.html.haml
1	1	app/views/advocates/claims/_fixed_fee_fields.html.haml
1	1	app/views/advocates/claims/_misc_fee_fields.html.haml

--9b0dfd012--2015-08-07--Edward Andress
--b3e9223f2--2015-08-07--Himal Mandalia
--7f8900bc8--2015-08-07--jsugarman
5	4	features/advocate_claims_list.feature
5	4	features/caseworker_claims_list.feature
1	5	features/step_definitions/advocate_claims_list_steps.rb
1	6	features/step_definitions/caseworker_claims_list_steps.rb

--22f9e76df--2015-08-07--Stephen Richards
17	17	features/sign_in.feature
0	3	features/step_definitions/sign_in_steps.rb

--17c30808b--2015-08-07--Stephen Richards
--3fbd1cf81--2015-08-07--Himal Mandalia
--233de9025--2015-08-07--Stephen Richards
1	1	.rspec
15	15	features/adp_date_fields.feature
1	0	features/step_definitions/adp_date_fields_steps.rb
0	1	spec/api/v1/claims/defendant_spec.rb
1	3	spec/controllers/case_workers/admin/case_workers_controller_spec.rb
0	1	spec/controllers/case_workers/claims_controller_spec.rb
3	3	spec/controllers/vat_rates_controller_spec.rb
1	1	spec/models/claim_spec.rb
6	6	spec/models/vat_rate_spec.rb
2	0	spec/rails_helper.rb
11	11	spec/spec_helper.rb

--a37f831a3--2015-08-07--jsugarman
0	2	app/interfaces/api/v1/advocates/expense.rb
5	0	db/migrate/20150807120316_remove_date_from_expenses.rb
1	2	db/schema.rb
3	3	spec/api/v1/claims/expense_spec.rb
0	1	spec/factories/expenses.rb

--c00aff4ee--2015-08-07--jsugarman
1	1	.rspec

--de3dcdee4--2015-08-07--Joel Sugarman
--bd59109de--2015-08-07--Himal Mandalia
--344d2a5cc--2015-08-07--Himal Mandalia
6	0	app/models/fee_type.rb
1	1	app/views/advocates/claims/_basic_fee_fields.html.haml
16	0	spec/models/fee_type_spec.rb

--f5365ee3f--2015-08-07--Stephen Richards
2	2	app/assets/javascripts/advocates/claims/fee_section_display.js
2	2	app/controllers/vat_rates_controller.rb
6	2	app/presenters/claim_presenter.rb
2	1	app/views/shared/_vat_summary.html.haml
7	7	spec/controllers/vat_rates_controller_spec.rb

--6dcdc7da8--2015-08-07--jsugarman
7	2	app/interfaces/api/v1/advocates/date_attended.rb
3	12	app/models/date_attended.rb
1	1	app/models/expense.rb
2	1	app/models/fee.rb
1	3	app/views/advocates/claims/_date_attended_fields.html.haml
1	1	app/views/advocates/claims/_expense_fields.html.haml
0	5	db/migrate/20150805190459_add_expense_reference_to_dates_attended.rb
8	0	db/migrate/20150807085212_alter_table_dates_attended.rb
5	6	db/schema.rb
3	3	lib/tasks/claims.rake
6	6	spec/api/v1/claims/date_attended_spec.rb
1	2	spec/factories/dates_attended.rb
3	30	spec/models/date_attended_spec.rb
2	2	spec/presenters/fee_presenter_spec.rb

--d86b4c121--2015-08-07--Alistair Laing
--35d7b415a--2015-08-07--Alistair Laing
36	0	app/assets/javascripts/advocates/claims/fee_calculator.js
77	9	app/assets/javascripts/advocates/claims/fee_section_display.js
1	1	app/controllers/vat_rates_controller.rb
2	0	app/models/claim.rb
1	1	app/views/advocates/claims/_form.html.haml
1	1	app/views/shared/_vat_summary.html.haml

--412c6c08d--2015-08-06--jsugarman
--99ca68319--2015-08-06--jsugarman
1	1	app/presenters/claim_presenter.rb
3	1	app/views/advocates/claims/_date_attended_fields.html.haml
9	8	app/views/advocates/claims/_expense_fields.html.haml
1	1	spec/presenters/claim_presenter_spec.rb

--fced59092--2015-08-06--Joel Sugarman
--21c2f84ec--2015-08-06--Himal Mandalia
0	0	app/views/case_workers/claims/{_claim_notes.html.haml => _caseworker_notes.html.haml}
2	2	app/views/case_workers/claims/show.html.haml
6	6	features/{claim_notes.feature => caseworker_notes.feature}
3	3	features/step_definitions/{claim_notes_steps.rb => caseworker_notes_steps.rb}
1	1	spec/controllers/advocates/claims_controller_spec.rb
1	1	spec/controllers/case_workers/claims_controller_spec.rb

--055cf0151--2015-08-06--Joel Sugarman
--f1f330673--2015-08-06--Alistair Laing
--f8a014fdd--2015-08-06--jsugarman
1	1	app/views/case_workers/admin/allocations/new.html.haml

--b2cdca68a--2015-08-06--Himal Mandalia
1	1	app/assets/stylesheets/form.scss
13	0	app/controllers/messages_controller.rb
1	1	app/models/ability.rb
18	0	app/models/message.rb
4	0	app/views/shared/_message.html.haml
1	0	app/views/shared/_messages.html.haml
4	1	config/routes.rb
11	0	db/migrate/20150805144206_add_attachment_attachment_to_messages.rb
5	1	db/schema.rb
19	0	spec/controllers/messages_controller_spec.rb
5	0	spec/factories/messages.rb
2	0	spec/models/ability_spec.rb
14	0	spec/models/message_spec.rb

--997f162af--2015-08-06--jsugarman
7	8	app/views/advocates/claims/_expense_fields.html.haml

--5b1fcf2fa--2015-08-06--Alistair Laing
--c526e5ced--2015-08-06--Alistair Laing
1	1	app/views/advocates/claims/_form.html.haml
1	20	app/views/shared/_summary.html.haml
19	0	app/views/shared/_vat_summary.html.haml

--f7366d660--2015-08-05--jsugarman
8	1	app/controllers/advocates/claims_controller.rb
11	1	app/models/date_attended.rb
4	0	app/models/expense.rb
19	13	app/views/advocates/claims/_expense_fields.html.haml
2	1	app/views/advocates/claims/_form.html.haml
5	0	db/migrate/20150805190459_add_expense_reference_to_dates_attended.rb
3	1	db/schema.rb
4	1	lib/tasks/claims.rake
0	1	spec/api/v1/claims/defendant_spec.rb
2	1	spec/factories/dates_attended.rb
31	2	spec/models/date_attended_spec.rb

--cd57d724c--2015-08-05--jsugarman
5	0	app/views/case_workers/admin/allocations/new.html.haml