--31cd29e2f--2015-08-10--Edward Andress
--00a5c4796--2015-08-10--Himal Mandalia
6	0	app/controllers/case_workers/claims_controller.rb
12	0	app/helpers/case_workers/claims_helper.rb
6	0	app/views/case_workers/claims/show.html.haml
2	2	app/views/shared/_claim.html.haml
35	0	features/claims_carousel.feature
36	0	features/step_definitions/claims_carousel_steps.rb

--9b0dfd012--2015-08-07--Edward Andress
--b3e9223f2--2015-08-07--Himal Mandalia
--7f8900bc8--2015-08-07--jsugarman
5	4	features/advocate_claims_list.feature
5	4	features/caseworker_claims_list.feature
1	5	features/step_definitions/advocate_claims_list_steps.rb
1	6	features/step_definitions/caseworker_claims_list_steps.rb

--22f9e76df--2015-08-07--Stephen Richards
17	17	features/sign_in.feature
0	3	features/step_definitions/sign_in_steps.rb

--17c30808b--2015-08-07--Stephen Richards
--3fbd1cf81--2015-08-07--Himal Mandalia
--233de9025--2015-08-07--Stephen Richards
1	1	.rspec
15	15	features/adp_date_fields.feature
1	0	features/step_definitions/adp_date_fields_steps.rb
0	1	spec/api/v1/claims/defendant_spec.rb
1	3	spec/controllers/case_workers/admin/case_workers_controller_spec.rb
0	1	spec/controllers/case_workers/claims_controller_spec.rb
3	3	spec/controllers/vat_rates_controller_spec.rb
1	1	spec/models/claim_spec.rb
6	6	spec/models/vat_rate_spec.rb
2	0	spec/rails_helper.rb
11	11	spec/spec_helper.rb

--a37f831a3--2015-08-07--jsugarman
0	2	app/interfaces/api/v1/advocates/expense.rb
5	0	db/migrate/20150807120316_remove_date_from_expenses.rb
1	2	db/schema.rb
3	3	spec/api/v1/claims/expense_spec.rb
0	1	spec/factories/expenses.rb

--f5365ee3f--2015-08-07--Stephen Richards
2	2	app/assets/javascripts/advocates/claims/fee_section_display.js
2	2	app/controllers/vat_rates_controller.rb
6	2	app/presenters/claim_presenter.rb
2	1	app/views/shared/_vat_summary.html.haml
7	7	spec/controllers/vat_rates_controller_spec.rb

--d86b4c121--2015-08-07--Alistair Laing
--35d7b415a--2015-08-07--Alistair Laing
36	0	app/assets/javascripts/advocates/claims/fee_calculator.js
77	9	app/assets/javascripts/advocates/claims/fee_section_display.js
1	1	app/controllers/vat_rates_controller.rb
2	0	app/models/claim.rb
1	1	app/views/advocates/claims/_form.html.haml
1	1	app/views/shared/_vat_summary.html.haml

--5b1fcf2fa--2015-08-06--Alistair Laing
--c526e5ced--2015-08-06--Alistair Laing
1	1	app/views/advocates/claims/_form.html.haml
1	20	app/views/shared/_summary.html.haml
19	0	app/views/shared/_vat_summary.html.haml