--d86b4c121--2015-08-07--Alistair Laing
--35d7b415a--2015-08-07--Alistair Laing
36	0	app/assets/javascripts/advocates/claims/fee_calculator.js
77	9	app/assets/javascripts/advocates/claims/fee_section_display.js
1	1	app/controllers/vat_rates_controller.rb
2	0	app/models/claim.rb
1	1	app/views/advocates/claims/_form.html.haml
1	1	app/views/shared/_vat_summary.html.haml

--fced59092--2015-08-06--Joel Sugarman
--21c2f84ec--2015-08-06--Himal Mandalia
0	0	app/views/case_workers/claims/{_claim_notes.html.haml => _caseworker_notes.html.haml}
2	2	app/views/case_workers/claims/show.html.haml
6	6	features/{claim_notes.feature => caseworker_notes.feature}
3	3	features/step_definitions/{claim_notes_steps.rb => caseworker_notes_steps.rb}
1	1	spec/controllers/advocates/claims_controller_spec.rb
1	1	spec/controllers/case_workers/claims_controller_spec.rb

--5b1fcf2fa--2015-08-06--Alistair Laing
--c526e5ced--2015-08-06--Alistair Laing
1	1	app/views/advocates/claims/_form.html.haml
1	20	app/views/shared/_summary.html.haml
19	0	app/views/shared/_vat_summary.html.haml