--f9178b622--2015-07-07--Joel Sugarman
--07db451db--2015-07-07--Himal Mandalia
--303d78f1f--2015-07-07--Himal Mandalia
--4f6df662f--2015-07-07--Himal Mandalia
1	1	features/claim_allocation.feature

--62423d5c2--2015-07-07--jsugarman
8	7	app/assets/javascripts/advocates/claims/fee_calculator.js
20	0	app/views/advocates/claims/_basic_fee_fields.html.haml
0	13	app/views/advocates/claims/_basic_fees.html.haml
1	1	app/views/advocates/claims/_expense_fields.html.haml
9	9	app/views/advocates/claims/_fee_fields.html.haml
3	4	app/views/advocates/claims/_form.html.haml
1	1	config/locales/en.yml
8	3	features/advocate_new_claim.feature
13	5	features/step_definitions/advocate_new_claim_steps.rb

--43608d77d--2015-07-07--Edward Andress
1	0	app/assets/javascripts/application.js
2	2	app/views/shared/_claim_status.html.haml

--2a063371e--2015-07-07--Himal Mandalia
--1881dab3a--2015-07-07--Himal Mandalia
4	0	app/controllers/case_workers/admin/allocations_controller.rb
41	1	app/views/case_workers/admin/allocations/new.html.haml
20	0	features/claim_allocation.feature
47	0	features/step_definitions/claim_allocation_steps.rb

--c4be85392--2015-07-07--Himal Mandalia
--07bd866d3--2015-07-06--jsugarman
1	1	lib/assets/data/fee_types.csv

--e686f4458--2015-07-06--Himal Mandalia
7	0	app/models/claim.rb
41	1	spec/models/claim_spec.rb

--6c5728d05--2015-07-06--Himal Mandalia
17	11	app/controllers/case_workers/admin/allocations_controller.rb

--899eb6960--2015-07-06--Himal Mandalia
1	0	app/assets/javascripts/application.js
15	0	app/assets/javascripts/select_all.js

--3575cea69--2015-07-06--jsugarman
1	1	app/views/shared/_claim.html.haml
8	0	config/initializers/date_time.rb
6	0	config/locales/en.yml