--4767acdcd--2015-07-06--Himal Mandalia
--4c0a93566--2015-07-06--Edward Andress
--ce4dc6afc--2015-07-06--Himal Mandalia
--ee9d1fc8c--2015-07-06--Himal Mandalia
10	2	features/claim_allocation.feature
25	4	features/step_definitions/claim_allocation_steps.rb

--d29f4b93f--2015-07-06--jsugarman
5	6	app/assets/javascripts/advocates/claims/fee_calculator.js
9	0	features/advocate_new_claim.feature
14	1	features/step_definitions/advocate_new_claim_steps.rb
0	4	spec/factories/fee_types.rb

--9b2a6e385--2015-07-06--Edward Andress
3	3	app/views/shared/_claim.html.haml

--c0ce6f6b9--2015-07-06--jsugarman
15	3	app/assets/javascripts/advocates/claims/fee_calculator.js
2	0	app/views/advocates/claims/_basic_fees.html.haml
2	0	app/views/advocates/claims/_form.html.haml
1	1	config/locales/en.yml

--2bb32c08f--2015-07-06--Himal Mandalia
--3f4c5b6ca--2015-07-06--Joel Sugarman
--4c577a7db--2015-07-05--jsugarman
1	1	app/models/claim.rb
10	3	app/models/fee.rb
2	2	app/models/fee_type.rb
2	1	config/locales/en.yml
5	0	db/migrate/20150703112739_add_quantity_modifier_to_fee_types.rb
2	1	db/schema.rb
2	3	db/seeds/fee_types.rb
1	1	features/cracked_trial.feature
7	7	lib/assets/data/fee_types.csv
7	6	spec/controllers/advocates/claims_controller_spec.rb
4	0	spec/factories/fee_types.rb
9	9	spec/models/claim_spec.rb
30	7	spec/models/fee_spec.rb
9	4	spec/models/fee_type_spec.rb

--f70304b1a--2015-07-03--Himal Mandalia
9	0	app/controllers/case_workers/admin/allocations_controller.rb
4	4	app/views/case_workers/admin/allocations/new.html.haml

--997082e90--2015-07-03--Himal Mandalia
1	1	spec/controllers/case_workers/admin/allocations_controller_spec.rb

--9120579bd--2015-07-03--Himal Mandalia
6	1	app/controllers/case_workers/admin/allocations_controller.rb
13	0	app/views/case_workers/admin/allocations/_allocated_summary.html.haml
4	1	app/views/case_workers/admin/allocations/new.html.haml
9	19	features/claim_allocation.feature
22	38	features/step_definitions/claim_allocation_steps.rb

--d90dd3fae--2015-07-03--Edward Andress
--11c882d6d--2015-07-03--Himal Mandalia
1	1	spec/controllers/case_workers/admin/allocations_controller_spec.rb

--f2b77a122--2015-07-03--Himal Mandalia
10	5	app/views/case_workers/admin/allocations/new.html.haml

--860cee996--2015-07-03--Himal Mandalia
35	0	app/controllers/case_workers/admin/allocations_controller.rb
1	0	app/models/ability.rb
30	0	app/models/allocation.rb
50	0	app/views/case_workers/admin/allocations/new.html.haml
4	0	config/routes.rb
71	0	spec/controllers/case_workers/admin/allocations_controller_spec.rb
12	0	spec/models/ability_spec.rb
54	0	spec/models/allocation_spec.rb