--a24d47957--2015-07-02--Joel Sugarman
--6c71c3bd0--2015-07-02--Himal Mandalia
--2e1fc9eae--2015-07-02--Benedetto Lo Giudice
1	1	.ruby-version
1	1	Gemfile
32	7	docker/Dockerfile

--37a3d60ae--2015-07-02--Himal Mandalia
--d7e9d60f9--2015-07-02--Himal Mandalia
--65d8dea13--2015-07-02--Himal Mandalia
--df9a01152--2015-07-02--Himal Mandalia
11	2	features/step_definitions/advocate_new_claim_steps.rb

--0c2da741e--2015-07-02--Himal Mandalia
2	2	app/views/advocates/claims/_date_attended_fields.html.haml
1	1	app/views/advocates/claims/_defendant_fields.html.haml
1	1	app/views/advocates/claims/_representation_order_fields.html.haml

--212d0fdf7--2015-07-02--Himal Mandalia
6	23	app/controllers/concerns/date_param_processor.rb

--9eb92bdb3--2015-07-02--Himal Mandalia
1	2	app/controllers/advocates/claims_controller.rb

--1d97a112c--2015-07-02--Himal Mandalia
5	8	app/form_builders/adp_date_fields.rb
1	31	app/form_builders/adp_form_builder.rb

--4dc68f2b7--2015-07-02--Edward Andress
1	0	app/models/scheme.rb
7	0	db/migrate/20150702103451_add_vat_rate_and_dates_to_schemes.rb
4	1	db/schema.rb
1	0	spec/models/scheme_spec.rb

--81a3c6478--2015-07-01--Himal Mandalia
4	0	app/controllers/advocates/claims_controller.rb
52	0	app/controllers/concerns/date_param_processor.rb
2	2	app/views/advocates/claims/_form.html.haml
29	0	features/adp_date_fields.feature
12	0	features/step_definitions/adp_date_fields_steps.rb

--88b086385--2015-07-01--Himal Mandalia
49	0	app/form_builders/adp_date_fields.rb
40	0	app/form_builders/adp_form_builder.rb

--67fe2e796--2015-07-01--jsugarman
0	34	app/controllers/representation_orders_controller.rb
0	4	app/models/ability.rb
0	4	config/routes.rb
4	4	features/advocate_new_claim.feature
1	1	features/step_definitions/advocate_new_claim_steps.rb
0	1	spec/factories/representation_orders.rb

--6c22010db--2015-07-01--Himal Mandalia
--22835f89b--2015-07-01--jsugarman
1	0	app/controllers/advocates/claims_controller.rb
1	0	app/models/claim.rb
3	0	app/views/advocates/claims/_form.html.haml
1	0	config/locales/en.yml
5	0	db/migrate/20150701104143_add_trial_concluded_at_to_claims.rb
2	1	db/schema.rb
1	0	spec/controllers/advocates/claims_controller_spec.rb
1	0	spec/factories/claims.rb
1	0	spec/models/claim_spec.rb

--d58a7ad06--2015-07-01--Himal Mandalia
--bd102b9f0--2015-06-30--Edward Andress
--7f223186c--2015-06-30--Edward Andress
19	4	app/models/claim.rb
8	15	spec/models/claim_spec.rb

--cf928d0bc--2015-06-30--Edward Andress
0	17	app/models/claim.rb

--e0868f073--2015-06-30--Edward Andress
10	2	app/models/claim.rb
0	31	spec/models/claim_spec.rb
22	3	spec/presenters/claim_presenter_spec.rb

--f7f337a82--2015-06-30--Himal Mandalia
7	1	app/models/case_worker.rb
0	6	app/models/case_worker_claim.rb
2	2	spec/models/claim_spec.rb

--8ff735c97--2015-06-29--Edward Andress
1	6	app/models/claim.rb
1	0	app/models/claims/state_machine.rb

--438bcae91--2015-06-29--Edward Andress
1	29	app/models/claim.rb
27	0	app/models/claims/calculations.rb
1	1	app/presenters/claim_presenter.rb

--718b6f70a--2015-06-29--Edward Andress
15	5	app/models/claim.rb

--a9a50061f--2015-06-29--Edward Andress
2	2	app/assets/javascripts/advocates/claims/dynamic-offence-list.js
2	2	app/assets/javascripts/advocates/claims/fee_calculator.js
2	2	app/assets/javascripts/application.js
2	2	app/assets/javascripts/fileinput.js
1	1	app/assets/javascripts/judicialapportionment.js

--27b1c89d4--2015-06-25--jsugarman
1	1	features/claim_allocation.feature
0	5	features/step_definitions/advocate_claims_list_steps.rb
0	11	features/step_definitions/caseworker_claims_list_steps.rb
0	5	features/step_definitions/claim_allocation_steps.rb
43	0	features/step_definitions/shared/sign_in_steps.rb
0	26	features/step_definitions/sign_in_steps.rb