--71607df50--2015-06-16--Stephen Richards
--fc4067a6b--2015-06-16--Stephen Richards
--c1808647b--2015-06-16--Benedetto Lo Giudice
2	1	app/controllers/ping_controller.rb

--d700ca76e--2015-06-16--Benedetto Lo Giudice
1	0	docker/run.sh

--7727a3edc--2015-06-16--Mark Ford
2	2	app/views/advocates/claims/_fee_fields.html.haml

--ed995001d--2015-06-16--Stephen Richards
--1aaee1478--2015-06-16--Edward Andress
0	2	app/assets/javascripts/fileinput.js
1	1	app/controllers/advocates/claims_controller.rb
0	2	app/models/representation_order.rb
0	7	app/views/advocates/claims/_representation_order_fields.html.haml
0	4	app/views/shared/_claim.html.haml
0	1	features/advocate_new_claim.feature
1	2	features/step_definitions/advocate_new_claim_steps.rb
1	2	spec/controllers/advocates/claims_controller_spec.rb
0	1	spec/factories/representation_orders.rb
0	7	spec/models/representation_order_spec.rb

--281f17577--2015-06-16--Himal Mandalia
--c25bc1223--2015-06-16--Mark Ford
--3c4340518--2015-06-16--Joel Sugarman
--5a181b705--2015-06-16--Himal Mandalia
28	12	app/controllers/advocates/claims_controller.rb

--482229432--2015-06-16--Edward Andress
2	2	app/views/advocates/claims/_representation_order_fields.html.haml
1	1	app/views/shared/_claim.html.haml

--7901b0b26--2015-06-16--Stephen Richards
0	3	Gemfile.lock
1	1	app/views/advocates/claims/_expense_fields.html.haml
2	1	db/schema.rb
3	3	features/step_definitions/advocate_new_claim_steps.rb

--e07c17723--2015-06-16--Himal Mandalia
--f524b9a51--2015-06-15--Himal Mandalia
50	30	app/controllers/advocates/claims_controller.rb
3	2	app/controllers/api/advocates/claims_controller.rb
1	1	app/models/ability.rb
19	19	app/models/claim.rb
1	1	app/models/claims/state_machine.rb
6	5	app/models/defendant.rb
3	2	app/models/representation_order.rb
4	2	app/views/advocates/claims/_form.html.haml
15	0	app/views/advocates/claims/confirmation.html.haml
0	25	app/views/advocates/claims/summary.html.haml
8	4	app/views/shared/_claim.html.haml
0	1	config/routes.rb
53	27	features/advocate_new_claim.feature
57	19	features/step_definitions/advocate_new_claim_steps.rb
64	34	spec/controllers/advocates/claims_controller_spec.rb
45	31	spec/models/claim_spec.rb
47	21	spec/models/defendant_spec.rb

--ae236f73a--2015-06-16--Stephen Richards
--f642033b5--2015-06-15--Stephen Richards
0	3	Gemfile.lock
1	1	app/controllers/case_workers/admin/case_workers_controller.rb
10	0	app/helpers/claims_helper.rb
4	0	app/models/claim.rb
16	14	app/views/case_workers/admin/case_workers/_claim.html.haml
3	3	app/views/case_workers/admin/case_workers/allocate.html.haml
7	3	config/unicorn.rb
25	2	spec/helpers/claims_helper_spec.rb
17	0	spec/models/claim_spec.rb

--fa1f31911--2015-06-16--Stephen Richards
--702b2cdbe--2015-06-16--jsugarman
3	3	db/seeds/document_types.rb
9	9	db/seeds/evidence_list_items.rb

--2f4c9e676--2015-06-16--Edward Andress
4	0	app/views/shared/_claim.html.haml

--7e3a220c4--2015-06-16--Stephen Richards
14	0	app/controllers/ping_controller.rb
2	2	config/routes.rb

--b29b07444--2015-06-16--Stephen Richards
--d23829ad6--2015-06-16--Benedetto Lo Giudice
--f06529f5a--2015-06-16--jsugarman
25	25	spec/models/evidence_list_item_spec.rb

--b4713ff14--2015-06-16--jsugarman
1	1	spec/models/evidence_list_item_claim_spec.rb
1	1	spec/models/evidence_list_item_spec.rb

--b818d098e--2015-06-16--Mark Ford
3	0	Gemfile.lock
6	1	app/assets/javascripts/advocates/claims/fee_calculator.js
20	1	app/assets/stylesheets/form.scss
9	7	app/views/advocates/claims/_date_attended_fields.html.haml
9	14	app/views/advocates/claims/_expense_fields.html.haml
10	14	app/views/advocates/claims/_fee_fields.html.haml
27	8	app/views/advocates/claims/_form.html.haml

--3831a76c3--2015-06-16--Himal Mandalia
--476c6f8c5--2015-06-15--Edward Andress
2	0	app/assets/javascripts/fileinput.js
1	1	app/controllers/advocates/claims_controller.rb
2	0	app/models/representation_order.rb
0	2	app/views/advocates/claims/_defendant_fields.html.haml
6	0	app/views/advocates/claims/_representation_order_fields.html.haml
5	0	db/migrate/20150615132927_add_granting_body_to_representation_orders.rb
2	1	db/schema.rb
1	0	features/advocate_new_claim.feature
2	1	features/step_definitions/advocate_new_claim_steps.rb
2	1	spec/controllers/advocates/claims_controller_spec.rb
1	0	spec/factories/representation_orders.rb
7	0	spec/models/representation_order_spec.rb

--2aa892506--2015-06-15--Stephen Richards
2	1	config/environments/production.rb

--2a0c4187f--2015-06-15--Stephen Richards
--489195c06--2015-06-15--jsugarman
11	3	features/claim_evidence_checklist.feature
1	0	features/step_definitions/advocate_new_claim_steps.rb
3	6	features/step_definitions/claim_evidence_checklist_steps.rb
29	5	spec/controllers/advocates/claims_controller_spec.rb

--516293a10--2015-06-15--Mark Ford
1	0	app/assets/javascripts/application.js

--b2f1d1e0d--2015-06-15--Stephen Richards
--5c2a6c93e--2015-06-15--jsugarman
11	11	app/models/claim.rb
0	1	app/views/layouts/advocate.html.haml
0	1	app/views/layouts/application.html.haml
0	1	app/views/layouts/case_worker.html.haml

--c8ccb2ac3--2015-06-15--Mark Ford
1	0	app/assets/stylesheets/form.scss

--77615e25b--2015-06-15--jsugarman
--7df6bff7f--2015-06-10--jsugarman
3	1	app/controllers/advocates/claims_controller.rb
5	3	app/models/claim.rb
9	0	app/models/evidence_list_item.rb
8	0	app/models/evidence_list_item_claim.rb
15	0	app/views/advocates/claims/_evidence_list_item_fields.html.haml
5	1	app/views/advocates/claims/_form.html.haml
1	1	app/views/advocates/claims/show.html.haml
0	11	app/views/case_workers/claims/_evidence_list.html.haml
1	1	app/views/case_workers/claims/show.html.haml
1	0	app/views/layouts/advocate.html.haml
1	0	app/views/layouts/application.html.haml
1	0	app/views/layouts/case_worker.html.haml
16	0	app/views/shared/_evidence_checklist.html.haml
3	2	app/views/{advocates/claims => shared}/_evidence_list.html.haml
11	0	db/migrate/20150610141015_create_evidence_list_items.rb
15	0	db/migrate/20150610154552_create_evidence_list_item_claims.rb
20	1	db/schema.rb
1	0	db/seeds.rb
1	0	db/seeds/document_types.rb
10	0	db/seeds/evidence_list_items.rb
19	0	features/claim_evidence_checklist.feature
12	6	features/step_definitions/advocate_new_claim_steps.rb
23	0	features/step_definitions/claim_evidence_checklist_steps.rb
31	8	lib/tasks/claims.rake
2	1	spec/controllers/advocates/claims_controller_spec.rb
6	0	spec/factories/evidence_list_item_claims.rb
10	0	spec/factories/evidence_list_items.rb
3	0	spec/models/claim_spec.rb
22	0	spec/models/evidence_list_item_claim_spec.rb
43	0	spec/models/evidence_list_item_spec.rb

--035dd1772--2015-06-11--Benedetto Lo Giudice
3	1	config/routes.rb
4	0	docker/run.sh