--1c4737a67--2015-06-08--Stephen Richards
--58a1f4d85--2015-06-08--jsugarman
6	4	app/views/advocates/claims/_claims.html.haml
13	0	features/advocate_claims_list.feature
15	1	features/step_definitions/advocate_claims_list_steps.rb

--27e0bf130--2015-06-08--Himal Mandalia
--eb506f1f4--2015-06-08--Stephen Richards
--7559ca118--2015-06-06--Himal Mandalia
30	0	spec/models/user_message_status_spec.rb

--1402293bc--2015-06-06--Himal Mandalia
5	0	app/controllers/user_message_statuses_controller.rb
37	0	spec/controllers/user_message_statuses_controller_spec.rb

--a705714b5--2015-06-05--Himal Mandalia
1	1	app/controllers/messages_controller.rb

--cfc1789bc--2015-06-05--Himal Mandalia
1	1	spec/controllers/messages_controller_spec.rb

--9d9c241e2--2015-06-05--Himal Mandalia
1	1	app/controllers/messages_controller.rb
1	1	app/models/message.rb

--64f21bb0d--2015-06-05--Himal Mandalia
1	1	app/views/case_workers/claims/_claim.html.haml
20	0	app/views/user_message_statuses/index.html.haml

--af6e11a4f--2015-06-05--Himal Mandalia
2	2	features/claim_messages.feature
1	1	features/step_definitions/claim_messages_steps.rb

--60de75ee3--2015-06-05--Himal Mandalia
6	0	app/controllers/application_controller.rb
18	0	app/controllers/user_message_statuses_controller.rb
4	2	app/models/message.rb
9	0	app/models/user_message_status.rb
5	0	app/views/layouts/_user.html.haml
17	0	app/views/shared/_message.html.haml
1	12	app/views/shared/_messages.html.haml
3	0	app/views/user_message_statuses/update.js.erb
1	0	config/routes.rb
1	1	spec/models/message_spec.rb

--8c8ae20c1--2015-06-05--Mark Ford
2	0	app/views/layouts/advocate.html.haml
2	0	app/views/layouts/application.html.haml
2	0	app/views/layouts/case_worker.html.haml

--93feda4ca--2015-06-05--Himal Mandalia
2	2	app/views/layouts/advocate.html.haml
2	2	app/views/layouts/application.html.haml
2	2	app/views/layouts/case_worker.html.haml
1	11	db/schema.rb

--b4dbeca65--2015-06-05--Himal Mandalia
12	0	app/models/case_worker_claim.rb
25	1	app/models/message.rb
1	0	app/models/user.rb
6	0	app/models/user_message_status.rb
12	0	db/migrate/20150604143054_create_user_message_statuses.rb
13	1	db/schema.rb
11	0	spec/factories/user_message_statuses.rb
29	0	spec/models/message_spec.rb
9	0	spec/models/user_message_status_spec.rb
1	0	spec/models/user_spec.rb

--02b48ea8c--2015-06-04--Mark Ford
2	2	app/views/layouts/advocate.html.haml
2	2	app/views/layouts/application.html.haml
2	2	app/views/layouts/case_worker.html.haml

--817686946--2015-06-04--Mark Ford
71	30	app/views/case_workers/claims/_advonote.html.haml

--df2c9bf92--2015-06-01--Mark Ford
1	1	app/assets/stylesheets/communication-tool.scss

--12ef473b9--2015-05-29--Mark Ford
4	37	app/assets/stylesheets/claim-accordion.scss
59	0	app/assets/stylesheets/communication-tool.scss
1	0	app/assets/stylesheets/imports.scss
25	0	app/assets/stylesheets/layout.scss
50	33	app/views/advocates/claims/_advonote.html.haml
5	5	app/views/case_workers/claims/_advonote.html.haml
6	1	app/views/layouts/advocate.html.haml
6	2	app/views/layouts/application.html.haml
6	1	app/views/layouts/case_worker.html.haml