--9b03c87f8--2015-06-08--Himal Mandalia
--a6033a7d0--2015-06-08--Himal Mandalia
1	1	app/views/case_workers/claims/_claim.html.haml

--2817651ab--2015-06-05--jsugarman
4	6	app/views/case_workers/claims/_claim_status.html.haml
1	1	features/advocate_claims_list.feature
23	0	features/claim_status.feature
1	1	features/step_definitions/advocate_claims_list_steps.rb
28	0	features/step_definitions/claim_status_steps.rb
0	3	spec/models/claims/state_machine_spec.rb

--2a9415154--2015-06-05--Stephen Richards
1	1	app/controllers/case_workers/claims_controller.rb
6	0	app/models/claim.rb
0	1	app/models/claims/state_machine.rb
13	0	spec/models/claim_spec.rb

--0ff6f1565--2015-06-04--Mark Ford
9	7	app/views/advocates/claims/_claim_status.html.haml

--cdadc9a96--2015-06-04--Stephen Richards
13	11	app/views/advocates/claims/_claim_status.html.haml

--08788989c--2015-06-04--Edward Andress
--a4b727a8f--2015-06-04--jsugarman
8	19	features/caseworker_claims_list.feature

--8c7dbacb1--2015-06-04--Mark Ford
18	0	app/assets/javascripts/amountassessed.js
6	5	app/views/case_workers/claims/_claim_status.html.haml

--97752d29a--2015-06-04--Mark Ford
10	2	app/assets/stylesheets/claim-accordion.scss
25	22	app/views/case_workers/claims/_claim_status.html.haml

--ed1b9a8c4--2015-06-04--Himal Mandalia
--58fb44f0a--2015-06-03--jsugarman
1	0	app/assets/stylesheets/imports.scss
12	0	app/assets/stylesheets/search-options.scss
2	1	app/controllers/case_workers/claims_controller.rb
7	0	app/views/case_workers/claims/_search_options.html.haml
3	6	app/views/case_workers/claims/index.html.haml
9	7	features/advocate_claims_list.feature
31	2	features/caseworker_claims_list.feature
0	1	features/step_definitions/advocate_claims_list_steps.rb
27	5	features/step_definitions/caseworker_claims_list_steps.rb
17	5	spec/controllers/case_workers/claims_controller_spec.rb

--43808ec01--2015-06-04--Edward Andress
--3f27970fb--2015-06-04--Himal Mandalia
2	2	features/step_definitions/claim_allocation_steps.rb

--d8cae3ec9--2015-06-04--Mark Ford
18	12	app/assets/stylesheets/claims-list.scss
12	15	app/views/case_workers/admin/case_workers/_claim.html.haml
16	5	app/views/case_workers/admin/case_workers/allocate.html.haml

--3f058a364--2015-06-04--Stephen Richards
--06c95fce1--2015-06-04--Mark Ford
--810364801--2015-06-04--Mark Ford
17	90	app/views/case_workers/admin/case_workers/_claim.html.haml

--f80e28f98--2015-06-04--Himal Mandalia
--f5e43effa--2015-06-03--Stephen Richards
9	7	app/controllers/case_workers/claims_controller.rb
42	2	app/models/claim.rb
12	10	app/views/case_workers/claims/_claim_status.html.haml
0	5	db/migrate/20150601163137_add_payment_status_to_claim.rb
0	1	db/schema.rb
11	6	spec/factories/claims.rb
89	1	spec/models/claim_spec.rb
3	2	spec/models/claims/financial_summary_spec.rb
65	13	spec/models/claims/state_machine_spec.rb

--aa279c206--2015-06-03--Himal Mandalia
1	1	app/views/case_workers/claims/_claim.html.haml

--d16e43fa7--2015-06-03--Mark Ford
29	17	app/views/case_workers/claims/_claim.html.haml

--845c04a86--2015-06-03--Joel Sugarman
--4e3d05f1e--2015-06-03--Himal Mandalia
--16b0a4ed4--2015-06-03--Stephen Richards
--76f83af12--2015-06-03--Joel Sugarman
--ac8ead6b6--2015-06-03--Stephen Richards
--efa4e6b86--2015-06-03--Himal Mandalia
7	0	db/seeds/schemes.rb

--688b6ceaa--2015-06-03--Himal Mandalia
1	7	app/controllers/advocates/claims_controller.rb
8	0	app/models/date_attended.rb
1	1	app/views/advocates/claims/_fee_fields.html.haml
4	0	app/views/shared/_summary.html.haml
18	0	spec/models/date_attended_spec.rb

--b6b7aa70b--2015-06-02--jsugarman
0	9	app/assets/javascripts/application.js
2	1	app/assets/stylesheets/advocates/application.css.scss
3	7	app/assets/stylesheets/claim-accordion.scss
3	3	app/assets/stylesheets/claims-list.scss
2	1	app/controllers/advocates/claims_controller.rb
22	1	app/models/claim.rb
5	0	app/views/advocates/claims/_search_options.html.haml
3	5	app/views/advocates/claims/index.html.haml
58	56	app/views/case_workers/claims/_claim.html.haml
9	2	db/seeds/courts.rb
28	0	features/advocate_claims_list.feature
46	3	features/step_definitions/advocate_claims_list_steps.rb
1	1	features/step_definitions/advocate_new_claim_steps.rb
1	0	lib/assets/data/crown_courts.csv
46	1	spec/models/claim_spec.rb

--7ef5a6827--2015-06-03--Himal Mandalia
1	1	app/views/advocates/claims/_form.html.haml
1	1	app/views/advocates/claims/summary.html.haml
1	1	features/step_definitions/advocate_new_claim_steps.rb

--25b79800c--2015-06-03--Himal Mandalia
6	1	app/views/shared/_summary.html.haml

--bcf72be50--2015-06-03--Himal Mandalia
14	2	db/seeds/expense_types.rb

--b0f88b2f3--2015-06-02--Himal Mandalia
--716c2bb35--2015-06-02--Himal Mandalia
--a78be1958--2015-06-02--Eddie Andress
9	2	db/seeds/courts.rb
1	0	lib/assets/data/crown_courts.csv

--43c65663d--2015-06-02--Himal Mandalia
55	5	app/controllers/advocates/claims_controller.rb
17	0	app/models/date_attended.rb
3	0	app/models/fee.rb
8	0	app/views/advocates/claims/_date_attended_fields.html.haml
5	0	app/views/advocates/claims/_fee_fields.html.haml
7	6	config/initializers/inflections.rb
10	0	db/migrate/20150602131128_create_dates_attended.rb
5	0	db/migrate/20150602150201_add_date_to_to_dates_attended.rb
11	1	db/schema.rb
18	0	spec/factories/dates_attended.rb
18	0	spec/models/date_attended_spec.rb
4	0	spec/models/fee_spec.rb

--369c842c9--2015-06-02--Mark Ford
3	7	app/assets/stylesheets/claim-accordion.scss
1	1	app/assets/stylesheets/claims-list.scss
3	3	app/views/case_workers/claims/_claim.html.haml

--e118efede--2015-06-02--Himal Mandalia
--e9ffa2068--2015-06-02--Eddie Andress
2	10	db/seeds/courts.rb

--c7cb6c23d--2015-06-02--Edward Andress
--0c25a7591--2015-06-02--Eddie Andress
--6c1e49c5b--2015-06-02--Eddie Andress
--341dbd0fa--2015-06-02--Edward Andress
--e7852f543--2015-06-02--jsugarman
14	1	app/models/claim.rb
1	1	features/step_definitions/advocate_new_claim_steps.rb
15	1	spec/models/claim_spec.rb

--af2026a81--2015-06-02--Stephen Richards
9	0	db/migrate/20150602101638_add_default_value_to_amount_assessed.rb
2	2	db/schema.rb

--7f6889d4a--2015-06-02--Himal Mandalia
90	0	app/views/case_workers/admin/case_workers/_claim.html.haml
1	1	app/views/case_workers/admin/case_workers/allocate.html.haml

--d71b0f9f4--2015-06-02--Stephen Richards
30	11	app/views/advocates/claims/_claim_status.html.haml
1	1	app/views/case_workers/claims/_claim_status.html.haml

--a107ba501--2015-06-02--Joel Sugarman
--e7742334f--2015-06-02--Himal Mandalia
--ed2bfb6a6--2015-06-02--Mark Ford
2	2	app/assets/stylesheets/claims-list.scss
55	53	app/views/case_workers/claims/_claim.html.haml

--1fd497059--2015-06-02--Mark Ford
0	9	app/assets/javascripts/application.js

--0dd7fa611--2015-06-02--Stephen Richards
2	6	lib/tasks/claims.rake

--ac03cdd1a--2015-06-02--Himal Mandalia
1	1	app/models/claim.rb
1	1	app/views/advocates/claims/_form.html.haml
1	1	spec/models/claim_spec.rb

--182c01e43--2015-06-02--Himal Mandalia
--ff71b9447--2015-06-02--Himal Mandalia
1	9	app/views/advocates/claims/_form.html.haml
1	1	features/step_definitions/advocate_new_claim_steps.rb

--ce098d060--2015-06-02--Stephen Richards
14	0	app/controllers/case_workers/claims_controller.rb
1	0	app/models/claim.rb
30	19	app/views/case_workers/claims/_claim_status.html.haml
1	1	config/routes.rb
5	0	db/migrate/20150601163137_add_payment_status_to_claim.rb
2	1	db/schema.rb
2	0	spec/models/claim_spec.rb

--f27790771--2015-06-02--jsugarman
0	2	app/views/case_workers/claims/index.html.haml
5	5	features/caseworker_claims_list.feature
5	10	features/step_definitions/caseworker_claims_list_steps.rb

--60c3684e4--2015-06-02--Stephen Richards
--080fff60e--2015-06-02--Himal Mandalia
1	1	app/models/claim.rb
1	1	features/step_definitions/advocate_new_claim_steps.rb
1	1	spec/controllers/advocates/claims_controller_spec.rb
1	1	spec/factories/claims.rb
1	1	spec/models/claim_spec.rb

--1f60dd0ae--2015-06-01--Edward Andress
--710b8faa7--2015-06-01--Himal Mandalia
1	1	db/seeds/advocates.rb
2	2	db/seeds/case_workers.rb

--fa297d08a--2015-06-01--jsugarman
--2d287e002--2015-06-01--jsugarman
8	3	lib/tasks/claims.rake

--71bde7f22--2015-06-01--jsugarman
--3dfaec747--2015-06-01--jsugarman
--2f6d483c9--2015-06-01--Eddie Andress
3	2	app/views/advocates/claims/_claims.html.haml

--1eb83638c--2015-06-01--Eddie Andress
3	2	app/views/advocates/claims/_claims.html.haml
15	3	features/advocate_claims_list.feature
13	1	features/step_definitions/advocate_claims_list_steps.rb

--59c0ffc13--2015-06-01--jsugarman
--3925121ea--2015-06-01--jsugarman
9	3	lib/tasks/claims.rake
9	1	spec/factories/advocates.rb
10	1	spec/factories/claims.rb