--448af2b75--2015-06-01--Eddie Andress
--108674146--2015-05-29--Eddie Andress
5	1	app/views/advocates/claims/_claims.html.haml
12	0	features/advocate_claims_list.feature
26	1	features/step_definitions/advocate_claims_list_steps.rb
0	1	spec/factories/claims.rb
1	0	spec/factories/fees.rb

--880b551f2--2015-05-29--Stephen Richards
1	0	app/models/claim.rb
5	0	db/migrate/20150529152928_add_amount_assessed_to_claim.rb
2	1	db/schema.rb
1	0	spec/models/claim_spec.rb

--2340f9281--2015-05-28--jsugarman
1	0	app/controllers/advocates/claims_controller.rb
1	1	app/models/claims/state_machine.rb
2	6	app/views/advocates/claims/index.html.haml
0	1	features/advocate_claims_list.feature
4	0	spec/controllers/advocates/claims_controller_spec.rb

--a6f809a3c--2015-05-28--jsugarman
1	0	app/models/claims/state_machine.rb
6	6	app/views/advocates/claims/index.html.haml
13	0	features/advocate_claims_list.feature
6	0	features/step_definitions/advocate_claims_list_steps.rb

--4d7f8af11--2015-06-01--Himal Mandalia
--eebc13229--2015-06-01--Stephen Richards
1	0	Gemfile
4	0	Gemfile.lock
12	0	app/models/advocate.rb
10	0	app/models/case_worker.rb
11	0	app/models/case_worker_claim.rb
12	0	app/models/chamber.rb
33	0	app/models/claim.rb
12	0	app/models/court.rb
17	0	app/models/defendant.rb
21	0	app/models/document.rb
10	0	app/models/document_type.rb
17	0	app/models/expense.rb
10	0	app/models/expense_type.rb
11	0	app/models/feature.rb
14	0	app/models/fee.rb
11	0	app/models/fee_category.rb
13	1	app/models/fee_type.rb
13	0	app/models/message.rb
11	0	app/models/offence.rb
11	0	app/models/offence_class.rb
10	0	app/models/scheme.rb
23	0	app/models/user.rb
2	1	db/schema.rb
12	0	spec/factories/advocates.rb
11	0	spec/factories/case_worker_claims.rb
10	0	spec/factories/case_workers.rb
12	0	spec/factories/chambers.rb
33	0	spec/factories/claims.rb
12	0	spec/factories/courts.rb
17	0	spec/factories/defendants.rb
10	0	spec/factories/document_types.rb
21	0	spec/factories/documents.rb
10	0	spec/factories/expense_types.rb
17	0	spec/factories/expenses.rb
11	0	spec/factories/fee_categories.rb
12	0	spec/factories/fee_types.rb
14	0	spec/factories/fees.rb
13	0	spec/factories/messages.rb
11	0	spec/factories/offence_classes.rb
11	0	spec/factories/offences.rb
10	0	spec/factories/schemes.rb
23	0	spec/factories/users.rb
12	0	spec/models/advocate_spec.rb
11	0	spec/models/case_worker_claim_spec.rb
10	0	spec/models/case_worker_spec.rb
12	0	spec/models/chamber_spec.rb
33	0	spec/models/claim_spec.rb
12	0	spec/models/court_spec.rb
17	0	spec/models/defendant_spec.rb
21	0	spec/models/document_spec.rb
10	0	spec/models/document_type_spec.rb
17	0	spec/models/expense_spec.rb
10	0	spec/models/expense_type_spec.rb
11	0	spec/models/fee_category_spec.rb
14	0	spec/models/fee_spec.rb
12	0	spec/models/fee_type_spec.rb
13	0	spec/models/message_spec.rb
11	0	spec/models/offence_class_spec.rb
11	0	spec/models/offence_spec.rb
10	0	spec/models/scheme_spec.rb
23	0	spec/models/user_spec.rb

--9209e68d9--2015-06-01--Stephen Richards
--bac19fdf4--2015-05-29--Himal Mandalia
--7c661f674--2015-05-29--Himal Mandalia
5	1	app/views/case_workers/claims/_summary.html.haml

--ebe945caa--2015-05-29--Himal Mandalia
0	31	app/views/case_workers/claims/_payments.html.haml
66	0	app/views/case_workers/claims/_summary.html.haml
1	1	app/views/case_workers/claims/show.html.haml

--768cc855b--2015-05-29--Stephen Richards
9	1	app/controllers/advocates/claims_controller.rb
18	0	features/advocate_new_claim.feature
31	0	features/step_definitions/advocate_new_claim_steps.rb

--98674de28--2015-05-29--Edward Andress
--db0e969f6--2015-05-29--Edward Andress
--0f3440c26--2015-05-29--Eddie Andress
--8b0047308--2015-05-29--Stephen Richards
5	1	app/controllers/advocates/claims_controller.rb
14	0	app/models/advocate.rb
4	0	app/views/advocates/claims/_form.html.haml
47	0	spec/models/advocate_spec.rb

--966f73a39--2015-05-29--Himal Mandalia
1	1	app/views/advocates/claims/_claims.html.haml
5	0	app/views/advocates/claims/show.html.haml
5	0	app/views/case_workers/claims/show.html.haml

--f4cebb451--2015-05-29--Himal Mandalia
--a2c495d0e--2015-05-29--Himal Mandalia
2	6	app/controllers/advocates/claims_controller.rb
1	1	app/models/claim.rb
8	2	app/models/claims/state_machine.rb
2	3	app/views/advocates/claims/_claims.html.haml
8	18	spec/controllers/advocates/claims_controller_spec.rb
21	2	spec/models/claims/state_machine_scopes_spec.rb

--42adb6eae--2015-05-29--jsugarman
1	1	features/step_definitions/view_claim_evidence_steps.rb

--37f1f396e--2015-05-29--jsugarman
--93606f981--2015-05-28--jsugarman
1	0	app/controllers/advocates/claims_controller.rb
1	1	app/models/claims/state_machine.rb
2	6	app/views/advocates/claims/index.html.haml
0	1	features/advocate_claims_list.feature
4	0	spec/controllers/advocates/claims_controller_spec.rb

--ec0ca852b--2015-05-28--jsugarman
1	0	app/models/claims/state_machine.rb
6	6	app/views/advocates/claims/index.html.haml
13	0	features/advocate_claims_list.feature
6	0	features/step_definitions/advocate_claims_list_steps.rb