--dddc4d561--2015-05-21--Himal Mandalia
--02164c189--2015-05-18--Eddie Andress
1	5	app/controllers/documents_controller.rb
13	1	app/models/document.rb
2	3	app/views/case_workers/claims/_evidence_list.html.haml
-	-	features/examples/shorter_lorem.pdf
1	1	features/step_definitions/document_steps.rb
4	0	spec/factories/documents.rb
45	3	spec/models/document_spec.rb
4	0	spec/rails_helper.rb

--8e58d6cfc--2015-05-21--Todd Tyree
--181f3aeef--2015-05-21--Todd Tyree
--3c9077009--2015-05-21--Todd Tyree
--bfc50b8bc--2015-05-21--Todd Tyree
--7520b2d98--2015-05-21--Himal Mandalia
13	13	app/controllers/case_workers/claims_controller.rb

--7c5668bb6--2015-05-20--Himal Mandalia
2	2	app/models/claim.rb
1	1	app/models/expense.rb
1	1	app/models/fee.rb
2	2	spec/models/claim_spec.rb
4	4	spec/models/expense_spec.rb
3	3	spec/models/fee_spec.rb

--9d444469f--2015-05-20--Todd Tyree
8	2	app/controllers/documents_controller.rb

--219ba6fed--2015-05-20--Himal Mandalia
0	3	app/views/advocates/claims/summary.html.haml

--6b0c66c16--2015-05-20--Todd Tyree
2	2	app/controllers/documents_controller.rb

--aa375fd1e--2015-05-20--Himal Mandalia
5	2	app/controllers/advocates/claims_controller.rb
2	2	app/models/claim.rb
1	0	app/models/fee.rb
1	1	app/views/advocates/claims/_expense_fields.html.haml
2	2	app/views/advocates/claims/_fee_fields.html.haml
1	1	features/advocate_new_claim.feature
25	3	features/step_definitions/advocate_new_claim_steps.rb
8	8	spec/models/claim_spec.rb
3	3	spec/models/claims/totals_spec.rb
1	0	spec/models/fee_spec.rb

--4e7b3b93e--2015-05-20--Todd Tyree
2	2	app/controllers/documents_controller.rb

--6d58cd518--2015-05-19--Todd Tyree
2	2	app/controllers/documents_controller.rb

--230b18d87--2015-05-19--Todd Tyree
--55956614c--2015-05-19--Todd Tyree
--2f3323ae5--2015-05-19--Himal Mandalia
3	3	app/views/advocates/claims/_expense_fields.html.haml
2	2	app/views/advocates/claims/_fee_fields.html.haml

--5fd93afba--2015-05-19--Himal Mandalia
3	5	app/views/case_workers/claims/_evidence_list.html.haml
1	0	features/step_definitions/view_provider_evidence_steps.rb

--3a39df794--2015-05-19--Himal Mandalia
5	6	app/views/advocates/admin/advocates/index.html.haml
24	23	app/views/advocates/claims/_form.html.haml
6	0	app/views/advocates/claims/_nav_tabs.html.haml
5	5	app/views/advocates/claims/index.html.haml
3	0	app/views/advocates/claims/new.html.haml
2	0	app/views/case_workers/admin/case_workers/allocate.html.haml
2	0	app/views/case_workers/admin/case_workers/edit.html.haml
1	2	app/views/case_workers/admin/case_workers/index.html.haml
2	0	app/views/case_workers/admin/case_workers/new.html.haml
2	0	app/views/case_workers/admin/case_workers/show.html.haml
9	0	app/views/case_workers/claims/_nav_tabs.html.haml
1	9	app/views/case_workers/claims/index.html.haml
3	0	app/views/case_workers/claims/show.html.haml

--b5d12ef4f--2015-05-19--Edward Andress
--ba4c7075a--2015-05-19--Himal Mandalia
1	1	app/views/pages/home.html.haml
3	3	config/application.rb
1	1	features/home_page.feature

--a76e0ef23--2015-05-19--Himal Mandalia
--3ea03178b--2015-05-19--Himal Mandalia
--c6f1ade47--2015-05-19--Mark Ford
14	1	app/assets/stylesheets/advocates/application.css.scss
1	1	app/views/advocates/claims/index.html.haml

--ab648d102--2015-05-19--Himal Mandalia
4	0	app/views/advocates/claims/_claims.html.haml

--66db91a96--2015-05-19--Himal Mandalia
1	1	app/assets/stylesheets/claim-accordion.scss

--78c600042--2015-05-18--jsugarman
10	0	app/assets/javascripts/advocates/claims/{new_claim.js => dynamic-offence-list.js}
0	0	app/assets/stylesheets/{new_claim.css.scss => dynamic-offence-list.scss}
2	1	app/assets/stylesheets/imports.scss

--674612716--2015-05-18--Todd Tyree
4	0	features/advocate_claims_summary.feature
5	4	features/step_definitions/claims_summary_steps.rb
2	6	features/step_definitions/view_provider_evidence_steps.rb
2	2	features/view_provider_evidence.feature

--a629fc8e4--2015-05-18--Todd Tyree
1	1	spec/controllers/case_workers/claims_controller_spec.rb

--74bdf48f4--2015-05-18--Edward Andress
--8196a2c87--2015-05-18--Mark Ford
2	1	app/assets/stylesheets/advocates/application.css.scss
43	0	app/assets/stylesheets/advocates/claim-form.scss
23	26	app/views/advocates/claims/_defendant_fields.html.haml
6	6	app/views/advocates/claims/_dynamic_offence_fields.html.haml
18	12	app/views/advocates/claims/_expense_fields.html.haml
12	8	app/views/advocates/claims/_fee_fields.html.haml
98	95	app/views/advocates/claims/_form.html.haml

--69c73f2dd--2015-05-18--Eddie Andress
2	3	features/documents.feature
2	2	features/step_definitions/caseworker_claims_list_steps.rb
1	7	features/step_definitions/document_steps.rb
2	2	features/view_provider_evidence.feature
11	0	spec/models/document_spec.rb

--860bd916e--2015-05-18--Mark Ford
32	1	app/assets/stylesheets/layout.scss
7	3	app/views/advocates/claims/landing.html.haml

--c026ba509--2015-05-18--Mark Ford
7	0	app/assets/stylesheets/layout.scss
6	5	app/views/layouts/_user.html.haml

--16b001ef8--2015-05-18--Himal Mandalia
4	0	app/views/advocates/claims/_claims.html.haml

--74c2829c1--2015-05-18--Mark Ford
18	0	app/assets/stylesheets/layout.scss
16	0	app/views/devise/confirmations/new.html.erb
5	0	app/views/devise/mailer/confirmation_instructions.html.erb
8	0	app/views/devise/mailer/reset_password_instructions.html.erb
7	0	app/views/devise/mailer/unlock_instructions.html.erb
19	0	app/views/devise/passwords/edit.html.erb
15	0	app/views/devise/passwords/new.html.erb
27	0	app/views/devise/registrations/edit.html.erb
17	0	app/views/devise/registrations/new.html.erb
18	0	app/views/devise/sessions/new.html.erb
25	0	app/views/devise/shared/_links.html.erb
16	0	app/views/devise/unlocks/new.html.erb

--715cdf612--2015-05-18--Himal Mandalia
2	1	runtests.sh

--6b8fe9077--2015-05-18--Mark Ford
3	1	app/assets/stylesheets/advocates/application.css.scss
26	0	app/assets/stylesheets/advocates/claims-table.scss
18	18	app/assets/stylesheets/claim-accordion.scss
13	0	app/assets/stylesheets/layout.scss
3	3	app/views/advocates/claims/_claims.html.haml
11	8	app/views/advocates/claims/_summary.html.haml
26	27	app/views/advocates/claims/index.html.haml
0	1	db/schema.rb

--bf689ebcb--2015-05-18--Eddie Andress
1	1	app/models/document.rb
2	2	lib/tasks/claims.rake

--4487517aa--2015-05-18--Mark Ford
1	1	app/assets/stylesheets/claim-accordion.scss