--1a6369758--2015-05-15--Edward Andress
--65226e043--2015-05-15--Edward Andress
--228cec19b--2015-05-15--Himal Mandalia
1	0	app/controllers/advocates/claims_controller.rb
2	2	app/controllers/application_controller.rb
4	0	app/views/advocates/claims/landing.html.haml
3	1	config/routes.rb
2	2	features/sign_in.feature
8	8	features/step_definitions/sign_in_steps.rb
12	0	spec/controllers/advocates/claims_controller_spec.rb
2	2	spec/controllers/application_controller_spec.rb

--580055d94--2015-05-15--Himal Mandalia
2	1	app/controllers/case_workers/admin/case_workers_controller.rb
1	1	app/controllers/case_workers/claims_controller.rb
2	0	app/models/claims/state_machine.rb
2	2	features/step_definitions/caseworker_claims_list_steps.rb
1	1	spec/controllers/case_workers/admin/case_workers_controller_spec.rb
3	3	spec/controllers/case_workers/claims_controller_spec.rb

--3598e4733--2015-05-15--Himal Mandalia
4	0	app/models/claim.rb
1	1	app/views/case_workers/admin/case_workers/allocate.html.haml
10	0	spec/models/claim_spec.rb

--6a9d736eb--2015-05-15--Himal Mandalia
1	1	app/models/advocate.rb