--64f409b3c--2015-04-29--Himal Mandalia
--cfa8faac6--2015-04-29--Himal Mandalia
5	1	app/controllers/advocates/claims_controller.rb
5	1	app/controllers/api/advocates/claims_controller.rb
4	0	app/models/claim.rb
1	1	app/models/expense.rb
2	1	app/models/fee.rb
18	2	app/views/advocates/claims/_form.html.haml
1	1	app/views/case_workers/claims/_payments.html.haml
5	1	db/migrate/20150325142122_create_claims.rb
8	4	db/schema.rb
1	1	features/advocate_claims.feature
5	3	features/step_definitions/advocate_claims_steps.rb
16	3	spec/controllers/advocates/claims_controller_spec.rb
3	0	spec/factories/claims.rb
3	0	spec/models/claim_spec.rb
4	0	spec/models/expense_spec.rb
3	0	spec/models/fee_spec.rb

--ca74bf75e--2015-04-29--Edward Andress
--f81c0e7bb--2015-04-29--Himal Mandalia
1	1	app/models/chamber.rb
3	2	db/migrate/20150325120724_create_chambers.rb
3	2	db/schema.rb
1	0	spec/factories/chambers.rb
2	2	spec/models/chamber_spec.rb

--b21ca90dc--2015-04-29--Himal Mandalia
1	2	db/schema.rb

--469c42cf1--2015-04-28--Lukasz Raczylo
1	0	README.md

--b21fe90f7--2015-04-28--Eddie Andress
--3fb6f4055--2015-04-28--Himal Mandalia
1	0	app/controllers/advocates/claims_controller.rb
1	0	app/controllers/api/advocates/claims_controller.rb
3	1	app/models/claim.rb
4	0	app/views/advocates/claims/_form.html.haml
1	0	db/migrate/20150325142122_create_claims.rb
1	0	db/schema.rb
1	0	features/step_definitions/advocate_claims_steps.rb
3	3	spec/controllers/advocates/claims_controller_spec.rb
1	0	spec/factories/claims.rb
3	0	spec/models/claim_spec.rb

--4262655fa--2015-04-28--Eddie Andress
--b764c8bab--2015-04-28--Himal Mandalia
2	1	app/assets/javascripts/application.js
2	3	app/models/offence.rb
18	0	app/models/offence_class.rb
1	1	app/views/advocates/claims/_form.html.haml
1	1	db/migrate/20150423142919_create_offences.rb
12	0	db/migrate/20150428123404_create_offence_classes.rb
14	2	db/schema.rb
1	0	db/seeds.rb
8	0	db/seeds/offence_classes.rb
3	3	db/seeds/offences.rb
1	1	features/step_definitions/advocate_claims_steps.rb
6	0	spec/factories/offence_classes.rb
1	1	spec/factories/offences.rb
24	0	spec/models/offence_class_spec.rb
0	1	spec/models/offence_spec.rb

--e01ae066c--2015-04-28--Himal Mandalia
--6a65e5d65--2015-04-28--Lukasz Raczylo
5	6	config/database.yml

--3c7155348--2015-04-28--Himal Mandalia
1	1	app/views/case_workers/admin/case_workers/_form.html.haml
1	1	app/views/case_workers/admin/case_workers/allocate.html.haml

--5a35f4e27--2015-04-28--Himal Mandalia
8	8	app/views/case_workers/admin/case_workers/_form.html.haml
1	1	app/views/case_workers/admin/case_workers/new.html.haml

--1e238c630--2015-04-28--Himal Mandalia
1	0	app/controllers/case_workers/admin/case_workers_controller.rb

--967a18eaf--2015-04-28--Himal Mandalia
1	1	config/routes.rb

--9d76c90fd--2015-04-28--Himal Mandalia
2	2	app/models/advocate.rb
2	2	app/models/case_worker.rb

--f640ceac2--2015-04-28--Himal Mandalia
56	0	app/controllers/case_workers/admin/case_workers_controller.rb
0	56	app/controllers/case_workers/admin/users_controller.rb
25	0	app/views/case_workers/admin/case_workers/_form.html.haml
15	0	app/views/case_workers/admin/case_workers/allocate.html.haml
5	0	app/views/case_workers/admin/case_workers/edit.html.haml
16	0	app/views/case_workers/admin/case_workers/index.html.haml
3	0	app/views/case_workers/admin/case_workers/new.html.haml
1	0	app/views/case_workers/admin/case_workers/show.html.haml
0	25	app/views/case_workers/admin/users/_form.html.haml
0	15	app/views/case_workers/admin/users/allocate.html.haml
0	5	app/views/case_workers/admin/users/edit.html.haml
0	16	app/views/case_workers/admin/users/index.html.haml
0	3	app/views/case_workers/admin/users/new.html.haml
0	1	app/views/case_workers/admin/users/show.html.haml
0	4	config/routes.rb
2	2	features/step_definitions/claim_allocation_steps.rb
8	1	features/step_definitions/sign_in_steps.rb
1	1	spec/controllers/application_controller_spec.rb
23	23	spec/controllers/case_workers/admin/{users_controller_spec.rb => case_workers_controller_spec.rb}
1	1	spec/factories/case_workers.rb
4	4	spec/models/case_worker_spec.rb

--eab731365--2015-04-28--Himal Mandalia
1	1	app/controllers/advocates/claims_controller.rb
2	2	app/controllers/case_workers/claims_controller.rb
2	0	app/models/user.rb
2	0	spec/models/user_spec.rb

--14c64bfd2--2015-04-28--Himal Mandalia
1	1	app/controllers/advocates/application_controller.rb
2	2	app/controllers/advocates/claims_controller.rb
2	2	app/controllers/application_controller.rb
1	1	app/controllers/case_workers/admin/application_controller.rb
1	1	app/controllers/case_workers/application_controller.rb
2	2	app/controllers/case_workers/claims_controller.rb
1	1	app/models/advocate.rb
1	1	app/models/case_worker.rb
1	1	app/models/user.rb
1	1	db/migrate/20150327103635_devise_create_users.rb
2	2	db/schema.rb
1	1	lib/tasks/claims.rake
1	1	spec/models/user_spec.rb

--a3706d844--2015-04-28--Himal Mandalia
7	7	spec/controllers/application_controller_spec.rb

--5fc481b0e--2015-04-27--Himal Mandalia
0	11	app/controllers/admin/application_controller.rb
0	62	app/controllers/admin/users_controller.rb
1	1	app/controllers/advocates/application_controller.rb
2	2	app/controllers/advocates/claims_controller.rb
9	6	app/controllers/application_controller.rb
11	0	app/controllers/case_workers/admin/application_controller.rb
56	0	app/controllers/case_workers/admin/users_controller.rb
1	1	app/controllers/case_workers/application_controller.rb
2	2	app/controllers/case_workers/claims_controller.rb
11	0	app/models/advocate.rb
27	0	app/models/case_worker.rb
1	1	app/models/case_worker_claim.rb
1	1	app/models/chamber.rb
2	2	app/models/claim.rb
1	22	app/models/user.rb
0	24	app/views/admin/users/_form.html.haml
0	17	app/views/admin/users/index.html.haml
25	0	app/views/case_workers/admin/users/_form.html.haml
3	3	app/views/{ => case_workers}/admin/users/allocate.html.haml
0	0	app/views/{ => case_workers}/admin/users/edit.html.haml
16	0	app/views/case_workers/admin/users/index.html.haml
0	0	app/views/{ => case_workers}/admin/users/new.html.haml
0	0	app/views/{ => case_workers}/admin/users/show.html.haml
9	5	config/routes.rb
0	42	db/migrate/20150325121951_devise_create_advocates.rb
0	42	db/migrate/20150325122945_devise_create_case_workers.rb
1	4	db/migrate/20150327103635_devise_create_users.rb
9	0	db/migrate/20150424132253_create_advocates.rb
10	0	db/migrate/20150424140231_create_case_workers.rb
7	28	db/schema.rb
0	1	db/seeds.rb
0	5	db/seeds/admins.rb
11	5	db/seeds/advocates.rb
23	5	db/seeds/case_workers.rb
2	2	features/sign_in.feature
3	3	features/step_definitions/advocate_claims_steps.rb
4	4	features/step_definitions/caseworker_claims_list_steps.rb
8	8	features/step_definitions/claim_allocation_steps.rb
4	4	features/step_definitions/sign_in_steps.rb
3	4	lib/tasks/claims.rake
2	2	spec/controllers/advocates/claims_controller_spec.rb
17	3	spec/controllers/application_controller_spec.rb
21	31	spec/controllers/{ => case_workers}/admin/users_controller_spec.rb
5	5	spec/controllers/case_workers/claims_controller_spec.rb
9	0	spec/factories/advocates.rb
13	0	spec/factories/case_workers.rb
1	0	spec/factories/chambers.rb
0	12	spec/factories/users.rb
13	0	spec/models/advocate_spec.rb
106	0	spec/models/case_worker_spec.rb
1	1	spec/models/chamber_spec.rb
1	177	spec/models/user_spec.rb