--42b82e73c--2016-05-10--Jesus Laiz
--15601041b--2016-05-10--Joel Sugarman
13	0	app/controllers/external_users/claims_controller.rb
3	0	app/controllers/external_users/litigators/transfer_claims_controller.rb
7	7	app/models/claim/transfer_claim.rb
1	22	app/models/claim/transfer_detail.rb
1	1	app/models/fee/fixed_fee.rb
2	1	app/models/fee/transfer_fee.rb
1	0	app/presenters/claim/transfer_claim_presenter.rb
11	0	app/presenters/claim/transfer_detail_presenter.rb
2	0	app/presenters/fee/transfer_fee_presenter.rb
19	6	app/validators/base_validator.rb
2	0	app/validators/claim/litigator_common_validations.rb
28	0	app/validators/claim/transfer_claim_sub_model_validator.rb
14	27	app/validators/claim/transfer_claim_validator.rb
16	0	app/validators/fee/transfer_fee_validator.rb
2	6	app/views/external_users/claims/interim_fee/_fields.html.haml
41	0	app/views/external_users/claims/transfer_detail/_fields.html.haml
21	0	app/views/external_users/claims/transfer_fee/_fields.html.haml
0	21	app/views/external_users/claims/transfer_fees/_fields.html.haml
3	1	app/views/external_users/litigators/transfer_claims/_form.html.haml
14	0	config/locales/en.yml
64	15	config/locales/error_messages.en.yml
60	0	features/claims/litigator/transfer_claim_draft_submit.feature
31	0	features/page_objects/transfer_claim_form_page.rb
31	0	features/step_definitions/litigator_claim_steps.rb
1	0	features/support/hooks.rb
0	1	old_features/step_definitions/shared/claims_list_steps.rb
100	52	spec/controllers/external_users/litigators/transfer_claims_controller_spec.rb
6	1	spec/factories/claim/transfer_claims.rb
7	0	spec/factories/fee_types.rb
8	0	spec/factories/fees.rb
3	0	spec/models/claim/interim_claim_spec.rb
3	0	spec/models/claim/litigator_claim_spec.rb
0	2	spec/models/claim/shared_examples_for_lgfs_claim.rb
13	2	spec/models/claim/transfer_brain_data_item_collection_spec.rb
16	22	spec/models/claim/transfer_claim_spec.rb
41	0	spec/presenters/transfer_detail_presenter_spec.rb
9	3	spec/validators/claim/shared_examples_for_advocate_litigator.rb
19	0	spec/validators/claim/transfer_claim_sub_model_validator_spec.rb
18	29	spec/validators/claim/transfer_claim_validator_spec.rb
63	0	spec/validators/fee/transfer_fee_validator_spec.rb

--f63306949--2016-05-10--Jesus Laiz
2	0	app/views/external_users/advocates/claims/_form.html.haml
5	0	app/views/external_users/claims/_fees_shared_header.html.haml
2	0	app/views/external_users/litigators/claims/_form.html.haml
2	0	app/views/external_users/litigators/interim_claims/_form.html.haml
2	0	app/views/external_users/litigators/transfer_claims/_form.html.haml
3	0	config/locales/en.yml