--83afb33a7--2016-03-14--Himal Mandalia
--913e35de7--2016-03-14--Stephen Richards
--f733e7bf3--2016-03-14--Himal Mandalia
--501c7ba87--2016-03-13--Stephen Richards
8	3	spec/factories/offence_classes.rb

--e2c30f811--2016-03-11--Himal Mandalia
--306ab8976--2016-03-11--Jesus Laiz
2	0	db/seeds/expense_types.rb

--89e86a851--2016-03-11--Himal Mandalia
--5c7599959--2016-03-11--Himal Mandalia
--ef0239564--2016-03-11--Jesus Laiz
--53750761d--2016-03-11--Alistair Laing
1	1	app/assets/javascripts/modules/CustomFileUpload.js
0	1	app/assets/stylesheets/claims-importer.scss
5	11	app/assets/stylesheets/moj/_shame.scss
1	1	app/views/external_users/claims/_json_document_importer.haml

--e3692573d--2016-03-11--Alistair Laing
25	23	app/views/external_users/json_document_importers/create.js.erb

--94d3f111b--2016-03-11--Joel Sugarman
--bb773eafa--2016-03-10--Jesus Laiz
7	1	app/models/claims/cloner.rb
2	2	db/migrate/20160309135448_create_disbursements.rb
10	0	db/migrate/20160310170946_populate_disbursement_types.rb
1	3	db/schema.rb
2	2	db/seeds/disbursement_types.rb
0	5	lib/demo_data/base_claim_generator.rb
1	1	lib/demo_data/disbursement_generator.rb
4	0	lib/demo_data/litigator_claim_generator.rb
1	1	spec/controllers/external_users/certifications_controller_spec.rb
7	0	spec/models/claims/cloner_spec.rb
19	1	spec/models/offence_class_spec.rb
2	0	spec/support/database_housekeeping.rb

--86c2e0958--2016-03-11--Stephen Richards
--78f44872c--2016-03-11--Stephen Richards
8	0	.gitignore
1	1	app/controllers/case_workers/admin/management_information_controller.rb
0	6	app/presenters/claim_csv_presenter.rb
2	1	features/management_information.feature
14	1	features/step_definitions/management_information_steps.rb

--c37019c12--2016-03-11--Stephen Richards
8	3	app/models/stats/management_information_generator.rb
6	0	app/presenters/claim_csv_presenter.rb
3	3	app/views/case_workers/admin/management_information/index.html.haml

--5caaf5838--2016-03-10--Himal Mandalia
0	14	config/settings.yml

--33dd50ccb--2016-03-10--Himal Mandalia
0	6	app/controllers/case_workers/admin/case_workers_controller.rb
0	44	app/models/case_worker.rb
0	20	app/presenters/case_worker_presenter.rb
15	24	app/views/case_workers/admin/case_workers/_form.html.haml
0	4	app/views/case_workers/admin/case_workers/index.html.haml
0	5	app/views/case_workers/admin/case_workers/show.html.haml
0	1	config/locales/en.yml
0	1	db/migrate/20150812151337_add_days_worked_to_case_workers.rb
5	0	db/migrate/20160310164911_remove_days_worked_from_case_workers.rb
1	2	db/schema.rb
0	7	db/seeds/case_workers.rb
1	1	db/seeds/seed_helper.rb
0	2	features/step_definitions/new_user_steps.rb
0	2	lib/demo_data/demo_seeds/case_workers.rb
0	5	spec/controllers/case_workers/admin/case_workers_controller_spec.rb
0	3	spec/factories/case_workers.rb
0	34	spec/models/case_worker_spec.rb
0	27	spec/presenters/case_worker_presenter_spec.rb

--d5591500f--2016-03-10--Stephen Richards
1	1	app/models/stats/management_information_generator.rb
12	12	spec/models/stats/management_information_generator_spec.rb

--fdc988e2e--2016-03-10--Stephen Richards
4	0	spec/models/stats/management_information_generator_spec.rb

--6a2c8777f--2016-03-10--Stephen Richards
1	0	Gemfile
7	0	Gemfile.lock
12	11	app/controllers/case_workers/admin/management_information_controller.rb
7	0	app/jobs/managemen_information_generation_job.rb
62	6	app/models/stats/management_information_generator.rb
21	2	app/views/case_workers/admin/management_information/index.html.haml
2	0	config/application.rb
2	1	config/routes.rb
143	0	spec/models/stats/management_information_generator_spec.rb

--b513dae86--2016-03-10--jsugarman
11	6	app/models/ability.rb

--a1ec39965--2016-03-10--jsugarman
62	33	app/models/ability.rb
1	0	app/models/document.rb
161	4	spec/models/ability_spec.rb

--325cfe0c3--2016-03-09--Jesus Laiz
1	0	app/models/claim/advocate_claim.rb
4	1	app/models/claim/base_claim.rb
1	0	app/models/claim/litigator_claim.rb
17	3	app/models/claims/calculations.rb
39	0	app/models/disbursement.rb
17	0	app/models/disbursement_type.rb
38	0	app/validators/disbursement_validator.rb
10	0	db/migrate/20160309115141_create_disbursement_types.rb
11	0	db/migrate/20160309135448_create_disbursements.rb
5	0	db/migrate/20160309152424_add_disbursements_total_to_claim.rb
24	1	db/schema.rb
0	0	db/{seeds => }/seed_helper.rb
2	15	db/seeds.rb
1	1	db/seeds/case_workers.rb
36	0	db/seeds/disbursement_types.rb
1	1	db/seeds/fee_types.rb
5	0	lib/demo_data/base_claim_generator.rb
1	1	lib/demo_data/demo_seeds/case_workers.rb
1	1	lib/demo_data/demo_seeds/external_users.rb
1	1	lib/demo_data/demo_seeds/providers.rb
20	0	lib/demo_data/disbursement_generator.rb
3	2	lib/demo_data/litigator_claim_generator.rb
1	1	lib/tasks/db.rake
6	0	spec/factories/claim/advocate_claims.rb
15	0	spec/factories/disbursement_types.rb
26	0	spec/factories/disbursements.rb
1	0	spec/models/claim/advocate_claim_spec.rb
1	0	spec/models/claim/base_claim_spec.rb
1	0	spec/models/claim/litigator_claim_spec.rb
58	0	spec/models/disbursement_spec.rb
19	0	spec/models/disbursement_type_spec.rb
31	0	spec/validators/disbursement_validator_spec.rb

--f499cce45--2016-03-10--Alistair Laing
--13c0bd284--2016-03-10--Himal Mandalia
--8c13ac55e--2016-03-10--Alistair Laing
--5bf4bba2c--2016-03-10--Joel Sugarman
--a61dd8c15--2016-03-09--Himal Mandalia
1	1	docker/run.sh

--e2e1be495--2016-03-09--Stephen Richards
38	0	app/models/stats/management_information_generator.rb

--0d396e582--2016-03-09--Himal Mandalia
1	1	docker/Dockerfile
3	0	docker/run.sh

--7c9dad06b--2016-03-09--Himal Mandalia
2	1	app/controllers/case_workers/claims_controller.rb
2	0	app/views/shared/_determinations_form.html.haml
2	2	features/claim_history.feature
4	0	features/step_definitions/claim_history_steps.rb

--91840955f--2016-03-09--Alistair Laing
1	1	app/views/feedback/bug_report.html.haml

--f4f6b4416--2016-03-09--Himal Mandalia
13	10	app/controllers/case_workers/claims_controller.rb
0	3	app/views/case_workers/claims/show.html.haml
1	1	app/views/errors/_error_summary.html.haml

--c2556419c--2016-03-08--Alistair Laing
1	1	features/step_definitions/unhappy_paths_steps.rb

--5d7c8ea51--2016-03-08--Alistair Laing
7	4	app/views/external_users/claims/_error_summary.html.haml

--5ed6e407b--2016-03-08--Alistair Laing
1	7	app/views/case_workers/admin/allocations/new.html.haml
2	7	app/views/case_workers/admin/case_workers/change_password.html.haml
2	7	app/views/case_workers/admin/case_workers/edit.html.haml
1	6	app/views/case_workers/admin/case_workers/new.html.haml
5	13	app/views/case_workers/claims/show.html.haml
15	0	app/views/errors/_error_summary.html.haml
2	6	app/views/external_users/admin/external_users/change_password.html.haml
1	6	app/views/external_users/admin/external_users/edit.html.haml
1	6	app/views/external_users/admin/external_users/new.html.haml
1	9	app/views/external_users/admin/providers/edit.html.haml
1	6	app/views/external_users/certifications/new.html.haml
2	7	app/views/feedback/bug_report.html.haml
2	8	app/views/feedback/feedback.html.haml
5	0	config/locales/en.yml

--d77a234bb--2016-03-08--Fazal Khan
--906bf63fc--2016-03-08--Fazal Khan
21	8	app/assets/stylesheets/moj/_shame.scss
1	1	app/views/external_users/admin/external_users/index.html.haml
1	1	app/views/external_users/claims/index.html.haml

--95f0b3919--2016-03-08--Fazal Khan
--201d07e98--2016-03-08--Fazal Khan
1	1	app/assets/stylesheets/claims-importer.scss
22	0	app/assets/stylesheets/moj/_shame.scss
16	10	app/views/case_workers/claims/_search_form.html.haml
15	15	app/views/external_users/admin/external_users/index.html.haml
1	1	app/views/external_users/claims/_search_form.html.haml