--d27541ec--2011-08-08--Chris Mear
--57b03796--2011-08-08--Chris Mear
4	0	CHANGELOG.txt
1	1	lib/one_click_orgs/version.rb

--75b593e4--2011-08-08--Chris Mear
15	11	app/controllers/application_controller.rb
8	10	app/models/member.rb
0	0	features/{organisation_founding => notifications}/show_failed_proposal.feature
9	0	features/notifications/show_notification_once.feature
4	0	features/step_definitions/organisation_steps.rb

--d4e31393--2011-08-06--Chris Mear
7	0	app/controllers/directors_controller.rb
1	1	app/controllers/members_controller.rb
2	0	app/models/company.rb
15	2	app/views/members/company/index.html.haml
5	1	config/routes.rb
9	0	db/migrate/20110806164145_add_stood_down_on_to_members.rb
2	1	db/schema.rb
21	0	features/company_running/standing_down_director.feature
33	0	features/step_definitions/director_steps.rb
36	0	spec/controllers/directors_controller_spec.rb
8	8	spec/controllers/members_controller_spec.rb
8	0	spec/models/company_spec.rb
11	0	spec/routing/directors_routing_spec.rb
17	2	spec/views/members/index.html.haml_spec.rb

--4633dd79--2011-08-06--Elias Haase
1	3	app/controllers/directors_controller.rb
6	0	app/models/director.rb
6	0	spec/controllers/directors_controller_spec.rb

--3c18bd67--2011-08-06--Elias Haase
5	1	app/controllers/directors_controller.rb
24	0	app/mailers/members_mailer.rb
3	0	app/views/members_mailer/new_director_notification.text.erb

--fd01c934--2011-08-04--Chris Mear
1	1	.travis.yml

--47d0f684--2011-08-04--Chris Mear
0	0	travis.yml => .travis.yml

--6f75ec7d--2011-08-04--Chris Mear
3	1	config/database.yml.sample
13	0	travis.yml

--764b5875--2011-07-27--Chris Mear
7	0	app/controllers/directors_controller.rb
5	0	app/controllers/members_controller.rb
2	0	app/helpers/directors_helper.rb
8	0	app/models/company.rb
9	0	app/models/director.rb
35	0	app/views/members/company/index.html.haml
1	0	config/routes.rb
9	0	db/migrate/20110727154021_add_elected_on_to_members.rb
2	1	db/schema.rb
27	0	features/company_running/adding_a_director.feature
10	0	features/step_definitions/director_steps.rb
2	0	features/support/paths.rb
2	0	features/support/selectors.rb
1	1	spec/controllers/companies_controller_spec.rb
46	0	spec/controllers/directors_controller_spec.rb
55	0	spec/controllers/members_controller_spec.rb
15	0	spec/helpers/directors_helper_spec.rb
11	0	spec/models/company_spec.rb
16	0	spec/models/director_spec.rb
57	0	spec/views/members/index.html.haml_spec.rb

--0e7d60f0--2011-07-27--Chris Mear
1	0	app/controllers/companies_controller.rb
5	0	spec/controllers/companies_controller_spec.rb

--0385eb99--2011-07-27--Chris Mear
11	11	app/controllers/comments_controller.rb
3	0	app/controllers/meetings_controller.rb
1	1	app/models/comment.rb
2	0	app/models/meeting.rb
1	1	app/models/proposal.rb
15	0	app/views/meetings/show.html.haml
3	1	config/routes.rb
21	0	db/migrate/20110727133702_make_comments_polymorphic.rb
4	3	db/schema.rb
20	0	features/company_running/commenting_on_minutes.feature
5	1	features/step_definitions/meeting_steps.rb
3	0	features/support/paths.rb
99	45	spec/controllers/comments_controller_spec.rb
21	0	spec/controllers/meetings_controller_spec.rb
9	0	spec/models/meeting_spec.rb
3	0	spec/support/blueprints.rb
18	1	spec/views/meetings/show.html.haml_spec.rb

--e0cc70c7--2011-07-27--Chris Mear
19	0	features/association_running/commenting_on_a_proposal.feature
8	0	features/step_definitions/comment_steps.rb

--78a136f6--2011-07-27--Chris Mear
4	0	app/models/company.rb
5	0	spec/models/company_spec.rb

--9825f419--2011-07-27--Chris Mear
1	0	app/views/constitutions/company/show.html.haml
1	0	app/views/members/company/index.html.haml
2	0	app/views/one_click/company/dashboard.html.haml
5	0	app/views/shared/company/_main_menu.html.haml

--55132305--2011-07-27--Chris Mear
4	0	app/models/company.rb
10	3	spec/models/company_spec.rb

--1cfb21b3--2011-07-27--Chris Mear
3	0	app/models/association.rb
4	0	app/models/organisation.rb

--8e2fe1e6--2011-07-27--Chris Mear
4	0	spec/controllers/meetings_controller_spec.rb

--5443d12f--2011-07-27--Chris Mear
--145f7404--2011-07-27--Chris Mear
14	0	app/mailers/meeting_mailer.rb
7	0	app/models/meeting.rb
12	0	app/views/meeting_mailer/notify_creation.text.erb
2	0	app/views/meetings/show.html.haml
7	0	features/company_running/recording_minutes.feature
25	2	features/step_definitions/email_steps.rb
17	0	features/step_definitions/meeting_steps.rb
32	0	spec/mailers/meeting_mailer_spec.rb
23	1	spec/models/meeting_spec.rb
4	0	spec/support/blueprints.rb
7	0	spec/support/model_spec_helper.rb
18	3	spec/views/meetings/show.html.haml_spec.rb

--047948ea--2011-07-27--Chris Mear
1	1	Gemfile
3	2	Gemfile.lock

--fc2d85e2--2011-07-27--Chris Mear
11	0	app/controllers/meetings_controller.rb
7	2	app/controllers/one_click_controller.rb
2	0	app/helpers/meetings_helper.rb
2	0	app/models/company.rb
23	0	app/models/meeting.rb
4	0	app/models/meeting_participation.rb
4	0	app/views/meetings/show.html.haml
5	0	app/views/one_click/_meeting.html.haml
10	0	app/views/one_click/_timeline.html.haml
1	10	app/views/one_click/association/dashboard.html.haml
16	1	app/views/one_click/company/dashboard.html.haml
2	0	config/routes.rb
14	0	db/migrate/20110726154007_create_meetings.rb
9	0	db/migrate/20110726220427_add_organisation_id_to_meetings.rb
14	0	db/migrate/20110726222425_create_meeting_participations.rb
16	1	db/schema.rb
26	0	features/company_running/recording_minutes.feature
0	0	features/step_definitions/{member_steps.rb => association_member_steps.rb}
11	0	features/step_definitions/company_member_steps.rb
3	0	features/step_definitions/company_steps.rb
53	0	features/step_definitions/meeting_steps.rb
1	1	features/support/machinist.rb
2	0	features/support/selectors.rb
87	0	spec/controllers/meetings_controller_spec.rb
89	0	spec/controllers/one_click_controller_spec.rb
15	0	spec/helpers/meetings_helper_spec.rb
11	0	spec/models/company_spec.rb
29	0	spec/models/meeting_participation_spec.rb
57	0	spec/models/meeting_spec.rb
6	0	spec/support/blueprints.rb
11	0	spec/support/controller_spec_helper.rb
21	0	spec/views/meetings/show.html.haml_spec.rb
77	0	spec/views/one_click/dashboard.html.haml_spec.rb

--32c1bf0e--2011-07-27--Chris Mear
1	1	app/models/member.rb
1	1	spec/requests/invitations_spec.rb

--adffda82--2011-07-27--Chris Mear
4	4	Gemfile
44	46	Gemfile.lock
4	1	features/step_definitions/web_steps_custom.rb
0	33	features/support/capybara_domains.rb
11	12	spec/support/install_organisation_resolver.rb

--b7c7e4a6--2011-07-27--Chris Mear
1	1	Gemfile
4	1	app/controllers/members_controller.rb

--d25e0672--2011-07-27--Chris Mear
1	1	Gemfile
1	1	Gemfile.lock

--b3bad57b--2011-07-26--Chris Mear
1	1	Gemfile
2	2	Gemfile.lock

--b9306f14--2011-07-25--Chris Mear
6	3	app/controllers/application_controller.rb
21	0	app/controllers/companies_controller.rb
0	2	app/controllers/one_click_controller.rb
2	0	app/helpers/companies_helper.rb
3	0	app/models/company.rb
28	0	app/views/companies/new.html.haml
1	0	config/routes.rb
21	0	features/company_adding/adding_a_company.feature
4	0	features/support/paths.rb
127	0	spec/controllers/companies_controller_spec.rb
12	0	spec/models/company_spec.rb
8	0	spec/support/controller_spec_helper.rb
44	0	spec/views/companies/new.html.haml_spec.rb

--a34ca4e3--2011-07-25--Chris Mear
34	0	spec/support/install_organisation_resolver.rb

--20c8e3a9--2011-07-25--Chris Mear
1	1	lib/one_click_orgs/version.rb

--881c0409--2011-07-25--Chris Mear
1	5	lib/one_click_orgs/version.rb

--70c35505--2011-07-25--Chris Mear
4	4	app/views/layouts/application.html.haml
0	0	app/views/{layouts => shared}/_container_start.html.haml
0	0	app/views/{layouts => shared}/_javascript_includes.html.haml
0	0	app/views/{layouts => shared}/_lightboxes.html.haml
0	0	app/views/{layouts => shared}/_main_menu.html.haml
0	0	app/views/{layouts => shared}/association/_container_start.html.haml
0	0	app/views/{layouts => shared}/association/_javascript_includes.html.haml
0	0	app/views/{layouts => shared}/association/_lightboxes.html.haml
0	0	app/views/{layouts => shared}/association/_main_menu.html.haml

--ca1afbcb--2011-07-25--Chris Mear
3	0	features/miscellaneous/setting_up_an_installation.feature
4	0	features/step_definitions/setup_steps.rb

--3967f8a8--2011-07-25--Chris Mear
1	1	Gemfile.lock
4	4	HACKING.md
23	18	app/controllers/application_controller.rb
11	12	app/controllers/{organisations_controller.rb => associations_controller.rb}
0	25	app/controllers/change_member_class_proposals_controller.rb
0	21	app/controllers/eject_member_proposals_controller.rb
23	0	app/controllers/found_association_proposals_controller.rb
0	23	app/controllers/found_organisation_proposals_controller.rb
0	13	app/controllers/founding_members_controller.rb
30	11	app/controllers/members_controller.rb
17	15	app/controllers/one_click_controller.rb
2	2	app/controllers/setup_controller.rb
1	1	app/controllers/votes_controller.rb
2	0	app/helpers/associations_helper.rb
0	2	app/helpers/organisations_helper.rb
29	26	app/models/ability.rb
111	0	app/models/association.rb
5	5	app/models/{found_organisation_proposal.rb => found_association_proposal.rb}
3	3	app/models/member.rb
6	110	app/models/organisation.rb
6	6	app/models/proposal.rb
3	3	app/views/{organisations => associations}/new.html.haml
1	2	app/views/constitutions/{ => association}/show.html.haml
0	0	app/views/layouts/_container_start.html.haml
0	0	app/views/layouts/_javascript_includes.html.haml
0	0	app/views/layouts/_lightboxes.html.haml
1	0	app/views/layouts/_main_menu.html.haml
4	55	app/views/layouts/application.html.haml
31	0	app/views/layouts/association/_container_start.html.haml
5	0	app/views/layouts/association/_javascript_includes.html.haml
7	0	app/views/layouts/association/_lightboxes.html.haml
11	0	app/views/layouts/association/_main_menu.html.haml
0	14	app/views/layouts/setup.html.haml
0	0	app/views/members/{ => association}/index.html.haml
0	0	app/views/members/{ => association}/index.pdf.haml
0	22	app/views/members/{ => association}/show.html.haml
1	57	app/views/one_click/company/dashboard.html.haml
0	57	app/views/one_click/dashboard.html.haml
5	6	app/views/shared/_control_bar.html.haml
0	0	app/views/shared/{ => association}/_constitution.html.haml
10	0	app/views/shared/association/_control_bar.html.haml
2	2	app/views/shared/notifications/_founding_proposal_failed.html.haml
2	2	config/routes.rb
1	1	doc/permissions.txt
1	1	features/{organisation_founding => association_founding}/accepting_a_founding_member_invitation.feature
4	4	features/{organisation_founding/amending_draft_organisation_settings.feature => association_founding/amending_draft_association_settings.feature}
4	4	features/{organisation_founding/creating_an_organisation.feature => association_founding/creating_an_association.feature}
1	1	features/{organisation_founding => association_founding}/holding_the_founding_vote.feature
1	1	features/{organisation_founding => association_founding}/inviting_founding_members.feature
1	1	features/{organisation_founding => association_founding}/show_failed_proposal.feature
2	2	features/{organisation_founding => association_founding}/starting_the_founding_vote.feature
4	4	features/{organisation_founding => association_founding}/viewing_draft_organisation_details.feature
3	3	features/{organisation_running => association_running}/accepting_an_invitation.feature
4	4	features/{organisation_running => association_running}/amending_organisation_settings.feature
1	1	features/{organisation_running => association_running}/editing_profile.feature
1	1	features/{organisation_running => association_running}/exporting_members.feature
1	1	features/{organisation_running => association_running}/making_a_proposal.feature
1	1	features/{organisation_running => association_running}/making_decisions.feature
1	1	features/{organisation_running => association_running}/proposing_a_new_member.feature
1	1	features/{organisation_running => association_running}/proposing_ejection_of_a_member.feature
5	5	features/{organisation_running/viewing_organisation_details.feature => association_running/viewing_association_details.feature}
1	1	features/{organisation_running => association_running}/voting.feature
1	1	features/miscellaneous/setting_up_an_installation.feature
39	0	features/step_definitions/association_steps.rb
0	39	features/step_definitions/organisation_steps.rb
5	5	features/step_definitions/proposal_steps.rb
2	2	features/support/paths.rb
9	9	lib/tasks/one_click_orgs.rake
3	3	public/javascripts/{organisations_new.js => associations_new.js}
5	5	spec/controllers/application_controller_spec.rb
1	1	spec/mailers/decision_mailer_spec.rb
1	1	spec/mailers/members_mailer_spec.rb
1	1	spec/mailers/proposal_mailer_spec.rb
1	1	spec/models/add_member_proposal_spec.rb
92	0	spec/models/association_spec.rb
1	1	spec/models/change_voting_period_proposal_spec.rb
1	1	spec/models/change_voting_system_proposal_spec.rb
1	1	spec/models/clause_spec.rb
1	1	spec/models/constitution_spec.rb
1	1	spec/models/eject_member_proposal_spec.rb
15	15	spec/models/{found_organisation_proposal_spec.rb => found_association_proposal_spec.rb}
1	1	spec/models/member_spec.rb
3	77	spec/models/organisation_spec.rb
10	10	spec/models/proposal_spec.rb
4	4	spec/requests/add_member_proposals_spec.rb
1	1	spec/requests/authentication_spec.rb
3	3	spec/requests/change_member_class_proposals_spec.rb
3	3	spec/requests/constitution_proposal_bundles_spec.rb
4	4	spec/requests/constitutions_spec.rb
3	3	spec/requests/eject_member_proposals_spec.rb
25	0	spec/requests/found_association_proposals_spec.rb
0	25	spec/requests/found_organisation_proposals_spec.rb
11	11	spec/requests/{founding_spec.rb => founding_association_spec.rb}
4	4	spec/requests/founding_members_spec.rb
1	1	spec/requests/invitations_spec.rb
4	4	spec/requests/members_spec.rb
1	1	spec/requests/miscellaneous_spec.rb
28	28	spec/requests/multi_tenancy_spec.rb
19	15	spec/requests/one_click_spec.rb
1	1	spec/requests/password_resets_spec.rb
5	5	spec/requests/proposals_spec.rb
13	13	spec/requests/single_organisation_mode_spec.rb
3	3	spec/requests/template_resolution_spec.rb
1	1	spec/requests/votes_spec.rb
2	2	spec/support/blueprints.rb
51	18	spec/support/helpers.rb
107	106	spec/views/layouts/application.html.haml_spec.rb
4	1	spec/views/layouts/welcome.html.haml_spec.rb

--76eeacae--2011-07-25--Chris Mear
4	4	lib/one_click_orgs/organisation_resolver.rb

--b47df4ed--2011-07-21--Chris Mear
--a165f409--2011-05-24--Chris Mear
25	5	app/controllers/application_controller.rb
57	0	app/views/one_click/association/dashboard.html.haml
57	0	app/views/one_click/company/dashboard.html.haml
44	0	lib/one_click_orgs/organisation_resolver.rb
28	0	spec/requests/template_resolution_spec.rb
6	0	spec/support/blueprints.rb
20	0	spec/support/helpers.rb

--1d74ee76--2011-04-21--Chris Mear
2	0	app/models/company.rb

--cf22cd0a--2011-04-21--Chris Mear
3	0	app/models/association.rb
14	0	db/migrate/20110421205950_add_type_to_organisations.rb
1	0	db/schema.rb

--250e3b64--2011-06-08--Jan Berkel
4	4	spec/models/constitution_spec.rb

--90b41f5e--2011-06-08--Jan Berkel
14	14	spec/models/constitution_spec.rb

--fbadd19a--2011-05-30--Chris Mear
--53030b67--2011-05-23--Chris Mear
--e63134a6--2011-05-23--Chris Mear
0	1	app/controllers/organisations_controller.rb
0	1	app/controllers/setup_controller.rb
1	2	app/models/member.rb
7	0	app/models/proposal.rb
0	2	features/step_definitions/member_steps.rb
1	0	spec/models/member_spec.rb

--23d7f606--2011-05-23--Chris Mear
3	3	app/controllers/application_controller.rb
1	1	app/controllers/member_sessions_controller.rb
1	1	app/controllers/organisations_controller.rb
1	1	app/controllers/setup_controller.rb
1	2	app/controllers/welcome_controller.rb
38	23	app/models/member.rb
10	2	app/models/proposal.rb
38	0	db/migrate/20110523104155_convert_members_to_state_machine.rb
3	3	db/schema.rb
2	1	features/step_definitions/organisation_steps.rb
1	1	features/step_definitions/user_steps.rb
1	1	spec/controllers/comments_controller_spec.rb
2	2	spec/models/member_spec.rb
1	1	spec/models/proposal_spec.rb
2	1	spec/support/blueprints.rb

--77466d69--2011-05-23--Chris Mear
1	1	app/controllers/found_organisation_proposals_controller.rb
0	1	app/controllers/organisations_controller.rb
2	2	app/models/found_organisation_proposal.rb
18	33	app/models/organisation.rb
55	0	db/migrate/20110521215633_convert_organisations_to_state_machine.rb
2	1	db/schema.rb
3	5	features/step_definitions/organisation_steps.rb
2	2	features/step_definitions/proposal_steps.rb
6	1	spec/models/found_organisation_proposal_spec.rb
7	7	spec/models/organisation_spec.rb
3	1	spec/models/proposal_spec.rb
0	1	spec/requests/constitution_proposal_bundles_spec.rb
1	1	spec/requests/constitutions_spec.rb
1	3	spec/requests/found_organisation_proposals_spec.rb
1	2	spec/requests/founding_members_spec.rb
3	4	spec/requests/founding_spec.rb
2	2	spec/requests/invitations_spec.rb
3	6	spec/requests/multi_tenancy_spec.rb
1	2	spec/requests/single_organisation_mode_spec.rb
21	15	spec/support/helpers.rb

--033b8258--2011-05-19--Chris Mear
1	1	app/models/found_organisation_proposal.rb
2	2	app/models/member.rb
21	24	app/models/proposal.rb
43	0	db/migrate/20110519150109_convert_proposals_to_state_machine.rb
3	4	db/schema.rb
3	5	spec/models/proposal_spec.rb
3	5	spec/support/blueprints.rb

--c036bfba--2011-05-19--Chris Mear
4	0	app/models/decision.rb
0	5	app/models/proposal.rb
33	10	spec/models/decision_spec.rb
3	23	spec/models/proposal_spec.rb

--c55b74ef--2011-05-19--Chris Mear
3	3	app/models/add_member_proposal.rb
2	2	app/models/change_boolean_proposal.rb
3	3	app/models/change_member_class_proposal.rb
2	2	app/models/change_text_proposal.rb
2	2	app/models/change_voting_period_proposal.rb
2	2	app/models/change_voting_system_proposal.rb
2	2	app/models/eject_member_proposal.rb
1	1	app/models/found_organisation_proposal.rb
2	2	app/models/proposal.rb
4	4	spec/models/add_member_proposal_spec.rb
2	1	spec/support/helpers.rb

--ede9734c--2011-05-19--Chris Mear
1	0	Gemfile
2	0	Gemfile.lock

--9e425d3d--2011-05-05--Chris Mear
13	22	app/controllers/application_controller.rb
2	0	app/controllers/invitations_controller.rb
11	5	app/controllers/member_sessions_controller.rb
1	6	app/controllers/members_controller.rb
3	3	app/controllers/proposals_controller.rb
1	0	app/models/decision.rb
2	0	app/models/eject_member_proposal.rb
8	5	app/models/organisation.rb
0	2	config/routes.rb
0	10	spec/helpers/global_helpers_spec.rb.aside
2	3	spec/requests/members_spec.rb

--cde31382--2011-05-17--Chris Mear
3	3	spec/mailers/decision_mailer_spec.rb
4	4	spec/mailers/members_mailer_spec.rb
3	3	spec/mailers/proposal_mailer_spec.rb
2	2	spec/models/add_member_proposal_spec.rb
1	1	spec/models/change_text_proposal_spec.rb
1	1	spec/models/change_voting_period_proposal_spec.rb
1	1	spec/models/change_voting_system_proposal_spec.rb
2	2	spec/models/eject_member_proposal_spec.rb
2	2	spec/models/member_spec.rb
3	3	spec/models/proposal_spec.rb
2	2	spec/requests/add_member_proposals_spec.rb
3	3	spec/requests/authentication_spec.rb
2	2	spec/requests/change_member_class_proposals_spec.rb
3	3	spec/requests/constitution_proposal_bundles_spec.rb
6	6	spec/requests/constitutions_spec.rb
3	3	spec/requests/eject_member_proposals_spec.rb
3	3	spec/requests/found_organisation_proposals_spec.rb
1	1	spec/requests/founding_members_spec.rb
1	1	spec/requests/founding_spec.rb
1	1	spec/requests/invitations_spec.rb
2	2	spec/requests/members_spec.rb
8	3	spec/requests/multi_tenancy_spec.rb
2	2	spec/requests/one_click_spec.rb
2	2	spec/requests/password_resets_spec.rb
2	2	spec/requests/proposals_spec.rb
4	5	spec/support/blueprints.rb
73	0	spec/support/helpers.rb
0	89	spec/support/stubs.rb

--999e68bd--2011-05-15--Chris Mear
1	2	app/controllers/add_member_proposals_controller.rb
2	0	app/controllers/change_member_class_proposals_controller.rb
1	0	app/controllers/comments_controller.rb
1	1	app/controllers/eject_member_proposals_controller.rb
1	0	app/controllers/found_organisation_proposals_controller.rb
1	1	app/controllers/founding_members_controller.rb
2	0	app/controllers/proposals_controller.rb
1	0	app/controllers/votes_controller.rb
1	0	app/views/add_member_proposals/_form.html.haml
1	0	app/views/eject_member_proposals/_form.html.haml
1	0	app/views/founding_members/_form.html.haml
6	2	spec/requests/add_member_proposals_spec.rb
6	2	spec/requests/founding_members_spec.rb

--9636c3be--2011-05-15--Chris Mear
8	1	public/stylesheets/one_click.css
6	2	public/stylesheets/sass/one_click.sass

--b0b9c307--2011-05-15--Chris Mear
1	2	app/controllers/proposals_controller.rb
2	2	app/models/ability.rb
0	4	app/models/add_member_proposal.rb
0	5	app/models/change_boolean_proposal.rb
0	4	app/models/change_member_class_proposal.rb
0	4	app/models/change_text_proposal.rb
0	4	app/models/change_voting_period_proposal.rb
0	4	app/models/change_voting_system_proposal.rb
0	4	app/models/eject_member_proposal.rb
1	1	app/models/member.rb
2	2	app/models/organisation.rb
3	26	app/models/proposal.rb
1	1	doc/permissions.txt
3	3	features/step_definitions/proposal_steps.rb
1	1	spec/models/found_organisation_proposal_spec.rb
0	2	spec/models/member_spec.rb
2	2	spec/models/proposal_spec.rb
1	1	spec/requests/constitutions_spec.rb
1	1	spec/requests/founding_members_spec.rb
1	1	spec/requests/founding_spec.rb

--5bb32d39--2011-05-15--Chris Mear
7	3	app/controllers/votes_controller.rb
5	8	app/models/member.rb
1	1	app/models/proposal.rb
2	2	features/step_definitions/proposal_steps.rb
3	3	spec/models/member_spec.rb
1	1	spec/models/proposal_spec.rb
2	2	spec/requests/founding_spec.rb
2	2	spec/requests/proposals_spec.rb

--4ca3a558--2011-05-23--Chris Mear
--67ab9586--2011-05-14--Chris Mear
6	1	app/models/ability.rb
1	1	app/views/layouts/application.html.haml
1	1	app/views/proposals/_vote.html.haml
1	0	spec/views/layouts/application.html.haml_spec.rb

--58a631c9--2011-05-14--Chris Mear
3	3	app/models/member.rb
1	1	app/views/layouts/application.html.haml
1	1	app/views/proposals/_vote.html.haml
1	1	spec/views/layouts/application.html.haml_spec.rb

--2ab004e7--2011-05-05--Chris Mear
1	3	Gemfile
2	0	Gemfile.lock
4	3	app/controllers/add_member_proposals_controller.rb
5	24	app/controllers/application_controller.rb
2	2	app/controllers/change_member_class_proposals_controller.rb
2	2	app/controllers/constitution_proposal_bundles_controller.rb
4	5	app/controllers/constitutions_controller.rb
2	2	app/controllers/eject_member_proposals_controller.rb
3	11	app/controllers/found_organisation_proposals_controller.rb
4	11	app/controllers/founding_members_controller.rb
3	9	app/controllers/members_controller.rb
2	11	app/controllers/proposals_controller.rb
5	13	app/controllers/votes_controller.rb
34	0	app/models/ability.rb
3	3	app/views/layouts/application.html.haml
1	1	app/views/members/show.html.haml
1	1	app/views/proposals/show.html.haml
1	1	app/views/shared/_propose_freeform_form.html.haml
46	47	app/views/shared/_propose_new_member_form.html.haml
2	0	doc/permissions.txt
4	0	spec/requests/founding_members_spec.rb
11	1	spec/views/layouts/application.html.haml_spec.rb

--7e7e18a1--2011-05-20--Chris Mear
41	0	app/controllers/founding_members_controller.rb
4	17	app/controllers/members_controller.rb
2	0	app/helpers/founding_members_helper.rb
8	0	app/models/founding_member.rb
1	0	app/models/member.rb
11	0	app/models/organisation.rb
19	0	app/views/founding_members/_form.html.haml
3	0	app/views/founding_members/new.html.haml
4	2	app/views/members/index.html.haml
4	6	config/routes.rb
5	0	spec/controllers/founding_members_controller_spec.rb
50	0	spec/requests/founding_members_spec.rb
0	41	spec/requests/members_spec.rb

--4aed846e--2011-05-23--Chris Mear
--9a284753--2011-05-13--Chris Mear
0	148	app/controllers/proposals_controller.rb
0	156	spec/requests/proposals_spec.rb

--b85f2324--2011-05-20--Chris Mear
0	134	app/controllers/proposals_controller.rb
0	121	spec/requests/proposals_spec.rb

--7e6c126b--2011-05-20--Chris Mear
13	0	app/controllers/constitutions_controller.rb
0	9	app/controllers/one_click_controller.rb
11	0	app/helpers/constitutions_helper.rb
13	14	app/views/{one_click/amendments.html.haml => constitutions/edit.html.haml}
1	1	app/views/layouts/application.html.haml
2	2	app/views/shared/_propose_voting_system_amendment_form.html.haml
0	1	config/routes.rb
2	2	features/organisation_founding/amending_draft_organisation_settings.feature
2	2	features/organisation_running/amending_organisation_settings.feature
16	0	features/step_definitions/constitution_steps.rb
2	1	features/support/paths.rb
93	0	spec/requests/constitutions_spec.rb

--1322ee9b--2011-05-20--Chris Mear
16	0	app/controllers/constitution_proposal_bundles_controller.rb
6	1	app/models/organisation.rb
1	0	config/routes.rb
217	0	spec/requests/constitution_proposal_bundles_spec.rb

--e5d0b231--2011-05-20--Chris Mear
14	0	app/controllers/application_controller.rb
13	0	app/controllers/constitutions_controller.rb
0	9	app/controllers/members_controller.rb
0	7	app/controllers/proposals_controller.rb

--e7cd5763--2011-05-20--Chris Mear
2	12	app/controllers/application_controller.rb
14	0	app/controllers/constitutions_controller.rb
2	14	app/controllers/one_click_controller.rb
2	2	app/controllers/organisations_controller.rb
1	1	app/controllers/welcome_controller.rb
4	0	app/models/constitution.rb
1	1	app/views/{one_click/constitution.html.haml => constitutions/show.html.haml}
0	0	app/views/{one_click/constitution.pdf.haml => constitutions/show.pdf.haml}
8	8	app/views/shared/_constitution.html.haml
1	1	config/routes.rb

--8d6d8721--2011-05-20--Chris Mear
168	0	app/models/constitution_proposal_bundle.rb

--3bea7b61--2011-05-20--Chris Mear
65	0	app/models/constitution_wrapper.rb
4	0	app/models/organisation.rb

--806254df--2011-05-20--Chris Mear
5	1	app/models/change_text_proposal.rb
5	1	app/models/change_voting_period_proposal.rb
5	0	app/models/change_voting_system_proposal.rb

--1c960793--2011-05-20--Chris Mear
3	3	app/controllers/proposals_controller.rb
16	0	app/models/change_boolean_proposal.rb
16	0	app/models/change_text_proposal.rb
8	0	app/models/change_voting_period_proposal.rb
18	1	app/models/change_voting_system_proposal.rb
1	1	spec/models/change_voting_system_proposal_spec.rb
3	3	spec/requests/proposals_spec.rb

--ddab5df2--2011-05-23--Chris Mear
--b44786f6--2011-05-20--Chris Mear
29	0	app/controllers/found_organisation_proposals_controller.rb
0	28	app/controllers/proposals_controller.rb
1	1	app/views/layouts/application.html.haml
1	0	config/routes.rb
27	0	spec/requests/found_organisation_proposals_spec.rb
0	23	spec/requests/proposals_spec.rb
1	1	spec/views/layouts/application.html.haml_spec.rb

--5a828960--2011-05-20--Chris Mear
10	0	app/models/found_organisation_proposal.rb
3	2	spec/models/found_organisation_proposal_spec.rb

--e9c4e81b--2011-05-23--Chris Mear
--1bc62276--2011-05-05--Chris Mear
36	0	app/controllers/eject_member_proposals_controller.rb
2	24	app/controllers/members_controller.rb
2	0	app/helpers/eject_member_proposals_helper.rb
3	1	app/models/eject_member_proposal.rb
6	0	app/views/eject_member_proposals/_form.html.haml
2	7	app/views/members/show.html.haml
1	0	config/routes.rb
1	1	features/step_definitions/proposal_steps.rb
5	0	spec/controllers/eject_member_proposals_controller_spec.rb
1	1	spec/models/eject_member_proposal_spec.rb
36	0	spec/requests/eject_member_proposals_spec.rb
2	32	spec/requests/members_spec.rb

--e76229ef--2011-05-05--Chris Mear
41	0	app/controllers/change_member_class_proposals_controller.rb
1	27	app/controllers/members_controller.rb
2	0	app/helpers/change_member_class_proposals_helper.rb
14	2	app/models/change_member_class_proposal.rb
1	0	app/models/organisation.rb
1	3	config/routes.rb
5	0	spec/controllers/change_member_class_proposals_controller_spec.rb
66	0	spec/requests/change_member_class_proposals_spec.rb

--364de595--2011-05-05--Chris Mear
21	0	app/controllers/add_member_proposals_controller.rb
9	0	app/controllers/application_controller.rb
1	37	app/controllers/members_controller.rb
1	1	app/controllers/one_click_controller.rb
2	0	app/helpers/add_member_proposals_helper.rb
17	0	app/views/add_member_proposals/_form.html.haml
3	0	app/views/add_member_proposals/new.html.haml
3	1	app/views/one_click/dashboard.html.haml
2	0	config/routes.rb
5	0	spec/controllers/add_member_proposals_controller_spec.rb
43	0	spec/requests/add_member_proposals_spec.rb
1	34	spec/requests/members_spec.rb

--9ca44651--2011-05-05--Chris Mear
37	1	app/models/add_member_proposal.rb
20	0	app/models/change_member_class_proposal.rb
8	0	app/models/eject_member_proposal.rb
31	2	app/models/proposal.rb

--2f3b81ca--2011-05-05--Chris Mear
5	0	app/models/add_member_proposal.rb
7	0	app/models/change_member_class_proposal.rb
5	1	app/models/eject_member_proposal.rb

--a078c99d--2011-05-23--Chris Mear
--0420e188--2011-05-20--Chris Mear
11	35	app/controllers/invitations_controller.rb
4	0	app/helpers/application_helper.rb
10	10	app/views/invitations/edit.html.haml
4	4	public/javascripts/invitations_edit.js
0	15	spec/controllers/invitations_controller_spec.rb
80	0	spec/requests/invitations_spec.rb

--077935ed--2011-05-20--Chris Mear
63	0	app/models/invitation.rb
12	0	app/models/member.rb
20	0	spec/models/invitation_spec.rb

--08511347--2011-05-20--Chris Mear
64	0	lib/one_click_orgs/model_wrapper.rb
16	0	spec/support/active_model_lint.rb

--293500c6--2011-05-20--Chris Mear
5	0	app/controllers/application_controller.rb
1	1	app/controllers/organisations_controller.rb
1	1	app/controllers/password_resets_controller.rb

--51c12429--2011-05-05--Chris Mear
1	12	app/controllers/members_controller.rb
15	0	app/presenters/member_presenter.rb
2	2	app/views/members/show.html.haml

--b84e0e05--2011-05-23--Chris Mear
--e36147c1--2011-05-05--Chris Mear
6	6	config/routes.rb

--0ccce653--2011-05-05--Chris Mear
5	4	config/routes.rb