--2fa9f929--2012-08-26--Chris Mear
--d6305a21--2012-08-26--Chris Mear
1	1	app/models/coop.rb

--821d19d8--2012-08-26--Chris Mear
10	0	app/models/ability.rb
4	0	app/models/coop.rb
4	4	app/views/directors/coop/index.html.haml
25	11	spec/views/directors/coop/index.html.haml_spec.rb
18	6	spec/views/meetings/coop/index.html.haml_spec.rb

--3976ea9f--2012-08-26--Chris Mear
1	1	config/application.rb

--476d30ce--2012-08-26--Chris Mear
1	1	Gemfile
56	56	Gemfile.lock
3	0	config/application.rb
1	1	config/environments/production.rb

--60d680a7--2012-08-26--Chris Mear
1	1	Gemfile.lock

--a0ec5929--2012-08-20--Chris Mear
1	1	app/views/meetings/coop/index.html.haml

--2baf94a4--2012-08-20--Chris Mear
8	5	app/views/directors/coop/index.html.haml
10	7	app/views/meetings/coop/index.html.haml

--dda6873d--2012-08-20--Chris Mear
8	0	app/views/tasks/_task_share_transaction_mark_payment_received.html.haml

--32e81dc5--2012-08-18--Chris Mear
1	1	app/models/general_meeting.rb
8	8	app/models/resolution.rb
6	6	features/step_definitions/meeting_steps.rb
4	4	lib/one_click_orgs/model_wrapper.rb

--38852661--2012-08-19--Chris Mear
2	1	app/controllers/one_click_controller.rb
18	1	app/models/general_meeting.rb
1	1	app/models/resolution.rb
9	0	app/views/general_meetings/edit.html.haml
13	13	features/coop/running/meetings/entering_minutes_for_a_meeting.feature
54	6	features/step_definitions/meeting_steps.rb
13	0	spec/controllers/one_click_controller_spec.rb
24	0	spec/models/general_meeting_spec.rb
2	1	spec/support/blueprints.rb
21	1	spec/views/general_meetings/edit.html.haml_spec.rb

--d9e3f157--2012-08-17--Chris Mear
13	0	app/controllers/minutes_controller.rb
2	0	app/helpers/minutes_helper.rb
4	0	app/models/annual_general_meeting.rb
4	0	app/models/board_meeting.rb
10	0	app/models/coop.rb
4	0	app/models/general_meeting.rb
11	1	app/models/meeting.rb
77	0	app/models/minute.rb
7	3	app/views/meetings/coop/index.html.haml
19	0	app/views/minutes/new.html.haml
1	0	config/routes.rb
12	13	features/coop/running/meetings/entering_minutes_for_a_meeting.feature
0	4	features/step_definitions/general_meeting_steps.rb
27	0	features/step_definitions/meeting_steps.rb
6	0	lib/one_click_orgs/model_wrapper.rb
95	0	spec/controllers/minutes_controller_spec.rb
15	0	spec/models/coop_spec.rb
38	0	spec/models/minute_spec.rb
5	0	spec/views/meetings/coop/index.html.haml_spec.rb
62	0	spec/views/minutes/new.html.haml_spec.rb

--afa9c49a--2012-08-17--Chris Mear
4	4	features/support/env.rb

--daf26a56--2012-08-17--Chris Mear
3	0	features/support/env.rb
3	0	spec/spec_helper.rb

--adc673a0--2012-08-17--Chris Mear
1	1	features/coop/running/directors/appointing_new_officer.feature

--6012bfcf--2012-08-17--Chris Mear
7	6	app/views/admin/coops/index.html.haml
1	1	features/coop/founding/accepting_a_founder_member_invitation.feature
1	1	features/coop/founding/creating_a_coop.feature
1	1	features/coop/running/directors/appointing_new_director.feature
3	3	features/coop/running/directors/appointing_new_officer.feature
1	0	features/step_definitions/coop_review_steps.rb
15	3	features/step_definitions/director_steps.rb
5	2	features/step_definitions/email_steps.rb
2	0	features/support/paths.rb

--0aeab530--2012-08-17--Chris Mear
2	0	spec/requests/found_association_proposals_spec.rb

--d6ebc397--2012-08-17--Chris Mear
21	21	spec/controllers/one_click_controller_spec.rb
8	8	spec/requests/found_association_proposals_spec.rb
8	8	spec/views/one_click/dashboard.html.haml_spec.rb

--e74e3e60--2012-08-17--Chris Mear
13	0	lib/tasks/one_click_orgs.rake

--5c73a46d--2012-08-17--Chris Mear
12	4	spec/controllers/coops_controller_spec.rb
10	1	spec/controllers/members_controller_spec.rb
2	0	spec/controllers/one_click_controller_spec.rb
19	4	spec/controllers/registration_forms_controller_spec.rb
3	0	spec/views/directorships/_form.html.haml_spec.rb
1	1	spec/views/members/coop/index.html.haml_spec.rb
2	0	spec/views/officerships/new.html.haml_spec.rb
2	0	spec/views/one_click/dashboard.html.haml_spec.rb
4	0	spec/views/shares/coop/index.html.haml_spec.rb

--d700a6b0--2012-08-16--Chris Mear
0	3	app/views/shares/coop/index.html.haml

--a60d1526--2012-08-16--Chris Mear
5	0	app/views/shares/coop/index.html.haml

--94066649--2012-08-16--Chris Mear
10	0	app/views/one_click/coop/dashboard.html.haml

--479fd93e--2012-08-16--Chris Mear
4	1	app/views/members/coop/index.html.haml

--1849de89--2012-08-16--Chris Mear
1	1	app/views/directorships/_form.html.haml

--1ed19a10--2012-08-16--Chris Mear
28	3	app/views/admin/coops/index.html.haml

--7edd904a--2012-08-16--Chris Mear
13	0	app/models/share_transaction.rb

--ac75652f--2012-08-16--Chris Mear
8	0	app/models/election.rb

--be9489c4--2012-08-16--Chris Mear
3	3	app/models/ability.rb
3	1	app/views/constitutions/coop/edit.html.haml

--1f720590--2012-08-16--Chris Mear
4	0	app/controllers/one_click_controller.rb

--6749e90e--2012-08-16--Chris Mear
7	0	app/controllers/coops_controller.rb
9	0	app/controllers/members_controller.rb
7	0	app/models/invitation.rb
4	0	app/models/member.rb

--7e2810fc--2012-08-16--Chris Mear
2	2	app/controllers/constitution_proposal_bundles_controller.rb

--08d28429--2012-08-16--Chris Mear
1	0	app/controllers/ballots_controller.rb
5	1	app/views/ballots/new.html.haml

--245d636d--2012-08-16--Chris Mear
2	2	app/views/one_click/coop/checklist.html.haml

--05f8c9d4--2012-08-16--Chris Mear
1	1	app/controllers/directorships_controller.rb
1	1	app/controllers/officerships_controller.rb
10	7	app/views/directorships/_form.html.haml
11	8	app/views/officerships/new.html.haml

--4d111271--2012-08-16--Chris Mear
2	2	app/views/one_click/coop/checklist.html.haml

--1596f181--2012-08-16--Chris Mear
5	3	app/controllers/coops_controller.rb
6	0	app/models/invitation.rb

--aa54f6fa--2012-08-16--Chris Mear
3	3	app/views/founder_members/_form.html.haml
10	4	app/views/members/coop/index.html.haml

--df4d7f6b--2012-08-16--Chris Mear
14	1	app/assets/stylesheets/one_click.css.sass
27	0	app/controllers/registration_forms_controller.rb
2	0	app/helpers/registration_forms_helper.rb
1	1	app/models/clause.rb
51	0	app/models/coop.rb
7	0	app/views/one_click/coop/checklist.html.haml
22	0	app/views/registration_forms/edit.html.haml
1	0	app/views/shared/coop/_main_menu.html.haml
2	0	config/routes.rb
19	0	spec/controllers/registration_forms_controller_spec.rb
5	0	spec/views/registration_forms/edit.html.haml_spec.rb

--93ebf3a3--2012-08-16--Chris Mear
4	4	app/controllers/one_click_controller.rb

--ebeed3d8--2012-08-16--Chris Mear
-	-	app/assets/images/bullet_green.png
-	-	app/assets/images/tick.png
10	0	app/assets/stylesheets/one_click.css.sass
7	0	app/controllers/one_click_controller.rb
7	0	app/models/coop.rb
30	0	app/views/one_click/coop/checklist.html.haml
1	1	app/views/shared/coop/_main_menu.html.haml
1	0	config/routes.rb

--27cd430e--2012-08-16--Chris Mear
15	8	app/views/shared/coop/_main_menu.html.haml

--f3cae2f0--2012-08-15--Chris Mear
3	3	app/controllers/directors_controller.rb
2	2	app/models/annual_general_meeting.rb
1	1	app/models/election.rb
2	2	features/step_definitions/election_steps.rb
5	5	spec/controllers/directors_controller_spec.rb
1	1	spec/models/election_spec.rb
10	10	spec/requests/single_organisation_mode_spec.rb

--13b8f896--2012-08-15--Chris Mear
1	0	Gemfile
8	0	Gemfile.lock
2	0	app/controllers/directors_controller.rb
3	1	app/models/annual_general_meeting.rb
5	0	app/models/ballot.rb
55	0	app/models/election.rb
13	0	app/models/nomination.rb
1	0	app/models/task.rb
20	0	app/observers/election_task_observer.rb
8	0	app/views/directors/coop/index.html.haml
13	0	app/views/tasks/_task_election_view_result.html.haml
1	0	config/application.rb
5	0	db/migrate/20120815125617_add_seats_to_elections.rb
6	0	db/migrate/20120815140455_add_election_results_columns_to_nominations.rb
6	3	db/schema.rb
9	10	features/coop/running/elections/closing_election.feature
65	0	features/step_definitions/election_steps.rb
15	2	spec/controllers/directors_controller_spec.rb
122	2	spec/models/election_spec.rb
17	0	spec/models/nomination_spec.rb
15	0	spec/models/task_spec.rb
1	0	spec/support/blueprints.rb
10	0	spec/views/directors/coop/index.html.haml_spec.rb

--aa36b692--2012-08-14--Chris Mear
12	0	app/assets/javascripts/share_applications_new.js
5	0	app/assets/stylesheets/one_click.css.sass
12	0	app/controllers/share_applications_controller.rb
2	0	app/controllers/share_transactions_controller.rb
1	0	app/controllers/shares_controller.rb
2	0	app/helpers/share_applications_helper.rb
2	0	app/helpers/share_transactions_helper.rb
17	0	app/mailers/share_transaction_mailer.rb
2	0	app/models/ability.rb
15	0	app/models/coop.rb
12	0	app/models/member.rb
9	0	app/models/share_account.rb
36	0	app/models/share_application.rb
16	0	app/models/share_transaction.rb
4	0	app/models/share_transaction_state_transition.rb
1	0	app/models/task.rb
18	0	app/observers/share_transaction_mailer_observer.rb
28	0	app/observers/share_transaction_task_observer.rb
17	0	app/views/share_applications/new.html.haml
12	0	app/views/share_transaction_mailer/notify_share_application.text.erb
11	1	app/views/shares/coop/index.html.haml
7	0	app/views/tasks/_task_share_transaction_make_payment.html.haml
2	0	config/application.rb
2	0	config/routes.rb
13	0	db/migrate/20120814150110_create_share_transactions.rb
11	0	db/migrate/20120814202439_create_share_accounts.rb
12	0	db/migrate/20120814205341_create_share_transaction_state_transitions.rb
29	1	db/schema.rb
12	12	features/coop/running/shares/applying_for_shares.feature
14	0	features/step_definitions/email_steps.rb
0	3	features/step_definitions/share_steps.rb
19	0	features/step_definitions/shares_steps.rb
76	0	spec/controllers/share_applications_controller_spec.rb
17	0	spec/controllers/shares_controller_spec.rb
5	0	spec/mailers/share_transaction_mailer_spec.rb
5	0	spec/models/member_spec.rb
5	0	spec/models/share_account_spec.rb
33	0	spec/models/share_application_spec.rb
34	0	spec/models/share_transaction_spec.rb
5	0	spec/models/share_transaction_state_transition_spec.rb
21	6	spec/models/task_spec.rb
10	1	spec/support/blueprints.rb
25	0	spec/views/share_applications/new.html.haml_spec.rb
27	0	spec/views/shares/coop/index.html.haml_spec.rb

--e930b6e9--2012-08-14--Chris Mear
3	0	app/views/members/coop/new.html.haml
29	0	spec/views/members/coop/new.html.haml_spec.rb

--9276fe24--2012-08-14--Chris Mear
15	0	app/controllers/membership_application_forms_controller.rb
2	0	app/helpers/membership_application_forms_helper.rb
9	0	app/models/coop.rb
5	2	app/views/members/coop/index.html.haml
11	0	app/views/membership_application_forms/edit.html.haml
2	0	config/routes.rb
10	10	features/coop/running/members/amending_membership_settings.feature
8	0	features/step_definitions/coop_member_steps.rb
53	0	spec/controllers/membership_application_forms_controller_spec.rb
6	0	spec/models/coop_spec.rb
70	0	spec/views/members/company/index.html.haml_spec.rb
23	0	spec/views/members/coop/index.html.haml_spec.rb
0	72	spec/views/members/index.html.haml_spec.rb
8	0	spec/views/membership_application_forms/edit.html.haml_spec.rb

--0dfaefda--2012-08-14--Chris Mear
15	0	app/controllers/shares_controller.rb
13	2	app/models/clause.rb
10	0	app/models/coop.rb
9	0	app/views/shares/coop/edit_interest_rate.html.haml
5	0	app/views/shares/coop/index.html.haml
3	0	config/routes.rb
5	0	db/migrate/20120814125936_add_decimal_value_to_clauses.rb
3	2	db/schema.rb
8	8	features/coop/running/shares/adjusting_shares_settings.feature
8	0	features/step_definitions/shares_steps.rb
39	0	spec/controllers/shares_controller_spec.rb
15	0	spec/models/coop_spec.rb
15	0	spec/views/shares/coop/edit_interest_rate.html.haml_spec.rb
12	1	spec/views/shares/coop/index.html.haml_spec.rb

--9ad34509--2012-08-14--Chris Mear
15	0	app/controllers/shares_controller.rb
10	0	app/models/coop.rb
8	0	app/views/shares/coop/edit_minimum_shareholding.html.haml
4	0	app/views/shares/coop/index.html.haml
3	0	config/routes.rb
8	8	features/coop/running/shares/adjusting_shares_settings.feature
8	0	features/step_definitions/shares_steps.rb
39	0	spec/controllers/shares_controller_spec.rb
15	0	spec/models/coop_spec.rb
13	0	spec/views/shares/coop/edit_minimum_shareholding.html.haml_spec.rb
13	2	spec/views/shares/coop/index.html.haml_spec.rb

--65ad1d52--2012-08-14--Chris Mear
4	4	app/models/member_class.rb

--b30b68e2--2012-08-14--Chris Mear
15	0	app/controllers/shares_controller.rb
3	0	app/models/ability.rb
20	0	app/models/coop.rb
2	1	app/models/member_class.rb
8	0	app/views/shares/coop/edit_share_value.html.haml
8	1	app/views/shares/coop/index.html.haml
6	1	config/routes.rb
11	11	features/coop/running/shares/adjusting_shares_settings.feature
7	0	features/step_definitions/shares_steps.rb
2	0	features/support/paths.rb
49	0	spec/controllers/shares_controller_spec.rb
32	2	spec/models/coop_spec.rb
15	0	spec/views/shares/coop/edit_share_value.html.haml_spec.rb
32	0	spec/views/shares/coop/index.html.haml_spec.rb

--716753ad--2012-08-13--Chris Mear
3	3	features/coop/running/meetings/viewing_meeting_details.feature
1	1	features/coop/running/members/amending_membership_settings.feature
1	1	features/coop/running/members/resigning_membership.feature
1	1	features/coop/running/members/terminating_membership.feature
1	1	features/coop/running/miscellaneous/viewing_timeline.feature
1	1	features/coop/running/resolutions/voting_on_a_resolution.feature
1	1	features/coop/running/rules/viewing_rules.feature
4	4	features/coop/running/shares/adjusting_shares_settings.feature
1	1	features/coop/running/shares/applying_for_shares.feature
1	1	features/coop/running/shares/managing_share_payments.feature
3	3	features/coop/running/shares/managing_share_withdrawals.feature
1	1	features/coop/running/shares/viewing_share_ownership.feature
3	3	features/coop/running/shares/withdrawing_shares.feature

--f77d97b0--2012-08-11--Chris Mear
1	0	app/models/coop.rb
5	5	features/coop/founding/viewing_draft_coop_details.feature
25	0	features/step_definitions/director_steps.rb

--21a55ba8--2012-08-11--Chris Mear
4	2	app/models/coop.rb
3	4	features/coop/founding/viewing_draft_coop_details.feature
7	0	features/step_definitions/coop_member_steps.rb
7	0	spec/models/coop_spec.rb

--b5c8b1cc--2012-08-11--Chris Mear
11	12	features/coop/founding/viewing_draft_coop_details.feature
3	1	features/step_definitions/coop_member_steps.rb
9	0	features/step_definitions/rules_steps.rb

--bb057b5d--2012-08-10--Chris Mear
8	0	app/controllers/coops_controller.rb
3	0	app/models/ability.rb
8	4	app/views/shared/coop/_container_start.html.haml
5	1	config/routes.rb
6	7	features/coop/founding/submitting_coop_registration.feature
8	0	features/step_definitions/coop_registration_steps.rb

--daee0ae4--2012-08-10--Chris Mear
3	1	app/controllers/members_controller.rb
1	1	spec/controllers/members_controller_spec.rb

--654c6274--2012-08-10--Chris Mear
1	0	app/controllers/members_controller.rb
10	0	app/mailers/members_mailer.rb
5	1	app/models/coop.rb
7	0	app/observers/member_mailer_observer.rb
11	0	app/views/members_mailer/welcome_coop_new_member.text.erb
1	0	features/coop/running/members/managing_membership_issues.feature
10	0	features/step_definitions/email_steps.rb

--69d9e5ea--2012-08-09--Chris Mear
84	72	lib/tasks/one_click_orgs.rake

--a52c202d--2012-08-09--Chris Mear
0	9	app/models/meeting.rb
18	0	app/observers/meeting_mailer_observer.rb
1	0	config/application.rb

--b9e24420--2012-08-09--Chris Mear
13	13	spec/views/proposals/coop/index.html.haml_spec.rb

--569d5a19--2012-08-09--Chris Mear
2	2	spec/views/proposals/coop/index.html.haml_spec.rb

--5943ae27--2012-08-09--Chris Mear
2	2	spec/views/meetings/coop/index.html.haml_spec.rb

--7559247e--2012-08-09--Chris Mear
1	1	spec/models/general_meeting_spec.rb

--d988a6b5--2012-08-09--Chris Mear
13	0	app/assets/javascripts/coops_new.js
3	0	app/views/coops/new.html.haml

--67b256ec--2012-08-09--Chris Mear
1	1	app/views/organisations/new.html.haml

--8fcda44d--2012-08-09--Chris Mear
2	2	app/views/organisations/new.html.haml

--6f22fc63--2012-08-09--Chris Mear
1	1	app/views/tasks/_task_general_meeting_minute.html.haml

--1101d292--2012-08-09--Chris Mear
4	0	app/models/task.rb
20	1	app/observers/general_meeting_task_observer.rb

--11bdf680--2012-08-09--Chris Mear
3	0	app/assets/stylesheets/one_click.css.sass
5	1	app/views/proposals/coop/index.html.haml

--b996f5a6--2012-08-09--Chris Mear
13	1	app/views/general_meetings/show.html.haml
1	1	app/views/meetings/coop/index.html.haml

--39792c2a--2012-08-09--Chris Mear
3	3	app/views/meetings/coop/index.html.haml

--d8bbfdb9--2012-08-09--Chris Mear
2	0	lib/tasks/one_click_orgs.rake

--f4bf49ee--2012-08-09--Chris Mear
2	1	app/assets/stylesheets/one_click.css.sass
7	0	app/views/meetings/coop/index.html.haml

--41868121--2012-08-09--Chris Mear
23	0	lib/tasks/one_click_orgs.rake

--de73c97b--2012-08-09--Chris Mear
2	2	lib/tasks/one_click_orgs.rake

--ed9d2360--2012-08-09--Chris Mear
9	9	lib/tasks/one_click_orgs.rake

--5fb08d90--2012-08-09--Chris Mear
5	0	app/models/coop.rb
89	2	lib/tasks/one_click_orgs.rake

--9be66d84--2012-08-09--Chris Mear
21	0	app/controllers/founder_members_controller.rb
4	0	app/controllers/members_controller.rb
1	1	app/mailers/members_mailer.rb
4	0	app/models/ability.rb
9	0	app/models/coop.rb
8	0	app/models/founder_member.rb
12	0	app/views/founder_members/_form.html.haml
3	0	app/views/founder_members/new.html.haml
18	0	app/views/members/coop/index.html.haml
1	0	app/views/members_mailer/welcome_coop_founding_member.text.erb
3	0	config/routes.rb
8	9	features/coop/founding/inviting_founding_members.feature
20	0	features/step_definitions/coop_member_steps.rb
10	0	features/step_definitions/email_steps.rb
1	0	spec/controllers/members_controller_spec.rb

--d3c950fb--2012-08-08--Chris Mear
5	5	features/coop/founding/viewing_submitted_coops.feature
14	0	features/step_definitions/coop_review_steps.rb

--b137ca14--2012-08-08--Chris Mear
40	40	app/controllers/application_controller.rb
6	6	lib/one_click_orgs/user_authentication.rb

--01ab5630--2012-08-08--Chris Mear
23	0	app/controllers/admin/coops_controller.rb
7	15	app/controllers/admin_controller.rb
28	0	app/controllers/administrator_sessions_controller.rb
50	3	app/controllers/application_controller.rb
18	0	app/controllers/system_controller.rb
2	0	app/helpers/administrator_sessions_helper.rb
5	0	app/models/administrator.rb
7	0	app/models/coop.rb
2	0	app/models/member.rb
21	0	app/views/admin/coops/index.html.haml
1	0	app/views/admin/index.html.haml
12	0	app/views/administrator_sessions/new.html.haml
45	0	app/views/layouts/admin.html.haml
16	2	config/routes.rb
12	0	db/migrate/20120808191719_create_administrators.rb
10	1	db/schema.rb
6	6	features/coop/founding/approving_coop_registration.feature
12	0	features/step_definitions/administrator_steps.rb
17	0	features/step_definitions/coop_review_steps.rb
0	28	features/step_definitions/setup_steps.rb
4	0	features/step_definitions/web_steps_custom.rb
2	0	features/support/paths.rb
30	0	features/support/world_extensions.rb
39	0	lib/one_click_orgs/invitation_code.rb
4	32	lib/one_click_orgs/user_authentication.rb
3	0	lib/unauthenticated.rb
5	0	spec/controllers/administrator_sessions_controller_spec.rb
5	0	spec/models/administrator_spec.rb
10	0	spec/support/blueprints.rb

--9b458632--2012-08-08--Chris Mear
11	0	app/views/shared/coop/_container_start.html.haml

--79e0e1b1--2012-08-08--Chris Mear
2	0	app/views/constitutions/coop/show.html.haml

--1e202d75--2012-08-08--Chris Mear
9	6	app/controllers/coops_controller.rb
36	25	spec/controllers/coops_controller_spec.rb

--4b209b1a--2012-08-08--Chris Mear
11	0	features/coop/founding/approving_coop_registration.feature
10	0	features/coop/founding/viewing_submitted_coops.feature

--d555e1e8--2012-08-08--Chris Mear
6	6	app/controllers/invitations_controller.rb
13	13	app/mailers/members_mailer.rb
27	27	app/models/association.rb
4	4	app/models/constitution_wrapper.rb
9	9	app/models/invitation.rb
21	21	app/models/organisation.rb
5	5	app/observers/member_mailer_observer.rb
1	1	app/views/layouts/setup.html.haml
1	1	config/application.rb
1	1	features/coop/founding/creating_a_coop.feature
1	1	features/step_definitions/director_steps.rb
10	10	features/step_definitions/email_steps.rb
3	3	spec/models/invitation_spec.rb
6	6	spec/views/coops/new.html.haml_spec.rb

--f49557e4--2012-08-08--Chris Mear
12	0	app/mailers/officership_mailer.rb
6	0	app/models/coop.rb
15	0	app/observers/officership_mailer_observer.rb
8	0	app/views/officership_mailer/welcome_new_officer.text.erb
1	0	config/application.rb
10	8	features/coop/founding/appointing_initial_directors.feature
23	0	features/step_definitions/director_steps.rb
8	0	features/step_definitions/email_steps.rb
9	0	spec/models/office_spec.rb
1	1	spec/models/officership_spec.rb
2	2	spec/support/blueprints.rb

--f8234fb7--2012-08-08--Chris Mear
11	0	app/mailers/directorship_mailer.rb
15	0	app/observers/directorship_mailer_observer.rb
8	0	app/views/directorship_mailer/welcome_new_director.text.erb
1	0	config/application.rb
14	13	features/coop/founding/appointing_initial_directors.feature
11	0	features/step_definitions/director_steps.rb
7	0	features/step_definitions/email_steps.rb
5	0	spec/mailers/directorship_mailer_spec.rb
2	2	spec/models/directorship_spec.rb

--122883da--2012-08-08--Chris Mear
4	1	app/controllers/constitutions_controller.rb
139	39	app/models/constitution_wrapper.rb
1	1	app/models/coop.rb
2	0	app/views/constitutions/coop/edit.html.haml
9	9	features/coop/founding/amending_draft_coop_settings.feature
19	11	features/step_definitions/coop_member_steps.rb
35	0	features/step_definitions/rules_steps.rb
2	0	features/support/paths.rb

--b91e3258--2012-08-08--Chris Mear
15	1	app/mailers/members_mailer.rb
4	0	app/models/association.rb
20	0	app/models/coop.rb
7	4	app/models/invitation.rb
1	0	app/models/member.rb
4	0	app/models/organisation.rb
4	2	app/observers/member_mailer_observer.rb
25	0	app/views/invitations/coop/edit.html.haml
8	0	app/views/members_mailer/welcome_coop_founding_member.text.erb
13	0	features/coop/founding/accepting_a_founder_member_invitation.feature
0	13	features/coop/founding/accepting_a_founding_member_invitation.feature
11	0	features/step_definitions/coop_member_steps.rb
7	1	features/step_definitions/coop_steps.rb
9	1	features/step_definitions/email_steps.rb
1	1	features/support/paths.rb
17	5	spec/models/invitation_spec.rb
9	0	spec/support/blueprints.rb

--7d80d5ca--2012-08-08--Chris Mear
3	2	app/assets/stylesheets/one_click.css.sass
5	0	app/models/coop.rb
35	25	app/views/coops/new.html.haml
3	3	app/views/layouts/setup.html.haml
5	23	features/coop/founding/creating_a_coop.feature
14	0	features/step_definitions/coop_steps.rb
3	1	features/support/paths.rb
8	0	spec/models/coop_spec.rb
5	1	spec/views/coops/new.html.haml_spec.rb

--c5664af8--2012-08-08--Chris Mear
8	8	app/controllers/meetings_controller.rb
8	8	app/models/meeting.rb
1	1	features/coop/running/meetings/entering_minutes_for_a_meeting.feature
1	1	spec/controllers/general_meetings_controller_spec.rb
6	6	spec/controllers/meetings_controller_spec.rb
29	29	spec/models/meeting_spec.rb
1	1	spec/models/task_spec.rb

--f8342060--2012-08-08--Chris Mear
15	0	app/controllers/general_meetings_controller.rb
1	0	app/controllers/meetings_controller.rb
7	1	app/models/meeting.rb
12	0	app/views/general_meetings/edit.html.haml
10	0	app/views/general_meetings/show.html.haml
10	0	app/views/meetings/coop/index.html.haml
19	19	features/coop/running/meetings/entering_minutes_for_a_meeting.feature
59	0	features/step_definitions/general_meeting_steps.rb
96	0	spec/controllers/general_meetings_controller_spec.rb
11	3	spec/controllers/meetings_controller_spec.rb
31	6	spec/models/meeting_spec.rb
4	0	spec/support/blueprints.rb
36	0	spec/views/general_meetings/edit.html.haml_spec.rb
33	0	spec/views/general_meetings/show.html.haml_spec.rb
31	0	spec/views/meetings/coop/index.html.haml_spec.rb

--10465af2--2012-08-08--Chris Mear
2	2	spec/models/task_spec.rb

--6c613cc8--2012-08-07--Chris Mear
2	2	app/models/resolution_proposal.rb
5	5	spec/models/resolution_proposal_spec.rb

--5efd968b--2012-08-07--Chris Mear
6	1	app/controllers/constitution_proposal_bundles_controller.rb
2	2	app/controllers/constitutions_controller.rb
2	1	app/models/ability.rb
253	88	app/models/constitution_proposal_bundle.rb
44	2	app/models/resolution_proposal.rb
4	1	app/views/constitutions/coop/edit.html.haml
4	1	app/views/constitutions/coop/show.html.haml
29	29	features/coop/running/rules/suggesting_rules_amendments.feature
6	0	features/step_definitions/resolution_steps.rb
1	0	spec/controllers/constitution_proposal_bundles_controller_spec.rb
31	5	spec/controllers/constitutions_controller_spec.rb
128	60	spec/models/constitution_proposal_bundle_spec.rb
78	29	spec/models/resolution_proposal_spec.rb
24	3	spec/views/constitutions/coop/show.html.haml_spec.rb

--d931dd03--2012-08-07--Chris Mear
7	7	features/coop/running/rules/enacting_rules_amendments.feature
9	0	features/step_definitions/resolution_steps.rb
3	0	spec/support/blueprints.rb

--36adf925--2012-08-07--Chris Mear
6	0	app/views/tasks/_task_general_meeting_minute.html.haml

--6da3f092--2012-08-06--Chris Mear
2	1	app/controllers/constitution_proposal_bundles_controller.rb
5	5	app/controllers/constitutions_controller.rb
10	10	app/models/ability.rb
14	14	app/models/clause.rb
13	13	app/models/constitution_proposal_bundle.rb
41	42	app/views/constitutions/coop/show.html.haml
1	1	features/step_definitions/resolution_steps.rb
27	28	spec/models/coop_spec.rb

--b4e167e1--2012-08-06--Chris Mear
1	1	app/views/constitutions/coop/edit.html.haml

--a2bd0cf0--2012-08-06--Chris Mear
34	0	features/coop/running/rules/suggesting_rules_amendments.feature

--3e87ee5b--2012-08-06--Chris Mear
12	0	features/coop/running/rules/enacting_rules_amendments.feature

--2cb59032--2012-08-06--Chris Mear
6	1	app/controllers/constitution_proposal_bundles_controller.rb
15	7	app/controllers/constitutions_controller.rb
1	0	app/models/ability.rb
23	0	app/models/change_boolean_resolution.rb
34	0	app/models/change_integer_resolution.rb
34	0	app/models/change_text_resolution.rb
1	1	app/models/clause.rb
309	16	app/models/constitution_proposal_bundle.rb
72	0	app/models/coop.rb
1	1	app/views/constitutions/coop/edit.html.haml
1	1	app/views/constitutions/coop/show.html.haml
34	0	features/coop/running/rules/drafting_rules_amendments.feature
6	0	features/step_definitions/resolution_steps.rb
34	0	features/step_definitions/rules_steps.rb
39	0	spec/controllers/constitution_proposal_bundles_controller_spec.rb
41	0	spec/controllers/constitutions_controller_spec.rb
94	0	spec/models/constitution_proposal_bundle_spec.rb
39	0	spec/views/constitutions/coop/show.html.haml_spec.rb

--89eb4141--2012-08-06--Chris Mear
2	2	features/coop/running/directors/appointing_new_director.feature

--23f0d708--2012-08-06--Chris Mear
6	0	app/models/directorship.rb
3	1	spec/models/directorship_spec.rb

--146d209f--2012-08-05--Chris Mear
2	0	app/controllers/members_controller.rb
34	0	app/views/members/coop/edit.html.haml

--7890f9c0--2012-08-05--Chris Mear
2	0	app/views/members/coop/show.html.haml

--9855e006--2012-08-05--Chris Mear
1	1	app/views/directors/coop/index.html.haml

--07a1d561--2012-08-05--Chris Mear
4	0	app/views/directors/coop/index.html.haml
1	1	spec/views/directors/coop/index.html.haml_spec.rb

--b2c8c6f0--2012-08-05--Chris Mear
3	0	app/views/directors/coop/index.html.haml
2	2	spec/support/blueprints.rb
1	1	spec/views/directors/coop/index.html.haml_spec.rb

--664ef953--2012-08-05--Chris Mear
3	3	app/assets/stylesheets/one_click.css.sass
14	14	app/controllers/members_controller.rb
10	10	app/models/coop.rb
18	18	config/routes.rb
1	1	features/coop/running/members/managing_membership_issues.feature
11	11	spec/controllers/members_controller_spec.rb
33	33	spec/models/member_spec.rb

--ed9eb7aa--2012-08-05--Chris Mear
4	4	app/controllers/directorships_controller.rb
2	0	app/models/coop.rb
17	62	app/models/directorship.rb
33	31	app/models/member.rb
1	1	app/views/directors/coop/index.html.haml
2	2	app/views/directorships/_form.html.haml
1	1	app/views/directorships/edit.html.haml
11	0	db/migrate/20120805212826_create_directorships.rb
10	1	db/schema.rb
18	8	spec/controllers/directorships_controller_spec.rb
11	62	spec/models/directorship_spec.rb
12	0	spec/models/member_spec.rb
5	0	spec/support/blueprints.rb
3	2	spec/views/directors/coop/index.html.haml_spec.rb
1	1	spec/views/directorships/_form.html.haml_spec.rb
1	1	spec/views/directorships/edit.html.haml_spec.rb

--f2d4b6a1--2012-08-05--Chris Mear
5	0	app/assets/stylesheets/one_click.css.sass
7	0	app/views/members/coop/show.html.haml

--12853114--2012-08-05--Chris Mear
4	0	app/views/members/coop/index.html.haml

--464d2752--2012-08-05--Chris Mear
6	0	spec/models/member_spec.rb

--d4771bd7--2012-08-05--Chris Mear
1	1	Gemfile
3	0	Gemfile.lock
2	0	app/models/member.rb
4	0	app/models/member_state_transition.rb
12	0	db/migrate/20120805182322_create_member_state_transitions.rb
11	1	db/schema.rb
5	0	spec/models/member_state_transition_spec.rb

--ba115a51--2012-08-05--Chris Mear
7	1	app/controllers/members_controller.rb
4	0	app/models/ability.rb
1	0	app/models/coop.rb
21	0	app/observers/member_task_observer.rb
6	1	app/views/members/coop/show.html.haml
4	0	app/views/tasks/_task_member_process_application.html.haml
1	0	config/application.rb
1	0	config/routes.rb
14	7	features/coop/running/members/managing_membership_issues.feature
15	0	features/step_definitions/new_member_steps.rb
7	0	features/step_definitions/task_steps.rb
63	1	spec/controllers/members_controller_spec.rb
14	0	spec/models/member_spec.rb
35	0	spec/views/members/coop/show.html.haml_spec.rb

--66c52f8c--2012-08-05--Chris Mear
13	0	app/assets/stylesheets/one_click.css.sass
20	1	app/controllers/members_controller.rb
11	0	app/mailers/members_mailer.rb
2	1	app/models/coop.rb
5	1	app/models/member.rb
15	1	app/observers/member_mailer_observer.rb
22	0	app/views/member_sessions/coop/new.html.haml
3	0	app/views/members/coop/created.html.haml
17	0	app/views/members/coop/new.html.haml
13	0	app/views/members_mailer/notify_new_member.text.erb
1	0	config/routes.rb
5	0	db/migrate/20120805075225_add_address_to_members.rb
2	1	db/schema.rb
10	9	features/coop/running/members/applying_for_membership.feature
12	0	features/step_definitions/email_steps.rb
14	0	features/step_definitions/new_member_steps.rb

--caa75eff--2012-08-04--Chris Mear
1	1	app/controllers/one_click_controller.rb
5	1	app/models/task.rb
9	6	spec/controllers/one_click_controller_spec.rb
22	0	spec/models/task_spec.rb

--371e27bb--2012-08-04--Chris Mear
17	0	app/observers/general_meeting_task_observer.rb
2	1	config/application.rb
5	0	db/migrate/20120804075952_add_starts_on_to_tasks.rb
2	1	db/schema.rb
23	0	spec/models/general_meeting_spec.rb
1	0	spec/support/blueprints.rb

--e78bca27--2012-08-04--Chris Mear
11	1	app/models/officership.rb
12	0	spec/models/officership_spec.rb

--e36652ab--2012-08-04--Chris Mear
4	1	app/models/coop.rb
5	0	spec/models/coop_spec.rb

--22866a88--2012-08-03--Chris Mear
2	0	app/controllers/one_click_controller.rb
16	0	app/observers/resolution_proposal_task_observer.rb
1	1	app/views/one_click/coop/dashboard.html.haml
1	0	app/views/tasks/_task.html.haml
6	0	app/views/tasks/_task_resolution_proposal.html.haml
2	1	config/application.rb
5	0	features/coop/running/resolutions/managing_draft_and_suggested_resolutions.feature
6	0	features/step_definitions/task_steps.rb
31	0	spec/controllers/one_click_controller_spec.rb
18	0	spec/models/resolution_proposal_spec.rb

--b633b04f--2012-08-03--Chris Mear
2	0	app/models/member.rb
14	0	app/models/task.rb
12	0	db/migrate/20120803104353_create_tasks.rb
11	1	db/schema.rb
12	0	spec/models/member_spec.rb
26	0	spec/models/task_spec.rb
3	0	spec/support/blueprints.rb

--6e5a33d1--2012-08-03--Chris Mear
8	2	features/coop/running/resolutions/voting_on_a_resolution.feature

--b1f0aa21--2012-08-03--Chris Mear
1	0	app/assets/stylesheets/one_click.css.sass

--ffc471be--2012-08-03--Chris Mear
2	1	app/assets/stylesheets/one_click.css.sass

--a686f2b1--2012-08-03--Chris Mear
1	1	app/assets/stylesheets/one_click.css.sass

--416030d1--2012-08-03--Chris Mear
11	1	app/assets/stylesheets/one_click.css.sass
3	0	app/views/layouts/application.html.haml
1	1	lib/one_click_orgs.rb
4	0	lib/one_click_orgs/version.rb

--97b029b8--2012-08-03--Chris Mear
9	2	app/controllers/comments_controller.rb
7	0	app/controllers/resolution_proposals_controller.rb
4	0	app/models/resolution_proposal.rb
1	1	app/views/proposals/coop/index.html.haml
27	0	app/views/resolution_proposals/show.html.haml
2	0	config/routes.rb
15	0	features/coop/running/resolutions/viewing_a_resolution.feature
12	0	features/step_definitions/resolution_steps.rb
4	0	features/step_definitions/voting_steps.rb
4	0	spec/models/resolution_proposal_spec.rb

--df5f52f7--2012-08-02--Chris Mear
12	3	app/views/constitutions/coop/show.html.haml

--e8aacfa0--2012-08-02--Chris Mear
1	1	app/controllers/general_meetings_controller.rb

--06b05bde--2012-08-02--Chris Mear
6	2	app/views/proposals/coop/index.html.haml

--a0b5e0c5--2012-08-02--Chris Mear
5	1	app/controllers/comments_controller.rb
6	0	app/controllers/resolutions_controller.rb
27	0	app/views/resolutions/show.html.haml
3	1	config/routes.rb

--bbe83e26--2012-08-02--Chris Mear
2	1	app/controllers/one_click_controller.rb
5	0	app/models/resolution.rb
4	0	app/models/resolution_proposal.rb
3	0	app/views/one_click/coop/_draft_resolution.html.haml
3	0	app/views/one_click/coop/_resolution.html.haml
3	0	app/views/one_click/coop/_resolution_proposal.html.haml

--81495481--2012-08-02--Chris Mear
87	75	app/views/constitutions/coop/show.html.haml

--c4b66fa9--2012-08-01--Chris Mear
6	1	app/models/constitution.rb
21	1	app/models/constitution_proposal_bundle.rb
61	1	app/models/coop.rb
72	3	app/views/constitutions/coop/edit.html.haml

--c9eebb52--2012-08-01--Chris Mear
4	1	app/models/member.rb
0	0	app/views/one_click/{ => association}/_new_member.html.haml
3	0	app/views/one_click/coop/_new_member.html.haml

--3ca3b3c8--2012-08-01--Chris Mear
2	1	app/assets/stylesheets/one_click.css.sass
3	0	app/models/ability.rb
4	0	app/models/board_meeting.rb
2	0	app/models/coop.rb
4	0	app/models/general_meeting.rb
5	0	app/views/one_click/coop/_board_meeting.html.haml
5	0	app/views/one_click/coop/_general_meeting.html.haml

--cca75d2f--2012-08-01--Chris Mear
2	2	app/views/proposals/coop/index.html.haml
2	2	features/coop/running/directors/appointing_new_officer.feature
2	1	spec/views/directorships/edit.html.haml_spec.rb
3	1	spec/views/officerships/edit.html.haml_spec.rb
2	2	spec/views/proposals/coop/index.html.haml_spec.rb

--e3ec6e64--2012-08-01--Chris Mear
0	6	app/models/association.rb
9	6	app/models/constitution_proposal_bundle.rb
7	0	app/models/organisation.rb
0	0	app/views/constitutions/{ => association}/edit.html.haml
5	0	app/views/constitutions/coop/edit.html.haml

--27fcb299--2012-08-01--Chris Mear
5	0	app/models/directorship.rb
8	0	app/models/officership.rb
12	10	app/views/directors/coop/index.html.haml
2	2	app/views/directorships/_form.html.haml
12	8	app/views/directorships/edit.html.haml
3	2	app/views/directorships/new.html.haml
14	8	app/views/officerships/edit.html.haml
20	19	app/views/officerships/new.html.haml

--2223917e--2012-08-01--Chris Mear
13	0	app/assets/stylesheets/one_click.css.sass
11	10	app/views/board_meetings/new.html.haml
49	46	app/views/general_meetings/new.html.haml
13	9	app/views/meetings/coop/index.html.haml
5	1	config/locales/en.yml

--fc35a3bc--2012-08-01--Chris Mear
14	2	app/assets/stylesheets/one_click.css.sass
1	0	app/models/coop.rb
18	26	app/views/proposals/coop/index.html.haml

--260862fb--2012-08-01--Chris Mear
2	1	app/views/directors/coop/index.html.haml
19	18	app/views/meetings/coop/index.html.haml
8	7	app/views/members/coop/index.html.haml
53	49	app/views/proposals/coop/index.html.haml
7	5	app/views/shares/coop/index.html.haml

--f2c62aaa--2012-08-01--Chris Mear
7	2	app/views/one_click/coop/dashboard.html.haml

--646569db--2012-08-01--Chris Mear
5	1	app/views/one_click/coop/dashboard.html.haml
3	4	features/coop/running/miscellaneous/viewing_dashboard.feature
1	1	features/step_definitions/dashboard_steps.rb
2	0	spec/views/one_click/dashboard.html.haml_spec.rb

--6c1b77b5--2012-08-01--Chris Mear
6	0	app/controllers/one_click_controller.rb
1	1	app/views/one_click/_timeline.html.haml
1	2	app/views/one_click/coop/dashboard.html.haml
15	6	features/coop/running/miscellaneous/viewing_dashboard.feature
12	0	features/step_definitions/dashboard_steps.rb
1	1	features/support/paths.rb
2	0	spec/views/one_click/dashboard.html.haml_spec.rb

--1ea77e2c--2012-08-01--Chris Mear
7	8	features/coop/founding/accepting_a_founding_member_invitation.feature
8	9	features/coop/founding/amending_draft_coop_settings.feature
15	17	features/coop/founding/appointing_initial_directors.feature
8	8	features/coop/founding/creating_a_coop.feature
8	8	features/coop/founding/inviting_founding_members.feature
6	6	features/coop/founding/submitting_coop_registration.feature
14	14	features/coop/founding/viewing_draft_coop_details.feature
10	10	features/coop/running/elections/closing_election.feature
42	42	features/coop/running/meetings/entering_minutes_for_a_meeting.feature
15	15	features/coop/running/meetings/viewing_meeting_details.feature
10	10	features/coop/running/members/amending_membership_settings.feature
9	9	features/coop/running/members/applying_for_membership.feature
15	15	features/coop/running/members/managing_membership_issues.feature
9	9	features/coop/running/members/resigning_membership.feature
9	9	features/coop/running/members/terminating_membership.feature
8	8	features/coop/running/miscellaneous/viewing_dashboard.feature
6	6	features/coop/running/miscellaneous/viewing_timeline.feature
4	4	features/coop/running/rules/viewing_rules.feature
27	27	features/coop/running/shares/adjusting_shares_settings.feature
12	12	features/coop/running/shares/applying_for_shares.feature
10	10	features/coop/running/shares/managing_share_payments.feature
18	18	features/coop/running/shares/managing_share_withdrawals.feature
7	7	features/coop/running/shares/viewing_share_ownership.feature
20	20	features/coop/running/shares/withdrawing_shares.feature

--f4bb998a--2012-07-21--Chris Mear
1	1	Gemfile
7	8	Gemfile.lock