--27f8481e--2015-10-30--Alan Thomas
--8c4482a2--2015-10-29--Henry Hadlow
1	1	app/views/pages/_home_debated_petitions.html.erb
1	1	app/views/petitions/_debate_threshold.html.erb
1	1	app/views/petitions/search/result_items/_petition_result_for_facet_debated.html.erb

--84dc9225--2015-10-29--Henry Hadlow
1	1	app/views/petitions/search/result_items/_petition_result_for_facet_with_response.html.erb

--fb88edc9--2015-10-29--Henry Hadlow
1	1	config/locales/activerecord.en-GB.yml
1	1	features/suzie_signs_a_petition.feature
1	1	spec/models/signature_spec.rb

--1514c422--2015-10-29--Henry Hadlow
1	0	public/google2c72409b182ebce8.html

--6727c798--2015-10-29--Henry Hadlow
2	0	app/views/application/_social_meta.html.erb

--c55ef19f--2015-10-29--Henry Hadlow
13	2	app/assets/stylesheets/petitions/views/_petition-show.scss
6	1	app/views/petitions/_open_petition_show.html.erb

--7736969c--2015-10-29--Henry Hadlow
1	0	app/views/petitions/search/_results.html.erb

--3451f102--2015-10-29--Henry Hadlow
3	0	app/views/petitions/_closed_petition_show.html.erb
3	0	app/views/petitions/_open_petition_show.html.erb
3	0	app/views/petitions/_rejected_petition_show.html.erb

--c35829cf--2015-10-23--Henry Hadlow
1	1	app/views/sponsor_mailer/sponsor_signed_email_on_threshold.html.erb
1	1	app/views/sponsor_mailer/sponsor_signed_email_on_threshold.text.erb

--97727c2b--2015-10-23--Henry Hadlow
1	1	app/views/signatures/_form.html.erb

--fac6ce7e--2015-10-23--Henry Hadlow
2	2	app/views/petitions/create/_your_details_ui.html.erb

--0f7d92b8--2015-10-23--Henry Hadlow
2	0	app/views/petitions/create/_replay_petition_ui.html.erb

--830df4a9--2015-10-23--Henry Hadlow
2	2	app/assets/stylesheets/petitions/views/_shared.scss
1	1	app/views/petitions/_other_business_details.html.erb

--29699705--2015-10-30--Alan Thomas
--24efc06a--2015-10-29--Henry Hadlow
1	1	app/views/pages/_home_debated_petitions.html.erb
1	1	app/views/petitions/_debate_threshold.html.erb
1	1	app/views/petitions/search/result_items/_petition_result_for_facet_debated.html.erb

--d585e99d--2015-10-29--Henry Hadlow
1	1	app/views/petitions/search/result_items/_petition_result_for_facet_with_response.html.erb

--c7b912d3--2015-10-29--Henry Hadlow
1	1	config/locales/activerecord.en-GB.yml
1	1	features/suzie_signs_a_petition.feature
1	1	spec/models/signature_spec.rb

--23958ba9--2015-10-29--Henry Hadlow
1	0	public/google2c72409b182ebce8.html

--dde54cd3--2015-10-29--Henry Hadlow
2	0	app/views/application/_social_meta.html.erb

--3580e350--2015-10-29--Henry Hadlow
13	2	app/assets/stylesheets/petitions/views/_petition-show.scss
6	1	app/views/petitions/_open_petition_show.html.erb

--de7de0be--2015-10-29--Henry Hadlow
1	0	app/views/petitions/search/_results.html.erb

--71772b2e--2015-10-29--Henry Hadlow
3	0	app/views/petitions/_closed_petition_show.html.erb
3	0	app/views/petitions/_open_petition_show.html.erb
3	0	app/views/petitions/_rejected_petition_show.html.erb

--aa1c3c61--2015-10-23--Henry Hadlow
1	1	app/views/sponsor_mailer/sponsor_signed_email_on_threshold.html.erb
1	1	app/views/sponsor_mailer/sponsor_signed_email_on_threshold.text.erb

--7ef2d04e--2015-10-23--Henry Hadlow
1	1	app/views/signatures/_form.html.erb

--f705fe10--2015-10-23--Henry Hadlow
2	2	app/views/petitions/create/_your_details_ui.html.erb

--bceec4f9--2015-10-23--Henry Hadlow
2	0	app/views/petitions/create/_replay_petition_ui.html.erb

--9d5525dd--2015-10-23--Henry Hadlow
1	1	app/assets/stylesheets/petitions/views/_shared.scss
1	1	app/views/petitions/_other_business_details.html.erb