--fda8d56e--2015-09-09--Alan Thomas
--79e7de1b--2015-09-08--Alan Thomas
--b417c300--2015-09-08--Alan Thomas
--6f4d1511--2015-09-08--Andrew White
2	2	config/initializers/delayed_job_config.rb

--ecd7d7b4--2015-09-08--Andrew White
4	2	app/jobs/concerns/email_all_petition_signatories.rb

--af3fe776--2015-09-07--Andrew White
1	0	app/assets/stylesheets/petitions/admin/_colours.scss
17	1	app/assets/stylesheets/petitions/admin/views/_shared.scss
2	4	app/controllers/admin/searches_controller.rb
17	0	app/controllers/admin/signatures_controller.rb
2	2	app/controllers/admin/user_sessions_controller.rb
8	0	app/models/signature.rb
1	0	app/views/admin/searches/show.html.erb
2	2	app/views/admin/shared/_messages.html.erb
7	1	app/views/admin/signatures/_signature.html.erb
1	0	config/routes.rb
23	0	features/admin/search_for_signatures_by_email.feature
23	3	features/step_definitions/admin_search_steps.rb
1	1	spec/controllers/admin/searches_controller_spec.rb
65	0	spec/controllers/admin/signatures_controller_spec.rb
39	0	spec/models/signature_spec.rb