--a1b90014--2015-07-02--Murray Steele
--f830a0e9--2015-07-02--Andrew White
3	0	config/puma.rb

--6f0ad274--2015-07-02--Andrew White
0	7	config/evergreen.rb

--5b356a34--2015-07-02--Andrew White
0	11	app/views/admin/petitions/_petition.html.erb

--07d87996--2015-07-02--Murray Steele
--559a50ba--2015-07-02--Murray Steele
--bb6e0b74--2015-07-02--Andrew White
8	2	spec/requests/seen_cookie_message_spec.rb

--1f17330a--2015-07-02--Andrew White
0	4	app/models/petition.rb

--d358a954--2015-07-02--Murray Steele
--09489487--2015-07-02--Murray Steele
--f24fd9ae--2015-07-02--Andrew White
0	1	app/views/application/_header.html.erb
21	16	app/views/layouts/application.html.erb

--92e4ac2c--2015-07-02--Andrew White
11	2	app/models/site.rb
2	0	features/step_definitions/common_steps.rb
1	1	features/support/hooks.rb
54	3	spec/models/site_spec.rb
2	2	spec/support/site.rb

--5a4e6792--2015-07-02--Andrew White
1	0	.env.development
1	0	.env.test
2	0	.travis.yml
4	2	Gemfile
4	0	Gemfile.lock
1	0	README.md
8	0	config/application.rb
1	1	config/environments/development.rb

--5ad259f7--2015-07-01--Andrew White
119	57	app/models/petition.rb
4	0	config/locales/activerecord.en-GB.yml
17	17	features/admin/all_petitions.feature
7	7	features/admin/search_for_petitions_by_keyword.feature
1	0	features/step_definitions/debate_outcome_steps.rb

--24decb3c--2015-07-01--Andrew White
8	9	app/controllers/admin/debate_outcomes_controller.rb
4	0	app/models/debate_outcome.rb
5	0	app/models/petition.rb
18	0	db/migrate/20150701174136_add_debate_outcome_at_to_petitions.rb
4	1	db/structure.sql
16	0	spec/models/debate_outcome_spec.rb
3	3	spec/models/petition_spec.rb

--cb8a3d87--2015-07-01--Andrew White
9	5	app/controllers/admin/notes_controller.rb
6	0	app/models/note.rb
1	0	app/models/petition.rb
3	3	app/views/admin/notes/_petition_action_notes.html.erb
12	0	db/migrate/20150701165424_create_notes.rb
29	0	db/migrate/20150701165425_migrate_notes.rb
66	1	db/structure.sql
4	2	features/admin/notes.feature
10	18	spec/controllers/admin/notes_controller_spec.rb
12	0	spec/factories.rb
22	0	spec/models/note_spec.rb

--96887ab3--2015-07-01--Andrew White
19	25	app/controllers/admin/moderation_controller.rb
8	5	app/controllers/admin/take_down_controller.rb
1	1	app/helpers/form_helper.rb
0	14	app/helpers/petition_helper.rb
25	0	app/helpers/rejection_helper.rb
1	1	app/mailers/application_mailer.rb
1	1	app/mailers/petition_mailer.rb
45	23	app/models/petition.rb
22	0	app/models/rejection.rb
7	6	app/views/admin/moderation/_form.html.erb
2	2	app/views/admin/petitions/_petition_details.html.erb
31	0	app/views/admin/petitions/_published_petition_details.html.erb
11	8	app/views/admin/petitions/_reject.html.erb
4	4	app/views/petition_mailer/petition_rejected.html.erb
3	3	app/views/petition_mailer/petition_rejected.text.erb
3	3	app/views/petitions/_rejected_petition_show.html.erb
8	0	config/locales/activerecord.en-GB.yml
0	43	config/locales/petitions.en-GB.yml
43	0	config/locales/rejections.en-GB.yml
13	0	db/migrate/20150701151007_create_rejections.rb
43	0	db/migrate/20150701151008_migrate_rejections.rb
69	3	db/structure.sql
2	2	features/step_definitions/moderation_steps.rb
3	4	features/step_definitions/petition_steps.rb
5	1	features/step_definitions/sponsor_steps.rb
8	0	features/support/custom_env.rb
2	2	spec/controllers/admin/debate_outcomes_controller_spec.rb
2	2	spec/controllers/admin/government_response_controller_spec.rb
5	5	spec/controllers/admin/moderation_controller_spec.rb
2	2	spec/controllers/admin/notes_controller_spec.rb
1	1	spec/controllers/admin/petition_details_controller_spec.rb
2	2	spec/controllers/admin/schedule_debate_controller_spec.rb
9	12	spec/controllers/admin/take_down_controller_spec.rb
19	3	spec/factories.rb
21	0	spec/helpers/rejection_helper_spec.rb
1	1	spec/mailers/petition_mailer_spec.rb
12	38	spec/models/petition_spec.rb
116	0	spec/models/rejection_spec.rb
2	2	spec/models/signature_spec.rb

--829dc25a--2015-07-01--Andrew White
8	10	app/controllers/admin/government_response_controller.rb
11	0	app/models/government_response.rb
37	13	app/models/petition.rb
7	7	app/views/admin/government_response/_petition_action_government_response.html.erb
1	1	app/views/admin/petitions/_petition.html.erb
1	1	app/views/petition_mailer/notify_signer_of_threshold_response.html.erb
1	1	app/views/petition_mailer/notify_signer_of_threshold_response.text.erb
4	4	app/views/petitions/_response_threshold.html.erb
13	0	db/migrate/20150701145201_create_government_responses.rb
33	0	db/migrate/20150701145202_migrate_government_responses.rb
67	2	db/structure.sql
4	4	features/step_definitions/petition_steps.rb
1	1	features/step_definitions/threshold_steps.rb
17	18	spec/controllers/admin/government_response_controller_spec.rb
19	2	spec/factories.rb
40	0	spec/models/government_response_spec.rb
9	65	spec/models/petition_spec.rb

--7af196ce--2015-07-01--Andrew White
0	18	app/models/petition.rb
1	1	spec/controllers/admin/searches_controller_spec.rb
0	51	spec/models/petition_spec.rb

--0f4d0255--2015-07-01--Andrew White
17	0	app/helpers/application_helper.rb
1	1	app/views/petitions/create/_petition_details_ui.html.erb
60	0	spec/helpers/application_helper_spec.rb

--c5a40af0--2015-07-01--Andrew White
1	1	app/controllers/application_controller.rb
22	0	spec/requests/seen_cookie_message_spec.rb