--37d417e0--2015-06-25--Pete Herlihy
--ce7c4bfb--2015-06-25--David Basalla
--a4a9a57f--2015-06-25--Pete Herlihy
2	2	features/charlie_creates_a_petition.feature

--4924a50e--2015-06-23--Murray Steele
38	0	app/controllers/admin/government_response_controller.rb
0	31	app/controllers/admin/petitions_controller.rb
37	0	app/views/admin/government_response/show.html.erb
1	1	app/views/admin/petitions/_petition.html.erb
0	25	app/views/admin/petitions/edit_response.html.erb
1	1	app/views/admin/petitions/show.html.erb
1	2	app/views/admin/shared/_admin_nav.html.erb
1	1	app/views/admin/signatures/_signature.html.erb
1	2	config/routes.rb
9	6	features/admin/threshold.feature
3	2	features/step_definitions/moderation_steps.rb
343	0	spec/controllers/admin/government_response_controller_spec.rb
0	124	spec/controllers/admin/petitions_controller_spec.rb
27	0	spec/routing/admin/petitions/government_response_spec.rb
0	8	spec/routing/admin/petitions_spec.rb

--24da5484--2015-06-23--Murray Steele
1	1	spec/controllers/admin/debate_outcomes_controller_spec.rb
1	1	spec/controllers/admin/petition_details_controller_spec.rb

--13ebd535--2015-06-23--Murray Steele
1	1	app/controllers/admin/moderation_controller.rb
1	1	app/controllers/admin/petition_details_controller.rb

--edf3ee57--2015-06-23--Murray Steele
2	1	app/controllers/admin/take_down_controller.rb
0	10	app/views/admin/petitions/edit_response.html.erb
3	1	app/views/admin/petitions/show.html.erb
6	1	app/views/admin/take_down/show.html.erb
0	1	features/admin/moderator_responds_to_petition.feature
0	2	features/admin/takedown.feature
3	2	features/step_definitions/moderation_steps.rb
1	0	features/step_definitions/takedown_steps.rb
31	30	spec/controllers/admin/take_down_controller_spec.rb

--317231ba--2015-06-23--Murray Steele
5	7	app/lib/audit_logger.rb

--4ac350e3--2015-06-22--Murray Steele
0	13	app/controllers/admin/petitions_controller.rb
1	8	app/views/admin/petitions/edit_response.html.erb
3	0	app/views/admin/petitions/show.html.erb
0	35	spec/controllers/admin/petitions_controller_spec.rb
0	4	spec/routing/admin/petitions_spec.rb

--94654f36--2015-06-22--Murray Steele
26	0	app/controllers/admin/take_down_controller.rb
11	0	app/views/admin/take_down/show.html.erb
1	0	config/routes.rb
275	0	spec/controllers/admin/take_down_controller_spec.rb
27	0	spec/routing/admin/petitions/take_down_spec.rb

--aedfe4f8--2015-06-22--Murray Steele
2	2	features/admin/takedown.feature
4	4	features/step_definitions/takedown_steps.rb
3	0	features/support/number_helpers.rb

--d307c34d--2015-06-22--Murray Steele
26	0	app/controllers/admin/notes_controller.rb
16	0	app/views/admin/notes/show.html.erb
1	0	app/views/admin/petitions/show.html.erb
1	0	config/routes.rb
180	0	spec/controllers/admin/notes_controller_spec.rb
27	0	spec/routing/admin/petitions/notes_spec.rb

--18393809--2015-06-22--Murray Steele
1	10	app/controllers/admin/searches_controller.rb
2	1	features/admin/moderator_responds_to_petition.feature
9	9	features/admin/search_for_petition_by_id.feature
0	17	features/step_definitions/admin_search_steps.rb
0	24	spec/controllers/admin/searches_controller_spec.rb

--5b64c7b7--2015-06-22--Murray Steele
1	1	app/controllers/admin/petitions_controller.rb
0	3	app/views/admin/petitions/_internal_response.html.erb
0	1	app/views/admin/petitions/edit_response.html.erb

--61a0c4bd--2015-06-22--Murray Steele
1	1	app/controllers/admin/petitions_controller.rb
1	1	app/models/petition.rb
1	2	app/views/admin/petitions/_internal_response.html.erb
6	0	db/migrate/20150622140322_change_internal_response_to_notes.rb
3	9	db/structure.sql
5	6	features/admin/threshold.feature
0	1	lib/tasks/data-generator.rake
2	3	spec/controllers/admin/petitions_controller_spec.rb
3	4	spec/lib/email_reminder_spec.rb
3	5	spec/models/petition_spec.rb

--5359090c--2015-06-22--Murray Steele
31	0	features/admin/notes.feature
0	26	features/admin/petition_requires_response.feature
0	13	features/admin/threshold.feature

--56751c52--2015-06-25--Pete Herlihy
1	1	features/charlie_creates_a_petition.feature

--fbca9383--2015-06-25--Pete Herlihy
2	2	features/step_definitions/petition_steps.rb

--dd644edd--2015-06-22--Henry Hadlow
1	1	app/assets/stylesheets/petitions/_forms.scss
9	14	app/views/petitions/_action_help.html.erb
3	5	app/views/petitions/check.html.erb
3	3	app/views/petitions/check_results.html.erb
4	7	app/views/petitions/create/_petition_details_ui.html.erb
1	1	app/views/petitions/create/_replay_petition_ui.html.erb
1	1	features/step_definitions/petition_steps.rb