--37d417e0--2015-06-25--Pete Herlihy
--ce7c4bfb--2015-06-25--David Basalla
--a4a9a57f--2015-06-25--Pete Herlihy
2	2	features/charlie_creates_a_petition.feature

--4924a50e--2015-06-23--Murray Steele
38	0	app/controllers/admin/government_response_controller.rb
0	31	app/controllers/admin/petitions_controller.rb
37	0	app/views/admin/government_response/show.html.erb
1	1	app/views/admin/petitions/_petition.html.erb
0	25	app/views/admin/petitions/edit_response.html.erb
1	1	app/views/admin/petitions/show.html.erb
1	2	app/views/admin/shared/_admin_nav.html.erb
1	1	app/views/admin/signatures/_signature.html.erb
1	2	config/routes.rb
9	6	features/admin/threshold.feature
3	2	features/step_definitions/moderation_steps.rb
343	0	spec/controllers/admin/government_response_controller_spec.rb
0	124	spec/controllers/admin/petitions_controller_spec.rb
27	0	spec/routing/admin/petitions/government_response_spec.rb
0	8	spec/routing/admin/petitions_spec.rb

--24da5484--2015-06-23--Murray Steele
1	1	spec/controllers/admin/debate_outcomes_controller_spec.rb
1	1	spec/controllers/admin/petition_details_controller_spec.rb

--13ebd535--2015-06-23--Murray Steele
1	1	app/controllers/admin/moderation_controller.rb
1	1	app/controllers/admin/petition_details_controller.rb

--edf3ee57--2015-06-23--Murray Steele
2	1	app/controllers/admin/take_down_controller.rb
0	10	app/views/admin/petitions/edit_response.html.erb
3	1	app/views/admin/petitions/show.html.erb
6	1	app/views/admin/take_down/show.html.erb
0	1	features/admin/moderator_responds_to_petition.feature
0	2	features/admin/takedown.feature
3	2	features/step_definitions/moderation_steps.rb
1	0	features/step_definitions/takedown_steps.rb
31	30	spec/controllers/admin/take_down_controller_spec.rb

--317231ba--2015-06-23--Murray Steele
5	7	app/lib/audit_logger.rb

--4ac350e3--2015-06-22--Murray Steele
0	13	app/controllers/admin/petitions_controller.rb
1	8	app/views/admin/petitions/edit_response.html.erb
3	0	app/views/admin/petitions/show.html.erb
0	35	spec/controllers/admin/petitions_controller_spec.rb
0	4	spec/routing/admin/petitions_spec.rb

--94654f36--2015-06-22--Murray Steele
26	0	app/controllers/admin/take_down_controller.rb
11	0	app/views/admin/take_down/show.html.erb
1	0	config/routes.rb
275	0	spec/controllers/admin/take_down_controller_spec.rb
27	0	spec/routing/admin/petitions/take_down_spec.rb

--aedfe4f8--2015-06-22--Murray Steele
2	2	features/admin/takedown.feature
4	4	features/step_definitions/takedown_steps.rb
3	0	features/support/number_helpers.rb

--d307c34d--2015-06-22--Murray Steele
26	0	app/controllers/admin/notes_controller.rb
16	0	app/views/admin/notes/show.html.erb
1	0	app/views/admin/petitions/show.html.erb
1	0	config/routes.rb
180	0	spec/controllers/admin/notes_controller_spec.rb
27	0	spec/routing/admin/petitions/notes_spec.rb

--18393809--2015-06-22--Murray Steele
1	10	app/controllers/admin/searches_controller.rb
2	1	features/admin/moderator_responds_to_petition.feature
9	9	features/admin/search_for_petition_by_id.feature
0	17	features/step_definitions/admin_search_steps.rb
0	24	spec/controllers/admin/searches_controller_spec.rb

--5b64c7b7--2015-06-22--Murray Steele
1	1	app/controllers/admin/petitions_controller.rb
0	3	app/views/admin/petitions/_internal_response.html.erb
0	1	app/views/admin/petitions/edit_response.html.erb

--61a0c4bd--2015-06-22--Murray Steele
1	1	app/controllers/admin/petitions_controller.rb
1	1	app/models/petition.rb
1	2	app/views/admin/petitions/_internal_response.html.erb
6	0	db/migrate/20150622140322_change_internal_response_to_notes.rb
3	9	db/structure.sql
5	6	features/admin/threshold.feature
0	1	lib/tasks/data-generator.rake
2	3	spec/controllers/admin/petitions_controller_spec.rb
3	4	spec/lib/email_reminder_spec.rb
3	5	spec/models/petition_spec.rb

--5359090c--2015-06-22--Murray Steele
31	0	features/admin/notes.feature
0	26	features/admin/petition_requires_response.feature
0	13	features/admin/threshold.feature

--d4be57e6--2015-06-25--Murray Steele
--b22038f0--2015-06-25--Pete Herlihy
--56751c52--2015-06-25--Pete Herlihy
1	1	features/charlie_creates_a_petition.feature

--fbca9383--2015-06-25--Pete Herlihy
2	2	features/step_definitions/petition_steps.rb

--80ebf457--2015-06-25--Andrew White
1	0	Gemfile
2	0	Gemfile.lock

--e3d8123c--2015-06-25--Pete Herlihy
1	1	app/views/petitions/_debate_threshold.html.erb

--6ac2971c--2015-06-25--Pete Herlihy
1	1	features/suzie_views_a_petition.feature

--86bd481b--2015-06-24--Otto Laitila
1	1	app/views/petitions/check_results.html.erb
2	2	app/views/petitions/index.html.erb
0	0	app/views/{ => petitions}/search/_filter_nav.html.erb
16	0	app/views/petitions/search/_results.html.erb
0	0	app/views/{ => petitions}/search/_results_for_pre_create_petition.html.erb
0	0	app/views/{search/petitions => petitions/search/result_items}/_petition_result_for_facet_all.html.erb
3	0	app/views/petitions/search/result_items/_petition_result_for_facet_awaiting_debate_date.html.erb
0	0	app/views/{search/petitions => petitions/search/result_items}/_petition_result_for_facet_awaiting_response.html.erb
0	0	app/views/{search/petitions => petitions/search/result_items}/_petition_result_for_facet_closed.html.erb
0	0	app/views/{search/petitions => petitions/search/result_items}/_petition_result_for_facet_open.html.erb
0	0	app/views/{search/petitions => petitions/search/result_items}/_petition_result_for_facet_rejected.html.erb
0	0	app/views/{search/petitions => petitions/search/result_items}/_petition_result_for_facet_with_debate_outcome.html.erb
0	0	app/views/{search/petitions => petitions/search/result_items}/_petition_result_for_facet_with_response.html.erb
0	3	app/views/search/_result_list_footer.html.erb
0	8	app/views/search/_results.html.erb
0	7	app/views/search/_results_table.html.erb

--5f93012c--2015-06-24--Otto Laitila
5	0	app/assets/stylesheets/petitions/views/_search.scss
5	7	app/views/petitions/index.html.erb

--2aa72783--2015-06-24--Otto Laitila
2	2	features/step_definitions/moderation_steps.rb
5	2	features/step_definitions/search_steps.rb
35	10	features/suzie_searches_by_free_text.feature

--4b261aca--2015-06-24--Otto Laitila
0	7	app/controllers/search_controller.rb
0	8	app/views/search/search.html.erb
0	6	app/views/static_pages/home.html.erb
10	15	features/step_definitions/search_steps.rb
12	72	features/suzie_searches_by_free_text.feature

--4ffebcf1--2015-06-22--Otto Laitila
6	0	app/helpers/search_helper.rb
2	0	app/views/petitions/index.html.erb
5	0	features/suzie_views_all_petitions.feature
27	0	spec/helpers/search_helper_spec.rb

--4135d170--2015-06-22--Otto Laitila
8	1	app/views/petitions/index.html.erb
0	1	app/views/search/search.html.erb

--db4a5266--2015-06-25--Murray Steele
--fa02e240--2015-06-24--alanth
--dd644edd--2015-06-22--Henry Hadlow
1	1	app/assets/stylesheets/petitions/_forms.scss
9	14	app/views/petitions/_action_help.html.erb
3	5	app/views/petitions/check.html.erb
3	3	app/views/petitions/check_results.html.erb
4	7	app/views/petitions/create/_petition_details_ui.html.erb
1	1	app/views/petitions/create/_replay_petition_ui.html.erb
1	1	features/step_definitions/petition_steps.rb

--38ffac54--2015-06-24--Paula Stepinska
1	1	app/models/petition.rb

--e0bfb8ad--2015-06-24--Henry Hadlow
7	5	app/assets/stylesheets/petitions/_buttons.scss
0	5	app/assets/stylesheets/petitions/_forms.scss
2	2	app/assets/stylesheets/petitions/_layout.scss
3	0	app/assets/stylesheets/petitions/_typography.scss
3	6	app/assets/stylesheets/petitions/views/_petition-show.scss
22	7	app/assets/stylesheets/petitions/views/_shared.scss
27	0	app/views/petitions/_closed_petition_show.html.erb
16	28	app/views/petitions/{_petition_show.html.erb => _open_petition_show.html.erb}
3	13	app/views/petitions/show.html.erb
1	1	app/views/signatures/create/_signer_ui.html.erb
2	2	features/suzie_views_a_petition.feature

--3bde4f17--2015-06-24--Paula Stepinska
1	2	app/models/petition.rb

--d15c56bd--2015-06-24--Murray Steele
--85adcadb--2015-06-24--Pete Herlihy
3	2	app/views/local_petitions/index.html.erb
2	2	config/locales/petitions.en-GB.yml
2	2	features/step_definitions/constituency_search_steps.rb
24	0	spec/helpers/signature_helper_spec.rb

--54168fbb--2015-06-24--Pete Herlihy
3	2	app/helpers/signature_helper.rb

--1a60357c--2015-06-24--Pete Herlihy
1	1	app/controllers/local_petitions_controller.rb
1	1	app/models/petition.rb
2	2	spec/controllers/local_petitions_controller_spec.rb

--ac46cacd--2015-06-23--David Basalla
0	5	spec/controllers/admin/petitions_controller_spec.rb

--23fd7591--2015-06-23--David Basalla
3	2	app/views/admin/searches/new.html.erb

--b1a493fd--2015-06-23--David Basalla
1	0	app/models/petition.rb

--8e8f5b90--2015-06-22--David Basalla
1	3	app/controllers/admin/petitions_controller.rb
22	4	app/controllers/admin/searches_controller.rb

--7c3e072e--2015-06-23--David Basalla
7	0	spec/controllers/admin/searches_controller_spec.rb

--c68fd8ee--2015-06-22--David Basalla
31	0	features/admin/search_for_petitions_by_keyword.feature
6	0	features/step_definitions/admin_search_steps.rb

--0a854b55--2015-06-24--Murray Steele
--ebd9bdc4--2015-06-18--Paula Stepinska
25	11	app/helpers/petition_helper.rb
16	0	app/models/petition.rb
3	0	app/views/search/petitions/_petition_result_for_facet_awaiting_debate_date.html.erb
3	1	config/locales/petitions.en-GB.yml
9	0	db/migrate/20150622083615_add_debate_threshold_reached_at_to_petitions.rb
13	3	db/structure.sql
4	0	spec/factories.rb
44	0	spec/helpers/petition_helper_spec.rb
73	0	spec/models/petition_spec.rb

--e6b1a132--2015-06-18--Paula Stepinska
11	1	features/step_definitions/petition_steps.rb
12	0	features/suzie_views_all_petitions.feature

--de80aa36--2015-06-23--David Basalla
22	16	app/controllers/signatures_controller.rb

--d6902747--2015-06-23--David Basalla
5	1	app/controllers/signatures_controller.rb

--d2f08d46--2015-06-23--David Basalla
2	1	features/laura_signs_charlies_petition_as_a_sponsor.feature