--fa02e240--2015-06-24--alanth
--38ffac54--2015-06-24--Paula Stepinska
1	1	app/models/petition.rb

--3bde4f17--2015-06-24--Paula Stepinska
1	2	app/models/petition.rb

--d15c56bd--2015-06-24--Murray Steele
--ac46cacd--2015-06-23--David Basalla
0	5	spec/controllers/admin/petitions_controller_spec.rb

--23fd7591--2015-06-23--David Basalla
3	2	app/views/admin/searches/new.html.erb

--b1a493fd--2015-06-23--David Basalla
1	0	app/models/petition.rb

--8e8f5b90--2015-06-22--David Basalla
1	3	app/controllers/admin/petitions_controller.rb
22	4	app/controllers/admin/searches_controller.rb

--7c3e072e--2015-06-23--David Basalla
7	0	spec/controllers/admin/searches_controller_spec.rb

--c68fd8ee--2015-06-22--David Basalla
31	0	features/admin/search_for_petitions_by_keyword.feature
6	0	features/step_definitions/admin_search_steps.rb

--0a854b55--2015-06-24--Murray Steele
--ebd9bdc4--2015-06-18--Paula Stepinska
25	11	app/helpers/petition_helper.rb
16	0	app/models/petition.rb
3	0	app/views/search/petitions/_petition_result_for_facet_awaiting_debate_date.html.erb
3	1	config/locales/petitions.en-GB.yml
9	0	db/migrate/20150622083615_add_debate_threshold_reached_at_to_petitions.rb
13	3	db/structure.sql
4	0	spec/factories.rb
44	0	spec/helpers/petition_helper_spec.rb
73	0	spec/models/petition_spec.rb

--e6b1a132--2015-06-18--Paula Stepinska
11	1	features/step_definitions/petition_steps.rb
12	0	features/suzie_views_all_petitions.feature

--6a22d76f--2015-06-23--Andrew White
1	0	config/environments/production.rb

--de80aa36--2015-06-23--David Basalla
22	16	app/controllers/signatures_controller.rb

--d6902747--2015-06-23--David Basalla
5	1	app/controllers/signatures_controller.rb

--d2f08d46--2015-06-23--David Basalla
2	1	features/laura_signs_charlies_petition_as_a_sponsor.feature