--7d81af57--2015-06-23--Murray Steele
--4578713f--2015-06-23--Alexander Bobin
--e3f9dca3--2015-06-23--Alexander Bobin
--08366118--2015-06-19--Otto Laitila
1	0	app/controllers/admin/petitions_controller.rb

--47419add--2015-06-19--Otto Laitila
9	0	app/mailers/petition_mailer.rb
12	0	app/views/petition_mailer/notify_signer_of_debate_scheduled.html.erb
10	0	app/views/petition_mailer/notify_signer_of_debate_scheduled.text.erb
2	0	config/locales/petitions.en-GB.yml
4	0	spec/factories.rb
28	0	spec/mailers/petition_mailer_spec.rb

--5e646307--2015-06-19--Otto Laitila
5	0	db/migrate/20150619134335_add_debate_scheduled_to_email_sent_receipt.rb
4	1	db/structure.sql

--f6949395--2015-06-19--Otto Laitila
5	0	db/migrate/20150619133502_add_debate_scheduled_to_email_requested_receipt.rb
4	1	db/structure.sql

--d607c346--2015-06-19--David Basalla
19	0	app/jobs/email_debate_scheduled_job.rb

--b23f8512--2015-06-19--Otto Laitila
38	0	spec/jobs/email_debate_scheduled_job_spec.rb

--edbc4dc9--2015-06-19--Otto Laitila
3	1	features/admin/moderator_updates_petition_scheduled_debate_date.feature
23	0	features/step_definitions/debate_scheduled_steps.rb
2	2	features/step_definitions/petition_steps.rb

--1675824f--2015-06-23--Andrew White
3	3	app/views/archived/petitions/show.html.erb
1	1	app/views/petitions/_debate_threshold.html.erb
2	2	app/views/petitions/_petition_show.html.erb
2	2	app/views/petitions/_rejected_petition_show.html.erb
2	2	app/views/petitions/_response_threshold.html.erb
2	4	app/views/petitions/create/_replay_petition_ui.html.erb

--a11169e9--2015-06-23--Andrew White
2	2	app/views/admin/petitions/_petition_details.html.erb
3	3	app/views/archived/petitions/show.html.erb
1	1	app/views/petition_mailer/petition_rejected.html.erb
1	1	app/views/petitions/_debate_threshold.html.erb
2	2	app/views/petitions/_petition_show.html.erb
2	2	app/views/petitions/_rejected_petition_show.html.erb
2	2	app/views/petitions/_response_threshold.html.erb
2	2	app/views/petitions/create/_replay_petition_ui.html.erb

--65e470f7--2015-06-23--Andrew White
2	2	app/views/admin/petitions/_petition_details.html.erb
3	3	app/views/archived/petitions/show.html.erb
1	1	app/views/petitions/_debate_threshold.html.erb
2	2	app/views/petitions/_petition_show.html.erb
2	2	app/views/petitions/_rejected_petition_show.html.erb
2	2	app/views/petitions/_response_threshold.html.erb
2	2	app/views/petitions/create/_replay_petition_ui.html.erb

--13b7036c--2015-06-23--Andrew White
1	1	app/views/local_petitions/index.html.erb
3	3	app/views/petitions/_debate_threshold.html.erb
3	3	app/views/shared/_footer.html.erb
4	4	app/views/shared/_share_petition.html.erb
2	3	app/views/signatures/signed.html.erb
4	4	app/views/static_pages/help.html.erb
1	1	config/locales/petitions.en-GB.yml

--b4445508--2015-06-23--Andrew White
1	1	app/views/search/_filter_nav.html.erb

--bc2129da--2015-06-23--Andrew White
2	2	app/views/petitions/_threshold_details.html.erb

--54fe8714--2015-06-22--Henry Hadlow
35	0	app/assets/stylesheets/petitions/views/_search.scss
4	6	app/views/local_petitions/_search.html.erb
4	6	app/views/static_pages/home.html.erb