--5ab951c3--2015-06-19--Murray Steele
--f3183ea8--2015-06-19--Pete Herlihy
1	1	features/step_definitions/petition_steps.rb

--9e1e9ca8--2015-06-18--Pete Herlihy
1	1	app/views/admin/petitions/show.html.erb
1	1	features/admin/providing_debate_outcome_information.feature

--b892d6b9--2015-06-18--Pete Herlihy
4	4	app/models/petition.rb
1	1	app/views/admin/petitions/show.html.erb
1	1	app/views/search/petitions/_petition_result_for_facet_with_response.html.erb
1	1	db/structure.sql
2	2	features/admin/petition_requires_response.feature
2	2	features/admin/takedown.feature
3	3	features/step_definitions/petition_steps.rb
3	3	features/suzie_views_all_petitions.feature
6	6	spec/models/petition_spec.rb

--3bad3c0b--2015-06-18--Andrew White
2	0	lib/tasks/deploy.rake

--9b6f1ef7--2015-06-18--Andrew White
4	0	config/initializers/newrelic.rb