--9e4ea663--2015-06-17--alanth
--956a315a--2015-06-17--David Basalla
--bb675166--2015-06-17--Murray Steele
--e754ef4a--2015-06-17--Murray Steele
--e2ab9f89--2015-06-17--Andrew White
1	1	Gemfile
37	38	Gemfile.lock

--741bfa74--2015-06-16--Andrew White
7	0	.env
4	1	.env.development
4	1	.env.test
89	1	app/models/site.rb
1	1	spec/controllers/admin/petitions_controller_spec.rb
1	1	spec/controllers/petitions_controller_spec.rb
1	1	spec/lib/email_reminder_spec.rb
2	2	spec/models/petition_spec.rb
191	0	spec/models/site_spec.rb

--4c525e85--2015-06-16--Andrew White
3	0	config/environments/production.rb

--7d82c4f9--2015-06-16--Andrew White
1	1	lib/package_builder.rb

--d18d16c6--2015-06-16--Andrew White
8	0	config/environments/production.rb

--d10637fb--2015-06-16--Andrew White
1	1	Gemfile

--132bb1e4--2015-06-12--Andrew White
1	0	Gemfile
2	1	Gemfile.lock
26	0	app/controllers/application_controller.rb
0	37	app/lib/app_config.rb
1	1	app/mailers/admin_mailer.rb
2	2	app/mailers/application_mailer.rb
2	2	app/mailers/sponsor_mailer.rb
5	5	app/models/petition.rb
85	0	app/models/site.rb
0	38	app/models/system_setting.rb
2	2	app/views/petition_mailer/gather_sponsors_for_petition.html.erb
2	2	app/views/petition_mailer/gather_sponsors_for_petition.text.erb
1	1	app/views/petitions/check.html.erb
3	3	app/views/petitions/thank_you.html.erb
5	0	config/application.rb
0	20	config/application.yml
21	0	db/migrate/20150612095611_create_sites.rb
11	0	db/migrate/20150612103324_drop_system_settings.rb
0	6	db/seeds.rb
0	9	db/seeds/system_settings.rb
42	34	db/structure.sql
1	1	features/admin/threshold.feature
17	0	features/pete_protects_the_website.feature
20	0	features/step_definitions/common_steps.rb
4	1	features/step_definitions/petition_steps.rb
3	3	features/step_definitions/sponsor_steps.rb
2	2	features/step_definitions/sponsor_support_nofitication_steps.rb
4	0	features/support/hooks.rb
3	0	features/suzie_unsubscribes_from_petition_updates.feature
2	5	lib/health_check.rb
57	0	public/503.html
5	4	spec/controllers/admin/petitions_controller_spec.rb
65	0	spec/controllers/application_controller_spec.rb
1	1	spec/controllers/petitions_controller_spec.rb
3	3	spec/controllers/sponsors_controller_spec.rb
2	7	spec/factories.rb
3	2	spec/lib/email_reminder_spec.rb
6	2	spec/lib/health_check_spec.rb
11	12	spec/models/petition_spec.rb
308	0	spec/models/site_spec.rb
0	160	spec/models/system_setting_spec.rb
4	0	spec/support/authentication.rb

--5cf9616d--2015-06-16--Paula Stepinska
62	0	app/views/petitions/_petition_show.html.erb
0	0	app/views/petitions/{_rejected_petition.html.erb => _rejected_petition_show.html.erb}
2	65	app/views/petitions/show.html.erb

--248c7dd6--2015-06-16--David Basalla
0	1	Gemfile.lock

--55bbef3a--2015-06-15--Paula Stepinska
21	0	app/views/petitions/_rejected_petition.html.erb
54	61	app/views/petitions/show.html.erb
6	2	features/step_definitions/inspection_steps.rb
10	0	features/step_definitions/petition_steps.rb
4	2	features/suzie_views_a_petition.feature

--ddb00baf--2015-06-16--Murray Steele
--898e26ac--2015-06-16--Alexander Bobin
10	0	app/assets/stylesheets/petitions/_forms.scss
0	4	app/assets/stylesheets/petitions/views/_sign.scss
1	1	app/mailers/feedback_mailer.rb
2	5	app/models/feedback.rb
27	78	app/views/feedback/index.html.erb
2	11	app/views/feedback_mailer/send_feedback.text.erb
1	1	app/views/signatures/create/_signer_ui.html.erb
0	4	features/step_definitions/feedback_steps.rb
1	1	spec/mailers/feedback_mailer_spec.rb
2	13	spec/models/feedback_spec.rb

--aa2b741c--2015-06-12--Paula Stepinska
0	4	app/models/staged/petition_creator/replay_petition.rb
12	12	app/models/staged/petition_creator/stages.rb
1	1	app/views/petitions/create/_petition_details_ui.html.erb
23	17	features/charlie_creates_a_petition.feature
30	30	spec/models/staged/petition_creator_spec.rb