--32c7990c7--2014-04-04--Sampo Toiva
--7812efa30--2014-04-04--Sampo Toiva
2	2	config/locales/en.yml
3	3	features/admin/admin_edits_community_look_and_feel.feature
1	1	features/step_definitions/admin_edits_look_and_feel_steps.rb

--053a37250--2014-04-04--Mikko Koski
9	8	app/assets/stylesheets/partials/_fluid-grid-listing-image.css.scss
9	7	app/views/layouts/_grid_item_listing_image.haml

--3c2810739--2014-04-04--Mikko Koski
--eccfbc14a--2014-04-04--Mikko Koski
54	39	app/views/admin/communities/edit_look_and_feel.haml

--a649613c4--2014-04-03--Sampo Toiva
--dd7190a64--2014-03-31--Sampo Toiva
4	0	app/views/admin/communities/edit_look_and_feel.haml
5	0	config/locales/en.yml
5	0	config/locales/fi.yml
321	321	db/structure.sql

--5f7f27283--2014-03-29--Sampo Toiva
--31381267e--2014-03-29--Sampo Toiva
22	1	features/admin/admin_edits_community_look_and_feel.feature
19	2	features/step_definitions/admin_edits_look_and_feel_steps.rb