--a9ab2ec0a--2014-03-01--Mikko Koski
--1083ba7fe--2014-03-01--Mikko Koski
2	1	app/views/admin/communities/manage_members.haml

--9c743d174--2014-03-01--Mikko Koski
1	1	app/views/admin/communities/manage_members.haml
1	1	config/locales/fi.yml

--2022710cc--2014-03-01--Mikko Koski
2	2	app/assets/stylesheets/partials/_table.css.scss

--eeb7afa19--2014-03-01--Mikko Koski
2	1	app/views/admin/communities/manage_members.haml

--80b0ac696--2014-03-01--Juho Makkonen
--1baf3db2f--2014-03-01--Juho Makkonen
--8eecce2e0--2014-03-01--Juho Makkonen
3	3	config/locales/en.yml
27	0	config/locales/fi.yml

--b9c8ed671--2014-03-01--Juho Makkonen
1	1	app/views/admin/communities/manage_members.haml
2	0	features/admin/manage_members/admin_lists_members.feature
30	4	features/step_definitions/admin_manage_members_steps.rb
1	1	features/step_definitions/web_steps.rb

--835892a29--2014-03-01--Mikko Koski
2	2	app/views/admin/communities/manage_members.haml

--b2a7c88a2--2014-03-01--Mikko Koski
41	7	app/assets/javascripts/admin/manage_members.js
15	1	app/assets/javascripts/utils.js
1	0	app/assets/stylesheets/application.scss
32	0	app/assets/stylesheets/partials/_ajax.css.scss
6	3	app/assets/stylesheets/partials/_flash.css.scss
7	0	app/controllers/admin/communities_controller.rb
26	0	app/views/admin/communities/manage_members.haml
3	0	app/views/layouts/_ajax-update-notification.haml
3	0	config/locales/en.yml
3	0	config/locales/fi.yml
1	0	config/routes.rb

--47ec571bb--2014-03-01--Antti Virolainen
--71a1df271--2014-03-01--Juho Makkonen
4	0	app/assets/stylesheets/views/admin/_communities.scss
16	0	app/controllers/admin/communities_controller.rb
6	0	app/helpers/application_helper.rb
60	0	app/views/admin/communities/settings.haml
27	0	config/locales/en.yml
4	0	config/locales/fi.yml
2	0	config/routes.rb