--e830d84ab--2014-02-13--Juho Makkonen
--1881d686c--2014-02-13--Juho Makkonen
1	1	app/views/admin/categories/form/_category_transaction_types.haml
44	33	features/admin/categories/admin_edits_category.feature
81	1	features/step_definitions/admin_category_steps.rb
4	0	features/step_definitions/community_steps.rb

--be6accf77--2014-02-13--Mikko Koski
--0ae9e571b--2014-02-13--Mikko Koski
0	1	features/admin/categories/admin_adds_category.feature

--57f961907--2014-02-13--Mikko Koski
2	1	app/models/braintree_account.rb
1	1	features/conversations/user_checks_inbox.feature
1	1	features/conversations/user_rejects_a_transaction.feature
2	2	features/conversations/user_replies_to_a_conversation.feature
2	1	features/conversations/user_requests_an_item_in_item_offer.feature
1	1	features/conversations/user_skips_feedback.feature
1	3	features/listings/user_comments_a_listing.feature
1	0	features/listings/user_filters_listings_by_custom_fields.feature
2	2	features/payments/braintree_payment.feature
4	4	features/payments/checkout_payment.feature
1	1	features/payments/mangopay_payment.feature
5	5	features/payments/person_checkout_payment.feature
4	4	features/payments/seller_creates_braintree_invoice.feature
5	5	features/settings/user_changes_email_address.feature
1	1	features/step_definitions/admin_custom_field_steps.rb
3	2	features/step_definitions/payment_steps.rb
43	15	features/support/database_cleanup.rb
1	1	spec/factories.rb