--643714b71--2014-02-12--Juho Makkonen
--c268794e5--2014-02-12--Juho Makkonen
47	68	app/assets/javascripts/kassi.js
1	1	app/views/admin/categories/edit.haml
1	1	app/views/listings/form/_javascripts.haml
2	2	app/views/listings/new.haml

--fbec7372e--2014-02-12--Mikko Koski
4	4	features/step_definitions/admin_custom_field_steps.rb
2	2	features/step_definitions/web_steps.rb

--6cfa1915b--2014-02-12--Mikko Koski
7	4	app/models/sortable_by_priority.rb
2	2	app/views/admin/custom_fields/form/_field_categories.haml
4	0	features/admin/custom_fields/admin_adds_custom_field.feature
5	1	features/admin/custom_fields/admin_edits_custom_field.feature
3	0	features/step_definitions/debug_steps.rb

--d2cb3f7f2--2014-02-12--Mikko Koski
13	13	app/views/admin/categories/remove.haml
3	3	features/admin/categories/admin_removes_category.feature
6	3	features/step_definitions/admin_category_steps.rb

--a93b7db64--2014-02-12--Mikko Koski
7	0	app/views/layouts/application.haml
1	0	features/admin/categories/admin_edits_category.feature

--8222780b3--2014-02-11--Mikko Koski
11	5	features/admin/custom_fields/admin_edits_custom_field.feature
2	3	features/step_definitions/admin_custom_field_steps.rb
6	0	features/step_definitions/general_steps.rb

--6d9aa3ae1--2014-02-11--Mikko Koski
1	1	features/admin/categories/admin_adds_category.feature
0	3	features/support/env.rb

--a8784d93a--2014-02-11--Mikko Koski
3	0	features/support/env.rb

--3c433d4f7--2014-02-11--Mikko Koski
2	1	features/admin/admin_edits_community_details.feature
1	0	features/homepage/user_views_homepage.feature
1	0	features/listings/user_creates_a_new_listing.feature
2	1	features/people/user_views_profile_page.feature
0	24	features/ridesharing/driver_browses_requested_ridesharing_routes.feature
0	11	features/ridesharing/mathcing_ride_offers_and_requests.feature
0	25	features/ridesharing/user_browses_offered_rides.feature
0	88	features/ridesharing/user_offers_a_ride.feature
0	36	features/ridesharing/user_requests_a_ride.feature
5	0	features/step_definitions/community_steps.rb
0	14	features/step_definitions/testimonial_steps.rb