--ce0249469--2014-01-28--Antti Virolainen
--143caa0bf--2014-01-28--Antti Virolainen
3	1	app/models/category_translation.rb
1	0	app/models/community.rb
1	0	app/models/transaction_type.rb
3	0	app/models/transaction_type_translation.rb
3	0	app/models/transaction_types/free_service.rb
3	0	app/models/transaction_types/give.rb
3	0	app/models/transaction_types/loan.rb
3	0	app/models/transaction_types/rent.rb
3	0	app/models/transaction_types/request.rb
3	0	app/models/transaction_types/sell_products.rb
3	0	app/models/transaction_types/swap.rb
0	27	config/initializers/model_autoload.rb

--72a784b18--2014-01-28--Antti Virolainen
4	0	app/models/category.rb
4	0	app/models/category_transaction_type.rb
10	0	app/models/transaction_type.rb
5	0	app/models/transaction_type_translation.rb
12	0	db/migrate/20140128094422_create_transaction_types.rb
10	0	db/migrate/20140128094642_create_category_transaction_types.rb
12	0	db/migrate/20140128095047_create_transaction_type_translations.rb
29	3	db/schema.rb

--3e1f46b7b--2014-01-27--Juho Makkonen
1	1	config/locales/en.yml
1	1	config/locales/fi.yml

--25e32d11a--2014-01-27--Juho Makkonen
3	0	config/locales/ca.yml
3	0	config/locales/de-bl.yml
3	0	config/locales/de-rc.yml
4	1	config/locales/de.yml
3	0	config/locales/en-at.yml
3	0	config/locales/en-bd.yml
3	0	config/locales/en-bf.yml
3	0	config/locales/en-bl.yml
5	2	config/locales/en-cf.yml
3	0	config/locales/en-qr.yml
3	0	config/locales/en-rc.yml
3	0	config/locales/en-sb.yml
3	0	config/locales/en-ul.yml
3	0	config/locales/en-un.yml
3	0	config/locales/en-vg.yml
3	0	config/locales/es-rc.yml
3	0	config/locales/fr-at.yml
3	0	config/locales/fr-bd.yml
3	0	config/locales/fr-rc.yml
3	0	config/locales/hr.yml
3	0	config/locales/hu.yml
3	0	config/locales/it.yml
3	0	config/locales/lv.yml
3	0	config/locales/pt-BR.yml
3	0	config/locales/ro.yml
3	0	config/locales/sv.yml
3	0	config/locales/sw.yml
3	0	config/locales/vi.yml
3	0	config/locales/zh.yml

--589511866--2014-01-27--Juho Makkonen
1	1	app/views/admin/communities/edit_details.haml

--4473dbc40--2014-01-27--Juho Makkonen
0	1	app/controllers/admin/communities_controller.rb

--364ba3b4d--2014-01-27--Antti Virolainen
--96e9cbd95--2014-01-23--Juho Makkonen
0	3	app/models/category.rb
1	6	app/views/listings/form/_visibility.haml

--1b3252cf2--2014-01-23--Juho Makkonen
2	2	app/models/category.rb

--22935ad7b--2014-01-23--Juho Makkonen
5	0	db/migrate/20140123141906_add_community_id_to_categories.rb
4	3	db/schema.rb