--cdf1d8287--2014-01-14--Juho Makkonen
--3f3012dd0--2014-01-14--Juho Makkonen
2	2	app/assets/javascripts/kassi.js
8	2	app/models/custom_field_option.rb
3	0	app/models/custom_field_option_title.rb
16	1	app/models/custom_fields/dropdown.rb
4	4	app/views/admin/custom_fields/_new_option.haml
3	1	app/views/admin/custom_fields/edit.haml
7	0	app/views/admin/custom_fields/form/_field_options.haml
2	10	app/views/admin/custom_fields/new.haml
27	0	config/initializers/model_autoload.rb
14	4	features/admin/admin_edits_custom_field.feature
41	27	features/step_definitions/admin_steps.rb

--26cdc5ae4--2014-01-14--Mikko Koski
21	12	app/assets/javascripts/custom_fields.js
3	3	app/assets/javascripts/kassi.js
1	0	app/assets/stylesheets/application.scss
1	0	app/assets/stylesheets/default-colors.scss
0	48	app/assets/stylesheets/main.css.scss
49	0	app/assets/stylesheets/partials/_flash.css.scss
1	0	app/helpers/application_helper.rb
10	6	app/views/admin/custom_fields/index.haml
3	0	config/locales/en.yml
3	0	config/locales/fi.yml

--dfcea5256--2014-01-14--Mikko Koski
5	15	app/assets/javascripts/custom_fields.js

--6c4b3e7ae--2014-01-14--Mikko Koski
18	2	app/assets/javascripts/custom_fields.js

--585e2e48d--2014-01-14--Mikko Koski
1	0	app/assets/javascripts/application.js
27	16	app/assets/javascripts/custom_fields.js
9	0	vendor/assets/javascripts/jquery.transit.min.js

--067f5d1e4--2014-01-14--Mikko Koski
3	0	app/assets/javascripts/application.js
64	69	app/assets/javascripts/custom_fields.js
38	0	app/assets/javascripts/utils.js
4	0	app/assets/stylesheets/views/admin/_custom_fields.css.scss
15	0	app/controllers/admin/custom_fields_controller.rb
8	2	app/views/admin/custom_fields/index.haml
1	1	config/routes.rb
2	2	db/schema.rb
1	0	vendor/assets/javascripts/Bacon.jquery.min.js
61	0	vendor/assets/javascripts/lodash.min.js

--a2bd03525--2014-01-13--Mikko Koski
2	0	app/assets/javascripts/application.js
105	0	app/assets/javascripts/custom_fields.js
1	1	app/assets/stylesheets/mixins/_utils.css.scss
4	0	app/helpers/application_helper.rb
6	2	app/views/admin/custom_fields/_listed_custom_field.haml
2	0	vendor/assets/javascripts/Bacon.min.js