--e20211b00--2013-05-16--Kusti
--3f0470611--2013-05-16--Kusti
3	3	app/assets/stylesheets/application.scss.erb
125	5	app/helpers/application_helper.rb
1	1	app/models/listing.rb
2	2	app/models/testimonial.rb
2	2	app/views/conversations/_status.haml
1	1	app/views/conversations/notifications/_testimonialnotification.haml
2	2	app/views/homepage/index.haml
1	1	app/views/layouts/_facebook_connect_button.haml
1	1	app/views/layouts/_global-header.haml
1	1	app/views/listings/_displayed_price.haml
4	4	app/views/listings/_message_links.haml
1	1	app/views/listings/_share_type_link.haml
2	2	app/views/listings/new.haml
12	12	app/views/listings/show.haml
2	2	app/views/people/_testimonial.haml
1	1	app/views/sessions/new.haml
1	1	app/views/testimonials/new.haml
1	1	config/locales/en.yml
3	5	config/locales/fi.yml

--348b3ee84--2013-05-15--Antti Virolainen
1	1	app/assets/javascripts/locales/fr.json
1	0	config/locales/ca.yml
1	0	config/locales/de.yml
52	0	config/locales/devise.hu.yml
1	0	config/locales/el.yml
3	3	config/locales/en.yml
1	0	config/locales/es-ES.yml
1	0	config/locales/es.yml
32	0	config/locales/faq/faq.hu.yml
3	2	config/locales/fr.yml
1608	0	config/locales/hu.yml
1	0	config/locales/it.yml
1	0	config/locales/lv.yml
1	0	config/locales/nl.yml
1	0	config/locales/ro.yml
1	0	config/locales/ru.yml
1	0	config/locales/sv.yml
1	0	config/locales/sw.yml
1	0	config/locales/vi.yml
1	0	config/locales/zh.yml

--e0ad554c7--2013-05-15--Antti Virolainen
1	1	app/models/listing.rb

--65bb91b6c--2013-05-15--Antti Virolainen
61	0	config/initializers/oneline_detailed_logging.rb

--f6585f30e--2013-05-15--Antti Virolainen
2	1	app/views/people/show.haml
1	1	config/locales/organizations/fi.yml

--8dabeb926--2013-05-15--Antti Virolainen
3	1	config/config.example.yml

--8cee93ae6--2013-05-15--Antti Virolainen
12	8	features/organizations/modify_or_add_organizations.feature
2	2	features/organizations/user_joins_an_organization.feature
6	0	features/step_definitions/community_steps.rb
12	2	features/step_definitions/organization_steps.rb
1	0	features/step_definitions/user_steps.rb
2	0	features/support/paths.rb

--292f5b582--2013-05-15--Antti Virolainen
1	1	config/unicorn.rb

--a0d110389--2013-05-15--Antti Virolainen
16	3	public/errors/503.html

--33a81b480--2013-05-15--Antti Virolainen
2	1	app/views/homepage/_recent_listing.haml
5	2	app/views/listings/show.haml
1	0	config/locales/en.yml
1	0	config/locales/fi.yml
1	1	config/unicorn.rb

--6201e2e24--2013-05-15--Antti Virolainen
1	1	config/unicorn.rb

--40bf441d0--2013-05-15--Antti Virolainen
--815a90543--2013-05-15--Antti Virolainen
3	1	app/models/listing_image.rb
4	0	config/config.example.yml

--04fb466f0--2013-05-15--Antti Virolainen
1	0	Gemfile
3	0	Gemfile.lock
1	0	app/models/listing_image.rb
13	2	config/unicorn.rb
5	0	db/migrate/20130514214222_add_image_processing_to_listing_image.rb
2	1	db/schema.rb
58	0	features/organizations/modify_or_add_organizations.feature
9	1	features/step_definitions/organization_steps.rb
-	-	public/images/medium/processing.png

--8e008e794--2013-05-15--Antti Virolainen
5	4	app/assets/stylesheets/application.scss.erb
0	0	app/assets/stylesheets/{font-awesome_min.css => font-awesome.min.css}

--ebf3264db--2013-05-14--Antti Virolainen
2	1	app/assets/stylesheets/application.scss.erb
2	2	app/models/community.rb

--8a6d697c2--2013-05-14--Antti Virolainen
6	6	app/assets/stylesheets/application.scss.erb
0	0	app/assets/stylesheets/{font-awesome.min.css => font-awesome_min.css}
1	1	app/models/community.rb

--ace4e6244--2013-05-14--Antti Virolainen
4	4	app/assets/stylesheets/application.scss.erb
13	6	app/models/community.rb

--096ff7d56--2013-05-14--Antti Virolainen
2	3	app/assets/stylesheets/application.scss.erb

--59d07ccd7--2013-05-14--Antti Virolainen
4	4	app/assets/stylesheets/application.scss.erb

--717a1aa3d--2013-05-14--Antti Virolainen
2	2	app/assets/stylesheets/application.scss.erb

--03ce7ab5d--2013-05-14--Antti Virolainen
3	3	app/assets/stylesheets/application.scss.erb

--65427f868--2013-05-14--Antti Virolainen
5	3	app/assets/stylesheets/application.scss.erb

--a9b566b21--2013-05-14--Antti Virolainen
1	1	app/assets/stylesheets/application.scss.erb

--c111a15dc--2013-05-14--Antti Virolainen
1	1	Gemfile
4	4	Gemfile.lock
3	3	app/models/community.rb

--405f1137c--2013-05-14--Antti Virolainen
2	2	app/assets/stylesheets/application.scss.erb
44	21	app/controllers/organizations_controller.rb
5	4	app/models/organization.rb
11	0	app/views/organizations/_profile_organization.haml
8	0	app/views/people/show.haml
8	0	config/locales/organizations/fi.yml

--e1ed1b40c--2013-05-13--Antti Virolainen
0	9	app/helpers/scss_helper.rb

--00b59f8a4--2013-05-10--Antti Virolainen
8	8	Gemfile.lock

--b7a76426a--2013-05-10--Antti Virolainen
--fb3b4ae53--2013-05-07--Antti Virolainen
1	0	app/assets/stylesheets/application.scss.erb

--3bb19396a--2013-05-07--Antti Virolainen
1	1	app/views/people/new.haml

--445ecf5cb--2013-05-10--Antti Virolainen
5	2	app/assets/stylesheets/application.scss.erb

--2128e8671--2013-05-07--Antti Virolainen
1	1	app/models/community.rb

--375693276--2013-05-07--Antti Virolainen
29	11	app/controllers/people_controller.rb
2	2	app/views/people/new.haml

--72fd5e76c--2013-05-07--Antti Virolainen
3	0	Gemfile
11	0	Gemfile.lock
20	0	app/controllers/people_controller.rb
4	0	app/models/community.rb
12	1	app/views/people/new.haml
1	0	config/routes.rb