--b6d897f72--2013-02-26--Kusti
--bbe17edf1--2013-02-20--Kusti
17	14	app/views/listings/new.haml
13	4	features/listings/user_creates_a_new_listing.feature

--1da09450f--2013-02-19--Kusti
2	2	app/views/person_mailer/community_starter_email_en.html.haml
2	2	app/views/person_mailer/community_starter_email_fi.html.haml

--887c3e64b--2013-02-19--Kusti
3	3	app/views/person_mailer/community_starter_email_en.html.haml
3	3	app/views/person_mailer/community_starter_email_fi.html.haml

--cca0e7b8c--2013-02-19--Kusti
1	1	app/mailers/person_mailer.rb

--1b7439689--2013-02-19--Kusti
2	1	lib/tasks/deploy.rake

--05e311714--2013-02-19--Kusti
1	0	lib/tasks/deploy.rake

--2fbc1bab2--2013-02-19--Kusti
22	1	app/mailers/person_mailer.rb
25	0	app/views/person_mailer/community_starter_email_en.html.haml
25	0	app/views/person_mailer/community_starter_email_fi.html.haml
2	0	config/locales/en.yml
2	0	config/locales/fi.yml

--bcc2d844c--2013-02-18--Antti Virolainen
3	5	app/controllers/homepage_controller.rb
1	1	app/helpers/conversations_helper.rb
74	62	app/models/listing.rb
1	1	app/views/listings/_message_links.haml
1	1	app/views/listings/form/_valid_until.haml
17	0	db/migrate/20130218070405_update_missing_share_types.rb
1	1	db/schema.rb
2	1	features/step_definitions/listing_steps.rb

--fcf7c6027--2013-02-17--Antti Virolainen
0	0	app/controllers/{ => api}/devices_controller.rb
50	12	app/controllers/api/listings_controller.rb
0	1	app/controllers/listings_controller.rb
2	0	app/models/category.rb
30	1	app/models/classification.rb
42	16	app/models/listing.rb
2	0	app/models/share_type.rb
15	4	app/views/api/listings/show.json.rabl
17	0	db/migrate/20130217121320_rename_old_categorization_columns.rb
14	14	db/schema.rb
5	3	features/step_definitions/badge_steps.rb
3	3	features/step_definitions/listing_steps.rb
5	3	lib/tasks/sharetribe.rake
9	0	lib/tasks/test_seed.rake
4	1	spec/controllers/api/conversations_controller_spec.rb
12	17	spec/controllers/api/listings_controller_spec.rb
0	1	spec/factories.rb
15	17	spec/mailers/person_mailer_spec.rb
42	66	spec/models/listing_spec.rb
5	1	spec/spec_helper.rb
6	13	test/helper_modules.rb
0	1	test/performance/browsing_test.rb

--c391040e6--2013-02-15--Kusti
3	3	app/helpers/application_helper.rb
1	1	app/views/infos/about.haml
1	1	app/views/layouts/_head.haml

--251398534--2013-02-14--Antti Virolainen
1	1	.rspec
2	2	features/step_definitions/listing_steps.rb
2	2	spec/factories.rb
9	0	test/helper_modules.rb

--5096424c4--2013-02-14--Antti Virolainen
3	3	lib/tasks/deploy.rake

--3ebba0a29--2013-02-14--Antti Virolainen
3	3	app/controllers/listings_controller.rb
7	0	app/models/listing.rb
3	1	app/models/person.rb

--b64ba19ea--2013-02-14--Antti Virolainen
2	2	app/controllers/listings_controller.rb
2	2	app/helpers/conversations_helper.rb
15	11	app/helpers/listings_helper.rb
3	3	app/jobs/listing_created_job.rb
5	5	app/jobs/testimonial_given_job.rb
3	0	app/models/category.rb
15	0	app/models/classification.rb
1	1	app/models/listing.rb
3	11	app/models/share_type.rb
1	1	app/views/api/listings/index.atom.builder
2	2	app/views/event_feed_events/_accept.haml
1	1	app/views/listings/_message_links.haml
1	1	app/views/listings/_share_type_link.haml
3	3	app/views/listings/edit.haml
3	3	app/views/listings/form/_form_content.haml
1	1	app/views/listings/form/_send_button.haml
1	1	app/views/listings/form/_title.haml
1	1	app/views/listings/form/_valid_until.haml
4	4	app/views/listings/show.haml
1	1	app/views/people/_testimonial.haml
1	1	features/step_definitions/conversation_steps.rb
1	1	spec/controllers/sms_controller_spec.rb
13	13	spec/models/listing_spec.rb

--e9609d403--2013-02-14--Antti Virolainen
1	1	app/helpers/conversations_helper.rb
6	6	app/helpers/listings_helper.rb
1	1	app/jobs/conversation_accepted_job.rb
1	1	app/jobs/listing_created_job.rb
13	0	app/models/share_type.rb
1	1	app/views/api/listings/index.atom.builder
1	1	app/views/event_feed_events/_accept.haml
1	1	app/views/listings/_message_links.haml
2	2	app/views/listings/form/_send_button.haml
1	1	app/views/listings/form/_valid_until.haml
4	4	spec/models/listing_spec.rb

--ae7d5729b--2013-02-13--Antti Virolainen
100	0	app/helpers/categories_helper.rb
2	0	app/models/category.rb
4	0	app/models/category_translation.rb
4	1	app/models/listing.rb
2	0	app/models/share_type.rb
4	0	app/models/share_type_translation.rb
2	0	config/locales/en.yml
9	0	db/migrate/20130213150133_add_default_categories.rb
47	0	db/migrate/20130213160145_link_listings_to_new_categories_and_share_types.rb
3	1	db/schema.rb
1	69	db/seeds.rb
12	6	spec/factories.rb

--7fab8a04e--2013-02-13--Antti Virolainen
1	1	app/views/layouts/_head.haml

--8df9b7b2d--2013-02-12--Antti Virolainen
1	1	Gemfile
34	34	Gemfile.lock
1	1	app/views/people/show.haml