--b3e6481f0--2011-04-04--Juho Makkonen
--78a0c4892--2011-04-04--Juho Makkonen
8	0	app/views/homepage/_welcome_text_yledemo.en.haml
8	0	app/views/homepage/_welcome_text_yledemo.fi.haml
1	1	app/views/listings/show.haml
1	1	config/environments/production.rb
2	1	config/locales/fi.yml
1	1	public/javascripts/kassi.js
1	1	spec/helpers/rest_helper_spec.rb

--f2126290e--2011-03-23--Antti Virolainen
2	2	spec/controllers/people_controller_spec.rb

--fbdabb03d--2011-03-18--Antti Virolainen
9	1	app/views/homepage/_welcome_text_omega.en.haml
9	1	app/views/homepage/_welcome_text_omega.fi.haml
13	0	app/views/homepage/_welcome_text_t3rc.en.haml
12	0	app/views/homepage/_welcome_text_t3rc.fi.haml

--d2f1010a6--2011-03-11--Antti Virolainen
51	0	app/views/homepage/_welcome_text_test.en.haml
49	0	app/views/homepage/_welcome_text_test.fi.haml

--40f5d9497--2011-03-09--Antti Virolainen
1	1	app/models/person.rb

--21d25ff15--2011-03-09--Antti Virolainen
2	1	app/models/community.rb
11	1	features/communities/user_sees_available_locales.feature

--ee2708a04--2011-03-09--Antti Virolainen
5	1	app/controllers/application_controller.rb
9	0	app/helpers/application_helper.rb
23	2	app/models/community.rb
2	2	app/views/layouts/application.haml
5	2	config/config.example.yml
5	1	config/routes.rb
31	0	features/communities/user_sees_available_locales.feature
9	0	features/step_definitions/community_steps.rb
8	0	features/step_definitions/general_steps.rb
2	2	spec/fixtures/communities.yml

--a64a8734e--2011-03-09--Antti Virolainen
3	5	app/controllers/people_controller.rb
14	0	app/models/community.rb
3	3	app/models/person.rb
8	0	app/views/homepage/_welcome_text_test.haml
8	0	app/views/homepage/_welcome_text_test2.haml
8	1	config/config.example.yml
9	0	db/migrate/20110308172759_add_settings_to_communities.rb
4	3	db/schema.rb
22	1	spec/controllers/people_controller_spec.rb
7	2	spec/fixtures/communities.yml

--769104fb7--2011-03-08--Antti Virolainen
4	0	app/views/homepage/_welcome_text_alpha.en.haml
4	0	app/views/homepage/_welcome_text_alpha.fi.haml
8	0	app/views/homepage/_welcome_text_gamma.haml
4	0	app/views/homepage/_welcome_text_omega.en.haml
4	0	app/views/homepage/_welcome_text_omega.fi.haml

--0b85ea401--2011-03-08--Antti Virolainen
2	1	app/models/listing_image.rb