--efc7ebace--2011-03-29--Tomi Salminen
--a5792d30f--2011-03-25--tlsalmin
12	0	db/migrate/20110325120932_fix_person_id_to_string.rb
2	2	db/schema.rb

--7a3bed013--2011-03-22--tlsalmin
17	0	db/migrate/20110322151957_switch_location_ids.rb

--65d27e5bf--2011-03-25--tlsalmin
12	0	db/migrate/20110325120932_fix_person_id_to_string.rb
2	2	db/schema.rb

--a5ba622b1--2011-03-25--tlsalmin
1	0	app/views/settings/profile.haml
3	4	db/schema.rb
3	2	features/settings/user_updates_profile_information.feature
25	16	public/javascripts/kassi.js

--3b2375a93--2011-03-25--tlsalmin
4	1	app/controllers/settings_controller.rb
9	1	app/models/person.rb
1	1	app/models/person_connection.rb
7	5	app/views/settings/profile.haml
90	11	public/javascripts/kassi.js

--2f67bd838--2011-03-22--tlsalmin
2	0	app/views/settings/profile.haml
19	3	public/javascripts/kassi.js

--d3674b1a9--2011-03-22--tlsalmin
5	0	app/views/settings/profile.haml

--c79d3d9c4--2011-03-22--tlsalmin
17	0	db/migrate/20110322151957_switch_location_ids.rb
3	4	db/schema.rb

--42d4304a0--2011-03-22--tlsalmin
16	14	public/javascripts/kassi.js