--2a9a313d2--2011-02-21--Juho Makkonen
--60a76c268--2011-02-21--Juho Makkonen
1	1	app/controllers/application_controller.rb
5	1	app/helpers/listings_helper.rb
3	3	app/views/dashboard/index.haml
2	1	config/locales/en.yml
1	1	config/locales/fi.yml
3	2	config/routes.rb
1	0	features/dashboard/user_views_dashboard.feature

--d519808be--2011-02-21--Juho Makkonen
1	1	app/controllers/listings_controller.rb
1	1	app/views/homepage/_welcome_text.en.haml
1	1	public/javascripts/kassi.js

--7fccf7bb5--2011-02-17--Antti Virolainen
1	0	Gemfile
4	6	Gemfile.lock

--9ff98d3bb--2011-02-17--Antti Virolainen
2	3	spec/controllers/application_controller_spec.rb
3	1	spec/controllers/sessions_controller_spec.rb

--a75a4e384--2010-12-20--Antti Virolainen
0	5	spec/spec_helper.rb
6	0	test/helper_modules.rb
9	1	test/performance/browsing_test.rb

--702472762--2011-02-16--Antti Virolainen
3	3	Gemfile
52	41	Gemfile.lock

--f1e88bad2--2011-02-16--Antti Virolainen
2	1	features/settings/user_changes_email_address.feature
10	0	features/step_definitions/user_steps.rb

--a39ae8601--2011-02-15--Antti Virolainen
7	7	spec/mailers/person_mailer_spec.rb

--8ab1d8657--2011-02-15--Antti Virolainen
3	5	Gemfile
5	33	Gemfile.lock
8	6	features/step_definitions/sms_steps.rb

--b970eb9e2--2011-02-15--Antti Virolainen
0	2	spec/helpers/locations_helper_spec.rb
1	1	spec/models/cached_ressi_event_spec.rb
1	1	spec/models/ressi_event_spec.rb

--5a73179cf--2011-02-15--Antti Virolainen
2	1	spec/helpers/locations_helper_spec.rb

--7c2b2f2e8--2011-01-24--Juho Makkonen
2	2	public/javascripts/kassi.js

--23a4d757b--2011-01-24--Juho Makkonen
4	4	public/javascripts/kassi.js

--a51c3a731--2010-12-15--Antti Virolainen
1	0	app/controllers/application_controller.rb

--91dd13b60--2010-12-13--Antti Virolainen
1	1	config/locales/en.yml
1	1	config/locales/fi.yml

--d1ccc1dd5--2010-12-12--Antti Virolainen
13	0	app/helpers/application_helper.rb
3	2	app/models/listing.rb
6	0	config/config.example.yml
6	2	spec/models/listing_spec.rb

--63ffe11c7--2010-12-12--Antti Virolainen
48	22	app/helpers/sms_helper.rb
2	2	config/locales/en.yml
2	2	config/locales/fi.yml
1	9	spec/controllers/sms_controller_spec.rb
82	2	spec/helpers/sms_helper_spec.rb

--a4b36b583--2010-12-10--Antti Virolainen
5	3	app/controllers/sms_controller.rb
1	1	app/models/listing.rb
2	0	config/locales/en.yml
2	0	config/locales/fi.yml

--4738f1ed1--2010-12-09--Antti Virolainen
6	0	config/deploy.rb