--87f3fa6c4--2016-08-04--Boyan Tabakov
--b621b6ede--2016-08-04--Boyan Tabakov
--1f7ecfcbf--2016-08-04--Boyan Tabakov
1	0	app/controllers/followed_people_controller.rb

--d38b44c83--2016-08-04--Boyan Tabakov
--c29ca314d--2016-08-04--Hannu Lyytikäinen
--fe489b3dc--2016-08-03--Boyan Tabakov
0	2	circle.yml

--ffdb1009d--2016-08-03--Boyan Tabakov
1	1	README.md

--6ecbc1631--2016-08-03--Boyan Tabakov
--e737999fa--2016-08-03--Boyan Tabakov
3	3	features/admin/admin_edits_community_look_and_feel.feature
2	2	features/step_definitions/admin_look_and_feel_steps.rb

--7efaeb5f8--2016-08-03--Antti Virolainen
2	0	app/views/listings/help_texts/_help_valid_until.sl.haml
8	0	app/views/people/help_texts/_help_invitation_code.sl.haml
3	3	config/locales/devise.sl.yml
1	1	config/locales/en.yml
20	20	config/locales/sk-SK.yml
63	63	config/locales/sl.yml

--ce55d6cec--2016-08-03--Boyan Tabakov
1	0	CHANGELOG.md

--440f14cfe--2016-08-03--Boyan Tabakov
2	2	app/assets/stylesheets/mixins/default-colors.scss
1	1	app/services/custom_landing_page/marketplace_data_store.rb
2	2	app/view_utils/common_styles_helper.rb
2	2	app/view_utils/marketplace_helper.rb
2	2	client/app/assets/styles/variables.js

--bd1fc15b5--2016-08-03--Hannu Lyytikainen
3	2	docs/feature-flags.md

--544d2bcd2--2016-08-03--Hannu Lyytikainen
42	9	spec/services/feature_flag_service/api/features_spec.rb

--5dbf80d1a--2016-08-02--Hannu Lyytikainen
2	2	app/services/feature_flag_service/store.rb

--dd78abb19--2016-08-02--Hannu Lyytikainen
36	134	app/services/feature_flag_service/feature_flags_api.md

--105dd2ab2--2016-08-01--Hannu Lyytikainen
10	2	app/helpers/feature_flag_helper.rb

--1348a8417--2016-08-01--Hannu Lyytikainen
20	12	app/services/feature_flag_service/api/features.rb
50	30	app/services/feature_flag_service/store.rb
60	4	spec/services/feature_flag_service/api/features_spec.rb

--cd68a8cf5--2016-08-01--Hannu Lyytikainen
2	1	app/models/feature_flag.rb
8	0	db/migrate/20160728130503_add_person_id_to_feature_flags.rb
3	2	db/schema.rb

--5eb7a0477--2016-07-19--Hannu Lyytikainen
153	1	app/services/feature_flag_service/feature_flags_api.md

--55dd871ce--2016-07-19--Hannu Lyytikainen
71	0	app/services/feature_flag_service/feature_flags_api.md

--aa8a8be2a--2016-08-03--Boyan Tabakov
1	1	config/environments/test.rb

--47e714898--2016-08-03--Boyan Tabakov
9	3	features/step_definitions/admin_manage_members_steps.rb