--636f19a--2010-03-14--Glen E. Ivey
--061a7be--2010-03-14--Glen E. Ivey
28	4	app/controllers/items_controller.rb
6	2	app/views/items/show.html.erb
6	0	features/stories/static/items_indexes.feature
23	0	lib/helpers/tripple_navigation.rb
6	0	test/fixtures/connections.yml
76	0	test/functional/items_controller_test.rb

--f5734b9--2010-03-14--Glen E. Ivey
--de80087--2010-03-14--Glen E. Ivey
14	7	Rakefile

--c2c1c09--2010-03-14--Glen E. Ivey
--8370ab9--2010-03-13--Glen E. Ivey
--c02a282--2010-03-11--Glen E. Ivey
--7713c55--2010-03-11--Glen E. Ivey
--6d03cfc--2010-03-11--Glen E. Ivey
--58cab83--2010-03-11--Glen E. Ivey
1	0	wontomedia.gemspec

--06f87be--2010-03-11--Glen E. Ivey
--0d6163c--2010-03-11--Glen E. Ivey
4	3	app/views/admin/index.html.erb

--5d7e3d6--2010-03-11--Glen E. Ivey
24	0	config/caliper.yml

--94ec61c--2010-03-11--Glen E. Ivey
--7c86b70--2010-03-11--Glen E. Ivey
--31aa50d--2010-03-11--Glen E. Ivey
-	-	{public => default-custom/public}/favicon.ico
2	2	wontomedia.gemspec

--4d2bae6--2010-03-11--Glen E. Ivey
--38f7da2--2010-03-11--Glen E. Ivey
--52ba03f--2010-03-11--Glen E. Ivey
2	2	doc/wiki/DevelopmentAndReleaseProcess.mediawiki
1	1	doc/wiki/Help/AboutWontologyOrg.mediawiki
1	1	doc/wiki/Help/BuiltInRelationshipTypes.mediawiki
1	1	doc/wiki/Help/GlossaryAtoO.mediawiki
4	4	doc/wiki/Help/GlossaryPtoZ.mediawiki
1	1	doc/wiki/Help/InformationAsRelationships.mediawiki
1	1	doc/wiki/Help/NamingConventions.mediawiki
5	5	doc/wiki/Help/Technologies.mediawiki
2	2	doc/wiki/MajorRoadmap.mediawiki
1	1	doc/wiki/TestingYourWork.mediawiki