--13bb7360c--2014-11-05--Parker Moore
--5d2376028--2014-11-05--Parker Moore
7	3	Rakefile
68	1	site/_docs/plugins.md

--5a350788e--2014-11-05--Parker Moore
7	2	lib/jekyll/plugin_manager.rb
7	0	test/helper.rb
10	2	test/test_plugin_manager.rb

--e543fedf3--2014-11-05--Parker Moore
1	0	History.markdown

--b02a5ba76--2014-11-05--Parker Moore
--5a288e7de--2014-11-05--Sean Collins
1	0	lib/jekyll/commands/build.rb
1	0	lib/jekyll/commands/serve.rb

--8ee1b2a1f--2014-11-05--Parker Moore
1	1	features/plugins.feature
3	3	lib/jekyll/plugin_manager.rb
8	0	test/test_plugin_manager.rb

--b0a7f9c8c--2014-11-05--Parker Moore
2	0	bin/jekyll
4	3	lib/jekyll/plugin_manager.rb

--519b60d01--2014-10-21--Parker Moore
2	2	features/support/env.rb

--0ad2c338c--2014-09-03--Parker Moore
34	0	features/plugins.feature
0	31	features/site_configuration.feature
7	0	features/step_definitions/jekyll_steps.rb
9	1	features/support/env.rb

--34de67671--2014-09-01--Parker Moore
10	0	lib/jekyll/plugin_manager.rb