--21b6a0198--2014-08-06--Parker Moore
--df9129955--2014-08-06--Parker Moore
1	0	History.markdown

--5eacc9e83--2014-08-06--Parker Moore
--9e679e7d4--2014-08-06--Parker Moore
1	0	History.markdown

--f0105158b--2014-08-06--Parker Moore
--8999df2f4--2014-08-06--kleinfreund
3	0	lib/site_template/_config.yml

--441a2496b--2014-08-06--kleinfreund
88	0	lib/site_template/_sass/_base.scss
236	0	lib/site_template/_sass/_layout.scss
0	29	lib/site_template/_sass/_page-content.scss
0	44	lib/site_template/_sass/_posts.scss
0	67	lib/site_template/_sass/_site-footer.scss
0	87	lib/site_template/_sass/_site-header.scss
0	82	lib/site_template/_sass/_typography.scss
1	5	lib/site_template/css/main.scss

--e5a7f842b--2014-08-06--kleinfreund
5	4	lib/site_template/_posts/0000-00-00-welcome-to-jekyll.markdown.erb

--7f92e7ce0--2014-08-06--kleinfreund
4	13	lib/site_template/_sass/_base.scss
12	6	lib/site_template/_sass/_site-footer.scss
1	1	lib/site_template/_sass/_site-header.scss

--b3069c080--2014-08-05--Parker Moore
1	0	History.markdown

--f39c2610e--2014-08-05--Parker Moore
--4c4f803df--2014-08-05--Parker Moore
0	1	lib/jekyll.rb

--a27313b1d--2014-08-05--Parker Moore
2	2	lib/jekyll/deprecator.rb

--9fd872e7b--2014-08-05--Parker Moore
6	1	lib/jekyll/commands/build.rb

--6ca8baa57--2014-08-05--Parker Moore
1	0	History.markdown

--018390cf6--2014-08-05--Parker Moore
--13425266e--2014-08-05--Martin Seeler
1	1	lib/jekyll/deprecator.rb

--738dd502b--2014-08-05--kleinfreund
2	2	lib/site_template/_includes/footer.html
3	3	lib/site_template/_includes/header.html
4	1	lib/site_template/_sass/_base.scss
4	1	lib/site_template/_sass/_site-header.scss

--0594adb8f--2014-08-05--Ivan Tse
1	1	lib/jekyll/tags/include.rb

--83f726f50--2014-08-05--Ivan Tse
11	0	features/include_tag.feature
4	0	test/source/_posts/2013-12-17-include-variable-filters.markdown
4	0	test/test_tags.rb

--020f68409--2014-08-04--kleinfreund
1	1	lib/site_template/_layouts/page.html
1	1	lib/site_template/_layouts/post.html
3	3	lib/site_template/index.html

--101d61435--2014-08-04--kleinfreund
1	3	lib/site_template/_includes/header.html
2	2	lib/site_template/_sass/_site-header.scss

--d8c330b21--2014-08-03--kleinfreund
3	3	lib/site_template/_includes/footer.html

--e4029426d--2014-08-03--kleinfreund
1	1	lib/site_template/_sass/_base.scss
4	4	lib/site_template/_sass/_posts.scss
2	2	lib/site_template/_sass/_site-footer.scss
1	1	lib/site_template/_sass/_site-header.scss
19	1	lib/site_template/css/main.scss

--7d865269f--2014-08-03--kleinfreund
59	59	lib/site_template/_sass/_syntax-highlighting.scss

--b24b870ec--2014-08-03--kleinfreund
3	1	lib/site_template/_posts/0000-00-00-welcome-to-jekyll.markdown.erb

--74974979b--2014-08-03--kleinfreund
0	3	lib/site_template/_config.yml
43	49	lib/site_template/_includes/footer.html
3	4	lib/site_template/_includes/head.html
12	11	lib/site_template/_includes/header.html
6	5	lib/site_template/_layouts/default.html
3	3	lib/site_template/_layouts/page.html
4	4	lib/site_template/_layouts/post.html
2	4	lib/site_template/_posts/0000-00-00-welcome-to-jekyll.markdown.erb
121	0	lib/site_template/_sass/_base.scss
29	0	lib/site_template/_sass/_page-content.scss
44	0	lib/site_template/_sass/_posts.scss
61	0	lib/site_template/_sass/_site-footer.scss
84	0	lib/site_template/_sass/_site-header.scss
67	0	lib/site_template/_sass/_syntax-highlighting.scss
82	0	lib/site_template/_sass/_typography.scss
35	410	lib/site_template/css/main.scss
7	4	lib/site_template/index.html