--d59b2c3ef--2014-06-12--Parker Moore
--116c00595--2014-06-12--Parker Moore
1	0	History.markdown

--8fb29a3af--2014-06-12--Parker Moore
1	1	jekyll.gemspec

--202c45941--2014-06-09--Parker Moore
1	0	History.markdown

--dd3e9806a--2014-06-09--Parker Moore
--411cdb29a--2014-06-10--Tomer Cohen
2	2	lib/site_template/_config.yml
6	6	lib/site_template/_includes/footer.html

--504f30e04--2014-06-09--Parker Moore
2	3	README.markdown

--808f5dc45--2014-06-08--Parker Moore
1	0	History.markdown

--b7d7f6d87--2014-06-08--Parker Moore
--df334e809--2014-06-09--Anatol Broder
0	1	README.markdown
1	8	Rakefile
0	1	docs/jp/README.jp.markdown
0	3	features/support/env.rb
0	1	jekyll.gemspec
0	3	test/helper.rb

--ade601ab8--2014-06-08--Parker Moore
4	0	site/_includes/css/style.css

--27c9fce15--2014-06-08--Parker Moore
1	0	History.markdown

--c2fd35c68--2014-06-08--Parker Moore
--7e0bbf816--2014-06-08--Parker Moore
1	1	jekyll.gemspec

--35f5bb003--2014-06-07--Tomer Cohen
2	0	lib/site_template/_config.yml

--ffd960ca4--2014-06-07--Tomer Cohen
8	8	lib/site_template/_includes/footer.html

--c881d2455--2014-06-06--Parker Moore
1	1	History.markdown

--290b0ea14--2014-06-06--Parker Moore
1	0	History.markdown

--ccf97a62f--2014-06-06--Parker Moore
--d7d8dabb4--2014-06-05--Parker Moore
1	0	History.markdown

--9d8b32c93--2014-06-05--Parker Moore
--19532cae8--2014-06-05--János Rusiczki
1	0	site/docs/plugins.md

--37e4a5dda--2014-06-04--Parker Moore
1	0	History.markdown

--8792e509d--2014-06-04--Parker Moore
--b5b1ca068--2014-06-04--Parker Moore
11	1	site/_includes/news_contents.html

--ecdf6c221--2014-06-04--Parker Moore
7	6	site/_posts/2014-06-04-jekyll-stickers-1-dollar-stickermule.markdown
-	-	site/img/jekyll-sticker.jpg

--8b272b0bf--2014-06-04--Parker Moore
18	0	site/_posts/2014-06-04-jekyll-stickers-1-dollar-stickermule.markdown

--6684a8f91--2014-05-28--Ivan Tse
25	0	lib/jekyll/command.rb
2	19	lib/jekyll/commands/build.rb
32	0	test/test_command.rb

--50fee0275--2014-06-04--Parker Moore
2	0	History.markdown

--4e2687429--2014-06-04--Parker Moore
--dc622470c--2014-06-02--Bud Parr
4	0	test/test_document.rb

--63eba6c63--2014-06-02--Parker Moore
2	0	History.markdown

--2f70dd701--2014-06-02--Parker Moore
--441ac3742--2014-06-02--Bud Parr
1	1	lib/jekyll/document.rb

--90bc9314f--2014-06-02--Bud Parr
1	1	lib/jekyll/document.rb
1	1	site/docs/collections.md

--3ee02c143--2014-06-02--XhmikosR
1	1	CONTRIBUTING.markdown
1	1	README.markdown
2	2	docs/jp/CONTRIBUTING.jp.markdown
1	1	docs/jp/README.jp.markdown
1	1	jekyll.gemspec
1	1	site/_posts/2013-07-25-jekyll-1-0-4-released.markdown
1	1	site/_posts/2013-07-25-jekyll-1-1-2-released.markdown
2	2	site/docs/contributing.md
1	1	site/docs/datafiles.md
3	3	site/docs/deployment-methods.md
2	2	site/docs/extras.md
1	1	site/docs/resources.md
1	1	site/docs/templates.md
1	1	site/docs/troubleshooting.md

--ff02e1238--2014-06-01--Bud Parr
--69aae6413--2014-06-01--Bud Parr
10	0	site/docs/collections.md

--00ab79b7c--2014-05-22--Bud Parr
2	1	lib/jekyll/document.rb

--467945bed--2014-06-01--Jens Nazarenus
1	1	features/frontmatter_defaults.feature

--460d9c1c4--2014-06-01--Jens Nazarenus
18	1	site/docs/configuration.md

--ae6794054--2014-05-21--Jens Nazarenus
4	0	test/source/_slides/example-slide-1.html
7	0	test/source/_slides/example-slide-2.html
90	10	test/test_document.rb

--497c10897--2014-05-21--Jens Nazarenus
1	1	lib/jekyll/document.rb

--e868a8437--2014-05-17--Jens Nazarenus
51	0	features/frontmatter_defaults.feature
39	0	test/test_document.rb

--c8786b7b2--2014-05-16--Jens Nazarenus
10	1	lib/jekyll/document.rb

--c4434f27a--2014-05-28--Ivan Tse
12	6	lib/jekyll/commands/build.rb

--6ba077cf3--2014-05-28--Ivan Tse
0	15	lib/jekyll/command.rb
0	35	test/test_command.rb

--2e2aac598--2014-05-22--Bud Parr
10	0	site/docs/collections.md

--f623404b8--2014-05-22--Bud Parr
2	1	lib/jekyll/document.rb