--fb8e56212--2014-02-16--Parker Moore
--c4f5415ec--2014-02-16--Parker Moore
1	0	History.markdown

--effe84cd5--2014-02-16--Parker Moore
--c47751148--2014-02-17--Markus Roth
0	0	lib/site_template/css/main.css
0	0	site/js/modernizr-2.5.3.min.js

--c6b4c41aa--2014-02-15--Parker Moore
1	0	History.markdown

--d36d1f3cc--2014-02-15--Parker Moore
--8d39bf385--2014-02-15--Parker Moore
1	0	History.markdown

--51f367b5e--2014-02-15--Parker Moore
--7115bfbf3--2014-02-15--Zlatan Vasović
2	2	README.markdown

--699066ef8--2014-02-15--Zlatan Vasović
1	1	lib/jekyll/configuration.rb

--7b1321d00--2014-02-14--Parker Moore
1	1	site/docs/deployment-methods.md

--da446c0f1--2014-02-14--Parker Moore
1	0	History.markdown

--c77ef87b0--2014-02-14--Matt Rogers
1	0	History.markdown

--41325ab30--2014-02-14--Matt Rogers
--49606cb50--2014-02-14--Parker Moore
2	2	.travis.yml

--1482c8aec--2014-02-14--Parker Moore
1	0	History.markdown

--611145e71--2014-02-14--Parker Moore
--36b296334--2014-02-14--Parker Moore
0	1	.travis.yml
1	1	jekyll.gemspec

--ad9250d10--2014-02-14--Matt Rogers
1	1	jekyll.gemspec

--1671d34e1--2014-02-13--Parker Moore
--88e35f085--2014-02-13--Parker Moore
2	2	jekyll.gemspec
1	1	lib/jekyll.rb

--729b6db7c--2014-02-13--Parker Moore
1	0	History.markdown

--d43341fab--2014-02-13--Parker Moore
--ac7bed335--2014-02-13--Matt Rogers
--ec9374365--2014-02-13--Matt Rogers & Persa Zula
1	0	History.markdown

--54e5e660d--2014-02-13--Parker Moore
1	0	History.markdown

--83f5b4d93--2014-02-13--Parker Moore
--8929d1bd6--2014-02-13--Parker Moore
1	0	History.markdown

--3b5f6494f--2014-02-13--Parker Moore
--69dc96dc9--2014-02-13--Josh Brown
0	1	lib/site_template/css/main.css

--933590b6b--2014-02-13--Josh Brown
7	0	lib/site_template/css/main.css

--c58c5b878--2014-02-11--Parker Moore
1	1	lib/jekyll/configuration.rb

--18279558d--2014-02-11--Anthony Smith
10	0	features/drafts.feature
5	0	lib/jekyll/draft.rb
11	0	test/source/_drafts/draft-properties.text
56	0	test/test_draft.rb
1	1	test/test_post.rb

--c17ed7ec9--2014-02-08--Anatol Broder
1	0	test/test_site.rb

--1176fc6f5--2014-02-08--Parker Moore
1	1	lib/jekyll/page.rb
1	1	lib/jekyll/post.rb

--487e7a713--2014-02-04--Anatol Broder
1	1	test/test_site.rb

--ce2b4ae96--2014-02-04--Anatol Broder
2	0	jekyll.gemspec

--9e4dea14e--2014-02-04--Anatol Broder
8	3	test/test_sass.rb

--8e0a826cc--2014-02-04--Anatol Broder
1	1	test/test_filters.rb

--e36f9d7da--2014-02-04--Anatol Broder
1	0	test/source/_sass/_grid.scss
4	0	test/source/css/main.scss
10	0	test/test_sass.rb

--baabe7eb7--2014-01-30--Parker Moore
1	4	lib/jekyll/page.rb
1	5	lib/jekyll/post.rb

--606c52509--2014-01-21--Parker Moore
4	1	lib/jekyll/page.rb
5	1	lib/jekyll/post.rb