--de4934232--2013-09-16--Matt Rogers
--454e038fa--2013-09-16--Matt Rogers
1	0	lib/jekyll.rb

--c376f345f--2013-09-16--Matt Rogers
1	0	History.markdown

--52a39db02--2013-09-16--Matt Rogers
--0f4d64651--2013-09-16--maul.esel
19	20	features/site_configuration.feature
9	5	features/step_definitions/jekyll_steps.rb

--bec4a07c1--2013-09-16--maul.esel
12	5	lib/jekyll/site.rb

--f606d9339--2013-06-30--maul.esel
22	0	features/site_configuration.feature

--b26327f20--2013-09-14--maul.esel
0	1	.travis.yml
1	5	Gemfile
1	1	Rakefile
1	1	features/support/env.rb
1	0	jekyll.gemspec
1	1	test/helper.rb

--aa10f8c89--2013-09-12--maul.esel
1	0	README.markdown

--66606a7e8--2013-09-12--maul.esel
1	0	.travis.yml
8	1	Rakefile

--a12227c07--2013-09-12--maul.esel
3	0	test/helper.rb

--5ee41cd3b--2013-09-12--maul.esel
5	0	features/support/env.rb

--699627e70--2013-09-12--maul.esel
4	0	Gemfile