--d68d29c06--2013-07-23--Matt Rogers
--dd4ec1691--2013-07-23--Matt Rogers
1	0	History.markdown

--9cc647c20--2013-07-23--Matt Rogers
--0bb2af8de--2013-07-23--Parker Moore
1	1	lib/jekyll/excerpt.rb

--8e7b6bf5f--2013-07-23--Parker Moore
1	0	History.markdown

--8352083bc--2013-07-23--Parker Moore
--d717ec7f3--2013-07-23--Anatol Broder
1	0	site/_includes/top.html

--a62d868c7--2013-07-22--Parker Moore
1	1	features/post_excerpts.feature

--1e7dbcaaf--2013-07-22--Parker Moore
1	1	test/test_excerpt.rb

--5d6b755d7--2013-07-22--Parker Moore
50	0	features/post_excerpts.feature
6	0	features/step_definitions/jekyll_steps.rb

--95491eb7e--2013-07-22--Parker Moore
3	3	test/source/_posts/2013-07-22-post-excerpt-with-layout.markdown

--930aac3b7--2013-07-22--Parker Moore
3	3	test/test_excerpt.rb

--3418a9197--2013-07-22--Parker Moore
9	0	test/source/_posts/2013-07-22-post-excerpt-with-layout.markdown
12	5	test/test_excerpt.rb

--1bbacbd39--2013-07-22--Parker Moore
55	0	test/test_excerpt.rb

--81a7b2267--2013-07-22--Parker Moore
14	0	test/source/_posts/2013-07-22-post-excerpt-with-layout.markdown
1	1	test/test_generated_site.rb

--f883acc66--2013-07-22--Parker Moore
0	1	lib/jekyll/convertible.rb
0	1	lib/jekyll/excerpt.rb
0	1	lib/jekyll/post.rb

--26dc14881--2013-07-22--Parker Moore
25	18	lib/jekyll/excerpt.rb
14	10	lib/jekyll/post.rb

--e35947287--2013-07-22--Parker Moore
10	0	lib/jekyll/stevenson.rb

--c6a37a424--2013-07-19--Parker Moore
1	0	lib/jekyll/convertible.rb
2	0	lib/jekyll/excerpt.rb

--f99c72608--2013-07-19--Parker Moore
4	0	lib/jekyll/excerpt.rb

--0e0e25b9b--2013-07-19--Parker Moore
1	1	lib/jekyll/post.rb

--04e0b318c--2013-07-19--Parker Moore
0	36	lib/jekyll/excerpt.rb

--374e6fcdf--2013-07-22--Parker Moore
15	4	lib/jekyll/stevenson.rb

--5fb13d804--2013-07-22--Parker Moore
11	1	bin/jekyll