--52fbd940c--2009-06-22--Nick Quaranto
--750b5f5cb--2009-06-22--Nick Quaranto
6	1	History.txt

--606269b33--2009-06-22--Nick Quaranto
--414dfbe26--2009-06-03--Bjørn Arild Mæland
1	1	lib/jekyll.rb

--8379958d9--2009-06-03--Urban Hafner
3	1	features/site_data.feature
6	2	lib/jekyll/post.rb

--d8d7ae3f0--2009-06-02--Urban Hafner
13	0	features/site_data.feature

--5bbdf2239--2009-06-02--Urban Hafner
17	0	features/pagination.feature
0	2	lib/jekyll/site.rb

--937efcf8b--2009-06-02--Urban Hafner
8	2	features/pagination.feature

--a116eaf0e--2009-06-02--Urban Hafner
2	1	lib/jekyll/site.rb

--d79d94277--2009-06-01--Urban Hafner
1	2	lib/jekyll/site.rb

--486ae25fc--2009-05-31--Nick Quaranto
1	1	features/support/env.rb
5	4	lib/jekyll.rb
29	0	test/test_configuration.rb

--86b145023--2009-05-18--Nick Quaranto
10	0	features/site_data.feature
9	5	lib/jekyll/site.rb
4	0	test/test_site.rb

--99098dd8c--2009-05-18--Nick Quaranto
0	8	lib/jekyll/convertible.rb
8	0	lib/jekyll/post.rb
0	38	test/test_generated_site.rb

--102f6be6a--2009-05-18--Nick Quaranto
11	0	features/post_data.feature
1	1	features/step_definitions/jekyll_steps.rb
8	0	lib/jekyll/convertible.rb
9	8	lib/jekyll/post.rb
6	0	test/source/_posts/2009-05-18-tag.textile
9	0	test/source/_posts/2009-05-18-tags.textile
12	0	test/test_post.rb

--921aee23d--2009-05-18--Nick Quaranto
1	1	Rakefile
0	13	features/post_data.feature
1	6	lib/jekyll/post.rb
4	7	lib/jekyll/site.rb
0	2	test/test_post.rb

--285f0aa32--2009-05-18--Nick Quaranto
0	3	TODO

--49c39f43a--2009-05-10--eugenebolshakov
9	0	features/permalinks.feature
11	4	lib/jekyll/page.rb
9	1	test/test_page.rb

--ee0167d70--2009-05-08--eugenebolshakov
44	7	lib/jekyll/page.rb
6	0	test/source/about.html
5	0	test/source/contacts.html
5	0	test/test_generated_site.rb
79	0	test/test_page.rb