--a060d1b08--2019-01-07--Aivils Štoss
--16d0522a8--2019-01-07--Aivils Štoss
--8edf0dd43--2019-01-07--Aivils Štoss
--c7e224474--2019-01-07--Aivils Štoss
--3e189cbc2--2019-01-04--Nikolai
1	1	config/locales/en.yml

--818d6ce8c--2018-12-27--Nikolai
15	33	app/controllers/admin/communities_controller.rb
9	38	app/helpers/communities_helper.rb
1	0	app/models/community.rb
28	2	app/views/admin/communities/social_media.haml

--eb5070cfd--2018-12-20--Nikolai
36	1	app/controllers/admin/communities_controller.rb
38	0	app/helpers/communities_helper.rb
6	4	app/helpers/layout_helper.rb
1	3	app/models/community.rb
2	0	app/models/community_customization.rb
9	10	app/services/custom_landing_page/marketplace_data_store.rb
2	15	app/views/admin/communities/social_media.haml
2	1	app/views/admin/community_customizations/_locale_input_fields.haml
2	1	app/views/admin/community_customizations/_locale_input_textarea.haml
3	3	config/locales/en.yml
2	2	db/migrate/20181211125306_add_social_media_fields_to_communities.rb
2	2	db/structure.sql
1	3	spec/controllers/communities_controller_spec.rb
1	3	spec/models/community_spec.rb

--0fb3024d7--2018-12-12--Aivils Štoss
1	0	app/controllers/admin/communities_controller.rb
16	0	app/helpers/layout_helper.rb
3	1	app/models/community.rb
7	0	app/services/custom_landing_page/landing_page_store_defaults.rb
10	3	app/services/custom_landing_page/marketplace_data_store.rb
19	0	app/views/admin/communities/social_media.haml
8	8	app/views/landing_page/_meta.erb
3	3	app/views/layouts/_marketplace_head.haml
7	1	config/locales/en.yml
6	0	db/migrate/20181211125306_add_social_media_fields_to_communities.rb
8	4	db/structure.sql
3	1	spec/controllers/communities_controller_spec.rb
3	1	spec/models/community_spec.rb

--4c955fdaf--2019-01-04--Nikolai
5	1	app/controllers/errors_controller.rb

--1e27f7fa4--2019-01-04--Nikolai
1	1	app/controllers/application_controller.rb

--a394bb812--2019-01-04--Thomas Malbaux
9	9	config/locales/es-ES.yml
3	3	config/locales/it.yml
5	5	config/locales/pt-BR.yml

--8a7d553bf--2019-01-04--Aivils Štoss
8	1	app/controllers/listings_controller.rb
6	2	app/presenters/listing_presenter.rb

--85addf789--2018-12-20--Aivils Štoss
1	1	app/assets/stylesheets/views/_layout.scss
12	1	app/models/custom_field_values/dropdown_field_value.rb
4	0	app/views/listings/new.haml
2	1	config/locales/en.yml

--3b615dfa3--2018-12-06--Aivils Štoss
15	0	app/assets/stylesheets/views/_layout.scss
1	1	app/services/person/settings_service.rb
5	0	app/views/layouts/application.haml
5	1	app/views/settings/show.haml
1	0	config/locales/en.yml

--fe6a80d6b--2018-12-06--Aivils Štoss
8	9	app/assets/javascripts/listing_form.js
20	4	app/controllers/listings_controller.rb
0	8	app/helpers/listings_helper.rb
26	0	app/presenters/listing_presenter.rb
1	1	app/views/listings/edit.haml
26	12	app/views/listings/form/_form_content.haml
1	1	app/views/listings/new.haml
4	0	app/views/people/_profile_action_buttons.haml
1	0	config/locales/en.yml
3	0	config/routes.rb
23	0	features/admin/acts_as_person/admin_creates_new_listing.feature
6	0	features/step_definitions/listing_steps.rb

--4d2abce6b--2018-12-05--Aivils Štoss
35	17	app/controllers/people_controller.rb
3	2	app/controllers/settings_controller.rb
10	3	app/filters/ensure_can_access_person.rb
21	16	app/helpers/application_helper.rb
1	0	app/services/feature_flag_service/store.rb
7	2	app/services/person/settings_service.rb
4	0	app/services/person/show_service.rb
9	0	app/views/people/_profile_action_buttons.haml
1	1	app/views/settings/show.haml
1	0	config/locales/en.yml
73	0	spec/controllers/people_controller_spec.rb

--19d276363--2018-12-05--Aivils Štoss
2	51	app/controllers/people_controller.rb
1	1	app/controllers/testimonials_controller.rb
8	12	app/models/person.rb
2	2	app/presenters/listing_presenter.rb
77	0	app/services/person/show_service.rb
0	18	app/view_utils/testimonial_view_utils.rb
1	1	app/views/people/_followed_people.haml
5	5	app/views/people/_profile_action_buttons.haml
31	29	app/views/people/show.haml
35	0	spec/controllers/people_controller_spec.rb