--d673cddf9--2018-12-18--Aivils Štoss
--1fa89e3b1--2018-12-18--Thomas Malbaux
9	0	config/locales/ab.yml
9	0	config/locales/ar.yml
11	8	config/locales/az-AZ.yml
9	0	config/locales/bg.yml
9	0	config/locales/bn-BD.yml
9	0	config/locales/ca.yml
10	1	config/locales/crp.yml
11	2	config/locales/cs.yml
9	0	config/locales/da-DK.yml
11	10	config/locales/de.yml
9	0	config/locales/el.yml
9	0	config/locales/en-AU.yml
9	0	config/locales/en-GB.yml
11	10	config/locales/en-NZ.yml
9	0	config/locales/eo.yml
11	10	config/locales/es-ES.yml
9	0	config/locales/es.yml
9	0	config/locales/et.yml
9	0	config/locales/eu-ES.yml
11	10	config/locales/fi.yml
9	0	config/locales/fr-CA.yml
15	6	config/locales/fr.yml
9	0	config/locales/he-IL.yml
9	0	config/locales/hi-IN.yml
9	0	config/locales/hr.yml
9	0	config/locales/hu.yml
9	0	config/locales/hy-AM.yml
9	0	config/locales/id.yml
9	0	config/locales/is.yml
9	0	config/locales/it.yml
9	0	config/locales/ja.yml
9	0	config/locales/ka.yml
9	0	config/locales/km-KH.yml
11	8	config/locales/ko.yml
9	8	config/locales/lv.yml
9	0	config/locales/mn.yml
9	0	config/locales/ms-MY.yml
9	0	config/locales/nb.yml
16	15	config/locales/nl.yml
9	0	config/locales/pl.yml
9	0	config/locales/pt-BR.yml
9	0	config/locales/pt-PT.yml
36	27	config/locales/ro.yml
9	0	config/locales/ru.yml
9	0	config/locales/sk-SK.yml
9	0	config/locales/sl.yml
9	0	config/locales/sq-AL.yml
9	0	config/locales/sr.yml
11	10	config/locales/sv.yml
9	0	config/locales/sw.yml
9	0	config/locales/ta-IN.yml
9	0	config/locales/th-TH.yml
9	0	config/locales/ti.yml
9	0	config/locales/tr-TR.yml
9	0	config/locales/uk.yml
9	0	config/locales/vi.yml
9	0	config/locales/zh-HK.yml
9	3	config/locales/zh-TW.yml
9	0	config/locales/zh.yml

--a8d49b21c--2018-12-18--Aivils Štoss
--39f3bfacd--2018-12-17--Aivils Štoss
9	0	app/helpers/markdown_helper.rb
1	2	app/views/listings/show.haml