--b93a3fc2d--2018-12-18--Aivils Štoss
--75fe33c12--2018-12-07--Aivils Štoss
1	1	app/assets/stylesheets/views/admin/_memberships.scss
2	0	app/models/community_membership.rb
1	1	app/presenters/admin/membership_presenter.rb
3	0	app/services/admin/communities/membership_service.rb
1	1	app/views/admin/community_memberships/_pending_confirmation.haml
1	1	app/views/admin/community_memberships/_pending_consent.haml
3	2	config/locales/en.yml
39	8	spec/controllers/admin/community_membership_controller_spec.rb

--c0710be5e--2018-12-07--Aivils Štoss
1	0	app/models/community_membership.rb
7	7	app/view_utils/admin_community_memberships_view_utils.rb
6	6	config/locales/en.yml
4	2	features/admin/manage_members/admin_lists_members.feature
2	2	features/step_definitions/admin_manage_members_steps.rb
24	0	features/step_definitions/user_steps.rb

--a4ff3ed2f--2018-12-07--Aivils Štoss
7	0	app/views/admin/community_memberships/_pending_consent.haml
1	1	app/views/admin/community_memberships/index.haml
3	0	config/locales/en.yml

--79ccda8f5--2018-12-07--Aivils Štoss
98	29	app/assets/javascripts/admin/manage_members.js
0	45	app/assets/javascripts/admin/memberships.js
0	1	app/assets/javascripts/application.js
25	0	app/assets/stylesheets/views/admin/_memberships.scss
5	0	app/controllers/admin/community_memberships_controller.rb
1	0	app/models/email.rb
1	3	app/models/person.rb
7	1	app/services/admin/communities/membership_service.rb
12	0	app/views/admin/community_memberships/_pending_confirmation.haml
24	9	app/views/admin/community_memberships/index.haml
5	0	config/locales/en.yml
1	0	config/routes.rb
21	0	spec/controllers/admin/community_membership_controller_spec.rb

--45b2581c5--2018-12-18--Aivils Štoss
--2bfdc4a01--2018-12-18--Aivils Štoss
29	98	app/assets/javascripts/admin/manage_members.js
45	0	app/assets/javascripts/admin/memberships.js
1	0	app/assets/javascripts/application.js
0	25	app/assets/stylesheets/views/admin/_memberships.scss
0	5	app/controllers/admin/community_memberships_controller.rb
0	3	app/models/community_membership.rb
0	1	app/models/email.rb
3	1	app/models/person.rb
1	1	app/presenters/admin/membership_presenter.rb
1	10	app/services/admin/communities/membership_service.rb
7	7	app/view_utils/admin_community_memberships_view_utils.rb
0	12	app/views/admin/community_memberships/_pending_confirmation.haml
0	7	app/views/admin/community_memberships/_pending_consent.haml
9	24	app/views/admin/community_memberships/index.haml
6	15	config/locales/en.yml
0	1	config/routes.rb
2	4	features/admin/manage_members/admin_lists_members.feature
2	2	features/step_definitions/admin_manage_members_steps.rb
0	24	features/step_definitions/user_steps.rb
0	52	spec/controllers/admin/community_membership_controller_spec.rb