--542c82c0c--2018-12-18--Aivils Štoss
--8417c4cd4--2018-12-18--Aivils Štoss
--299614393--2018-12-18--Aivils Štoss
--3c1c928bd--2018-12-17--Luis-RG
--41b3c70ab--2018-12-17--Luis-RG
4	1	app/views/landing_page/_icon.erb

--af61defc5--2018-12-15--Thomas Malbaux
--5d9d8458e--2018-12-15--Nathan Knowler
1	1	app/views/people/new.haml

--651cae934--2018-12-13--Thomas Malbaux
1	1	app/assets/javascripts/locales/crp.json
1	1	app/views/listings/help_texts/_help_valid_until.az-AZ.haml
1	1	app/views/people/help_texts/_help_invitation_code.ro.haml
2	0	config/locales/ab.yml
2	0	config/locales/ar.yml
9	7	config/locales/az-AZ.yml
2	0	config/locales/bg.yml
2	0	config/locales/bn-BD.yml
2	0	config/locales/ca.yml
41	39	config/locales/crp.yml
3	1	config/locales/cs.yml
2	0	config/locales/da-DK.yml
2	0	config/locales/de.yml
4	4	config/locales/devise.crp.yml
2	0	config/locales/el.yml
2	0	config/locales/en-AU.yml
2	0	config/locales/en-GB.yml
2	0	config/locales/en-NZ.yml
2	0	config/locales/eo.yml
2	0	config/locales/es-ES.yml
2	0	config/locales/es.yml
2	0	config/locales/et.yml
2	0	config/locales/eu-ES.yml
2	0	config/locales/fi.yml
2	0	config/locales/fr-CA.yml
6	4	config/locales/fr.yml
2	0	config/locales/he-IL.yml
2	0	config/locales/hi-IN.yml
2	0	config/locales/hr.yml
2	0	config/locales/hu.yml
2	0	config/locales/hy-AM.yml
2	0	config/locales/id.yml
2	0	config/locales/is.yml
2	0	config/locales/it.yml
5	3	config/locales/ja.yml
2	0	config/locales/ka.yml
2	0	config/locales/km-KH.yml
2	0	config/locales/ko.yml
2	0	config/locales/lv.yml
2	0	config/locales/mn.yml
2	0	config/locales/ms-MY.yml
2	0	config/locales/nb.yml
2	0	config/locales/nl.yml
2	0	config/locales/pl.yml
2	0	config/locales/pt-BR.yml
2	0	config/locales/pt-PT.yml
76	70	config/locales/ro.yml
2	0	config/locales/ru.yml
2	0	config/locales/sk-SK.yml
2	0	config/locales/sl.yml
2	0	config/locales/sq-AL.yml
2	0	config/locales/sr.yml
2	0	config/locales/sv.yml
2	0	config/locales/sw.yml
2	0	config/locales/ta-IN.yml
2	0	config/locales/th-TH.yml
2	0	config/locales/ti.yml
2	0	config/locales/tr-TR.yml
2	0	config/locales/uk.yml
2	0	config/locales/vi.yml
2	0	config/locales/zh-HK.yml
2	0	config/locales/zh-TW.yml
2	0	config/locales/zh.yml

--18d83d923--2018-12-13--Thomas Malbaux
--fb3411212--2018-12-13--Thomas Malbaux
0	0	app/views/listings/help_texts/_help_valid_until.crp.haml
0	0	app/views/people/help_texts/_help_captcha.crp.haml
0	0	app/views/people/help_texts/_help_invitation_code.crp.haml
2	1	config/available_locales.rb

--cd58d49fe--2018-12-13--Aivils Štoss
1	1	Gemfile
49	49	Gemfile.lock

--24a79bd93--2018-12-07--Aivils Štoss
1	1	app/assets/stylesheets/views/admin/_memberships.scss
2	0	app/models/community_membership.rb
1	1	app/presenters/admin/membership_presenter.rb
3	0	app/services/admin/communities/membership_service.rb
1	1	app/views/admin/community_memberships/_pending_confirmation.haml
1	1	app/views/admin/community_memberships/_pending_consent.haml
3	2	config/locales/en.yml
39	8	spec/controllers/admin/community_membership_controller_spec.rb

--cd066c09b--2018-12-07--Aivils Štoss
1	0	app/models/community_membership.rb
7	7	app/view_utils/admin_community_memberships_view_utils.rb
6	6	config/locales/en.yml
4	2	features/admin/manage_members/admin_lists_members.feature
2	2	features/step_definitions/admin_manage_members_steps.rb
24	0	features/step_definitions/user_steps.rb

--eb0f324ff--2018-12-07--Aivils Štoss
7	0	app/views/admin/community_memberships/_pending_consent.haml
1	1	app/views/admin/community_memberships/index.haml
3	0	config/locales/en.yml

--ad1a637e5--2018-12-07--Aivils Štoss
98	29	app/assets/javascripts/admin/manage_members.js
0	45	app/assets/javascripts/admin/memberships.js
0	1	app/assets/javascripts/application.js
25	0	app/assets/stylesheets/views/admin/_memberships.scss
5	0	app/controllers/admin/community_memberships_controller.rb
1	0	app/models/email.rb
1	3	app/models/person.rb
7	1	app/services/admin/communities/membership_service.rb
12	0	app/views/admin/community_memberships/_pending_confirmation.haml
24	9	app/views/admin/community_memberships/index.haml
5	0	config/locales/en.yml
1	0	config/routes.rb
21	0	spec/controllers/admin/community_membership_controller_spec.rb

--5448f38bd--2018-09-26--Maximilian Stadlmeier
11	1	docs/landing-page.md