--dda7deddd--2018-11-13--Aivils Štoss
--8d937bca5--2018-11-12--Luis-RG
103	103	config/locales/sr.yml

--bb577397b--2018-11-12--Luis-RG
--2bf945393--2018-11-12--Luis-RG
27	0	app/views/landing_page/_icon.erb

--e07658788--2018-11-08--Nikolai
37	0	app/assets/javascripts/admin/transactions.js
66	0	app/assets/stylesheets/partials/_admin.scss
1	1	app/assets/stylesheets/views/admin/_communities.scss
3	50	app/controllers/admin/community_transactions_controller.rb
9	0	app/models/transaction.rb
48	0	app/presenters/admin_transactions_presenter.rb
67	0	app/services/admin/transactions_search_service.rb
32	5	app/views/admin/community_transactions/index.haml
1	1	app/views/layouts/_style_overrides.haml
12	0	config/locales/en.yml
29	1	features/admin/statistics_and_info/admin_views_transactions.feature

--e527e9bcc--2018-11-08--Luis-RG
--187b5fcc3--2018-11-07--Luis-RG
10	10	features/admin/admin_edits_community_details.feature

--2ed93574a--2018-11-07--Luis-RG
2	2	config/locales/en.yml

--7215efe45--2018-11-07--Aivils Štoss
--53b82e696--2018-10-26--Nikolai
0	2	app/services/feature_flag_service/store.rb
2	8	app/views/admin/communities/edit_look_and_feel.haml
7	8	app/views/admin/communities/social_media.haml
1	1	app/views/layouts/_marketplace_head.haml

--c603ff7d1--2018-11-07--Aivils Štoss
--d2208beb2--2018-11-07--Aivils Štoss
--5c0a8fc6d--2018-11-06--Luis-RG
1	1	app/views/listings/help_texts/_help_valid_until.bg.haml

--09c8b5e82--2018-11-06--Luis-RG
1	1	app/views/listings/help_texts/_help_valid_until.bg.haml
4	4	app/views/people/help_texts/_help_captcha.bg.haml
23	24	config/locales/en.yml
4	4	config/locales/fr.yml
46	46	config/locales/nl.yml
77	77	config/locales/sr.yml

--45f519615--2018-11-06--Aivils Štoss
--2cb480627--2018-11-06--Aivils Štoss
--483bf788e--2018-11-06--Luis-RG
--17ed1d73b--2018-11-06--Luis-RG
12	0	app/views/landing_page/_icon.erb

--4aecd55cd--2018-11-05--Aivils Štoss
4	6	app/controllers/admin/community_customizations_controller.rb
2	12	app/helpers/communities_helper.rb
10	11	app/views/admin/community_customizations/_locale_input_fields.haml
2	2	app/views/homepage/index.haml
0	2	features/admin/admin_edits_community_details.feature

--e7296f575--2018-11-05--Vesa Vahermaa
--97ac61cde--2018-11-05--Schwerbelastung
7	4	app/views/landing_page/_icon.erb

--08fddfce8--2018-11-02--Luis-RG
1	1	app/views/listings/help_texts/_help_valid_until.bg.haml
44	1	config/locales/ab.yml
4	0	config/locales/ar.yml
4	0	config/locales/bg.yml
4	0	config/locales/bn-BD.yml
4	0	config/locales/ca.yml
23	19	config/locales/cs.yml
4	0	config/locales/da-DK.yml
4	0	config/locales/de.yml
44	1	config/locales/el.yml
4	0	config/locales/en-AU.yml
4	0	config/locales/en-GB.yml
4	0	config/locales/en-NZ.yml
4	0	config/locales/eo.yml
4	0	config/locales/es-ES.yml
4	0	config/locales/es.yml
4	0	config/locales/et.yml
4	0	config/locales/eu-ES.yml
4	0	config/locales/fi.yml
4	0	config/locales/fr-CA.yml
4	0	config/locales/fr.yml
4	0	config/locales/he-IL.yml
4	0	config/locales/hi-IN.yml
4	0	config/locales/hr.yml
4	0	config/locales/hu.yml
4	0	config/locales/hy-AM.yml
4	0	config/locales/id.yml
4	0	config/locales/is.yml
4	0	config/locales/it.yml
4	0	config/locales/ja.yml
4	0	config/locales/ka.yml
4	0	config/locales/km-KH.yml
4	0	config/locales/ko.yml
4	0	config/locales/lv.yml
4	0	config/locales/mn.yml
44	1	config/locales/ms-MY.yml
44	1	config/locales/nb.yml
4	0	config/locales/nl.yml
4	0	config/locales/pl.yml
4	0	config/locales/pt-BR.yml
4	0	config/locales/pt-PT.yml
4	0	config/locales/ro.yml
4	0	config/locales/ru.yml
4	0	config/locales/sk-SK.yml
4	0	config/locales/sl.yml
4	0	config/locales/sq-AL.yml
35	31	config/locales/sr.yml
4	0	config/locales/sv.yml
4	0	config/locales/sw.yml
4	0	config/locales/ta-IN.yml
4	0	config/locales/th-TH.yml
4	0	config/locales/ti.yml
4	0	config/locales/tr-TR.yml
4	0	config/locales/uk.yml
4	0	config/locales/vi.yml
4	0	config/locales/zh-HK.yml
44	1	config/locales/zh-TW.yml
44	1	config/locales/zh.yml

--470e36089--2018-11-02--Luis-RG
--4ddbaf0b8--2018-11-02--Luis-RG
9	0	app/views/landing_page/_icon.erb

--9c7a6426d--2018-11-02--Aivils Štoss
--3eddae735--2018-11-01--Aivils Štoss
13	3	app/assets/javascripts/admin/emails.js

--35a43104c--2018-10-31--Nikolai
13	2	app/controllers/application_controller.rb
6	2	app/controllers/landing_page_controller.rb
6	1	app/services/plan_service/api/plans.rb
63	7	app/utils/marketplace_router.rb
86	0	app/views/layouts/marketplace_router_error.html.erb
1	0	config/routes.rb
173	0	spec/controllers/application_controller_spec.rb

--688f3f7fa--2018-10-31--Nikolai
5	7	app/controllers/admin/community_memberships_controller.rb
8	0	app/models/person.rb
2	2	app/view_utils/admin_community_memberships_view_utils.rb
5	2	features/admin/manage_members/admin_lists_members.feature
7	5	features/step_definitions/user_steps.rb

--47b56bd4d--2018-10-24--Nikolai
2	0	Gemfile
4	2	Gemfile.lock