--329a97873--2014-08-07--Sampo Toiva
--2053c63b9--2014-08-07--Sampo Toiva
0	2	app/views/admin/community_transactions/index.haml
4	4	features/admin/statistics_and_info/admin_views_transactions.feature

--b5acac79e--2014-08-07--Sampo Toiva
0	4	app/models/conversation.rb
2	2	app/views/admin/community_transactions/index.haml

--472861871--2014-08-07--Sampo Toiva
8	6	features/admin/statistics_and_info/admin_views_transactions.feature
18	2	features/step_definitions/admin_transaction_steps.rb

--eecbee3e0--2014-08-07--Sampo Toiva
0	8	app/controllers/admin/community_transactions_controller.rb

--1bc348835--2014-08-07--Mikko Koski
1	1	config/locales/en.yml

--34e472a94--2014-08-07--Olli Vanhapiha
5	4	app/controllers/admin/community_transactions_controller.rb
1	1	app/views/admin/community_transactions/index.haml
5	6	features/admin/statistics_and_info/admin_views_transactions.feature
43	17	features/step_definitions/admin_transaction_steps.rb

--d86e32915--2014-08-07--Olli Vanhapiha
1	1	app/views/admin/community_transactions/index.haml
5	0	config/locales/en.yml
5	0	config/locales/fi.yml

--172d0e909--2014-08-07--Sampo Toiva
5	1	app/views/admin/community_transactions/index.haml

--92aab3f5e--2014-08-07--Sampo Toiva
2	2	app/helpers/application_helper.rb

--48abef599--2014-08-06--Sampo Toiva
32	3	app/controllers/admin/community_transactions_controller.rb
2	2	app/views/admin/community_transactions/index.haml

--b95ce8746--2014-08-06--Mikko Koski
1	1	app/assets/javascripts/locales/pt-BR.json
14	103	config/locales/ab.yml
14	103	config/locales/ca.yml
14	103	config/locales/cs.yml
14	103	config/locales/da-DK.yml
14	103	config/locales/de-bl.yml
14	103	config/locales/de-rc.yml
14	103	config/locales/de.yml
4	4	config/locales/devise.pt-BR.yml
14	103	config/locales/en-at.yml
14	103	config/locales/en-bd.yml
14	103	config/locales/en-bf.yml
14	103	config/locales/en-bl.yml
14	103	config/locales/en-cf.yml
14	103	config/locales/en-qr.yml
14	103	config/locales/en-rc.yml
14	103	config/locales/en-sb.yml
14	103	config/locales/en-ul.yml
14	103	config/locales/en-un.yml
14	103	config/locales/en-vg.yml
1	1	config/locales/en.yml
14	103	config/locales/es-rc.yml
14	103	config/locales/fr-at.yml
14	103	config/locales/fr-bd.yml
14	103	config/locales/fr-rc.yml
14	103	config/locales/hr.yml
14	103	config/locales/hu.yml
14	103	config/locales/it.yml
14	103	config/locales/lv.yml
99	176	config/locales/pt-BR.yml
14	103	config/locales/ro.yml
14	103	config/locales/sv.yml
14	103	config/locales/sw.yml
14	103	config/locales/vi.yml
14	103	config/locales/zh.yml

--e17b62de4--2014-08-06--Mikko Koski
1	1	app/models/custom_field_values/numeric_field_value.rb

--1da04d680--2014-08-06--Sampo Toiva
3	3	app/controllers/admin/community_memberships_controller.rb

--1de4fcd80--2014-08-06--Sampo Toiva
1	1	config/routes.rb

--e9b010397--2014-08-06--Sampo Toiva
0	6	app/controllers/admin/communities_controller.rb
10	0	app/controllers/admin/community_transactions_controller.rb
1	1	app/helpers/application_helper.rb
0	0	app/views/admin/{communities/transactions.haml => community_transactions/index.haml}
1	1	config/routes.rb
1	1	features/support/paths.rb

--36a2704ce--2014-08-06--Sampo Toiva
1	7	features/admin/manage_members/admin_lists_members.feature

--a62460c95--2014-08-06--Sampo Toiva
0	2	app/controllers/admin/community_memberships_controller.rb
4	4	app/helpers/application_helper.rb
4	4	app/views/admin/community_memberships/index.haml

--039899a4e--2014-08-06--Sampo Toiva
15	1	features/admin/statistics_and_info/admin_views_transactions.feature

--0a1f34165--2014-08-06--Olli Vanhapiha
8	8	app/views/admin/communities/transactions.haml
9	8	config/locales/en.yml
18	8	config/locales/fi.yml

--0997c5bd2--2014-08-05--Olli Vanhapiha
1	1	app/views/admin/communities/transactions.haml
9	0	config/locales/en.yml
6	6	features/admin/statistics_and_info/admin_views_transactions.feature
3	2	features/step_definitions/admin_transaction_steps.rb

--161dc5787--2014-08-05--Mikko Koski
--d861455db--2014-08-05--Mikko Koski
13	0	db/migrate/20140805102757_migrate_conversation_to_free_status.rb
9	0	db/migrate_helpers/logging_helpers.rb
2	0	db/structure.sql

--c501ffa3a--2014-08-05--Mikko Koski
2	15	app/state_machines/transaction_process.rb

--17f8a56eb--2014-08-05--Mikko Koski
20	0	db/migrate/20140805102757_migrate_conversation_to_free_status.rb

--d8526af47--2014-08-05--Olli Vanhapiha
4	0	app/models/conversation.rb
3	3	app/views/admin/communities/transactions.haml
5	5	features/admin/statistics_and_info/admin_views_transactions.feature
24	17	features/step_definitions/admin_transaction_steps.rb

--8958ba5e0--2014-08-05--Sampo Toiva
5	5	features/admin/statistics_and_info/admin_views_transactions.feature
27	0	features/step_definitions/admin_transaction_steps.rb
2	0	features/support/paths.rb

--77517e9c7--2014-08-04--Sampo Toiva
5	4	features/admin/statistics_and_info/admin_views_transactions.feature