--7a24f57c3--2014-07-25--Vesa Luusua
--adf1fd661--2014-07-25--Mikko Koski
4	4	features/admin/manage_members/admin_lists_members.feature
1	1	features/settings/user_changes_email_address.feature
1	1	features/step_definitions/admin_category_steps.rb
1	1	features/step_definitions/admin_custom_field_steps.rb
1	1	features/step_definitions/web_steps.rb

--a77363224--2014-07-23--Vesa Luusua
66	30	db/structure.sql

--938027f7f--2014-07-25--Mikko Koski
4	4	spec/controllers/settings_controller_spec.rb

--c424e3297--2014-07-25--Mikko Koski
1	1	app/controllers/settings_controller.rb
10	0	features/email/user_unsubscribes_weekly_updates.feature
23	0	features/step_definitions/email_feature_steps.rb
8	0	features/step_definitions/email_steps.rb
1	2	features/step_definitions/listing_steps.rb
9	0	features/support/listing_helpers.rb

--77791edb1--2014-07-24--Mikko Koski
3	3	app/views/homepage/index.haml

--70b5a7fd7--2014-07-24--Mikko Koski
1	1	docs/customize-marketplace.md

--230acf9d7--2014-07-23--Mikko Koski
2	41	app/assets/stylesheets/application.scss

--893b947ce--2014-07-24--Mikko Koski
2	0	docs/customize-marketplace.md

--1ed5ef410--2014-07-24--Mikko Koski
31	0	docs/customize-marketplace.md

--da95e4339--2014-07-24--Mikko Koski
8	8	docs/customize-marketplace.md

--fe0048b67--2014-07-23--Mikko Koski
4	4	config/i18n-tasks.yml

--e65ae44ac--2014-07-23--Mikko Koski
1	0	Gemfile
18	1	Gemfile.lock
1	1	app/helpers/application_helper.rb
5	17	app/helpers/listings_helper.rb
1	4	app/helpers/settings_helper.rb
87	0	config/i18n-tasks.yml

--142bbe686--2014-07-23--Mikko Koski
1	1	app/controllers/listing_conversations_controller.rb

--9646a95b3--2014-07-23--Mikko Koski
3	7	app/views/transaction_mailer/transaction_preauthorized.haml
2	6	app/views/transaction_mailer/transaction_preauthorized_reminder.haml
3	3	config/locales/en.yml

--1a8da8345--2014-07-23--Mikko Koski
1	1	app/services/confirm_conversation.rb
0	4	app/views/confirm_conversations/confirm.haml

--8e2aded29--2014-07-23--Mikko Koski
6	3	docs/cucumber-do-dont.md
22	22	features/conversations/preauthorization.feature

--c374f0131--2014-07-23--Mikko Koski
2	18	app/services/braintree_api.rb
19	8	app/services/braintree_sale_service.rb

--f4c975e25--2014-07-23--Mikko Koski
2	0	app/assets/stylesheets/application.scss
0	44	app/assets/stylesheets/main.css.scss
45	0	app/assets/stylesheets/partials/_texts.css.scss
1	3	app/assets/stylesheets/views/_home.css.scss
1	1	app/assets/stylesheets/views/_preauthorize.css.scss

--64691411f--2014-07-23--Mikko Koski
0	14	app/assets/javascripts/googlemaps.js
9	16	app/controllers/people_controller.rb
0	4	app/helpers/application_helper.rb
0	6	app/views/communities/_email_confirmation_pending.haml
0	81	app/views/communities/_new_tribe_form.haml
0	2	app/views/communities/_new_tribe_form_wrapper.haml
0	47	app/views/communities/_signup_form.haml
0	16	app/views/communities/index.haml
0	29	app/views/communities/new.haml
0	1	app/views/communities/new.js.erb
0	0	app/views/communities/show.haml
0	10	app/views/dashboard/_notifications.haml
0	24	app/views/dashboard/faq.haml
0	14	app/views/dashboard/login.haml
0	7	app/views/dashboard/pricing.haml
0	11	app/views/people/_help_texts_old.haml
0	79	config/locales/en.yml

--c269691a2--2014-07-23--Mikko Koski
6	0	README.md
20	0	docs/customize-marketplace.md

--e9eab0196--2014-07-22--Mikko Koski
1	0	app/assets/stylesheets/application.scss
6	0	app/assets/stylesheets/partials/_lists.css.scss
4	0	app/assets/stylesheets/views/_preauthorize.css.scss
19	0	app/views/design/design.haml
10	7	app/views/listing_conversations/preauthorize.haml

--6b1a9d3cd--2014-07-22--Vesa Luusua
1	1	app/models/conversation.rb

--5dc0a28c5--2014-07-22--Mikko Koski
3	38	app/controllers/braintree_payments_controller.rb
1	36	app/controllers/listing_conversations_controller.rb
2	2	app/services/braintree_api.rb
73	0	app/services/braintree_sale_service.rb
1	1	features/payments/braintree_payment.feature
1	1	features/step_definitions/conversation_steps.rb

--e4712f14b--2014-07-22--Mikko Koski
17	5	app/controllers/accept_preauthorized_conversations_controller.rb
14	0	app/services/params_constraints.rb
18	0	app/services/util.rb
2	2	app/views/accept_preauthorized_conversations/accept.haml
2	1	config/routes.rb
8	0	spec/services/util_spec.rb

--d12869720--2014-07-22--Mikko Koski
33	0	features/listings/user_creates_listing_with_preauthorized_transaction_type.feature
25	0	features/step_definitions/listing_steps.rb
1	1	features/step_definitions/payment_steps.rb

--5002b509d--2014-07-22--Mikko Koski
6	2	features/step_definitions/person_steps.rb
2	5	features/step_definitions/user_steps.rb
9	0	features/support/login_helpers.rb
10	0	features/support/person_helpers.rb

--1abab32e9--2014-07-21--Mikko Koski
0	1	app/controllers/listing_conversations_controller.rb
2	2	app/jobs/automatic_confirmation_job.rb
3	1	app/models/conversation.rb
2	6	app/services/confirm_conversation.rb
14	4	app/state_machines/transaction_process.rb
24	2	features/conversations/preauthorization.feature
2	2	features/conversations/user_gives_feedback_from_transaction.feature
1	1	features/conversations/user_skips_feedback.feature
5	1	features/step_definitions/conversation_steps.rb

--f6c75d9e6--2014-07-21--Mikko Koski
1	0	app/assets/stylesheets/application.scss
7	0	app/assets/stylesheets/mixins/_layout.css.scss
1	1	app/assets/stylesheets/views/_home.css.scss
10	0	app/assets/stylesheets/views/_preauthorize.css.scss
44	67	app/views/listing_conversations/preauthorize.haml
9	0	config/locales/en.yml

--b02d1733a--2014-07-21--Vesa Luusua
1	0	app/models/listing_image.rb

--2c5740bae--2014-07-25--Mikko Koski
--7bf5f4016--2014-07-25--Mikko Koski
4	4	spec/controllers/settings_controller_spec.rb

--79cc7ef0f--2014-07-25--Mikko Koski
1	1	app/controllers/settings_controller.rb
10	0	features/email/user_unsubscribes_weekly_updates.feature
23	0	features/step_definitions/email_feature_steps.rb
8	0	features/step_definitions/email_steps.rb
1	2	features/step_definitions/listing_steps.rb
9	0	features/support/listing_helpers.rb

--c52ed2e83--2014-07-23--Vesa Luusua
22	12	features/admin/manage_members/admin_lists_members.feature
1	1	features/support/paths.rb

--95db7b4be--2014-07-23--Mikko Koski
2	2	app/assets/javascripts/admin/manage_members.js
0	53	app/controllers/admin/communities_controller.rb
69	0	app/controllers/admin/community_memberships_controller.rb
0	11	app/controllers/community_memberships_controller.rb
2	2	app/helpers/application_helper.rb
6	2	app/models/community.rb
0	8	app/models/community_membership.rb
0	4	app/models/person.rb
10	10	app/views/admin/{communities/manage_members.haml => community_memberships/index.haml}
9	3	config/routes.rb

--5a4ddf686--2014-07-21--Vesa Luusua
8	0	app/models/community_membership.rb
14	10	app/models/person.rb