--b1b5394a9--2014-06-06--Juho Makkonen
--089efc764--2014-06-06--Juho Makkonen
--bc0e63dc4--2014-06-06--Mikko Koski
--fb7adedee--2014-06-06--Mikko Koski
1	1	app/views/admin/community_customizations/edit_details.haml
7	55	features/admin/admin_edits_community_details.feature
53	0	features/admin/admin_edits_text_instructions.feature
2	0	features/support/paths.rb

--0adbe46fc--2014-06-06--Mikko Koski
9	17	app/controllers/admin/communities_controller.rb
48	0	app/controllers/admin/community_customizations_controller.rb
16	10	app/helpers/application_helper.rb
0	85	app/views/admin/communities/edit_details.haml
48	0	app/views/admin/communities/edit_text_instructions.haml
41	0	app/views/admin/community_customizations/edit_details.haml
3	0	config/locales/en.yml
3	0	config/locales/fi.yml
3	1	config/routes.rb

--77bb58b24--2014-06-05--Juho Makkonen
0	4	db/structure.sql