--68e81f4d1--2014-03-28--Sampo Toiva
--398ee9f65--2014-03-28--Sampo Toiva
99	99	app/assets/javascripts/kassi.js
11	11	app/controllers/admin/communities_controller.rb
87	87	app/models/community.rb

--e68eacdb5--2014-03-28--Sampo Toiva
17	0	app/assets/javascripts/kassi.js
4	1	app/controllers/admin/communities_controller.rb
6	5	app/models/community.rb
10	3	app/views/admin/communities/integrations.haml
1	0	config/locales/en.yml
1	0	config/locales/fi.yml
11	0	spec/models/community_spec.rb

--26f1c4ed2--2014-03-27--Mikko Koski
1	0	config/locales/ab.yml
1	0	config/locales/ca.yml
1	0	config/locales/cs.yml
1	0	config/locales/da-DK.yml
1	0	config/locales/de-bl.yml
1	0	config/locales/de-rc.yml
1	0	config/locales/de.yml
1	0	config/locales/en-at.yml
1	0	config/locales/en-bd.yml
1	0	config/locales/en-bf.yml
1	0	config/locales/en-bl.yml
1	0	config/locales/en-cf.yml
1	0	config/locales/en-qr.yml
1	0	config/locales/en-rc.yml
1	0	config/locales/en-sb.yml
1	0	config/locales/en-ul.yml
1	0	config/locales/en-un.yml
1	0	config/locales/en-vg.yml
1	0	config/locales/es-rc.yml
1	0	config/locales/fr-at.yml
1	0	config/locales/fr-bd.yml
1	0	config/locales/fr-rc.yml
1	0	config/locales/hr.yml
1	0	config/locales/hu.yml
1	0	config/locales/it.yml
1	0	config/locales/lv.yml
4	3	config/locales/pt-BR.yml
1	0	config/locales/ro.yml
1	0	config/locales/sv.yml
1	0	config/locales/sw.yml
1	0	config/locales/vi.yml
1	0	config/locales/zh.yml

--fecbbdb00--2014-03-27--Mikko Koski
--70454def4--2014-03-27--Mikko Koski
3	3	app/assets/javascripts/image_uploader.js
9	2	app/controllers/listing_images_controller.rb

--cd37c5298--2014-03-26--Mikko Koski
2	9	lib/tasks/deploy.rake

--0a5df5eda--2014-03-26--Mikko Koski
--ccb08a7ca--2014-03-26--Mikko Koski
1	0	Gemfile
7	0	Gemfile.lock

--2d9437884--2014-03-25--Mikko Koski
1	0	features/listings/user_edits_his_own_listing.feature

--956a068ce--2014-03-25--Mikko Koski
3	15	app/assets/javascripts/image_uploader.js
1	1	app/views/listings/form/_images.haml

--f063c632c--2014-03-25--Mikko Koski
1	1	app/models/listing_image.rb

--a9cc5600f--2014-03-25--Mikko Koski
9	1	app/helpers/application_helper.rb
1	1	app/services/s3_uploader.rb
2	2	app/views/listings/form/_images.haml
10	3	config/config.example.yml

--db92cf891--2014-03-25--Mikko Koski
6	6	app/assets/javascripts/image_uploader.js

--7e68bed97--2014-03-25--Mikko Koski
2	5	config/config.example.yml

--d0ea9ab31--2014-03-25--Mikko Koski
5	0	app/assets/javascripts/application.js
42	11	app/assets/javascripts/image_uploader.js
2	5	app/assets/javascripts/kassi.js
1	2	app/models/listing_image.rb
1	1	app/services/s3_uploader.rb
1	1	app/views/listings/form/_images.haml
3	0	config/config.example.yml
1	0	config/locales/en.yml
4	4	features/listings/user_creates_a_new_listing.feature
5	5	features/listings/user_edits_his_own_listing.feature
10	7	features/step_definitions/general_steps.rb
14	1	features/step_definitions/listing_steps.rb
4	0	features/step_definitions/web_steps.rb
119	0	vendor/assets/javascripts/jquery.fileupload-validate.js
86	0	vendor/assets/javascripts/jquery.xdr-transport.js

--e2977900b--2014-03-25--Mikko Koski
2	2	app/assets/javascripts/image_uploader.js
3	1	app/views/listings/form/_images.haml

--28ffb2ba0--2014-03-25--Mikko Koski
9	1	app/services/s3_uploader.rb

--8dd458a2e--2014-03-24--Mikko Koski
4	0	app/assets/javascripts/application.js
7	0	app/assets/javascripts/image_uploader.js
4	4	app/models/listing_image.rb
1	2	app/services/s3_uploader.rb
2	1	app/views/listings/form/_images.haml
9	0	config/config.example.yml

--04fc7fcd8--2014-03-24--Mikko Koski
4	4	app/assets/javascripts/image_uploader.js

--98aebc6a6--2014-03-24--Mikko Koski
1	3	app/assets/javascripts/image_uploader.js
1	1	app/controllers/listing_images_controller.rb
0	6	app/models/listing_image.rb

--dbb7db615--2014-03-24--Mikko Koski
12	21	app/controllers/listing_images_controller.rb
0	1	app/views/listings/form/_images.haml

--dc3b3f678--2014-03-24--Mikko Koski
68	25	app/assets/javascripts/image_uploader.js
78	20	app/controllers/listing_images_controller.rb
15	6	app/models/listing_image.rb
61	0	app/services/s3_uploader.rb
14	7	app/views/listings/form/_images.haml
0	7	config/config.example.yml
3	2	config/routes.rb
5	0	db/migrate/20140324073247_add_image_downloaded_to_listing_images.rb
6	1	db/structure.sql
5	0	spec/models/listing_image_spec.rb
1	0	vendor/assets/javascripts/canvas-to-blob.min.js
315	0	vendor/assets/javascripts/jquery.fileupload-image.js
172	0	vendor/assets/javascripts/jquery.fileupload-process.js
1	0	vendor/assets/javascripts/load-image.min.js

--d8c33b30c--2014-03-25--Mikko Koski
1	0	config/locales/ab.yml
1	0	config/locales/ca.yml
1	0	config/locales/cs.yml
1	0	config/locales/da-DK.yml
1	0	config/locales/de-bl.yml
1	0	config/locales/de-rc.yml
1	0	config/locales/de.yml
1	1	config/locales/devise.pt-BR.yml
1	0	config/locales/el.yml
1	0	config/locales/en-at.yml
1	0	config/locales/en-bd.yml
1	0	config/locales/en-bf.yml
1	0	config/locales/en-bl.yml
1	0	config/locales/en-cf.yml
1	0	config/locales/en-qr.yml
1	0	config/locales/en-rc.yml
1	0	config/locales/en-sb.yml
1	0	config/locales/en-ul.yml
1	0	config/locales/en-un.yml
1	0	config/locales/en-vg.yml
1	0	config/locales/es-ES.yml
1	0	config/locales/es-rc.yml
1	0	config/locales/es.yml
1	0	config/locales/fi.yml
1	0	config/locales/fr-at.yml
1	0	config/locales/fr-bd.yml
1	0	config/locales/fr-rc.yml
1	0	config/locales/fr.yml
1	0	config/locales/hr.yml
1	0	config/locales/hu.yml
1	0	config/locales/it.yml
1	0	config/locales/lv.yml
1	0	config/locales/nl.yml
1	0	config/locales/pt-BR.yml
1	0	config/locales/ro.yml
1	0	config/locales/ru.yml
1	0	config/locales/sv.yml
1	0	config/locales/sw.yml
1	0	config/locales/vi.yml
1	0	config/locales/zh.yml

--425429e7f--2014-03-25--Mikko Koski
1	0	config/locales/en.yml

--592fb05c3--2014-03-25--Juho Makkonen
1	1	config/locales/en.yml

--5eec5d1a3--2014-03-25--Mikko Koski
2	2	README.md

--e720f156e--2014-03-25--Antti Virolainen
39	39	config/locales/pt-BR.yml

--f0bac9728--2014-03-24--Antti Virolainen
--a7cb76afa--2014-03-24--Antti Virolainen
36	0	public/404.pt-BR.html
1	1	public/500.nl.html
36	0	public/500.pt-BR.html

--2c57a3c10--2014-03-24--Antti Virolainen
1	0	config/application.rb
7	0	config/locales/ab.yml
7	0	config/locales/ca.yml
7	0	config/locales/cs.yml
7	0	config/locales/da-DK.yml
7	0	config/locales/de-bl.yml
7	0	config/locales/de-rc.yml
10	3	config/locales/de.yml
7	0	config/locales/el.yml
7	0	config/locales/en-at.yml
7	0	config/locales/en-bd.yml
7	0	config/locales/en-bf.yml
7	0	config/locales/en-bl.yml
7	0	config/locales/en-cf.yml
7	0	config/locales/en-qr.yml
7	0	config/locales/en-rc.yml
7	0	config/locales/en-sb.yml
7	0	config/locales/en-ul.yml
7	0	config/locales/en-un.yml
7	0	config/locales/en-vg.yml
2	2	config/locales/en.yml
7	0	config/locales/es-ES.yml
7	0	config/locales/es-rc.yml
7	0	config/locales/es.yml
4	2	config/locales/fi.yml
7	0	config/locales/fr-at.yml
7	0	config/locales/fr-bd.yml
7	0	config/locales/fr-rc.yml
7	0	config/locales/fr.yml
7	0	config/locales/hr.yml
7	0	config/locales/hu.yml
7	0	config/locales/it.yml
7	0	config/locales/lv.yml
14	7	config/locales/nl.yml
199	192	config/locales/pt-BR.yml
7	0	config/locales/ro.yml
7	0	config/locales/ru.yml
7	0	config/locales/sv.yml
7	0	config/locales/sw.yml
7	0	config/locales/vi.yml
7	0	config/locales/zh.yml

--df851c5e8--2014-03-24--Antti Virolainen
34	51	db/structure.sql
3	1	features/admin/admin_edits_community_details.feature

--9687fc353--2014-03-21--Antti Virolainen
4	2	app/controllers/listings_controller.rb

--3f70e6ed8--2014-03-21--Mikko Koski
0	1	app/controllers/application_controller.rb

--8c7a467d4--2014-03-21--Mikko Koski
--6026eca03--2014-03-21--Mikko Koski
--3762a5dcb--2014-03-21--Mikko Koski
29	27	app/controllers/application_controller.rb

--1d17a359c--2014-03-21--Mikko Koski
3	0	app/assets/javascripts/image_uploader.js
24	10	app/assets/stylesheets/views/_listings.css.scss
9	4	app/views/listings/form/_images.haml
1	0	config/locales/en.yml
3	0	config/locales/fi.yml

--5b24a6954--2014-03-21--Mikko Koski
0	12	app/controllers/listing_images_controller.rb

--12c3353ff--2014-03-21--Mikko Koski
1	1	app/assets/javascripts/image_uploader.js
5	1	app/assets/stylesheets/views/_listings.css.scss

--29d1ce665--2014-03-21--Mikko Koski
7	7	app/assets/javascripts/image_uploader.js

--22a3dd5cc--2014-03-20--Mikko Koski
5	0	app/assets/javascripts/image_uploader.js
1	1	app/assets/stylesheets/views/_listings.css.scss

--7c7819264--2014-03-20--Mikko Koski
3	3	features/listings/user_creates_a_new_listing.feature
6	0	features/step_definitions/general_steps.rb

--e7dbf36f9--2014-03-20--Mikko Koski
3	0	app/assets/javascripts/application.js
81	0	app/assets/javascripts/image_uploader.js
1	0	app/assets/stylesheets/application.scss
83	0	app/assets/stylesheets/views/_listings.css.scss
75	17	app/controllers/listing_images_controller.rb
6	3	app/controllers/listings_controller.rb
0	1	app/models/listing.rb
5	5	app/models/listing_image.rb
0	5	app/views/listing_images/destroy.js.erb
1	1	app/views/listings/edit.haml
1	1	app/views/listings/form/_form_content.haml
46	13	app/views/listings/form/_images.haml
4	0	config/locales/en.yml
15	1	config/routes.rb
5	0	db/migrate/20140319182117_add_author_id_to_listing_image.rb
4	1	db/structure.sql
1426	0	vendor/assets/javascripts/jquery.fileupload.js
530	0	vendor/assets/javascripts/jquery.ui.widget.js
36	0	vendor/assets/stylesheets/jquery.fileupload.css

--bea0b6714--2014-03-19--Mikko Koski
1	1	app/models/listing.rb
4	0	app/models/listing_image.rb

--0d97a5aca--2014-03-21--Mikko Koski
2	2	app/assets/javascripts/translations.js

--678fad731--2014-03-20--Mikko Koski
1	0	app/assets/javascripts/application.js
37	0	app/assets/javascripts/translations.js
11	1	app/helpers/application_helper.rb
29	0	app/services/js_translations.rb
1	0	public/test/index.html
12	0	public/test/tests/translations.js

--6889b55da--2014-03-21--Mikko Koski
4	4	app/views/layouts/_marketplace_head.haml
3	3	app/views/layouts/_network_head.haml
1	1	config/application.rb
4	0	vendor/assets/javascripts/modernizr.min.js

--1a7128fae--2014-03-21--Mikko Koski
0	2	app/assets/javascripts/kassi.js

--4adccc844--2014-03-20--Juho Makkonen
0	1	app/controllers/listings_controller.rb
0	7	app/models/listing.rb
1	1	config/locales/en.yml
3	3	config/locales/fi.yml

--4c667dfe2--2014-03-20--Juho Makkonen
5	5	config/locales/de.yml
2	2	config/locales/fr.yml
48	48	config/locales/nl.yml
10	10	config/locales/pt-BR.yml

--a4f9b8113--2014-03-20--Juho Makkonen
7	0	app/assets/stylesheets/partials/_flash.css.scss
4	1	app/controllers/listings_controller.rb
2	0	config/locales/en.yml
2	0	config/locales/fi.yml
0	2	db/structure.sql

--33ccc635d--2014-03-19--Mikko Koski
1	1	config/locales/en.yml
11	3	config/locales/fi.yml
1	1	config/locales/sw.yml

--e43123593--2014-03-19--Mikko Koski
1	1	app/assets/javascripts/googlemaps.js

--ce259214b--2014-03-19--Mikko Koski
--0ecc0ec08--2014-03-19--Mikko Koski
10	13	app/assets/javascripts/googlemaps.js

--4303aa9e4--2014-03-19--Mikko Koski
22	52	app/assets/javascripts/googlemaps.js

--22a773476--2014-03-19--Antti Virolainen
11	11	app/assets/javascripts/locales/nl.json
22	0	config/locales/ab.yml
22	0	config/locales/ca.yml
22	0	config/locales/cs.yml
22	0	config/locales/da-DK.yml
22	0	config/locales/de-bl.yml
22	0	config/locales/de-rc.yml
22	0	config/locales/de.yml
3	3	config/locales/devise.es.yml
22	0	config/locales/el.yml
22	0	config/locales/en-at.yml
23	1	config/locales/en-bd.yml
22	0	config/locales/en-bf.yml
22	0	config/locales/en-bl.yml
22	0	config/locales/en-cf.yml
22	0	config/locales/en-qr.yml
22	0	config/locales/en-rc.yml
22	0	config/locales/en-sb.yml
22	0	config/locales/en-ul.yml
22	0	config/locales/en-un.yml
22	0	config/locales/en-vg.yml
22	0	config/locales/es-ES.yml
22	0	config/locales/es-rc.yml
95	68	config/locales/es.yml
22	0	config/locales/fr-at.yml
23	1	config/locales/fr-bd.yml
22	0	config/locales/fr-rc.yml
25	3	config/locales/fr.yml
22	0	config/locales/hr.yml
22	0	config/locales/hu.yml
22	0	config/locales/it.yml
22	0	config/locales/lv.yml
110	88	config/locales/nl.yml
100	78	config/locales/pt-BR.yml
22	0	config/locales/ro.yml
22	0	config/locales/ru.yml
22	0	config/locales/sv.yml
23	1	config/locales/sw.yml
22	0	config/locales/vi.yml
22	0	config/locales/zh.yml

--6e574669b--2014-03-19--Mikko Koski
--2ac9793e9--2014-03-19--Mikko Koski
--97661a13e--2014-03-18--Mikko Koski
17	7	app/services/community_stylesheet_compiler.rb
6	1	lib/tasks/sharetribe.rake

--0bda8684f--2014-03-18--Sampo Toiva
1	1	app/views/admin/communities/integrations.haml
1	0	config/locales/en.yml
1	0	config/locales/fi.yml

--946199230--2014-03-18--Mikko Koski
11	0	app/assets/javascripts/googlemaps.js

--05abe0209--2014-03-18--Sampo Toiva
4	3	app/views/admin/communities/integrations.haml

--dee353881--2014-03-18--Mikko Koski
2	1	app/models/community_customization.rb
10	0	app/views/admin/communities/edit_details.haml
1	1	app/views/homepage/_search_bar.haml
2	0	config/locales/en.yml
2	0	config/locales/fi.yml
5	0	db/migrate/20140318131351_add_search_placeholder_to_community_customizations.rb
4	1	db/structure.sql

--ebc783a42--2014-03-18--Mikko Koski
15	1	app/models/community_customization.rb

--0eb718ed0--2014-03-18--Sampo Toiva
1	1	app/controllers/admin/communities_controller.rb

--44571339a--2014-03-18--Mikko Koski
--b83a2e8d2--2014-03-18--Mikko Koski
5	1	app/assets/stylesheets/main.css.scss
6	0	app/assets/stylesheets/partials/_forms.css.scss
5	0	app/views/admin/communities/settings.haml
1	0	config/locales/en.yml
1	0	config/locales/fi.yml

--f4068de2d--2014-03-18--Mikko Koski
--86a00a03b--2014-03-18--Mikko Koski
1	1	features/payments/braintree_payment.feature

--cfcf33af5--2014-03-18--Mikko Koski
2	2	config/locales/en.yml
1	1	config/locales/fi.yml

--1fac01c0e--2014-03-18--Mikko Koski
0	3	app/jobs/payment_created_job.rb
10	24	features/conversations/transaction_is_automatically_completed.feature
31	0	features/conversations/transaction_with_escrow_is_automatically_completed.feature
0	4	features/step_definitions/community_steps.rb
77	7	features/step_definitions/conversation_steps.rb

--8736ef264--2014-03-17--Mikko Koski
6	14	features/conversations/transaction_is_automatically_completed.feature

--33c4ba6a5--2014-03-17--Mikko Koski
1	0	features/payments/braintree_payment.feature
4	4	features/payments/checkout_payment.feature
4	0	features/step_definitions/conversation_steps.rb
2	0	features/step_definitions/payment_steps.rb

--0792897e0--2014-03-17--Mikko Koski
2	2	app/services/confirm_conversation.rb
1	1	app/views/person_mailer/braintree_new_payment.html.haml
1	1	app/views/person_mailer/braintree_receipt_to_payer.html.haml

--463e3f926--2014-03-17--Mikko Koski
4	4	app/services/confirm_conversation.rb
2	2	app/views/braintree_payments/edit.haml
1	1	app/views/person_mailer/braintree_new_payment.html.haml
1	1	app/views/person_mailer/braintree_receipt_to_payer.html.haml
1	1	app/views/person_mailer/confirm_reminder.html.haml
1	1	app/views/person_mailer/confirm_reminder_escrow.html.haml
1	1	app/views/person_mailer/conversation_status_changed.html.haml

--8e5c17696--2014-03-17--Mikko Koski
1	1	app/jobs/confirm_reminder_job.rb
2	2	app/mailers/mail_preview.rb
2	1	app/mailers/person_mailer.rb
2	2	app/services/confirm_conversation.rb
1	6	app/views/person_mailer/confirm_reminder_escrow.html.haml
1	0	config/locales/en.yml

--8dd867b0e--2014-03-17--Mikko Koski
1	1	app/jobs/accept_reminder_job.rb
1	1	app/jobs/confirm_reminder_job.rb
1	1	app/jobs/conversation_accepted_job.rb
1	1	app/jobs/message_sent_job.rb
1	1	app/jobs/payment_reminder_job.rb
1	1	app/jobs/testimonial_reminder_job.rb
1	1	app/jobs/transaction_confirmed_job.rb

--ade12edf0--2014-03-17--Mikko Koski
12	0	app/mailers/mail_preview.rb
2	2	app/views/braintree_payments/edit.haml
2	2	app/views/person_mailer/braintree_new_payment.html.haml
6	2	app/views/person_mailer/braintree_receipt_to_payer.html.haml
4	1	app/views/person_mailer/confirm_reminder.html.haml
2	1	app/views/person_mailer/confirm_reminder_escrow.html.haml
6	1	app/views/person_mailer/conversation_status_changed.html.haml
3	1	config/locales/en.yml
2	0	config/locales/fi.yml

--337f68e81--2014-03-17--Mikko Koski
3	9	app/jobs/conversation_accepted_job.rb
3	2	app/jobs/payment_created_job.rb
21	3	app/services/confirm_conversation.rb
2	2	features/conversations/user_accepts_a_transaction.feature

--ccd19e9c4--2014-03-17--Mikko Koski
0	31	app/helpers/application_helper.rb
1	4	app/jobs/accept_reminder_job.rb
1	1	app/jobs/confirm_reminder_job.rb
6	2	app/jobs/conversation_accepted_job.rb
5	1	app/jobs/message_sent_job.rb
1	1	app/jobs/payment_reminder_job.rb
1	1	app/jobs/testimonial_reminder_job.rb
3	1	app/jobs/transaction_confirmed_job.rb
3	4	features/conversations/user_accepts_a_transaction.feature

--d749d1fa4--2014-03-13--Mikko Koski
1	1	app/models/conversation.rb
3	3	app/services/confirm_conversation.rb
5	1	features/conversations/user_accepts_a_transaction.feature
4	1	features/payments/checkout_payment.feature

--c379136d2--2014-03-13--Mikko Koski
4	3	app/models/conversation.rb
8	0	app/services/confirm_conversation.rb

--3b7ba6ee1--2014-03-13--Mikko Koski
3	3	app/jobs/automatic_confirmation_job.rb
1	1	app/jobs/transaction_automatically_confirmed_job.rb
2	0	app/models/conversation.rb
1	0	app/services/confirm_conversation.rb
1	5	app/views/person_mailer/transaction_automatically_confirmed.html.haml

--11182cef2--2014-03-13--Mikko Koski
24	0	app/jobs/automatic_confirmation_job.rb
24	0	app/jobs/transaction_automatically_confirmed_job.rb
14	0	app/mailers/mail_preview.rb
9	0	app/mailers/person_mailer.rb
6	1	app/models/conversation.rb
6	0	app/services/confirm_conversation.rb
23	0	app/views/person_mailer/transaction_automatically_confirmed.html.haml
5	0	config/locales/en.yml
5	0	config/locales/fi.yml

--0ab5bb670--2014-03-13--Mikko Koski
8	6	app/controllers/conversations_controller.rb
1	1	app/jobs/testimonial_reminder_job.rb
24	0	app/jobs/transaction_canceled_job.rb
2	4	app/jobs/transaction_confirmed_job.rb
23	10	app/services/confirm_conversation.rb

--42077efeb--2014-03-13--Mikko Koski
2	10	app/controllers/conversations_controller.rb
0	7	app/models/conversation.rb
27	0	app/services/confirm_conversation.rb

--b637394e7--2014-03-12--Mikko Koski
13	4	features/conversations/transaction_is_automatically_completed.feature
4	0	features/step_definitions/community_steps.rb
14	0	features/step_definitions/conversation_steps.rb
2	0	features/support/paths.rb

--bd92e413e--2014-03-13--Mikko Koski
5	0	db/migrate/20140312145533_add_automatic_confirmation_after_days_to_conversations.rb
0	5	db/migrate/20140312145533_add_automatic_confirmation_time_to_conversations.rb
5	0	db/migrate/20140312150455_add_automatic_confirmation_after_days_to_communities.rb

--e568130a7--2014-03-12--Mikko Koski
5	0	db/migrate/20140312145533_add_automatic_confirmation_time_to_conversations.rb

--eeeca9c1f--2014-03-12--Mikko Koski
41	0	features/conversations/transaction_is_automatically_completed.feature

--e8211f784--2014-03-18--Mikko Koski
--d0b267503--2014-03-14--Mikko Koski
0	10	app/helpers/application_helper.rb
1	1	app/jobs/compile_custom_stylesheet_job.rb
2	2	app/models/community.rb
4	2	app/services/community_stylesheet_compiler.rb
5	0	db/migrate/20140314132659_add_stylesheet_needs_recompile_to_community.rb

--75366e95a--2014-03-17--Sampo Toiva
9	7	app/views/admin/communities/integrations.haml
2	0	config/locales/en.yml
2	0	config/locales/fi.yml

--78a4fcdb7--2014-03-17--Sampo Toiva
6	0	app/views/admin/communities/integrations.haml
1	0	config/locales/en.yml
1	0	config/locales/fi.yml
2	2	features/admin/integrations/admin_manages_integration_details.feature
2	2	features/step_definitions/admin_integrates_services_steps.rb

--0aa118fdc--2014-03-17--Sampo Toiva
2	2	features/step_definitions/admin_integrates_services_steps.rb

--e33316eda--2014-03-17--Sampo Toiva
10	4	features/admin/integrations/{admin_adds_twitter_integration.feature => admin_manages_integration_details.feature}
10	0	features/step_definitions/admin_integrates_services_steps.rb

--47b422f41--2014-03-17--Sampo Toiva
1	1	app/views/admin/communities/integrations.haml