--f0bac9728--2014-03-24--Antti Virolainen
--a7cb76afa--2014-03-24--Antti Virolainen
36	0	public/404.pt-BR.html
1	1	public/500.nl.html
36	0	public/500.pt-BR.html

--2c57a3c10--2014-03-24--Antti Virolainen
1	0	config/application.rb
7	0	config/locales/ab.yml
7	0	config/locales/ca.yml
7	0	config/locales/cs.yml
7	0	config/locales/da-DK.yml
7	0	config/locales/de-bl.yml
7	0	config/locales/de-rc.yml
10	3	config/locales/de.yml
7	0	config/locales/el.yml
7	0	config/locales/en-at.yml
7	0	config/locales/en-bd.yml
7	0	config/locales/en-bf.yml
7	0	config/locales/en-bl.yml
7	0	config/locales/en-cf.yml
7	0	config/locales/en-qr.yml
7	0	config/locales/en-rc.yml
7	0	config/locales/en-sb.yml
7	0	config/locales/en-ul.yml
7	0	config/locales/en-un.yml
7	0	config/locales/en-vg.yml
2	2	config/locales/en.yml
7	0	config/locales/es-ES.yml
7	0	config/locales/es-rc.yml
7	0	config/locales/es.yml
4	2	config/locales/fi.yml
7	0	config/locales/fr-at.yml
7	0	config/locales/fr-bd.yml
7	0	config/locales/fr-rc.yml
7	0	config/locales/fr.yml
7	0	config/locales/hr.yml
7	0	config/locales/hu.yml
7	0	config/locales/it.yml
7	0	config/locales/lv.yml
14	7	config/locales/nl.yml
199	192	config/locales/pt-BR.yml
7	0	config/locales/ro.yml
7	0	config/locales/ru.yml
7	0	config/locales/sv.yml
7	0	config/locales/sw.yml
7	0	config/locales/vi.yml
7	0	config/locales/zh.yml

--df851c5e8--2014-03-24--Antti Virolainen
34	51	db/structure.sql
3	1	features/admin/admin_edits_community_details.feature

--9687fc353--2014-03-21--Antti Virolainen
4	2	app/controllers/listings_controller.rb