--87a39bba5--2014-03-16--Sampo Toiva
--5a412c0b7--2014-03-15--sktoiva
--920195051--2014-03-15--Sampo Toiva
1	1	Gemfile
25	28	Gemfile.lock

--4e58c2bb7--2014-03-15--Mikko Koski
--d713987ac--2014-03-15--Mikko Koski
31	22	db/structure.sql
9	0	lib/tasks/db.rake

--b21208fb5--2014-03-08--Mikko Koski
0	869	db/schema.rb

--840084741--2014-02-08--Mikko Koski
3	1	config/application.rb
0	5	config/environments/test.rb
49	87	db/schema.rb
1781	0	db/structure.sql
2	2	travis/before_script.sh

--277c291f3--2014-03-14--Sampo Toiva
7	0	app/views/admin/communities/integrations.haml
1	0	config/locales/en.yml
1	0	config/locales/fi.yml
6	2	features/step_definitions/admin_integrates_services_steps.rb

--f192cc92a--2014-03-14--Sampo Toiva
6	0	app/controllers/admin/communities_controller.rb
7	0	app/helpers/application_helper.rb
5	0	app/views/admin/communities/integrations.haml
2	0	config/locales/en.yml
2	0	config/locales/fi.yml
1	0	config/routes.rb
7	0	features/step_definitions/admin_integrates_services_steps.rb
2	0	features/support/paths.rb

--bf8bc77a9--2014-03-14--Mikko Koski
--4d798e37d--2014-03-14--Sampo Toiva
20	0	features/admin/integrations/admin_adds_twitter_integration.feature

--57c719226--2014-03-14--Mikko Koski
6	2	app/views/settings/profile.haml
3	0	config/locales/en.yml
3	0	config/locales/fi.yml

--eb06c1ab4--2014-03-14--Mikko Koski
--bdad059ed--2014-03-14--Mikko Koski
1	2	app/views/payments/complex_form/_form.haml
1	1	app/views/payments/complex_form/_show.haml
1	1	app/views/person_mailer/receipt_to_payer.html.haml

--84f634d88--2014-03-14--Mikko Koski
2	2	app/views/payments/complex_form/_form.haml
1	1	app/views/payments/complex_form/_payment_row.haml
1	1	app/views/payments/complex_form/_show.haml
1	1	app/views/person_mailer/receipt_to_payer.html.haml