--5283c9628--2014-01-16--Juho Makkonen
--6ae73a3ca--2014-01-16--Juho Makkonen
1	0	app/assets/stylesheets/views/admin/_custom_fields.css.scss
5	3	app/controllers/listings_controller.rb
1	1	app/models/custom_field.rb
4	2	app/views/admin/custom_fields/edit.haml
1	1	app/views/admin/custom_fields/form/_field_categories.haml
5	0	app/views/admin/custom_fields/form/_field_required.haml
3	1	app/views/admin/custom_fields/new.haml
1	1	app/views/listings/form/custom_field_partials/_dropdown.haml
2	1	app/views/listings/show.haml
3	0	config/locales/en.yml
5	2	config/locales/fi.yml
5	0	db/migrate/20140116131654_add_required_to_custom_fields.rb
6	5	db/schema.rb
16	1	features/listings/user_creates_a_new_listing.feature
13	4	features/step_definitions/admin_steps.rb

--db1c7fe5b--2014-01-16--Antti Virolainen
0	3	app/controllers/communities_controller.rb
0	1	app/jobs/community_joined_job.rb
0	9	app/models/person.rb