--967c718b6--2014-01-13--Antti Virolainen
--d2bcc4665--2014-01-13--Juho Makkonen
1	11	app/assets/javascripts/kassi.js
0	6	app/assets/stylesheets/views/admin/_custom_fields.css.scss
21	6	app/controllers/admin/custom_fields_controller.rb
7	1	app/models/custom_field.rb
19	0	app/views/admin/custom_fields/_listed_custom_field.haml
17	0	app/views/admin/custom_fields/edit.haml
7	0	app/views/admin/custom_fields/form/_buttons.haml
9	0	app/views/admin/custom_fields/form/_field_name.haml
7	73	app/views/admin/custom_fields/index.haml
48	0	app/views/admin/custom_fields/new.haml
4	1	config/locales/en.yml
2	2	db/schema.rb
3	3	features/admin/admin_adds_custom_field.feature
19	0	features/admin/admin_edits_custom_field.feature
26	0	features/step_definitions/admin_steps.rb

--504d2be06--2014-01-13--Antti Virolainen
--7d945e632--2014-01-13--Mikko Koski
5	0	app/assets/javascripts/kassi.js

--5f1e64a7f--2014-01-13--Mikko Koski
3	3	app/views/layouts/_head.haml

--d7f044002--2014-01-13--Mikko Koski
0	1	app/assets/javascripts/kassi.js

--8007fa13b--2014-01-13--Mikko Koski
1	1	config/locales/de.yml
48	48	config/locales/es.yml
1	1	config/locales/fr.yml
67	67	config/locales/it.yml

--c090ca0d2--2013-12-27--Mikko Koski
14	0	db/migrate/20131227081256_remove_confirmable_from_people.rb

--2bf27ce29--2013-12-27--Mikko Koski
9	0	db/migrate/20131227080454_remove_email_confirmation_from_communities.rb

--14df66027--2014-01-13--Mikko Koski
1	1	app/views/listings/edit.haml
1	1	app/views/listings/form/_form_content.haml

--6f57c6766--2014-01-13--Mikko Koski
3	3	app/views/listings/edit.haml
3	3	app/views/listings/form/_form_content.haml
18	10	app/views/listings/form/_googlemap.haml
12	4	app/views/listings/form/_javascripts.haml
10	4	app/views/listings/form/_price.haml

--332b8093b--2014-01-13--Mikko Koski
4	5	app/views/listings/form/_javascripts.haml

--3439971ee--2014-01-12--Mikko Koski
--91214471a--2014-01-10--Mikko Koski
2	1	app/views/layouts/application.haml
10	11	app/views/listings/form/_googlemap.haml
4	5	app/views/listings/form/_price.haml

--2728def27--2014-01-10--Mikko Koski
2	2	app/views/braintree_payments/edit.haml
6	5	app/views/communities/_new_tribe_form.haml
6	8	app/views/layouts/application.haml
10	9	app/views/listings/_googlemap.haml
11	11	app/views/listings/form/_googlemap.haml
5	4	app/views/listings/form/_javascripts.haml
5	4	app/views/listings/form/_price.haml
5	4	app/views/listings/new.haml
5	4	app/views/people/_googlemap.haml
6	5	app/views/settings/profile.haml
3	2	app/views/tag_cloud/_tag_cloud.haml

--747166730--2014-01-10--Mikko Koski
1	1	app/services/community_stylesheet_compiler.rb

--7a3f5fc92--2014-01-10--Mikko Koski
2	6	app/views/layouts/application.haml
5	4	app/views/layouts/dashboard.haml

--7f775178a--2013-12-26--Mikko Koski
1	0	config.ru

--9d379954b--2013-12-25--Mikko Koski
19	1	app/views/layouts/_head.haml

--d93c5cd2d--2013-12-25--Mikko Koski
1	1	app/models/community.rb
1	1	app/services/community_stylesheet_compiler.rb
3	3	app/services/stylesheet_compiler.rb

--c8c353b29--2013-12-25--Mikko Koski
1	1	app/assets/javascripts/kassi.js
3	1	config/environments/production.rb

--e59ab2ad9--2013-12-25--Mikko Koski
3	1	config/environments/production.rb

--8bfb7a07b--2013-12-23--Mikko Koski
3	1	app/helpers/application_helper.rb
0	4	app/views/layouts/_marketplace_head.haml
0	5	app/views/layouts/_network_head.haml
11	2	app/views/layouts/application.haml

--16d80f653--2014-01-10--Mikko Koski
--b4654d575--2014-01-06--Mikko Koski
1	0	app/assets/javascripts/application.js
26	0	app/assets/javascripts/fastclick.min.js
10	0	app/assets/stylesheets/main.css.scss
1	1	app/views/layouts/_head.haml
6	2	app/views/layouts/application.haml

--1b2288125--2014-01-10--Antti Virolainen
--f3cbbd479--2014-01-10--Antti Virolainen
--3f003043a--2014-01-10--Mikko Koski
1	1	app/assets/stylesheets/main.css.scss

--f37a5a4ef--2014-01-10--Mikko Koski
1	10	spec/models/dropdown_field_spec.rb

--9bd8f58db--2014-01-10--Antti Virolainen
--93c6021cd--2014-01-10--Antti Virolainen
8	1	config/robots.txt

--b08e98be7--2014-01-10--Mikko Koski
1	3	spec/models/custom_field_spec.rb

--46db47be3--2014-01-10--Mikko Koski
--bf82e44c3--2014-01-10--Antti Virolainen
--f15936b3a--2014-01-10--Antti Virolainen
--520327b8c--2014-01-10--Juho Makkonen
--9d03ffb82--2013-12-27--Mikko Koski
12	5	app/controllers/people_controller.rb
5	0	app/models/email.rb

--81a8e9eb4--2013-12-27--Mikko Koski
0	1	app/controllers/people_controller.rb
3	2	app/models/person.rb
0	1	spec/factories.rb
0	1	spec/fixtures/communities.yml
0	2	spec/fixtures/people.yml
1	2	spec/models/person_spec.rb

--b6e6af0cf--2013-12-27--Mikko Koski
3	12	app/controllers/people_controller.rb
1	6	db/schema.rb

--fdc4a4161--2013-12-27--Mikko Koski
1	1	app/controllers/application_controller.rb
0	4	app/controllers/confirmations_controller.rb
1	1	app/models/person.rb
1	4	app/views/communities/new.haml
0	1	features/step_definitions/organization_steps.rb
0	1	lib/console scripts/creating_accounts_from_list.rb
0	8	lib/tasks/kassi.rake

--34feaf1ff--2013-12-27--Mikko Koski
0	1	app/controllers/communities_controller.rb
3	6	app/controllers/people_controller.rb
0	22	app/models/community.rb
0	42	spec/models/community_spec.rb

--0d8e91821--2013-12-30--Juho Makkonen
--60559a723--2013-12-30--Juho Makkonen
1	1	app/views/admin/communities/edit_details.haml
26	0	features/admin/admin_edits_community_details.feature
52	0	features/admin/admin_edits_info_pages.feature
22	0	features/admin/admin_edits_welcome_email.feature
0	18	features/infos/user_views_info_about_sharetribe.feature
4	0	features/step_definitions/community_steps.rb
11	0	features/step_definitions/mercury_steps.rb
5	1	features/support/paths.rb