--9a2a7d31c--2014-01-09--Juho Makkonen
--511f403e0--2014-01-09--Juho Makkonen
20	2	app/assets/stylesheets/views/admin/_custom_fields.css.scss
1	0	app/controllers/admin/custom_fields_controller.rb
31	1	app/controllers/homepage_controller.rb
2	0	app/models/community.rb
4	0	app/models/custom_field.rb
4	0	app/models/listing.rb
17	1	app/views/homepage/index.haml
5	0	db/migrate/20140109093432_add_community_id_to_custom_fields.rb
2	1	db/schema.rb
25	0	spec/controllers/homepage_controller_spec.rb
14	3	spec/factories.rb

--ad427a6c6--2014-01-09--Mikko Koski
4	4	db/schema.rb
3	2	features/step_definitions/listing_steps.rb
1	1	spec/factories.rb

--190040785--2014-01-09--Mikko Koski
3	1	app/assets/javascripts/kassi.js
1	1	app/controllers/admin/custom_fields_controller.rb
1	1	app/views/admin/custom_fields/index.haml
8	3	features/admin/admin_adds_custom_field.feature
28	5	features/step_definitions/admin_steps.rb
0	4	features/step_definitions/organization_steps.rb
10	0	features/step_definitions/web_steps.rb

--441ca5794--2014-01-09--Mikko Koski
1	1	app/assets/javascripts/kassi.js
8	6	app/assets/stylesheets/views/admin/_custom_fields.css.scss
2	1	app/views/admin/custom_fields/_new_option.haml

--fda4bbda0--2014-01-09--Mikko Koski
0	1	app/controllers/admin/custom_fields_controller.rb

--2796a261d--2014-01-09--Mikko Koski
17	3	app/controllers/admin/custom_fields_controller.rb

--7b7588c00--2014-01-09--Mikko Koski
1	1	app/models/custom_field.rb
1	1	app/models/custom_field_option.rb