--0f5eae570--2013-07-19--Kusti
--ba1e2799e--2013-07-19--Kusti
--5653fb500--2013-07-19--Kusti
2	1	features/invitations/user_invites_another_user.feature
7	12	features/people/user_views_profile_page.feature

--d0564a67e--2013-07-18--Antti Virolainen
6	1	app/models/listing.rb

--c3187f540--2013-07-18--Kusti
22	5	app/assets/javascripts/googlemaps.js
6	7	app/assets/javascripts/kassi.js
3	4	app/assets/javascripts/kassi_dashboard.js
2	1	app/assets/javascripts/locales/en.json
2	1	app/assets/javascripts/locales/fi.json
2	1	app/assets/javascripts/sharetribe_common.js
7	1	app/assets/stylesheets/application.scss.erb
0	1	app/controllers/listings_controller.rb
1	1	app/views/comments/create.js.erb
1	1	app/views/communities/_new_tribe_form.haml
5	5	app/views/layouts/application.haml
1	3	app/views/listings/_follow_links.haml
2	2	app/views/listings/_googlemap.haml
2	1	app/views/listings/follow.js.erb
1	1	app/views/listings/form/_javascripts.haml
2	1	app/views/listings/show.haml
1	1	app/views/people/_googlemap.haml
1	1	app/views/settings/profile.haml
2	4	config/locales/en.yml
0	2	config/locales/fi.yml

--85e98d45c--2013-07-18--Kusti
8	1	app/assets/javascripts/kassi.js
8	1	app/assets/stylesheets/application.scss.erb
3	1	app/helpers/people_helper.rb
125	114	app/views/listings/show.haml
0	1	app/views/payments/_payment_row.haml
10	4	app/views/people/show.haml
1	5	config/locales/en.yml
6	10	config/locales/fi.yml

--3d81a0ce6--2013-07-17--Kusti
2	0	app/assets/javascripts/googlemaps.js
7	3	app/assets/javascripts/kassi_dashboard.js
1	1	app/views/communities/_new_tribe_form.haml

--0eae73ee9--2013-07-18--Antti Virolainen
1	1	app/controllers/people_controller.rb
0	25	features/people/user_creates_a_new_account.feature

--358c9e7d7--2013-07-18--Antti Virolainen
10	9	app/controllers/people_controller.rb
4	1	app/views/layouts/_head.haml
5	0	db/migrate/20130718104939_add_custom_head_script_to_community_customizations.rb
4	3	db/schema.rb

--9d30f7a59--2013-07-18--Antti Virolainen
2	2	app/assets/javascripts/googlemaps.js
1	1	app/assets/javascripts/markerclusterer.js
2	2	vendor/assets/javascripts/jquery.pageless.js