--0abe5cd54--2013-03-20--Kusti
--760f92486--2013-03-19--Kusti
2	0	Gemfile.lock

--eb965994c--2013-03-18--Kusti
1	1	Gemfile
1	1	app/controllers/listings_controller.rb
1	1	app/helpers/email_template_helper.rb
5	4	app/jobs/accept_reminder_job.rb
26	0	app/jobs/confirm_reminder_job.rb
3	0	app/jobs/conversation_accepted_job.rb
7	6	app/jobs/listing_created_job.rb
1	1	app/jobs/message_sent_job.rb
19	10	app/mailers/person_mailer.rb
1	0	app/models/person.rb
3	0	app/views/person_mailer/_green_action_button.haml
3	0	app/views/person_mailer/_red_action_button.haml
24	9	app/views/person_mailer/accept_reminder.html.haml
0	5	app/views/person_mailer/accept_reminder.text.haml
28	0	app/views/person_mailer/confirm_reminder.html.haml
1	1	app/views/person_mailer/conversation_status_changed.html.haml
1	1	app/views/person_mailer/new_badge.html.haml
11	7	config/locales/en.yml
9	5	config/locales/fi.yml
15	0	db/migrate/20130317162509_add_email_about_confirm_reminders_to_person_preferences.rb
1	1	db/schema.rb
0	30	features/conversations/canceling_an_accepted_transaction.feature
20	14	features/conversations/{user_accepts_a_request.feature => user_accepts_a_transaction.feature}
51	0	features/conversations/user_cancels_a_transaction.feature
5	21	features/conversations/user_checks_inbox.feature
4	3	features/conversations/{user_rejects_a_request.feature => user_rejects_a_transaction.feature}
1	1	features/conversations/user_replies_to_a_conversation.feature
7	0	features/step_definitions/time_steps.rb

--f8d4d1197--2013-03-16--Antti Virolainen
4	4	features/listings/user_browses_listings.feature
1	0	features/listings/user_creates_a_new_listing.feature
1	1	features/ridesharing/user_browses_offered_rides.feature
2	1	features/step_definitions/listing_steps.rb
6	3	features/support/env.rb
7	0	test/helper_modules.rb

--2ec019aee--2013-03-15--Antti Virolainen
2	2	app/controllers/api/conversations_controller.rb
2	2	spec/controllers/api/badges_controller_spec.rb