--3a32848fe--2013-02-08--Antti Virolainen
--de67c8f87--2013-02-08--Antti Virolainen
1	1	app/controllers/confirmations_controller.rb
3	0	app/models/person.rb
0	1	features/step_definitions/community_steps.rb

--7c0d051e5--2013-02-08--Antti Virolainen
2	1	config/cucumber.yml

--2fbae6830--2013-02-07--Kusti
96	141	app/assets/javascripts/kassi.js
8	12	app/assets/stylesheets/application.scss
6	6	app/models/listing.rb
7	5	app/views/listings/new.haml

--70e8365d3--2013-02-07--Antti Virolainen
1	1	config/cucumber.yml

--0149e5d6f--2013-02-07--Antti Virolainen
1	1	config/cucumber.yml

--1dacb2719--2013-02-07--Antti Virolainen
1	1	.travis.yml
1	0	config/cucumber.yml
0	37	features/communities/user_views_private_community.feature
0	26	features/invitations/user_joins_invite_only_community.feature
0	6	features/step_definitions/community_steps.rb

--c4ff0e327--2013-02-07--Antti Virolainen
3	3	.travis.yml

--7c86e9a8a--2013-02-07--Antti Virolainen
1	1	features/invitations/user_joins_invite_only_community.feature
7	3	features/listings/user_edits_his_own_listing.feature
2	1	features/listings/user_views_a_single_listing.feature
4	2	features/people/user_views_profile_page.feature
4	2	features/ridesharing/user_offers_a_ride.feature
36	0	public/404.it.html
36	0	public/500.it.html

--79c04033f--2013-02-07--Antti Virolainen
1	0	Gemfile
5	0	Gemfile.lock
1	1	app/assets/javascripts/kassi.js
0	1	app/controllers/application_controller.rb
1	3	app/controllers/communities_controller.rb
1	3	app/controllers/community_memberships_controller.rb
13	3	app/controllers/confirmations_controller.rb
6	15	app/controllers/people_controller.rb
1	0	app/mailers/person_mailer.rb
11	0	app/models/person.rb
3	7	app/views/devise/mailer/confirmation_instructions.haml
1	1	app/views/sessions/_confirmation_form.haml
3	3	config/cucumber.yml
0	1	config/routes.rb
69	50	features/communities/user_creates_a_new_community.feature
34	9	features/communities/user_joins_another_community.feature
4	2	features/conversations/user_requests_an_item_in_item_offer.feature
2	1	features/conversations/user_sends_a_new_message.feature
6	1	features/invitations/user_joins_invite_only_community.feature
15	15	features/listings/user_browses_listings.feature
9	5	features/listings/user_creates_a_new_listing.feature
27	9	features/people/user_creates_a_new_account.feature
5	0	features/step_definitions/community_steps.rb
1	1	features/step_definitions/email_steps.rb
12	1	features/step_definitions/user_steps.rb
58	49	features/support/env.rb
10	10	features/support/paths.rb
3	2	spec/fixtures/communities.yml
117	63	spec/spec_helper.rb

--c92aa678b--2013-02-07--Antti Virolainen
22	0	app/assets/javascripts/locales/lv.json
2	1	config/application.rb

--b1917e8d9--2013-02-07--Antti Virolainen
1	22	app/assets/javascripts/locales/es-ES.json
1	22	app/assets/javascripts/locales/es.json
1	22	app/assets/javascripts/locales/fi.json
1	22	app/assets/javascripts/locales/fr.json
3	3	app/assets/javascripts/locales/it.json
22	0	app/assets/javascripts/locales/sv.json
1	1	communities/default/about/about.fr.haml
24	24	communities/default/register_details/register_details.fr.haml
5	0	config/locales/ca.yml
20	7	config/locales/de.yml
55	0	config/locales/devise.lv.yml
0	4	config/locales/devise.ro.yml
55	0	config/locales/devise.sv.yml
0	3	config/locales/devise.sw.yml
3	3	config/locales/devise.zh.yml
5	0	config/locales/el.yml
20	7	config/locales/es-ES.yml
5	0	config/locales/es.yml
25	12	config/locales/fr.yml
64	51	config/locales/it.yml
20	7	config/locales/lv.yml
20	7	config/locales/nl.yml
20	7	config/locales/ro.yml
20	7	config/locales/ru.yml
20	7	config/locales/sv.yml
20	7	config/locales/sw.yml
20	7	config/locales/vi.yml
25	12	config/locales/zh.yml

--602b7afb9--2013-02-07--Kusti
49	2	app/assets/javascripts/kassi.js
20	0	app/helpers/listings_helper.rb
26	0	app/models/listing.rb
17	68	app/views/listings/new.haml
15	0	config/locales/en.yml
39	1	features/listings/user_creates_a_new_listing.feature