--560ebfb8e--2013-01-23--Antti Virolainen
--018f3613e--2013-01-23--Antti Virolainen
1	1	app/mailers/person_mailer.rb
6	0	app/models/community.rb
1	1	app/views/person_mailer/invitation_to_kassi.html.haml
1	1	config/locales/en.yml
1	1	config/locales/fi.yml

--0f66d1722--2013-01-23--Antti Virolainen
3	0	app/controllers/community_memberships_controller.rb
3	1	app/controllers/people_controller.rb
1	1	app/mailers/person_mailer.rb
7	4	app/views/community_memberships/new.haml
72	32	features/sessions/facebook_connect.feature
6	0	features/step_definitions/community_steps.rb

--9cf7361ba--2013-01-23--Antti Virolainen
1	1	spec/mailers/person_mailer_spec.rb

--da3056082--2013-01-23--Kusti
4	0	app/controllers/application_controller.rb
1	0	app/models/community.rb
7	0	app/models/community_customization.rb
12	6	app/views/layouts/application.haml
12	0	db/migrate/20130123164653_create_community_customizations.rb
10	1	db/schema.rb
5	0	spec/models/community_customization_spec.rb