--abe17b27c--2012-12-19--Antti Virolainen
--b5feeb8d9--2012-12-19--Antti Virolainen
5	0	RELEASE_NOTES.md
1	1	VERSION

--cc155e7c9--2012-12-19--Antti Virolainen
27	24	config/locales/es.yml
4	4	config/locales/faq/faq.es.yml
32	0	config/locales/faq/faq.sv.yml
5	5	config/locales/fi.yml
10	10	config/locales/ru.yml

--3508318fc--2012-12-18--Antti Virolainen
2	1	config/application.rb
10	1	config/locales/ca.yml
10	1	config/locales/de.yml
10	1	config/locales/el.yml
3	3	config/locales/en.yml
10	1	config/locales/es-ES.yml
10	1	config/locales/es.yml
10	1	config/locales/fr.yml
10	1	config/locales/it.yml
10	1	config/locales/lv.yml
10	1	config/locales/nl.yml
10	1	config/locales/ro.yml
10	1	config/locales/ru.yml
10	1	config/locales/sw.yml
10	1	config/locales/vi.yml
10	1	config/locales/zh.yml

--9ae43964a--2012-12-18--Antti Virolainen
1	1	app/controllers/settings_controller.rb
1	1	app/mailers/person_mailer.rb
5	2	app/models/person.rb
32	0	db/migrate/20121218125831_change_community_update_email_settings.rb
1	1	db/schema.rb
6	7	spec/controllers/settings_controller_spec.rb

--fe8ed54bf--2012-12-18--Antti Virolainen
3	1	.gitignore
1	1	app/models/listing_image.rb
11	0	public/system/paperclip_attachments.yml

--98c528d7e--2012-12-18--Antti Virolainen
2	2	app/views/person_mailer/_community_update_listing.html.haml
2	2	app/views/person_mailer/_community_update_listing_image_no_description.haml

--82b8f2e88--2012-12-18--Antti Virolainen
52	49	config/locales/el.yml
14	14	config/locales/faq/faq.el.yml
8	8	config/locales/fr.yml

--d9e430422--2012-12-18--Antti Virolainen
1	1	config/locales/en.yml
11	2	config/locales/fi.yml

--ce32cbfcc--2012-12-18--Antti Virolainen
0	2	app/views/dashboard/_footer.haml
1	1	config/locales/en.yml

--9d5317947--2012-12-18--Antti Virolainen
1	1	app/assets/javascripts/kassi.js
1	2	app/assets/stylesheets/style.css.scss
3	0	app/views/settings/_community_updates_radiobutton.haml
6	1	app/views/settings/notifications.haml
3	0	config/locales/en.yml
4	0	features/settings/user_changes_notification_settings.feature

--82ece2f46--2012-12-18--Antti Virolainen
1	1	app/helpers/listings_helper.rb

--608403e7f--2012-12-18--Antti Virolainen
2	1	app/controllers/application_controller.rb
7	9	app/controllers/settings_controller.rb
1	2	app/helpers/application_helper.rb
8	3	app/views/settings/unsubscribe.haml
2	0	config/locales/en.yml
3	0	db/schema.rb
2	4	spec/controllers/application_controller_spec.rb
22	2	spec/controllers/settings_controller_spec.rb

--74253e909--2012-12-17--Antti Virolainen
11	14	communities/default/about/about.ru.haml
15	0	config/locales/ca.yml
15	0	config/locales/de.yml
15	0	config/locales/el.yml
15	0	config/locales/es-ES.yml
15	0	config/locales/es.yml
4	4	config/locales/faq/faq.ru.yml
18	0	config/locales/fr.yml
15	0	config/locales/it.yml
15	0	config/locales/lv.yml
15	0	config/locales/nl.yml
15	0	config/locales/ro.yml
60	36	config/locales/ru.yml
15	0	config/locales/sw.yml
15	0	config/locales/vi.yml
15	0	config/locales/zh.yml

--cf87898c0--2012-12-17--Antti Virolainen
2	1	app/controllers/application_controller.rb
24	1	app/controllers/settings_controller.rb
1	1	app/views/person_mailer/community_updates.html.haml
5	0	app/views/settings/unsubscribe.haml
5	1	config/locales/en.yml
1	1	config/locales/fi.yml
1	0	config/routes.rb
12	0	spec/controllers/application_controller_spec.rb
1	3	spec/controllers/people_controller_spec.rb
28	0	spec/controllers/settings_controller_spec.rb
7	0	test/helper_modules.rb

--f4fdc73f0--2012-12-17--Antti Virolainen
13	11	spec/models/listing_spec.rb

--c2503e27f--2012-12-17--Antti Virolainen
--84eb4d058--2012-12-13--Antti Virolainen
--b8b048b43--2012-12-13--Antti Virolainen
--13af1a628--2012-12-11--Antti Virolainen
--1b232f397--2012-12-07--Antti Virolainen
--a63f9d085--2012-12-04--Antti Virolainen
--39e5d3ec0--2012-12-03--Antti Virolainen
--90ec2cfde--2012-12-02--Antti Virolainen
--1b0eb39f5--2012-11-06--Antti Virolainen
--1fbe80175--2012-11-05--Antti Virolainen
--dd4bafb6b--2012-11-04--Antti Virolainen
--76dd05bc7--2012-10-28--Antti Virolainen
--5423aa594--2012-10-18--Antti Virolainen
--1c3ffff60--2012-10-15--Antti Virolainen