--4a09cc0a3--2018-05-21--Thomas Malbaux
--633c24ba4--2018-05-21--Thomas Malbaux
--a7d7c1c02--2018-05-21--Thomas Malbaux
--666a1a278--2018-05-21--Thomas Malbaux
--964a12e9c--2018-05-21--Aivils Štoss
80	35	app/assets/javascripts/admin/manage_members.js
7	22	app/views/admin/community_memberships/index.haml
1	0	config/locales/en.yml
1	0	features/admin/manage_members/admin_lists_members.feature

--2a6e85402--2018-05-18--Aivils Štoss
8	0	app/assets/javascripts/kassi.js
5	3	app/views/community_memberships/pending_consent.haml
11	0	app/views/infos/_privacy_content.haml
1	11	app/views/infos/privacy.haml
1	1	app/views/people/_help_texts.haml
1	0	app/views/people/help_texts/_privacy.haml
5	3	app/views/people/new.haml
2	1	config/locales/en.yml

--2156f9eb6--2018-05-17--Aivils Štoss
--4d659d5d8--2018-05-17--Boyan Tabakov
2	0	CHANGELOG.md

--c614dc81c--2018-05-16--Aivils Štoss
--cb0c55c46--2018-05-11--Aivils Štoss
3	0	app/services/stripe_service/api/payments.rb
10	1	app/services/transaction_service/process/preauthorize.rb

--cfcf81162--2018-05-16--Boyan Tabakov
20	7	spec/controllers/people_controller_spec.rb
3	1	spec/models/listing_spec.rb

--db5816e86--2018-05-16--Boyan Tabakov
3	0	app/models/listing.rb
7	0	app/models/person/concerns/delete_person.rb
1	1	config/locales/en.yml

--f2603b9ff--2018-05-16--Aivils Štoss
--c1ec8d9a0--2018-05-16--Aivils Štoss
--597d7fb99--2018-05-16--Luis-RG
8	8	config/locales/cs.yml
2	2	config/locales/de.yml
1	1	config/locales/it.yml

--ec413f465--2018-05-16--Luis-RG
--c2a0d6e04--2018-05-15--Luis-RG
16	1	app/views/landing_page/_icon.erb

--756ed35c9--2018-05-15--Boyan Tabakov
--2baafbd35--2018-05-15--Boyan Tabakov
30	0	spec/requests/landing_pages_spec.rb

--ce2054f97--2018-05-15--Aivils Štoss
1	1	client/package.json

--52e35bd0e--2018-05-15--Aivils Štoss
1	1	app/controllers/preauthorize_transactions_controller.rb

--46528a3d5--2018-05-15--Boyan Tabakov
2	0	config/config.defaults.yml
6	1	features/admin/analytics/admin_configures_analytics.feature

--a250fc277--2018-05-15--Boyan Tabakov
2	0	CHANGELOG.md

--c2e2648ad--2018-05-15--Boyan Tabakov
1	0	Dockerfile

--8be7e4d55--2018-05-15--Aivils Štoss
3	1	app/controllers/people_controller.rb
2	1	app/controllers/settings_controller.rb
4	0	app/models/community.rb
7	1	app/views/settings/account.haml
1	0	config/locales/en.yml
26	0	features/settings/user_deletes_account.feature
38	29	spec/models/community_spec.rb

--e1b104707--2018-05-14--Boyan Tabakov
6	1	app/controllers/admin/communities_controller.rb
1	0	app/controllers/landing_page_controller.rb
1	0	app/models/community.rb
11	0	app/views/admin/communities/analytics.haml
5	4	app/views/analytics/_google_analytics_script.haml
3	2	app/views/analytics/_head_scripts.haml
2	0	app/views/landing_page/landing_page.erb
11	2	config/config.defaults.yml
4	0	config/locales/en.yml
5	0	db/migrate/20180514083133_add_end_user_analytics_to_communities.rb
3	1	db/structure.sql
1	0	spec/models/community_spec.rb

--0febe0d79--2018-05-14--Luis-RG
4	0	config/locales/ab.yml
4	0	config/locales/ar.yml
4	0	config/locales/bg.yml
4	0	config/locales/bn-BD.yml
4	0	config/locales/ca.yml
4	0	config/locales/cs.yml
4	0	config/locales/da-DK.yml
4	0	config/locales/de.yml
4	0	config/locales/el.yml
4	0	config/locales/en-AU.yml
4	0	config/locales/en-GB.yml
4	0	config/locales/en-NZ.yml
6	2	config/locales/es-ES.yml
4	0	config/locales/es.yml
4	0	config/locales/et.yml
4	0	config/locales/eu-ES.yml
4	0	config/locales/fi.yml
4	0	config/locales/fr-CA.yml
5	1	config/locales/fr.yml
4	0	config/locales/he-IL.yml
4	0	config/locales/hi-IN.yml
4	0	config/locales/hr.yml
4	0	config/locales/hu.yml
4	0	config/locales/hy-AM.yml
4	0	config/locales/id.yml
4	0	config/locales/is.yml
4	0	config/locales/it.yml
4	0	config/locales/ja.yml
4	0	config/locales/ka.yml
4	0	config/locales/km-KH.yml
4	0	config/locales/ko.yml
4	0	config/locales/lv.yml
4	0	config/locales/mn.yml
4	0	config/locales/ms-MY.yml
4	0	config/locales/nb.yml
4	0	config/locales/nl.yml
4	0	config/locales/pl.yml
4	0	config/locales/pt-BR.yml
6	2	config/locales/pt-PT.yml
4	0	config/locales/ro.yml
4	0	config/locales/ru.yml
4	0	config/locales/sk-SK.yml
4	0	config/locales/sl.yml
4	0	config/locales/sq-AL.yml
4	0	config/locales/sr.yml
4	0	config/locales/sv.yml
4	0	config/locales/sw.yml
4	0	config/locales/ta-IN.yml
4	0	config/locales/th-TH.yml
4	0	config/locales/ti.yml
4	0	config/locales/tr-TR.yml
4	0	config/locales/uk.yml
4	0	config/locales/vi.yml
4	0	config/locales/zh-HK.yml
4	0	config/locales/zh-TW.yml
4	0	config/locales/zh.yml