--3d819f566--2012-09-13--Antti Virolainen
--22a53174c--2012-09-13--Antti Virolainen
3	3	app/models/testimonial.rb

--b01110be3--2012-09-13--Antti Virolainen
18	12	app/controllers/communities_controller.rb
2	2	app/models/person.rb

--9fc6353e8--2012-09-13--Antti Virolainen
2	1	app/models/person.rb
2	2	features/communities/user_creates_a_new_community.feature
5	5	features/sessions/facebook_connect.feature
1	1	features/support/omniauth.rb

--307e04dfc--2012-09-13--Antti Virolainen
8	1	app/views/people/new.haml
3	0	config/locales/en.yml
5	0	config/locales/fi.yml
11	1	features/people/user_creates_a_new_account.feature
2	0	spec/fixtures/communities.yml

--3833bc1db--2012-09-13--Antti Virolainen
1	1	app/controllers/admin/feedbacks_controller.rb

--e89c0f580--2012-09-11--Antti Virolainen
3	2	app/helpers/application_helper.rb
3	2	app/views/layouts/application.haml