--4e286f506--2010-09-14--Antti Virolainen
--1bc6a515a--2010-09-14--Juho Makkonen
1	1	app/controllers/conversations_controller.rb
22	21	app/views/conversations/_status.haml
5	4	app/views/conversations/show.haml

--f789826c2--2010-09-14--Juho Makkonen
5	0	app/controllers/conversations_controller.rb
1	1	app/controllers/messages_controller.rb
1	0	app/helpers/conversations_helper.rb
9	1	app/models/conversation.rb
2	0	app/models/participation.rb
1	0	app/models/person.rb
48	13	app/stylesheets/style.scss
1	1	app/views/conversations/_received_conversation.haml
0	3	app/views/conversations/_status.haml
7	1	app/views/conversations/accept.js.erb
0	1	app/views/conversations/index.haml
7	1	app/views/conversations/reject.js.erb
2	2	app/views/homepage/index.haml
2	2	app/views/layouts/_logged_in.haml
7	0	app/views/layouts/_logged_in_messages_icon.haml
2	1	config/locales/en.yml
2	1	config/locales/fi.yml
7	1	features/conversations/user_accepts_a_request.feature
6	1	features/conversations/user_checks_inbox.feature
-	-	public/images/icons/header_icons.png
60	25	public/stylesheets/compiled/style.css

--20d0b5fb7--2010-09-14--Antti Virolainen
8	2	app/controllers/homepage_controller.rb