--ceff1900a--2010-09-08--Juho Makkonen
--b7119b0f9--2010-09-08--Antti Virolainen
5	5	app/controllers/people_controller.rb
3	2	app/views/people/new.haml

--41cdd2318--2010-09-08--Antti Virolainen
0	1	.gitignore
191	0	Gemfile.lock
2	7	config/deploy.rb

--a28516092--2010-09-08--Antti Virolainen
1	1	app/models/person.rb
3	3	db/schema.rb

--adba2e8df--2010-08-31--Antti Virolainen
2	2	config/application.rb

--ce12ff474--2010-08-31--Antti Virolainen
21	14	app/controllers/people_controller.rb
2	0	app/views/people/new.haml
4	0	config/application.rb
7	0	config/config.example.yml
1	1	config/deploy.rb
23	0	vendor/plugins/recaptcha/CHANGELOG
19	0	vendor/plugins/recaptcha/LICENSE
101	0	vendor/plugins/recaptcha/README.rdoc
58	0	vendor/plugins/recaptcha/Rakefile
1	0	vendor/plugins/recaptcha/VERSION
6	0	vendor/plugins/recaptcha/init.rb
23	0	vendor/plugins/recaptcha/lib/recaptcha.rb
42	0	vendor/plugins/recaptcha/lib/recaptcha/client_helper.rb
4	0	vendor/plugins/recaptcha/lib/recaptcha/merb.rb
4	0	vendor/plugins/recaptcha/lib/recaptcha/rails.rb
51	0	vendor/plugins/recaptcha/lib/recaptcha/verify.rb
56	0	vendor/plugins/recaptcha/recaptcha.gemspec
4	0	vendor/plugins/recaptcha/tasks/recaptcha_tasks.rake
37	0	vendor/plugins/recaptcha/test/recaptcha_test.rb
96	0	vendor/plugins/recaptcha/test/verify_recaptcha_test.rb

--c0545a138--2010-09-08--Juho Makkonen
14	0	app/controllers/listings_controller.rb
1	1	app/controllers/messages_controller.rb
4	0	app/models/listing.rb
9	0	app/stylesheets/style.scss
17	0	app/views/listings/_comment_form.haml
5	0	app/views/listings/_edit_links.haml
10	0	app/views/listings/_reply_link.haml
11	0	app/views/listings/close.js.erb
2	0	app/views/listings/edit.haml
11	26	app/views/listings/show.haml
17	1	config/locales/en.yml
15	0	config/locales/fi.yml
5	0	config/routes.rb
10	2	features/listings/user_closes_a_listing.feature
15	0	public/stylesheets/compiled/style.css

--2128664a6--2010-09-08--Antti Virolainen
5	5	app/controllers/people_controller.rb
3	2	app/views/people/new.haml

--c99316b9b--2010-09-08--Antti Virolainen
0	1	.gitignore
191	0	Gemfile.lock
2	7	config/deploy.rb

--215ea56c2--2010-09-08--Antti Virolainen
1	1	app/models/person.rb
3	3	db/schema.rb

--8893603bb--2010-08-31--Antti Virolainen
2	2	config/application.rb

--8629243cf--2010-08-31--Antti Virolainen
21	14	app/controllers/people_controller.rb
2	0	app/views/people/new.haml
4	0	config/application.rb
7	0	config/config.example.yml
1	1	config/deploy.rb
23	0	vendor/plugins/recaptcha/CHANGELOG
19	0	vendor/plugins/recaptcha/LICENSE
101	0	vendor/plugins/recaptcha/README.rdoc
58	0	vendor/plugins/recaptcha/Rakefile
1	0	vendor/plugins/recaptcha/VERSION
6	0	vendor/plugins/recaptcha/init.rb
23	0	vendor/plugins/recaptcha/lib/recaptcha.rb
42	0	vendor/plugins/recaptcha/lib/recaptcha/client_helper.rb
4	0	vendor/plugins/recaptcha/lib/recaptcha/merb.rb
4	0	vendor/plugins/recaptcha/lib/recaptcha/rails.rb
51	0	vendor/plugins/recaptcha/lib/recaptcha/verify.rb
56	0	vendor/plugins/recaptcha/recaptcha.gemspec
4	0	vendor/plugins/recaptcha/tasks/recaptcha_tasks.rake
37	0	vendor/plugins/recaptcha/test/recaptcha_test.rb
96	0	vendor/plugins/recaptcha/test/verify_recaptcha_test.rb