--ce1efac2c--2010-08-03--Juho Makkonen
--d0f68b1a4--2010-08-03--Juho Makkonen
7	0	app/helpers/listings_helper.rb
15	1	app/models/listing.rb
51	4	app/stylesheets/style.scss
1	1	app/views/listings/_help_texts.haml
5	0	app/views/listings/_listing_departure_time.haml
10	3	app/views/listings/_listing_form_content.haml
2	2	app/views/listings/_listing_share_type.haml
1	1	app/views/listings/_listing_title.haml
10	0	app/views/listings/_listing_valid_until.haml
5	0	app/views/listings/_listing_valid_until_radio_buttons.haml
0	2	app/views/listings/_share_type.fi.haml
0	0	app/views/listings/{_share_type.en.haml => help_texts/_help_share_type.en.haml}
2	0	app/views/listings/help_texts/_help_share_type.fi.haml
1	1	app/views/listings/{ => help_texts}/_help_tags.en.haml
1	1	app/views/listings/{ => help_texts}/_help_tags.fi.haml
5	0	app/views/listings/help_texts/_help_valid_until.en.haml
5	0	app/views/listings/help_texts/_help_valid_until.fi.haml
0	3	app/views/listings/new.haml
0	55	app/views/listings/temp.haml
2	0	config/application.rb
13	4	config/locales/en.yml
14	5	config/locales/fi.yml
9	0	db/migrate/20100730120601_add_valid_until_to_listing.rb
9	0	db/migrate/20100730132825_change_valid_until_from_date_to_datetime.rb
2	1	db/schema.rb
7	1	features/user_creates_a_new_request.feature
-	-	public/images/sprite.png
90	34	public/javascripts/kassi.js
62	16	public/stylesheets/compiled/style.css
38	38	public/stylesheets/uniform.kassi.css
43	1	spec/models/listing_spec.rb

--d3efd473f--2010-08-02--Antti Virolainen
1	1	app/views/homepage/_recent_listing.haml

--30d118d7d--2010-08-02--Antti Virolainen
1	1	Gemfile
1	1	config/deploy.rb

--91a5cdbf8--2010-07-30--Antti Virolainen
3	2	app/controllers/homepage_controller.rb
28	0	app/helpers/application_helper.rb
3	0	app/models/listing.rb
8	5	app/views/homepage/_recent_listing.haml
12	1	config/locales/en.yml
14	2	config/locales/fi.yml
1	0	features/step_definitions/listing_steps.rb

--4338ae309--2010-07-30--Antti Virolainen
27	0	features/homepage.feature
14	1	features/step_definitions/listing_steps.rb