--9cc84e40--2016-11-07--Peter Woo
--a3d6335a--2016-11-07--vivian
2	0	Dockerfile

--60b41dbb--2016-11-07--vivian
3	3	Dockerfile

--19e22845--2016-11-07--vivian
1	1	docker/entrypoint.sh

--f9329a80--2016-11-07--vivian
4	4	Dockerfile
11	1	docker-compose.yml.example

--a2665dac--2016-11-07--vivian
--a8f556b2--2016-11-07--vivian
3	0	Dockerfile
0	2	docker/entrypoint.sh

--08c75be6--2016-11-07--Peter Woo
2	0	docker/entrypoint.sh

--17c25704--2016-11-07--vivian
--5690b98a--2016-11-07--V Brown
--10036835--2016-10-25--vivian
1	1	config/environments/production.rb

--1b3a0ffe--2016-10-25--vivian
4	1	Dockerfile
1	1	docker-compose.yml.example
0	2	docker/entrypoint.sh