--96aba414--2015-12-11--TheNotary
--ad462bfa--2015-12-11--TheNotary
--29526e47--2015-12-11--TheNotary
--8057b0b5--2015-12-11--TheNotary
1	25	db/schema.rb

--1e05f56e--2015-12-11--TheNotary
--687b9529--2015-12-11--TheNotary
0	2	app/models/call_tool_config.rb
5	0	db/migrate/20151211200545_remove_call_tool_configs.rb

--964b34e3--2015-12-11--TheNotary
--483c25f7--2015-12-11--TheNotary
3	2	config/environments/production.rb
3	2	config/environments/staging.rb

--094281b8--2015-12-10--TheNotary
0	1	app/controllers/action_page_controller.rb
6	0	app/models/user.rb
1	0	app/views/devise/mailer/reset_password_instructions.html.erb
1	0	app/views/devise/mailer/reset_password_instructions.text.erb
2	0	config/environments/test.rb
36	0	features/step_definitions/user_steps.rb
12	0	features/users/change_email.feature
0	2	spec/factories/users.rb
33	0	spec/models/user_spec.rb