--8703c6e14--2016-11-11--James Glover
--60eb1fb25--2016-11-11--James Glover
1	1	Gemfile.lock
1	1	app/models/plate.rb

--345068681--2016-11-11--James Glover
4	2	app/models/plate.rb
0	1	features/submission/bulk_submission.feature

--865f8c189--2016-11-10--James Glover
1	1	app/models/user/authentication.rb
7	3	test/factories/lib_pcr_xp_factories.rb

--63a319e31--2016-11-10--James Glover
1	0	app/models/illumina_c/helper.rb

--fcdc9c2e0--2016-11-10--James Glover
10	10	app/models/illumina_c/helper.rb

--382294bcf--2016-11-10--James Glover
1	1	.rvmrc
2	2	.travis.yml

--3c7931c11--2016-11-09--James Glover
0	1	app/models/plate_purpose.rb

--e7f39cf85--2016-11-09--James Glover
0	13	app/models/plate_purpose.rb

--7724a3908--2016-11-08--Yana Proskurina
0	0	app/views/plate_summaries/{_process_metadatum_collection.html.erb => _custom_metadatum_collection.html.erb}
2	2	features/api/{process_metadatum_collections.feature => custom_metadatum_collections.feature}
1	1	features/api/multiplexed_library_tubes.feature
1	1	features/api/plates.feature
0	0	features/step_definitions/{process_metadatum_collection_steps.rb => custom_metadatum_collection_steps.rb}

--a72d74a76--2016-11-08--Yana Proskurina
--a49313bde--2016-11-08--Yana Proskurina
1	1	app/api/endpoints/{process_metadatum_collections.rb => custom_metadatum_collections.rb}
1	1	app/api/endpoints/library_tubes.rb
1	1	app/api/endpoints/multiplexed_library_tubes.rb
1	1	app/api/endpoints/plates.rb
1	1	app/api/endpoints/sample_tubes.rb
1	1	app/api/endpoints/tubes.rb
3	3	app/api/io/{process_metadatum_collection.rb => custom_metadatum_collection.rb}
2	2	app/controllers/plate_summaries_controller.rb
2	2	app/models/asset.rb
11	0	app/models/custom_metadatum.rb
21	0	app/models/custom_metadatum_collection.rb
5	0	app/models/null_custom_metadatum_collection.rb
0	5	app/models/null_process_metadatum_collection.rb
0	11	app/models/process_metadatum.rb
0	21	app/models/process_metadatum_collection.rb
1	1	app/views/assets/show.html.erb
2	2	app/views/plate_summaries/_descendant.html.erb
1	1	app/views/plate_summaries/_process_metadatum_collection.html.erb
1	1	app/views/plate_summaries/show.html.erb
12	0	db/migrate/20161013121219_create_custom_metadatum_collections.rb
0	12	db/migrate/20161013121219_create_process_metadatum_collections.rb
12	0	db/migrate/20161013121344_create_custom_metadata.rb
0	12	db/migrate/20161013121344_create_process_metadata.rb
6	6	db/schema.rb
1	1	features/api/multiplexed_library_tubes.feature
1	1	features/api/plates.feature
11	11	features/api/process_metadatum_collections.feature
5	5	features/api/root.feature
4	4	features/step_definitions/plate_steps.rb
6	6	features/step_definitions/process_metadatum_collection_steps.rb
4	4	features/step_definitions/tube_steps.rb
2	2	test/factories/process_metadata.rb
4	4	test/factories/process_metadatum_collections.rb
0	11	test/fixtures/process_metadata.yml
0	9	test/fixtures/process_metadatum_collections.yml
6	6	test/functional/plate_summaries_controller_test.rb
37	0	test/unit/custom_metadatum_collection_test.rb
18	0	test/unit/custom_metadatum_test.rb
0	37	test/unit/process_metadatum_collection_test.rb
0	18	test/unit/process_metadatum_test.rb

--bebfc77b1--2016-11-04--James Glover
2	2	app/views/plate_summaries/_descendant.html.erb

--1f55eae3b--2016-11-03--Yana Proskurina
2	3	features/api/root.feature

--dc34f6745--2016-11-02--Yana Proskurina
--02a2ff673--2016-11-02--Yana Proskurina
27	1	app/views/assets/show.html.erb
11	0	features/api/root.feature

--33bbee792--2016-11-02--Yana Proskurina
2	2	app/models/process_metadatum_collection.rb
14	0	app/views/plate_summaries/_descendant.html.erb
17	9	app/views/plate_summaries/_process_metadatum_collection.html.erb

--be74f9a3d--2016-10-31--Yana Proskurina
1	0	app/api/endpoints/library_tubes.rb
1	0	app/api/endpoints/multiplexed_library_tubes.rb
1	0	app/api/endpoints/sample_tubes.rb
1	0	app/api/endpoints/tubes.rb
6	0	features/api/multiplexed_library_tubes.feature
8	0	features/step_definitions/tube_steps.rb

--698fee2fa--2016-10-20--stevieing
1	0	app/controllers/plate_summaries_controller.rb
0	4	app/models/asset.rb
1	1	app/views/plate_summaries/_process_metadatum_collection.html.erb

--d416cea23--2016-10-19--stevieing
1	0	app/api/endpoints/plates.rb
2	2	app/api/io/process_metadatum_collection.rb
6	0	features/api/plates.feature
6	3	features/step_definitions/plate_steps.rb

--750dd7c84--2016-10-18--stevieing
5	0	app/models/asset.rb
5	0	app/models/null_process_metadatum_collection.rb
13	0	app/views/plate_summaries/_process_metadatum_collection.html.erb
2	0	app/views/plate_summaries/show.html.erb
10	0	test/functional/plate_summaries_controller_test.rb

--4b2833261--2016-10-14--stevieing
15	0	app/api/endpoints/process_metadatum_collections.rb
15	0	app/api/io/process_metadatum_collection.rb
2	0	app/models/asset.rb
11	0	app/models/process_metadatum.rb
21	0	app/models/process_metadatum_collection.rb
12	0	db/migrate/20161013121219_create_process_metadatum_collections.rb
12	0	db/migrate/20161013121344_create_process_metadata.rb
21	1	db/schema.rb
100	0	features/api/process_metadatum_collections.feature
18	0	features/step_definitions/process_metadatum_collection_steps.rb
8	0	test/factories/process_metadata.rb
18	0	test/factories/process_metadatum_collections.rb
11	0	test/fixtures/process_metadata.yml
9	0	test/fixtures/process_metadatum_collections.yml
37	0	test/unit/process_metadatum_collection_test.rb
18	0	test/unit/process_metadatum_test.rb