--22a02c980--2013-09-06--Elz
--328c17661--2013-09-06--Elz
--dc940d326--2013-09-06--shalott
2	2	app/views/tag_set_nominations/_review_individual_nom.html.erb
5	3	features/tags_and_wrangling/tag_set.feature

--7ce852770--2013-09-06--shalott
26	1	features/step_definitions/tag_set_steps.rb
19	0	features/tags_and_wrangling/tag_set.feature

--7f9e94459--2013-09-06--shalott
2	0	app/controllers/tag_set_nominations_controller.rb
8	6	app/views/tag_set_nominations/_review_individual_nom.html.erb

--4bfd76fb2--2013-09-06--shalott
0	8	app/models/tagset_models/tag_set_association.rb
11	0	features/tags_and_wrangling/tag_set.feature

--95018a51c--2013-09-06--shalott
4	0	features/step_definitions/generic_steps.rb
69	0	features/step_definitions/tag_set_steps.rb
64	3	features/tags_and_wrangling/tag_set.feature

--9abc4b689--2013-09-06--sarken
37	36	app/views/feedbacks/new.html.erb