--303dc1d8e--2016-06-06--zz9pzza
--c2d27a509--2016-06-04--zz9pzza
--cf4c2ea86--2016-06-03--sarken
--321019f5d--2016-06-03--zz9pzza
1	1	app/views/home/_dmca.html.erb

--dfc37a7e6--2016-06-02--sarken
--c3d52ff5f--2016-06-02--zz9pzza
1	1	app/views/home/_dmca.html.erb

--c34f82e3c--2016-05-31--astolat shalott
5	1	Gemfile.lock

--edbb4933b--2016-05-31--astolat shalott
1	1	Gemfile
10	3	lib/collectible.rb
6	3	spec/lib/collectible_spec.rb

--9f83a8b26--2016-05-30--zz9pzza
1	1	app/controllers/tag_wranglers_controller.rb
1	1	features/step_definitions/tag_set_steps.rb

--644605ebe--2016-05-30--zz9pzza
3	1	app/controllers/tag_wranglers_controller.rb
7	1	features/step_definitions/tag_set_steps.rb
1	0	features/tags_and_wrangling/tag_wrangling.feature

--06ca211ee--2016-05-30--zz9pzza
1	1	app/controllers/tag_wranglers_controller.rb

--acc0b08f9--2016-05-28--zz9pzza
--bb54629c2--2016-05-28--zz9pzza
4	7	app/controllers/admin/banners_controller.rb
0	5	app/views/admin/banners/_banner_form.html.erb
8	38	features/other_a/banner_general.feature
7	34	features/step_definitions/banner_steps.rb

--d0943fcf9--2016-05-28--zz9pzza
--a0c94e312--2016-05-28--zz9pzza
--6924aadaf--2016-05-28--zz9pzza
--8317c894f--2016-05-28--zz9pzza
--4e39c5a2a--2016-05-27--astolat shalott
24	24	lib/collectible.rb

--bfbbec190--2016-05-27--astolat shalott
1	1	app/controllers/collection_items_controller.rb
24	1	features/collections/collection_invite.feature
12	4	lib/collectible.rb

--05535ee53--2016-05-26--zz9pzza
--4a255d7b7--2016-05-11--zz9pzza
1	1	.ruby_version

--80160637f--2016-05-08--zz9pzza
1	1	.ruby_version

--2cfdb4514--2016-05-08--zz9pzza
0	3	.travis.yml
2	2	Gemfile
6	3	Gemfile.lock

--dda82f6e3--2016-05-08--zz9pzza
3	0	.travis.yml

--002282a9e--2016-05-01--Jack Kingsman
1	1	app/views/home/_dmca.html.erb

--da9598868--2016-05-01--Jack Kingsman
1	1	app/views/home/_dmca.html.erb

--51b007946--2016-04-11--sarken
9	9	features/other_a/banner_general.feature
6	2	features/step_definitions/banner_steps.rb

--bf67e2d4c--2016-04-11--sarken
9	6	features/other_a/banner_general.feature
14	1	features/step_definitions/banner_steps.rb

--c4a6a4983--2016-04-11--sarken
4	4	app/controllers/admin/banners_controller.rb

--0b673f23b--2016-04-11--sarken
8	0	features/other_a/banner_general.feature
4	4	features/step_definitions/banner_steps.rb

--ec76b799c--2016-04-11--sarken
1	1	app/controllers/admin/banners_controller.rb
2	2	features/step_definitions/banner_steps.rb

--2a057df8c--2016-04-11--sarken
4	1	app/controllers/admin/banners_controller.rb
5	0	app/views/admin/banners/_banner_form.html.erb
19	0	features/other_a/banner_general.feature
10	0	features/step_definitions/banner_steps.rb

--cb7dd3865--2016-03-24--sarken
1	1	public/stylesheets/site/2.0/09-roles-states.css

--c7a779f17--2016-03-03--zz9pzza
1	2	Gemfile
4	4	Gemfile.lock

--4d791a940--2016-03-02--zz9pzza
--88012c008--2016-02-27--zz9pzza
1	1	app/helpers/application_helper.rb

--4d1c74373--2016-01-10--james_
1	1	Gemfile
3	2	Gemfile.lock