--c7af15e02--2012-03-04--Elz
--702b04b36--2012-03-04--Elz
--79baa56bc--2012-03-04--Cristina
1	1	app/views/tags/feed.atom.builder

--5b3e4ba84--2012-03-03--Cristina
--306816945--2012-03-03--Cristina
--c12b1f037--2012-03-04--Enigel
--d54b6d0d5--2012-03-03--Cristina
--4e71a7e02--2012-03-04--Enigel
--e537efa91--2012-03-03--Cristina
18	7	features/subscriptions.feature

--33e8136ee--2012-03-03--Cristina
3	3	features/subscriptions.feature

--1a5307d6b--2012-03-03--elz
26	1	lib/query.rb

--0fc54edc2--2012-03-03--elz
1	1	app/controllers/tags_controller.rb
1	1	app/views/works/index.html.erb

--34c71c181--2012-03-03--elz
1	1	app/helpers/works_helper.rb

--3838ea6d0--2012-03-03--elz
1	1	features/icon.feature
6	6	features/series.feature

--91c601ed7--2012-03-02--shalott
2	2	app/helpers/tags_helper.rb

--2107429ac--2012-03-03--Sidra
2	1	doc/app/Admin/AdminUsersController.html
2	1	doc/app/ChallengeSignupObserver.html
27	27	doc/app/Pseud.html
46	16	doc/app/SeriesHelper.html
30	29	doc/app/User.html
11	9	doc/app/UsersController.html
3	2	doc/app/WorkObserver.html
38	0	doc/app/WorksHelper.html
228	228	doc/app/created.rid
1	1	doc/app/js/search_index.js
527	523	doc/app/table_of_contents.html

--3124e9b7e--2012-03-02--Cristina
12	3	app/controllers/subscriptions_controller.rb
9	8	app/views/subscriptions/index.html.erb
4	2	app/views/users/_header_navigation.html.erb
3	1	app/views/works/_work_header_navigation.html.erb

--3b9572779--2012-03-02--shalott
--633eb5f19--2012-02-29--sarken
4	5	app/views/user_mailer/invitation.html.erb

--f138a85ea--2012-02-28--Elz
--aaed3feba--2012-02-29--sarken
2	15	app/views/tag_wranglers/show.html.erb
4	5	app/views/tag_wranglings/index.html.erb

--6978d89d6--2012-02-28--Cristina
--704d99b2e--2012-02-28--elz
1	1	app/views/works/preview.html.erb

--a3745e112--2012-02-28--shalott
--0a75df574--2012-02-28--tuff_ghost
1	1	public/javascripts/ibox/ibox.js

--e6ea4c826--2012-02-27--Elz
--426a19423--2012-02-27--shalott
--815821b20--2012-02-27--shalott
--784b49be9--2012-02-27--shalott
--f0e483c6e--2012-02-27--shalott
--d37165e54--2012-02-28--tuff_ghost
4	5	public/stylesheets/site/2.0/07-interactions.css
7	1	public/stylesheets/site/2.0/28-role-ie8_or_lower.css

--8ec145b98--2012-02-28--sarken
4	4	public/stylesheets/site/2.0/10-types-groups.css

--fd3b32a94--2012-02-27--sarken
1	0	public/stylesheets/site/2.0/18-zone-searchbrowse.css

--eca5a1138--2012-02-27--tuff_ghost
0	8	public/javascripts/ibox/ibox.js
11	15	public/stylesheets/site/2.0/07-interactions.css

--44acdda82--2012-02-27--tuff_ghost
--6501f175e--2012-02-26--Elz
--e8674284f--2012-02-26--shalott
--e664ae014--2012-02-26--sarken
1	5	public/stylesheets/site/2.0/17-zone-home.css

--6d246e137--2012-02-26--sarken
4	0	public/stylesheets/site/2.0/17-zone-home.css

--8caca3155--2012-02-25--shalott
--a2f22ab2f--2012-02-25--tuff_ghost
--ae8b2c8c0--2012-02-25--tuff_ghost
455	346	public/javascripts/ibox/ibox.js
33	8	public/stylesheets/site/2.0/07-interactions.css

--5467352ca--2012-02-25--shalott
1	1	app/views/layouts/_footer.html.erb
5	0	app/views/layouts/mailer.html.erb

--f5d2c6f00--2012-02-24--shalott
--014633c67--2012-02-24--shalott
--dcc7791c8--2012-02-24--shalott
--d328335b5--2012-02-24--shalott
--da64177ae--2012-02-24--shalott
--0cda3068c--2012-02-24--shalott
--35944e6d4--2012-02-24--shalott
--43c69241b--2012-02-24--shalott
--9bbef8574--2012-02-24--shalott
--3312d71f2--2012-02-24--shalott
2	1	app/controllers/admin/admin_users_controller.rb
3	1	app/controllers/users_controller.rb
2	1	app/models/challenge_signup_observer.rb
3	2	app/models/invitation.rb
2	1	app/models/user.rb
3	2	app/models/work_observer.rb
1	1	lib/tasks/after_tasks.rake

--37697cb04--2012-02-25--Sidra
1	1	doc/app/CommentsController.html
1	1	doc/app/OrphansController.html
228	228	doc/app/created.rid

--871a6c557--2012-02-22--sarken
5	4	app/views/user_mailer/invitation.html.erb
2	0	features/invite_queue.feature

--b1cd19d82--2012-02-21--sarken
7	4	public/stylesheets/site/2.0/14-group-preface.css

--99eb33512--2012-02-21--sarken
1	1	app/helpers/works_helper.rb

--0c3ea9897--2012-02-21--sarken
10	0	app/helpers/works_helper.rb
3	1	app/views/works/_work_header.html.erb
1	1	app/views/works/_work_header_notes.html.erb
24	0	features/work_notes.feature

--b63152882--2012-02-21--sarken
2	3	app/views/chapters/show.html.erb
1	1	app/views/works/_work_approved_children.html.erb
1	1	app/views/works/_work_series_links.html.erb
7	4	public/stylesheets/site/2.0/14-group-preface.css

--13714a4e6--2012-02-20--sarken
--e9b8bb1a7--2012-02-20--sarken
1	1	app/views/chapters/show.html.erb

--86977993f--2012-02-20--sarken
4	0	public/stylesheets/site/2.0/08-actions.css

--289c8e228--2012-02-20--sarken
2	2	app/views/tag_wranglings/index.html.erb

--495b84aac--2012-02-15--sarken
2	0	app/views/chapters/show.html.erb
2	0	app/views/works/show.html.erb

--910a94705--2012-02-15--sarken
5	1	public/stylesheets/site/2.0/14-group-preface.css

--454197b86--2012-02-14--sarken
14	9	app/views/chapters/show.html.erb
2	2	app/views/works/_work_approved_children.html.erb
1	1	app/views/works/_work_endnotes.html.erb
2	2	app/views/works/_work_series_links.html.erb
4	6	app/views/works/show.html.erb
1	1	public/stylesheets/site/2.0/14-group-preface.css

--62e62149f--2012-02-13--sarken
16	0	app/views/works/_work_approved_children.html.erb
3	5	app/views/works/_work_endnotes.html.erb
0	18	app/views/works/_work_footer.html.erb
0	0	app/views/works/{_series_links.html.erb => _work_series_links.html.erb}
16	9	app/views/works/show.html.erb

--21f61645b--2012-02-10--sarken
9	6	app/helpers/series_helper.rb
8	3	app/views/works/_series_links.html.erb
4	4	app/views/works/show.html.erb
4	0	public/stylesheets/site/2.0/10-types-groups.css

--ff08778c7--2012-02-18--sarken
1	1	app/views/collections/_collection_blurb.html.erb

--6fb261a62--2012-02-18--sarken
4	1	public/stylesheets/site/2.0/07-interactions.css

--99118ad21--2012-02-18--sarken
1	1	app/views/archive_faqs/_archive_faq_order.html.erb
1	1	app/views/series/_series_order.html.erb

--5acd8507a--2012-02-18--sarken
4	0	public/stylesheets/site/2.0/17-zone-home.css

--675f43c45--2012-02-17--Cesy
0	35	spec/models/pseud_spec.rb

--fb9959f0b--2012-02-17--Cesy
--02a65e6e0--2012-02-15--sarken
2	0	app/views/chapters/show.html.erb
2	0	app/views/works/show.html.erb

--5cbcce669--2012-02-15--sarken
17	12	app/views/works/show.html.erb

--fdb072d33--2012-02-15--sarken
--7803a975d--2012-02-15--sarken
5	1	public/stylesheets/site/2.0/14-group-preface.css

--340fd54ce--2012-02-14--sarken
14	9	app/views/chapters/show.html.erb
2	2	app/views/works/_work_approved_children.html.erb
1	1	app/views/works/_work_endnotes.html.erb
2	2	app/views/works/_work_series_links.html.erb
4	6	app/views/works/show.html.erb
1	1	public/stylesheets/site/2.0/14-group-preface.css

--71f619a35--2012-02-13--sarken
16	0	app/views/works/_work_approved_children.html.erb
3	5	app/views/works/_work_endnotes.html.erb
0	18	app/views/works/_work_footer.html.erb
0	0	app/views/works/{_series_links.html.erb => _work_series_links.html.erb}
16	9	app/views/works/show.html.erb

--c98d37a84--2012-02-10--sarken
9	6	app/helpers/series_helper.rb
8	3	app/views/works/_series_links.html.erb
4	4	app/views/works/show.html.erb
4	0	public/stylesheets/site/2.0/10-types-groups.css

--c7b26a184--2012-02-10--sarken
9	6	app/helpers/series_helper.rb
8	3	app/views/works/_series_links.html.erb
4	4	app/views/works/show.html.erb
4	0	public/stylesheets/site/2.0/10-types-groups.css

--28c135890--2011-12-13--Phoenix Wolfe
35	0	spec/models/pseud_spec.rb

--e6b34a71b--2011-12-13--Phoenix Wolfe
2	0	app/models/pseud.rb

--d2dc8373d--2011-12-06--Phoenix Wolfe
1	0	app/views/pseuds/_pseuds_form.html.erb
1	0	config/config.yml