--c88b5e4bc--2011-12-28--shalott
--e195ee364--2011-12-24--Sidra
3	3	doc/app/ArchiveFaqsController.html
11	10	doc/app/Challenge/PromptMemeController.html
4	4	doc/app/ChallengeClaim.html
22	16	doc/app/ChaptersController.html
4	8	doc/app/CreationObserver.html
14	10	doc/app/DownloadsController.html
1	1	doc/app/Subscription.html
35	30	doc/app/Tag.html
1	1	doc/app/TagsHelper.html
33	27	doc/app/WorksController.html
228	228	doc/app/created.rid
1	1	doc/app/js/search_index.js

--3fc571cb6--2011-12-20--shalott
--e42d6eccf--2011-12-19--elz
1	1	app/controllers/chapters_controller.rb
1	1	app/controllers/works_controller.rb
1	1	app/models/subscription.rb

--cea900e2b--2011-12-19--elz
14	8	app/controllers/chapters_controller.rb
6	0	app/controllers/works_controller.rb
1	5	app/models/creation_observer.rb
10	0	app/models/subscription.rb
12	0	app/views/works/_work_header_navigation.html.erb
27	3	features/subscriptions.feature

--1ef5da7a1--2011-12-18--elz
3	1	app/helpers/works_helper.rb