--19f4342ce--2011-11-18--shalott
--e7e166cd9--2011-11-18--shalott
--76c0d10c4--2011-11-18--shalott
--09de588ac--2011-11-19--Sidra
675	743	doc/app/AbuseReport.html
806	894	doc/app/AbuseReportsController.html
0	649	doc/app/ActionController.html
0	649	doc/app/ActionController/Routing.html
0	713	doc/app/ActionController/Routing/RouteSet.html
0	656	doc/app/ActiveRecord.html
0	643	doc/app/ActiveRecord/AttributeMethods.html
557	639	doc/app/Admin.html
821	909	doc/app/Admin/AdminInvitationsController.html
1057	1165	doc/app/Admin/AdminUsersController.html
672	746	doc/app/Admin/SettingsController.html
791	871	doc/app/Admin/SkinsController.html
684	758	doc/app/Admin/UserCreationsController.html
804	891	doc/app/AdminMailer.html
731	813	doc/app/AdminPost.html
635	705	doc/app/AdminPostTag.html
557	622	doc/app/AdminPostTagging.html
878	984	doc/app/AdminPostsController.html
557	622	doc/app/AdminSession.html
706	782	doc/app/AdminSessionsController.html
1115	1374	doc/app/AdminSetting.html
695	777	doc/app/AdminsController.html
634	701	doc/app/AdvancedSearchHelper.html
743	818	doc/app/AlphabetHelper.html
1933	2218	doc/app/ApplicationController.html
2200	2483	doc/app/ApplicationHelper.html
629	697	doc/app/ArchiveFaq.html
940	1056	doc/app/ArchiveFaqsController.html
0	643	doc/app/AuthlogicHelpersForMailers.html
1293	1592	doc/app/AutocompleteController.html
0	1002	doc/app/AutocompleteSource.html
0	1368	doc/app/AutocompleteSource/ClassMethods.html
570	634	doc/app/Banned.html
807	894	doc/app/Bookmark.html
1131	1261	doc/app/BookmarksController.html
947	1056	doc/app/BookmarksHelper.html
657	728	doc/app/CacheHelper.html
772	856	doc/app/CastNomination.html
570	634	doc/app/Category.html
550	623	doc/app/Challenge.html
849	990	doc/app/Challenge/GiftExchangeController.html
857	998	doc/app/Challenge/PromptMemeController.html
1936	2160	doc/app/ChallengeAssignment.html
1557	1729	doc/app/ChallengeAssignmentsController.html
1189	1323	doc/app/ChallengeClaim.html
1051	1167	doc/app/ChallengeClaimsController.html
0	1085	doc/app/ChallengeCore.html
0	701	doc/app/ChallengeCore/ClassMethods.html
661	734	doc/app/ChallengeHelper.html
687	759	doc/app/ChallengeRequestsController.html
1311	1449	doc/app/ChallengeSignup.html
630	700	doc/app/ChallengeSignupObserver.html
661	875	doc/app/ChallengeSignupSweeper.html
1532	1692	doc/app/ChallengeSignupsController.html
693	820	doc/app/ChallengeSweeper.html
731	811	doc/app/ChallengesController.html
1241	1408	doc/app/Chapter.html
662	777	doc/app/ChapterSweeper.html
1109	1428	doc/app/ChaptersController.html
551	615	doc/app/ChaptersHelper.html
871	968	doc/app/Character.html
557	622	doc/app/CharacterNomination.html
0	951	doc/app/Collectible.html
2361	2639	doc/app/Collection.html
1865	2076	doc/app/CollectionItem.html
989	1085	doc/app/CollectionItemsController.html
637	705	doc/app/CollectionObserver.html
917	1016	doc/app/CollectionParticipant.html
1019	1129	doc/app/CollectionParticipantsController.html
557	622	doc/app/CollectionPreference.html
557	622	doc/app/CollectionProfile.html
632	700	doc/app/CollectionProfileController.html
793	980	doc/app/CollectionSweeper.html
974	1076	doc/app/CollectionsController.html
897	1003	doc/app/CollectionsHelper.html
1338	1501	doc/app/Comment.html
798	891	doc/app/CommentMailer.html
978	1081	doc/app/CommentObserver.html
696	772	doc/app/CommentSweeper.html
1652	1836	doc/app/CommentsController.html
1509	1686	doc/app/CommentsHelper.html
667	741	doc/app/CommonTagging.html
921	1033	doc/app/CreationObserver.html
638	708	doc/app/Creatorship.html
0	1244	doc/app/CssCleaner.html
665	738	doc/app/DateHelper.html
1982	2149	doc/app/DevmodeController.html
1150	1263	doc/app/DownloadsController.html
659	728	doc/app/EmailVeracityValidator.html
821	913	doc/app/ErrorsController.html
1059	1172	doc/app/ExternalAuthor.html
679	750	doc/app/ExternalAuthorName.html
996	1100	doc/app/ExternalAuthorsController.html
669	740	doc/app/ExternalAuthorsHelper.html
725	805	doc/app/ExternalCreatorship.html
947	1059	doc/app/ExternalWork.html
886	984	doc/app/ExternalWorksController.html
859	954	doc/app/Fandom.html
729	809	doc/app/FandomNomination.html
734	810	doc/app/FandomsController.html
665	785	doc/app/FeedSweeper.html
840	928	doc/app/Feedback.html
737	815	doc/app/FeedbacksController.html
637	707	doc/app/FilterCount.html
768	855	doc/app/FilterTagging.html
0	697	doc/app/FindRandom.html
835	928	doc/app/Freeform.html
557	622	doc/app/FreeformNomination.html
709	784	doc/app/Gift.html
829	917	doc/app/GiftExchange.html
657	725	doc/app/GiftsController.html
768	852	doc/app/HitCounter.html
924	1028	doc/app/HomeController.html
630	697	doc/app/HomeHelper.html
0	1391	doc/app/HtmlCleaner.html
629	699	doc/app/InboxComment.html
749	829	doc/app/InboxController.html
667	742	doc/app/InboxHelper.html
753	969	doc/app/Invitation.html
899	995	doc/app/InvitationsController.html
663	734	doc/app/InvitationsHelper.html
782	874	doc/app/InviteRequest.html
818	912	doc/app/InviteRequestsController.html
595	659	doc/app/KnownIssue.html
864	970	doc/app/KnownIssuesController.html
557	622	doc/app/Kudo.html
648	715	doc/app/KudoMailer.html
674	746	doc/app/KudoObserver.html
687	759	doc/app/KudosController.html
731	811	doc/app/Language.html
764	848	doc/app/LanguagesController.html
812	909	doc/app/Locale.html
805	893	doc/app/LocalesController.html
557	622	doc/app/LogItem.html
712	789	doc/app/Media.html
673	745	doc/app/MediaController.html
732	812	doc/app/MetaTagging.html
631	0	doc/app/Object.html
633	701	doc/app/Offer.html
724	800	doc/app/OrphansController.html
631	700	doc/app/OrphansHelper.html
557	622	doc/app/OwnedSetTagging.html
1474	1642	doc/app/OwnedTagSet.html
1211	1339	doc/app/OwnedTagSetsController.html
0	902	doc/app/PaginationListLinkRenderer.html
674	747	doc/app/PasswordsController.html
887	984	doc/app/People.html
736	812	doc/app/PeopleController.html
1257	1389	doc/app/PotentialMatch.html
652	723	doc/app/PotentialMatchSettings.html
1067	1185	doc/app/PotentialMatchesController.html
701	773	doc/app/PotentialPromptMatch.html
705	781	doc/app/Preference.html
713	791	doc/app/PreferencesController.html
657	726	doc/app/Profile.html
642	710	doc/app/ProfileController.html
1554	1735	doc/app/Prompt.html
686	756	doc/app/PromptMeme.html
1143	1275	doc/app/PromptRestriction.html
774	853	doc/app/PromptRestrictionsHelper.html
1302	1452	doc/app/PromptsController.html
1627	1823	doc/app/Pseud.html
737	817	doc/app/PseudSweeper.html
997	1113	doc/app/PseudsController.html
691	772	doc/app/PseudsHelper.html
0	1066	doc/app/Query.html
570	634	doc/app/Rating.html
0	946	doc/app/Rawk.html
749	837	doc/app/Reading.html
783	869	doc/app/ReadingsController.html
709	785	doc/app/RedirectController.html
0	707	doc/app/RedisTestSetup.html
637	705	doc/app/RelatedWork.html
773	902	doc/app/RelatedWorksController.html
873	970	doc/app/Relationship.html
557	622	doc/app/RelationshipNomination.html
633	701	doc/app/Request.html
588	654	doc/app/Role.html
557	622	doc/app/RolesUser.html
637	705	doc/app/SearchController.html
676	749	doc/app/SearchHelper.html
665	741	doc/app/SerialWork.html
663	737	doc/app/SerialWorksController.html
1257	1418	doc/app/Series.html
1009	1129	doc/app/SeriesController.html
747	828	doc/app/SeriesHelper.html
557	622	doc/app/SetTagging.html
2272	2518	doc/app/Skin.html
821	909	doc/app/SkinParent.html
1170	1294	doc/app/SkinsController.html
783	870	doc/app/SkinsHelper.html
0	708	doc/app/SortableList.html
0	1134	doc/app/Stat.html
0	791	doc/app/StatHash.html
550	631	doc/app/Static.html
666	738	doc/app/Static/BaseController.html
637	705	doc/app/Static/CollectionsController.html
670	742	doc/app/Static/FandomsController.html
637	705	doc/app/Static/MediaController.html
695	773	doc/app/Static/RestrictedWorksController.html
636	704	doc/app/Static/WorksController.html
650	718	doc/app/StaticSweeper.html
644	712	doc/app/StatsController.html
633	700	doc/app/StatsHelper.html
2974	3296	doc/app/StoryParser.html
586	652	doc/app/StoryParser/Error.html
635	705	doc/app/Subscription.html
741	827	doc/app/SubscriptionsController.html
3001	3418	doc/app/Tag.html
1335	1492	doc/app/TagNomination.html
637	707	doc/app/TagNominationsController.html
1674	1871	doc/app/TagSet.html
1200	1338	doc/app/TagSetAssociation.html
806	890	doc/app/TagSetAssociationsController.html
930	1034	doc/app/TagSetNomination.html
1391	1532	doc/app/TagSetNominationsController.html
557	622	doc/app/TagSetOwnership.html
693	861	doc/app/TagSetSweeper.html
811	896	doc/app/TagSetsHelper.html
707	837	doc/app/TagSweeper.html
786	866	doc/app/TagWranglersController.html
756	832	doc/app/TagWranglingsController.html
0	1911	doc/app/Taggable.html
743	825	doc/app/Tagging.html
1214	1334	doc/app/TagsController.html
1768	1987	doc/app/TagsHelper.html
0	879	doc/app/TranslationGenerator.html
846	935	doc/app/TranslationHelper.html
557	622	doc/app/TranslationNote.html
908	1022	doc/app/TranslationNotesController.html
997	1101	doc/app/TranslationsController.html
809	897	doc/app/TranslatorsController.html
643	713	doc/app/UrlActiveValidator.html
636	707	doc/app/UrlFormatValidator.html
0	744	doc/app/UrlHelpers.html
1969	2378	doc/app/User.html
583	745	doc/app/UserInviteRequest.html
751	839	doc/app/UserInviteRequestsController.html
628	697	doc/app/UserInviteRequestsHelper.html
1645	1842	doc/app/UserMailer.html
557	622	doc/app/UserSession.html
949	1045	doc/app/UserSessionsController.html
1496	1707	doc/app/UsersController.html
1231	1385	doc/app/UsersHelper.html
843	940	doc/app/ValidationHelper.html
570	634	doc/app/Warning.html
725	802	doc/app/WeightedRandom.html
3792	4335	doc/app/Work.html
679	755	doc/app/WorkObserver.html
878	976	doc/app/WorkSkin.html
662	788	doc/app/WorkSweeper.html
2261	2490	doc/app/WorksController.html
1162	1341	doc/app/WorksHelper.html
557	622	doc/app/WranglingAssignment.html
0	887	doc/app/XhtmlSplitter.html
0	650	doc/app/XhtmlSplitter/Error.html
0	54	doc/app/app/controllers/abuse_reports_controller_rb.html
0	52	doc/app/app/controllers/admin/admin_invitations_controller_rb.html
0	52	doc/app/app/controllers/admin/admin_users_controller_rb.html
0	52	doc/app/app/controllers/admin/settings_controller_rb.html
0	52	doc/app/app/controllers/admin/skins_controller_rb.html
0	52	doc/app/app/controllers/admin/user_creations_controller_rb.html
0	52	doc/app/app/controllers/admin_posts_controller_rb.html
0	52	doc/app/app/controllers/admin_sessions_controller_rb.html
0	52	doc/app/app/controllers/admins_controller_rb.html
0	52	doc/app/app/controllers/application_controller_rb.html
0	52	doc/app/app/controllers/archive_faqs_controller_rb.html
0	52	doc/app/app/controllers/autocomplete_controller_rb.html
0	52	doc/app/app/controllers/bookmarks_controller_rb.html
0	52	doc/app/app/controllers/challenge/gift_exchange_controller_rb.html
0	52	doc/app/app/controllers/challenge/prompt_meme_controller_rb.html
0	52	doc/app/app/controllers/challenge_assignments_controller_rb.html
0	52	doc/app/app/controllers/challenge_claims_controller_rb.html
0	52	doc/app/app/controllers/challenge_requests_controller_rb.html
0	59	doc/app/app/controllers/challenge_signups_controller_rb.html
0	52	doc/app/app/controllers/challenges_controller_rb.html
0	52	doc/app/app/controllers/chapters_controller_rb.html
0	52	doc/app/app/controllers/collection_items_controller_rb.html
0	52	doc/app/app/controllers/collection_participants_controller_rb.html
0	52	doc/app/app/controllers/collection_profile_controller_rb.html
0	52	doc/app/app/controllers/collections_controller_rb.html
0	52	doc/app/app/controllers/comments_controller_rb.html
0	52	doc/app/app/controllers/devmode_controller_rb.html
0	52	doc/app/app/controllers/downloads_controller_rb.html
0	52	doc/app/app/controllers/errors_controller_rb.html
0	52	doc/app/app/controllers/external_authors_controller_rb.html
0	52	doc/app/app/controllers/external_works_controller_rb.html
0	52	doc/app/app/controllers/fandoms_controller_rb.html
0	54	doc/app/app/controllers/feedbacks_controller_rb.html
0	52	doc/app/app/controllers/gifts_controller_rb.html
0	52	doc/app/app/controllers/home_controller_rb.html
0	52	doc/app/app/controllers/inbox_controller_rb.html
0	52	doc/app/app/controllers/invitations_controller_rb.html
0	52	doc/app/app/controllers/invite_requests_controller_rb.html
0	52	doc/app/app/controllers/known_issues_controller_rb.html
0	52	doc/app/app/controllers/kudos_controller_rb.html
0	52	doc/app/app/controllers/languages_controller_rb.html
0	52	doc/app/app/controllers/locales_controller_rb.html
0	52	doc/app/app/controllers/media_controller_rb.html
0	52	doc/app/app/controllers/orphans_controller_rb.html
0	52	doc/app/app/controllers/owned_tag_sets_controller_rb.html
0	55	doc/app/app/controllers/passwords_controller_rb.html
0	52	doc/app/app/controllers/people_controller_rb.html
0	52	doc/app/app/controllers/potential_matches_controller_rb.html
0	52	doc/app/app/controllers/preferences_controller_rb.html
0	52	doc/app/app/controllers/profile_controller_rb.html
0	52	doc/app/app/controllers/prompts_controller_rb.html
0	52	doc/app/app/controllers/pseuds_controller_rb.html
0	52	doc/app/app/controllers/readings_controller_rb.html
0	52	doc/app/app/controllers/redirect_controller_rb.html
0	52	doc/app/app/controllers/related_works_controller_rb.html
0	52	doc/app/app/controllers/search_controller_rb.html
0	52	doc/app/app/controllers/serial_works_controller_rb.html
0	52	doc/app/app/controllers/series_controller_rb.html
0	52	doc/app/app/controllers/skins_controller_rb.html
0	52	doc/app/app/controllers/static/base_controller_rb.html
0	52	doc/app/app/controllers/static/collections_controller_rb.html
0	52	doc/app/app/controllers/static/fandoms_controller_rb.html
0	52	doc/app/app/controllers/static/media_controller_rb.html
0	52	doc/app/app/controllers/static/restricted_works_controller_rb.html
0	52	doc/app/app/controllers/static/works_controller_rb.html
0	52	doc/app/app/controllers/stats_controller_rb.html
0	52	doc/app/app/controllers/subscriptions_controller_rb.html
0	52	doc/app/app/controllers/tag_nominations_controller_rb.html
0	52	doc/app/app/controllers/tag_set_associations_controller_rb.html
0	52	doc/app/app/controllers/tag_set_nominations_controller_rb.html
0	52	doc/app/app/controllers/tag_wranglers_controller_rb.html
0	52	doc/app/app/controllers/tag_wranglings_controller_rb.html
0	52	doc/app/app/controllers/tags_controller_rb.html
0	52	doc/app/app/controllers/translation_notes_controller_rb.html
0	52	doc/app/app/controllers/translations_controller_rb.html
0	52	doc/app/app/controllers/translators_controller_rb.html
0	52	doc/app/app/controllers/user_invite_requests_controller_rb.html
0	52	doc/app/app/controllers/user_sessions_controller_rb.html
0	52	doc/app/app/controllers/users_controller_rb.html
0	55	doc/app/app/controllers/works_controller_rb.html
0	52	doc/app/app/helpers/advanced_search_helper_rb.html
0	52	doc/app/app/helpers/alphabet_helper_rb.html
0	56	doc/app/app/helpers/application_helper_rb.html
0	52	doc/app/app/helpers/bookmarks_helper_rb.html
0	52	doc/app/app/helpers/cache_helper_rb.html
0	52	doc/app/app/helpers/challenge_helper_rb.html
0	52	doc/app/app/helpers/chapters_helper_rb.html
0	52	doc/app/app/helpers/collections_helper_rb.html
0	52	doc/app/app/helpers/comments_helper_rb.html
0	52	doc/app/app/helpers/date_helper_rb.html
0	52	doc/app/app/helpers/external_authors_helper_rb.html
0	52	doc/app/app/helpers/home_helper_rb.html
0	52	doc/app/app/helpers/inbox_helper_rb.html
0	52	doc/app/app/helpers/invitations_helper_rb.html
0	52	doc/app/app/helpers/orphans_helper_rb.html
0	52	doc/app/app/helpers/prompt_restrictions_helper_rb.html
0	52	doc/app/app/helpers/pseuds_helper_rb.html
0	52	doc/app/app/helpers/search_helper_rb.html
0	52	doc/app/app/helpers/series_helper_rb.html
0	52	doc/app/app/helpers/skins_helper_rb.html
0	52	doc/app/app/helpers/stats_helper_rb.html
0	52	doc/app/app/helpers/tag_sets_helper_rb.html
0	52	doc/app/app/helpers/tags_helper_rb.html
0	52	doc/app/app/helpers/translation_helper_rb.html
0	52	doc/app/app/helpers/user_invite_requests_helper_rb.html
0	52	doc/app/app/helpers/users_helper_rb.html
0	52	doc/app/app/helpers/validation_helper_rb.html
0	52	doc/app/app/helpers/works_helper_rb.html
565	0	doc/app/app/mailers/README.html
538	49	doc/app/app/mailers/admin_mailer_rb.html
538	49	doc/app/app/mailers/comment_mailer_rb.html
538	49	doc/app/app/mailers/kudo_mailer_rb.html
538	49	doc/app/app/mailers/user_mailer_rb.html
538	49	doc/app/app/models/abuse_report_rb.html
538	49	doc/app/app/models/admin_post_rb.html
538	49	doc/app/app/models/admin_post_tag_rb.html
538	49	doc/app/app/models/admin_post_tagging_rb.html
538	49	doc/app/app/models/admin_rb.html
538	49	doc/app/app/models/admin_session_rb.html
538	49	doc/app/app/models/admin_setting_rb.html
538	49	doc/app/app/models/archive_faq_rb.html
538	49	doc/app/app/models/banned_rb.html
538	49	doc/app/app/models/bookmark_rb.html
538	49	doc/app/app/models/cast_nomination_rb.html
538	49	doc/app/app/models/category_rb.html
538	49	doc/app/app/models/challenge/gift_exchange_rb.html
538	49	doc/app/app/models/challenge/prompt_meme_rb.html
538	49	doc/app/app/models/challenge_assignment_rb.html
538	49	doc/app/app/models/challenge_claim_rb.html
538	49	doc/app/app/models/challenge_signup_observer_rb.html
538	49	doc/app/app/models/challenge_signup_rb.html
538	52	doc/app/app/models/chapter_rb.html
538	49	doc/app/app/models/character_nomination_rb.html
538	49	doc/app/app/models/character_rb.html
538	49	doc/app/app/models/collection_item_rb.html
538	49	doc/app/app/models/collection_observer_rb.html
538	49	doc/app/app/models/collection_participant_rb.html
538	49	doc/app/app/models/collection_preference_rb.html
538	49	doc/app/app/models/collection_profile_rb.html
538	49	doc/app/app/models/collection_rb.html
538	49	doc/app/app/models/comment_observer_rb.html
538	49	doc/app/app/models/comment_rb.html
538	49	doc/app/app/models/common_tagging_rb.html
538	49	doc/app/app/models/creation_observer_rb.html
538	49	doc/app/app/models/creatorship_rb.html
538	49	doc/app/app/models/external_author_name_rb.html
538	49	doc/app/app/models/external_author_rb.html
538	49	doc/app/app/models/external_creatorship_rb.html
538	49	doc/app/app/models/external_work_rb.html
538	49	doc/app/app/models/fandom_nomination_rb.html
538	49	doc/app/app/models/fandom_rb.html
541	53	doc/app/app/models/feedback_rb.html
538	49	doc/app/app/models/filter_count_rb.html
541	53	doc/app/app/models/filter_tagging_rb.html
538	49	doc/app/app/models/freeform_nomination_rb.html
538	49	doc/app/app/models/freeform_rb.html
538	49	doc/app/app/models/gift_rb.html
538	49	doc/app/app/models/hit_counter_rb.html
538	49	doc/app/app/models/inbox_comment_rb.html
541	53	doc/app/app/models/invitation_rb.html
538	49	doc/app/app/models/invite_request_rb.html
538	49	doc/app/app/models/known_issue_rb.html
538	49	doc/app/app/models/kudo_observer_rb.html
538	49	doc/app/app/models/kudo_rb.html
538	49	doc/app/app/models/language_rb.html
538	49	doc/app/app/models/locale_rb.html
538	49	doc/app/app/models/log_item_rb.html
538	49	doc/app/app/models/media_rb.html
538	49	doc/app/app/models/meta_tagging_rb.html
538	49	doc/app/app/models/offer_rb.html
538	49	doc/app/app/models/owned_set_tagging_rb.html
538	49	doc/app/app/models/owned_tag_set_rb.html
538	49	doc/app/app/models/people_rb.html
538	49	doc/app/app/models/potential_match_rb.html
538	49	doc/app/app/models/potential_match_settings_rb.html
538	49	doc/app/app/models/potential_prompt_match_rb.html
538	49	doc/app/app/models/preference_rb.html
538	49	doc/app/app/models/profile_rb.html
538	49	doc/app/app/models/prompt_rb.html
538	49	doc/app/app/models/prompt_restriction_rb.html
538	49	doc/app/app/models/pseud_rb.html
538	49	doc/app/app/models/rating_rb.html
538	49	doc/app/app/models/reading_rb.html
538	49	doc/app/app/models/related_work_rb.html
538	49	doc/app/app/models/relationship_nomination_rb.html
538	49	doc/app/app/models/relationship_rb.html
538	49	doc/app/app/models/request_rb.html
543	55	doc/app/app/models/role_rb.html
538	49	doc/app/app/models/roles_user_rb.html
538	49	doc/app/app/models/serial_work_rb.html
538	49	doc/app/app/models/series_rb.html
538	49	doc/app/app/models/set_tagging_rb.html
538	49	doc/app/app/models/skin_parent_rb.html
538	51	doc/app/app/models/skin_rb.html
541	61	doc/app/app/models/story_parser_rb.html
538	49	doc/app/app/models/subscription_rb.html
538	49	doc/app/app/models/tag_nomination_rb.html
538	49	doc/app/app/models/tag_rb.html
538	49	doc/app/app/models/tag_set_association_rb.html
538	49	doc/app/app/models/tag_set_nomination_rb.html
538	49	doc/app/app/models/tag_set_ownership_rb.html
538	49	doc/app/app/models/tag_set_rb.html
538	49	doc/app/app/models/tagging_rb.html
538	49	doc/app/app/models/translation_note_rb.html
538	49	doc/app/app/models/user_invite_request_rb.html
538	49	doc/app/app/models/user_rb.html
538	49	doc/app/app/models/user_session_rb.html
538	49	doc/app/app/models/warning_rb.html
538	49	doc/app/app/models/work_observer_rb.html
538	49	doc/app/app/models/work_rb.html
538	49	doc/app/app/models/work_skin_rb.html
538	49	doc/app/app/models/wrangling_assignment_rb.html
538	49	doc/app/app/sweepers/challenge_signup_sweeper_rb.html
538	49	doc/app/app/sweepers/challenge_sweeper_rb.html
538	49	doc/app/app/sweepers/chapter_sweeper_rb.html
538	49	doc/app/app/sweepers/collection_sweeper_rb.html
538	49	doc/app/app/sweepers/comment_sweeper_rb.html
538	49	doc/app/app/sweepers/feed_sweeper_rb.html
538	49	doc/app/app/sweepers/pseud_sweeper_rb.html
538	49	doc/app/app/sweepers/static_sweeper_rb.html
538	49	doc/app/app/sweepers/tag_set_sweeper_rb.html
538	49	doc/app/app/sweepers/tag_sweeper_rb.html
538	49	doc/app/app/sweepers/work_sweeper_rb.html
538	51	doc/app/app/validators/email_veracity_validator_rb.html
538	53	doc/app/app/validators/url_active_validator_rb.html
540	52	doc/app/app/validators/url_format_validator_rb.html
543	0	doc/app/app/views/epub/mimetype.html
228	245	doc/app/created.rid
0	596	doc/app/doc/README_FOR_APP.html
-	-	doc/app/images/add.png
-	-	doc/app/images/delete.png
-	-	doc/app/images/tag_blue.png
-	-	doc/app/images/transparent.png
526	4472	doc/app/index.html
99	62	doc/app/js/darkfish.js
15	29	doc/app/js/jquery.js
142	0	doc/app/js/navigation.js
0	114	doc/app/js/quicksearch.js
94	0	doc/app/js/search.js
1	0	doc/app/js/search_index.js
228	0	doc/app/js/searcher.js
0	10	doc/app/js/thickbox-compressed.js
0	52	doc/app/lib/authlogic_helpers_for_mailers_rb.html
0	52	doc/app/lib/autocomplete_source_rb.html
0	56	doc/app/lib/better_named_route_error_messages_rb.html
0	52	doc/app/lib/challenge_core_rb.html
0	52	doc/app/lib/collectible_rb.html
0	57	doc/app/lib/css_cleaner_rb.html
0	52	doc/app/lib/find_random_rb.html
0	55	doc/app/lib/html_cleaner_rb.html
0	64	doc/app/lib/pagination_list_link_renderer_rb.html
0	56	doc/app/lib/query_rb.html
0	56	doc/app/lib/rails_attribute_methods_bug_fix_rb.html
0	55	doc/app/lib/redis_test_setup_rb.html
0	52	doc/app/lib/sortable_list_rb.html
0	52	doc/app/lib/taggable_rb.html
0	58	doc/app/lib/tasks/rawk_rb.html
0	52	doc/app/lib/translation_generator_rb.html
0	56	doc/app/lib/url_helpers_rb.html
0	52	doc/app/lib/xhtml_splitter_rb.html
310	473	doc/app/rdoc.css
4303	0	doc/app/table_of_contents.html

--d93c12c92--2011-11-18--Cristina
13	6	features/challenge_promptmeme.feature
2	0	features/step_definitions/challenge_steps.rb

--9d6038c46--2011-11-18--Enigel
0	1	features/skin.feature

--a0ee044be--2011-11-18--Enigel
4	1	features/skin.feature

--352301e30--2011-11-18--Rebecca
14	80	lib/html_cleaner.rb

--7f4746a0a--2011-11-07--Rebecca
4	0	lib/html_cleaner.rb
5	5	spec/lib/html_cleaner_spec.rb

--8202acfbb--2011-11-06--Rebecca
13	12	lib/html_cleaner.rb

--b588f8f56--2011-11-06--Rebecca
14	7	lib/html_cleaner.rb
27	7	spec/lib/html_cleaner_spec.rb

--52e5d4e34--2011-11-06--Rebecca
20	20	lib/html_cleaner.rb
11	11	spec/lib/html_cleaner_spec.rb

--37dae0607--2011-11-06--Rebecca
5	7	lib/html_cleaner.rb
7	8	spec/lib/html_cleaner_spec.rb

--9666b6ce8--2011-11-05--Rebecca
3	1	lib/html_cleaner.rb

--bccc9f94a--2011-11-04--Rebecca
32	0	lib/html_cleaner.rb
42	3	spec/lib/html_cleaner_spec.rb

--ecc3b877e--2011-11-02--Rebecca
10	3	spec/lib/html_cleaner_spec.rb

--6ab719010--2011-10-31--Rebecca
1	1	lib/html_cleaner.rb
10	2	spec/lib/html_cleaner_spec.rb

--97da1a4dd--2011-10-27--Rebecca
41	24	lib/html_cleaner.rb
38	27	spec/lib/html_cleaner_spec.rb

--40ddd825b--2011-10-27--Rebecca
67	59	lib/html_cleaner.rb
36	16	spec/lib/html_cleaner_spec.rb

--dd9157963--2011-10-27--Rebecca
8	3	lib/html_cleaner.rb
25	0	spec/lib/html_cleaner_spec.rb

--42ef5c3f5--2011-10-27--Rebecca
7	102	features/parser.feature
25	9	lib/html_cleaner.rb
49	8	spec/lib/html_cleaner_spec.rb

--fb65d2ba7--2011-10-27--Rebecca
29	25	lib/html_cleaner.rb
16	7	spec/lib/html_cleaner_spec.rb

--f0b4e1c29--2011-10-27--Rebecca
89	29	lib/html_cleaner.rb
0	43	lib/html_cleaner.xsl
60	4	spec/lib/html_cleaner_spec.rb

--d0fbadd10--2011-10-21--Rebecca
55	5	lib/html_cleaner.rb
27	5	spec/lib/html_cleaner_spec.rb

--38a3773ee--2011-10-17--Rebecca
13	1	lib/html_cleaner.rb
43	0	lib/html_cleaner.xsl
112	11	spec/lib/html_cleaner_spec.rb
1	1	spec/models/user_spec.rb

--89c3a337f--2011-10-16--Rebecca
1	0	lib/html_cleaner.rb
113	0	spec/lib/html_cleaner_spec.rb
12	0	spec/models/user_spec.rb