--09e15d73d--2011-07-06--elz
--63db6fecd--2011-07-06--elz
--01b217610--2011-06-29--Cesy
0	3	app/controllers/works_controller.rb
1	2	app/models/collection_item.rb
1	4	features/challenge_promptmeme.feature

--66dede684--2011-06-29--Cesy
4	4	app/views/challenge/prompt_meme/_challenge_signups.html.erb

--069a9d234--2011-06-29--Cesy
20	2	features/challenge_promptmeme.feature
2	0	features/support/paths.rb

--39323cb8b--2011-06-29--Cesy
6	0	app/models/prompt.rb
50	3	features/challenge_promptmeme.feature
6	0	features/step_definitions/challenge_steps.rb
2	0	features/support/paths.rb

--95a2d8405--2011-06-29--Cesy
3	1	app/controllers/prompts_controller.rb
1	1	app/views/challenge/prompt_meme/_challenge_signups.html.erb
2	0	features/challenge_promptmeme.feature

--a61c63fd0--2011-06-26--Cesy
1	1	features/series.feature

--336d78dd5--2011-06-24--Cesy
8	0	features/series.feature

--2c673b984--2011-06-26--pixel
--9c072e791--2011-06-26--pixel
--0e48ff4b5--2011-06-26--Cesy
2	0	app/sweepers/challenge_signup_sweeper.rb
4	4	app/views/challenge/prompt_meme/_challenge_requests.html.erb

--0ce759b1d--2011-06-22--elz