--88ff590a3--2016-10-27--zz9pzza
--6b17444bf--2016-10-27--zz9pzza
4	4	features/other_a/invite_request.feature

--28b77d243--2016-10-26--sarken
--26ab9c246--2016-10-26--zz9pzza
2	2	features/collections/collection_navigation.feature
2	2	features/other_b/fandoms.feature
0	4	features/step_definitions/collection_steps.rb
0	4	features/step_definitions/tag_steps.rb

--19da3152c--2016-10-26--zz9pzza
0	6	features/step_definitions/user_steps.rb

--b03e23d0c--2016-10-25--zz9pzza
12	0	features/other_a/invite_request.feature
3	3	features/step_definitions/invite_steps.rb

--5eb3be48f--2016-10-25--zz9pzza
2	2	features/step_definitions/invite_steps.rb

--bc6357b8c--2016-10-25--zz9pzza
2	2	features/other_b/fandoms.feature

--15b0cb2ce--2016-10-25--zz9pzza
0	25	features/other_a/invite_request.feature

--bb7713b9f--2016-10-25--zz9pzza
23	0	features/other_b/fandoms.feature
4	0	features/step_definitions/tag_steps.rb
2	0	features/support/paths.rb

--dc1b03985--2016-10-25--zz9pzza
8	8	app/controllers/fandoms_controller.rb

--6add70ab7--2016-10-25--zz9pzza
9	0	app/controllers/fandoms_controller.rb
30	0	app/views/fandoms/show.html.erb

--1304784ec--2016-10-25--zz9pzza
0	9	app/controllers/fandoms_controller.rb
0	30	app/views/fandoms/show.html.erb

--39a9a90ef--2016-10-25--zz9pzza
17	1	features/collections/collection_navigation.feature
4	0	features/step_definitions/collection_steps.rb