--fdecc601b--2014-11-06--james_
--fc2934deb--2014-11-01--Scott D. Sullivan
--1b9e63932--2014-11-01--james_
2	2	features/gift_exchanges/challenge_giftexchange.feature

--6723de091--2014-11-01--zz9pzza
--e109d052a--2014-11-01--sarken
5	6	app/views/bookmarks/_bookmark_user_module.html.erb

--da4c2881f--2014-11-01--sarken
32	32	app/views/bookmarks/_bookmark_user_module.html.erb

--afc559aee--2014-11-01--sarken
37	36	app/views/bookmarks/_bookmark_user_module.html.erb

--d973aaa8f--2014-10-31--sarken
2	2	features/cassette_library/cucumber_tags/bookmark_fandom_error.yml
2	2	features/cassette_library/cucumber_tags/bookmark_url_error.yml

--db20813a7--2014-10-31--sarken
1	1	app/views/bookmarks/_bookmark_user_module.html.erb

--00bdf9eda--2014-10-31--sarken
1	1	app/views/bookmarks/_bookmark_user_module.html.erb

--17a88fb87--2014-10-31--sarken
35	36	app/views/bookmarks/_bookmark_user_module.html.erb

--bc05f4912--2014-10-31--sarken
1	1	app/views/bookmarks/_bookmark_user_module.html.erb
1	1	app/views/collections/_collection_blurb.html.erb

--a952356bb--2014-10-31--zz9pzza
--08dd8c7a3--2014-10-30--Enigel
1	1	README.md

--402bbe048--2014-10-29--Cristina
--35a5d4a3b--2014-10-29--sarken
1	1	app/views/works/_work_module.html.erb

--8be49cf4e--2014-10-05--james_
3	3	features/other/admin_tasks.feature

--4367bd513--2014-10-05--james_
1	1	app/views/preferences/index.html.erb

--34fe64dd1--2014-10-04--james_
1	2	app/controllers/archive_faqs_controller.rb

--da94fdfec--2014-10-04--james_
6	1	app/controllers/archive_faqs_controller.rb

--89d803782--2014-10-04--james_
1	0	app/controllers/preferences_controller.rb
4	2	app/views/locales/index.html.erb
13	1	app/views/preferences/index.html.erb
5	0	db/migrate/20141004123421_add_locale_to_preferences.rb
10	0	public/help/locale-preferences.html

--756b9c77d--2014-10-03--james_
1	1	app/models/locale.rb

--c6668ccdf--2014-10-03--james_
1	3	app/models/locale.rb
4	0	app/views/locales/edit.html.erb
3	1	app/views/locales/index.html.erb
7	0	app/views/locales/new.html.erb
5	0	db/migrate/20141003204623_add_interface_enabled_to_locale.rb
5	0	db/migrate/20141003205439_add_email_enabled_to_locale.rb
3	0	features/other/admin_tasks.feature