--562af7a6a2d--2012-09-06--Alex Denisov
--a65ce748430--2012-09-06--Alex Denisov
1	1	spec/mailers/notify_spec.rb

--09a86bd4d6d--2012-09-06--Alex Denisov
4	4	app/assets/stylesheets/main.scss
1	1	app/helpers/gitlab_markdown_helper.rb
4	4	app/mailers/notify.rb
1	1	app/views/errors/gitolite.html.haml
1	1	app/views/help/index.html.haml
3	3	app/views/help/markdown.html.haml
2	2	app/views/help/ssh.html.haml
1	1	app/views/help/system_hooks.html.haml
2	2	app/views/help/web_hooks.html.haml
1	1	app/views/help/workflow.html.haml
1	1	app/views/hooks/_data_ex.html.erb
1	1	app/views/issues/_form.html.haml
1	1	app/views/keys/index.html.haml
2	2	app/views/layouts/notify.html.haml
1	1	app/views/milestones/_form.html.haml
1	1	app/views/notes/_form.html.haml
1	1	app/views/notify/new_user_email.html.haml
1	1	app/views/wikis/_form.html.haml
2	2	doc/api/README.md
1	1	doc/installation.md
1	1	lib/gitlab/backend/gitolite.rb
1	1	lib/gitlab/markdown.rb
1	1	lib/hooks/post-receive
1	1	lib/tasks/gitlab/write_hook.rake

--e4447de23fa--2012-09-06--Dmitriy Zaporozhets
29	1	features/projects/issues/issues.feature
21	0	features/step_definitions/common_steps.rb
4	16	features/step_definitions/dashboard_steps.rb
0	12	features/step_definitions/profile/profile_steps.rb
0	12	features/step_definitions/project/browse_code_steps.rb
1	25	features/step_definitions/project/project_commits_steps.rb
12	12	features/step_definitions/project/project_issues_steps.rb
3	12	features/step_definitions/project/project_merge_requests_steps.rb
0	5	features/step_definitions/project/project_milestones_steps.rb
2	10	features/step_definitions/project/project_team_steps.rb
0	4	features/step_definitions/project/project_wiki_steps.rb
0	10	features/step_definitions/project/projects_steps.rb
91	0	features/step_definitions/visit_steps.rb

--21bfd1e7fc9--2012-09-05--Dmitriy Zaporozhets
1	1	app/assets/stylesheets/gitlab_bootstrap/files.scss
2	2	app/assets/stylesheets/sections/header.scss
12	12	app/assets/stylesheets/sections/nav.scss

--19a52197462--2012-09-05--Dmitriy Zaporozhets
--0b559cdece7--2012-09-05--Nihad Abbasov
2	0	app/models/project.rb
1	1	app/roles/issue_commonality.rb
1	0	spec/models/issue_spec.rb
1	0	spec/models/milestone_spec.rb
6	2	spec/models/project_spec.rb

--2680371785b--2012-09-05--Nihad Abbasov
1	1	Gemfile.lock

--982a4095c19--2012-09-05--Dmitriy Zaporozhets
7	19	app/assets/stylesheets/gitlab_bootstrap/buttons.scss
7	0	app/assets/stylesheets/main.scss
8	3	app/views/deploy_keys/_form.html.haml
10	4	app/views/deploy_keys/index.html.haml
1	1	app/views/deploy_keys/new.html.haml
10	3	app/views/deploy_keys/show.html.haml
1	1	app/views/keys/show.html.haml
1	1	app/views/team_members/show.html.haml