--0c599047153--2012-09-02--Sytse Sijbrandij
--b80dd3d2422--2012-09-02--Sytse Sijbrandij
0	3	.rails_footnotes
24	0	CHANGELOG
6	4	Gemfile
12	11	Gemfile.lock
1	0	README.md
1	1	VERSION
-	-	app/assets/images/file_dir.png
-	-	app/assets/images/merge.png
21	1	app/assets/javascripts/application.js
2	0	app/assets/javascripts/issues.js
137	124	app/assets/javascripts/note.js
3	1	app/assets/javascripts/projects.js
122	212	app/assets/stylesheets/common.scss
0	818	app/assets/stylesheets/gitlab_bootstrap.scss
145	0	app/assets/stylesheets/gitlab_bootstrap/blocks.scss
105	0	app/assets/stylesheets/gitlab_bootstrap/buttons.scss
52	0	app/assets/stylesheets/gitlab_bootstrap/common.scss
156	0	app/assets/stylesheets/gitlab_bootstrap/files.scss
30	0	app/assets/stylesheets/gitlab_bootstrap/lists.scss
41	0	app/assets/stylesheets/gitlab_bootstrap/tables.scss
71	0	app/assets/stylesheets/gitlab_bootstrap/typography.scss
24	21	app/assets/stylesheets/main.scss
0	385	app/assets/stylesheets/projects.css.scss
1	3	app/assets/stylesheets/ref_select.scss
20	0	app/assets/stylesheets/sections/commits.scss
1	5	app/assets/stylesheets/sections/graph.scss
13	0	app/assets/stylesheets/sections/issues.scss
40	17	app/assets/stylesheets/sections/merge_requests.scss
3	7	app/assets/stylesheets/sections/nav.scss
43	30	app/assets/stylesheets/sections/notes.scss
64	11	app/assets/stylesheets/sections/projects.scss
1	5	app/assets/stylesheets/sections/tree.scss
8	0	app/assets/stylesheets/themes/ui_mars.scss
4	4	app/contexts/merge_requests_load.rb
4	0	app/controllers/application_controller.rb
11	5	app/controllers/issues_controller.rb
25	0	app/controllers/labels_controller.rb
2	0	app/controllers/merge_requests_controller.rb
2	2	app/controllers/milestones_controller.rb
1	2	app/controllers/omniauth_callbacks_controller.rb
1	0	app/controllers/team_members_controller.rb
1	1	app/decorators/application_decorator.rb
19	7	app/helpers/application_helper.rb
39	15	app/helpers/gitlab_markdown_helper.rb
60	17	app/mailers/notify.rb
7	1	app/models/key.rb
5	2	app/models/merge_request.rb
3	11	app/models/milestone.rb
5	5	app/models/project.rb
3	1	app/models/protected_branch.rb
23	11	app/models/user.rb
3	3	app/models/users_project.rb
10	2	app/observers/issue_observer.rb
5	2	app/observers/key_observer.rb
9	0	app/observers/users_project_observer.rb
5	0	app/roles/git_host.rb
0	2	app/roles/git_merge.rb
1	1	app/roles/{project_push.rb => push_observer.rb}
9	22	app/roles/repository.rb
0	18	app/roles/ssh_key.rb
5	3	app/views/admin/dashboard/index.html.haml
1	1	app/views/admin/hooks/index.html.haml
10	10	app/views/admin/projects/_form.html.haml
29	0	app/views/admin/projects/_new_form.html.haml
2	2	app/views/admin/projects/index.html.haml
12	3	app/views/admin/projects/new.html.haml
65	57	app/views/admin/users/_form.html.haml
1	1	app/views/admin/users/edit.html.haml
2	2	app/views/admin/users/index.html.haml
2	2	app/views/admin/users/new.html.haml
2	2	app/views/commits/_commit.html.haml
1	1	app/views/commits/compare.html.haml
2	8	app/views/commits/show.html.haml
12	16	app/views/dashboard/index.html.haml
2	4	app/views/errors/gitolite.html.haml
3	0	app/views/errors/invalid_ssh_key.html.haml
1	1	app/views/events/_event_last_push.html.haml
22	0	app/views/help/api.html.haml
3	0	app/views/help/index.html.haml
97	17	app/views/help/markdown.html.haml
2	2	app/views/help/permissions.html.haml
25	0	app/views/help/ssh.html.haml
2	2	app/views/help/system_hooks.html.haml
4	4	app/views/help/web_hooks.html.haml
6	7	app/views/help/workflow.html.haml
1	1	app/views/hooks/_data_ex.html.erb
1	1	app/views/hooks/index.html.haml
7	6	app/views/issues/_form.html.haml
3	0	app/views/issues/_head.html.haml
1	1	app/views/issues/index.html.haml
9	3	app/views/keys/_form.html.haml
1	1	app/views/keys/index.html.haml
1	1	app/views/keys/new.html.haml
4	0	app/views/labels/_label.html.haml
14	0	app/views/labels/index.html.haml
10	9	app/views/merge_requests/_form.html.haml
9	9	app/views/merge_requests/index.html.haml
5	6	app/views/merge_requests/show/_how_to_merge.html.haml
2	2	app/views/merge_requests/show/_mr_title.html.haml
6	10	app/views/milestones/_form.html.haml
4	4	app/views/milestones/index.html.haml
6	3	app/views/notes/_create_common.js.haml
1	1	app/views/notes/_create_line.js.haml
35	34	app/views/notes/_form.html.haml
26	25	app/views/notes/_per_line_form.html.haml
16	0	app/views/notify/issue_status_changed_email.html.haml
14	0	app/views/notify/project_access_granted_email.html.haml
1	1	app/views/profile/password.html.haml
5	4	app/views/profile/show.html.haml
21	0	app/views/projects/_clone_panel.html.haml
7	6	app/views/projects/_form.html.haml
3	3	app/views/projects/_new_form.html.haml
45	41	app/views/projects/empty.html.haml
3	3	app/views/projects/new.html.haml
3	26	app/views/projects/show.html.haml
1	1	app/views/refs/_tree_item.html.haml
2	2	app/views/search/show.html.haml
8	0	app/views/shared/_no_ssh.html.haml
1	1	app/views/team_members/_show.html.haml
1	1	app/views/team_members/show.html.haml
5	4	app/views/wikis/_form.html.haml
1	1	config/application.rb
0	2	config/environment.rb
7	7	config/gitlab.yml.example
8	0	config/initializers/1_settings.rb
5	0	config/initializers/5_backend.rb
0	3	config/initializers/rails_footnotes.rb
3	0	config/routes.rb
22	14	db/fixtures/test/001_repo.rb
8	0	db/migrate/20120729131232_add_extern_auth_provider_to_users.rb
0	3	db/pkey.example
4	1	db/schema.rb
2	0	doc/api/README.md
57	0	doc/api/milestones.md
0	102	doc/api/projects.md
100	0	doc/api/snippets.md
45	0	doc/development.md
14	89	doc/installation.md
2	2	features/profile/ssh_keys.feature
13	0	features/projects/issues/labels.feature
1	3	features/projects/network.feature
6	18	features/step_definitions/dashboard_steps.rb
1	1	features/step_definitions/profile/profile_keys_steps.rb
20	1	features/step_definitions/project/project_issues_steps.rb
8	3	features/step_definitions/project/projects_steps.rb
18	5	features/support/env.rb
75	0	gitlab
1	0	lib/api.rb
2	3	lib/api/issues.rb
80	0	lib/api/milestones.rb
78	33	lib/gitlab/{ => backend}/gitolite.rb
5	5	{config/initializers => lib/gitlab/backend}/grack_auth.rb
0	17	lib/gitlab/git_host.rb
14	5	lib/gitlab/markdown.rb
0	0	lib/{post-receive-hook => hooks/post-receive}
54	0	lib/support/init-gitlab
33	0	lib/support/nginx-gitlab
26	0	lib/tasks/bulk_add_permission.rake
1	2	lib/tasks/gitlab/backup.rake
1	3	lib/tasks/gitlab/enable_automerge.rake
1	1	lib/tasks/gitlab/gitolite_rebuild.rake
5	1	lib/tasks/gitlab/setup.rake
15	7	lib/tasks/gitlab/status.rake
0	19	lib/tasks/gitlab/update_hooks.rake
23	0	lib/tasks/gitlab/write_hook.rake
2	1	resque_dev.sh
113	75	spec/factories.rb
91	0	spec/factories_spec.rb
0	29	spec/factory.rb
26	0	spec/helpers/application_helper_spec.rb
2	2	spec/helpers/gitlab_flavored_markdown_spec.rb
46	3	spec/mailers/notify_spec.rb
1	26	spec/models/event_spec.rb
7	84	spec/models/issue_spec.rb
10	26	spec/models/key_spec.rb
3	78	spec/models/merge_request_spec.rb
20	28	spec/models/milestone_spec.rb
10	29	spec/models/note_spec.rb
40	30	spec/models/project_spec.rb
9	22	spec/models/protected_branch_spec.rb
9	17	spec/models/snippet_spec.rb
5	6	spec/models/system_hook_spec.rb
19	50	spec/models/user_spec.rb
4	12	spec/models/users_project_spec.rb
0	11	spec/models/web_hook_spec.rb
2	16	spec/models/wiki_spec.rb
0	51	spec/monkeypatch.rb
0	0	spec/{models => observers}/activity_observer_spec.rb
62	7	spec/{models => observers}/issue_observer_spec.rb
34	0	spec/observers/key_observer_spec.rb
0	0	spec/{models => observers}/user_observer_spec.rb
40	0	spec/observers/users_project_observer_spec.rb
1	1	spec/requests/admin/admin_projects_spec.rb
15	9	spec/requests/admin/security_spec.rb
10	9	spec/{ => requests}/api/issues_spec.rb
47	0	spec/requests/api/milestones_spec.rb
18	19	spec/{ => requests}/api/projects_spec.rb
6	4	spec/{ => requests}/api/users_spec.rb
2	6	spec/requests/atom/dashboard_issues_spec.rb
4	4	spec/requests/projects_deploy_keys_spec.rb
18	12	spec/requests/security/profile_access_spec.rb
131	99	spec/requests/security/project_access_spec.rb
69	0	spec/roles/issue_commonality_spec.rb
27	0	spec/roles/upvote_spec.rb
12	33	spec/spec_helper.rb
0	7	spec/support/api.rb
34	0	spec/support/api_helpers.rb
18	0	spec/support/db_cleaner.rb
35	0	spec/support/gitolite_stub.rb
0	6	spec/support/js_patch.rb
0	30	spec/support/login.rb
23	0	spec/support/login_helpers.rb
24	0	spec/support/matchers.rb
0	16	spec/support/shared_examples.rb
31	0	spec/support/stubbed_repository.rb

--eae41ad1df3--2012-08-26--Sytse Sijbrandij
2	1	doc/debian_ubuntu.sh
35	35	doc/installation.md
125	0	lib/support/aws/debian_ubuntu_aws.sh

--aecbd313bc2--2012-09-02--Dmitriy Zaporozhets
1	1	app/helpers/gitlab_markdown_helper.rb

--beb5e1bd6b6--2012-09-01--Dmitriy Zaporozhets
6	1	app/assets/stylesheets/sections/notes.scss
1	1	app/helpers/gitlab_markdown_helper.rb
1	1	app/views/notes/_per_line_form.html.haml

--adeeae9f73c--2012-09-01--Dmitriy Zaporozhets
5	0	app/assets/stylesheets/sections/issues.scss
2	2	app/assets/stylesheets/sections/nav.scss

--ed954ebae24--2012-08-31--Dmitriy Zaporozhets
--65abd8b20ab--2012-08-31--Dmitriy Zaporozhets
3	5	app/views/admin/projects/_form.html.haml

--ed8912507dd--2012-08-30--Dmitriy Zaporozhets
1	1	Gemfile
2	2	Gemfile.lock

--c80581e49bc--2012-08-30--Dmitriy Zaporozhets
14	0	CHANGELOG
1	1	VERSION

--5e510ada7a4--2012-08-30--Dmitriy Zaporozhets
2	0	app/assets/javascripts/issues.js
1	0	app/views/merge_requests/_form.html.haml
1	0	app/views/milestones/_form.html.haml

--b9ff0c79b49--2012-08-30--Dmitriy Zaporozhets
3	1	app/assets/javascripts/projects.js
2	2	app/assets/stylesheets/common.scss
11	0	app/assets/stylesheets/sections/projects.scss
4	4	app/contexts/merge_requests_load.rb
4	4	app/controllers/issues_controller.rb
2	2	app/controllers/milestones_controller.rb
7	5	app/views/admin/projects/_form.html.haml
29	0	app/views/admin/projects/_new_form.html.haml
12	3	app/views/admin/projects/new.html.haml
8	8	app/views/merge_requests/index.html.haml
4	9	app/views/milestones/_form.html.haml
4	4	app/views/milestones/index.html.haml
1	1	app/views/projects/_new_form.html.haml
3	3	app/views/projects/new.html.haml
2	2	app/views/wikis/_form.html.haml

--4a6596af274--2012-08-30--Dmitriy Zaporozhets
1	0	README.md
20	0	app/assets/javascripts/application.js
137	137	app/assets/javascripts/note.js
1	1	app/assets/stylesheets/sections/notes.scss
2	8	app/views/commits/show.html.haml
6	5	app/views/notes/_create_common.js.haml
1	1	app/views/notes/_create_line.js.haml
34	33	app/views/notes/_form.html.haml
26	25	app/views/notes/_per_line_form.html.haml
45	0	doc/development.md
6	1	gitlab
2	1	resque_dev.sh

--92137b7bebb--2012-08-30--Dmitriy Zaporozhets
1	0	app/assets/stylesheets/sections/merge_requests.scss
7	1	app/controllers/issues_controller.rb
3	3	app/views/admin/users/_form.html.haml
1	1	app/views/issues/index.html.haml
1	1	app/views/keys/index.html.haml
1	1	app/views/merge_requests/index.html.haml
1	1	app/views/refs/_tree_item.html.haml

--d246a68a242--2012-08-30--Dmitriy Zaporozhets
1	1	app/models/project.rb
1	1	spec/models/project_spec.rb

--cd3d50caf26--2012-08-30--Dmitriy Zaporozhets
3	1	app/assets/javascripts/note.js
26	9	app/assets/stylesheets/gitlab_bootstrap/buttons.scss
34	30	app/assets/stylesheets/sections/notes.scss
1	1	app/views/commits/compare.html.haml
3	3	app/views/notes/_form.html.haml
21	0	app/views/projects/_clone_panel.html.haml
21	0	app/views/projects/empty.html.haml
3	24	app/views/projects/show.html.haml
1	1	app/views/search/show.html.haml

--5b88c1e34cf--2012-08-30--Dmitriy Zaporozhets
--a6026c9c823--2012-08-30--Dmitriy Zaporozhets
70	0	gitlab

--4e474028526--2012-08-30--Dmitriy Zaporozhets
4	4	app/assets/stylesheets/gitlab_bootstrap/buttons.scss
6	6	app/assets/stylesheets/gitlab_bootstrap/typography.scss
6	6	app/assets/stylesheets/main.scss
4	4	app/models/project.rb

--793db070f0f--2012-08-30--Dmitriy Zaporozhets
27	1	app/assets/stylesheets/sections/projects.scss
12	3	app/helpers/application_helper.rb
10	7	app/views/dashboard/index.html.haml

--491f63794b4--2012-08-29--Marvin Monge
3	2	doc/installation.md

--51558bd57a7--2012-08-29--Dmitriy Zaporozhets
-	-	app/assets/images/merge.png
2	173	app/assets/stylesheets/common.scss
16	0	app/assets/stylesheets/gitlab_bootstrap/buttons.scss
1	0	app/assets/stylesheets/gitlab_bootstrap/common.scss
15	0	app/assets/stylesheets/sections/commits.scss
8	0	app/assets/stylesheets/sections/issues.scss
28	17	app/assets/stylesheets/sections/merge_requests.scss
4	1	app/assets/stylesheets/sections/projects.scss
2	2	app/views/commits/_commit.html.haml
1	1	app/views/events/_event_last_push.html.haml
6	5	app/views/issues/_form.html.haml
9	9	app/views/merge_requests/_form.html.haml
7	6	app/views/projects/_form.html.haml
2	2	app/views/projects/_new_form.html.haml

--1dd938d20cb--2012-08-29--Dmitriy Zaporozhets
115	44	app/assets/stylesheets/common.scss
0	817	app/assets/stylesheets/gitlab_bootstrap.scss
145	0	app/assets/stylesheets/gitlab_bootstrap/blocks.scss
72	0	app/assets/stylesheets/gitlab_bootstrap/buttons.scss
51	0	app/assets/stylesheets/gitlab_bootstrap/common.scss
156	0	app/assets/stylesheets/gitlab_bootstrap/files.scss
30	0	app/assets/stylesheets/gitlab_bootstrap/lists.scss
41	0	app/assets/stylesheets/gitlab_bootstrap/tables.scss
71	0	app/assets/stylesheets/gitlab_bootstrap/typography.scss
14	17	app/assets/stylesheets/main.scss
0	385	app/assets/stylesheets/projects.css.scss
5	0	app/assets/stylesheets/sections/commits.scss
11	0	app/assets/stylesheets/sections/merge_requests.scss
2	2	app/views/keys/_form.html.haml
2	2	app/views/merge_requests/show/_mr_title.html.haml
1	1	app/views/profile/password.html.haml
1	1	app/views/profile/show.html.haml

--35fbc4d3bbe--2012-08-29--Dmitriy Zaporozhets
--5b0a998920d--2012-08-29--Dmitriy Zaporozhets
--dde8ed44553--2012-08-29--Robert Speicher
1	1	spec/requests/api/issues_spec.rb
6	5	spec/{ => requests}/api/milestones_spec.rb

--97423a0bed1--2012-08-29--Robert Speicher
11	2	spec/factories.rb
1	0	spec/models/event_spec.rb
1	11	spec/models/issue_spec.rb
4	1	spec/models/key_spec.rb
0	14	spec/models/merge_request_spec.rb
2	0	spec/models/note_spec.rb
38	7	spec/models/project_spec.rb
9	11	spec/models/protected_branch_spec.rb
9	2	spec/models/snippet_spec.rb
15	2	spec/models/user_spec.rb
4	0	spec/models/users_project_spec.rb
2	0	spec/models/wiki_spec.rb

--8c44789e6fc--2012-08-29--Dmitriy Zaporozhets
1	0	spec/api/milestones_spec.rb
1	1	spec/requests/api/issues_spec.rb

--2bdea8651fa--2012-08-29--Robert Speicher
14	0	spec/support/matchers.rb

--9e7d77cece0--2012-08-29--Robert Speicher
0	16	spec/models/event_spec.rb
0	19	spec/models/issue_spec.rb
0	14	spec/models/key_spec.rb
0	20	spec/models/merge_request_spec.rb
0	14	spec/models/milestone_spec.rb
0	16	spec/models/note_spec.rb
0	20	spec/models/project_spec.rb
0	11	spec/models/protected_branch_spec.rb
0	15	spec/models/snippet_spec.rb
0	30	spec/models/user_spec.rb
0	12	spec/models/users_project_spec.rb
0	11	spec/models/web_hook_spec.rb
0	14	spec/models/wiki_spec.rb

--9d4d40deed5--2012-08-29--Robert Speicher
5	34	spec/models/issue_spec.rb
3	32	spec/models/merge_request_spec.rb
69	0	spec/roles/issue_commonality_spec.rb
27	0	spec/roles/upvote_spec.rb

--14daf2e2ba9--2012-08-29--Robert Speicher
10	0	spec/support/matchers.rb

--2c95074a5fa--2012-08-29--Robert Speicher
0	10	spec/models/event_spec.rb
0	2	spec/models/wiki_spec.rb

--2703fe3e72f--2012-08-29--Alex Denisov
--05af5655a7e--2012-08-29--Alex Denisov
--43cad71f1ad--2012-08-29--Alex Denisov
6	10	app/observers/issue_observer.rb

--2cb0a62f7d0--2012-08-29--Alex Denisov
14	2	app/observers/issue_observer.rb
62	7	spec/observers/issue_observer_spec.rb

--4d65532158f--2012-08-29--Alex Denisov
8	0	app/mailers/notify.rb
16	0	app/views/notify/issue_status_changed_email.html.haml
23	0	spec/mailers/notify_spec.rb

--8da05a4ff7c--2012-08-28--Dmitriy Zaporozhets
--1dda08486b7--2012-08-29--Robert Speicher
3	17	spec/support/stubbed_repository.rb

--e5adca1b813--2012-08-29--Dmitriy Zaporozhets
11	0	app/assets/javascripts/note.js
5	4	app/views/notes/_form.html.haml

--b9b63fc3627--2012-08-29--Dmitriy Zaporozhets
--8a49cdc3b44--2012-08-29--Robert Speicher
10	0	app/views/help/api.html.haml
1	0	doc/api/README.md
1	1	doc/api/milestones.md
2	3	lib/api/milestones.rb

--8d192adb382--2012-08-29--Dmitriy Zaporozhets
--14f5d1727aa--2012-08-29--Dmitriy Zaporozhets
--24580601201--2012-08-29--Nihad Abbasov
57	0	doc/api/milestones.md

--adc71b6a6ae--2012-08-29--Dmitriy Zaporozhets
3	1	app/models/key.rb
2	2	features/profile/ssh_keys.feature
1	1	features/step_definitions/profile/profile_keys_steps.rb
4	4	spec/requests/projects_deploy_keys_spec.rb

--5afb16e4965--2012-08-29--Dmitriy Zaporozhets
1	0	app/models/key.rb
1	1	spec/factories.rb

--39ff033d1ab--2012-08-28--Robert Speicher
0	3	db/pkey.example
7	1	spec/factories.rb

--a3a63eeb92f--2012-08-28--Robert Speicher
22	14	db/fixtures/test/001_repo.rb
2	6	features/step_definitions/dashboard_steps.rb
1	1	spec/models/project_spec.rb
1	1	spec/requests/admin/admin_projects_spec.rb
2	6	spec/requests/atom/dashboard_issues_spec.rb
2	2	spec/support/stubbed_repository.rb

--a39cfb54616--2012-08-28--Robert Speicher
7	22	spec/support/stubbed_repository.rb

--77d06454ede--2012-08-28--Robert Speicher
9	28	spec/models/issue_spec.rb
6	11	spec/models/key_spec.rb
6	18	spec/models/merge_request_spec.rb
2	5	spec/models/milestone_spec.rb
8	13	spec/models/note_spec.rb
6	20	spec/models/user_spec.rb

--0bc90940585--2012-08-28--Robert Speicher
8	0	spec/factories.rb
8	0	spec/factories_spec.rb

--c9c1f76e002--2012-08-28--Robert Speicher
4	2	features/support/env.rb
107	0	spec/factories.rb
83	0	spec/factories_spec.rb
2	2	spec/helpers/gitlab_flavored_markdown_spec.rb
5	6	spec/models/system_hook_spec.rb
1	0	spec/spec_helper.rb
0	21	spec/support/monkeypatch.rb
60	0	spec/support/stubbed_repository.rb

--4805c64f2a9--2012-08-28--Robert Speicher
0	1	features/support/env.rb
0	97	spec/factories.rb
0	29	spec/factory.rb
0	1	spec/spec_helper.rb

--a04b919a4c5--2012-08-28--Robert Speicher
1	0	Gemfile
6	0	Gemfile.lock

--b03ee4666bc--2012-08-29--Dmitriy Zaporozhets
4	0	app/controllers/application_controller.rb
3	0	app/views/errors/invalid_ssh_key.html.haml
7	2	lib/gitlab/backend/gitolite.rb

--c48c0f95b27--2012-08-29--Dmitriy Zaporozhets
41	39	lib/gitlab/backend/gitolite.rb

--e8e8ca940bd--2012-08-29--Dmitriy Zaporozhets
1	1	lib/gitlab/backend/gitolite.rb

--d6b2b4f0695--2012-08-29--Dmitriy Zaporozhets
5	5	lib/gitlab/backend/gitolite.rb

--5d88cdd9b82--2012-08-29--Dmitriy Zaporozhets
--7cdc5b9e043--2012-08-29--Dmitriy Zaporozhets
4	1	app/models/key.rb
3	1	app/models/protected_branch.rb
3	3	app/models/users_project.rb
5	2	app/observers/key_observer.rb
5	0	app/roles/git_host.rb
0	2	app/roles/git_merge.rb
5	3	app/roles/repository.rb
0	18	app/roles/ssh_key.rb
0	2	config/environment.rb
5	0	config/initializers/5_backend.rb
8	0	features/support/env.rb
43	5	lib/gitlab/{ => backend}/gitolite.rb
0	0	{config/initializers => lib/gitlab/backend}/grack_auth.rb
0	17	lib/gitlab/git_host.rb
1	3	lib/tasks/gitlab/enable_automerge.rake
1	1	lib/tasks/gitlab/gitolite_rebuild.rake
34	0	spec/observers/key_observer_spec.rb
3	0	spec/spec_helper.rb
35	0	spec/support/gitolite_stub.rb
0	30	spec/support/monkeypatch.rb

--aded7056fd3--2012-08-28--Dmitriy Zaporozhets
--ffdda12f663--2012-08-28--LeonB
1	2	lib/tasks/gitlab/backup.rake

--05fa1f167c0--2012-08-28--LeonB
1	0	config/gitlab.yml.example

--aa708ed961e--2012-08-28--Dmitriy Zaporozhets
9	90	doc/installation.md
54	0	lib/support/init-gitlab
33	0	lib/support/nginx-gitlab

--4fe438ce63b--2012-08-28--Dmitriy Zaporozhets
--7a16572c0a4--2012-08-28--Tiago Ribeiro
1	1	lib/tasks/gitlab/status.rake

--c81d4ab4a91--2012-08-28--LeonB
4	0	config/initializers/1_settings.rb
1	0	lib/tasks/gitlab/backup.rake
1	1	lib/tasks/gitlab/status.rake
1	1	lib/tasks/gitlab/write_hook.rake

--04b2864b64a--2012-08-27--Dmitriy Zaporozhets
--1f1ce5fbd47--2012-08-24--Riyad Preukschas
97	17	app/views/help/markdown.html.haml

--806695f491a--2012-08-27--Riyad Preukschas
18	11	app/helpers/gitlab_markdown_helper.rb

--58a581782b9--2012-08-24--Riyad Preukschas
4	0	app/assets/stylesheets/sections/notes.scss
1	1	app/views/issues/_form.html.haml
1	1	app/views/milestones/_form.html.haml
2	3	app/views/notes/_form.html.haml
3	2	app/views/wikis/_form.html.haml

--2e836fa4288--2012-08-27--Dmitriy Zaporozhets
--607be412d41--2012-08-27--Dmitriy Zaporozhets
--cb35a80e49f--2012-08-27--Dmitriy Zaporozhets
--cb6fcb6562d--2012-08-27--Dmitriy Zaporozhets
--65444ba3117--2012-08-27--Dmitriy Zaporozhets
--cdefad8887f--2012-08-26--Dmitriy Zaporozhets
--28cc4de2677--2012-08-27--Purwandi
-	-	app/assets/images/file_dir.png

--3c96d1f0e1f--2012-08-27--Alex Denisov
4	0	app/observers/users_project_observer.rb
1	1	config/application.rb
15	2	spec/observers/users_project_observer_spec.rb

--aaeb37419ac--2012-08-27--Alex Denisov
7	0	app/mailers/notify.rb
5	0	app/observers/users_project_observer.rb
14	0	app/views/notify/project_access_granted_email.html.haml
5	0	spec/factories.rb
20	0	spec/mailers/notify_spec.rb
27	0	spec/observers/users_project_observer_spec.rb

--867f46076ed--2012-08-26--Dmitriy Zaporozhets
0	1	lib/tasks/gitlab/backup.rake

--2c32574ac30--2012-08-25--Dmitriy Zaporozhets
11	0	app/assets/stylesheets/sections/projects.scss
1	3	app/views/projects/show.html.haml

--efde86537a1--2012-08-25--Dmitriy Zaporozhets
--79e936e6324--2012-08-25--Dmitriy Zaporozhets
--e0cd807020e--2012-08-25--Mikuláš Dítě
1	1	app/views/hooks/_data_ex.html.erb

--580ce4f2d85--2012-08-25--Robert Speicher
3	11	app/models/milestone.rb
18	9	spec/models/milestone_spec.rb

--232389f4e8e--2012-08-25--Robert Speicher
15	9	spec/requests/admin/security_spec.rb
7	7	spec/requests/api/issues_spec.rb
16	19	spec/requests/api/projects_spec.rb
4	4	spec/requests/api/users_spec.rb
18	12	spec/requests/security/profile_access_spec.rb
131	99	spec/requests/security/project_access_spec.rb

--b2a5344a2d6--2012-08-25--Robert Speicher
2	0	spec/requests/api/issues_spec.rb
2	0	spec/requests/api/projects_spec.rb
2	0	spec/requests/api/users_spec.rb
0	1	spec/spec_helper.rb
27	2	spec/support/api_helpers.rb

--fba174e9bc4--2012-08-23--Robert Speicher
1	1	features/step_definitions/project/projects_steps.rb
2	2	features/support/env.rb
0	0	spec/{ => requests}/api/issues_spec.rb
0	0	spec/{ => requests}/api/projects_spec.rb
0	0	spec/{ => requests}/api/users_spec.rb
6	31	spec/spec_helper.rb
0	7	spec/support/api.rb
9	0	spec/support/api_helpers.rb
18	0	spec/support/db_cleaner.rb
0	6	spec/support/js_patch.rb
0	30	spec/support/login.rb
23	0	spec/support/login_helpers.rb
0	0	spec/{ => support}/monkeypatch.rb
0	16	spec/support/shared_examples.rb

--6ff0652e9e8--2012-08-25--Dmitriy Zaporozhets
5	3	app/views/admin/dashboard/index.html.haml
1	1	app/views/admin/projects/index.html.haml
62	54	app/views/admin/users/_form.html.haml
1	1	app/views/admin/users/edit.html.haml
1	1	app/views/admin/users/index.html.haml
2	2	app/views/admin/users/new.html.haml

--852b9c28dd8--2012-08-15--Robert Speicher
0	0	spec/{models => observers}/activity_observer_spec.rb
0	0	spec/{models => observers}/issue_observer_spec.rb
0	0	spec/{models => observers}/user_observer_spec.rb

--f13bccc14ba--2012-08-25--Dmitriy Zaporozhets
4	2	app/assets/stylesheets/common.scss

--c05692b7b11--2012-08-25--Dmitriy Zaporozhets
4	19	app/assets/stylesheets/gitlab_bootstrap.scss
7	1	app/assets/stylesheets/main.scss
1	3	app/assets/stylesheets/ref_select.scss
1	5	app/assets/stylesheets/sections/graph.scss
1	5	app/assets/stylesheets/sections/nav.scss
1	5	app/assets/stylesheets/sections/tree.scss

--fee26c58e22--2012-08-25--Dmitriy Zaporozhets
12	0	app/views/help/api.html.haml
1	0	doc/api/README.md
0	102	doc/api/projects.md
100	0	doc/api/snippets.md

--d5fcf0f672f--2012-08-24--Dmitriy Zaporozhets
1	1	app/controllers/labels_controller.rb

--8d65f51e635--2012-08-25--Dmitriy Zaporozhets
--df2433db54b--2012-08-25--Dmitriy Zaporozhets
--6e520d9caea--2012-08-25--Dmitriy Zaporozhets
--74d65bb8238--2012-08-25--Saito
5	5	config/initializers/grack_auth.rb

--0dbde913dcf--2012-08-24--Joe Hillenbrand
4	3	app/views/profile/show.html.haml

--2b38f51a174--2012-08-25--Cyril
2	0	app/controllers/merge_requests_controller.rb

--6d4ae75f544--2012-08-24--Dmitriy Zaporozhets
2	2	features/step_definitions/dashboard_steps.rb

--919cd60216d--2012-08-24--Dmitriy Zaporozhets
--3dd7703b808--2012-08-24--Dmitriy Zaporozhets
25	0	app/controllers/labels_controller.rb
3	0	app/views/issues/_head.html.haml
4	0	app/views/labels/_label.html.haml
14	0	app/views/labels/index.html.haml
2	0	config/routes.rb
13	0	features/projects/issues/labels.feature
20	1	features/step_definitions/project/project_issues_steps.rb

--14bd9c9228c--2012-08-24--Dmitriy Zaporozhets
2	2	spec/requests/atom/dashboard_issues_spec.rb

--a502f67c0b3--2012-08-24--Dmitriy Zaporozhets
1	1	VERSION

--4381084af34--2012-08-24--Dmitriy Zaporozhets
4	12	features/step_definitions/dashboard_steps.rb

--2d6a3e6b67e--2012-08-23--Seif Attar
10	0	lib/tasks/bulk_add_permission.rake

--22ec463764f--2012-08-23--Seif Attar
16	0	lib/tasks/bulk_add_permission.rake

--ed2b53cd1c3--2012-08-23--Dmitriy Zaporozhets
5	0	CHANGELOG
1	1	VERSION

--7ab587a4779--2012-08-23--Dmitriy Zaporozhets
--a94b2d1ccfa--2012-08-23--Dmitriy Zaporozhets
1	1	Gemfile
2	2	Gemfile.lock

--6428d4dd63d--2012-08-23--Dmitriy Zaporozhets
1	0	Gemfile
2	0	Gemfile.lock

--b838440f15f--2012-08-22--Robert Speicher
2	3	lib/api/issues.rb
2	3	spec/api/issues_spec.rb

--0f1ca8b3e74--2012-08-22--Robert Speicher
0	12	lib/api/milestones.rb
0	8	spec/api/milestones_spec.rb

--1ef1a4ae6e8--2012-08-22--Dmitriy Zaporozhets
--aa50408ecb5--2012-08-22--Dmitriy Zaporozhets
8	0	app/assets/stylesheets/common.scss
5	0	app/assets/stylesheets/gitlab_bootstrap.scss
2	9	app/views/dashboard/index.html.haml
3	0	app/views/help/index.html.haml
2	2	app/views/help/permissions.html.haml
25	0	app/views/help/ssh.html.haml
2	2	app/views/help/system_hooks.html.haml
4	4	app/views/help/web_hooks.html.haml
6	7	app/views/help/workflow.html.haml
7	1	app/views/keys/_form.html.haml
1	1	app/views/keys/new.html.haml
5	6	app/views/merge_requests/show/_how_to_merge.html.haml
25	42	app/views/projects/empty.html.haml
8	0	app/views/shared/_no_ssh.html.haml
1	0	config/routes.rb

--b962bcd4a7f--2012-08-22--Dmitriy Zaporozhets
4	2	Gemfile.lock

--52f657aa15e--2012-08-24--Dmitriy Zaporozhets
--d66f69221a3--2012-08-24--Dmitriy Zaporozhets
--46923d1acbc--2012-08-24--Dmitriy Zaporozhets
--4d9197efa81--2012-08-23--Steve Klabnik
1	1	Gemfile

--f9ab136abde--2012-08-23--Steve Klabnik
1	1	app/decorators/application_decorator.rb

--af2e2e29b9b--2012-08-23--Robert Speicher
0	2	Gemfile
0	6	Gemfile.lock

--4adac4deba3--2012-08-23--Robert Speicher
4	1	Gemfile

--2c128f3874e--2012-08-23--Robert Speicher
0	3	.rails_footnotes
0	1	Gemfile
0	3	Gemfile.lock
0	3	config/initializers/rails_footnotes.rb

--e2f19befbcc--2012-08-23--Cyril
1	0	app/assets/stylesheets/sections/projects.scss
1	1	app/views/admin/hooks/index.html.haml
1	1	app/views/admin/projects/index.html.haml
1	1	app/views/admin/users/index.html.haml
1	1	app/views/hooks/index.html.haml
1	1	app/views/search/show.html.haml

--4b2e151fc69--2012-08-23--Dmitriy Zaporozhets
--32ae7fb6166--2012-08-23--Riyad Preukschas
19	2	app/helpers/gitlab_markdown_helper.rb
14	5	lib/gitlab/markdown.rb

--0e5dbd1caf1--2012-08-23--Dmitriy Zaporozhets
--07fe78b323a--2012-08-23--Dmitriy Zaporozhets
--db4c3e58bca--2012-08-23--Robert Speicher
4	2	features/support/env.rb
4	2	spec/spec_helper.rb

--5c7ed6fa26b--2012-08-22--Dmitriy Zaporozhets
1	1	VERSION

--9ec4c2d214b--2012-08-21--Sytse Sijbrandij
5	2	app/models/merge_request.rb

--d1daeba1736--2012-08-21--Dmitriy Zaporozhets
6	1	doc/installation.md
0	1	lib/tasks/gitlab/setup.rake
14	0	lib/tasks/gitlab/status.rake

--d862ebd3b34--2012-08-21--Dmitriy Zaporozhets
--6baf9c441d7--2012-08-21--Robert Speicher
0	1	features/step_definitions/project/projects_steps.rb

--3095483e650--2012-08-21--Robert Speicher
1	3	features/projects/network.feature
8	2	features/step_definitions/project/projects_steps.rb
2	0	features/support/env.rb

--3784f134f1b--2012-08-21--Dmitriy Zaporozhets
--f088eaa972a--2012-08-21--Dmitriy Zaporozhets
5	0	CHANGELOG
5	1	app/assets/stylesheets/gitlab_bootstrap.scss
8	0	app/assets/stylesheets/themes/ui_mars.scss
1	1	app/models/project.rb
1	1	app/roles/{project_push.rb => push_observer.rb}
1	1	app/views/team_members/_show.html.haml

--7fa6a23416e--2012-08-21--Dmitriy Zaporozhets
5	0	app/assets/stylesheets/gitlab_bootstrap.scss

--64f3682feb9--2012-08-21--Dmitriy Zaporozhets
0	1	spec/models/project_spec.rb

--c625293b995--2012-08-21--Dmitriy Zaporozhets
0	18	app/roles/repository.rb
0	2	app/views/errors/gitolite.html.haml
0	0	lib/{post-receive-hook => hooks/post-receive}
6	1	lib/tasks/gitlab/setup.rake
0	6	lib/tasks/gitlab/status.rake
0	19	lib/tasks/gitlab/update_hooks.rake
23	0	lib/tasks/gitlab/write_hook.rake

--2e7ca8c8661--2012-08-21--Dmitriy Zaporozhets
11	10	app/assets/stylesheets/sections/projects.scss
1	0	app/controllers/team_members_controller.rb
1	1	app/views/team_members/show.html.haml

--366c0065c43--2012-08-21--Dmitriy Zaporozhets
--c5b13cc9897--2012-08-20--Robert Speicher
18	14	app/mailers/notify.rb

--652d955c929--2012-08-20--Robert Speicher
34	10	app/mailers/notify.rb
3	3	spec/mailers/notify_spec.rb

--335b3ed1979--2012-08-20--Jakub Jirutka
1	1	app/models/user.rb

--b0a901fe016--2012-08-16--Robert Speicher
1	0	lib/api.rb
93	0	lib/api/milestones.rb
53	0	spec/api/milestones_spec.rb

--65bcc41f3e0--2012-08-15--Robert Speicher
7	4	app/helpers/application_helper.rb
6	7	config/gitlab.yml.example
4	0	config/initializers/1_settings.rb
26	0	spec/helpers/application_helper_spec.rb

--0b7e67ad12d--2012-08-14--Nihad Abbasov
1	1	app/assets/javascripts/application.js
3	1	app/views/notes/_create_common.js.haml

--ad265b9610b--2012-08-05--Jakub Jirutka
6	1	app/models/user.rb

--fa5a53f5ed2--2012-07-29--Jakub Jirutka
1	2	app/controllers/omniauth_callbacks_controller.rb
13	6	app/models/user.rb
8	0	db/migrate/20120729131232_add_extern_auth_provider_to_users.rb
4	1	db/schema.rb

--44ec5579bd7--2012-07-19--gliptak
2	2	app/views/errors/gitolite.html.haml

--87d2a763e61--2012-06-27--Dmitry Kalinkin
4	1	app/roles/repository.rb

--0ce7ad57b74--2012-06-27--timspin
2	2	lib/gitlab/gitolite.rb