--db0f96e3--2011-07-27--Chris Mear
--764b5875--2011-07-27--Chris Mear
7	0	app/controllers/directors_controller.rb
5	0	app/controllers/members_controller.rb
2	0	app/helpers/directors_helper.rb
8	0	app/models/company.rb
9	0	app/models/director.rb
35	0	app/views/members/company/index.html.haml
1	0	config/routes.rb
9	0	db/migrate/20110727154021_add_elected_on_to_members.rb
2	1	db/schema.rb
27	0	features/company_running/adding_a_director.feature
10	0	features/step_definitions/director_steps.rb
2	0	features/support/paths.rb
2	0	features/support/selectors.rb
1	1	spec/controllers/companies_controller_spec.rb
46	0	spec/controllers/directors_controller_spec.rb
55	0	spec/controllers/members_controller_spec.rb
15	0	spec/helpers/directors_helper_spec.rb
11	0	spec/models/company_spec.rb
16	0	spec/models/director_spec.rb
57	0	spec/views/members/index.html.haml_spec.rb

--0e7d60f0--2011-07-27--Chris Mear
1	0	app/controllers/companies_controller.rb
5	0	spec/controllers/companies_controller_spec.rb

--0385eb99--2011-07-27--Chris Mear
11	11	app/controllers/comments_controller.rb
3	0	app/controllers/meetings_controller.rb
1	1	app/models/comment.rb
2	0	app/models/meeting.rb
1	1	app/models/proposal.rb
15	0	app/views/meetings/show.html.haml
3	1	config/routes.rb
21	0	db/migrate/20110727133702_make_comments_polymorphic.rb
4	3	db/schema.rb
20	0	features/company_running/commenting_on_minutes.feature
5	1	features/step_definitions/meeting_steps.rb
3	0	features/support/paths.rb
99	45	spec/controllers/comments_controller_spec.rb
21	0	spec/controllers/meetings_controller_spec.rb
9	0	spec/models/meeting_spec.rb
3	0	spec/support/blueprints.rb
18	1	spec/views/meetings/show.html.haml_spec.rb

--e0cc70c7--2011-07-27--Chris Mear
19	0	features/association_running/commenting_on_a_proposal.feature
8	0	features/step_definitions/comment_steps.rb

--78a136f6--2011-07-27--Chris Mear
4	0	app/models/company.rb
5	0	spec/models/company_spec.rb

--9825f419--2011-07-27--Chris Mear
1	0	app/views/constitutions/company/show.html.haml
1	0	app/views/members/company/index.html.haml
2	0	app/views/one_click/company/dashboard.html.haml
5	0	app/views/shared/company/_main_menu.html.haml

--55132305--2011-07-27--Chris Mear
4	0	app/models/company.rb
10	3	spec/models/company_spec.rb

--1cfb21b3--2011-07-27--Chris Mear
3	0	app/models/association.rb
4	0	app/models/organisation.rb

--8e2fe1e6--2011-07-27--Chris Mear
4	0	spec/controllers/meetings_controller_spec.rb

--5443d12f--2011-07-27--Chris Mear
--145f7404--2011-07-27--Chris Mear
14	0	app/mailers/meeting_mailer.rb
7	0	app/models/meeting.rb
12	0	app/views/meeting_mailer/notify_creation.text.erb
2	0	app/views/meetings/show.html.haml
7	0	features/company_running/recording_minutes.feature
25	2	features/step_definitions/email_steps.rb
17	0	features/step_definitions/meeting_steps.rb
32	0	spec/mailers/meeting_mailer_spec.rb
23	1	spec/models/meeting_spec.rb
4	0	spec/support/blueprints.rb
7	0	spec/support/model_spec_helper.rb
18	3	spec/views/meetings/show.html.haml_spec.rb

--047948ea--2011-07-27--Chris Mear
1	1	Gemfile
3	2	Gemfile.lock

--fc2d85e2--2011-07-27--Chris Mear
11	0	app/controllers/meetings_controller.rb
7	2	app/controllers/one_click_controller.rb
2	0	app/helpers/meetings_helper.rb
2	0	app/models/company.rb
23	0	app/models/meeting.rb
4	0	app/models/meeting_participation.rb
4	0	app/views/meetings/show.html.haml
5	0	app/views/one_click/_meeting.html.haml
10	0	app/views/one_click/_timeline.html.haml
1	10	app/views/one_click/association/dashboard.html.haml
16	1	app/views/one_click/company/dashboard.html.haml
2	0	config/routes.rb
14	0	db/migrate/20110726154007_create_meetings.rb
9	0	db/migrate/20110726220427_add_organisation_id_to_meetings.rb
14	0	db/migrate/20110726222425_create_meeting_participations.rb
16	1	db/schema.rb
26	0	features/company_running/recording_minutes.feature
0	0	features/step_definitions/{member_steps.rb => association_member_steps.rb}
11	0	features/step_definitions/company_member_steps.rb
3	0	features/step_definitions/company_steps.rb
53	0	features/step_definitions/meeting_steps.rb
1	1	features/support/machinist.rb
2	0	features/support/selectors.rb
87	0	spec/controllers/meetings_controller_spec.rb
89	0	spec/controllers/one_click_controller_spec.rb
15	0	spec/helpers/meetings_helper_spec.rb
11	0	spec/models/company_spec.rb
29	0	spec/models/meeting_participation_spec.rb
57	0	spec/models/meeting_spec.rb
6	0	spec/support/blueprints.rb
11	0	spec/support/controller_spec_helper.rb
21	0	spec/views/meetings/show.html.haml_spec.rb
77	0	spec/views/one_click/dashboard.html.haml_spec.rb

--32c1bf0e--2011-07-27--Chris Mear
1	1	app/models/member.rb
1	1	spec/requests/invitations_spec.rb

--adffda82--2011-07-27--Chris Mear
4	4	Gemfile
44	46	Gemfile.lock
4	1	features/step_definitions/web_steps_custom.rb
0	33	features/support/capybara_domains.rb
11	12	spec/support/install_organisation_resolver.rb

--b7c7e4a6--2011-07-27--Chris Mear
1	1	Gemfile
4	1	app/controllers/members_controller.rb

--d25e0672--2011-07-27--Chris Mear
1	1	Gemfile
1	1	Gemfile.lock

--b3bad57b--2011-07-26--Chris Mear
1	1	Gemfile
2	2	Gemfile.lock

--b9306f14--2011-07-25--Chris Mear
6	3	app/controllers/application_controller.rb
21	0	app/controllers/companies_controller.rb
0	2	app/controllers/one_click_controller.rb
2	0	app/helpers/companies_helper.rb
3	0	app/models/company.rb
28	0	app/views/companies/new.html.haml
1	0	config/routes.rb
21	0	features/company_adding/adding_a_company.feature
4	0	features/support/paths.rb
127	0	spec/controllers/companies_controller_spec.rb
12	0	spec/models/company_spec.rb
8	0	spec/support/controller_spec_helper.rb
44	0	spec/views/companies/new.html.haml_spec.rb

--a34ca4e3--2011-07-25--Chris Mear
34	0	spec/support/install_organisation_resolver.rb

--20c8e3a9--2011-07-25--Chris Mear
1	1	lib/one_click_orgs/version.rb

--881c0409--2011-07-25--Chris Mear
1	5	lib/one_click_orgs/version.rb

--70c35505--2011-07-25--Chris Mear
4	4	app/views/layouts/application.html.haml
0	0	app/views/{layouts => shared}/_container_start.html.haml
0	0	app/views/{layouts => shared}/_javascript_includes.html.haml
0	0	app/views/{layouts => shared}/_lightboxes.html.haml
0	0	app/views/{layouts => shared}/_main_menu.html.haml
0	0	app/views/{layouts => shared}/association/_container_start.html.haml
0	0	app/views/{layouts => shared}/association/_javascript_includes.html.haml
0	0	app/views/{layouts => shared}/association/_lightboxes.html.haml
0	0	app/views/{layouts => shared}/association/_main_menu.html.haml

--ca1afbcb--2011-07-25--Chris Mear
3	0	features/miscellaneous/setting_up_an_installation.feature
4	0	features/step_definitions/setup_steps.rb

--3967f8a8--2011-07-25--Chris Mear
1	1	Gemfile.lock
4	4	HACKING.md
23	18	app/controllers/application_controller.rb
11	12	app/controllers/{organisations_controller.rb => associations_controller.rb}
0	25	app/controllers/change_member_class_proposals_controller.rb
0	21	app/controllers/eject_member_proposals_controller.rb
23	0	app/controllers/found_association_proposals_controller.rb
0	23	app/controllers/found_organisation_proposals_controller.rb
0	13	app/controllers/founding_members_controller.rb
30	11	app/controllers/members_controller.rb
17	15	app/controllers/one_click_controller.rb
2	2	app/controllers/setup_controller.rb
1	1	app/controllers/votes_controller.rb
2	0	app/helpers/associations_helper.rb
0	2	app/helpers/organisations_helper.rb
29	26	app/models/ability.rb
111	0	app/models/association.rb
5	5	app/models/{found_organisation_proposal.rb => found_association_proposal.rb}
3	3	app/models/member.rb
6	110	app/models/organisation.rb
6	6	app/models/proposal.rb
3	3	app/views/{organisations => associations}/new.html.haml
1	2	app/views/constitutions/{ => association}/show.html.haml
0	0	app/views/layouts/_container_start.html.haml
0	0	app/views/layouts/_javascript_includes.html.haml
0	0	app/views/layouts/_lightboxes.html.haml
1	0	app/views/layouts/_main_menu.html.haml
4	55	app/views/layouts/application.html.haml
31	0	app/views/layouts/association/_container_start.html.haml
5	0	app/views/layouts/association/_javascript_includes.html.haml
7	0	app/views/layouts/association/_lightboxes.html.haml
11	0	app/views/layouts/association/_main_menu.html.haml
0	14	app/views/layouts/setup.html.haml
0	0	app/views/members/{ => association}/index.html.haml
0	0	app/views/members/{ => association}/index.pdf.haml
0	22	app/views/members/{ => association}/show.html.haml
1	57	app/views/one_click/company/dashboard.html.haml
0	57	app/views/one_click/dashboard.html.haml
5	6	app/views/shared/_control_bar.html.haml
0	0	app/views/shared/{ => association}/_constitution.html.haml
10	0	app/views/shared/association/_control_bar.html.haml
2	2	app/views/shared/notifications/_founding_proposal_failed.html.haml
2	2	config/routes.rb
1	1	doc/permissions.txt
1	1	features/{organisation_founding => association_founding}/accepting_a_founding_member_invitation.feature
4	4	features/{organisation_founding/amending_draft_organisation_settings.feature => association_founding/amending_draft_association_settings.feature}
4	4	features/{organisation_founding/creating_an_organisation.feature => association_founding/creating_an_association.feature}
1	1	features/{organisation_founding => association_founding}/holding_the_founding_vote.feature
1	1	features/{organisation_founding => association_founding}/inviting_founding_members.feature
1	1	features/{organisation_founding => association_founding}/show_failed_proposal.feature
2	2	features/{organisation_founding => association_founding}/starting_the_founding_vote.feature
4	4	features/{organisation_founding => association_founding}/viewing_draft_organisation_details.feature
3	3	features/{organisation_running => association_running}/accepting_an_invitation.feature
4	4	features/{organisation_running => association_running}/amending_organisation_settings.feature
1	1	features/{organisation_running => association_running}/editing_profile.feature
1	1	features/{organisation_running => association_running}/exporting_members.feature
1	1	features/{organisation_running => association_running}/making_a_proposal.feature
1	1	features/{organisation_running => association_running}/making_decisions.feature
1	1	features/{organisation_running => association_running}/proposing_a_new_member.feature
1	1	features/{organisation_running => association_running}/proposing_ejection_of_a_member.feature
5	5	features/{organisation_running/viewing_organisation_details.feature => association_running/viewing_association_details.feature}
1	1	features/{organisation_running => association_running}/voting.feature
1	1	features/miscellaneous/setting_up_an_installation.feature
39	0	features/step_definitions/association_steps.rb
0	39	features/step_definitions/organisation_steps.rb
5	5	features/step_definitions/proposal_steps.rb
2	2	features/support/paths.rb
9	9	lib/tasks/one_click_orgs.rake
3	3	public/javascripts/{organisations_new.js => associations_new.js}
5	5	spec/controllers/application_controller_spec.rb
1	1	spec/mailers/decision_mailer_spec.rb
1	1	spec/mailers/members_mailer_spec.rb
1	1	spec/mailers/proposal_mailer_spec.rb
1	1	spec/models/add_member_proposal_spec.rb
92	0	spec/models/association_spec.rb
1	1	spec/models/change_voting_period_proposal_spec.rb
1	1	spec/models/change_voting_system_proposal_spec.rb
1	1	spec/models/clause_spec.rb
1	1	spec/models/constitution_spec.rb
1	1	spec/models/eject_member_proposal_spec.rb
15	15	spec/models/{found_organisation_proposal_spec.rb => found_association_proposal_spec.rb}
1	1	spec/models/member_spec.rb
3	77	spec/models/organisation_spec.rb
10	10	spec/models/proposal_spec.rb
4	4	spec/requests/add_member_proposals_spec.rb
1	1	spec/requests/authentication_spec.rb
3	3	spec/requests/change_member_class_proposals_spec.rb
3	3	spec/requests/constitution_proposal_bundles_spec.rb
4	4	spec/requests/constitutions_spec.rb
3	3	spec/requests/eject_member_proposals_spec.rb
25	0	spec/requests/found_association_proposals_spec.rb
0	25	spec/requests/found_organisation_proposals_spec.rb
11	11	spec/requests/{founding_spec.rb => founding_association_spec.rb}
4	4	spec/requests/founding_members_spec.rb
1	1	spec/requests/invitations_spec.rb
4	4	spec/requests/members_spec.rb
1	1	spec/requests/miscellaneous_spec.rb
28	28	spec/requests/multi_tenancy_spec.rb
19	15	spec/requests/one_click_spec.rb
1	1	spec/requests/password_resets_spec.rb
5	5	spec/requests/proposals_spec.rb
13	13	spec/requests/single_organisation_mode_spec.rb
3	3	spec/requests/template_resolution_spec.rb
1	1	spec/requests/votes_spec.rb
2	2	spec/support/blueprints.rb
51	18	spec/support/helpers.rb
107	106	spec/views/layouts/application.html.haml_spec.rb
4	1	spec/views/layouts/welcome.html.haml_spec.rb

--76eeacae--2011-07-25--Chris Mear
4	4	lib/one_click_orgs/organisation_resolver.rb

--7078c2e8--2011-05-30--Chris Mear
--a61323a6--2011-05-30--Chris Mear
--9c6b326a--2011-05-29--Chris Mear
--e2fe7d20--2011-05-29--Chris Mear
--166e7427--2011-05-19--Chris Mear
--bd3e87dd--2011-05-08--Chris Mear
--b1412b8f--2011-05-07--Chris Mear
--390d1366--2011-05-07--Chris Mear
--66c93e37--2011-05-01--Chris Mear
1	0	config/deploy.rb

--c10f05f2--2011-04-30--Chris Mear
--cf8ec78b--2011-04-11--Chris Mear
--7b5b25fc--2011-04-10--Chris Mear
2	2	config/deploy.rb