--033a43bd--2011-07-21--Chris Mear
--ef989c41--2011-07-16--Chris Mear
1	0	Gemfile
7	7	Gemfile.lock

--7c8bf3b3--2011-06-16--Chris Adams
7	4	app/controllers/organisations_controller.rb
1	0	app/controllers/setup_controller.rb

--2d866674--2011-06-16--Chris Adams
39	19	spec/requests/single_organisation_mode_spec.rb

--e05d6baa--2011-06-16--Chris Mear
--534d660e--2011-06-04--Alex Muller
8	10	public/stylesheets/sass/one_click.sass

--88225837--2011-06-04--Alex Muller
13	10	public/stylesheets/one_click.css
17	14	public/stylesheets/sass/one_click.sass

--7e831936--2011-06-04--Alex Muller
1	1	app/views/members/show.html.haml
2	1	public/stylesheets/one_click.css
2	1	public/stylesheets/sass/one_click.sass

--57ee0c62--2011-06-04--Alex Muller
9	4	public/stylesheets/one_click.css
9	4	public/stylesheets/sass/one_click.sass

--aae5c6e4--2011-06-04--Alex Muller
18	6	public/stylesheets/one_click.css
19	7	public/stylesheets/sass/one_click.sass

--6e18a01b--2011-06-04--Alex Muller
5	0	public/fonts/fonts.md
-	-	public/fonts/vegur-b.otf
-	-	public/fonts/vegur-l.otf
-	-	public/fonts/vegur-m.otf
-	-	public/fonts/vegur-r.otf
22	2	public/stylesheets/one_click.css
35	3	public/stylesheets/sass/one_click.sass

--016336e4--2011-06-16--Chris Mear
--84d502ea--2011-06-05--Chris Adams
2	1	.gitignore
10	0	app/controllers/application_controller.rb
11	0	app/models/member.rb

--1c3c2c84--2011-06-04--Chris Adams
2	2	app/controllers/application_controller.rb
2	2	app/models/member.rb
1	4	features/organisation_founding/show_failed_proposal.feature

--011e879f--2011-06-04--Chris Adams
12	4	features/step_definitions/proposal_steps.rb

--59f5eaa8--2011-06-04--Chris Adams
4	1	app/controllers/application_controller.rb
24	0	features/organisation_founding/show_failed_proposal.feature

--605d2836--2011-06-05--Chris Adams
--e1c7443f--2011-06-04--Chris Adams
1	10	app/views/layouts/application.html.haml
1	0	app/views/layouts/welcome.html.haml
10	0	app/views/shared/_control_bar.html.haml
11	1	spec/views/layouts/application.html.haml_spec.rb
32	0	spec/views/layouts/welcome.html.haml_spec.rb