--dfb8230f--2013-06-28--Chris Mear
--2c92adb7--2013-06-28--Chris Mear
2	2	app/assets/stylesheets/one_click.css.sass
42	5	app/models/general_meeting.rb
46	1	app/models/resolution.rb
13	5	app/views/general_meetings/edit.html.haml
11	3	app/views/general_meetings/new.html.haml
6	0	db/migrate/20130626124029_add_additional_votes_to_proposals.rb
6	4	db/schema.rb
11	0	features/coop/running/meetings/convening_a_general_meeting.feature
17	0	features/coop/running/meetings/entering_minutes_for_a_meeting.feature
29	0	features/step_definitions/general_meeting_steps.rb
7	1	features/step_definitions/resolution_steps.rb
2	0	lib/daily_job_runner.rb
53	2	spec/models/general_meeting_spec.rb
45	0	spec/models/resolution_spec.rb
4	0	spec/support/blueprints.rb
10	2	spec/views/general_meetings/edit.html.haml_spec.rb
11	2	spec/views/general_meetings/new.html.haml_spec.rb

--f952065e--2013-06-28--Chris Mear
1	1	app/models/election.rb

--c9b1d66c--2013-06-25--Chris Mear
3	0	lib/tasks/one_click_orgs.rake

--a668e415--2013-06-25--Chris Mear
2	0	app/assets/stylesheets/one_click.css.sass

--35679a20--2013-06-25--Chris Mear
3	3	app/assets/stylesheets/one_click.css.sass

--f5f7e04f--2013-06-24--Chris Mear
12	0	lib/tasks/one_click_orgs.rake

--913425c4--2013-06-24--Chris Mear
14	0	app/controllers/meetings_controller.rb

--1f080173--2013-06-24--Chris Mear
2	2	lib/tasks/one_click_orgs.rake

--53d3d7db--2013-06-24--Chris Mear
6	0	app/views/shares/coop/index.html.haml

--40d6ee0c--2013-06-24--Chris Mear
10	0	app/models/annual_general_meeting.rb
10	6	app/models/general_meeting.rb
3	0	features/step_definitions/meeting_steps.rb

--24e58a06--2013-06-24--Chris Mear
8	1	app/controllers/members_controller.rb
2	0	app/views/members/coop/index.html.haml

--b49475ad--2013-06-24--Chris Mear
16	1	lib/tasks/one_click_orgs.rake

--a993f352--2013-06-24--Chris Mear
2	1	lib/tasks/one_click_orgs.rake

--1427dbaa--2013-06-23--Chris Mear
4	0	app/controllers/annual_general_meetings_controller.rb
42	0	app/views/annual_general_meetings/show.html.haml
14	0	spec/controllers/annual_general_meetings_controller_spec.rb

--46a14ebd--2013-06-23--Chris Mear
0	1	app/models/share_transaction.rb

--7566142f--2013-06-23--Chris Mear
3	3	app/views/shared/coop/_constitution.html.haml

--a027917e--2013-06-23--Chris Mear
1	1	app/views/one_click/coop/dashboard.html.haml
3	2	app/views/tasks/_task.html.haml

--16a9d050--2013-06-23--Chris Mear
1	2	app/views/layouts/application.html.haml
5	5	app/views/shared/_prerelease_bar.html.haml

--a4967721--2013-06-23--Chris Mear
7	4	app/views/directors/coop/index.html.haml

--e71b69c8--2013-06-23--Chris Mear
13	0	app/observers/share_transaction_task_observer.rb
11	2	features/step_definitions/task_steps.rb

--489eab78--2013-06-23--Chris Mear
4	1	app/models/ability.rb

--95006481--2013-06-23--Chris Mear
118	0	lib/tasks/one_click_orgs.rake