--1e57848f--2012-08-01--Chris Mear
--1a91a9d3--2012-08-01--Chris Mear
4	0	app/models/annual_general_meeting.rb
4	3	app/models/general_meeting.rb
9	2	app/views/general_meetings/new.html.haml
1	1	features/coop/running/meetings/convening_an_annual_general_meeting.feature
18	0	features/step_definitions/election_steps.rb
9	0	spec/models/annual_general_meeting_spec.rb
15	1	spec/views/general_meetings/new.html.haml_spec.rb

--a9108102--2012-07-31--Chris Mear
9	0	app/assets/javascripts/general_meetings.js
1	1	app/controllers/general_meetings_controller.rb
17	0	app/models/annual_general_meeting.rb
5	1	app/models/coop.rb
3	0	app/models/election.rb
18	1	app/models/general_meeting.rb
9	2	app/views/general_meetings/new.html.haml
5	0	db/migrate/20120731153806_add_meeting_id_to_elections.rb
6	0	db/migrate/20120801080106_add_closing_dates_to_elections.rb
6	3	db/schema.rb
3	3	features/coop/running/meetings/convening_an_annual_general_meeting.feature
18	0	features/step_definitions/election_steps.rb
10	0	features/step_definitions/meeting_steps.rb
2	0	features/support/paths.rb
61	0	spec/models/annual_general_meeting_spec.rb
18	0	spec/models/election_spec.rb
8	0	spec/models/general_meeting_spec.rb
3	0	spec/support/blueprints.rb
15	1	spec/views/general_meetings/new.html.haml_spec.rb

--652d8371--2012-08-01--Chris Mear
1	2	Gemfile
4	6	Gemfile.lock

--2a1c46f7--2012-07-31--Chris Mear
3	1	app/controllers/general_meetings_controller.rb
2	0	app/models/annual_general_meeting.rb
21	0	app/models/coop.rb
3	2	app/models/general_meeting.rb
11	1	app/views/general_meetings/new.html.haml
1	2	features/coop/running/meetings/convening_an_annual_general_meeting.feature
0	1	features/step_definitions/coop_steps.rb
15	0	features/step_definitions/meeting_steps.rb
16	8	spec/controllers/general_meetings_controller_spec.rb
35	1	spec/models/coop_spec.rb
6	0	spec/models/general_meeting_spec.rb
24	1	spec/views/general_meetings/new.html.haml_spec.rb