--e81540fc57--2015-07-15--Sean Carley
--83c1b5b07f--2015-07-15--Sean Carley
1	15	app/controllers/employers/plan_years_controller.rb
2	2	app/models/census_employee.rb
2	3	app/models/employer_profile.rb
1	3	app/models/employer_profile_account.rb
2	3	app/models/household.rb
4	0	app/models/plan_year.rb
4	1	features/step_definitions/employers_steps.rb
1	1	features/step_definitions/integration_steps.rb
1	0	spec/controllers/employers/plan_years_controller_spec.rb

--cbc09493de--2015-07-15--Sagar Arlekar
--c49ef98e30--2015-07-15--jfinucane
34	2	app/controllers/employers/employer_profiles_controller.rb
95	0	app/views/employers/employer_profiles/_primary_nav.html.erb
16	0	app/views/employers/employer_profiles/_show_profile.html.erb
10	16	app/views/employers/employer_profiles/show.html.erb
18	0	app/views/employers/employer_profiles/show_profile.js
1	0	config/routes.rb

--d84474c9be--2015-07-15--vinner
43	3	spec/controllers/insured/plan_shoppings_controller_spec.rb

--0e74ebad48--2015-07-15--vinner
--1410c36d17--2015-07-15--vinner
9	0	app/assets/stylesheets/custom.css.erb
10	1	app/controllers/insured/plan_shoppings_controller.rb
36	0	app/views/insured/plan_shoppings/_coverage_information.html.erb
0	30	app/views/insured/plan_shoppings/_purchase_confirmation.html.erb
24	0	app/views/insured/plan_shoppings/receipt.html.erb
1	38	app/views/insured/plan_shoppings/thankyou.html.erb
49	46	app/views/shared/_signup_progress.html.haml
1	0	config/routes.rb
1	1	features/employers/create_employer.feature
1	2	features/integration/employee_sign_up.feature
6	3	features/step_definitions/integration_steps.rb
25	0	spec/controllers/insured/plan_shoppings_controller_spec.rb
80	0	spec/views/insured/plan_shoppings/receipt.html.erb_spec.rb
0	6	spec/views/insured/plan_shoppings/thankyou.html.erb_spec.rb

--d1f356cab7--2015-07-14--Ken Lu
5	5	features/employers/create_employer.feature
1	1	features/step_definitions/employers_steps.rb

--5768ead4c2--2015-07-14--Ken Lu
1	1	app/controllers/insured/plan_shoppings_controller.rb
1	1	app/models/family.rb
4	0	app/models/plan_year.rb
1	1	app/views/employers/plan_years/publish.js.erb

--34c009c372--2015-07-15--Sean Carley
1	5	app/models/hbx_enrollment.rb
2	2	spec/models/hbx_enrollment_spec.rb

--927fa855ea--2015-07-15--Sean Carley
1	1	app/models/census_employee.rb
80	72	spec/models/census_employee_spec.rb

--d942fbc401--2015-07-14--jfinucane
4	21	app/views/employers/employer_profiles/_index.html.erb
21	0	app/views/employers/employer_profiles/_index_table.html.erb
2	0	app/views/employers/employer_profiles/index.js.erb
1	0	app/views/employers/employer_profiles/index_table.html.erb
9	0	app/views/shared/_alph_paginate_remote.html.erb

--dc1ca5d7a9--2015-07-14--Sagar Arlekar
4	1	app/controllers/insured/plan_shoppings_controller.rb
11	0	spec/controllers/insured/plan_shoppings_controller_spec.rb

--ea05391008--2015-07-14--Ken Lu
1	1	app/controllers/employers/census_employees_controller.rb
5	3	spec/controllers/employers/census_employees_controller_spec.rb