--e35412bf--2011-08-29--chrisgeorge
--c5f51d64--2011-08-26--Jean D'Amore
1	2	app/views/children/_mark_as.html.erb
4	8	app/views/children/_show_child_toolbar.erb
1	4	app/views/children/show.html.erb
0	29	capybara_features/step_definitions/child_record_toolbar_steps.rb
0	7	capybara_features/step_definitions/children_setup_steps.rb
0	24	capybara_features/view_child_record_toolbar.feature
8	0	features/step_definitions/basic_steps.rb
-	-	public/images/icon-reunited.gif
1	2	public/stylesheets/core.css

--9866dcdc--2011-08-26--Jean D'Amore
0	4	app/helpers/children_helper.rb
2	8	app/views/children/show.html.erb
-	-	public/images/reunited-bkg.jpg
2	15	public/stylesheets/core.css

--42a873fa--2011-08-26--Jean D'Amore
4	0	app/helpers/children_helper.rb
8	2	app/views/children/show.html.erb
-	-	public/images/reunited-bkg.jpg
15	2	public/stylesheets/core.css

--4db36a76--2011-08-25--Jean D'Amore
2	1	app/views/children/_mark_as.html.erb
8	4	app/views/children/_show_child_toolbar.erb
4	1	app/views/children/show.html.erb
29	0	capybara_features/step_definitions/child_record_toolbar_steps.rb
7	0	capybara_features/step_definitions/children_setup_steps.rb
24	0	capybara_features/view_child_record_toolbar.feature
0	8	features/step_definitions/basic_steps.rb
-	-	public/images/icon-reunited.gif
2	1	public/stylesheets/core.css

--77260aab--2011-08-23--Jennifer Smith
0	5	features/admin_page_link.feature
0	35	features/pdf_export.feature

--c3dd3e19--2011-08-09--Jennifer Smith
1	0	lib/export_generator.rb
10	4	spec/lib/export_generator_spec.rb

--85269211--2011-08-02--Jennifer Smith
58	0	capybara_features/csv_export.feature
14	0	capybara_features/step_definitions/basic_steps.rb
2	1	capybara_features/step_definitions/children_setup_steps.rb
6	0	capybara_features/step_definitions/database_steps.rb
50	0	capybara_features/step_definitions/export_file_steps.rb
17	1	capybara_features/step_definitions/login_steps.rb
18	3	capybara_features/step_definitions/search_steps.rb
0	99	features/csv_export.feature

--aebbab1c--2011-08-02--Jennifer Smith
1	1	app/controllers/children_controller.rb
21	3	lib/export_generator.rb
3	3	spec/controllers/children_controller_spec.rb
32	19	spec/lib/export_generator_spec.rb

--bd963c20--2011-07-28--Jennifer Smith
7	19	app/controllers/children_controller.rb
11	1	lib/export_generator.rb
26	64	spec/controllers/children_controller_spec.rb
25	0	spec/lib/export_generator_spec.rb

--95c7df3a--2011-07-27--Jennifer Smith
5	5	app/controllers/children_controller.rb
1	1	lib/{pdf_generator.rb => export_generator.rb}
5	5	spec/controllers/children_controller_spec.rb
4	4	spec/integration/{pdf_generator_spec.rb => export_generator_spec.rb}

--4a929e57--2011-07-26--Jennifer Smith
2	3	app/controllers/children_controller.rb
3	7	lib/pdf_generator.rb
11	12	spec/controllers/children_controller_spec.rb
3	1	spec/integration/pdf_generator_spec.rb

--b5a1b791--2011-07-26--Jennifer Smith
5	4	app/controllers/children_controller.rb
5	10	lib/pdf_generator.rb
9	8	spec/controllers/children_controller_spec.rb
13	6	spec/integration/pdf_generator_spec.rb

--563d6138--2011-08-25--Jean D'Amore
48	0	features/hide_child_record_form_fields.feature
1	1	lib/pdf_generator.rb