--aa621066--2011-05-31--chrisgeorge
--ba4794c8--2011-05-31--iliasbartolini
0	1	app/models/child.rb

--9e864366--2011-05-30--chrisgeorge
9	3	app/views/users/_devices.html.erb
0	1	features/edit_an_existing_photo.feature
3	2	features/edit_user_details.feature
4	4	features/manage_forms.feature
4	0	features/step_definitions/more_web_steps.rb
116	135	lib/rapid_ftr/form_section_setup.rb

--aa5fc731--2011-05-30--chrisgeorge
--b7a540ca--2011-05-25--Nathan Fisher
0	0	vendor/plugins/couchrest-rails/{ => lib}/tasks/couch_rest_rails_tasks.rake

--7fd7b779--2011-05-30--chrisgeorge
--47baec5d--2011-05-30--iliasbartolini
1	1	app/controllers/children_controller.rb
24	14	app/models/child.rb
6	2	app/views/children/_photo_upload_box.html.erb
1	1	features/step_definitions/photo_thumbnail_steps.rb
25	0	features/upload_a_childs_photo.feature
1	0	public/stylesheets/core.css
6	6	spec/models/child_spec.rb

--cc60a635--2011-05-22--Farooq Ali
4	4	app/controllers/children_controller.rb
1	1	app/views/children/_summary_row.html.erb
20	21	spec/controllers/children_controller_spec.rb
2	1	spec/views/child/search.html.erb_spec.rb

--5a66f385--2011-04-20--Jang-Soo Lee
5	5	lib/rapid_ftr/form_section_setup.rb

--11620c82--2011-04-20--Jang-Soo Lee
-	-	public/images/content-section-bg-2-sliver.gif
1	1	public/stylesheets/core.css

--2f039e7b--2011-04-19--Jang-Soo Lee
2	2	features/add_caregiver_details_to_a_child_record.feature
1	1	features/add_family_details_to_a_child_record.feature
4	7	features/create_child_record.feature
14	14	features/csv_export.feature
8	14	features/edit_child_record.feature
2	2	features/manage_forms.feature
1	1	features/pdf_export.feature
8	8	features/step_definitions/basic_steps.rb
4	0	features/step_definitions/photo_thumbnail_steps.rb
2	3	features/upload_a_childs_photo.feature
15	20	features/view_child_record_log.feature
152	57	lib/rapid_ftr/form_section_setup.rb