--aa5fc731--2011-05-30--chrisgeorge
--b7a540ca--2011-05-25--Nathan Fisher
0	0	vendor/plugins/couchrest-rails/{ => lib}/tasks/couch_rest_rails_tasks.rake

--7fd7b779--2011-05-30--chrisgeorge
--fab7d694--2011-05-28--Sreenivas Ananthakrishna
12	8	app/models/child.rb
2	8	spec/controllers/children_controller_spec.rb
11	1	spec/models/child_spec.rb

--8c813061--2011-05-23--Sreenivas Ananthakrishna
1	1	app/controllers/child_media_controller.rb
3	6	app/models/child.rb
1	1	app/views/children/_picture.html.erb
7	1	app/views/children/show.html.erb
26	0	features/edit_an_existing_photo.feature
2	2	lib/pdf_generator.rb
-	-	public/images/lightbox-blank.gif
-	-	public/images/lightbox-btn-close.gif
-	-	public/images/lightbox-ico-loading.gif
1	1	spec/controllers/child_media_controller_spec.rb
5	1	spec/models/child_spec.rb
2	3	spec/support/child_builder.rb
0	27	spec/views/fields/_common.html.erb_spec.rb
0	43	spec/views/fields/_suggested_field.html.erb_spec.rb

--cc60a635--2011-05-22--Farooq Ali
4	4	app/controllers/children_controller.rb
1	1	app/views/children/_summary_row.html.erb
20	21	spec/controllers/children_controller_spec.rb
2	1	spec/views/child/search.html.erb_spec.rb

--c6e0afe3--2011-05-22--Sreenivas Ananthakrishna
1	0	Gemfile
5	0	Gemfile.lock

--ad7023bd--2011-05-18--Sreenivas Ananthakrishna
--398319cf--2011-05-18--Sreenivas Ananthakrishna
1	1	app/models/child.rb
1	4	spec/models/child_spec.rb

--b085d708--2011-05-17--chrisgeorge
--8469ec41--2011-05-17--chrisgeorge
--46cd4923--2011-05-17--chrisgeorge
7	13	spec/controllers/fields_controller_spec.rb

--f5e7342f--2011-05-17--chrisgeorge
27	0	spec/views/fields/_common.html.erb_spec.rb
43	0	spec/views/fields/_suggested_field.html.erb_spec.rb

--447e0c17--2011-05-17--chrisgeorge
0	37	spec/views/Fields/_common.html.erb_spec.rb
0	43	spec/views/Fields/_suggested_field.html.erb_spec.rb

--461733c8--2011-05-18--Sreenivas Ananthakrishna
5	6	app/models/child.rb
-	-	features/resources/jorge_jpg
7	4	spec/models/child_spec.rb
8	0	spec/spec_helper.rb

--86a3b156--2011-05-17--Tom Elkin
3	3	Gemfile.lock

--d6f8a128--2011-05-17--Tom Elkin
--301fa5ab--2011-05-17--tom-elkin-tw
--6e596dda--2011-05-17--Sreenivas Ananthakrishna
--f6638378--2011-05-16--Jen Smith
--664777e4--2011-05-03--dahlia
1	1	app/controllers/checks_authentication.rb
1	1	features/step_definitions/api_steps.rb
14	0	spec/controllers/checks_authentication_spec.rb

--7b016472--2011-05-15--Jen Smith
--4f37eb24--2011-05-13--Sreenivas Ananthakrishna
1	1	app/models/child.rb
17	0	spec/models/child_spec.rb

--747b5c9a--2011-05-13--Sreenivas Ananthakrishna
1	1	spec/integration/children_spec.rb
3	3	spec/models/child_spec.rb
17	0	spec/support/matchers/photo.rb

--6d59ae73--2011-05-13--Sreenivas Ananthakrishna
22	15	app/models/child.rb
1	1	app/views/children/_picture.html.erb
1	1	features/step_definitions/web_steps.rb
4	4	features/upload_a_childs_photo.feature
2	2	spec/controllers/attachments_controller_spec.rb
11	17	spec/integration/children_spec.rb
14	76	spec/models/child_spec.rb

--222c85e9--2011-05-13--Sreenivas Ananthakrishna
0	12	features/view_child.feature

--7f57ada2--2011-05-10--Nathan Fisher
2	2	Gemfile
10	10	Gemfile.lock
1	1	spec/models/user_spec.rb

--62e8a9ab--2011-05-09--Peter Murray
1	1	app/helpers/children_helper.rb
3	1	app/models/child.rb
1	2	features/manage_forms.feature
0	13	lib/rapid_ftr/form_section_setup.rb

--5b4496c4--2011-05-07--Sreenivas Ananthakrishna
1	1	app/views/children/_photo_upload_box.html.erb
6	0	app/views/children/_picture.html.erb
1	0	features/upload_a_childs_photo.feature
12	0	features/view_child_audio.feature

--2c603a3a--2011-04-25--Jen Smith
1	0	app/views/children/new.html.erb
4	0	spec/views/child/new.html.erb_spec.rb

--3af33ce3--2011-04-22--Jen Smith
3	2	features/api_create_child.feature

--af6c9b07--2011-04-18--Jen Smith
1	1	app/models/child.rb
3	0	app/views/children/show.html.erb
29	1	spec/views/child/show.html.erb_spec.rb

--9e13a9ce--2011-04-06--Jen Smith
1	0	app/models/child.rb
7	0	spec/models/child_spec.rb

--f8c6c482--2011-03-28--Jen Smith
12	0	app/models/child.rb
4	0	spec/models/child_spec.rb

--b449a367--2011-03-28--Jen Smith
1	1	app/models/child.rb
12	0	features/api_create_child.feature
17	8	spec/models/child_spec.rb

--d8d4b7b0--2011-03-28--Jen Smith
12	0	features/step_definitions/api_steps.rb

--11df6702--2011-05-03--chrisgeorge
0	2	public/javascripts/form_section.js

--00f19a35--2011-04-20--Jang-Soo Lee
0	15	features/reorder_fields.feature
4	2	public/javascripts/form_section.js

--f48e4728--2011-04-19--Jang-Soo Lee
3	6	app/views/form_section/_delete_button.html.erb
4	0	app/views/form_section/edit.html.erb
1	1	features/delete_field_from_forms_section.feature
21	12	public/javascripts/form_section.js

--34e10d40--2011-04-04--Jang-Soo Lee
2	6	app/views/form_section/_direction_button.html.erb
58	49	app/views/form_section/edit.html.erb
3	3	app/views/form_section/index.html.erb
2	2	features/step_definitions/form_section_steps.rb
33	7	public/javascripts/form_section.js

--7897a5bd--2011-05-03--Peter Murray
2	7	app/models/child.rb
0	1	app/models/field.rb
0	3	app/views/histories/_flag_change.erb
5	0	app/views/histories/_flag_message_change.erb
7	1	app/views/histories/show.html.erb
2	1	features/manage_forms.feature
13	0	lib/rapid_ftr/form_section_setup.rb
1	1	spec/controllers/children_controller_spec.rb

--60148a51--2011-05-03--Peter Murray
1	1	app/helpers/children_helper.rb
5	6	app/models/child.rb
2	2	app/views/children/_show_child_toolbar.erb
3	0	app/views/children/_summary_row.html.erb
4	4	app/views/histories/_flag_change.erb
14	13	features/flag_child_record.feature
14	4	features/step_definitions/basic_steps.rb
1	1	public/stylesheets/core.css

--2472a9cf--2011-05-02--Peter Murray
4	3	app/helpers/children_helper.rb
7	4	app/models/child.rb
1	1	app/views/children/edit.html.erb
1	1	app/views/children/show.html.erb
4	1	app/views/histories/_flag_change.erb
1	0	app/views/histories/show.html.erb
18	1	features/flag_child_record.feature
1	1	features/step_definitions/basic_steps.rb
-	-	public/images/icon-flag.gif
2	1	public/stylesheets/core.css

--06caf3e0--2011-05-02--Peter Murray
4	0	app/helpers/children_helper.rb
6	1	app/models/child.rb
1	1	app/models/field.rb
1	1	app/views/children/edit.html.erb
1	1	app/views/children/show.html.erb
7	0	app/views/histories/_flag_change.erb
7	0	app/views/histories/show.html.erb
1	1	features/flag_child_record.feature
7	2	features/step_definitions/basic_steps.rb
1	1	lib/rapid_ftr/form_section_setup.rb
13	13	spec/controllers/children_controller_spec.rb

--f9657b41--2011-05-02--Peter Murray
1	0	app/models/child.rb
1	0	app/models/field.rb
19	2	app/views/children/_show_child_toolbar.erb
3	0	app/views/children/edit.html.erb
9	3	app/views/children/show.html.erb
19	0	features/flag_child_record.feature
16	1	features/step_definitions/basic_steps.rb
-	-	public/images/icon-flag.gif
8	0	public/stylesheets/core.css
25	0	spec/controllers/children_controller_spec.rb

--fc096325--2011-04-26--Sreenivas Ananthakrishna
10	6	app/models/child.rb
6	3	app/views/children/_photo_upload_box.html.erb
6	6	app/views/children/_picture.html.erb
8	0	features/step_definitions/basic_steps.rb
6	5	features/step_definitions/photo_thumbnail_steps.rb
16	0	features/upload_a_childs_photo.feature
14	0	spec/models/child_spec.rb

--dabd7176--2011-04-26--Sreenivas Ananthakrishna
35	12	app/models/child.rb
1	1	app/views/children/_photo_upload_box.html.erb
9	6	app/views/children/_picture.html.erb
1	3	features/child_record_validations.feature
1	1	features/create_child_record.feature
4	3	features/edit_child_record.feature
20	1	features/step_definitions/basic_steps.rb
4	4	features/upload_a_childs_photo.feature
6	6	features/view_child_record_log.feature
1	1	lib/rapid_ftr/form_section_setup.rb
3	3	spec/controllers/attachments_controller_spec.rb
2	1	spec/controllers/children_controller_spec.rb
4	3	spec/integration/children_spec.rb
78	64	spec/models/child_spec.rb
6	0	spec/spec_helper.rb

--b09125f8--2011-04-24--Sreenivas Ananthakrishna
0	1	features/assign_unique_id_to_child.feature

--28d859f6--2011-04-21--Jang-Soo Lee
7	1	app/controllers/users_controller.rb
91	3	spec/controllers/users_controller_spec.rb
1	1	spec/support/fake_login.rb

--6832c4a3--2011-04-21--Jang-Soo Lee
2	0	app/views/form_section/edit.html.erb
1	3	public/javascripts/form_section.js
2	1	spec/views/formsections/edit.html.erb_spec.rb

--4ee5408d--2011-04-21--Jang-Soo Lee
2	0	app/models/field.rb
3	1	app/models/form_section.rb
1	1	app/views/fields/_common.html.erb
1	1	app/views/fields/edit.html.erb
5	3	app/views/form_section/edit.html.erb
1	1	lib/rapid_ftr/form_section_setup.rb
1	0	spec/models/field_spec.rb
24	0	spec/models/form_section_spec.rb
37	0	spec/views/Fields/_common.html.erb_spec.rb
26	0	spec/views/formsections/edit.html.erb_spec.rb

--53e7ca90--2011-04-20--Jang-Soo Lee
0	6	app/models/child.rb
1	0	app/models/form_section.rb
0	49	spec/models/child_spec.rb

--5e5173b2--2011-04-20--Jang-Soo Lee
27	12	app/views/children/_search_results.html.erb
3	1	public/stylesheets/core.css

--3d975aa0--2011-04-20--Jang-Soo Lee
20	5	app/controllers/users_controller.rb
3	2	app/views/layouts/application.html.erb
2	2	app/views/users/_edittable_user.html.erb
3	2	app/views/users/edit.html.erb
0	5	app/views/users/show.html.erb
4	0	features/edit_user_details.feature
2	2	public/stylesheets/core.css