--6e596dda--2011-05-17--Sreenivas Ananthakrishna
--4f37eb24--2011-05-13--Sreenivas Ananthakrishna
1	1	app/models/child.rb
17	0	spec/models/child_spec.rb

--747b5c9a--2011-05-13--Sreenivas Ananthakrishna
1	1	spec/integration/children_spec.rb
3	3	spec/models/child_spec.rb
17	0	spec/support/matchers/photo.rb

--6d59ae73--2011-05-13--Sreenivas Ananthakrishna
22	15	app/models/child.rb
1	1	app/views/children/_picture.html.erb
1	1	features/step_definitions/web_steps.rb
4	4	features/upload_a_childs_photo.feature
2	2	spec/controllers/attachments_controller_spec.rb
11	17	spec/integration/children_spec.rb
14	76	spec/models/child_spec.rb

--222c85e9--2011-05-13--Sreenivas Ananthakrishna
0	12	features/view_child.feature

--5b4496c4--2011-05-07--Sreenivas Ananthakrishna
1	1	app/views/children/_photo_upload_box.html.erb
6	0	app/views/children/_picture.html.erb
1	0	features/upload_a_childs_photo.feature
12	0	features/view_child_audio.feature

--2c603a3a--2011-04-25--Jen Smith
1	0	app/views/children/new.html.erb
4	0	spec/views/child/new.html.erb_spec.rb

--3af33ce3--2011-04-22--Jen Smith
3	2	features/api_create_child.feature

--af6c9b07--2011-04-18--Jen Smith
1	1	app/models/child.rb
3	0	app/views/children/show.html.erb
29	1	spec/views/child/show.html.erb_spec.rb

--9e13a9ce--2011-04-06--Jen Smith
1	0	app/models/child.rb
7	0	spec/models/child_spec.rb

--f8c6c482--2011-03-28--Jen Smith
12	0	app/models/child.rb
4	0	spec/models/child_spec.rb

--b449a367--2011-03-28--Jen Smith
1	1	app/models/child.rb
12	0	features/api_create_child.feature
17	8	spec/models/child_spec.rb

--d8d4b7b0--2011-03-28--Jen Smith
12	0	features/step_definitions/api_steps.rb

--11df6702--2011-05-03--chrisgeorge
0	2	public/javascripts/form_section.js

--00f19a35--2011-04-20--Jang-Soo Lee
0	15	features/reorder_fields.feature
4	2	public/javascripts/form_section.js

--f48e4728--2011-04-19--Jang-Soo Lee
3	6	app/views/form_section/_delete_button.html.erb
4	0	app/views/form_section/edit.html.erb
1	1	features/delete_field_from_forms_section.feature
21	12	public/javascripts/form_section.js

--34e10d40--2011-04-04--Jang-Soo Lee
2	6	app/views/form_section/_direction_button.html.erb
58	49	app/views/form_section/edit.html.erb
3	3	app/views/form_section/index.html.erb
2	2	features/step_definitions/form_section_steps.rb
33	7	public/javascripts/form_section.js

--fc096325--2011-04-26--Sreenivas Ananthakrishna
10	6	app/models/child.rb
6	3	app/views/children/_photo_upload_box.html.erb
6	6	app/views/children/_picture.html.erb
8	0	features/step_definitions/basic_steps.rb
6	5	features/step_definitions/photo_thumbnail_steps.rb
16	0	features/upload_a_childs_photo.feature
14	0	spec/models/child_spec.rb

--dabd7176--2011-04-26--Sreenivas Ananthakrishna
35	12	app/models/child.rb
1	1	app/views/children/_photo_upload_box.html.erb
9	6	app/views/children/_picture.html.erb
1	3	features/child_record_validations.feature
1	1	features/create_child_record.feature
4	3	features/edit_child_record.feature
20	1	features/step_definitions/basic_steps.rb
4	4	features/upload_a_childs_photo.feature
6	6	features/view_child_record_log.feature
1	1	lib/rapid_ftr/form_section_setup.rb
3	3	spec/controllers/attachments_controller_spec.rb
2	1	spec/controllers/children_controller_spec.rb
4	3	spec/integration/children_spec.rb
78	64	spec/models/child_spec.rb
6	0	spec/spec_helper.rb

--2faef183--2011-04-25--jennifersmith
--b09125f8--2011-04-24--Sreenivas Ananthakrishna
0	1	features/assign_unique_id_to_child.feature

--1dba1093--2011-04-23--Gil Peeters
15	3	app/models/child.rb
41	5	spec/models/child_spec.rb

--44b94c9d--2011-04-23--Gil Peeters
11	4	app/models/file_attachment.rb
44	18	spec/models/file_attachment_spec.rb

--dffcfdb8--2011-04-23--Gil Peeters
22	6	app/models/child.rb
92	14	spec/models/child_spec.rb