--6da0dacd--2014-08-19--Kisitu Augustine
--9025c01d--2014-08-18--ctumwebaze
--4242114d--2014-08-13--Charles Tumwebaze
31	0	app/controllers/enquiries_controller.rb
114	78	app/models/ability.rb
12	6	app/models/enquiry.rb
4	4	app/models/field.rb
4	4	app/models/field_option.rb
2	2	app/models/forms/standard_forms_form.rb
2	1	app/models/permission.rb
0	15	app/views/children/_check_boxes.html.erb
0	10	app/views/children/_date_field.html.erb
0	9	app/views/children/_form_section.html.erb
0	12	app/views/children/_numeric_field.html.erb
0	8	app/views/children/_select_box.html.erb
3	1	app/views/children/_show_child_toolbar.erb
0	13	app/views/children/_show_form_section.html.erb
0	8	app/views/children/_text_field.html.erb
0	7	app/views/children/_textarea.html.erb
2	2	app/views/children/edit.html.erb
3	2	app/views/children/new.html.erb
2	2	app/views/children/show.html.erb
19	0	app/views/enquiries/new.html.erb
74	0	app/views/enquiries/show.html.erb
1	0	app/views/form_section/_form_section.html.erb
7	0	app/views/home/index.html.erb
0	0	app/views/{children => shared}/_audio_player.html.erb
1	1	app/views/{children => shared}/_audio_upload_box.html.erb
15	0	app/views/shared/_check_boxes.html.erb
10	0	app/views/shared/_date_field.html.erb
6	6	app/views/{children => shared}/_field_display_audio.html.erb
1	1	app/views/{children => shared}/_field_display_basic.html.erb
2	2	app/views/{children => shared}/_field_display_photo.html.erb
9	0	app/views/shared/_form_section.html.erb
0	0	app/views/{children => shared}/_form_section_info.html.erb
12	0	app/views/shared/_numeric_field.html.erb
1	1	app/views/{children => shared}/_photo_upload_box.html.erb
2	2	app/views/{children => shared}/_radio_button.html.erb
8	0	app/views/shared/_select_box.html.erb
13	0	app/views/shared/_show_form_section.html.erb
0	0	app/views/{children => shared}/_tabs.html.erb
8	0	app/views/shared/_text_field.html.erb
7	0	app/views/shared/_textarea.html.erb
10	1	config/locales/en.yml
5	0	config/routes.rb
28	0	features/enquiry_record_functionality.feature
1	0	features/home_page_link.feature
1	0	features/support/data_populator.rb
127	0	spec/controllers/enquiries_controller_spec.rb
10	0	spec/factories.rb
2	3	spec/integration/match_service_spec.rb
4	2	spec/integration/solar_spec.rb
2	0	spec/models/enquiry_spec.rb
7	8	spec/models/field_option_spec.rb
8	7	spec/models/field_spec.rb
6	6	spec/models/forms/standard_forms_form_spec.rb
3	4	spec/support/fake_login.rb
25	25	spec/views/children/edit.html.erb_spec.rb
3	3	spec/views/children/field_i18n.erb_spec.rb
2	3	spec/views/children/show.html.erb_spec.rb
22	0	spec/views/enquiries/new.html.erb_spec.rb
28	0	spec/views/enquiries/show.html.erb_spec.rb
2	2	spec/views/{children => shared}/_audio_upload_box.erb_spec.rb
2	2	spec/views/{children => shared}/_check_boxes.html.erb_spec.rb
3	4	spec/views/{children => shared}/_date_field.erb_spec.rb
4	4	spec/views/{children => shared}/_form_section_info.html.erb_spec.rb
3	3	spec/views/{children => shared}/_numeric_field.erb_spec.rb
3	3	spec/views/{children => shared}/_photo_upload_box.erb_spec.rb
3	3	spec/views/{children => shared}/_radio_button.erb_spec.rb
3	3	spec/views/{children => shared}/_select_box.erb_spec.rb
3	3	spec/views/{children => shared}/_text_field.erb_spec.rb
2	2	spec/views/{children => shared}/_textarea.erb_spec.rb
16	15	spec/views/{children => shared}/form_section.html.erb_spec.rb

--84acf580--2014-08-18--rdsubhas
4	2	lib/tasks/quality.rake

--c0739fa9--2014-08-18--rdsubhas
30	21	lib/tasks/quality.rake

--8dda1305--2014-08-18--Tom Clement Oketch
--590576a1--2014-08-18--Tom Oketch
1	1	db/seeds.rb

--bc869777--2014-08-18--Kisitu Augustine
--0747ae5d--2014-08-14--Kisitu Augustine
--a3a2b944--2014-08-08--Kisitu Augustine
11	4	app/services/standard_forms_service.rb
165	26	spec/services/standard_forms_service_spec.rb

--ad98d423--2014-08-08--Kisitu Augustine
24	20	app/services/standard_forms_service.rb
24	3	spec/services/standard_forms_service_spec.rb

--dc7b4d67--2014-08-08--Kisitu Augustine
4	0	app/models/form.rb

--36246fa2--2014-08-07--Kisitu Augustine
--d5e6be4c--2014-08-07--andreweskeclarke
1	27	app/controllers/forms_controller.rb
16	1	app/models/form.rb
1	1	app/models/form_section.rb
3	10	app/models/forms/standard_forms_form.rb
67	0	app/services/standard_forms_service.rb
3	4	app/views/standard_forms/index.html.erb
87	0	spec/services/standard_forms_service_spec.rb

--6720c2c2--2014-08-07--Kisitu Augustine
--a9e23e78--2014-08-07--Kisitu Augustine
--b9713159--2014-08-07--andreweskeclarke
0	1	app/controllers/standard_forms_controller.rb
19	3	app/models/forms/standard_forms_form.rb
20	16	app/views/standard_forms/index.html.erb

--aab48349--2014-08-06--andreweskeclarke
2	0	app/controllers/forms_controller.rb
2	37	app/controllers/standard_forms_controller.rb
74	0	app/models/forms/standard_forms_form.rb
31	40	app/views/standard_forms/index.html.erb
3	76	spec/controllers/standard_forms_controller_spec.rb
106	0	spec/models/forms/standard_forms_form_spec.rb

--a4684bed--2014-08-05--andreweskeclarke
31	2	app/controllers/standard_forms_controller.rb
2	2	app/views/standard_forms/index.html.erb
64	4	spec/controllers/standard_forms_controller_spec.rb

--07c246a4--2014-08-05--andreweskeclarke
2	0	Gemfile
6	0	Gemfile.lock
2	0	app/assets/javascripts/application.js
1	0	app/assets/stylesheets/application.scss
67	30	app/views/standard_forms/index.html.erb

--21c4249b--2014-08-04--andreweskeclarke
28	0	app/controllers/forms_controller.rb
4	0	app/controllers/standard_forms_controller.rb
6	1	app/models/form.rb
6	0	app/models/form_section.rb
29	23	app/views/standard_forms/index.html.erb
3	2	config/routes.rb
8	0	db/seeds.rb
4	8	lib/rapid_ftr/children_form_section_setup.rb
13	8	lib/rapid_ftr/enquiries_form_section_setup.rb
98	1	spec/controllers/forms_controller_spec.rb