--a944e7fa--2011-03-14--chrisgeorge
--b2c2ea03--2011-03-11--dahlia
3	1	app/views/children/_form_section.html.erb
3	2	public/stylesheets/core.css
31	0	spec/views/child/form_section.html.erb_spec.rb

--ca5d5f88--2011-03-09--Tom Elkin
10	0	app/views/children/_show_child_toolbar.erb
19	25	app/views/children/show.html.erb
-	-	public/images/icon-accordion.gif
-	-	public/images/icon-back.gif
-	-	public/images/icon-calendar.gif
-	-	public/images/icon-circle.gif
-	-	public/images/icon-download.gif
-	-	public/images/icon-edit.gif
-	-	public/images/icon-tick.gif
-	-	public/images/icon-x.gif
21	19	public/stylesheets/core.css

--d2c2e53b--2011-03-08--Timothy Cochran
8	1	app/models/user.rb
1	1	app/views/users/_edittable_user.html.erb
0	1	features/create_and_view_user.feature

--9dc4d5cc--2011-03-08--dahlia
4	1	app/controllers/form_section_controller.rb
8	2	app/models/form_section.rb
11	1	app/views/children/_form_section.html.erb
5	1	app/views/form_section/edit.html.erb
2	2	public/stylesheets/core.css
2	2	spec/controllers/form_section_controller_spec.rb
8	2	spec/models/form_section_spec.rb