--97e25763--2011-03-01--Timothy Cochran
--4b1192da--2011-03-01--Timothy Cochran
15	0	app/controllers/advanced_search_controller.rb
9	0	app/helpers/advanced_search_helper.rb
2	1	app/models/advanced_search.rb
18	9	app/models/child.rb
6	0	app/models/field.rb
7	2	app/models/form_section.rb
55	0	app/models/search_criteria.rb
9	0	app/models/search_service.rb
3	0	app/models/searchable.rb
83	0	app/views/advanced_search/index.html.erb
2	1	config/routes.rb
-	-	public/images/dialog-close.png
95	0	public/javascripts/advanced_search.js
1	0	public/javascripts/jquery.tmpl.min.js
39	0	public/stylesheets/core.css
2	0	public/stylesheets/rapidftr.css
56	0	spec/controllers/advanced_search_controller_spec.rb
104	0	spec/models/advanced_search_service_spec.rb
24	17	spec/models/child_spec.rb
5	3	spec/models/field_spec.rb
113	0	spec/models/search_criteria_spec.rb

--41822f32--2011-02-22--John D. Hume
22	19	db/seeds.rb
1	2	features/support/reset_couchdb.rb
2	2	lib/{rapidftr_default_db_setup.rb => rapid_ftr/form_section_setup.rb}
2	2	lib/{suggested_fields_db_setup.rb => rapid_ftr/suggested_fields_setup.rb}

--2d4a03ad--2011-02-15--chrisgeorge
1	0	app/models/form_section.rb
1	1	app/views/form_section/edit.html.erb
2	2	app/views/form_section/index.html.erb
5	1	features/create_custom_fields.feature
5	4	features/edit_form_section.feature
2	0	features/manage_forms.feature
10	0	features/step_definitions/form_section_steps.rb
9	1	lib/rapidftr_default_db_setup.rb
13	0	spec/models/form_section_spec.rb
1	1	spec/views/formsections/index.html.erb_spec.rb

--d49d605a--2011-02-15--chrisgeorge
1	1	app/models/child.rb

--6f3ac4a0--2011-02-08--rgan
1	1	app/models/child.rb
7	0	features/step_definitions/basic_steps.rb
12	12	features/view_child_record_log.feature
4	2	spec/controllers/children_controller_spec.rb
8	4	spec/models/child_spec.rb