--b68cd90d--2011-02-07--chrisgeorge
--8114360e--2011-02-07--chrisgeorge
1	1	app/views/fields/_common.html.erb
15	0	features/edit_custom_fields.feature

--a4a59982--2011-02-07--chrisgeorge
18	0	app/views/fields/_common.html.erb

--a6139213--2011-02-07--chrisgeorge
1	1	app/controllers/fields_controller.rb
1	18	app/views/fields/_basic_form.html.erb
1	12	app/views/fields/_multiple_choice_form.html.erb
5	4	spec/controllers/fields_controller_spec.rb

--9128cf4e--2011-02-07--John D. Hume
1	1	lib/extensions/couchrest/custom_fields_validator.rb
1	1	spec/models/child_spec.rb

--ff2a9b3c--2011-02-07--chrisgeorge
2	1	app/controllers/fields_controller.rb
5	0	app/views/fields/_basic_form.html.erb
15	2	spec/controllers/fields_controller_spec.rb

--450c5aaf--2011-02-06--chrisgeorge
4	3	app/controllers/fields_controller.rb
31	15	spec/controllers/fields_controller_spec.rb

--1153981d--2011-02-05--rgan
1	0	app/models/child.rb
1	1	app/views/children/_date_field.html.erb
2	2	features/add_custom_field_to_form_section.feature
18	0	lib/extensions/couchrest/custom_fields_validator.rb
15	0	spec/models/child_spec.rb

--fdc6f231--2011-01-31--chrisgeorge
6	0	app/controllers/fields_controller.rb
34	4	spec/controllers/fields_controller_spec.rb