--89fcd50f--2010-12-28--Zubair Khan
--cff39084--2010-12-28--Zubair Khan
--2549fc51--2010-12-26--Timothy Cochran
3	1	app/controllers/fields_controller.rb
3	4	app/models/field.rb
1	1	app/views/children/_form_section.html.erb
1	1	app/views/fields/_basic_form.html.erb
1	1	app/views/fields/_multiple_choice_form.html.erb
2	2	app/views/form_section/edit.html.erb
2	2	features/add_suggested_field_to_form_sections.feature
28	0	features/edit_custom_fields.feature
3	1	features/step_definitions/basic_steps.rb
3	0	features/support/paths.rb
5	10	spec/models/field_spec.rb

--f35d5eaa--2010-12-26--Timothy Cochran
--ca1f2e01--2010-12-26--Timothy Cochran
36	25	app/controllers/fields_controller.rb
51	23	app/models/field.rb
27	0	app/views/fields/_basic_form.html.erb
0	26	app/views/fields/_basic_new_field_form.html.erb
8	7	app/views/fields/_multiple_choice_form.html.erb
27	0	app/views/fields/choose.html.erb
1	0	app/views/fields/edit.html.erb
2	27	app/views/fields/new.html.erb
0	1	app/views/fields/new_check_box.html.erb
0	1	app/views/fields/new_date_field.html.erb
0	1	app/views/fields/new_numeric_field.html.erb
0	2	app/views/fields/new_radio_button.html.erb
0	4	app/views/fields/new_select_box.html.erb
0	1	app/views/fields/new_text_field.html.erb
0	1	app/views/fields/new_textarea.html.erb
7	6	app/views/form_section/edit.html.erb
6	3	config/routes.rb
4	4	features/add_custom_field_to_form_section.feature
2	2	features/add_suggested_field_to_form_sections.feature
4	4	features/create_custom_fields.feature
1	1	features/step_definitions/form_section_steps.rb
1	1	features/support/paths.rb
1	1	lib/rapidftr_default_db_setup.rb
2	0	public/stylesheets/core.css
4	9	spec/controllers/fields_controller_spec.rb
20	4	spec/models/field_spec.rb
16	0	spec/models/form_section_spec.rb
27	25	spec/views/child/form_section.html.erb_spec.rb

--f2f9fbd7--2010-12-26--Jen Smith
1	1	app/models/search.rb
8	1	features/basic_search.feature
6	0	spec/models/search_spec.rb

--5846bbc1--2010-12-26--Jen Smith
5	0	app/helpers/application_helper.rb
1	1	app/views/children/index.html.erb
10	5	features/manage_children.feature

--e9f4deec--2010-12-14--Timothy Cochran