--789ae4f2--2010-12-18--Jen Smith
--b897f61b--2010-12-18--Jen Smith
5	0	app/views/users/show.html.erb
4	0	features/step_definitions/web_steps.rb
4	0	features/user_disable.feature

--abc80a66--2010-12-15--Jen Smith
5	3	app/models/child.rb
1	0	app/models/field.rb
11	0	app/models/form_section.rb
3	0	config/initializers/inflections.rb
29	0	features/child_record_validations.feature
21	1	features/step_definitions/basic_steps.rb
49	15	lib/extensions/couchrest/custom_fields_validator.rb
51	10	spec/models/child_spec.rb

--871cd88c--2010-12-15--Jen Smith
-	-	features/resources/sample.wav
6	1	features/view_child.feature
2	2	jmeter/RapidFTR.jmx
2	0	spec/spec_helper.rb

--36dd3d17--2010-12-14--cgeorge
--a80e59b4--2010-12-14--cgeorge
2	0	config/nginx-production.conf

--f066106a--2010-12-14--cgeorge
2	2	config/nginx-uat.conf

--d26d9a68--2010-12-14--cgeorge
2	0	config/nginx-uat.conf

--db453c4f--2010-12-14--asifmomin
--aa8c2fe9--2010-12-14--asifmomin
2	5	app/controllers/histories_controller.rb
7	0	spec/controllers/histories_controller_spec.rb

--2976343f--2010-12-13--Jen Smith
3	2	app/views/children/show.html.erb
1	1	features/step_definitions/more_web_steps.rb
0	1	features/view_child.feature

--797c93b6--2010-12-13--Jen Smith
1	0	features/resources/sample.band/Contents/PkgInfo
-	-	features/resources/sample.band/Output/Output.aif
-	-	features/resources/sample.band/Output/arrange_screenshot.tiff
40	0	features/resources/sample.band/Output/metadata.plist
9358	0	features/resources/sample.band/projectData
-	-	features/resources/sample.mp3
8	0	features/view_child.feature

--3b6de2a8--2010-12-13--Jen Smith
1	1	app/models/child.rb
5	0	app/views/children/show.html.erb
5	0	features/step_definitions/more_web_steps.rb

--163d136d--2010-12-13--Jen Smith
1	1	app/models/child.rb

--a72a9b27--2010-12-13--Jen Smith
1	1	app/models/child.rb
1	1	db/seeds.rb
10	0	features/step_definitions/basic_steps.rb
4	0	features/step_definitions/database_steps.rb
14	3	spec/spec_helper.rb

--05f305d7--2010-12-13--Zubair Khan
1	2	app/helpers/contact_information_helper.rb
1	0	app/models/contact_information.rb
8	4	app/views/contact_information/edit.html.erb
1	0	app/views/contact_information/show.html.erb
1	1	db/seeds.rb

--10e97761--2010-12-13--Zubair Khan
--3e85f351--2010-12-13--Zubair Khan
0	3	Gemfile.lock

--c18d4cfa--2010-12-07--Jen Smith
5	4	public/stylesheets/core.css

--45523610--2010-12-01--Jen Smith
5	1	app/views/users/index.html.erb
7	0	features/step_definitions/more_web_steps.rb
4	2	features/user_disable.feature

--8d9cfadf--2010-12-08--asifmomin
3	3	public/javascripts/session_timeout.js

--64a9c5ad--2010-12-08--asifmomin
5	1	app/controllers/sessions_controller.rb
8	0	app/views/layouts/application.html.erb
2	0	config/routes.rb
4	0	public/javascripts/application.js
156	0	public/javascripts/jquery.idletimeout.js
148	0	public/javascripts/jquery.idletimer.js
44	0	public/javascripts/session_timeout.js
10	0	spec/controllers/session_controller_spec.rb
4	0	spec/routing/sessions_routing_spec.rb

--85d78cc9--2010-12-06--Francisco Trindade
2	15	app/models/child.rb
1	0	config/environment.rb
52	0	lib/extensions/couchrest/custom_fields_validator.rb
17	2	spec/models/child_spec.rb
3	1	vendor/plugins/couchrest-rails/init.rb