--831a5e50--2010-11-29--Tom Elkin
--ecebbf71--2010-11-29--Tom Elkin
--34631c0d--2010-11-26--pawan
7	4	app/views/users/_edittable_user.html.erb
2	1	features/edit_user_details.feature

--9ac2b009--2010-11-25--pawan
4	2	app/views/users/_edittable_user.html.erb
8	1	app/views/users/index.html.erb
7	0	features/edit_user_details.feature
1	1	features/manage_users.feature

--78ba89df--2010-11-24--pawan
6	0	app/helpers/application_helper.rb
1	1	app/views/children/edit.html.erb
1	1	app/views/children/new.html.erb
3	2	features/create_child_record.feature
1	1	features/edit_child_record.feature
1	0	public/stylesheets/core.css

--e4c07335--2010-11-24--pawan
3	1	app/views/layouts/application.html.erb

--38708dcc--2010-11-23--pawan
1	3	app/views/layouts/application.html.erb

--9d732a06--2010-11-29--John D. Hume
23	0	config/nginx-production.conf
26	0	config/nginx-uat.conf

--f8800626--2010-11-29--Kai Ramuenke
1	1	app/views/form_section/edit.html.erb

--58de33d2--2010-11-29--Kai Ramuenke
2	1	app/controllers/fields_controller.rb
13	0	app/views/fields/confirm_toggle.html.erb
0	47	app/views/fields/index.html.erb
18	5	app/views/form_section/edit.html.erb
1	0	config/routes.rb
23	8	features/disable_enable_form_fields.feature
6	0	features/step_definitions/basic_steps.rb
14	4	spec/controllers/fields_controller_spec.rb
17	0	spec/views/formsections/edit.html.erb_spec.rb

--d9b9cc76--2010-11-28--Jen Smith
1	1	app/views/children/_date_field.html.erb

--df6def8e--2010-11-28--Jen Smith
4	4	app/views/children/show.html.erb
21	14	public/stylesheets/core.css
2	2	spec/views/child/show.html.erb_spec.rb