--fe25a596--2010-11-09--Tom Elkin
--49e3427f--2010-11-09--John D. Hume
1	1	spec/controllers/children_controller_spec.rb

--63ddb425--2010-11-09--Michael Schubert
14	15	app/controllers/children_controller.rb
8	1	spec/controllers/children_controller_spec.rb

--2785d744--2010-11-09--Michael Schubert
1	1	app/views/layouts/application.html.erb

--9f526dc2--2010-11-09--Michael Schubert
38	43	README => README.md

--7dc1e748--2010-11-09--Michael Schubert
3	2	lib/tasks/sunspot.rake

--321740d8--2010-11-08--Zubair Khan
--364caaab--2010-11-06--Jen Smith
1	0	app/controllers/children_controller.rb
11	11	features/csv_export.feature
6	6	spec/controllers/children_controller_spec.rb

--9321b910--2010-11-06--Jen Smith
6	5	app/controllers/children_controller.rb
3	0	app/views/admin/index.html.erb
24	6	features/csv_export.feature
19	0	features/step_definitions/csv_steps.rb

--d5bf3c10--2010-11-01--Francisco Trindade
17	13	app/controllers/children_controller.rb
2	0	features/basic_search.feature
4	0	features/step_definitions/basic_steps.rb
10	0	spec/controllers/children_controller_spec.rb

--36e0de8e--2010-10-27--Francisco Trindade
1	1	app/controllers/children_controller.rb
7	5	app/models/summary.rb
4	2	spec/controllers/children_controller_spec.rb
14	0	spec/models/summary_spec.rb

--393838bd--2010-10-26--Francisco Trindade
15	37	spec/controllers/children_controller_spec.rb

--40259815--2010-10-26--Francisco Trindade
9	4	app/controllers/children_controller.rb
2	0	app/views/children/advanced_search.html.erb
5	1	spec/controllers/children_controller_spec.rb

--fcbdc255--2010-10-26--Francisco Trindade
26	0	spec/controllers/children_controller_spec.rb

--fc72478f--2010-10-26--Francisco Trindade
14	0	app/models/advanced_search.rb
25	0	spec/models/advanced_search_spec.rb

--c8b9e1e6--2010-10-25--Francisco Trindade
5	2	app/controllers/children_controller.rb
2	0	app/views/children/search.html.erb
6	0	features/basic_search.feature
4	0	features/step_definitions/basic_steps.rb
21	1	spec/controllers/children_controller_spec.rb

--837c8695--2010-10-25--Francisco Trindade
2	1	app/models/child.rb
1	0	app/models/search.rb
13	8	spec/models/child_spec.rb
10	0	spec/models/search_spec.rb

--bba4319c--2010-10-24--Francisco Trindade
4	1	app/controllers/children_controller.rb
36	27	spec/controllers/children_controller_spec.rb

--f230bddf--2010-10-24--Francisco Trindade
2	1	app/models/child.rb
18	13	spec/models/child_spec.rb

--4464be49--2010-10-24--Francisco Trindade
12	0	app/models/search.rb
10	0	spec/models/search_spec.rb

--9c4df9ff--2010-10-24--Francisco Trindade
0	4	app/controllers/children_controller.rb

--fff47715--2010-10-28--Francisco Trindade
5	0	features/create_child_record.feature
3	0	features/edit_child_record.feature
8	0	features/step_definitions/basic_steps.rb
14	0	spec/support/hpricot_search.rb

--f8ad22cb--2010-10-28--Francisco Trindade
1	1	app/controllers/sessions_controller.rb
1	1	app/models/suggested_field.rb
1	1	features/step_definitions/basic_steps.rb
1	1	features/step_definitions/photo_thumbnail_steps.rb
6	6	spec/controllers/child_media_controller_spec.rb
2	2	spec/controllers/form_section_controller_spec.rb
1	1	spec/models/form_section_spec.rb
14	27	spec/routing/formsection_routing_spec.rb
2	2	spec/views/child/show.html.erb_spec.rb
2	2	spec/views/histories/show.html.erb_spec.rb