--cffa0950--2010-03-22--John D. Hume
--ce1ba102--2010-03-21--cgeorge
13	36	spec/models/child_spec.rb

--1f3cb449--2010-03-21--cgeorge
6	0	app/helpers/histories_helper.rb
1	1	app/views/histories/_history_change.html.erb
2	4	features/view_child_record_log.feature
25	0	spec/helpers/histories_helper_spec.rb

--5a2fe89e--2010-03-21--cgeorge
0	1	features/view_child_record_log.feature

--5a57808f--2010-03-21--cgeorge
0	0	app/views/histories/{_photo_record.html.erb => _photo_history_change.html.erb}
1	1	app/views/histories/show.html.erb

--6d67a792--2010-03-21--Pete Hodgson
7	7	features/view_child_record_log.feature

--fdfff49e--2010-03-21--Pete Hodgson
--3de56cc5--2010-03-18--Pete Hodgson
12	9	app/controllers/application_controller.rb
33	0	app/controllers/checks_authentication.rb
1	0	app/controllers/children_controller.rb
18	3	app/controllers/sessions_controller.rb
3	2	app/models/login.rb
25	12	app/models/session.rb
0	18	app/views/sessions/index.html.erb
5	0	app/views/sessions/show.xml.builder
2	0	app/views/shared/status_401.html.erb
6	0	app/views/shared/status_401.json.erb
1	1	config/routes.rb
26	0	features/authentication.feature
9	2	features/step_definitions/basic_steps.rb
4	4	features/step_definitions/database_steps.rb
26	0	features/step_definitions/more_web_steps.rb
17	10	features/support/paths.rb
4	3	features/user_login.feature
3	2	features/view_child_record_log.feature
18	0	lib/auth_failure.rb
4	0	lib/error_response.rb
99	0	spec/controllers/checks_authentication_spec.rb

--f4accd81--2010-03-21--cgeorge
3	0	app/views/histories/_history_change.html.erb
1	1	app/views/histories/_photo_record.html.erb
17	7	app/views/histories/show.html.erb
0	30	features/pending_requirements/view_child_record_log.feature
28	0	features/view_child_record_log.feature

--d92ff0cc--2010-03-21--Zubair Khan
-	-	doc/rapidftr_interaction.png

--94340d0f--2010-03-20--John D. Hume
2	1	app/models/user.rb
6	0	features/step_definitions/database_steps.rb
9	0	features/user_login.feature
16	1	spec/models/user_spec.rb

--695bacc2--2010-03-20--John D. Hume
0	12	app/models/session.rb

--a652f4e8--2010-03-20--John D. Hume
1	1	app/models/login.rb
1	1	app/models/user.rb