--47f8b078--2010-03-08--=
--411cb64b--2010-03-08--=
36	2	app/models/templates.rb
5	0	app/views/children/summaries/_summary_row.html.erb
4	6	app/views/children/summaries/show.html.erb
4	0	features/basic_search.feature
1	1	spec/models/summary_spec.rb
30	0	spec/views/children/summaries/show.html.erb_spec.rb

--c797e959--2010-02-24--Zubair
15	5	app/models/summary.rb
2	2	spec/controllers/children/summaries_controller_spec.rb
28	0	spec/models/summary_spec.rb

--2ce6d197--2010-02-24--Zubair
1	1	app/controllers/children/summaries_controller.rb
4	0	app/models/search_request.rb
15	11	app/models/summary.rb
7	0	app/views/children/summaries/_search_form.html.erb
1	7	app/views/children/summaries/new.html.erb
13	1	app/views/children/summaries/show.html.erb
10	0	features/basic_search.feature
34	2	features/step_definitions/basic_steps.rb

--b39f9324--2010-02-23--Zubair
3	3	app/controllers/children/summaries_controller.rb
6	6	app/models/search_request.rb
43	0	app/models/summary.rb
4	2	app/views/children/summaries/new.html.erb
5	0	app/views/children/summaries/show.html.erb
2	2	features/basic_search.feature
6	0	features/support/paths.rb
4	4	spec/controllers/children/summaries_controller_spec.rb
1	1	spec/views/children/summaries/new.html.erb_spec.rb

--b915168c--2010-02-22--Zubair Khan
0	1	spec/controllers/children/summaries_controller_spec.rb

--3ba59de9--2010-02-22--Zubair
3	1	app/controllers/application_controller.rb
3	2	app/controllers/children/summaries_controller.rb
3	0	app/helpers/summaries_helper.rb
22	3	spec/controllers/children/summaries_controller_spec.rb

--0406712b--2010-02-22--Zubair
1	1	spec/models/search_request_spec.rb

--29beab84--2010-02-22--Zubair
16	4	app/models/search_request.rb

--0e1ae2d9--2010-02-19--Zubair
1	0	spec/controllers/children/summaries_controller_spec.rb

--f3fdc4b2--2010-02-18--Zubair
3	0	app/controllers/application_controller.rb
7	0	app/models/search_request.rb
1	2	spec/controllers/children/summaries_controller_spec.rb

--3a10ebbb--2010-02-18--Zubair
1	1	app/models/search_request.rb
0	1	spec/controllers/children/summaries_controller_spec.rb

--adc03b72--2010-02-22--Zubair
16	4	app/models/search_request.rb
23	0	spec/models/search_request_spec.rb

--705dd5b7--2010-02-19--Zubair
3	7	spec/controllers/children/summaries_controller_spec.rb

--43856b3a--2010-02-18--Zubair
2	1	app/controllers/children/summaries_controller.rb
7	1	app/models/search_request.rb
25	6	spec/controllers/children/summaries_controller_spec.rb

--cd4baa1a--2010-02-18--Zubair
14	0	app/controllers/children/summaries_controller.rb
4	0	app/controllers/children_controller.rb
2	0	app/helpers/summaries_helper.rb
4	0	app/models/search_request.rb
0	0	app/views/children/summaries/create.html.erb
7	0	app/views/children/summaries/new.html.erb
0	0	app/views/children/summaries/show.html.erb
7	0	config/routes.rb
12	0	features/basic_search.feature
12	0	features/step_definitions/basic_steps.rb
3	8	features/support/paths.rb
20	0	spec/controllers/children/summaries_controller_spec.rb
11	0	spec/helpers/summaries_helper_spec.rb
24	0	spec/views/children/summaries/new.html.erb_spec.rb

--bb483b34--2010-03-04--Srinivas Murthy
2	2	features/edit_child_record.feature

--3ec19c5e--2010-03-03--=
2	1	app/controllers/children_controller.rb
6	2	app/models/child.rb
12	0	features/step_definitions/basic_steps.rb
7	7	features/support/paths.rb
6	0	features/upload_a_childs_photo.feature
30	15	spec/models/child_spec.rb
30	3	spec/spec_helper.rb

--8524e465--2010-03-01--Srinivas Murthy
1	2	features/add_family_details_to_a_child_record.feature
1	0	features/edit_child_record.feature

--07e99f5c--2010-03-01--Srinivas Murthy
1	1	features/add_family_details_to_a_child_record.feature
57	0	features/edit_child_record.feature

--4d89d807--2010-03-01--cgeorge
9	3	app/models/child.rb
1	1	app/models/templates.rb
38	6	spec/models/child_spec.rb

--be0c8c8a--2010-02-28--cgeorge
2	2	app/models/child.rb

--cd37156c--2010-02-28--cgeorge
1	1	app/models/child.rb
2	2	spec/models/child_spec.rb

--8cb21657--2010-02-27--cgeorge
3	2	app/models/child.rb
15	4	spec/models/child_spec.rb

--d936c7ce--2010-02-27--cgeorge
2	4	app/controllers/children_controller.rb
3	1	app/models/child.rb
21	5	spec/models/child_spec.rb

--f1a53546--2010-02-27--cgeorge
2	0	app/models/child.rb
19	8	spec/models/child_spec.rb

--4432157b--2010-02-27--cgeorge
1	0	app/models/child.rb
4	4	spec/models/child_spec.rb

--28921be0--2010-02-27--cgeorge
1	2	app/controllers/children_controller.rb
5	0	app/models/child.rb
15	0	spec/models/child_spec.rb

--ab533fe4--2010-02-27--cgeorge
7	8	app/models/child.rb

--c81357b3--2010-02-26--cgeorge
--2570778c--2010-02-26--cgeorge
5	5	spec/models/child_spec.rb

--93e90fb3--2010-02-26--cgeorge
6	4	app/models/child.rb
70	60	spec/models/child_spec.rb

--18b26f7c--2010-02-26--cgeorge
14	11	app/models/child.rb
15	35	spec/models/child_spec.rb

--6e1bb595--2010-02-26--Babitha
4	2	app/models/login.rb
4	0	app/models/user.rb
10	2	features/user_login.feature

--de9b7326--2010-02-26--Babitha
--e88118f4--2010-02-26--Babitha
20	11	app/controllers/sessions_controller.rb
20	2	app/models/login.rb
7	3	app/models/user.rb
1	1	app/views/sessions/new.html.erb
9	1	features/user_login.feature

--c14c0f39--2010-02-25--Zubair
1	1	app/models/child.rb
4	3	spec/models/child_spec.rb

--60b599b3--2010-02-25--Ikenna Nwaiwu
--6fb71389--2010-02-25--Ikenna Nwaiwu
15	2	app/models/templates.rb
10	38	features/add_family_details_to_a_child_record.feature
5	2	features/create_child_record.feature
0	6	spec/controllers/children_controller_spec.rb

--6068eee9--2010-02-25--Zubair
1	9	spec/models/child_spec.rb
2	0	spec/spec_helper.rb

--c3e3d45d--2010-02-25--Zubair
2	2	app/models/child.rb
20	0	spec/models/child_spec.rb

--3a14fd1f--2010-02-25--Babitha
--c40da361--2010-02-25--Babitha
1	0	.gitignore
60	0	app/controllers/sessions_controller.rb
2	0	app/helpers/sessions_helper.rb
0	7	app/models/field.rb
5	0	app/models/login.rb
5	0	app/models/session.rb
1	0	app/models/templates.rb
2	1	app/models/user.rb
1	1	app/views/children/new.html.erb
17	0	app/views/layouts/sessions.html.erb
18	0	app/views/sessions/index.html.erb
18	0	app/views/sessions/new.html.erb
1	0	app/views/sessions/show.html.erb
2	0	config/routes.rb
2	2	features/create_and_view_user.feature
1	1	features/create_child_record.feature
11	2	features/step_definitions/database_steps.rb
4	0	features/support/paths.rb
10	0	features/user_login.feature
5	0	spec/models/session_spec.rb
22	0	spec/routing/sessions_routing_spec.rb
5	0	spec/views/sessions/new.html.erb_spec.rb
5	0	spec/views/sessions/show.html.erb_spec.rb

--6cac52e4--2010-02-25--Ikenna Nwaiwu
2	2	app/models/templates.rb
2	3	features/create_child_record.feature

--05dbf56a--2010-02-25--Ikenna Nwaiwu
--8d9bd34d--2010-02-25--Ikenna Nwaiwu
1	2	app/models/field.rb
1	1	app/models/templates.rb
1	1	spec/models/field_spec.rb

--4c738bae--2010-02-25--Babitha
--6d31971f--2010-02-25--Ikenna Nwaiwu
1	0	features/create_child_record.feature

--3b5e896d--2010-02-25--Babitha
1	1	app/models/user.rb
10	0	features/create_and_view_user.feature

--f4fccbda--2010-02-24--Zubair
15	5	app/models/summary.rb
2	2	spec/controllers/children/summaries_controller_spec.rb
28	0	spec/models/summary_spec.rb

--1ba65267--2010-02-24--Zubair
1	1	app/controllers/children/summaries_controller.rb
4	0	app/models/search_request.rb
15	11	app/models/summary.rb
7	0	app/views/children/summaries/_search_form.html.erb
1	7	app/views/children/summaries/new.html.erb
13	1	app/views/children/summaries/show.html.erb
10	0	features/basic_search.feature
35	2	features/step_definitions/basic_steps.rb

--e46c8822--2010-02-24--Ikenna Nwaiwu
--107f3b45--2010-02-24--Ikenna Nwaiwu
3	1	app/models/field.rb
3	3	app/models/templates.rb
5	5	features/create_child_record.feature
7	0	spec/controllers/children_controller_spec.rb
22	21	spec/models/child_spec.rb
1	2	spec/models/field_spec.rb

--c92b14bf--2010-02-24--Babitha
--50f748c5--2010-02-24--cgeorge
2	1	app/models/child.rb
13	0	spec/models/child_spec.rb

--c49fc601--2010-02-24--cgeorge
16	4	app/models/child.rb
65	2	spec/models/child_spec.rb

--79e134dc--2010-02-24--cgeorge
11	10	app/models/child.rb
2	2	spec/models/child_spec.rb

--d9982119--2010-02-24--cgeorge
16	6	app/models/child.rb
40	3	spec/models/child_spec.rb

--1674ae00--2010-02-23--Babitha
7	0	app/models/field.rb
1	2	app/models/templates.rb
4	0	app/views/children/_check_box.html.erb
4	4	features/create_child_record.feature