--7c9dd456--2010-02-23--Zubair Khan
--84baad09--2010-02-23--Zubair
3	3	app/controllers/children/summaries_controller.rb
6	6	app/models/search_request.rb
43	0	app/models/summary.rb
4	2	app/views/children/summaries/new.html.erb
5	0	app/views/children/summaries/show.html.erb
2	2	features/basic_search.feature
3	3	features/support/paths.rb
4	4	spec/controllers/children/summaries_controller_spec.rb
1	1	spec/views/children/summaries/new.html.erb_spec.rb

--6d8b1f00--2010-02-23--Babitha
1	1	app/views/children/edit.html.erb
1	1	app/views/children/new.html.erb

--05fc8f06--2010-02-23--Babitha
1	1	app/models/templates.rb

--832a027a--2010-02-23--Babitha
8	0	features/pending_requirements/assign_unique_id_to_a_child.feature
3	0	features/support/paths.rb
7	2	spec/models/child_spec.rb

--b508444e--2010-02-23--Babitha
1	1	app/views/children/show.html.erb

--e03f90fc--2010-02-23--Babitha
3	0	public/stylesheets/scaffold.css

--2449705b--2010-02-23--Babitha
3	5	app/models/user.rb
4	4	features/create_and_view_user.feature

--79e066da--2010-02-22--Zubair Khan
0	1	spec/controllers/children/summaries_controller_spec.rb