--19aeda40--2010-02-22--Zubair
--0b526995--2010-02-22--Zubair
1	1	spec/models/search_request_spec.rb

--57dde9ec--2010-02-22--Zubair
16	4	app/models/search_request.rb
23	0	spec/models/search_request_spec.rb

--5c047da1--2010-02-19--Zubair
3	7	spec/controllers/children/summaries_controller_spec.rb

--d1223d3f--2010-02-18--Zubair
4	0	app/controllers/application_controller.rb
2	1	app/controllers/children/summaries_controller.rb
7	1	app/models/search_request.rb
25	6	spec/controllers/children/summaries_controller_spec.rb

--cebd406d--2010-02-18--Zubair
14	0	app/controllers/children/summaries_controller.rb
4	0	app/controllers/children_controller.rb
2	0	app/helpers/summaries_helper.rb
4	0	app/models/search_request.rb
0	0	app/views/children/summaries/create.html.erb
7	0	app/views/children/summaries/new.html.erb
0	0	app/views/children/summaries/show.html.erb
7	0	config/routes.rb
12	0	features/basic_search.feature
12	0	features/step_definitions/basic_steps.rb
2	1	features/support/paths.rb
20	0	spec/controllers/children/summaries_controller_spec.rb
11	0	spec/helpers/summaries_helper_spec.rb
24	0	spec/views/children/summaries/new.html.erb_spec.rb

--cc56bf85--2010-02-22--Zubair
16	4	app/models/search_request.rb
23	0	spec/models/search_request_spec.rb

--d64acaf4--2010-02-21--Tom Elkin
10	3	app/controllers/children_controller.rb

--af73fee3--2010-02-21--Tom Elkin
0	83	app/models/schema.rb
0	59	spec/models/schema_spec.rb

--15ccf6f9--2010-02-21--Tom Elkin
0	1	app/views/children/index.html.erb

--4fb1d93c--2010-02-21--Tom Elkin
7	3	app/controllers/children_controller.rb
6	0	app/models/child.rb
4	0	app/models/field.rb
1	1	app/models/field_option.rb
2	2	app/models/templates.rb
0	7	app/views/children/_checkbox.html.erb
5	0	app/views/children/_form.html.erb
0	9	app/views/children/_form_new.html.erb
0	19	app/views/children/_form_show.html.erb
2	2	app/views/children/_radio_button.html.erb
1	1	app/views/children/_select_box.html.erb
0	6	app/views/children/_subform.html.erb
1	1	app/views/children/_text_field.html.erb
15	15	app/views/children/edit.html.erb
2	6	app/views/children/new.html.erb
11	0	spec/models/child_spec.rb
2	2	spec/models/field_option_spec.rb
5	0	spec/models/field_spec.rb
90	0	spec/views/child/_form.html.erb_spec.rb
8	11	spec/views/child/new.html.erb_spec.rb

--6d1c8531--2010-02-21--Tom Elkin
3	2	app/controllers/children_controller.rb
4	2	app/models/child_view.rb
3	2	app/models/field.rb
5	3	app/views/children/show.html.erb
5	0	spec/controllers/children_controller_spec.rb
37	3	spec/models/child_view_spec.rb
19	64	spec/views/child/show.html.erb_spec.rb

--4335c3bf--2010-02-21--Tom Elkin
1	1	app/controllers/children_controller.rb
1	3	app/models/child.rb
8	0	app/models/child_view.rb
10	5	app/models/field.rb
22	1	app/models/field_option.rb
37	0	app/models/templates.rb
4	6	app/views/children/_radio_button.html.erb
2	6	app/views/children/_select_box.html.erb
2	3	app/views/children/_text_field.html.erb
2	2	app/views/children/index.html.erb
4	2	app/views/children/new.html.erb
33	0	spec/models/child_view_spec.rb
38	0	spec/models/field_option_spec.rb
8	15	spec/models/field_spec.rb
31	80	spec/views/child/new.html.erb_spec.rb
5	26	spec/views/child/show.html.erb_spec.rb

--81f516fa--2010-02-19--Tom Elkin
16	0	app/models/child_view.rb
28	0	app/models/field.rb
4	0	app/models/field_option.rb
25	0	spec/models/field_spec.rb

--ec15df2d--2010-02-19--Zubair
3	7	spec/controllers/children/summaries_controller_spec.rb

--f008c7dc--2010-02-18--jorgej
79	13	README

--9ba7363b--2010-02-18--jorgej
13	77	README

--6ca7195c--2010-02-18--jorgej
87	0	README

--eb78f735--2010-02-18--Zubair
4	0	app/controllers/application_controller.rb
2	1	app/controllers/children/summaries_controller.rb
7	1	app/models/search_request.rb
25	6	spec/controllers/children/summaries_controller_spec.rb

--08165553--2010-02-18--Zubair
14	0	app/controllers/children/summaries_controller.rb
4	0	app/controllers/children_controller.rb
2	0	app/helpers/summaries_helper.rb
4	0	app/models/search_request.rb
0	0	app/views/children/summaries/create.html.erb
7	0	app/views/children/summaries/new.html.erb
0	0	app/views/children/summaries/show.html.erb
7	0	config/routes.rb
12	0	features/basic_search.feature
12	0	features/step_definitions/basic_steps.rb
2	1	features/support/paths.rb
20	0	spec/controllers/children/summaries_controller_spec.rb
11	0	spec/helpers/summaries_helper_spec.rb
24	0	spec/views/children/summaries/new.html.erb_spec.rb