--d80b18d3--2014-10-22--ctumwebaze
--47a74475--2014-10-22--andreweskeclarke
--c1a64e93--2014-10-22--andreweskeclarke
4	4	features/child_potential_matches.feature
4	4	features/enquiry_potential_matches.feature

--37d81d2a--2014-10-22--andreweskeclarke
7	7	features/enquiry_filtering.feature

--b68b7163--2014-10-22--andreweskeclarke
4	2	app/helpers/children_helper.rb
4	2	app/helpers/enquiries_helper.rb
19	4	spec/helpers/children_helper_spec.rb
15	1	spec/helpers/enquiries_helper_spec.rb

--3d2dec42--2014-10-22--andreweskeclarke
2	1	spec/controllers/highlight_fields_controller_spec.rb
1	1	spec/views/enquiries/index.html.erb_spec.rb
1	1	spec/views/search/search.html.erb_spec.rb

--f693d649--2014-10-22--andreweskeclarke
6	3	app/helpers/children_helper.rb
6	3	app/helpers/enquiries_helper.rb
2	3	app/models/form.rb
0	1	app/views/highlight_fields/show.html.erb
10	0	spec/helpers/children_helper_spec.rb
10	0	spec/helpers/enquiries_helper_spec.rb
9	8	spec/models/form_spec.rb

--4af9475e--2014-10-22--andreweskeclarke
1	0	app/models/form_section.rb
10	0	spec/models/form_section_spec.rb

--e6350af5--2014-10-22--andreweskeclarke
1	1	app/controllers/highlight_fields_controller.rb
1	1	app/models/form.rb
2	0	app/models/form_section.rb
2	2	app/views/highlight_fields/show.html.erb
15	0	spec/models/form_section_spec.rb
9	3	spec/models/form_spec.rb

--bc81bdf9--2014-10-21--andreweskeclarke
2	3	app/views/highlight_fields/show.html.erb

--c8dd7190--2014-10-21--andreweskeclarke
75	70	app/views/highlight_fields/show.html.erb

--58f23cbd--2014-10-21--andreweskeclarke
0	10	app/models/form_section.rb

--b14db379--2014-10-21--andreweskeclarke
6	0	app/helpers/children_helper.rb
6	0	app/helpers/enquiries_helper.rb
1	1	app/models/form.rb
8	0	app/models/form_section.rb
5	5	app/views/children/_summary_row.html.erb
1	1	app/views/enquiries/_summary_row.html.erb
4	4	app/views/highlight_fields/show.html.erb
24	0	spec/helpers/children_helper_spec.rb
27	0	spec/helpers/enquiries_helper_spec.rb

--ca9cc01a--2014-10-21--andreweskeclarke
3	0	app/controllers/highlight_fields_controller.rb
1	0	app/models/field.rb
13	0	app/models/form.rb
4	3	app/views/highlight_fields/show.html.erb
16	6	spec/controllers/highlight_fields_controller_spec.rb
1	0	spec/factories.rb
29	0	spec/models/form_spec.rb

--69650265--2014-10-21--andreweskeclarke
5	8	app/controllers/highlight_fields_controller.rb
63	56	app/views/highlight_fields/show.html.erb
1	0	config/locales/en.yml
2	0	config/routes.rb

--c312c299--2014-10-21--Charles Tumwebaze
1	1	infrastructure