--fdf85231--2014-09-25--ctumwebaze
--bf88b731--2014-09-22--Charles Tumwebaze
54	46	app/assets/stylesheets/new/_entity_summary.scss
22	0	app/controllers/system_variables_controller.rb
2	2	app/models/child.rb
35	11	app/models/enquiry.rb
6	2	app/models/match_service.rb
10	6	app/models/potential_match.rb
15	0	app/models/system_variable.rb
4	0	app/views/admin/index.html.slim
11	2	app/views/children/_summary_row.html.erb
3	3	app/views/enquiries/_potential_matches.html.erb
25	0	app/views/system_variables/index.html.erb
4	0	config/locales/en.yml
3	0	config/routes.rb
4	0	db/seeds.rb
12	0	features/enquiry_potential_matches.feature
7	0	features/step_definitions/basic_steps.rb
4	0	features/step_definitions/children_listing_steps.rb
5	0	features/support/hooks.rb
5	0	features/support/pages/entity_list_page.rb
16	0	features/system_settings_access.feature
4	4	spec/controllers/api/enquiries_controller_spec.rb
1	0	spec/controllers/enquiries_controller_spec.rb
3	1	spec/controllers/potential_matches_controller_spec.rb
47	0	spec/controllers/system_variables_controller_spec.rb
16	15	spec/integration/match_service_spec.rb
1	0	spec/integration/solar_spec.rb
2	1	spec/models/child_spec.rb
133	6	spec/models/enquiry_spec.rb
12	22	spec/models/potential_match_spec.rb
52	0	spec/models/system_variable_spec.rb

--a0b6ddaa--2014-09-25--rdsubhas
1	1	infrastructure

--cee3785c--2014-09-12--rdsubhas
1	1	infrastructure