--2e105ba8--2014-09-11--andreweskeclarke
--af7d65ce--2014-09-11--andreweskeclarke
0	2	features/advanced_search.feature
2	2	features/basic_search.feature
2	2	features/file_export.feature
1	1	features/home_page_link.feature
1	1	features/support/api_paths.rb
2	2	features/support/paths.rb

--899c8092--2014-09-11--ctumwebaze
--738485a0--2014-09-10--andreweskeclarke
3	2	app/controllers/search_controller.rb
2	2	app/views/layouts/application.html.slim
76	74	features/advanced_search.feature
57	0	features/basic_enquiry_search.feature
6	6	features/basic_search.feature
2	2	features/file_export.feature
1	1	features/home_page_link.feature
2	2	features/reunited_child_record.feature
1	1	features/step_definitions/basic_steps.rb
1	1	features/step_definitions/children_listing_steps.rb
2	2	features/support/api_paths.rb
2	0	features/support/env.rb
2	2	features/support/paths.rb
74	92	spec/controllers/search_controller_spec.rb

--63a9bdc4--2014-09-10--Charles Tumwebaze
1	0	app/controllers/enquiries_controller.rb
8	0	app/controllers/enquiry_histories_controller.rb
8	2	app/controllers/user_histories_controller.rb
6	1	app/helpers/histories_helper.rb
1	1	app/helpers/record_helper.rb
14	0	app/models/enquiry.rb
3	0	app/views/child_histories/index.html.erb
2	0	app/views/enquiries/show.html.erb
26	0	app/views/enquiry_histories/index.html.erb
34	16	app/views/user_histories/index.html.erb
3	0	config/locales/en.yml
1	0	config/routes.rb
33	0	features/enquiry_change_log.feature
20	0	spec/controllers/enquiry_histories_controller_spec.rb
16	2	spec/controllers/user_histories_controller_spec.rb
48	0	spec/models/enquiry_spec.rb
97	0	spec/views/enquiry_histories/index.html.erb_spec.rb

--7b16e51f--2014-09-10--andreweskeclarke
6	6	app/controllers/search_controller.rb
4	0	app/models/child.rb
5	1	app/models/enquiry.rb
1	3	app/views/children/_search_results.html.erb
11	0	app/views/enquiries/_search_results.html.erb
0	5	app/views/enquiries/_summary_row.html.erb
2	1	app/views/search/search.html.erb
55	2	spec/controllers/search_controller_spec.rb
9	0	spec/models/child_spec.rb
9	0	spec/models/enquiry_spec.rb
1	0	spec/views/search/search.html.erb_spec.rb

--9cd1b6c0--2014-09-09--andreweskeclarke
0	25	app/controllers/children_controller.rb
42	0	app/controllers/search_controller.rb
1	0	app/models/search.rb
0	3	app/views/children/search.html.erb
2	1	app/views/layouts/application.html.slim
3	0	app/views/search/search.html.erb
2	1	config/routes.rb
2	2	features/support/api_paths.rb
2	2	features/support/paths.rb
0	26	spec/controllers/children_controller_spec.rb
63	0	spec/controllers/search_controller_spec.rb
3	3	spec/helpers/application_helper_spec.rb
0	4	spec/routing/children_routing_spec.rb
1	1	spec/views/{children => search}/search.html.erb_spec.rb