--24383113--2012-03-28--Shyam Vala
--a403129f--2012-03-20--John Hume
1	1	Gemfile
8	7	Gemfile.lock

--797b4686--2012-03-20--John Hume
0	43	features/step_definitions/basic_steps.rb

--cba9a4d1--2012-03-20--John Hume
5	7	app/views/fields/_suggested_field.html.erb
18	16	{features => capybara_features}/add_suggested_field_to_form_sections.feature
0	3	capybara_features/step_definitions/database_steps.rb
44	0	capybara_features/step_definitions/form_field_steps.rb
3	1	capybara_features/step_definitions/more_web_steps.rb

--cfaeec87--2012-03-13--John Hume
1	0	.gitignore

--41f0cafc--2012-03-13--John Hume
--b406d65d--2012-03-13--John Hume
3	3	README.md

--2c98d32e--2012-03-13--John Hume
0	0	{features => capybara_features}/delete_field_from_forms_section.feature

--80010a85--2012-03-13--John Hume
1	1	README.md

--0d2b1cf7--2012-03-11--John Hume
9	0	Vagrantfile

--05b5e495--2012-03-06--jorgej
1	1	README.md

--221ed479--2012-03-06--chrisgeorge
11	0	capybara_features/edit_user_details.feature
17	0	capybara_features/step_definitions/more_web_steps.rb
0	17	features/manage_users.feature

--4a2f1d75--2012-03-06--chrisgeorge
--530a5b8f--2012-03-06--chrisgeorge
24	25	{features => capybara_features}/edit_user_details.feature
12	0	capybara_features/step_definitions/basic_steps.rb
14	0	capybara_features/step_definitions/more_web_steps.rb

--1798e6c5--2012-02-18--Mark T
5	1	app/models/user.rb
2	1	features/edit_user_details.feature

--a70ba24b--2012-02-07--Shyam Vala
7	6	Gemfile.lock
73	1	app/controllers/children_controller.rb
1	0	app/controllers/highlight_fields_controller.rb
2	0	app/controllers/home_controller.rb
24	6	app/controllers/password_recovery_requests_controller.rb
23	10	app/controllers/users_controller.rb
18	5	app/helpers/children_helper.rb
20	3	app/models/child.rb
2	2	app/models/file_attachment.rb
1	1	app/models/mobile_login_event.rb
0	2	app/models/password_recovery_request.rb
2	2	app/models/session.rb
13	17	app/models/user.rb
9	0	app/views/children/_filter_box.html.erb
9	0	app/views/children/_order_by_box.html.erb
26	1	app/views/children/_show_child_toolbar.erb
1	4	app/views/children/_summary_row.html.erb
4	1	app/views/children/index.html.erb
3	0	app/views/children/show.html.erb
7	0	app/views/children/suspect_records.html.erb
7	0	app/views/histories/_investigated_change.html.erb
18	8	app/views/histories/show.html.erb
3	4	app/views/home/_notifications.html.erb
1	0	app/views/home/index.html.erb
1	1	app/views/layouts/application.html.erb
0	0	app/views/password_recovery_requests/create.html.erb
14	11	app/views/password_recovery_requests/new.html.erb
2	2	app/views/users/_edittable_user.html.erb
15	0	app/views/users/_user.html.erb
7	0	app/views/users/_user_disabled_checkbox.html.erb
9	0	app/views/users/_users_header.html.erb
8	0	app/views/users/_users_table.html.erb
15	30	app/views/users/index.html.erb
0	1	{features => capybara_features}/create_child_new_disabled_form_section.feature
16	9	{features => capybara_features}/create_new_form.feature
42	0	capybara_features/disable_and_enable_forms.feature
4	3	{features => capybara_features}/edit_form_section.feature
3	5	{features => capybara_features}/manage_forms.feature
13	0	capybara_features/manage_users.feature
11	2	capybara_features/step_definitions/basic_steps.rb
12	0	capybara_features/step_definitions/child_record_toolbar_steps.rb
11	1	capybara_features/step_definitions/children_setup_steps.rb
3	2	capybara_features/step_definitions/database_steps.rb
60	0	capybara_features/step_definitions/form_section_steps.rb
18	6	capybara_features/step_definitions/more_web_steps.rb
5	2	capybara_features/support/hooks.rb
3	0	capybara_features/support/paths.rb
82	0	capybara_features/suspect_records.feature
5	3	config/routes.rb
0	41	features/disable_and_enable_forms.feature
1	1	features/edit_user_details.feature
2	0	features/flag_child_record.feature
3	3	features/manage_users.feature
10	39	features/password_recovery_request.feature
18	4	features/step_definitions/basic_steps.rb
2	1	features/step_definitions/database_steps.rb
6	5	features/step_definitions/more_web_steps.rb
11	0	features/step_definitions/web_steps.rb
6	11	features/support/paths.rb
4	4	features/view_child_record_log.feature
277	0	features/view_child_records.feature
0	54	features/view_form_sections.feature
1	9	lib/clock.rb
101	84	lib/export_generator.rb
1	0	lib/tasks/cucumber.rake
-	-	public/images/icon-search-lense.png
111	0	public/javascripts/manage_users.js
53	0	public/stylesheets/core.css
5	5	spec/controllers/attachments_controller_spec.rb
28	20	spec/controllers/children_controller_spec.rb
16	4	spec/controllers/password_recovery_requests_controller_spec.rb
18	5	spec/controllers/users_controller_spec.rb
33	13	spec/helpers/children_helper_spec.rb
2	2	spec/integration/children_spec.rb
88	10	spec/integration/export_generator_spec.rb
23	0	spec/javascripts/fixtures/manage_users.html
84	0	spec/javascripts/manage_users.spec.js
2	0	spec/javascripts/support/jasmine.yml
90	59	spec/lib/export_generator_spec.rb
17	33	spec/models/child_spec.rb
3	5	spec/models/file_attachment_spec.rb
3	3	spec/models/session_spec.rb
47	22	spec/models/user_spec.rb
1	1	spec/views/child/search.html.erb_spec.rb
157	6	spec/views/histories/show.html.erb_spec.rb
27	0	spec/views/home/index.html.erb_spec.rb
2	2	spec/views/users/_mobile_login_history.html.erb_spec.rb
50	0	spec/views/users/_user_disabled_checkbox.html.erb_spec.rb

--7d84b37f--2012-02-07--chrisgeorge
--ad1a4c06--2012-02-07--chrisgeorge
--cb40ea10--2012-01-25--Sowmya S
--81bac302--2012-01-25--Sowmya S
3	0	app/helpers/application_helper.rb
4	1	app/views/form_section/index.html.erb
2	1	public/javascripts/form_section.js

--d0b14073--2012-01-24--chrisgeorge
1	1	capybara_features/disable_and_enable_forms.feature

--1d908923--2012-01-24--chrisgeorge
--04fe2a17--2012-01-24--chrisgeorge
--887dc4c1--2012-01-24--chrisgeorge
1	1	app/views/histories/show.html.erb

--dd92b0ef--2012-01-19--Vatsal
11	1	spec/controllers/children_controller_spec.rb

--41b7c6d7--2012-01-19--Vatsal
1	1	app/controllers/children_controller.rb

--d8b58440--2012-01-17--John Hume
0	0	{capybara_features => features}/delete_field_from_forms_section.feature

--7ce5bcee--2012-01-17--John Hume
0	0	{features => capybara_features}/delete_field_from_forms_section.feature

--0bbe5f72--2012-01-17--Sowmya S
1	0	app/controllers/children_controller.rb
1	0	app/controllers/highlight_fields_controller.rb

--6829e391--2012-01-10--John Hume
16	9	{features => capybara_features}/create_new_form.feature
4	0	capybara_features/step_definitions/form_section_steps.rb

--c0fb0352--2012-01-10--chrisgeorge
--e482c186--2012-01-08--John Hume
4	3	capybara_features/edit_form_section.feature
0	54	features/view_form_sections.feature

--b19efd69--2012-01-03--John Hume
1	0	lib/tasks/cucumber.rake

--35487b34--2012-01-03--John Hume
42	0	capybara_features/disable_and_enable_forms.feature
29	1	capybara_features/step_definitions/form_section_steps.rb
0	41	features/disable_and_enable_forms.feature

--dd2b6c69--2012-01-03--chrisgeorge
2	2	capybara_features/step_definitions/basic_steps.rb
2	2	features/step_definitions/basic_steps.rb
1	2	spec/controllers/children_controller_spec.rb
2	4	spec/models/file_attachment_spec.rb

--47a794fa--2012-01-03--chrisgeorge
1	9	lib/clock.rb
5	5	spec/controllers/attachments_controller_spec.rb
4	11	spec/controllers/children_controller_spec.rb
2	2	spec/integration/children_spec.rb
14	14	spec/models/child_spec.rb
2	2	spec/models/file_attachment_spec.rb
3	3	spec/models/session_spec.rb
1	1	spec/models/user_spec.rb
1	1	spec/views/users/_mobile_login_history.html.erb_spec.rb

--78b5b191--2012-01-03--Jaco Pretorius
--132f39e1--2012-01-03--Jaco Pretorius
1	1	app/controllers/children_controller.rb
1	0	app/controllers/home_controller.rb
10	1	app/models/child.rb
26	1	app/views/children/_show_child_toolbar.erb
3	0	app/views/children/show.html.erb
7	0	app/views/histories/_investigated_change.html.erb
11	1	app/views/histories/show.html.erb
1	1	app/views/home/index.html.erb
12	0	capybara_features/step_definitions/child_record_toolbar_steps.rb
11	1	capybara_features/step_definitions/children_setup_steps.rb
3	0	capybara_features/support/paths.rb
82	0	capybara_features/suspect_records.feature
-	-	public/images/icon-search-lense.png
1	0	public/stylesheets/core.css
1	1	spec/controllers/children_controller_spec.rb

--ca36e51d--2012-01-02--chrisgeorge
3	3	spec/models/session_spec.rb
7	5	spec/models/user_spec.rb

--3ab886f8--2011-12-22--Srinivasan Raguraman
1	1	app/models/child.rb
2	2	app/models/file_attachment.rb
1	1	app/models/mobile_login_event.rb
2	2	app/models/session.rb
1	1	app/models/user.rb
5	5	spec/controllers/attachments_controller_spec.rb
2	2	spec/controllers/children_controller_spec.rb
2	2	spec/integration/children_spec.rb
17	33	spec/models/child_spec.rb
3	3	spec/models/file_attachment_spec.rb
1	1	spec/views/child/search.html.erb_spec.rb
2	2	spec/views/users/_mobile_login_history.html.erb_spec.rb

--28d5d0f0--2011-12-20--chrisgeorge
--97acb32a--2011-12-20--chrisgeorge
--471c5ffb--2011-12-20--chrisgeorge
2	2	app/helpers/children_helper.rb
2	7	app/views/children/index.html.erb

--e5b15acf--2011-12-20--chrisgeorge
--c35932a8--2011-12-15--Ygor Bruxel
1	1	app/views/children/_summary_row.html.erb

--ce72205e--2011-12-15--Ygor Bruxel
4	4	app/helpers/children_helper.rb

--1b316ba4--2011-12-15--Ygor Bruxel
4	0	app/helpers/children_helper.rb
20	0	spec/helpers/children_helper_spec.rb

--ba4f96f3--2011-12-15--Ygor Bruxel
13	13	spec/helpers/children_helper_spec.rb

--68ed8945--2011-12-13--John Hume
12	14	app/controllers/password_recovery_requests_controller.rb
0	2	app/models/password_recovery_request.rb
0	0	app/views/password_recovery_requests/create.html.erb
14	11	app/views/password_recovery_requests/new.html.erb
10	39	features/password_recovery_request.feature
16	9	spec/controllers/password_recovery_requests_controller_spec.rb

--9488ca6a--2011-12-07--Yekkanti Kishore Kumar
--d510227a--2011-12-07--Yekkanti Kishore Kumar
25	5	app/controllers/password_recovery_requests_controller.rb
7	2	spec/controllers/password_recovery_requests_controller_spec.rb

--602ad3f9--2011-12-06--John Hume
0	0	{features => capybara_features}/edit_form_section.feature
4	0	capybara_features/step_definitions/basic_steps.rb
8	0	capybara_features/step_definitions/form_section_steps.rb
12	6	capybara_features/step_definitions/more_web_steps.rb

--94e31319--2011-12-06--John Hume
0	1	{features => capybara_features}/create_child_new_disabled_form_section.feature
5	0	capybara_features/step_definitions/basic_steps.rb
1	1	capybara_features/step_definitions/form_section_steps.rb

--8e3c09fc--2011-12-06--chrisgeorge
--557def84--2011-12-06--chrisgeorge
--2a8258e7--2011-12-06--Jaco Pretorius
7	1	app/controllers/children_controller.rb
13	24	lib/export_generator.rb
3	4	spec/controllers/children_controller_spec.rb
4	4	spec/integration/export_generator_spec.rb
13	9	spec/lib/export_generator_spec.rb

--72c43993--2011-12-06--John Hume
3	5	{features => capybara_features}/manage_forms.feature
20	0	capybara_features/step_definitions/form_section_steps.rb
5	2	capybara_features/support/hooks.rb

--c7afbed3--2011-12-06--John Hume
7	6	Gemfile.lock

--5966bd57--2011-12-02--Mark T
--64fff5e5--2011-12-02--Jaco Pretorius
46	39	app/controllers/children_controller.rb

--faa23d8b--2011-12-02--Jaco Pretorius
7	2	app/controllers/children_controller.rb
1	1	app/views/children/_order_by_box.html.erb
1	1	app/views/children/index.html.erb
53	1	features/view_child_records.feature

--dda99ed0--2011-12-02--Jaco Pretorius
6	1	app/controllers/children_controller.rb
3	1	app/views/children/_order_by_box.html.erb
1	1	app/views/children/index.html.erb
1	0	features/step_definitions/basic_steps.rb
52	0	features/view_child_records.feature

--2062fefa--2011-12-02--Jaco Pretorius
20	9	app/controllers/children_controller.rb
1	1	app/helpers/children_helper.rb
73	45	features/view_child_records.feature

--d7762bf8--2011-12-02--Jaco Pretorius
9	1	app/controllers/children_controller.rb
1	1	app/views/children/_order_by_box.html.erb
1	1	app/views/children/index.html.erb
4	4	features/step_definitions/basic_steps.rb
1	1	features/step_definitions/web_steps.rb
41	2	features/view_child_records.feature

--56eab3a4--2011-12-01--Meredith J. Hasson
6	3	app/controllers/children_controller.rb
6	1	app/helpers/children_helper.rb
7	0	app/views/children/_order_by_box.html.erb
3	0	app/views/children/index.html.erb
25	1	features/view_child_records.feature
27	0	public/stylesheets/core.css

--3af2e3db--2011-12-01--Meredith J. Hasson
4	0	app/controllers/children_controller.rb
6	2	features/step_definitions/basic_steps.rb
11	0	features/step_definitions/web_steps.rb
13	1	features/view_child_records.feature

--6c3aa908--2011-11-30--Meredith J. Hasson
14	10	app/controllers/children_controller.rb
5	0	app/helpers/children_helper.rb
5	5	app/views/children/_filter_box.html.erb
4	0	app/views/children/index.html.erb
1	1	config/routes.rb
1	1	features/view_child_records.feature
25	0	public/stylesheets/core.css

--d0827cb2--2011-11-30--Meredith J. Hasson
11	1	app/controllers/children_controller.rb
9	0	app/views/children/_filter_box.html.erb
1	0	app/views/children/index.html.erb
3	2	config/routes.rb
3	1	features/step_definitions/basic_steps.rb
70	0	features/view_child_records.feature

--4f5aada1--2011-11-29--chrisgeorge
--98587eec--2011-11-25--chrisgeorge
--a1f8ce6b--2011-11-24--chrisgeorge
3	1	spec/views/home/index.html.erb_spec.rb

--94b1d916--2011-11-23--chrisgeorge
0	141	features/Gemfile.lock

--a39b273f--2011-11-23--chrisgeorge
--2df4cbcd--2011-11-22--chrisgeorge
--e59e8937--2011-11-22--Meredith J. Hasson
0	3	app/views/children/_summary_row.html.erb

--cb5fa340--2011-11-21--Meredith J. Hasson
1	1	app/views/home/_notifications.html.erb
12	0	spec/views/home/index.html.erb_spec.rb

--7b6dc196--2011-11-21--Meredith J. Hasson
1	0	app/controllers/home_controller.rb
1	2	app/views/home/_notifications.html.erb
13	0	spec/views/home/index.html.erb_spec.rb

--5fb1efa8--2011-11-21--Meredith J. Hasson
1	1	app/views/home/_notifications.html.erb
141	0	features/Gemfile.lock
1	1	features/password_recovery_request.feature

--be657cbf--2011-11-15--Rune Madsen
8	0	app/controllers/children_controller.rb
8	0	app/models/child.rb
7	0	app/views/children/suspect_records.html.erb
1	0	app/views/home/index.html.erb
2	1	config/routes.rb
2	0	features/flag_child_record.feature
7	0	features/step_definitions/basic_steps.rb
8	0	spec/controllers/children_controller_spec.rb

--d3bc64d8--2011-11-10--Liauw Fendy
13	0	app/controllers/users_controller.rb
1	1	app/views/users/_user.html.erb
2	2	app/views/users/_user_disabled_checkbox.html.erb
13	0	app/views/users/index.html.erb
13	0	capybara_features/manage_users.feature
1	1	capybara_features/step_definitions/database_steps.rb
6	0	capybara_features/step_definitions/more_web_steps.rb
3	3	features/manage_users.feature
4	3	features/step_definitions/more_web_steps.rb
4	4	features/support/paths.rb
103	1	public/javascripts/manage_users.js
18	5	spec/controllers/users_controller_spec.rb
5	4	spec/javascripts/fixtures/manage_users.html
67	15	spec/javascripts/manage_users.spec.js
1	0	spec/javascripts/support/jasmine.yml
50	0	spec/views/users/_user_disabled_checkbox.html.erb_spec.rb

--fef44aee--2011-11-09--Liauw Fendy
10	10	app/controllers/users_controller.rb
15	0	app/views/users/_user.html.erb
7	0	app/views/users/_user_disabled_checkbox.html.erb
9	0	app/views/users/_users_header.html.erb
8	0	app/views/users/_users_table.html.erb
2	30	app/views/users/index.html.erb
2	2	features/step_definitions/more_web_steps.rb
9	0	public/javascripts/manage_users.js
22	0	spec/javascripts/fixtures/manage_users.html
32	0	spec/javascripts/manage_users.spec.js
1	0	spec/javascripts/support/jasmine.yml

--83d36d93--2011-11-12--Mark T
8	8	app/views/histories/show.html.erb
4	4	features/view_child_record_log.feature
157	6	spec/views/histories/show.html.erb_spec.rb

--8ff9729b--2011-11-12--Mark T
2	2	app/models/user.rb
14	1	spec/models/user_spec.rb

--00f8f26b--2011-11-03--Liauw Fendy
1	1	app/views/layouts/application.html.erb

--36c5212f--2011-11-03--Vinkesh Banka
17	2	lib/export_generator.rb
78	0	spec/integration/export_generator_spec.rb
1	1	spec/lib/export_generator_spec.rb

--a568893b--2011-11-03--Liauw Fendy
10	13	app/models/user.rb
2	2	app/views/users/_edittable_user.html.erb
27	17	spec/models/user_spec.rb

--abd81abf--2011-10-11--Bruce Lee
9	8	features/add_custom_field_to_form_section.feature
1	1	features/edit_user_details.feature
10	8	features/support/paths.rb
13	11	lib/export_generator.rb
0	1	spec/lib/export_generator_spec.rb

--76b94f55--2011-10-11--Bruce Lee
--a4bd6f15--2011-09-27--Bruce Lee
1	1	app/controllers/children_controller.rb
16	5	lib/export_generator.rb
65	48	spec/lib/export_generator_spec.rb