--512de9cfd--2015-02-01--Jason Robinson
--9bfabe677--2015-01-30--Jonne Haß
--55d258c5a--2015-01-27--Augier
8	0	app/helpers/statistics_helper.rb
2	2	app/presenters/statistics_presenter.rb
1	1	app/views/statistics/_statistics.haml
11	2	spec/presenters/statistics_presenter_spec.rb

--43f48d0ae--2015-01-27--James Kiesel
2	1	app/serializers/export/post_serializer.rb

--aaadf2926--2015-01-26--Jonne Haß
--4ff548302--2015-01-26--Augier
2	2	app/helpers/statistics_helper.rb

--928080176--2015-01-26--Jason Robinson
--69b881f34--2015-01-26--Flaburgan
3	3	app/presenters/statistics_presenter.rb

--ccd756107--2015-01-25--Jason Robinson
--f14ad5ce3--2015-01-25--Augier
2	1	app/controllers/statistics_controller.rb
23	0	app/views/statistics/_statistics.haml
1	24	app/views/statistics/statistics.html.haml
1	0	app/views/statistics/statistics.mobile.haml

--cc52a5b91--2015-01-25--Jason Robinson
--31c39a59d--2015-01-11--Faldrian
1	0	Changelog.md
44	2	app/assets/javascripts/app/views/feedback_view.js
2	0	app/assets/javascripts/app/views/single-post-viewer/single_post_content_view.js
47	0	app/assets/javascripts/app/views/single-post-viewer/single_post_moderation.js
10	3	app/assets/javascripts/app/views/stream_post_views.js
18	0	app/assets/stylesheets/single-post-view.css.scss
0	6	app/assets/templates/single-post-viewer/single-post-actions_tpl.jst.hbs
1	0	app/assets/templates/single-post-viewer/single-post-content_tpl.jst.hbs
19	0	app/assets/templates/single-post-viewer/single-post-moderation_tpl.jst.hbs
3	0	config/locales/javascript/javascript.en.yml
66	0	features/desktop/single_post_view_moderation.feature
15	0	features/step_definitions/single_post_view_steps.rb