--041917457--2014-10-14--Jonne Haß
--dcc629bc4--2014-10-14--Jonne Haß
--c1fa0beac--2014-10-14--Jonne Haß
6	0	Changelog.md

--20d2b8fc5--2014-10-12--flaburgan
1	0	Changelog.md
1	1	app/helpers/report_helper.rb
17	0	spec/helpers/report_helper_spec.rb

--7be837092--2014-10-12--Jason Robinson
6	0	Changelog.md

--13de3f318--2014-10-12--Jason Robinson
--720ec1c64--2014-10-12--Jonne Haß
8	0	config/locale_settings.yml

--061dfab00--2014-10-12--Jonne Haß
2	2	config/locales/devise/devise.de_formal.yml
93	0	config/locales/devise/devise.en_valspeak.yml
3	3	config/locales/devise/devise.fr.yml
11	6	config/locales/devise/devise.ia.yml
57	0	config/locales/devise/devise.nds.yml
1	8	config/locales/diaspora/ar.yml
1	8	config/locales/diaspora/bg.yml
20	5	config/locales/diaspora/br.yml
1	7	config/locales/diaspora/bs.yml
1	6	config/locales/diaspora/cs.yml
1	8	config/locales/diaspora/cy.yml
10	11	config/locales/diaspora/da.yml
10	14	config/locales/diaspora/de.yml
26	32	config/locales/diaspora/de_formal.yml
3	10	config/locales/diaspora/el.yml
1	8	config/locales/diaspora/en_1337.yml
395	32	config/locales/diaspora/en_pirate.yml
1	8	config/locales/diaspora/en_shaw.yml
1286	0	config/locales/diaspora/en_valspeak.yml
1	5	config/locales/diaspora/eo.yml
4	5	config/locales/diaspora/es-AR.yml
1	8	config/locales/diaspora/es-CL.yml
0	1	config/locales/diaspora/es-CO.yml
1	5	config/locales/diaspora/es-MX.yml
4	5	config/locales/diaspora/es.yml
1	8	config/locales/diaspora/eu.yml
14	11	config/locales/diaspora/fi.yml
1	7	config/locales/diaspora/fil.yml
103	107	config/locales/diaspora/fr.yml
1	5	config/locales/diaspora/he.yml
2	4	config/locales/diaspora/hu.yml
105	11	config/locales/diaspora/hy.yml
248	59	config/locales/diaspora/ia.yml
1	8	config/locales/diaspora/id.yml
1	7	config/locales/diaspora/is.yml
1	5	config/locales/diaspora/it.yml
1	8	config/locales/diaspora/ja.yml
1	8	config/locales/diaspora/ka.yml
1	4	config/locales/diaspora/ko.yml
1	6	config/locales/diaspora/lt.yml
202	1	config/locales/diaspora/lv.yml
1	7	config/locales/diaspora/mk.yml
1	8	config/locales/diaspora/ml.yml
28	8	config/locales/diaspora/ms.yml
1	8	config/locales/diaspora/nb.yml
956	0	config/locales/diaspora/nds.yml
4	5	config/locales/diaspora/nl.yml
1	8	config/locales/diaspora/nn.yml
1	7	config/locales/diaspora/pa.yml
31	9	config/locales/diaspora/pl.yml
68	65	config/locales/diaspora/pt-BR.yml
12	5	config/locales/diaspora/pt-PT.yml
1	7	config/locales/diaspora/ro.yml
6	7	config/locales/diaspora/ru.yml
1	6	config/locales/diaspora/sk.yml
1	7	config/locales/diaspora/sl.yml
0	1	config/locales/diaspora/sr.yml
4	5	config/locales/diaspora/sv.yml
1	5	config/locales/diaspora/te.yml
1	4	config/locales/diaspora/tr.yml
65	40	config/locales/diaspora/uk.yml
1	7	config/locales/diaspora/ur-PK.yml
1	4	config/locales/diaspora/vi.yml
1	4	config/locales/diaspora/zh-CN.yml
1	8	config/locales/diaspora/zh-TW.yml
29	2	config/locales/javascript/javascript.da.yml
30	3	config/locales/javascript/javascript.de.yml
11	2	config/locales/javascript/javascript.de_formal.yml
207	0	config/locales/javascript/javascript.en_valspeak.yml
27	0	config/locales/javascript/javascript.es-AR.yml
27	0	config/locales/javascript/javascript.es.yml
25	1	config/locales/javascript/javascript.fi.yml
28	1	config/locales/javascript/javascript.fr.yml
4	0	config/locales/javascript/javascript.hu.yml
3	3	config/locales/javascript/javascript.hy.yml
61	1	config/locales/javascript/javascript.ia.yml
116	0	config/locales/javascript/javascript.nds.yml
27	0	config/locales/javascript/javascript.nl.yml
30	2	config/locales/javascript/javascript.pl.yml
38	10	config/locales/javascript/javascript.pt-BR.yml
14	0	config/locales/javascript/javascript.ru.yml
27	0	config/locales/javascript/javascript.sv.yml
30	2	config/locales/javascript/javascript.uk.yml

--bf5709a5e--2014-10-12--Florian Staudacher
--42a3e702e--2014-10-11--Steffen van Bergerem
2	3	app/assets/javascripts/app/views/publisher/poll_creator_view.js
1	1	app/assets/javascripts/app/views/publisher_view.js
12	3	app/assets/stylesheets/publisher.css.scss
5	6	app/assets/stylesheets/publisher_blueprint.css.scss
13	12	app/assets/templates/poll_creator_tpl.jst.hbs
1	1	app/views/publisher/_publisher_blueprint.html.haml
2	10	app/views/publisher/_publisher_bootstrap.html.haml
7	7	features/desktop/post_with_a_poll.feature
3	3	features/step_definitions/post_with_poll_steps.rb

--715f451ed--2014-10-10--Steffen van Bergerem
1	1	app/assets/stylesheets/comments.css.scss
6	1	app/assets/stylesheets/new_styles/_forms.scss
1	1	app/assets/templates/comment-stream_tpl.jst.hbs

--acc7377e5--2014-10-05--Alex Nordlund
2	4	app/presenters/statistics_presenter.rb
0	1	config/defaults.yml
0	3	config/diaspora.yml.example
5	3	spec/presenters/statistics_presenter_spec.rb

--03f3c74ce--2014-10-05--Alex Nordlund
7	3	app/presenters/statistics_presenter.rb
1	0	config/defaults.yml
3	0	config/diaspora.yml.example
4	4	spec/presenters/statistics_presenter_spec.rb