--211963d32--2014-04-01--Jonne Haß
--552310796--2014-03-31--Hincu Petru
5	2	app/assets/javascripts/app/helpers/text_formatter.js
4	2	spec/javascripts/app/helpers/text_formatter_spec.js

--faad980df--2014-03-31--Jonne Haß
--4130592ca--2014-03-31--Jannik Streek
3	0	app/assets/stylesheets/publisher.css.scss
1	1	app/assets/stylesheets/publisher_blueprint.css.scss
0	2	app/views/publisher/_publisher_blueprint.html.haml
1	2	app/views/publisher/_publisher_bootstrap.html.haml

--6f3844b73--2014-03-30--Jannik Streek
8	0	app/assets/javascripts/app/views/publisher_view.js
0	5	app/models/poll_answer.rb
1	7	app/models/poll_participation.rb
8	0	config/locales/diaspora/en-AU.yml
8	0	config/locales/diaspora/en-GB.yml
8	1	config/locales/diaspora/en-US.yml

--4174b8898--2014-03-29--Jannik Streek
1	1	app/assets/javascripts/app/views/poll_view.js
1	1	config/locales/javascript/javascript.en.yml

--167884e56--2014-03-28--Jannik Streek
1	1	Changelog.md

--a3837a4f1--2014-03-28--Jannik Streek
2	0	Changelog.md

--2d0abbae2--2014-03-28--Jannik Streek
1	1	app/assets/javascripts/app/views/{poll.js => poll_view.js}
42	0	spec/javascripts/app/views/poll_view_spec.js
20	0	spec/javascripts/helpers/factory.js

--dde39aa1b--2014-03-27--Jannik Streek
3	0	spec/javascripts/app/views/poll_view_spec.js
34	0	spec/javascripts/app/views/publisher_view_spec.js

--a9843ae99--2014-03-27--Jannik Streek
3	0	.gitignore
1	1	app/models/poll_answer.rb
65	0	features/desktop/post_with_a_poll.feature
32	0	features/step_definitions/post_with_poll_steps.rb
4	0	spec/models/poll_participation_spec.rb

--8f9736a74--2014-03-27--Jannik Streek
1	2	app/assets/javascripts/app/views/poll.js

--7dcf11e62--2014-03-27--Jannik Streek
1	0	app/models/poll_participation.rb

--9c24365fd--2014-03-26--Jannik Streek
24	11	app/assets/javascripts/app/views/poll.js
1	1	app/assets/stylesheets/poll.css.scss
15	15	app/assets/templates/poll_tpl.jst.hbs
5	2	config/locales/javascript/javascript.en.yml

--c484b2cd0--2014-03-26--Jannik Streek
0	1	app/assets/javascripts/app/views/poll.js
1	1	app/assets/javascripts/app/views/publisher_view.js
7	1	app/assets/stylesheets/publisher.css.scss
16	3	app/assets/stylesheets/publisher_blueprint.css.scss
12	14	app/controllers/poll_participations_controller.rb
1	1	app/views/publisher/_publisher.mobile.haml
3	1	app/views/publisher/_publisher_blueprint.html.haml
13	0	app/views/publisher/_publisher_bootstrap.html.haml

--12fabe2fb--2014-03-25--Jannik Streek
-	-	app/assets/images/icons/poll.png
40	7	app/assets/javascripts/app/views/poll.js
2	2	app/assets/javascripts/app/views/publisher_view.js
6	4	app/assets/stylesheets/poll.css.scss
12	1	app/assets/stylesheets/publisher_blueprint.css.scss
24	11	app/assets/templates/poll_tpl.jst.hbs
5	5	app/controllers/poll_participations_controller.rb
5	4	app/models/poll.rb
10	1	app/presenters/post_presenter.rb
5	5	app/views/publisher/_publisher_blueprint.html.haml
3	1	config/locales/javascript/javascript.en.yml

--e4c68a4ed--2014-03-24--Jannik Streek
2	6	app/controllers/status_messages_controller.rb

--d0a77ce6b--2014-03-24--Jannik Streek
5	0	app/assets/javascripts/app/models/poll_participation.js
2	1	app/assets/javascripts/app/models/status_message.js
50	0	app/assets/javascripts/app/views/poll.js
1	1	app/assets/javascripts/app/views/publisher_view.js
2	0	app/assets/javascripts/app/views/stream_post_views.js
1	0	app/assets/stylesheets/application.css.sass
43	0	app/assets/stylesheets/poll.css.scss
19	0	app/assets/templates/poll_tpl.jst.hbs
1	0	app/assets/templates/status-message_tpl.jst.hbs
30	0	app/controllers/poll_participations_controller.rb
11	9	app/controllers/status_messages_controller.rb
18	0	app/models/poll.rb
2	0	app/models/poll_answer.rb
3	0	app/models/post.rb
1	0	app/presenters/post_presenter.rb
4	0	config/locales/javascript/javascript.en.yml
4	0	config/routes.rb
0	2	lib/federated/generator.rb

--04199837b--2014-03-23--Jannik Streek
-	-	app/assets/images/icons/poll.png
4	3	app/assets/javascripts/app/views/publisher_view.js
9	4	app/controllers/status_messages_controller.rb
2	1	app/models/status_message.rb
2	2	app/views/publisher/_publisher_blueprint.html.haml

--18a43295b--2014-03-23--Jannik Streek
19	5	app/assets/javascripts/app/views/publisher_view.js
29	1	app/assets/stylesheets/publisher_blueprint.css.scss
9	8	app/views/publisher/_publisher_blueprint.html.haml
5	2	config/locales/diaspora/en.yml

--95d98ff2b--2014-03-22--Jannik Streek
3	6	app/models/poll_participation.rb
2	2	spec/models/poll_participation_spec.rb

--c02414c36--2014-03-21--Jannik Streek
0	2	app/assets/stylesheets/publisher.css.scss
1	1	app/models/poll.rb
2	2	app/models/poll_answer.rb
1	1	app/models/poll_participation.rb
10	10	spec/models/poll_participation_spec.rb

--8a4f833d1--2014-03-21--Jannik Streek
9	0	app/models/poll.rb
6	0	app/models/poll_answer.rb
19	0	app/models/poll_participation.rb
8	0	config/locales/diaspora/en.yml
1	0	db/migrate/20140308154022_create_polls.rb
3	2	db/schema.rb
0	1	lib/diaspora/parser.rb
2	1	spec/factories.rb
14	3	spec/models/poll_answer_spec.rb
21	4	spec/models/poll_participation_spec.rb
4	6	spec/models/poll_spec.rb
11	7	spec/models/status_message_spec.rb
21	4	spec/models/user/social_actions_spec.rb

--5d560609e--2014-03-21--Jannik Streek
2	5	app/models/poll.rb
17	0	spec/factories.rb
22	19	spec/models/poll_participation_spec.rb

--fe67bdf2e--2014-03-20--Jannik Streek
2	2	app/assets/javascripts/app/views/publisher_view.js
3	5	app/assets/stylesheets/publisher_blueprint.css.scss
12	4	app/models/poll.rb
10	0	app/models/poll_answer.rb
55	0	app/models/poll_participation.rb
1	0	app/models/status_message.rb
5	0	app/models/user/social_actions.rb
5	5	app/views/publisher/_publisher_blueprint.html.haml
5	1	db/migrate/20140308154022_create_polls.rb
10	6	db/schema.rb
1	0	lib/diaspora/parser.rb
10	0	spec/models/poll_answer_spec.rb
78	0	spec/models/poll_participation_spec.rb
19	2	spec/models/poll_spec.rb
25	0	spec/models/status_message_spec.rb
10	0	spec/models/user/social_actions_spec.rb

--dfbe17d04--2014-03-08--Jannik Streek
26	3	app/assets/javascripts/app/views/publisher_view.js
4	0	app/assets/stylesheets/publisher.css.scss
17	0	app/assets/stylesheets/publisher_blueprint.css.scss
5	0	app/controllers/status_messages_controller.rb
7	0	app/models/poll.rb
1	0	app/models/status_message.rb
13	0	app/views/publisher/_publisher_blueprint.html.haml
3	0	config/locales/diaspora/en.yml
33	0	db/migrate/20140308154022_create_polls.rb
47	19	db/schema.rb
5	0	spec/models/poll_spec.rb