--c2a9cb55e--2013-06-04--Florian Staudacher
--b7b4edeeb--2013-06-04--Florian Staudacher
--bcb1214f9--2013-06-04--Florian Staudacher
--5760f177e--2013-06-02--Jonne Haß
7	10	script/server

--3f3fe3ecc--2013-06-01--Juan Azambuja
2	1	Changelog.md
26	3	app/assets/javascripts/inbox.js
17	5	app/assets/stylesheets/application.css.sass
8	14	app/views/conversations/_conversation.haml
21	0	app/views/conversations/_conversation.mobile.haml
9	0	app/views/conversations/_conversation_subject.haml
7	0	app/views/conversations/_participants_popover.haml
6	2	app/views/conversations/_show.haml
2	0	config/locales/diaspora/en.yml
3	0	config/locales/javascript/javascript.en.yml
7	2	features/conversations.feature
17	0	features/step_definitions/conversations_steps.rb

--7803df5ec--2013-05-27--Aruna Herath
1	0	Changelog.md
1	1	app/assets/javascripts/app/views/comment_stream_view.js
1	1	app/assets/javascripts/app/views/publisher_view.js
2	2	spec/javascripts/app/views/comment_stream_view_spec.js
2	2	spec/javascripts/app/views/publisher_view_spec.js

--009209d93--2013-05-21--Jonne Haß
1	0	Changelog.md
2	2	Gemfile
10	7	Gemfile.lock
1	0	config/defaults.yml
6	0	config/diaspora.yml.example
53	42	lib/hydra_wrapper.rb
39	26	spec/lib/hydra_wrapper_spec.rb
49	39	spec/workers/http_multi_spec.rb