--48d2bf02b--2012-03-22--Dennis Collective
--f21350045--2012-03-21--danielgrippi
--e19c84b5a--2012-03-21--danielgrippi
0	16	config/initializers/patch_active_support_output.rb

--def5b81fb--2012-03-21--danielgrippi
1	1	features/closes_account.feature
1	1	features/connects_users.feature

--0883ce1db--2012-03-21--danielgrippi
2	1	app/controllers/aspect_memberships_controller.rb
5	3	public/javascripts/publisher.js

--03409495f--2012-03-21--danielgrippi
1	1	config/initializers/patch_active_support_output.rb

--9c0ed946a--2012-03-20--danielgrippi
3	3	app/models/user.rb
16	0	config/initializers/patch_active_support_output.rb
2	0	spec/controllers/aspect_memberships_controller_spec.rb
1	3	spec/models/person_spec.rb
9	7	spec/models/service_spec.rb
2	0	spec/models/user_spec.rb

--5c431d933--2012-03-20--danielgrippi
0	2	app/helpers/application_helper.rb
0	2	app/helpers/notifications_helper.rb
6	7	app/helpers/people_helper.rb
3	1	config/environments/test.rb
2	2	spec/controllers/posts_controller_spec.rb
0	2	spec/helpers/application_helper_spec.rb
1	2	spec/helpers/notifications_helper_spec.rb
6	7	spec/helpers/people_helper_spec.rb
3	1	spec/helpers/tags_helper_spec.rb

--835f808e5--2012-03-17--Maxwell Salzberg
1	1	Gemfile
2	2	Gemfile.lock
1	0	app/helpers/application_helper.rb
2	0	app/helpers/notifications_helper.rb
1	0	app/helpers/people_helper.rb
5	5	config/initializers/patch_openssl_pkey.rb
2	0	spec/helpers/application_helper_spec.rb
2	0	spec/helpers/notifications_helper_spec.rb
2	0	spec/helpers/people_helper_spec.rb

--35a6f4f26--2012-03-16--Maxwell Salzberg
5	5	Gemfile
75	71	Gemfile.lock
8	8	config/initializers/patch_openssl_pkey.rb

--a2aabeb59--2012-03-16--Maxwell Salzberg
1	1	app/models/invitation_code.rb
1	1	app/models/photo.rb
2	2	app/models/user.rb
1	1	lib/diaspora/guid.rb
1	1	lib/tasks/generate_session_secret.rake
1	1	lib/tasks/heroku.rake
3	3	spec/factories.rb
4	4	spec/models/services/twitter_spec.rb
1	1	spec/models/user_spec.rb

--3c23364fb--2012-03-21--Jonne Haß
1	0	app/controllers/application_controller.rb
1	1	app/helpers/language_helper.rb
0	15	config/environment.rb
0	3	config/environments/production.rb
0	3	config/environments/staging.rb
22	17	config/initializers/locale.rb
26	26	config/locale_settings.yml

--907e19e88--2012-03-21--Raven24
1	0	public/stylesheets/sass/application.sass

--280184c85--2012-03-21--Jonne Haß
--2d32595db--2012-03-21--movilla
1	0	config/locales/diaspora/es.yml

--965c30f40--2012-03-21--movilla
1	0	config/locales/diaspora/en.yml

--bb2d47477--2012-03-21--movilla
1	1	app/views/notifications/index.html.haml

--f7a1b0963--2012-03-21--movilla
1	1	app/views/layouts/application.html.haml