--4b2b2b53b--2011-10-28--Jonne Hass
--b0d6139be--2011-10-28--Jonne Hass
2	2	config/locales/devise/devise.es.yml
1	1	config/locales/devise/devise.pt-PT.yml
31	35	config/locales/diaspora/ar.yml
71	75	config/locales/diaspora/bg.yml
31	35	config/locales/diaspora/br.yml
31	35	config/locales/diaspora/cs.yml
31	35	config/locales/diaspora/cy.yml
50	54	config/locales/diaspora/da.yml
90	94	config/locales/diaspora/de.yml
37	41	config/locales/diaspora/el.yml
31	35	config/locales/diaspora/en_1337.yml
31	35	config/locales/diaspora/en_pirate.yml
31	35	config/locales/diaspora/en_shaw.yml
221	225	config/locales/diaspora/eo.yml
36	40	config/locales/diaspora/es-AR.yml
31	35	config/locales/diaspora/es-CL.yml
66	70	config/locales/diaspora/es.yml
31	35	config/locales/diaspora/eu.yml
31	35	config/locales/diaspora/fi.yml
54	58	config/locales/diaspora/fr.yml
31	35	config/locales/diaspora/ga.yml
31	35	config/locales/diaspora/he.yml
31	35	config/locales/diaspora/hu.yml
31	35	config/locales/diaspora/id.yml
31	35	config/locales/diaspora/is.yml
66	70	config/locales/diaspora/it.yml
31	35	config/locales/diaspora/ja.yml
79	83	config/locales/diaspora/ko.yml
31	35	config/locales/diaspora/lt.yml
31	35	config/locales/diaspora/mk.yml
31	35	config/locales/diaspora/nb.yml
39	43	config/locales/diaspora/nl.yml
79	83	config/locales/diaspora/nn.yml
31	35	config/locales/diaspora/pa.yml
68	72	config/locales/diaspora/pl.yml
31	35	config/locales/diaspora/pt-BR.yml
76	80	config/locales/diaspora/pt-PT.yml
31	35	config/locales/diaspora/ro.yml
44	48	config/locales/diaspora/ru.yml
59	63	config/locales/diaspora/sk.yml
31	35	config/locales/diaspora/sq.yml
32	36	config/locales/diaspora/sv.yml
261	265	config/locales/diaspora/tr.yml
55	59	config/locales/diaspora/uk.yml
31	35	config/locales/diaspora/ur-PK.yml
31	35	config/locales/diaspora/zh-CN.yml
81	85	config/locales/diaspora/zh-TW.yml
11	0	config/locales/javascript/javascript.ar.yml
11	0	config/locales/javascript/javascript.bg.yml
11	0	config/locales/javascript/javascript.br.yml
11	0	config/locales/javascript/javascript.cs.yml
11	0	config/locales/javascript/javascript.da.yml
13	2	config/locales/javascript/javascript.de.yml
12	1	config/locales/javascript/javascript.el.yml
11	0	config/locales/javascript/javascript.en_1337.yml
11	0	config/locales/javascript/javascript.en_pirate.yml
11	0	config/locales/javascript/javascript.en_shaw.yml
11	0	config/locales/javascript/javascript.eo.yml
11	0	config/locales/javascript/javascript.es-AR.yml
11	0	config/locales/javascript/javascript.es.yml
11	0	config/locales/javascript/javascript.eu.yml
11	0	config/locales/javascript/javascript.fi.yml
11	0	config/locales/javascript/javascript.fr.yml
11	0	config/locales/javascript/javascript.he.yml
11	0	config/locales/javascript/javascript.hu.yml
11	0	config/locales/javascript/javascript.id.yml
11	0	config/locales/javascript/javascript.is.yml
11	0	config/locales/javascript/javascript.it.yml
11	0	config/locales/javascript/javascript.ja.yml
11	0	config/locales/javascript/javascript.ko.yml
11	0	config/locales/javascript/javascript.nb.yml
15	4	config/locales/javascript/javascript.nl.yml
11	0	config/locales/javascript/javascript.nn.yml
11	0	config/locales/javascript/javascript.pl.yml
11	0	config/locales/javascript/javascript.pt-BR.yml
22	11	config/locales/javascript/javascript.pt-PT.yml
11	0	config/locales/javascript/javascript.ro.yml
11	0	config/locales/javascript/javascript.ru.yml
11	0	config/locales/javascript/javascript.sk.yml
11	0	config/locales/javascript/javascript.sv.yml
14	3	config/locales/javascript/javascript.tr.yml
11	0	config/locales/javascript/javascript.uk.yml
11	0	config/locales/javascript/javascript.zh-CN.yml
11	0	config/locales/javascript/javascript.zh-TW.yml

--da06a950b--2011-10-23--Jonne Hass
5	5	config/ci/before-travis.sh

--a46a1d91d--2011-10-27--danielgrippi
1	0	config/assets.yml
1	3	config/locales/javascript/javascript.en.yml
61	0	public/javascripts/aspects-dropdown.js
89	0	public/javascripts/contact-edit.js
0	4	public/javascripts/pages/contacts-index.js
0	1	public/javascripts/pages/people-show.js
13	4	public/javascripts/publisher.js
0	133	public/javascripts/widgets/aspects-dropdown.js
1	2	public/javascripts/widgets/hovercard.js
6	0	spec/javascripts/helpers/SpecHelper.js
0	116	spec/javascripts/widgets/aspects-dropdown-spec.js

--a01138672--2011-10-27--danielgrippi
1	0	config/assets.yml

--68a8c23d8--2011-10-27--danielgrippi
4	2	features/accepts_invitation.feature
2	2	features/follows_tags.feature
4	2	features/signs_up.feature
1	1	features/step_definitions/conversations_steps.rb

--0a1e649b2--2011-10-25--Pistos
5	54	features/reshare.feature
116	1	spec/controllers/posts_controller_spec.rb
24	0	spec/spec-doc.rb
1	0	spec/spec_helper.rb

--efdf597c0--2011-10-27--Dan Hansen
0	1	config/assets.yml

--f7afcd96b--2011-10-27--danielgrippi
1	1	config/locales/diaspora/en.yml
1	1	config/locales/javascript/javascript.en.yml

--3d8f971ca--2011-10-27--Dan Hansen
0	1	config/assets.yml
3	1	config/locales/javascript/javascript.en.yml
0	61	public/javascripts/aspects-dropdown.js
0	89	public/javascripts/contact-edit.js
4	0	public/javascripts/pages/contacts-index.js
1	0	public/javascripts/pages/people-show.js
4	13	public/javascripts/publisher.js
133	0	public/javascripts/widgets/aspects-dropdown.js
2	1	public/javascripts/widgets/hovercard.js
0	6	spec/javascripts/helpers/SpecHelper.js
116	0	spec/javascripts/widgets/aspects-dropdown-spec.js

--cc5656920--2011-10-27--danielgrippi
2	2	spec/controllers/tag_followings_controller_spec.rb

--0def71d74--2011-10-27--danielgrippi
8	3	app/controllers/tag_followings_controller.rb
1	1	app/views/tags/_followed_tags_listings.haml
3	1	app/views/tags/update.js.erb
2	2	config/locales/diaspora/en.yml
2	0	config/locales/javascript/javascript.en.yml
0	2	public/javascripts/view.js
2	1	public/stylesheets/sass/application.sass
5	0	spec/controllers/tag_followings_controller_spec.rb

--e8169ee58--2011-10-27--danielgrippi
6	5	app/views/tags/_followed_tags_listings.haml
2	0	config/locales/diaspora/en.yml
1	0	config/routes.rb
1	1	public/javascripts/pages/aspects-index.js
6	0	public/javascripts/view.js
13	0	public/stylesheets/sass/application.sass

--29a070612--2011-10-27--Dan Hansen
1	1	app/views/sessions/new.haml

--826e46ef2--2011-10-27--Ilya Zhitomirskiy
1	1	lib/rake_helpers.rb

--c8fc9fcb7--2011-10-27--danielgrippi
1	3	app/views/users/getting_started.haml
2	3	public/javascripts/pages/users-getting-started.js
5	0	public/stylesheets/sass/application.sass

--0b18e47b8--2011-10-27--danielgrippi
1	1	app/views/shared/_stream_element.html.haml
1	1	config/locales/diaspora/en.yml

--07a4fb8e9--2011-10-27--danielgrippi
5	5	app/views/users/edit.html.haml
1	0	config/locales/diaspora/en.yml
6	0	public/javascripts/view.js

--139cfcdd6--2011-10-28--Florian Staudacher
0	5	public/javascripts/aspects-dropdown.js

--5cfb5b714--2011-10-28--Florian Staudacher
3	5	public/javascripts/aspects-dropdown.js

--b87907074--2011-10-26--danielgrippi
1	0	app/controllers/likes_controller.rb
2	1	app/views/likes/_likes.haml
10	2	public/javascripts/view.js
4	2	public/javascripts/widgets/likes.js
6	3	public/stylesheets/sass/application.sass

--302ef968b--2011-10-26--Maxwell Salzberg
2	1	public/javascripts/view.js

--94ebc8b37--2011-10-26--Maxwell Salzberg
1	1	app/views/shared/_stream_element.html.haml
1	1	config/locales/diaspora/en.yml
7	0	public/javascripts/view.js

--96f74cf93--2011-10-26--danielgrippi
5	0	app/views/photos/_new_profile_photo.haml
7	1	config/locales/javascript/javascript.en.yml
19	3	public/javascripts/pages/users-getting-started.js

--9789e25c9--2011-10-26--Maxwell Salzberg
16	0	app/controllers/posts_controller.rb
4	1	app/views/shared/_stream_element.html.haml
2	0	config/locales/diaspora/en.yml
1	1	spec/helpers/o_embed_helper_spec.rb

--03380516f--2011-10-26--Ilya Zhitomirskiy
3	1	lib/tasks/stats.rake

--134493127--2011-10-26--danielgrippi
1	1	public/javascripts/widgets/flash-messages.js

--dd0052361--2011-10-26--danielgrippi
1	1	app/helpers/aspect_global_helper.rb
7	6	app/views/layouts/application.html.haml
1	1	app/views/shared/_aspect_dropdown.html.haml
2	0	config/locales/javascript/javascript.en.yml
10	0	public/javascripts/aspects-dropdown.js
10	5	public/javascripts/widgets/flash-messages.js

--53b27a762--2011-10-26--Ilya Zhitomirskiy
11	5	app/mailers/notifier.rb
21	0	lib/tasks/stats.rake

--7e7386514--2011-10-26--Maxwell Salzberg
1	1	app/helpers/o_embed_helper.rb
1	5	config/initializers/oembed.rb

--3b1f3f90d--2011-10-26--Ilya Zhitomirskiy
21	0	db/migrate/20111026173547_add_missing_tag_followings_indices.rb

--162d3ccd1--2011-10-26--Ilya Zhitomirskiy
13	0	db/migrate/20111026173547_add_missing_tag_followings_indices.rb
5	1	db/schema.rb

--db3e41197--2011-10-26--Dan Hansen
1	1	spec/javascripts/support/jasmine.yml

--ad978f434--2011-10-26--Dan Hansen
2	0	spec/javascripts/support/jasmine.yml

--7a228b166--2011-10-26--Jordi Mallach
1	1	config/locales/diaspora/en.yml