--74d00d7db--2011-09-28--Gonzalo Rodriguez
--e8c7b570a--2011-09-28--Ilya Zhitomirskiy
1	1	spec/controllers/comments_controller_spec.rb

--5ae9edc72--2011-09-28--Maxwell Salzberg
1	1	app/views/comments/index.html.haml

--38624afd9--2011-09-28--danielgrippi
1	3	app/views/reshares/_reshare.mobile.haml

--272ffc32d--2011-09-28--danielgrippi
--d2d205ee0--2011-09-28--danielgrippi
1	1	app/views/comments/_new_comment.mobile.haml
37	28	app/views/reshares/_reshare.mobile.haml
1	0	config/locales/diaspora/en.yml
7	5	public/javascripts/mobile.js
27	1	public/stylesheets/sass/mobile.scss

--42fcf3e39--2011-09-27--danielgrippi
30	18	app/views/reshares/_reshare.mobile.haml
4	3	app/views/shared/_stream_element.mobile.haml
6	12	public/stylesheets/sass/mobile.scss

--7d662fcc9--2011-09-27--danielgrippi
4	1	app/views/layouts/application.mobile.haml
3	12	app/views/shared/_publisher.mobile.haml
-	-	public/images/icons/arrow_up_small.png
5	0	public/javascripts/mobile.js
20	4	public/stylesheets/sass/mobile.scss

--f34f0ce5f--2011-09-27--danielgrippi
1	1	app/views/comments/_new_comment.mobile.haml
2	1	app/views/comments/index.mobile.haml
0	8	app/views/layouts/application.mobile.haml
34	17	public/javascripts/mobile.js
9	7	public/stylesheets/sass/mobile.scss

--64113eb8f--2011-09-27--danielgrippi
1	1	config/locales/diaspora/en.yml
41	6	public/javascripts/mobile.js
0	417	public/stylesheets/sass/mobile.sass
2	2	public/stylesheets/sass/mobile.scss

--2b2443b6b--2011-09-27--danielgrippi
14	4	app/controllers/status_messages_controller.rb
1	0	app/views/layouts/application.mobile.haml
28	16	app/views/shared/_publisher.mobile.haml
14	4	app/views/shared/_stream_element.mobile.haml
11	0	app/views/status_messages/_status_message.mobile.haml
0	13	spec/controllers/aspects_controller_spec.rb
8	1	spec/controllers/status_messages_controller_spec.rb

--beb5380ad--2011-09-27--danielgrippi
44	4	public/stylesheets/sass/mobile.scss

--51c7e879d--2011-09-27--danielgrippi
5	6	public/javascripts/mobile.js
1	1	public/stylesheets/sass/mobile.scss

--9b057bdf1--2011-09-27--danielgrippi
2	2	app/views/comments/_new_comment.mobile.haml
0	3	app/views/posts/show.mobile.haml
7	1	app/views/reshares/_reshare.mobile.haml
8	5	public/stylesheets/sass/mobile.scss

--744ab579b--2011-09-26--danielgrippi
2	3	app/controllers/comments_controller.rb
1	1	app/views/comments/_new_comment.mobile.haml
12	4	app/views/comments/index.mobile.haml
4	3	app/views/posts/show.mobile.haml
13	12	app/views/shared/_publisher.mobile.haml
15	0	app/views/shared/_stream_element.mobile.haml
-	-	public/images/icons/arrow_down.png
-	-	public/images/icons/arrow_down_small.png
37	6	public/javascripts/mobile.js
29	3	public/stylesheets/sass/mobile.scss

--3b08fc840--2011-09-26--danielgrippi
0	18	app/views/comments/_comments.mobile.haml
1	1	app/views/comments/_new_comment.mobile.haml
1	1	app/views/comments/index.html.haml
5	1	app/views/comments/index.mobile.haml
0	1	app/views/layouts/application.mobile.haml
2	3	app/views/shared/_publisher.mobile.haml
0	1	app/views/shared/_stream_element.mobile.haml
13	4	public/javascripts/mobile.js
59	18	public/stylesheets/sass/mobile.scss

--ea357a96e--2011-09-26--danielgrippi
5	1	app/controllers/comments_controller.rb
0	4	app/views/comments/_comment.mobile.haml
4	3	app/views/comments/_new_comment.mobile.haml
1	0	app/views/comments/new.mobile.haml
4	1	app/views/layouts/application.mobile.haml
2	1	app/views/shared/_footer.mobile.haml
1	1	app/views/shared/_publisher.mobile.haml
10	27	app/views/shared/_stream_element.mobile.haml
1	1	config/assets.yml
1	1	config/routes.rb
-	-	public/images/icons/pencil_mobile_grey_active.png
-	-	public/images/icons/pencil_mobile_grey_mobile.png
-	-	public/images/icons/reshare_mobile.png
52	12	public/javascripts/mobile.js
55	11	public/stylesheets/sass/mobile.scss

--9d72247e9--2011-09-26--danielgrippi
0	2	app/views/people/show.mobile.haml
15	0	app/views/tags/show.mobile.haml
2	1	public/stylesheets/sass/mobile.scss

--7acb48ff7--2011-09-26--danielgrippi
1	1	public/stylesheets/sass/mobile.scss

--d97280214--2011-09-26--danielgrippi
0	0	app/views/comments/{_comments.haml => _comments.html.haml}
18	0	app/views/comments/_comments.mobile.haml
0	0	app/views/comments/{index.haml => index.html.haml}
1	0	app/views/comments/index.mobile.haml
1	1	app/views/shared/_stream_element.mobile.haml
5	4	public/javascripts/mobile.js
12	1	public/stylesheets/sass/mobile.scss

--91c9fffb8--2011-09-26--danielgrippi
1	1	app/controllers/comments_controller.rb
23	16	app/views/sessions/new.mobile.haml
6	13	app/views/shared/_stream_element.mobile.haml
25	12	public/javascripts/mobile.js
49	26	public/stylesheets/sass/mobile.scss

--f2f14c289--2011-09-25--danielgrippi
2	1	app/views/layouts/application.mobile.haml
1	6	app/views/reshares/_reshare.mobile.haml
1	1	app/views/shared/_publisher.mobile.haml
2	1	config/assets.yml
-	-	public/images/mobile-spinner.gif
46	0	public/javascripts/mobile.js
35	12	public/stylesheets/sass/mobile.scss

--6deb924c3--2011-09-20--danielgrippi
4	0	app/controllers/posts_controller.rb
1	2	app/views/aspects/index.mobile.haml
5	4	app/views/layouts/application.mobile.haml
2	2	app/views/posts/show.mobile.haml
7	4	app/views/shared/_stream_element.mobile.haml
-	-	public/images/icons/compose_mobile.png
-	-	public/images/icons/compose_mobile2.png
32	12	public/stylesheets/sass/mobile.scss

--645af3735--2011-09-20--danielgrippi
26	7	app/views/layouts/application.mobile.haml
4	6	app/views/people/show.mobile.haml
2	1	app/views/posts/show.mobile.haml
1	1	app/views/shared/_footer.mobile.haml
33	17	app/views/shared/_stream_element.mobile.haml
4	3	config/assets.yml
1	1	config/locales/diaspora/en.yml
-	-	public/images/apple-splash.png
171	0	public/javascripts/vendor/mbp-helper.js
14	0	public/javascripts/vendor/mbp-modernizr-custom.js
7	0	public/javascripts/vendor/mbp-respond.min.js
56	21	public/stylesheets/sass/mobile.scss

--9e3ff7338--2011-09-20--danielgrippi
23	23	app/views/layouts/application.mobile.haml
6	112	public/stylesheets/sass/mobile.scss

--00e561dd0--2011-09-20--danielgrippi
1	1	app/views/shared/_stream_element.mobile.haml
8	0	config/locales/diaspora/en.yml
1	1	public/stylesheets/sass/mobile.scss

--ab3d220b5--2011-09-19--danielgrippi
5	1	app/controllers/aspects_controller.rb

--8c586c456--2011-09-19--danielgrippi
4	1	app/controllers/likes_controller.rb
14	11	app/controllers/status_messages_controller.rb
5	6	app/views/aspects/index.mobile.haml
6	5	app/views/comments/_comment.mobile.haml
19	67	app/views/layouts/application.mobile.haml
3	3	app/views/people/show.mobile.haml
2	24	app/views/posts/show.mobile.haml
0	1	app/views/reshares/_reshare.mobile.haml
4	12	app/views/shared/_footer.mobile.haml
22	48	app/views/shared/_publisher.mobile.haml
36	14	app/views/shared/_stream_element.mobile.haml
19	0	app/views/status_messages/_status_message.html.haml
7	0	app/views/status_messages/_status_message.mobile.haml
5	0	app/views/status_messages/new.mobile.haml
7	6	config/assets.yml
-	-	public/images/icons/comment_mobile_grey.png
-	-	public/images/icons/heart_mobile_grey.png
-	-	public/images/icons/heart_mobile_red.png
-	-	public/images/icons/pencil_mobile_grey.png
38	0	public/javascripts/custom-mobile-scripting.js
151	102	public/stylesheets/sass/mobile.sass
382	0	public/stylesheets/sass/mobile.scss
315	0	public/stylesheets/vendor/html5-boilerplate-mobile.css

--372a472fb--2011-09-27--Gonzalo Rodriguez
1	0	config/locales/javascript/javascript.en.yml
2	0	public/javascripts/widgets/aspect-navigation.js
12	1	public/javascripts/widgets/stream.js

--78557c02e--2011-09-27--Maxwell Salzberg
2	1	lib/postzord/receiver/local_batch.rb

--dc0c23da2--2011-09-27--Gonzalo Rodriguez
1	1	features/posts_from_main_page.feature
19	9	public/javascripts/widgets/aspect-navigation.js

--49bee9bf1--2011-09-26--danielgrippi
5	1	app/views/aspects/_aspect_stream.haml
1	6	app/views/aspects/index.html.haml
0	1	app/views/shared/_stream.haml
1	1	features/connects_users.feature
2	1	features/infinite_scroll.feature

--e0ffd7c63--2011-09-27--Gonzalo Rodriguez
--d36da2a26--2011-09-26--Ilya Zhitomirskiy
8	2	app/helpers/stream_helper.rb
6	1	app/views/aspects/index.html.haml
6	0	public/javascripts/widgets/infinite-scroll.js

--4f17dbf36--2011-09-11--Gonzalo Rodriguez
3	6	public/javascripts/widgets/aspect-navigation.js

--37c67c23c--2011-09-11--Gonzalo Rodriguez
9	11	public/javascripts/widgets/aspect-navigation.js

--04786bc43--2011-09-08--Gonzalo Rodriguez
2	2	app/views/aspects/_aspect_listings.haml
3	0	config/locales/javascript/javascript.en.yml
6	6	features/posts_from_main_page.feature
51	22	public/javascripts/widgets/aspect-navigation.js
7	0	public/stylesheets/sass/application.sass

--6131d5d29--2011-09-08--Gonzalo Rodriguez
--2057c8fcf--2011-09-05--Dan Hansen & Gonzalo Rodriguez
0	1	config/assets.yml
0	173	public/javascripts/aspect-filters.js
1	0	public/javascripts/pages/aspects-index.js
4	4	public/javascripts/publisher.js
122	0	public/javascripts/widgets/aspect-navigation.js
0	13	spec/javascripts/aspect-filters-spec.js
0	1	spec/javascripts/support/jasmine.yml