--f479a9a14--2011-08-29--Maxwell Salzberg
--e1838729f--2011-08-29--Andrej Kacian
1	0	public/stylesheets/sass/application.sass

--5dcff46d0--2011-08-29--Gonzalo Rodriguez
1	1	public/javascripts/widgets/likes.js

--b7f9400a9--2011-08-28--danielgrippi
3	36	public/javascripts/stream.js
11	1	public/javascripts/widgets/comment.js
11	1	public/javascripts/widgets/stream-element.js
0	27	spec/javascripts/stream-spec.js

--a618b261f--2011-08-28--Gonzalo Rodriguez
1	1	public/stylesheets/sass/application.sass

--068d3c690--2011-08-28--Gonzalo Rodriguez
11	0	features/manages_aspects.feature
7	0	features/step_definitions/custom_web_steps.rb

--b60101b9a--2011-08-28--Sarah Mei
3	3	app/controllers/aspects_controller.rb
1	1	app/views/aspects/_aspect_listings.haml
0	27	app/views/aspects/_new.haml
22	1	app/views/aspects/new.haml
0	5	app/views/layouts/_header.html.haml
1	1	app/views/shared/_aspect_dropdown.html.haml
18	0	spec/controllers/aspects_controller_spec.rb

--f0b811473--2011-08-28--Andrej Kacian
2	1	public/javascripts/widgets/comment.js

--3a27d66ee--2011-08-27--danielgrippi
1	1	features/step_definitions/custom_web_steps.rb
2	1	public/stylesheets/sass/application.sass

--f2fb431fe--2011-08-27--danielgrippi
4	22	config/assets.yml

--802dd989a--2011-08-27--danielgrippi
0	1	config/assets.yml
0	18	public/javascripts/tag-followings.js
3	2	public/stylesheets/sass/application.sass
0	22	spec/javascripts/tag-followings-spec.js

--60c8a0d00--2011-08-27--Sarah Mei
6	10	features/follows_tags.feature
2	2	public/javascripts/tag-followings.js

--b9dbe0ecd--2011-08-27--Gonzalo Rodriguez
1	1	app/views/users/getting_started.haml
1	1	config/locales/diaspora/en.yml

--b048d1dd5--2011-08-27--Gonzalo Rodriguez
4	1	app/controllers/aspects_controller.rb
12	0	features/manages_aspects.feature

--c66b7d584--2011-08-27--Maxwell Salzberg
--5b51dde19--2011-08-27--MrZYX
2	2	Gemfile.lock
16	0	config/locales/diaspora/ar.yml
16	0	config/locales/diaspora/bg.yml
16	0	config/locales/diaspora/br.yml
16	0	config/locales/diaspora/cs.yml
16	0	config/locales/diaspora/cy.yml
16	0	config/locales/diaspora/da.yml
16	0	config/locales/diaspora/de.yml
16	0	config/locales/diaspora/el.yml
16	0	config/locales/diaspora/en_pirate.yml
16	0	config/locales/diaspora/en_shaw.yml
16	0	config/locales/diaspora/eo.yml
16	0	config/locales/diaspora/es-AR.yml
16	0	config/locales/diaspora/es-CL.yml
16	0	config/locales/diaspora/es.yml
16	0	config/locales/diaspora/eu.yml
16	0	config/locales/diaspora/fi.yml
16	0	config/locales/diaspora/fr.yml
16	0	config/locales/diaspora/ga.yml
16	0	config/locales/diaspora/he.yml
16	0	config/locales/diaspora/hu.yml
16	0	config/locales/diaspora/id.yml
16	0	config/locales/diaspora/is.yml
16	0	config/locales/diaspora/it.yml
16	0	config/locales/diaspora/ja.yml
16	0	config/locales/diaspora/ko.yml
16	0	config/locales/diaspora/lt.yml
16	0	config/locales/diaspora/mk.yml
16	0	config/locales/diaspora/nb.yml
16	0	config/locales/diaspora/nl.yml
16	0	config/locales/diaspora/pa.yml
16	0	config/locales/diaspora/pl.yml
16	0	config/locales/diaspora/pt-BR.yml
16	0	config/locales/diaspora/pt-PT.yml
16	0	config/locales/diaspora/ro.yml
16	0	config/locales/diaspora/ru.yml
16	0	config/locales/diaspora/sk.yml
16	0	config/locales/diaspora/sl.yml
16	0	config/locales/diaspora/sv.yml
16	0	config/locales/diaspora/tr.yml
16	0	config/locales/diaspora/zh-CN.yml
16	0	config/locales/diaspora/zh-TW.yml

--a442e7c8a--2011-08-16--Brian Wisti
0	4	lib/diaspora/markdownify.rb

--8f78a2d97--2011-08-16--Brian Wisti
--888ad0a31--2011-08-16--Brian Wisti
1	0	lib/diaspora/markdownify.rb

--805a9eb92--2011-08-16--Brian Wisti
0	3	lib/diaspora/markdownify.rb

--736b17988--2011-08-16--Brian Wisti
4	1	app/helpers/markdownify_helper.rb

--b87c7bb48--2011-08-16--Brian Wisti
3	1	app/helpers/markdownify_helper.rb
1	1	app/views/status_messages/_status_message.haml
20	10	lib/diaspora/markdownify.rb
7	0	spec/helpers/markdownify_helper_spec.rb

--03127cd59--2011-08-16--Brian Wisti
1	0	Gemfile
7	0	Gemfile.lock
15	122	app/helpers/markdownify_helper.rb
1	1	features/follows_tags.feature
169	0	lib/diaspora/markdownify.rb
3	0	public/stylesheets/sass/application.sass
61	29	spec/helpers/markdownify_helper_spec.rb

--6b34a2611--2011-08-16--Brian Wisti
4	1	app/helpers/markdownify_helper.rb

--0b2ab9450--2011-08-16--Brian Wisti
--ddf912d3a--2011-08-16--Brian Wisti
3	3	db/seeds.rb

--0180aebce--2011-08-16--Brian Wisti
--6e248c2d5--2011-08-16--Brian Wisti
3	1	app/helpers/markdownify_helper.rb
1	1	app/views/status_messages/_status_message.haml
20	10	lib/diaspora/markdownify.rb
7	0	spec/helpers/markdownify_helper_spec.rb

--2303686e3--2011-08-16--Brian Wisti
1	0	Gemfile
7	0	Gemfile.lock
15	122	app/helpers/markdownify_helper.rb
1	1	features/follows_tags.feature
169	0	lib/diaspora/markdownify.rb
3	0	public/stylesheets/sass/application.sass
61	29	spec/helpers/markdownify_helper_spec.rb