--4a64a172d--2011-08-21--Dan Hansen
--545611fff--2011-08-21--Dan Hansen
1	1	Gemfile
0	2	Gemfile.lock
8	3	app/views/comments/create.js.erb
1	1	app/views/conversations/show.js.erb
2	0	config/assets.yml
2	1	db/schema.rb
1	1	public/javascripts/aspect-filters.js
7	8	public/javascripts/aspects-dropdown.js
19	8	public/javascripts/contact-edit.js
4	1	public/javascripts/diaspora.js
2	2	public/javascripts/inbox.js
1	1	public/javascripts/pages/aspects-index.js
1	0	public/javascripts/pages/conversations-index.js
7	0	public/javascripts/pages/users-edit.js
7	10	public/javascripts/widgets/comment-form.js
4	5	public/javascripts/widgets/comment-stream.js
1	1	public/javascripts/widgets/infinite-scroll.js
1	1	public/javascripts/widgets/notifications-badge.js
1	0	public/javascripts/widgets/stream-element.js
13	7	public/javascripts/widgets/stream.js
1	1	public/javascripts/widgets/user-dropdown.js
0	3	spec/javascripts/alert-spec.js
0	4	spec/javascripts/diaspora-spec.js
16	1	spec/javascripts/helpers/SpecHelper.js
0	4	spec/javascripts/stream-spec.js

--cad14bcdf--2011-08-22--Andrej Kacian
1	1	app/views/people/_sub_header.html.haml

--b772b8354--2011-08-22--Andrej Kacian
4	4	config/locales/diaspora/en.yml

--163ac103c--2011-08-21--Sarah Mei
45	0	spec/controllers/devise/passwords_controller_spec.rb

--4ccb5f778--2011-08-21--Gonzalo Rodriguez
1	0	config/assets.yml

--c39e8bb64--2011-08-21--ticho
--bd3683d0d--2011-08-22--Andrej Kacian
1	1	public/javascripts/stream.js

--395df041d--2011-08-18--Andrej Kacian
2	2	spec/javascripts/stream-spec.js

--2a52face1--2011-08-10--Andrej Kacian
1	0	spec/controllers/aspects_controller_spec.rb
16	0	spec/javascripts/stream-spec.js

--50f32ce5a--2011-08-06--Andrej Kacian
6	0	app/views/post_visibilities/update.js.erb
7	7	app/views/shared/_stream_element.html.haml
11	0	public/javascripts/stream.js

--1b5698c1f--2011-08-21--MrZYX
399	399	config/locales/diaspora/pt-BR.yml
57	57	config/locales/diaspora/pt-PT.yml

--e5391c1d2--2011-08-20--Gonzalo Rodriguez
5	2	features/conversations.feature
9	0	features/step_definitions/conversations_steps.rb

--3ed50cab9--2011-08-20--Dan Hansen
--2e9040e22--2011-08-10--Dan Hansen
1	1	app/controllers/comments_controller.rb
1	1	app/views/comments/_comment.html.haml
1	1	app/views/conversations/show.js.erb
0	19	app/views/layouts/_debug.haml
2	4	app/views/layouts/application.html.haml
1	1	app/views/layouts/application.mobile.haml
0	15	app/views/requests/_manage_aspect_contacts.haml
1	1	app/views/reshares/create.js.erb
0	23	app/views/shared/_add_contact.html.haml
1	1	app/views/status_messages/bookmarklet.html.haml
2	2	app/views/users/getting_started.haml
15	7	config/assets.yml
9	3	db/schema.rb
1	1	features/comments.feature
1	1	features/posts.feature
1	1	public/javascripts/aspect-filters.js
5	5	public/javascripts/contact-edit.js
3	3	public/javascripts/content-updater.js
50	46	public/javascripts/diaspora.js
30	0	public/javascripts/helpers/alert.js
30	0	public/javascripts/helpers/i18n.js
2	2	public/javascripts/inbox.js
14	0	public/javascripts/pages/aspects-index.js
13	0	public/javascripts/pages/contacts-index.js
7	0	public/javascripts/pages/conversations-index.js
7	0	public/javascripts/pages/people-index.js
14	0	public/javascripts/pages/people-show.js
8	0	public/javascripts/pages/posts-show.js
9	0	public/javascripts/pages/profiles-edit.js
14	0	public/javascripts/pages/tags-show.js
10	0	public/javascripts/pages/users-getting-started.js
2	2	public/javascripts/photo-show.js
6	6	public/javascripts/publisher.js
0	69	public/javascripts/search.js
9	52	public/javascripts/stream.js
1	0	public/javascripts/vendor/timeago.js
8	101	public/javascripts/view.js
8	8	public/javascripts/web-socket-receiver.js
0	37	public/javascripts/widgets/alert.js
23	0	public/javascripts/widgets/comment-form.js
53	0	public/javascripts/widgets/comment-stream.js
43	0	public/javascripts/widgets/comment-toggler.js
29	0	public/javascripts/widgets/comment.js
4	4	public/javascripts/widgets/{directionDetector.js => direction-detector.js}
19	36	public/javascripts/widgets/embedder.js
2	2	public/javascripts/widgets/{flashes.js => flash-messages.js}
22	0	public/javascripts/widgets/header.js
8	9	public/javascripts/widgets/hovercard.js
0	35	public/javascripts/widgets/i18n.js
24	30	public/javascripts/widgets/infinite-scroll.js
12	8	public/javascripts/widgets/lightbox.js
33	0	public/javascripts/widgets/likes.js
34	31	public/javascripts/widgets/notifications-badge.js
16	22	public/javascripts/widgets/notifications.js
0	53	public/javascripts/widgets/post.js
73	0	public/javascripts/widgets/search.js
25	0	public/javascripts/widgets/stream-element.js
24	0	public/javascripts/widgets/stream.js
13	9	public/javascripts/widgets/timeago.js
30	0	public/javascripts/widgets/user-dropdown.js
0	29	public/stylesheets/sass/application.sass
25	14	spec/controllers/aspects_controller_spec.rb
27	0	spec/javascripts/alert-spec.js
0	2	spec/javascripts/content-updater-spec.js
118	71	spec/javascripts/diaspora-spec.js
1	1	spec/javascripts/publisher-spec.js
7	38	spec/javascripts/stream-spec.js
5	9	spec/javascripts/support/jasmine.yml
0	134	spec/javascripts/view-spec.js
17	6	spec/javascripts/web-socket-receiver-spec.js
0	26	spec/javascripts/widgets/alert-spec.js
32	0	spec/javascripts/widgets/comment-toggler-spec.js
44	54	spec/javascripts/widgets/embedder-spec.js
11	8	spec/javascripts/widgets/{flashes-spec.js => flash-messages-spec.js}
10	10	spec/javascripts/widgets/i18n-spec.js
48	52	spec/javascripts/widgets/notifications-spec.js
0	35	spec/javascripts/widgets/post-spec.js
25	0	spec/javascripts/widgets/user-dropdown-spec.js