--3ed50cab9--2011-08-20--Dan Hansen
--f1cf81772--2011-08-20--Gonzalo Rodriguez
1	1	app/views/conversations/_show.haml
1	0	config/locales/diaspora/en.yml

--234af2a15--2011-08-19--Gonzalo Rodriguez
1	1	spec/controllers/aspect_memberships_controller_spec.rb
1	1	spec/controllers/invitations_controller_spec.rb
1	1	spec/controllers/profiles_controller_spec.rb
1	1	spec/controllers/registrations_controller_spec.rb

--a74080e27--2011-08-19--Raphael Sofaer
0	1	app/views/services/finder.html.haml
2	12	spec/controllers/services_controller_spec.rb

--a5ab8a80d--2011-08-19--Maxwell Salzberg
--735a37ffe--2011-08-19--Maxwell Salzberg
1	1	app/mailers/diaspora_devise_mailer.rb
0	8	app/views/devise/mailer/invitation_instructions.erb
1	2	public/javascripts/contact-edit.js

--bb5ada653--2011-08-19--Maxwell Salzberg
5	0	app/mailers/diaspora_devise_mailer.rb
3	10	config/initializers/devise.rb
2	1	public/javascripts/contact-edit.js

--e4062bf5f--2011-08-18--Maxwell Salzberg
11	2	app/controllers/services_controller.rb
1	2	app/views/services/_remote_friend.html.haml
9	9	public/javascripts/contact-edit.js
7	0	public/stylesheets/sass/application.sass

--70fe2cf10--2011-08-17--Maxwell Salzberg
23	12	app/controllers/services_controller.rb
17	1	app/models/invitation.rb
8	0	app/models/service_user.rb
2	1	app/views/services/_remote_friend.html.haml
21	2	public/javascripts/contact-edit.js

--32368a16d--2011-08-19--Raphael Sofaer
3	2	db/migrate/20110818212541_add_identifier_to_existing_invitations.rb

--834c75894--2011-08-19--Ilyaaaaaaaaaaaaa Zhitomirskiy
11	20	spec/javascripts/publisher-spec.js
1	0	spec/javascripts/support/jasmine.yml

--e10003224--2011-08-19--Maxwell Salzberg
1	1	app/views/devise/mailer/invitation_instructions.erb

--3cee58939--2011-08-19--Maxwell Salzberg
1	2	app/views/devise/mailer/invitation_instructions.erb

--fe78a6916--2011-08-19--Maxwell Salzberg
9	0	app/helpers/notifier_helper.rb
18	0	app/views/devise/mailer/_inviter.erb
0	9	app/views/devise/mailer/_inviters.haml
43	13	app/views/devise/mailer/invitation_instructions.erb
2	2	config/locales/devise/devise.en.yml

--6f20e11a6--2011-08-18--Maxwell Salzberg
1	1	app/controllers/invitations_controller.rb
1	1	app/models/invitation.rb
5	7	app/views/devise/mailer/_inviters.haml
28	0	app/views/devise/mailer/{_batch_invites.erb => invitation_instructions.erb}
0	22	app/views/devise/mailer/invitation_instructions.haml

--f2e25c5fc--2011-08-19--MrZYX
44	44	config/locales/diaspora/es-CL.yml
7	7	config/locales/diaspora/ko.yml

--96d183a04--2011-08-19--Ilyaaaaaaaaaaaaa Zhitomirskiy
4	0	app/models/message.rb
14	6	spec/mailers/notifier_spec.rb

--ecf38305b--2011-08-19--Ilyaaaaaaaaaaaaa Zhitomirskiy
6	0	app/views/layouts/application.html.haml

--3d7297ba5--2011-08-19--Gonzalo Rodriguez
6	2	app/controllers/people_controller.rb

--6beeecefd--2011-08-18--Maxwell Salzberg
7	2	app/controllers/invitations_controller.rb
11	2	app/models/invitation.rb
3	1	spec/controllers/services_controller_spec.rb
4	4	spec/models/invitation_spec.rb
1	1	spec/models/user_spec.rb

--2c47262d5--2011-08-18--Ilyaaaaaaaaaaaaa Zhitomirskiy
1	1	public/javascripts/aspects-dropdown.js
2	3	public/javascripts/contact-edit.js
3	5	public/javascripts/publisher.js

--c3bcb9c96--2011-08-18--Ilyaaaaaaaaaaaaa Zhitomirskiy
1	1	app/controllers/people_controller.rb
15	2	app/helpers/aspect_global_helper.rb
0	21	app/views/aspect_memberships/_aspect_dropdown.html.haml
0	6	app/views/aspect_memberships/_aspect_dropdown_list_item.haml
1	1	app/views/aspects/_aspect_stream.haml
1	1	app/views/aspects/create.js.erb
1	1	app/views/aspects/index.mobile.haml
1	1	app/views/contacts/sharing.haml
1	1	app/views/notifications/index.html.haml
1	0	app/views/people/_aspect_membership_dropdown.haml
1	1	app/views/people/_relationship_action.haml
1	1	app/views/people/_sub_header.html.haml
2	2	app/views/services/_remote_friend.html.haml
21	0	app/views/shared/_aspect_dropdown.html.haml
1	6	app/views/shared/_publisher.html.haml
3	3	app/views/status_messages/bookmarklet.html.haml
2	2	app/views/status_messages/new.haml
1	0	config/assets.yml
8	8	config/locales/diaspora/en.yml
2	1	features/posts.feature
9	0	features/step_definitions/custom_web_steps.rb
33	0	public/javascripts/aspects-dropdown.js
4	25	public/javascripts/contact-edit.js
38	10	public/javascripts/publisher.js
11	3	public/stylesheets/sass/application.sass

--2e9040e22--2011-08-10--Dan Hansen
1	1	app/controllers/comments_controller.rb
1	1	app/views/comments/_comment.html.haml
1	1	app/views/conversations/show.js.erb
0	19	app/views/layouts/_debug.haml
2	4	app/views/layouts/application.html.haml
1	1	app/views/layouts/application.mobile.haml
0	15	app/views/requests/_manage_aspect_contacts.haml
1	1	app/views/reshares/create.js.erb
0	23	app/views/shared/_add_contact.html.haml
1	1	app/views/status_messages/bookmarklet.html.haml
2	2	app/views/users/getting_started.haml
15	7	config/assets.yml
9	3	db/schema.rb
1	1	features/comments.feature
1	1	features/posts.feature
1	1	public/javascripts/aspect-filters.js
5	5	public/javascripts/contact-edit.js
3	3	public/javascripts/content-updater.js
50	46	public/javascripts/diaspora.js
30	0	public/javascripts/helpers/alert.js
30	0	public/javascripts/helpers/i18n.js
2	2	public/javascripts/inbox.js
14	0	public/javascripts/pages/aspects-index.js
13	0	public/javascripts/pages/contacts-index.js
7	0	public/javascripts/pages/conversations-index.js
7	0	public/javascripts/pages/people-index.js
14	0	public/javascripts/pages/people-show.js
8	0	public/javascripts/pages/posts-show.js
9	0	public/javascripts/pages/profiles-edit.js
14	0	public/javascripts/pages/tags-show.js
10	0	public/javascripts/pages/users-getting-started.js
2	2	public/javascripts/photo-show.js
6	6	public/javascripts/publisher.js
0	69	public/javascripts/search.js
9	52	public/javascripts/stream.js
1	0	public/javascripts/vendor/timeago.js
8	101	public/javascripts/view.js
8	8	public/javascripts/web-socket-receiver.js
0	37	public/javascripts/widgets/alert.js
23	0	public/javascripts/widgets/comment-form.js
53	0	public/javascripts/widgets/comment-stream.js
43	0	public/javascripts/widgets/comment-toggler.js
29	0	public/javascripts/widgets/comment.js
4	4	public/javascripts/widgets/{directionDetector.js => direction-detector.js}
19	36	public/javascripts/widgets/embedder.js
2	2	public/javascripts/widgets/{flashes.js => flash-messages.js}
22	0	public/javascripts/widgets/header.js
8	9	public/javascripts/widgets/hovercard.js
0	35	public/javascripts/widgets/i18n.js
24	30	public/javascripts/widgets/infinite-scroll.js
12	8	public/javascripts/widgets/lightbox.js
33	0	public/javascripts/widgets/likes.js
34	31	public/javascripts/widgets/notifications-badge.js
16	22	public/javascripts/widgets/notifications.js
0	53	public/javascripts/widgets/post.js
73	0	public/javascripts/widgets/search.js
25	0	public/javascripts/widgets/stream-element.js
24	0	public/javascripts/widgets/stream.js
13	9	public/javascripts/widgets/timeago.js
30	0	public/javascripts/widgets/user-dropdown.js
0	29	public/stylesheets/sass/application.sass
25	14	spec/controllers/aspects_controller_spec.rb
27	0	spec/javascripts/alert-spec.js
0	2	spec/javascripts/content-updater-spec.js
118	71	spec/javascripts/diaspora-spec.js
1	1	spec/javascripts/publisher-spec.js
7	38	spec/javascripts/stream-spec.js
5	9	spec/javascripts/support/jasmine.yml
0	134	spec/javascripts/view-spec.js
17	6	spec/javascripts/web-socket-receiver-spec.js
0	26	spec/javascripts/widgets/alert-spec.js
32	0	spec/javascripts/widgets/comment-toggler-spec.js
44	54	spec/javascripts/widgets/embedder-spec.js
11	8	spec/javascripts/widgets/{flashes-spec.js => flash-messages-spec.js}
10	10	spec/javascripts/widgets/i18n-spec.js
48	52	spec/javascripts/widgets/notifications-spec.js
0	35	spec/javascripts/widgets/post-spec.js
25	0	spec/javascripts/widgets/user-dropdown-spec.js