--0b02653f4--2011-08-09--Sarah Mei
--47d5ea7a8--2011-08-09--Maxwell Salzberg
2	6	app/helpers/people_helper.rb

--4fb4f7116--2011-08-09--Maxwell Salzberg
1	0	app/models/service.rb
7	0	spec/models/service_spec.rb

--902edb674--2011-08-09--Raphael Sofaer
13	8	app/controllers/tags_controller.rb
3	3	app/views/layouts/_header.html.haml
4	6	app/views/users/getting_started.haml
21	14	public/javascripts/search.js

--6406c59bc--2011-08-09--Maxwell Salzberg
1	1	public/stylesheets/sass/application.sass

--7ae6ca201--2011-08-09--Maxwell Salzberg
1	1	app/controllers/profiles_controller.rb

--054c89782--2011-08-09--Maxwell Salzberg
1	0	app/controllers/tokens_controller.rb

--1afc3f36f--2011-08-09--Maxwell Salzberg
1	1	app/views/users/getting_started.haml

--7b1ff4cd7--2011-08-09--Maxwell Salzberg
3	0	app/views/invitations/edit.mobile.haml
3	0	app/views/layouts/application.mobile.haml
0	0	app/views/profiles/{_edit.html.haml => _edit.haml}
0	0	app/views/profiles/{_edit_public.html.haml => _edit_public.haml}
0	0	app/views/profiles/{edit.html.haml => edit.haml}
1	0	config/locales/diaspora/en.yml

--da51259f3--2011-08-09--Maxwell Salzberg
22	17	app/views/invitations/edit.mobile.haml
1	1	app/views/sessions/new.mobile.haml

--333081f8b--2011-08-09--Raphael Sofaer
5	4	lib/resque_job_logging.rb
2	2	spec/lib/resque_job_logging_spec.rb

--cdfaa83e9--2011-08-09--Raphael Sofaer
166	157	public/javascripts/jquery.infinitescroll-custom.js

--3c4f6527e--2011-08-09--Raphael Sofaer
3	3	app/views/layouts/application.html.haml

--86e374b8c--2011-08-09--Maxwell Salzberg
1	1	app/controllers/profiles_controller.rb
3	0	app/controllers/vanna_controller.rb
0	51	app/helpers/application_helper.rb
3	0	app/helpers/notifications_helper.rb
40	1	app/helpers/people_helper.rb
13	0	app/helpers/users_helper.rb
2	1	app/models/status_message.rb
0	0	app/views/users/{getting_started.html.haml => getting_started.haml}
15	0	spec/controllers/users_controller_spec.rb
2	51	spec/helpers/application_helper_spec.rb
63	0	spec/helpers/people_helper_spec.rb
5	4	spec/models/status_message_spec.rb

--f8e53bfba--2011-08-09--Raphael Sofaer
1	1	app/controllers/users_controller.rb
5	0	spec/controllers/users_controller_spec.rb

--2229921ba--2011-08-09--Raphael Sofaer
2	2	lib/resque_job_logging.rb

--87ffce4f6--2011-08-09--Raphael Sofaer
4	3	lib/resque_job_logging.rb
9	0	spec/lib/resque_job_logging_spec.rb

--09ac50aaa--2011-08-09--Raphael Sofaer
1	1	app/views/publics/host_meta.erb
0	9	app/views/publics/host_meta.html.erb
0	0	app/views/publics/{photo.html.haml => photo.haml}

--58384f82c--2011-08-09--Raphael Sofaer
0	20	public/javascripts/login.js

--0da8445b2--2011-08-09--Raphael Sofaer
14	1	lib/resque_job_logging.rb

--5a966c93b--2011-08-09--Maxwell Salzberg
0	0	app/views/devise/mailer/{_batch_invites.html.erb => _batch_invites.erb}
0	0	app/views/devise/mailer/{confirmation_instructions.html.haml => confirmation_instructions.haml}
0	0	app/views/devise/mailer/{invitation_instructions.html.haml => invitation_instructions.haml}
0	0	app/views/devise/mailer/{reset_password_instructions.html.haml => reset_password_instructions.haml}
0	0	app/views/devise/mailer/{unlock_instructions.html.haml => unlock_instructions.haml}

--015879a96--2011-08-09--Raphael Sofaer
0	12	app/models/status_message.rb
11	0	lib/youtube_titles.rb

--a4e54a7b0--2011-08-09--Raphael Sofaer
12	0	app/models/status_message.rb
6	0	spec/lib/youtube_titles_spec.rb

--05fb2c3e7--2011-08-09--Andrej Kacian
7	2	features/follows_tags.feature

--bddd7c717--2011-08-09--Andrej Kacian
7	0	spec/controllers/aspects_controller_spec.rb
1	0	spec/javascripts/support/jasmine.yml
22	0	spec/javascripts/tag-followings-spec.js

--2a970145c--2011-07-29--Andrej Kacian
15	3	app/controllers/tag_followings_controller.rb
1	1	app/views/aspects/index.html.haml
3	1	app/views/tags/_followed_tags_listings.haml
1	0	app/views/tags/update.js.erb
1	0	config/assets.yml
1	0	config/locales/diaspora/en.yml
18	0	public/javascripts/tag-followings.js
5	1	public/stylesheets/sass/application.sass

--e9d993b8f--2011-08-09--Maxwell Salzberg
45	51	app/controllers/people_controller.rb
14	0	app/models/person.rb
8	3	public/404.html
4	4	spec/controllers/people_controller_spec.rb
22	0	spec/models/person_spec.rb

--69619f9ba--2011-08-09--Raphael Sofaer
5	1	app/controllers/aspect_memberships_controller.rb
8	1	spec/controllers/aspect_memberships_controller_spec.rb

--7f5f69664--2011-08-09--Raphael Sofaer
2	2	app/controllers/publics_controller.rb
8	1	spec/controllers/publics_controller_spec.rb
1	1	spec/factories.rb

--23ea0ed46--2011-08-09--Raphael Sofaer
1	0	public/robots.txt

--840901c0a--2011-08-09--Raphael Sofaer
7	3	lib/splunk_logging.rb

--a4e6a019a--2011-08-09--Maxwell Salzberg
1	1	public/javascripts/view.js
4	2	public/stylesheets/sass/application.sass