--dfa6539ef--2011-07-22--Raphael Sofaer
--241999f72--2011-07-22--Raphael Sofaer
4	0	app/helpers/reshares_helper.rb
3	3	app/views/reshares/_reshare.haml
1	1	app/views/shared/_stream_element.html.haml
10	0	config/locales/diaspora/en.yml

--00885be73--2011-07-22--Raphael Sofaer
1	1	app/controllers/reshares_controller.rb
7	0	app/helpers/reshares_helper.rb
9	4	app/views/reshares/create.js.erb
1	0	config/locales/diaspora/en-US.yml
7	3	config/locales/diaspora/en.yml
2	0	config/locales/javascript/javascript.en.yml

--99aafb18c--2011-07-22--Raphael Sofaer
2	2	app/models/reshare.rb
2	2	app/views/reshares/_reshare.haml
4	1	app/views/reshares/create.js.erb
1	0	spec/factories.rb

--f74bf0479--2011-07-22--Raphael Sofaer
2	2	public/javascripts/view.js

--0e2936f06--2011-07-22--Raphael Sofaer
0	0	spec/multi_server/{repost_spec.rb => reshare_spec.rb}

--78bced56b--2011-07-22--Raphael Sofaer
2	2	app/controllers/reshares_controller.rb
1	1	app/models/post.rb
16	24	app/models/reshare.rb
5	3	app/models/signed_retraction.rb
1	1	app/views/reshares/create.js.erb
1	1	app/views/shared/_stream_element.html.haml
2	2	db/migrate/20110525213325_add_root_id_to_posts.rb
1	1	db/schema.rb
1	1	spec/controllers/aspects_controller_spec.rb
3	3	spec/controllers/people_controller_spec.rb
6	6	spec/controllers/reshares_controller_spec.rb
6	0	spec/models/reshare_spec.rb
1	1	spec/models/retraction_spec.rb
3	3	spec/models/signed_retraction_spec.rb
1	1	spec/multi_server/repost_spec.rb

--5a1263696--2011-07-22--Raphael Sofaer
12	15	app/models/reshare.rb

--4b1d5b772--2011-07-22--Raphael Sofaer
10	2	app/models/reshare.rb
24	0	spec/models/signed_retraction_spec.rb
0	1	spec/multi_server/repost_spec.rb

--ad5dba052--2011-07-22--Raphael Sofaer
6	5	app/models/signed_retraction.rb
23	0	spec/models/signed_retraction_spec.rb
0	22	spec/models/user_spec.rb
5	5	spec/multi_server/server_spec.rb

--d75ee2aa6--2011-07-22--Jonne Hass
--eaef93170--2011-07-22--Anass Ahmed
1	1	public/stylesheets/sass/rtl.sass

--fd4f88c8e--2011-07-22--Anass Ahmed
--3c8d21fde--2011-07-21--Anass Ahmed
15	3	public/stylesheets/sass/rtl.sass

--17774d8b3--2011-07-21--Raphael Sofaer
94	0	app/models/signed_retraction.rb
4	0	features/step_definitions/oauth_steps.rb
1	1	lib/tasks/db.rake
4	4	spec/models/reshare_spec.rb
8	8	spec/models/user_spec.rb
1	1	spec/multi_server/repost_spec.rb
1	1	spec/support/server.rb

--a1bf22fe7--2011-07-20--Raphael Sofaer
6	63	app/models/relayable_retraction.rb
2	1	app/models/reshare.rb
5	12	app/models/user.rb
1	1	spec/models/person_spec.rb
14	10	spec/models/user_spec.rb
21	7	spec/multi_server/repost_spec.rb

--7382dfb7b--2011-07-20--Raphael Sofaer
0	1	app/models/person.rb
8	6	app/models/reshare.rb
2	0	config/application.yml.example
1	2	config/environments/integration_1.rb
1	1	spec/factories.rb
21	10	spec/multi_server/repost_spec.rb
10	6	spec/support/server.rb
7	1	spec/support/user_methods.rb

--e19fb6d0f--2011-07-20--Raphael Sofaer
1	1	app/models/app_config.rb
1	1	app/models/user.rb
1	1	app/views/publics/host_meta.erb
1	1	app/views/publics/host_meta.html.erb
1	1	config/initializers/mailer_config.rb
4	4	spec/support/server.rb

--537766d0d--2011-07-19--Ilyaaaaaaaaaaaaa Zhitomirskiy
1	1	app/models/reshare.rb
52	0	spec/multi_server/repost_spec.rb
0	2	spec/multi_server/server_spec.rb
20	2	spec/support/server.rb

--70be713b1--2011-07-19--Raphael Sofaer
9	1	lib/tasks/db.rake

--bd1c8efe5--2011-07-19--Ilyaaaaaaaaaaaaa Zhitomirskiy
1	1	app/models/app_config.rb
2	0	app/models/retraction.rb
7	0	config/application.yml.example
6	2	features/step_definitions/oauth_steps.rb
8	3	spec/multi_server/server_spec.rb
41	3	spec/support/server.rb

--2d6f51f68--2011-07-19--danielgrippi
1	1	app/models/relayable_retraction.rb
12	4	app/models/user.rb
1	1	app/views/shared/_stream_element.html.haml
1	2	features/repost.feature
19	7	spec/models/retraction_spec.rb
15	3	spec/models/user_spec.rb

--987d44c41--2011-07-18--danielgrippi
7	1	app/models/reshare.rb
23	2	spec/models/reshare_spec.rb

--a8400ad46--2011-07-14--danielgrippi
10	4	app/models/reshare.rb
28	15	spec/models/reshare_spec.rb

--a32ef3c1d--2011-07-14--danielgrippi
16	10	app/controllers/publics_controller.rb
1	1	app/models/reshare.rb
6	0	spec/controllers/publics_controller_spec.rb
2	2	spec/models/reshare_spec.rb

--bdc4b9f74--2011-07-14--danielgrippi
6	1	app/controllers/publics_controller.rb
12	11	app/models/reshare.rb
1	1	app/views/shared/_stream_element.html.haml
1	0	features/posts.feature
24	3	spec/controllers/publics_controller_spec.rb
19	11	spec/models/reshare_spec.rb

--509a435cc--2011-07-13--danielgrippi
1	1	app/controllers/publics_controller.rb
22	0	app/models/reshare.rb
1	1	config/routes.rb
67	0	spec/models/reshare_spec.rb

--7b3180e5d--2011-07-13--danielgrippi
2	2	app/models/post.rb
14	0	app/models/reshare.rb
6	1	app/models/user.rb
1	1	app/views/posts/show.html.haml
1	1	app/views/reshares/_reshare.haml
1	1	spec/models/reshare_spec.rb
45	0	spec/models/user_spec.rb

--f3a515eef--2011-07-12--danielgrippi
1	0	app/controllers/reshares_controller.rb
4	0	app/helpers/stream_helper.rb
3	0	app/models/post.rb
0	2	app/models/reshare.rb
2	1	app/models/user.rb
25	0	app/views/reshares/_reshare.haml
1	1	app/views/shared/_stream.haml
6	9	app/views/shared/_stream_element.html.haml
0	4	app/views/shared/_stream_element_shim.haml
47	5	features/repost.feature
4	0	features/step_definitions/custom_web_steps.rb
3	0	features/step_definitions/posts_steps.rb
4	1	lib/postzord/dispatch.rb
18	12	public/stylesheets/sass/application.sass
5	0	spec/controllers/reshares_controller_spec.rb
14	4	spec/lib/postzord/dispatch_spec.rb
16	0	spec/models/reshare_spec.rb

--d1bbbdbc4--2011-07-12--danielgrippi
4	4	app/views/posts/show.html.haml
6	5	app/views/shared/_stream_element.html.haml
3	4	app/views/shared/_stream_element_shim.haml
1	0	db/schema.rb
6	2	features/repost.feature
0	4	public/stylesheets/sass/application.sass
0	4	spec/controllers/reshares_controller_spec.rb

--ce9477976--2011-05-26--Ilya Zhitomirskiy
1	0	app/helpers/sockets_helper.rb
2	1	app/models/reshare.rb
6	3	app/views/shared/_stream_element.html.haml
2	1	app/views/status_messages/create.js.erb
25	1	features/repost.feature
6	0	features/step_definitions/posts_steps.rb

--fa9269541--2011-05-25--Maxwell Salzberg
1	1	app/controllers/aspects_controller.rb
13	0	app/controllers/reshares_controller.rb
2	0	app/helpers/reshares_helper.rb
19	0	app/models/reshare.rb
1	0	app/views/reshares/create.js.erb
1	1	app/views/shared/_stream.haml
9	2	app/views/shared/_stream_element.html.haml
5	0	app/views/shared/_stream_element_shim.haml
9	0	db/migrate/20110525213325_add_root_id_to_posts.rb
29	0	features/repost.feature
4	0	public/stylesheets/sass/application.sass
6	0	spec/controllers/aspects_controller_spec.rb
3	3	spec/controllers/people_controller_spec.rb
38	0	spec/controllers/reshares_controller_spec.rb
15	0	spec/helpers/reshares_helper_spec.rb
20	0	spec/models/reshare_spec.rb

--06f886ad7--2011-05-25--Maxwell Salzberg
2	3	app/controllers/people_controller.rb
3	0	app/views/shared/_stream_element.html.haml
2	0	config/routes.rb
1	1	features/disconnects_users.feature
5	0	features/step_definitions/posts_steps.rb
19	0	spec/controllers/people_controller_spec.rb
5	0	spec/factories.rb

--8abfe67ed--2011-07-21--Anass Ahmed
15	3	public/stylesheets/sass/rtl.sass