--78ba1590e--2011-07-06--MrZYX
--b7e86673e--2011-07-06--MrZYX
22	5	config/locales/diaspora/ar.yml
25	8	config/locales/diaspora/bg.yml
22	5	config/locales/diaspora/br.yml
50	33	config/locales/diaspora/cs.yml
22	5	config/locales/diaspora/cy.yml
22	5	config/locales/diaspora/da.yml
23	6	config/locales/diaspora/de.yml
61	44	config/locales/diaspora/el.yml
22	5	config/locales/diaspora/en_shaw.yml
22	5	config/locales/diaspora/eo.yml
22	5	config/locales/diaspora/es-AR.yml
48	31	config/locales/diaspora/es-CL.yml
25	8	config/locales/diaspora/es.yml
22	5	config/locales/diaspora/eu.yml
22	5	config/locales/diaspora/fi.yml
52	35	config/locales/diaspora/fr.yml
22	5	config/locales/diaspora/ga.yml
22	5	config/locales/diaspora/he.yml
22	5	config/locales/diaspora/hu.yml
22	5	config/locales/diaspora/id.yml
22	5	config/locales/diaspora/is.yml
32	15	config/locales/diaspora/it.yml
22	5	config/locales/diaspora/ja.yml
45	28	config/locales/diaspora/ko.yml
22	5	config/locales/diaspora/lt.yml
22	5	config/locales/diaspora/mk.yml
22	5	config/locales/diaspora/nb.yml
49	32	config/locales/diaspora/nl.yml
22	5	config/locales/diaspora/pa.yml
22	5	config/locales/diaspora/pl.yml
22	5	config/locales/diaspora/pt-BR.yml
22	5	config/locales/diaspora/pt-PT.yml
22	5	config/locales/diaspora/ro.yml
22	5	config/locales/diaspora/ru.yml
22	5	config/locales/diaspora/sk.yml
22	5	config/locales/diaspora/sl.yml
22	5	config/locales/diaspora/sv.yml
22	5	config/locales/diaspora/tr.yml
22	5	config/locales/diaspora/zh-CN.yml
22	5	config/locales/diaspora/zh-TW.yml
1	1	config/locales/javascript/javascript.es.yml
5	5	config/locales/javascript/javascript.fi.yml

--8c1c546bd--2011-07-06--MrZYX
11	2	app/controllers/aspects_controller.rb
12	0	spec/controllers/aspects_controller_spec.rb

--d74942877--2011-07-06--danielgrippi
9	13	app/views/conversations/_show.haml
11	8	app/views/conversations/index.haml
16	18	public/stylesheets/sass/application.sass

--19911bc85--2011-07-05--Raphael Sofaer
2	1	features/comments.feature
4	0	features/step_definitions/comment_steps.rb
1	0	features/tags.feature

--4a9900dff--2011-07-05--Raphael Sofaer
1	1	app/controllers/aspects_controller.rb
4	0	app/controllers/status_messages_controller.rb
4	0	app/helpers/stream_helper.rb
4	6	app/views/comments/_comments.haml
1	1	app/views/shared/_stream_element.html.haml
2	2	public/javascripts/stream.js

--27f78dd1a--2011-07-05--Raphael Sofaer
1	1	lib/tasks/cucumber.rake

--2a9fc776e--2011-07-05--Raphael Sofaer
2	1	app/controllers/tags_controller.rb

--efd6275e6--2011-07-05--Raphael Sofaer
6	1	app/models/profile.rb

--0ac28cd9e--2011-07-05--Raphael Sofaer
1	1	app/controllers/tag_followings_controller.rb
6	0	spec/controllers/tag_followings_controller_spec.rb

--41be7a37b--2011-07-05--danielgrippi
1	1	app/views/tags/show.haml
3	2	public/stylesheets/sass/application.sass

--e2b373695--2011-07-05--Ilyaaaaaaaaaaaaa Zhitomirskiy
2	2	db/migrate/20110701215925_create_tag_followings.rb
2	2	db/schema.rb

--ecaf7974e--2011-07-05--danielgrippi
9	4	app/views/aspects/index.html.haml
2	2	public/stylesheets/sass/application.sass
9	2	public/stylesheets/sass/ui.sass

--06abdce18--2011-07-05--Ilyaaaaaaaaaaaaa Zhitomirskiy
1	1	features/comments.feature
1	0	features/follows_tags.feature
2	2	features/posts.feature
2	7	features/step_definitions/custom_web_steps.rb

--47e0558c3--2011-07-05--Ilyaaaaaaaaaaaaa Zhitomirskiy
--c3e477f2c--2011-07-05--Ilyaaaaaaaaaaaaa Zhitomirskiy
14	4	app/views/tags/show.haml
1	0	config/locales/diaspora/en.yml
1	2	features/signs_up.feature
1	10	features/step_definitions/custom_web_steps.rb
6	0	public/stylesheets/sass/ui.sass

--0ab961e09--2011-07-05--Ilyaaaaaaaaaaaaa Zhitomirskiy
4	2	app/controllers/tags_controller.rb
0	6	features/follows_tags.feature

--027f096ca--2011-07-05--Ilyaaaaaaaaaaaaa Zhitomirskiy
6	3	features/follows_tags.feature
7	0	spec/controllers/tags_controller_spec.rb

--2d8b5bd54--2011-07-04--Ilyaaaaaaaaaaaaa Zhitomirskiy
8	4	app/controllers/tag_followings_controller.rb
8	0	config/locales/diaspora/en.yml
18	5	spec/controllers/tag_followings_controller_spec.rb

--edac7601f--2011-07-04--Ilyaaaaaaaaaaaaa Zhitomirskiy
12	2	app/views/aspect_memberships/create.js.erb

--d15673c3d--2011-07-04--Ilyaaaaaaaaaaaaa Zhitomirskiy
3	3	app/controllers/tags_controller.rb

--f0d9d318e--2011-07-04--Ilyaaaaaaaaaaaaa Zhitomirskiy
1	5	app/controllers/aspects_controller.rb
6	9	app/controllers/tag_followings_controller.rb
8	4	app/controllers/tags_controller.rb
1	0	app/models/user.rb
2	2	app/views/tags/show.haml
1	1	config/routes.rb
5	3	features/follows_tags.feature
7	50	spec/controllers/aspects_controller_spec.rb
4	3	spec/controllers/tags_controller_spec.rb

--632eacc51--2011-07-03--danielgrippi
4	2	app/views/aspects/index.html.haml
12	3	public/stylesheets/sass/application.sass

--1e4ee472b--2011-07-01--Ilyaaaaaaaaaaaaa Zhitomirskiy
20	1	app/controllers/aspects_controller.rb
31	0	app/controllers/tag_followings_controller.rb
4	0	app/controllers/tags_controller.rb
2	0	app/helpers/tag_followings_helper.rb
6	0	app/models/tag_following.rb
1	0	app/models/user.rb
2	12	app/views/aspect_memberships/create.js.erb
9	0	app/views/aspects/index.html.haml
11	8	app/views/tags/show.haml
3	0	config/locales/diaspora/en.yml
4	0	config/routes.rb
14	0	db/migrate/20110701215925_create_tag_followings.rb
7	0	db/schema.rb
24	9	features/follows_tags.feature
62	0	spec/controllers/aspects_controller_spec.rb
76	0	spec/controllers/tag_followings_controller_spec.rb
20	1	spec/controllers/tags_controller_spec.rb
16	0	spec/models/tag_following_spec.rb

--77d28b411--2011-07-01--Ilyaaaaaaaaaaaaa Zhitomirskiy
17	10	app/views/tags/show.haml
3	9	features/follows_tags.feature

--956a86b40--2011-07-01--danielgrippi
37	0	features/follows_tags.feature

--b2f580c39--2011-07-05--danielgrippi
4	0	public/stylesheets/sass/_mixins.scss
20	13	public/stylesheets/sass/application.sass

--47aab723b--2011-07-05--danielgrippi
4	2	app/views/conversations/new.haml
1	0	config/locales/diaspora/en.yml

--53993cd71--2011-07-05--Raphael Sofaer
4	5	lib/tasks/cruise.rake

--f5e3c4c0d--2011-07-05--danielgrippi
29	0	app/helpers/aspect_global_helper.rb

--5f592f961--2011-07-05--Raphael Sofaer
1	1	lib/tasks/cruise.rake

--130914267--2011-07-05--Raphael Sofaer
5	0	db/migrate/20110705003445_counter_cache_on_post_likes.rb

--10f40043c--2011-07-05--Jordi Mallach
--99abd474c--2011-07-05--Jordi Mallach
4	1	config/locales/diaspora/ca.yml

--9248a34c8--2011-07-05--Jordi Mallach
6	5	config/locales/diaspora/ca.yml

--035b8893c--2011-07-05--Jordi Mallach
--c4c0846ed--2011-07-04--Jordi Mallach
32	12	config/locales/diaspora/ca.yml