--1af945de1--2011-06-28--Raphael Sofaer
--7fd9b81e5--2011-06-28--Raphael Sofaer
2	1	spec/controllers/authorizations_controller_spec.rb
0	2	spec/lib/webfinger_spec.rb

--7ba80ce79--2011-06-28--Michael Sofaer
1	0	ci.sh
0	29	lib/cruise/build.rb

--c2565127c--2011-06-28--Maxwell Salzberg
1	0	lib/cruise/build.rb

--c47c04a93--2011-06-28--Raphael Sofaer
--47512db14--2011-06-28--parimbra
2	2	config/locales/diaspora/en.yml

--a0214a0a3--2011-06-27--Raphael Sofaer
0	151	config/application.yml

--d355e230b--2011-06-27--Michael Sofaer & Raphael Sofaer
1	0	app/controllers/vanna_controller.rb

--839756573--2011-06-27--Dennis Collinson & Michael Sofaer
1	4	app/controllers/notifications_controller.rb

--f9e8e7a04--2011-06-27--Dennis Collinson & Michael Sofaer
1	0	.pairs
3	5	app/controllers/notifications_controller.rb
2	2	app/views/notifications/index.html.haml
7	7	public/javascripts/widgets/notifications-badge.js
7	5	spec/controllers/notifications_controller_spec.rb

--46c83a7c7--2011-06-24--Dan Hansen & Michael Sofaer
14	0	app/controllers/vanna_controller.rb
18	11	app/helpers/notifications_helper.rb
2	2	app/views/layouts/_header.html.haml

--8f5358e68--2011-06-20--Dan Hansen & Michael Sofaer
10	3	app/controllers/notifications_controller.rb
3	2	app/helpers/application_helper.rb
11	16	app/helpers/notifications_helper.rb
1	1	public/stylesheets/sass/application.sass

--bc874e92c--2011-06-20--Dan Hansen & Michael Sofaer
3	0	app/views/notifications/_overlay.html.haml
5	0	public/javascripts/widgets/notifications-badge.js
12	8	public/stylesheets/sass/application.sass

--cba7a1a57--2011-06-20--Dan Hansen & Michael Sofaer
7	5	public/javascripts/widgets/notifications-badge.js

--37aeb2fa3--2011-06-20--Dan Hansen & Maxwell Salzberg
151	0	config/application.yml
1	0	config/assets.yml
1	37	public/javascripts/diaspora.js
25	0	public/javascripts/templates/notification-badge.mustache
34	0	public/javascripts/widgets/notifications-badge.js
25	15	public/stylesheets/sass/application.sass

--2c4a75f6a--2011-06-08--Michael Sofaer
1	0	app/views/notifications/_overlay.html.haml
15	4	public/javascripts/diaspora.js

--d6ba3c970--2011-05-29--Michael Sofaer
14	8	app/controllers/notifications_controller.rb
0	1	app/helpers/notifications_helper.rb
1	1	app/views/layouts/_header.html.haml
1	0	app/views/layouts/application.html.haml
15	0	app/views/notifications/_overlay.html.haml
0	1	app/views/notifications/index.html.haml
26	1	public/javascripts/diaspora.js
13	10	spec/controllers/notifications_controller_spec.rb

--ef7580a69--2011-05-26--Michael Sofaer
2	0	Gemfile
9	0	Gemfile.lock
4	6	app/controllers/notifications_controller.rb
120	0	app/controllers/vanna_controller.rb
5	2	app/views/notifications/index.html.haml

--a6cb04aad--2011-06-27--danielgrippi
1	1	app/views/contacts/index.html.haml

--89ca5cf33--2011-06-27--danielgrippi
1	0	app/controllers/aspect_memberships_controller.rb

--73fe74c83--2011-06-27--danielgrippi
1	1	Gemfile
9	10	Gemfile.lock
0	1	app/controllers/aspect_memberships_controller.rb
1	1	app/views/aspects/_aspect_listings.haml
6	10	app/views/contacts/index.html.haml
7	1	config/locales/diaspora/en.yml
2	1	features/manages_aspects.feature
2	0	public/stylesheets/sass/application.sass

--00ffade88--2011-06-27--danielgrippi
4	1	app/controllers/contacts_controller.rb
4	0	app/models/contact.rb
11	5	app/views/contacts/index.html.haml
2	2	public/stylesheets/sass/application.sass
13	0	spec/models/contact_spec.rb

--b14271342--2011-06-27--Raphael Sofaer
1	1	app/controllers/authorizations_controller.rb

--240eb78b0--2011-06-27--Raphael Sofaer
7	7	app/controllers/authorizations_controller.rb
2	2	app/models/oauth2_provider_models_activerecord_client.rb
3	3	app/views/authorizations/index.html.haml
1	1	app/views/authorizations/new.html.haml
11	11	db/migrate/20110623210918_add_o_auth2_support.rb
2	2	db/schema.rb
3	4	spec/chubbies/app.rb
21	21	spec/controllers/authorizations_controller_spec.rb
1	1	spec/factories.rb

--44b77c58a--2011-06-27--danielgrippi
7	0	app/controllers/aspect_memberships_controller.rb
2	1	app/controllers/contacts_controller.rb
15	11	app/views/contacts/index.html.haml
7	0	public/stylesheets/sass/application.sass

--f9a23b812--2011-06-27--danielgrippi
13	0	app/views/contacts/index.html.haml
12	0	public/javascripts/widgets/infinite-scroll.js

--9e92230cf--2011-06-27--danielgrippi
14	2	app/views/contacts/index.html.haml
22	0	public/stylesheets/sass/application.sass

--f83971464--2011-06-27--danielgrippi
1	4	app/controllers/aspects_controller.rb
3	1	app/controllers/contacts_controller.rb
14	10	app/views/contacts/index.html.haml
25	8	public/stylesheets/sass/application.sass
1	1	spec/controllers/contacts_controller_spec.rb

--1fe4c3c3d--2011-06-27--danielgrippi
0	2	app/controllers/contacts_controller.rb
2	6	app/views/contacts/index.html.haml
0	8	public/stylesheets/sass/application.sass

--85da6d340--2011-06-27--danielgrippi
4	2	app/controllers/contacts_controller.rb
8	4	app/views/contacts/index.html.haml
9	2	public/stylesheets/sass/application.sass

--17917528f--2011-06-27--Raphael Sofaer
25	7	app/controllers/activity_streams/photos_controller.rb
16	11	spec/{controllers => integration}/activity_streams/photos_controller_spec.rb

--a2609f7da--2011-06-27--danielgrippi
9	1	app/controllers/contacts_controller.rb
27	5	app/views/contacts/index.html.haml
55	0	public/stylesheets/sass/application.sass
22	4	spec/controllers/contacts_controller_spec.rb
1	0	spec/models/user_spec.rb

--e22701a12--2011-06-27--Raphael Sofaer
23	19	db/migrate/20110125190034_unique_index_on_profile.rb

--c7b4e2b4f--2011-06-26--Raphael Sofaer
--b2f7ff5dd--2011-06-26--Raphael Sofaer
1	1	app/helpers/sockets_helper.rb
1	2	app/views/notifications/_popup.haml

--e468075ff--2011-06-26--Raphael Sofaer
9	1	app/models/activity_streams/photo.rb

--ce2518ea8--2011-06-26--Raphael Sofaer
11	0	lib/log_overrider.rb

--d002c14aa--2011-06-26--Raphael Sofaer
5	0	app/controllers/publics_controller.rb

--137181e07--2011-06-26--Raphael Sofaer
13	5	public/javascripts/view.js

--a1a53b34e--2011-06-26--Raphael Sofaer
2	0	app/views/notifier/comment_on_post.text.haml

--b9c2d3758--2011-06-26--Raphael Sofaer
2	2	app/controllers/invitations_controller.rb

--cc6f82fbc--2011-06-25--John Drummond
1	1	app/controllers/profiles_controller.rb
9	0	spec/controllers/profiles_controller_spec.rb

--f7abaab27--2011-06-25--John Drummond
9	1	app/controllers/profiles_controller.rb

--4fef3b717--2011-06-25--Raphael Sofaer
3	1	app/controllers/status_messages_controller.rb

--b3556870d--2011-06-25--Raphael Sofaer
--54ef22b83--2011-06-24--danielgrippi
0	1	app/controllers/authorizations_controller.rb
1	1	spec/controllers/authorizations_controller_spec.rb

--5884a900a--2011-06-23--Raphael Sofaer
0	6	app/controllers/aspects_controller.rb
5	0	app/controllers/contacts_controller.rb
2	2	app/views/aspect_memberships/_aspect_dropdown.html.haml
1	1	app/views/aspects/_aspect_listings.haml
1	1	app/views/aspects/_new.haml
0	46	app/views/aspects/manage.html.haml
19	0	app/views/contacts/index.html.haml
1	1	app/views/layouts/_header.html.haml
1	1	app/views/shared/_add_contact.html.haml
0	1	config/assets.yml
5	7	config/locales/diaspora/en.yml
3	4	config/routes.rb
9	9	features/connects_users.feature
14	14	features/disconnects_users.feature
3	3	features/manages_aspects.feature
0	40	features/step_definitions/user_steps.rb
0	153	public/javascripts/aspect-edit.js
0	47	spec/controllers/aspects_controller_spec.rb
23	0	spec/controllers/contacts_controller_spec.rb

--f9b09d32f--2011-06-24--Ilyaaaaaaaaaaaaa Zhitomirskiy
2	1	app/controllers/authorizations_controller.rb
1	1	spec/chubbies/app.rb
7	5	spec/controllers/authorizations_controller_spec.rb

--0b5de2aa7--2011-06-24--danielgrippi
2	2	Gemfile
8	9	Gemfile.lock
10	6	app/controllers/authorizations_controller.rb
2	2	spec/chubbies/Gemfile
2	3	spec/chubbies/Gemfile.lock
29	23	spec/controllers/authorizations_controller_spec.rb

--c01641b61--2011-06-24--Raphael Sofaer
1	1	app/helpers/application_helper.rb

--2857de5f1--2011-06-23--Raphael Sofaer
6	0	app/models/user.rb

--18138e150--2011-06-23--Raphael Sofaer
7	4	app/models/jobs/base.rb

--d186246db--2011-06-23--Ilyaaaaaaaaaaaaa Zhitomirskiy
8	1	app/controllers/authorizations_controller.rb
47	0	spec/controllers/authorizations_controller_spec.rb

--bd84eaaf7--2011-06-23--danielgrippi
2	2	Gemfile
9	8	Gemfile.lock
11	0	features/oauth.feature
4	0	features/step_definitions/oauth_steps.rb
3	2	spec/chubbies/Gemfile
3	2	spec/chubbies/Gemfile.lock

--63125cb9b--2011-06-23--Ilyaaaaaaaaaaaaa Zhitomirskiy
1	1	features/oauth.feature
1	1	features/step_definitions/oauth_steps.rb

--15571ecff--2011-06-23--danielgrippi
5	28	app/views/activity_streams/photos/show.html.haml
1	33	app/views/status_messages/show.html.haml

--d46f3a8d1--2011-06-23--Ilyaaaaaaaaaaaaa Zhitomirskiy
1	1	Gemfile
1	1	Gemfile.lock
7	4	app/models/app_config.rb
3	4	spec/controllers/activity_streams/photos_controller_spec.rb
11	0	spec/factories.rb
11	12	spec/lib/webfinger_spec.rb
2	1	spec/models/app_config_spec.rb
3	3	spec/models/profile_spec.rb

--74a7c3ab0--2011-06-23--danielgrippi
1	1	app/controllers/authorizations_controller.rb
2	2	app/models/oauth2_provider_models_activerecord_client.rb
0	13	db/migrate/20110602224152_diaspora_o_auth_client_fields.rb
0	13	db/migrate/20110614005205_add_nonce_and_public_key_to_oauth_clients.rb
18	2	db/migrate/{20110526184644_add_oauth2_tables.rb => 20110623210918_add_o_auth2_support.rb}
8	7	db/schema.rb
12	12	spec/controllers/authorizations_controller_spec.rb
8	0	spec/factories.rb
4	4	spec/models/oauth2_provider_models_activerecord_authorization_spec.rb

--052adc321--2011-06-23--Ilyaaaaaaaaaaaaa Zhitomirskiy
5	4	app/controllers/authorizations_controller.rb
6	2	app/models/app_config.rb
1	1	spec/chubbies/Gemfile
1	1	spec/chubbies/Gemfile.lock
25	13	spec/chubbies/chubbies.private.pem
8	6	spec/chubbies/chubbies.public.pem
29	12	spec/controllers/authorizations_controller_spec.rb
5	3	spec/models/app_config_spec.rb

--c91cf6f38--2011-06-23--danielgrippi
1	1	app/views/authorizations/index.html.haml

--a9b7cd125--2011-06-23--danielgrippi
1	1	app/controllers/authorizations_controller.rb
17	21	app/views/authorizations/index.html.haml
29	31	app/views/authorizations/new.html.haml
1	1	app/views/layouts/popup.html.haml
0	3	app/views/services/index.html.haml
9	6	app/views/shared/_add_remove_services.haml
4	3	app/views/shared/_settings_nav.haml
0	3	app/views/users/edit.html.haml
4	0	config/locales/diaspora/en.yml
31	0	public/stylesheets/sass/application.sass
22	2	public/stylesheets/sass/popup.scss

--a9d4ac45a--2011-06-22--Alex Chvatal
9	0	spec/controllers/profiles_controller_spec.rb

--7a56322b6--2011-06-22--Alex Chvatal
1	0	app/controllers/profiles_controller.rb

--8935c5772--2011-06-23--Jonne Hass
--d56cac163--2011-06-16--Dis McCarthy
1	1	app/helpers/application_helper.rb

--c6f045dfb--2011-06-23--MrZYX
5	5	config/locales/devise/devise.nl.yml
77	77	config/locales/diaspora/nl.yml
10	10	config/locales/javascript/javascript.nl.yml

--40560680f--2011-06-22--Raphael Sofaer
3	0	app/views/sessions/new.haml

--2276f2d4a--2011-06-22--Raphael Sofaer
2	0	public/stylesheets/sass/mobile.sass

--13810336d--2011-06-22--danielgrippi
3	0	app/controllers/authorizations_controller.rb

--5917f0d69--2011-06-22--danielgrippi
3	1	Gemfile
10	1	Gemfile.lock
7	4	app/controllers/authorizations_controller.rb
8	1	app/models/oauth2_provider_models_activerecord_client.rb
5	3	db/migrate/20110526184644_add_oauth2_tables.rb
1	1	db/migrate/20110614005205_add_nonce_and_public_key_to_oauth_clients.rb
5	4	db/schema.rb
4	1	features/step_definitions/oauth_steps.rb
1	1	spec/chubbies/Gemfile
7	4	spec/chubbies/Gemfile.lock
12	7	spec/chubbies/app.rb

--a987b198f--2011-06-22--Raphael Sofaer
17	8	app/models/person.rb
5	5	config/environment.rb

--e8552fc41--2011-06-22--Raphael Sofaer
5	10	app/controllers/conversations_controller.rb
2	2	app/models/activity_streams/photo.rb
1	1	app/models/person.rb
2	2	app/models/status_message.rb
5	0	config/environment.rb
7	18	lib/diaspora/user/querying.rb
1	5	spec/spec_helper.rb

--02739259b--2011-06-22--Raphael Sofaer
2	2	app/views/sessions/new.haml
1	9	public/javascripts/login.js
1	6	public/stylesheets/sass/login.scss

--04b070573--2011-06-22--Raphael Sofaer
4	0	Gemfile
4	0	Gemfile.lock
4	1	config/initializers/faraday.rb
3	6	lib/webfinger.rb
15	0	spec/lib/webfinger_spec.rb

--58ba4db3c--2011-06-22--Jonne Hass
--74f9ffbbd--2011-06-22--danielgrippi
9	4	lib/diaspora/user/querying.rb

--c09fb776f--2011-06-20--Ilya Zhitomirskiy
4	0	app/models/oauth2_provider_models_activerecord_authorization.rb
4	0	db/migrate/20110526184644_add_oauth2_tables.rb
2	0	db/schema.rb
23	0	spec/models/oauth2_provider_models_activerecord_authorization_spec.rb
4	2	spec/models/oauth2_provider_models_activerecord_client_spec.rb

--250ef937f--2011-06-20--Daniel Grippi
3	3	README.md

--890dc7efd--2011-06-19--danielgrippi
1	0	Gemfile
1	1	app/models/aspect_membership.rb
1	1	app/models/notification.rb
4	3	app/models/person.rb
1	1	app/models/post.rb
4	4	app/models/user.rb

--c12103aed--2011-06-16--Raphael Sofaer
3	1	spec/lib/postzord/dispatch_spec.rb
4	0	spec/spec_helper.rb

--2d3eeb9c4--2011-06-15--Raphael Sofaer
7	2	app/controllers/conversations_controller.rb
4	0	lib/diaspora/user/connecting.rb
1	1	spec/models/contact_spec.rb

--f0cb2159c--2011-06-15--Raphael Sofaer
15	2	app/models/person.rb
0	23	spec/models/person_spec.rb

--ab398555d--2011-06-15--Raphael Sofaer
1	1	lib/diaspora/user/querying.rb

--728a547cb--2011-06-15--Raphael Sofaer
2	2	Gemfile
2	2	Gemfile.lock
2	5	db/migrate/20110328202414_post_visibilities_on_contacts.rb
5	1	db/schema.rb

--7c454b7d1--2011-06-15--Raphael Sofaer
2	1	Gemfile
2	2	Gemfile.lock
17	1	lib/diaspora/user/querying.rb

--9309456c4--2011-06-15--Raphael Sofaer
5	1	db/migrate/20110328202414_post_visibilities_on_contacts.rb
4	1	db/migrate/20110330230206_pm_foreign_keys.rb
12	8	db/migrate/20110405171412_contact_remove_pending_add_sharing_and_receiving.rb
3	1	db/migrate/20110406202932_drop_requests_table.rb
6	2	db/migrate/20110406203720_tag_name_uniqueness.rb
3	1	db/migrate/20110421120744_downcase_usernames.rb
3	0	db/migrate/20110513175000_eliminate_stray_user_records.rb
2	1	db/migrate/20110517180148_delete_all_new_request_notifications.rb
2	1	db/migrate/20110518010050_disable_password_reset_for_accounts_without_usernames.rb
3	2	db/migrate/20110524184202_add_object_id_to_post.rb
1	5	db/schema.rb

--cb5993074--2011-06-18--MrZYX
--d34d623b6--2011-06-18--MrZYX
19	19	config/locales/devise/devise.ar.yml
1	1	config/locales/diaspora/ar.yml
7	7	config/locales/diaspora/de.yml
16	16	config/locales/diaspora/es.yml
4	4	config/locales/diaspora/fr.yml
5	5	config/locales/diaspora/it.yml
14	14	config/locales/diaspora/zh-TW.yml
4	4	config/locales/javascript/javascript.ar.yml
45	5	config/locales/rails-i18n/ar.yml
52	5	config/locales/rails-i18n/bg.yml
44	4	config/locales/rails-i18n/bn-IN.yml
44	4	config/locales/rails-i18n/bs.yml
45	5	config/locales/rails-i18n/ca.yml
45	5	config/locales/rails-i18n/cy.yml
44	4	config/locales/rails-i18n/da.yml
48	8	config/locales/rails-i18n/de-AT.yml
48	8	config/locales/rails-i18n/de-CH.yml
46	6	config/locales/rails-i18n/de.yml
44	4	config/locales/rails-i18n/dsb.yml
44	4	config/locales/rails-i18n/el.yml
45	5	config/locales/rails-i18n/en-AU.yml
45	5	config/locales/rails-i18n/en-GB.yml
45	5	config/locales/rails-i18n/en-US.yml
44	4	config/locales/rails-i18n/eo.yml
44	4	config/locales/rails-i18n/es-AR.yml
45	5	config/locales/rails-i18n/es-CL.yml
44	4	config/locales/rails-i18n/es-CO.yml
44	4	config/locales/rails-i18n/es-MX.yml
50	5	config/locales/rails-i18n/es-PE.yml
45	5	config/locales/rails-i18n/es.yml
81	8	config/locales/rails-i18n/et.yml
45	5	config/locales/rails-i18n/eu.yml
45	5	config/locales/rails-i18n/fa.yml
45	5	config/locales/rails-i18n/fi.yml
44	4	config/locales/rails-i18n/fr-CA.yml
44	4	config/locales/rails-i18n/fr-CH.yml
44	4	config/locales/rails-i18n/fr.yml
44	4	config/locales/rails-i18n/fur.yml
44	4	config/locales/rails-i18n/gl-ES.yml
44	4	config/locales/rails-i18n/gsw-CH.yml
45	5	config/locales/rails-i18n/he.yml
45	5	config/locales/rails-i18n/hi-IN.yml
45	5	config/locales/rails-i18n/hi.yml
44	4	config/locales/rails-i18n/hr.yml
44	4	config/locales/rails-i18n/hsb.yml
44	4	config/locales/rails-i18n/hu.yml
50	5	config/locales/rails-i18n/id.yml
45	5	config/locales/rails-i18n/is.yml
44	5	config/locales/rails-i18n/it.yml
45	5	config/locales/rails-i18n/ja.yml
222	0	config/locales/rails-i18n/kn.yml
45	5	config/locales/rails-i18n/ko.yml
44	4	config/locales/rails-i18n/lo.yml
44	4	config/locales/rails-i18n/lt.yml
44	4	config/locales/rails-i18n/lv.yml
44	4	config/locales/rails-i18n/mk.yml
44	4	config/locales/rails-i18n/mn.yml
44	4	config/locales/rails-i18n/nb.yml
45	5	config/locales/rails-i18n/nl.yml
44	4	config/locales/rails-i18n/nn.yml
45	5	config/locales/rails-i18n/pl.yml
45	5	config/locales/rails-i18n/pt-BR.yml
45	5	config/locales/rails-i18n/pt-PT.yml
44	4	config/locales/rails-i18n/rm.yml
44	4	config/locales/rails-i18n/ro.yml
80	7	config/locales/rails-i18n/ru.yml
45	5	config/locales/rails-i18n/sk.yml
44	4	config/locales/rails-i18n/sl.yml
44	4	config/locales/rails-i18n/sr-Latn.yml
44	4	config/locales/rails-i18n/sr.yml
44	4	config/locales/rails-i18n/sv-SE.yml
45	5	config/locales/rails-i18n/sw.yml
44	4	config/locales/rails-i18n/tr.yml
44	4	config/locales/rails-i18n/uk.yml
44	4	config/locales/rails-i18n/vi.yml
44	4	config/locales/rails-i18n/zh-CN.yml
44	4	config/locales/rails-i18n/zh-TW.yml

--9a6c175db--2011-06-17--Jordi Mallach
1	1	config/locales/diaspora/ca.yml

--1f11e51a9--2011-06-16--Maxwell Salzberg
1	1	app/controllers/photos_controller.rb
10	0	app/controllers/status_messages_controller.rb

--41e8a32b2--2011-06-16--Maxwell Salzberg
10	3	app/controllers/application_controller.rb
44	25	app/controllers/photos_controller.rb
7	0	app/helpers/photos_helper.rb
1	1	app/views/layouts/_header.html.haml
22	22	app/views/photos/show.html.haml
4	4	app/views/photos/show.mobile.haml
72	4	spec/controllers/photos_controller_spec.rb
8	0	spec/helpers/photos_helper_spec.rb

--86f4f983f--2011-06-16--Maxwell Salzberg
9	2	app/controllers/application_controller.rb
1	1	app/controllers/aspects_controller.rb
22	8	app/controllers/sockets_controller.rb
2	3	app/helpers/sockets_helper.rb
1	1	app/views/aspect_memberships/_aspect_dropdown.html.haml
1	1	app/views/invitations/new.html.haml
1	1	app/views/layouts/_header.html.haml
1	1	app/views/layouts/application.mobile.haml
1	1	app/views/services/_remote_friend.html.haml
1	1	app/views/shared/_footer.mobile.haml
1	2	app/views/shared/_stream.haml
0	0	log/.gitkeep
2	1	spec/controllers/sockets_controller_spec.rb

--75a1012c1--2011-06-15--Ilya Zhitomirskiy
0	13	app/controllers/authorizations_controller.rb
12	0	app/models/oauth2_provider_models_activerecord_client.rb
13	0	spec/models/oauth2_provider_models_activerecord_client_spec.rb

--b3cee70ea--2011-06-15--Ilya Zhitomirskiy
2	2	app/controllers/authorizations_controller.rb

--78253b688--2011-06-15--Ilya Zhitomirskiy
14	8	app/controllers/authorizations_controller.rb
15	1	features/oauth.feature
1	1	features/step_definitions/oauth_steps.rb

--9366b7243--2011-06-15--Ilya Zhitomirskiy
2	2	Gemfile
2	3	Gemfile.lock
2	2	spec/chubbies/Gemfile
7	12	spec/chubbies/Gemfile.lock
2	0	spec/chubbies/app.rb

--dd67107ab--2011-06-15--Raphael Sofaer
19	18	spec/controllers/likes_controller_spec.rb

--94b152e73--2011-06-15--cyberkov
3	3	lib/tasks/whitespace.rake

--844bf4885--2011-06-14--Ilya Zhitomirskiy
2	1	Gemfile
3	2	Gemfile.lock
2	1	spec/chubbies/Gemfile
8	3	spec/chubbies/Gemfile.lock

--ec9932e49--2011-06-14--Ilya Zhitomirskiy
2	0	app/controllers/authorizations_controller.rb
2	1	features/step_definitions/oauth_steps.rb
1	5	spec/chubbies/Gemfile.lock

--af8ce13ee--2011-06-14--Ilya Zhitomirskiy
3	1	spec/chubbies/app.rb

--cba63030c--2011-06-14--Raphael Sofaer
16	14	app/controllers/comments_controller.rb
6	1	spec/controllers/comments_controller_spec.rb

--dfb48d343--2011-06-14--Ilya Zhitomirskiy
3	0	spec/chubbies/app.rb
1	0	spec/chubbies/config.ru
4	0	spec/controllers/authorizations_controller_spec.rb

--dca2eca67--2011-06-14--Ilya Zhitomirskiy
1	1	Gemfile
3	4	Gemfile.lock
15	2	app/controllers/authorizations_controller.rb
1	1	spec/chubbies/Gemfile
7	4	spec/chubbies/Gemfile.lock
2	1	spec/chubbies/config.ru
36	12	spec/controllers/authorizations_controller_spec.rb

--800e701f8--2011-06-14--Raphael Sofaer
12	6	app/models/user.rb

--305c107ba--2011-06-14--Raphael Sofaer
1	3	app/models/user.rb

--10f5d658b--2011-06-14--Raphael Sofaer
5	0	app/models/user.rb

--e4476702d--2011-06-14--Raphael Sofaer
4	0	.gitignore
0	144	.yardoc/checksums
-	-	.yardoc/objects/root.dat
-	-	.yardoc/proxy_types
0	289	doc/ActionController/LogSubscriber.html
0	106	doc/ActionDispatch.html
0	202	doc/ActionView/LogSubscriber.html
0	210	doc/ActiveRecord/LogSubscriber.html
0	914	doc/AppConfig.html
0	838	doc/ApplicationController.html
0	220	doc/AppsController.html
0	761	doc/AspectGlobalHelper.html
0	131	doc/AspectMembership.html
0	415	doc/AspectMembershipsController.html
0	382	doc/AspectsHelper.html
0	219	doc/ContactsController.html
0	231	doc/ConversationVisibilitiesController.html
0	446	doc/ConversationsController.html
0	254	doc/Diaspora/Director.html
0	238	doc/Diaspora/Guid.html
0	483	doc/Diaspora/OstatusBuilder.html
0	775	doc/Diaspora/UserModules/Querying.html
0	671	doc/Diaspora/WebSocket.html
0	321	doc/Diaspora/Webhooks.html
0	121	doc/Encryptor.html
0	267	doc/Job/Base.html
0	329	doc/Job/HttpMulti.html
0	218	doc/Job/MailMentioned.html
0	218	doc/Job/ReceiveSalmon.html
0	234	doc/Job/SocketWebfinger.html
0	216	doc/Job/UpdateServiceUsers.html
0	540	doc/Like.html
0	300	doc/Mention.html
0	674	doc/Message.html
0	270	doc/MessagesController.html
0	431	doc/Notification.html
0	131	doc/NotificationActor.html
0	233	doc/Notifications/AlsoCommented.html
0	233	doc/Notifications/Liked.html
0	233	doc/Notifications/Mentioned.html
0	283	doc/Notifications/StartedSharing.html
0	244	doc/Oink.html
0	277	doc/Oink/OinkInstanceTypeCounterInstanceMethods.html
0	302	doc/PeopleHelper.html
0	1658	doc/Person.html
0	979	doc/Photo.html
0	847	doc/PhotosController.html
0	886	doc/Post.html
0	247	doc/PostsController.html
0	444	doc/PostsFake.html
0	629	doc/PostsFake/Fake.html
0	305	doc/ProcessedImage.html
0	490	doc/PublicsController.html
0	2	doc/README_FOR_APP
0	110	doc/Rails.html
0	1404	doc/Salmon/SalmonSlap.html
0	131	doc/SessionsController.html
0	350	doc/SocketsController.html
0	418	doc/SocketsHelper.html
0	601	doc/StatusMessagesController.html
0	186	doc/StatusMessagesHelper.html
0	369	doc/TagsController.html
0	254	doc/TokensController.html
0	2412	doc/User.html
0	205	doc/UserPreference.html
0	180	doc/UsersHelper.html
0	329	doc/YoutubeTitles.html
0	106	doc/_index.html
0	47	doc/class_list.html
0	1	doc/css/common.css
0	53	doc/css/full_list.css
0	320	doc/css/style.css
0	143	doc/file.README.html
0	49	doc/file_list.html
0	13	doc/frames.html
0	143	doc/index.html
0	205	doc/js/app.js
0	150	doc/js/full_list.js
0	16	doc/js/jquery.js
0	118	doc/method_list.html
0	103	doc/top-level-namespace.html

--42d177eea--2011-06-14--Raphael Sofaer
4	1	Gemfile
1	0	Gemfile.lock

--2a4932ea3--2011-06-13--Ilya Zhitomirskiy
28	8	app/controllers/authorizations_controller.rb
31	0	app/views/authorizations/index.html.haml
13	0	db/migrate/20110614005205_add_nonce_and_public_key_to_oauth_clients.rb
4	1	db/schema.rb
15	0	spec/chubbies/chubbies.private.pem
6	0	spec/chubbies/chubbies.public.pem
133	0	spec/controllers/authorizations_controller_spec.rb

--b44640434--2011-06-13--danielgrippi
7	8	app/models/user.rb

--2103d54fe--2011-06-13--Raphael Sofaer
8	7	app/models/user.rb

--480d7c47c--2011-06-13--Raphael Sofaer
2	2	.yardoc/checksums
-	-	.yardoc/objects/root.dat
0	1	app/models/user.rb
11	0	lib/diaspora/encryptable.rb
7	0	lib/diaspora/relayable.rb

--ef0e48a7f--2011-06-13--Ilya Zhitomirskiy
8	1	app/controllers/authorizations_controller.rb
1	1	config/routes.rb
12	0	features/oauth.feature
6	2	spec/chubbies/app.rb

--7171aa05e--2011-06-13--Raphael Sofaer
144	1	.yardoc/checksums
-	-	.yardoc/objects/root.dat
-	-	.yardoc/proxy_types
5	3	app/models/post.rb
59	13	doc/Post.html
1	1	doc/_index.html
1	1	doc/file.README.html
1	1	doc/index.html
1	1	doc/top-level-namespace.html
3	0	lib/diaspora/guid.rb

--481548235--2011-06-13--Raphael Sofaer
1	0	.yardoc/checksums
-	-	.yardoc/objects/root.dat
-	-	.yardoc/proxy_types
2	1	Gemfile
2	0	Gemfile.lock
1	1	README.md
4	0	app/models/post.rb
289	0	doc/ActionController/LogSubscriber.html
106	0	doc/ActionDispatch.html
202	0	doc/ActionView/LogSubscriber.html
210	0	doc/ActiveRecord/LogSubscriber.html
914	0	doc/AppConfig.html
838	0	doc/ApplicationController.html
220	0	doc/AppsController.html
761	0	doc/AspectGlobalHelper.html
131	0	doc/AspectMembership.html
415	0	doc/AspectMembershipsController.html
382	0	doc/AspectsHelper.html
219	0	doc/ContactsController.html
231	0	doc/ConversationVisibilitiesController.html
446	0	doc/ConversationsController.html
254	0	doc/Diaspora/Director.html
238	0	doc/Diaspora/Guid.html
483	0	doc/Diaspora/OstatusBuilder.html
775	0	doc/Diaspora/UserModules/Querying.html
671	0	doc/Diaspora/WebSocket.html
321	0	doc/Diaspora/Webhooks.html
121	0	doc/Encryptor.html
267	0	doc/Job/Base.html
329	0	doc/Job/HttpMulti.html
218	0	doc/Job/MailMentioned.html
218	0	doc/Job/ReceiveSalmon.html
234	0	doc/Job/SocketWebfinger.html
216	0	doc/Job/UpdateServiceUsers.html
540	0	doc/Like.html
300	0	doc/Mention.html
674	0	doc/Message.html
270	0	doc/MessagesController.html
431	0	doc/Notification.html
131	0	doc/NotificationActor.html
233	0	doc/Notifications/AlsoCommented.html
233	0	doc/Notifications/Liked.html
233	0	doc/Notifications/Mentioned.html
283	0	doc/Notifications/StartedSharing.html
244	0	doc/Oink.html
277	0	doc/Oink/OinkInstanceTypeCounterInstanceMethods.html
302	0	doc/PeopleHelper.html
1658	0	doc/Person.html
979	0	doc/Photo.html
847	0	doc/PhotosController.html
840	0	doc/Post.html
247	0	doc/PostsController.html
444	0	doc/PostsFake.html
629	0	doc/PostsFake/Fake.html
305	0	doc/ProcessedImage.html
490	0	doc/PublicsController.html
110	0	doc/Rails.html
1404	0	doc/Salmon/SalmonSlap.html
131	0	doc/SessionsController.html
350	0	doc/SocketsController.html
418	0	doc/SocketsHelper.html
601	0	doc/StatusMessagesController.html
186	0	doc/StatusMessagesHelper.html
369	0	doc/TagsController.html
254	0	doc/TokensController.html
2412	0	doc/User.html
205	0	doc/UserPreference.html
180	0	doc/UsersHelper.html
329	0	doc/YoutubeTitles.html
106	0	doc/_index.html
47	0	doc/class_list.html
1	0	doc/css/common.css
53	0	doc/css/full_list.css
320	0	doc/css/style.css
143	0	doc/file.README.html
49	0	doc/file_list.html
13	0	doc/frames.html
143	0	doc/index.html
205	0	doc/js/app.js
150	0	doc/js/full_list.js
16	0	doc/js/jquery.js
118	0	doc/method_list.html
103	0	doc/top-level-namespace.html

--3d77186d3--2011-06-13--Ilya Zhitomirskiy
6	1	app/controllers/authorizations_controller.rb
3	0	app/models/user.rb
1	0	config/locales/diaspora/en.yml
7	4	config/routes.rb
8	7	features/oauth.feature
2	0	features/step_definitions/oauth_steps.rb

--319863a7e--2011-06-10--Patrick-Emil Zoerner
7	7	app/helpers/markdownify_helper.rb

--0847d0995--2011-06-10--MrZYX
7	7	app/helpers/markdownify_helper.rb
1	1	spec/helpers/markdownify_helper_spec.rb

--f31a78f23--2011-06-09--Ilya Zhitomirskiy
1	1	Gemfile
3	2	Gemfile.lock
1	1	spec/chubbies/Gemfile
5	4	spec/chubbies/Gemfile.lock

--abedcc1cc--2011-06-10--MrZYX
1	1	config/locales/diaspora/cs.yml
3	3	config/locales/diaspora/he.yml
2	2	config/locales/diaspora/ru.yml

--56525c9f4--2011-06-09--Ilya Zhitomirskiy
1	1	app/models/app_config.rb

--7fd86924e--2011-06-09--Raphael Sofaer
4	1	app/controllers/apps_controller.rb
8	8	app/views/apps/show.html.haml
3	1	public/stylesheets/sass/application.sass
3	2	spec/factories.rb

--0790c3397--2011-06-09--Raphael Sofaer
0	12	app/views/people/_profile_sidebar.html.haml

--71dd8dc7f--2011-06-09--Ilya Zhitomirskiy
--e1fb5846b--2011-06-09--Raphael Sofaer
11	5	app/models/app_config.rb

--91b9bab52--2011-06-09--Raphael Sofaer
1	1	.travis.yml

--ac8587290--2011-06-09--Raphael Sofaer
6	0	.travis.yml
7	3	app/models/app_config.rb

--c78e90379--2011-06-09--Raphael Sofaer
1	1	lib/tasks/db.rake

--a03423309--2011-06-09--Ilya Zhitomirskiy
0	4	app/models/app_config.rb
1	1	app/views/users/getting_started/_step_3.html.haml
14	0	config/initializers/ignore_ssl_in_development.rb
-	-	public/images/services/facebook_sign_in.png

--6d5169d70--2011-06-09--Raphael Sofaer
10	0	Gemfile.lock
1	0	db/migrate/20110526184644_add_oauth2_tables.rb
2	0	db/schema.rb
15	17	features/oauth.feature
17	9	features/step_definitions/oauth_steps.rb
43	27	spec/chubbies/app.rb

--775dbda2b--2011-06-09--Raphael Sofaer
3	1	Gemfile
1	1	app/controllers/authorizations_controller.rb
1	1	app/views/authorizations/new.html.haml
1	1	spec/chubbies/Gemfile
20	4	spec/chubbies/Gemfile.lock
62	127	spec/chubbies/app.rb
1	1	spec/chubbies/config.ru
2	36	spec/chubbies/views/home.haml
1	1	spec/chubbies/views/response.haml

--b575983c2--2011-06-08--Ilya Zhitomirskiy
5	4	app/models/app_config.rb
3	3	lib/webfinger.rb
2	2	spec/lib/webfinger_spec.rb
5	5	spec/models/services/facebook_spec.rb

--808754f8b--2011-06-08--Ilya Zhitomirskiy
23	1	app/models/app_config.rb
2	2	app/models/services/facebook.rb
6	0	config/application.yml.example
5	0	config/initializers/faraday.rb
2	1	config/initializers/omniauth.rb

--9453f65b7--2011-06-08--Raphael Sofaer
1	1	app/controllers/users_controller.rb

--d9d66a5c3--2011-06-08--Raphael Sofaer
8	1	app/controllers/activity_streams/photos_controller.rb
5	1	app/controllers/apis_controller.rb
2	0	app/controllers/authorizations_controller.rb
38	20	app/views/authorizations/new.html.haml
73	0	app/views/layouts/popup.html.haml
6	0	config/assets.yml
-	-	public/images/asterisk.png
-	-	public/images/asterisk_white.png
14	0	public/images/icons/photo.svg
85	0	public/stylesheets/sass/popup.scss

--69efeb017--2011-06-08--MrZYX
3	3	config/locales/devise/devise.eo.yml
4	4	config/locales/devise/devise.he.yml
2	2	config/locales/diaspora/cs.yml
2	2	config/locales/diaspora/de.yml
3	3	config/locales/diaspora/el.yml
438	438	config/locales/diaspora/eo.yml
87	87	config/locales/diaspora/he.yml
17	17	config/locales/diaspora/it.yml
2	2	config/locales/diaspora/pt-PT.yml
12	12	config/locales/javascript/javascript.he.yml

--c0f557179--2011-06-08--Arzumy MD
12	24	app/controllers/users_controller.rb
2	2	spec/controllers/users_controller_spec.rb

--31c081a19--2011-06-07--Raphael Sofaer
29	0	db/migrate/20110606192307_drop_mongo_ids.rb

--96fc10421--2011-06-06--danielgrippi
1	1	app/views/apps/show.html.haml

--b8a6bf9f5--2011-06-06--danielgrippi
16	12	app/views/apps/show.html.haml
2	2	app/views/layouts/application.html.haml
25	0	public/stylesheets/sass/application.sass

--d7efee55a--2011-06-06--danielgrippi
1	1	lib/tasks/db.rake

--bd8ea324a--2011-06-06--danielgrippi
0	103	lib/tasks/statistics.rake

--67eaafe3a--2011-06-06--danielgrippi
1	1	config/application.yml.example
0	1	db/schema.rb
2	1	features/oauth.feature
18	9	features/step_definitions/oauth_steps.rb
1	1	spec/{support => }/chubbies/Gemfile
9	9	spec/{support => }/chubbies/Gemfile.lock
0	0	spec/{support => }/chubbies/README
16	8	spec/{support => }/chubbies/app.rb
0	0	spec/{support => }/chubbies/config.ru
-	-	spec/{support => }/chubbies/public/chubbies.jpeg
0	0	spec/{support => }/chubbies/views/home.haml
0	0	spec/{support => }/chubbies/views/response.haml

--10b8f88e9--2011-06-06--MrZYX
--be8e61ec1--2011-06-06--MrZYX
24	24	config/locales/devise/devise.eo.yml
5	5	config/locales/diaspora/cs.yml
1	1	config/locales/diaspora/el.yml
59	59	config/locales/diaspora/eo.yml
1	1	config/locales/diaspora/es-CL.yml
1	1	config/locales/diaspora/eu.yml
19	19	config/locales/diaspora/he.yml
1	1	config/locales/diaspora/it.yml
23	23	config/locales/javascript/javascript.eo.yml

--3ca5353f0--2011-06-06--Raphael Sofaer
1	12	db/schema.rb

--cd2c37a19--2011-06-06--Jordi Mallach
1	1	config/locales/diaspora/ca.yml

--8a2fece0f--2011-06-05--Raphael Sofaer
1	1	app/controllers/aspects_controller.rb

--753be12a1--2011-06-05--Raphael Sofaer
2	2	app/views/shared/_stream_element.html.haml

--1aa1ddc82--2011-06-04--Raphael Sofaer
1	1	lib/splunk_logging.rb

--6d105e5c0--2011-06-04--Raphael Sofaer
4	3	app/models/status_message.rb
1	5	lib/diaspora/ostatus_builder.rb
26	15	spec/lib/diaspora/ostatus_builder_spec.rb

--243699c8e--2011-06-04--Sarah Mei
1	1	app/models/services/tumblr.rb
1	3	spec/models/services/tumblr_spec.rb

--9dce7eab5--2011-06-04--Sarah Mei
3	3	spec/shared_behaviors/log_override.rb

--ba9df5997--2011-06-04--Sarah Mei
8	0	config/application.rb
1	7	config/boot.rb
1	1	db/migrate/20110603233202_drop_aspects_open.rb

--f0eeb1756--2011-06-04--Sarah Mei
--b0879dd88--2011-06-04--vidkun
6	0	config/boot.rb

--5314e27e7--2011-06-04--Raphael Sofaer
2	2	lib/splunk_logging.rb
7	1	spec/lib/splunk_logging_spec.rb

--158223319--2011-06-05--MrZYX
2	2	config/locales/diaspora/bg.yml
1	1	config/locales/diaspora/es.yml
1	1	config/locales/diaspora/eu.yml
1	1	config/locales/diaspora/zh-TW.yml

--21463582d--2011-06-04--Raphael Sofaer
14	2	app/controllers/notifications_controller.rb
9	2	spec/controllers/notifications_controller_spec.rb

--e22eee366--2011-06-04--Raphael Sofaer
9	0	db/migrate/20110604204533_index_on_remember_token.rb
2	1	db/schema.rb

--215c00574--2011-06-03--Daniel Grippi
--e2d2db202--2011-06-03--Nahir Acosta
13	2	public/stylesheets/sass/login.scss

--c73af11ba--2011-06-03--Raphael Sofaer
18	0	db/migrate/20110604012703_drop_mongo_remains.rb
1	24	db/schema.rb

--d35970a0a--2011-06-03--Maxwell Salzberg
1	1	public/stylesheets/sass/application.sass

--de55a1cbb--2011-06-03--Maxwell Salzberg
1	1	app/controllers/application_controller.rb
1	5	app/controllers/home_controller.rb
0	5	app/controllers/users_controller.rb
10	0	db/migrate/20110603233202_drop_aspects_open.rb
4	5	db/schema.rb
0	1	features/embedder.feature
0	1	features/posts.feature
0	46	features/saved_state.feature
0	4	features/step_definitions/user_steps.rb
0	22	public/javascripts/aspect-filters.js
1	2	spec/controllers/home_controller_spec.rb
0	18	spec/controllers/users_controller_spec.rb

--7aeb3a364--2011-06-03--Maxwell Salzberg
0	2	spec/support/chubbies/app.rb

--4b13c83de--2011-06-03--Maxwell Salzberg
1	1	.gitignore
0	4	Gemfile
0	4	Gemfile.lock
3	0	app/views/authorizations/new.html.haml
1	1	features/step_definitions/oauth_steps.rb
2	0	spec/support/chubbies/Gemfile
17	0	spec/support/chubbies/Gemfile.lock
65	58	spec/support/chubbies/app.rb
33	2	spec/support/chubbies/views/home.haml

--e720fc097--2011-06-03--Maxwell Salzberg
0	1	app/controllers/authorizations_controller.rb
1	0	db/schema.rb
1	0	features/oauth.feature
3	1	features/step_definitions/oauth_steps.rb
0	1	features/support/env.rb
1	0	spec/support/chubbies/Gemfile
3	0	spec/support/chubbies/Gemfile.lock
35	22	spec/support/chubbies/app.rb
11	2	spec/support/chubbies/views/home.haml

--01edfeee0--2011-06-02--danielgrippi
13	8	app/controllers/authorizations_controller.rb
23	6	app/views/authorizations/new.html.haml
13	0	db/migrate/20110602224152_diaspora_o_auth_client_fields.rb
3	0	db/schema.rb
3	0	features/oauth.feature
3	0	public/stylesheets/sass/application.sass
10	3	spec/support/chubbies/app.rb
-	-	spec/support/chubbies/public/chubbies.jpeg

--e121b0fe6--2011-06-01--danielgrippi
21	2	app/controllers/authorizations_controller.rb
2	0	config/routes.rb
11	2	features/oauth.feature
5	0	features/step_definitions/oauth_steps.rb
2	1	spec/support/chubbies/Gemfile
2	0	spec/support/chubbies/Gemfile.lock
51	19	spec/support/chubbies/app.rb

--381b85189--2011-05-26--Raphael Sofaer
6	0	Gemfile
9	1	Gemfile.lock
9	109	app/controllers/apis_controller.rb
18	0	app/controllers/authorizations_controller.rb
0	23	app/models/person.rb
0	11	app/models/photo.rb
0	9	app/models/post.rb
0	20	app/models/status_message.rb
7	0	app/views/authorizations/new.html.haml
5	12	config/routes.rb
42	0	db/migrate/20110526184644_add_oauth2_tables.rb
32	0	db/schema.rb
29	0	features/oauth.feature
70	0	features/step_definitions/oauth_steps.rb
1	0	features/step_definitions/user_steps.rb
0	219	spec/controllers/apis_controller_spec.rb
1	0	spec/factories.rb
6	0	spec/support/chubbies/Gemfile
20	0	spec/support/chubbies/Gemfile.lock
8	0	spec/support/chubbies/README
75	0	spec/support/chubbies/app.rb
3	0	spec/support/chubbies/config.ru
2	0	spec/support/chubbies/views/home.haml
13	0	spec/support/chubbies/views/response.haml