--04e22c556--2011-06-03--MrZYX
--bfe38891e--2011-06-03--MrZYX
1	0	config/locales/diaspora/ar.yml
1	0	config/locales/diaspora/bg.yml
1	0	config/locales/diaspora/br.yml
1	0	config/locales/diaspora/cs.yml
1	0	config/locales/diaspora/cy.yml
1	0	config/locales/diaspora/da.yml
1	0	config/locales/diaspora/de.yml
19	18	config/locales/diaspora/el.yml
1	0	config/locales/diaspora/en_shaw.yml
1	0	config/locales/diaspora/eo.yml
1	0	config/locales/diaspora/es-AR.yml
1	0	config/locales/diaspora/es-CL.yml
24	23	config/locales/diaspora/es.yml
3	2	config/locales/diaspora/eu.yml
1	0	config/locales/diaspora/fi.yml
1	0	config/locales/diaspora/fr.yml
1	0	config/locales/diaspora/ga.yml
1	0	config/locales/diaspora/he.yml
1	0	config/locales/diaspora/hu.yml
1	0	config/locales/diaspora/id.yml
1	0	config/locales/diaspora/is.yml
9	8	config/locales/diaspora/it.yml
1	0	config/locales/diaspora/ja.yml
1	0	config/locales/diaspora/ko.yml
1	0	config/locales/diaspora/lt.yml
1	0	config/locales/diaspora/mk.yml
1	0	config/locales/diaspora/nb.yml
1	0	config/locales/diaspora/nl.yml
1	0	config/locales/diaspora/pa.yml
1	0	config/locales/diaspora/pl.yml
1	0	config/locales/diaspora/pt-BR.yml
1	0	config/locales/diaspora/pt-PT.yml
1	0	config/locales/diaspora/ro.yml
1	0	config/locales/diaspora/ru.yml
1	0	config/locales/diaspora/sk.yml
1	0	config/locales/diaspora/sl.yml
1	0	config/locales/diaspora/sv.yml
1	0	config/locales/diaspora/tr.yml
1	0	config/locales/diaspora/zh-CN.yml
5	4	config/locales/diaspora/zh-TW.yml
4	4	config/locales/javascript/javascript.es.yml
106	63	config/locales/rails-i18n/ca.yml
11	9	config/locales/rails-i18n/es-AR.yml
10	9	config/locales/rails-i18n/es-CL.yml
10	9	config/locales/rails-i18n/es-CO.yml
10	9	config/locales/rails-i18n/es-MX.yml
5	4	config/locales/rails-i18n/es-PE.yml
10	9	config/locales/rails-i18n/es.yml
14	5	config/locales/rails-i18n/is.yml

--40ab168a5--2011-06-03--danielgrippi
10	6	app/models/notification.rb

--686464c36--2011-06-03--Raphael Sofaer
2	1	app/controllers/users_controller.rb
15	0	app/models/jobs/delete_account.rb
11	6	app/models/user.rb
1	1	config/locales/diaspora/en.yml
9	0	db/migrate/20110603181015_lockable_users.rb
2	1	db/schema.rb
11	0	spec/controllers/users_controller_spec.rb
30	0	spec/models/jobs/delete_account_spec.rb
67	61	spec/models/user_spec.rb

--7204ef8e2--2011-06-02--Maxwell Salzberg
0	6	spec/models/services/tumblr_spec.rb

--149c086d5--2011-06-02--Maxwell Salzberg
16	3	app/models/services/tumblr.rb
5	0	app/views/services/tumblr.html.haml
0	2	features/comments.feature

--6e3fcdd89--2011-06-02--Maxwell Salzberg
1	0	features/comments.feature

--bc465848c--2011-06-02--Dan Hansen
0	3	app/views/photos/show.html.haml
43	0	public/javascripts/widgets/post.js
1	1	public/stylesheets/sass/application.sass
35	0	spec/javascripts/widgets/post-spec.js

--864233eb6--2011-06-02--Dan Hansen
38	28	app/views/status_messages/show.html.haml
1	0	config/assets.yml
13	0	public/javascripts/content-updater.js
1	23	public/javascripts/stream.js
28	0	public/stylesheets/sass/application.sass
1	0	spec/javascripts/support/jasmine.yml

--009985169--2011-06-03--MrZYX
1	1	config/locales/diaspora/ml.yml

--0f0c033c2--2011-06-02--Dan Hansen
2	2	public/javascripts/widgets/timeago.js

--9f05ac1f3--2011-06-02--danielgrippi
3	0	config/application.rb
0	3	config/environment.rb

--23dd97555--2011-06-02--danielgrippi
1	1	config/environment.rb

--918284a8f--2011-06-02--danielgrippi
1	0	.gitignore
2	0	Gemfile
2	0	Gemfile.lock
3	0	config/environment.rb

--8d444c032--2011-06-02--Jordi Mallach
--586c57f69--2011-06-02--Jordi Mallach
2	2	config/locales/devise/devise.ca.yml

--7363bf349--2011-06-02--Dan Hansen
11	3	public/javascripts/widgets/timeago.js

--e00586e93--2011-06-02--Jordi Mallach
2	1	config/locales/diaspora/ca.yml