--8b4d17a65--2011-03-30--Jordi Mallach
--22b73c736--2011-03-30--MrZYX
1	1	app/controllers/status_messages_controller.rb

--66ea74757--2011-03-30--MrZYX
1	1	lib/diaspora/taggable.rb

--0c8db5bee--2011-03-29--danielgrippi
2	1	lib/diaspora/user/querying.rb

--2487db325--2011-03-29--danielgrippi
3	2	lib/diaspora/user/querying.rb

--5b0da52e0--2011-03-29--danielgrippi
1	1	app/helpers/sockets_helper.rb
1	1	lib/diaspora/user/querying.rb

--93b82a377--2011-03-29--danielgrippi
1	1	lib/diaspora/user/querying.rb

--5bd47f20c--2011-03-29--danielgrippi
2	2	lib/diaspora/user/querying.rb

--b3cb8e0a2--2011-03-29--danielgrippi
1	1	app/controllers/aspects_controller.rb
1	3	app/controllers/photos_controller.rb
1	0	lib/diaspora/user/querying.rb

--c9d5a15bf--2011-03-29--danielgrippi
2	0	db/migrate/20110328202414_post_visibilities_on_contacts.rb

--6a51c09a1--2011-03-29--danielgrippi
11	2	db/migrate/20110328202414_post_visibilities_on_contacts.rb

--aa4c20e40--2011-03-29--danielgrippi
1	1	app/controllers/aspects_controller.rb
1	1	app/views/comments/_comment.html.haml
5	5	app/views/comments/_comments.haml
1	1	app/views/photos/show.html.haml
1	1	app/views/shared/_stream_element.html.haml
1	1	app/views/status_messages/show.html.haml
3	3	lib/diaspora/user/querying.rb

--99e55c82e--2011-03-29--danielgrippi
1	0	lib/diaspora/user/querying.rb

--371aa71ca--2011-03-29--danielgrippi
1	1	app/controllers/aspects_controller.rb
3	2	lib/diaspora/user/querying.rb

--6df652a51--2011-03-29--danielgrippi
4	3	lib/diaspora/user/querying.rb

--2f473cadc--2011-03-29--danielgrippi
7	4	db/migrate/20110328202414_post_visibilities_on_contacts.rb
3	1	db/schema.rb

--3615c448d--2011-03-29--danielgrippi
28	10	db/migrate/20110328202414_post_visibilities_on_contacts.rb
4	2	db/schema.rb

--97d8b3459--2011-03-29--danielgrippi
2	3	app/controllers/aspects_controller.rb
3	3	app/controllers/photos_controller.rb
1	0	app/models/post.rb
0	5	app/models/post_visibility.rb
2	0	db/migrate/20110328202414_post_visibilities_on_contacts.rb
3	0	db/schema.rb
1	2	lib/diaspora/user/connecting.rb
15	6	lib/diaspora/user/querying.rb
2	1	spec/integration/receiving_spec.rb

--8816bd7f9--2011-03-28--danielgrippi
1	4	app/controllers/apis_controller.rb
2	2	app/helpers/application_helper.rb
5	0	app/models/contact.rb
2	4	app/models/post.rb
1	1	lib/collect_user_photos.rb
2	3	lib/diaspora/user/querying.rb
8	2	spec/integration/receiving_spec.rb

--9a0d6219b--2011-03-28--danielgrippi
1	1	app/controllers/aspects_controller.rb
2	2	app/models/aspect.rb
0	1	app/models/aspect_membership.rb
13	0	app/models/aspect_visibility.rb
4	0	app/models/contact.rb
5	6	app/models/jobs/receive_local_batch.rb
15	5	app/models/post.rb
2	4	app/models/post_visibility.rb
6	19	app/models/user.rb
58	0	db/migrate/20110328202414_post_visibilities_on_contacts.rb
14	4	db/schema.rb
1	15	features/step_definitions/user_steps.rb
1	1	lib/collect_user_photos.rb
3	8	lib/diaspora/user/connecting.rb
14	19	lib/diaspora/user/querying.rb
2	4	spec/integration/receiving_spec.rb
1	1	spec/misc_spec.rb
1	43	spec/models/aspect_spec.rb
0	19	spec/models/conversation_visibility_spec.rb
3	3	spec/models/jobs/receive_local_batch_spec.rb
6	10	spec/models/mention_spec.rb
0	19	spec/models/post_visibility_spec.rb
1	1	spec/models/user/attack_vectors_spec.rb
0	7	spec/models/user/connecting_spec.rb
65	76	spec/models/user/querying_spec.rb
3	3	spec/models/user_spec.rb

--cd7cced9c--2011-03-29--zhitomirskiyi
3	3	config/assets.yml
0	0	public/javascripts/vendor/{jquery.autoSuggest.js => jquery.autoSuggest.custom.js}

--18ea46710--2011-03-29--zhitomirskiyi
1	1	lib/postzord/dispatch.rb
16	2	spec/lib/postzord/dispatch_spec.rb

--0aaaefeba--2011-03-29--zhitomirskiyi
0	1	app/controllers/conversations_controller.rb
1	1	app/controllers/profiles_controller.rb
4	5	app/controllers/tags_controller.rb
1	1	app/views/conversations/new.haml
2	2	app/views/profiles/_edit_public.html.haml
1	1	config/locales/diaspora/en.yml
352	1	public/javascripts/vendor/jquery.autoSuggest.js
1	1	spec/controllers/conversations_controller_spec.rb
1	1	spec/controllers/profiles_controller_spec.rb

--d54a8428d--2011-03-29--zhitomirskiyi
2	0	app/views/conversations/new.haml
1	1	features/signs_up.feature

--4129bb105--2011-03-30--Jordi Mallach
--4b2364e89--2011-03-29--zhitomirskiyi
2	2	features/accepts_invitation.feature

--62a815f6d--2011-03-29--zhitomirskiyi
1	1	spec/controllers/conversations_controller_spec.rb
1	2	spec/controllers/profiles_controller_spec.rb

--8775ab9d6--2011-03-29--zhitomirskiyi
1	0	app/controllers/conversations_controller.rb

--ba15ea940--2011-03-29--zhitomirskiyi
9	1	app/controllers/profiles_controller.rb
12	8	app/controllers/tags_controller.rb
1	1	app/views/conversations/new.haml
21	6	app/views/profiles/_edit_public.html.haml
1	352	public/javascripts/vendor/jquery.autoSuggest.js

--2e25d1d74--2011-03-29--zhitomirskiyi
1	1	app/views/aspects/index.html.haml

--a5bb26a3c--2011-03-28--zhitomirskiyi
24	0	app/controllers/tags_controller.rb
1	1	app/views/conversations/new.haml
19	0	app/views/profiles/_edit_public.html.haml
2	0	config/assets.yml
1	0	config/routes.rb
25	2	spec/controllers/tags_controller_spec.rb

--d759f97c9--2011-03-29--Jordi Mallach
7	0	config/locales/diaspora/ca.yml

--8a222e299--2011-03-29--Jordi Mallach