--6af21e00c--2011-03-12--MrZYX
--fb6e32e3b--2011-03-12--MrZYX
--63caff1f4--2011-03-12--MrZYX
10	10	config/locales/devise/devise.de.yml
40	20	config/locales/diaspora/ar.yml
47	27	config/locales/diaspora/cs.yml
40	20	config/locales/diaspora/cy.yml
40	20	config/locales/diaspora/da.yml
49	29	config/locales/diaspora/de.yml
40	20	config/locales/diaspora/el.yml
40	20	config/locales/diaspora/en_shaw.yml
40	20	config/locales/diaspora/eo.yml
42	22	config/locales/diaspora/es-CL.yml
42	22	config/locales/diaspora/es.yml
40	20	config/locales/diaspora/eu.yml
40	20	config/locales/diaspora/fi.yml
48	28	config/locales/diaspora/fr.yml
40	20	config/locales/diaspora/ga.yml
42	22	config/locales/diaspora/gl.yml
40	20	config/locales/diaspora/he.yml
40	20	config/locales/diaspora/hu.yml
40	20	config/locales/diaspora/id.yml
40	20	config/locales/diaspora/is.yml
40	20	config/locales/diaspora/it.yml
40	20	config/locales/diaspora/lt.yml
40	20	config/locales/diaspora/mk.yml
40	20	config/locales/diaspora/nb.yml
42	22	config/locales/diaspora/nl.yml
40	20	config/locales/diaspora/pl.yml
40	20	config/locales/diaspora/pt-BR.yml
40	20	config/locales/diaspora/pt-PT.yml
40	20	config/locales/diaspora/ro.yml
40	20	config/locales/diaspora/ru.yml
50	30	config/locales/diaspora/sk.yml
40	20	config/locales/diaspora/sl.yml
40	20	config/locales/diaspora/sv.yml
40	20	config/locales/diaspora/tr.yml
44	24	config/locales/diaspora/zh-TW.yml
40	20	config/locales/diaspora/zh.yml
7	7	config/locales/javascript/javascript.de.yml
2	2	config/locales/rails-i18n/bg.yml

--67affa2f5--2011-03-12--William Theaker
-	-	public/images/icons/monotone_wrench_settings.png

--7c3a17301--2011-03-12--Kiran Soumya
8	1	app/models/user.rb
21	2	features/closes_account.feature
16	0	spec/models/user_spec.rb