--c3c84b95a--2015-09-19--Jonne Haß
--9888b4ce4--2015-09-19--Achilleas Pipinellis
1	0	Changelog.md
1	0	config/defaults.yml
3	0	config/diaspora.yml.example
1	0	config/unicorn.rb

--5aeac0c2e--2015-09-18--Steffen van Bergerem
--f00f3965f--2015-08-16--augier
1	1	app/assets/javascripts/app/views/photo_view.js
1	1	app/assets/javascripts/app/views/photos_view.js
2	0	app/assets/stylesheets/colors.scss
1	1	app/assets/stylesheets/people.scss
22	9	app/assets/stylesheets/profile.scss
4	4	app/assets/stylesheets/stream.scss
11	11	app/assets/stylesheets/stream_element.scss
20	17	app/assets/stylesheets/tag.scss
1	1	app/assets/templates/photo_tpl.jst.hbs
37	34	app/assets/templates/profile_header_tpl.jst.hbs
6	4	app/views/tags/show.haml
2	2	features/desktop/contacts.feature
2	2	features/desktop/profile_photos.feature

--cf5830ada--2015-09-18--Steffen van Bergerem
--ccaf107ae--2015-09-11--SansPseudoFix
1	1	app/assets/stylesheets/tag.scss