--0aa453e43--2015-08-06--Steffen van Bergerem
--f917757b5--2015-08-03--augier
-	-	app/assets/images/mobile/heart_mobile_grey.png
-	-	app/assets/images/mobile/heart_mobile_red.png
-	-	app/assets/images/mobile/reshare_mobile.png
-	-	app/assets/images/mobile/reshare_mobile_active.png
2	2	app/assets/javascripts/mobile/mobile.js
3	3	app/assets/javascripts/mobile/mobile_comments.js
51	0	app/assets/stylesheets/mobile/comments.scss
1	102	app/assets/stylesheets/mobile/mobile.scss
12	13	app/helpers/mobile_helper.rb
1	1	features/mobile/activity_stream.feature
1	1	features/mobile/logged_out_browsing.feature
3	3	features/mobile/not_safe_for_work.feature
4	4	features/mobile/reactions.feature
4	4	features/mobile/reshare.feature
0	19	spec/helpers/mobile_helper_spec.rb

--633d65fe2--2015-08-06--Steffen van Bergerem
--f1d6e9440--2015-08-05--Anton Tkachov
1	0	Changelog.md
2	0	app/assets/javascripts/app/views/hovercard_view.js
3	1	app/assets/templates/hovercard_tpl.jst.hbs

--85f9a0eaa--2015-08-04--Jonne Haß
--78b0fbbee--2015-07-28--Mikica Ivosevic
1	0	Changelog.md
1	7	app/controllers/home_controller.rb