--0d265ca2--2016-12-07--V Brown
--5828ae00--2016-12-06--Peter Woo
--5450af45--2016-12-06--V Brown
--6203368c--2016-12-06--vivian
2	3	app/assets/javascripts/admin/components/topics.js.jsx
1	1	app/views/admin/topics/index.html.erb

--e34f1a9d--2016-11-29--Peter Woo
18	0	features/admin/action_pages/image_gallery.feature
10	0	features/step_definitions/source_file_steps.rb
12	9	features/step_definitions/user_steps.rb

--a77bcdb4--2016-11-29--Peter Woo
0	0	features/{admin_action_page => admin/action_pages}/admin_affiliations.feature
0	0	features/{admin_action_page => admin/action_pages}/enable_affiliations.feature
0	0	features/{admin_action_page => admin/action_pages}/image_gallery.feature
0	0	features/{admin_action_page => admin/action_pages}/select_call_campaign.feature

--e34948c4--2016-11-29--Peter Woo
0	0	features/{users => admin_action_page}/image_gallery.feature

--fb227145--2016-11-28--Peter Woo
0	11	app/controllers/action_page_controller.rb
23	0	app/controllers/ahoy_controller.rb
4	0	app/controllers/application_controller.rb
8	0	app/helpers/ahoy_helper.rb
1	0	app/views/action_page/embed_iframe.html.erb
2	0	app/views/action_page/show.html.erb
2	0	config/routes.rb

--3001a6a7--2016-11-28--Peter Woo
1	1	app/assets/javascripts/admin/components/topics.js.jsx
4	0	app/assets/stylesheets/admin/_topics.css.scss

--0444761b--2016-11-28--Peter Woo
9	0	app/assets/stylesheets/admin/_topics.css.scss

--4e97a5e4--2016-11-28--Peter Woo
33	27	vendor/assets/javascripts/bootstrap-responsive-tabs.js

--899506ac--2016-11-28--Peter Woo
4	0	app/assets/stylesheets/admin/_topics.css.scss

--b662130e--2016-11-28--Peter Woo
2	2	app/assets/javascripts/admin/components/topics.js.jsx

--d033d5ef--2016-11-28--Peter Woo
4	10	app/assets/javascripts/admin/components/topics.js.jsx
1	2	features/admin/topics/create_topic_category.feature
1	1	features/admin/topics/edit_topic_category.feature

--c765743b--2016-11-18--Peter Woo
25	13	app/assets/javascripts/admin/file_uploads.js
45	7	app/assets/stylesheets/admin/_edit.css.scss
8	3	app/controllers/admin/s3_uploads_controller.rb
17	1	app/views/admin/action_pages/_modal_gallery.html.erb
36	0	app/views/admin/s3_uploads/_table.html.erb

--deaf8b20--2016-11-17--Peter Woo
1	1	app/views/admin/action_pages/_modal_gallery.html.erb

--96da4085--2016-11-17--Peter Woo
3	3	app/assets/javascripts/admin/file_uploads.js
5	5	app/assets/javascripts/application/gallery.js
2	2	app/assets/stylesheets/admin/_image_upload.css.scss
1	1	app/views/admin/action_pages/_attached_image.html.erb
2	4	app/views/admin/action_pages/_modal_gallery.html.erb
1	1	app/views/admin/action_pages/_tab_buttons.html.erb
1	1	app/views/admin/action_pages/_tweet_target_image.html.erb

--54555f3b--2016-11-17--Peter Woo
13	7	app/assets/javascripts/admin/file_uploads.js
1	0	app/views/admin/action_pages/_modal_gallery.html.erb

--a71a725e--2016-11-17--Peter Woo
0	0	app/assets/javascripts/admin/{file_uploads.js.erb => file_uploads.js}

--b0e4c8f7--2016-11-15--Peter Woo
1	1	app/views/admin/topics/index.html.erb

--5e2fc513--2016-11-15--Peter Woo
73	65	app/assets/javascripts/admin/components/topics.js.jsx

--ba04d165--2016-11-15--Peter Woo
6	5	app/assets/javascripts/admin/components/topics.js.jsx
15	19	app/controllers/admin/topic_categories_controller.rb
18	20	app/controllers/admin/topic_sets_controller.rb
14	12	app/controllers/admin/topics_controller.rb

--27c65193--2016-11-15--Peter Woo
1	1	app/views/admin/_nav_tabs.html.erb

--13f98c16--2016-11-15--Peter Woo
1	1	app/assets/javascripts/admin/components/util.js.jsx
1	1	app/assets/stylesheets/admin/_action_pages.css.scss
8	0	app/assets/stylesheets/admin/_topics.css.scss
6	0	app/views/admin/topics/index.html.erb

--56c7303c--2016-11-15--Peter Woo
1	1	app/views/admin/_nav_tabs.html.erb
1	1	app/views/admin/topics/index.html.erb

--a484efc3--2016-11-14--Peter Woo
0	1	features/admin/topics/create_topics.feature
0	1	features/admin/topics/destroy_topics.feature

--1e63ce32--2016-11-14--Peter Woo
0	61	app/assets/javascripts/admin-head.js
0	105	app/assets/stylesheets/admin/_index.css.scss
0	6	app/assets/stylesheets/admin/_topics.css.scss

--c54f3ea0--2016-11-14--Peter Woo
--63e0b873--2016-11-11--Peter Woo
0	2	Gemfile
0	8	Gemfile.lock
0	5	app/assets/javascripts/admin-head.js
0	24	app/assets/javascripts/admin/backbone/templates/email_campaign/congress_tabulation_row.jst.ejs
0	16	app/assets/javascripts/admin/backbone/templates/email_campaign/date_tabulation_row.jst.ejs
18	29	app/assets/javascripts/admin/email_tabulation.js

--b000300d--2016-11-14--Peter Woo
1	0	Gemfile
14	0	Gemfile.lock
3	0	app/assets/javascripts/admin.js
0	12	app/assets/javascripts/admin/backbone/collections/topic_categories.js
0	12	app/assets/javascripts/admin/backbone/collections/topic_sets.js
0	11	app/assets/javascripts/admin/backbone/collections/topics.js
0	4	app/assets/javascripts/admin/backbone/models/topic.js
0	13	app/assets/javascripts/admin/backbone/models/topic_category.js
0	13	app/assets/javascripts/admin/backbone/models/topic_set.js
0	17	app/assets/javascripts/admin/backbone/router.js
0	9	app/assets/javascripts/admin/backbone/templates/topic_categories.jst.ejs
0	27	app/assets/javascripts/admin/backbone/templates/topic_category.jst.ejs
0	15	app/assets/javascripts/admin/backbone/templates/topic_category_edit.jst.ejs
0	6	app/assets/javascripts/admin/backbone/templates/topic_row.jst.ejs
0	19	app/assets/javascripts/admin/backbone/templates/topic_set_edit.jst.ejs
0	12	app/assets/javascripts/admin/backbone/templates/topic_set_row.jst.ejs
0	36	app/assets/javascripts/admin/backbone/views/topic_categories.js
0	72	app/assets/javascripts/admin/backbone/views/topic_category_edit.js
0	110	app/assets/javascripts/admin/backbone/views/topic_category_table.js
0	31	app/assets/javascripts/admin/backbone/views/topic_row.js
0	73	app/assets/javascripts/admin/backbone/views/topic_set_edit.js
0	61	app/assets/javascripts/admin/backbone/views/topic_set_row.js
394	0	app/assets/javascripts/admin/components/topics.js.jsx
43	0	app/assets/javascripts/admin/components/util.js.jsx
31	0	app/assets/stylesheets/admin/_topics.css.scss
1	0	app/assets/stylesheets/admin/admin.css.scss
2	2	app/controllers/admin/topics_controller.rb
19	0	app/helpers/admin/topics_helper.rb
2	2	app/views/admin/_nav_tabs.html.erb
12	0	app/views/admin/topics/index.html.erb
1	1	features/admin/topics/create_topic_category.feature
1	1	features/admin/topics/create_topics.feature
1	1	features/admin/topics/destroy_topic_categories.feature
1	1	features/admin/topics/destroy_topic_sets.feature
1	1	features/admin/topics/destroy_topics.feature
1	1	features/admin/topics/edit_topic_category.feature
1	1	features/admin/topics/reorder_topic_sets.feature