--5c586923--2016-08-05--squiggy
--ca1377bd--2016-08-03--vivian
10	1	app/controllers/action_page_controller.rb
5	0	features/action_page/local_petition.feature
5	1	features/step_definitions/action_page_steps.rb

--6c4b16ad--2016-07-29--vivian
14	7	app/assets/javascripts/application/affiliations.js
2	0	app/controllers/action_page_controller.rb
1	1	app/views/affiliations/_affiliation_fields.html.erb
1	1	app/views/tools/_affiliation_signatures.html.erb
1	1	app/views/tools/_petition.html.erb

--fdf10a9f--2016-07-26--vivian
1	0	app/assets/javascripts/application.js
24	32	app/assets/javascripts/application/affiliations.js
54	0	app/assets/javascripts/application/select2-utils.js
1	0	app/views/tools/_petition.html.erb

--f907350b--2016-07-26--squiggy
--2ba08b5a--2016-07-25--vivian
56	0	app/assets/javascripts/application/affiliations.js
0	35	app/assets/javascripts/application/tools/petition.js
2	2	app/views/affiliations/_affiliation_fields.html.erb

--86f51137--2016-07-25--vivian
2	0	app/assets/javascripts/application/tools/petition.js

--d0774d37--2016-07-20--squiggy
--033046ed--2016-07-18--squiggy