--ad462bfa--2015-12-11--TheNotary
--29526e47--2015-12-11--TheNotary
--8057b0b5--2015-12-11--TheNotary
1	25	db/schema.rb

--1e05f56e--2015-12-11--TheNotary
--687b9529--2015-12-11--TheNotary
0	2	app/models/call_tool_config.rb
5	0	db/migrate/20151211200545_remove_call_tool_configs.rb

--964b34e3--2015-12-11--TheNotary
--483c25f7--2015-12-11--TheNotary
3	2	config/environments/production.rb
3	2	config/environments/staging.rb

--c72d06d7--2015-12-10--TheNotary
7	0	app/controllers/application_controller.rb
3	2	app/controllers/users_controller.rb

--a7f0d503--2015-12-10--TheNotary
33	1	features/step_definitions/{activism_steps.rb => user_steps.rb}
0	0	features/{supporter => users}/achieve_petition_goal.feature
0	1	features/{activism => users}/create_content.feature
1	1	features/{activism => users}/sign_in.feature
14	0	features/users/sign_out.feature
5	2	spec/factories/users.rb