--f8a5cf4b98--2017-05-16--Brendan Butler
--895e4a6812--2017-05-12--David Henry
153	0	db/data_migration/20170511131236_resend_statistics_announcements_to_rummager.rb

--17a514b0d4--2017-05-16--Ruben Arakelyan
--edbf7c7bdc--2017-05-16--Ruben Arakelyan
2	0	app/models/worldwide_office.rb
6	0	app/models/worldwide_office_worldwide_service.rb
13	0	app/models/worldwide_service.rb
20	0	app/models/worldwide_service_type.rb
13	1	app/presenters/api/worldwide_organisation_presenter.rb
22	0	app/views/admin/worldwide_offices/_form.html.erb
3	0	db/data_migration/20140403114042_rename_marriage_worldwide_service.rb
0	6	db/migrate/20170511082208_remove_worldwide_services.rb
15	1	db/schema.rb
19	1	features/step_definitions/worldwide_organisation_steps.rb
3	1	features/worldwide-organisations.feature
6	0	test/factories/worldwide_office_worldwide_services.rb
6	0	test/factories/worldwide_services.rb
35	0	test/functional/admin/worldwide_offices_controller_test.rb
15	0	test/unit/presenters/api/worldwide_organisation_presenter_test.rb
9	0	test/unit/worldwide_office_worldwide_service_test.rb
14	0	test/unit/worldwide_service_test.rb
13	0	test/unit/worldwide_service_type_test.rb