--b9843d0795--2017-05-08--David Basalla
--7a369f488e--2017-05-05--Tom Gladhill
--9406a891ac--2017-05-05--Tom Gladhill
8	1	app/controllers/admin/edition_tags_controller.rb
18	0	app/presenters/topic_tree_presenter.rb
2	8	app/views/admin/edition_tags/edit.html.erb
28	0	test/unit/presenters/topic_tree_presenter_test.rb

--451ca78b2e--2017-05-05--Tom Gladhill
31	23	app/assets/stylesheets/admin/views/_edition_tags_edit.scss
12	4	app/views/admin/edition_tags/edit.html.erb

--aa8553a4a3--2017-05-04--David Basalla
4	0	app/models/news_article.rb
21	0	features/non-english-news-article.feature
41	0	features/step_definitions/news_article_steps.rb
9	0	features/support/news_article_helper.rb
1	1	test/unit/edition/translatable_test.rb

--14e1ef1561--2017-05-04--Tom Gladhill
10	0	app/assets/stylesheets/admin/views/_edition_tags_edit.scss
1	0	app/controllers/admin/edition_tags_controller.rb
1	5	app/models/edition_taxonomy_tag_form.rb
6	6	app/views/admin/edition_tags/_taxonomy.html.erb
13	13	app/views/admin/edition_tags/edit.html.erb
4	0	lib/taxonomy.rb