--6a4314fc20--2017-03-17--Steve Laing
--e3207b5a1e--2017-03-16--Steve Laing
2	2	test/unit/presenters/publishing_api/document_collection_presenter_test.rb

--43f5842846--2017-03-14--Graham Pengelly
25	0	lib/sync_checker/formats/document_collection_check.rb

--4a64b28c6c--2017-03-15--Graham Pengelly
1	1	app/presenters/publishing_api/document_collection_presenter.rb
30	0	test/unit/presenters/publishing_api/document_collection_presenter_test.rb

--51677354e9--2017-03-14--Suzanne Hamilton
--05eb1cb0a4--2017-03-14--Suzanne Hamilton
4	0	app/controllers/organisations_controller.rb
1	0	app/controllers/topical_events_controller.rb
1	0	app/controllers/topics_controller.rb
5	1	app/models/classification.rb
5	1	app/models/organisation.rb
5	1	app/models/topical_event.rb
3	0	app/views/layouts/_frontend_base.html.erb
3	0	features/announcements.feature
1	0	features/email-signup-for-documents.feature
1	0	features/fatalities.feature
1	0	features/organisations.feature
1	0	features/publications.feature
1	0	features/statistical-data-sets.feature
6	0	features/step_definitions/announcement_steps.rb
1	1	features/step_definitions/contact_and_office_featuring_steps.rb
1	0	features/step_definitions/corporate_information_page_steps.rb
18	9	features/step_definitions/organisation_steps.rb
1	1	features/step_definitions/promotional_features_steps.rb
4	0	features/step_definitions/publication_steps.rb
1	1	features/step_definitions/session_steps.rb
10	5	features/step_definitions/topic_steps.rb
8	4	features/step_definitions/topical_event_steps.rb
27	0	features/support/organisation_helper.rb
14	1	features/support/topical_events_helper.rb
7	1	features/support/topics_helper.rb
80	75	test/functional/organisations_controller_test.rb
21	8	test/functional/topical_events_controller_test.rb
24	11	test/functional/topics_controller_test.rb
27	13	test/support/organisation_controller_test_helpers.rb
3	3	test/unit/data_hygiene/organisation_reslugger_test.rb

--16dc814554--2017-03-14--Suzanne Hamilton
--20d1d2a523--2017-03-14--Suzanne Hamilton
8	14	Jenkinsfile

--c40853be56--2017-03-07--Graham Pengelly
1	0	app/presenters/publishing_api/document_collection_presenter.rb
70	8	test/unit/presenters/publishing_api/document_collection_presenter_test.rb