--4fd420fd6e--2016-12-01--Tijmen Brommet
--823de3de8d--2016-12-01--Matteo Grassotti
--764cd391ba--2016-12-01--Ruben Arakelyan
--8dfe1adda0--2016-12-01--Mat Moore
24	26	test/integration/navigation_selection_test.rb

--a2a494dc40--2016-11-30--Mat Moore
0	4	app/helpers/application_helper.rb
0	4	features/step_definitions/topic_steps.rb
0	6	features/step_definitions/topical_event_steps.rb
0	1	features/topical_events.feature
0	6	features/topics.feature
0	5	test/functional/topical_events_controller_test.rb
1	5	test/integration/localised_routing_test.rb
3	0	test/integration/navigation_selection_test.rb
1	1	test/integration/routing_test.rb
0	5	test/unit/helpers/application_helper_test.rb

--3432cc7e15--2016-12-01--Steve Laing
--79f024fc6e--2016-12-01--Ruben Arakelyan
1	2	app/views/home/get_involved.html.erb

--f43ffd821d--2016-12-01--Matteo Grassotti
--e394c436a4--2016-12-01--Ruben Arakelyan
2	2	app/views/histories/index.html.erb

--9c082f0774--2016-11-30--Carlos Vilhena
--e93197cf5b--2016-11-30--Steve Laing
1	1	lib/sync_checker/formats/edition_base.rb
0	4	lib/sync_checker/formats/publication_check.rb

--b2b565e857--2016-11-30--Mat Moore
1	6	app/controllers/classifications_controller.rb
0	4	app/controllers/topical_events_controller.rb
0	39	app/views/classifications/index.html.erb
2	2	config/routes.rb

--6452b2bf32--2016-11-30--Carlos Vilhena
5	2	app/controllers/admin/organisations_controller.rb
2	2	features/step_definitions/organisation_steps.rb
10	0	test/functional/admin/organisations_controller_test.rb

--e06130cf8f--2016-11-30--Matteo Grassotti
0	8	app/views/admin/find_in_admin_bookmarklet/_bookmarklet.erb

--5e1d29a22d--2016-11-29--Matteo Grassotti
1	1	app/views/corporate_information_pages/show_worldwide_organisation.html.erb
1	1	config/locales/es-419.yml
1	1	config/locales/fr.yml
1	1	config/locales/it.yml