--bf470514a5--2014-10-29--Tekin Suleyman
--795dc38f1d--2014-10-29--Tekin Suleyman
10	4	app/models/admin/statistics_announcement_filter.rb
2	2	app/views/admin/statistics_announcements/index.html.erb
1	1	features/step_definitions/admin_statistics_announcements_steps.rb
21	9	test/unit/admin/statistics_announcement_filter_test.rb

--2d4faa8150--2014-10-28--Paul Hayes
1	1	app/views/admin/statistics_announcements/index.html.erb

--1160dc2a9a--2014-10-28--Paul Hayes
3	3	app/views/admin/statistics_announcements/index.html.erb
1	2	features/step_definitions/admin_statistics_announcements_steps.rb

--f751f8fef0--2014-10-28--Paul Hayes
5	0	app/assets/stylesheets/admin/govuk_admin_template/_base.scss
1	1	app/views/admin/statistics_announcements/index.html.erb

--1cca9bb1c4--2014-10-28--Paul Hayes
11	0	app/assets/stylesheets/admin/views/editions/_filter_options.scss
6	4	app/views/admin/statistics_announcements/index.html.erb

--c5d26253ad--2014-10-28--Paul Hayes
16	0	app/assets/stylesheets/admin/helpers/_statistics_announcements.scss
3	3	app/views/admin/statistics_announcements/index.html.erb

--05c838e6de--2014-10-28--Paul Hayes
4	0	app/assets/stylesheets/admin/govuk_admin_template/_tables.scss
1	1	app/views/admin/statistics_announcements/index.html.erb

--980666d69b--2014-10-28--Tekin Suleyman
--c540fddc62--2014-10-28--Tekin Suleyman
18	8	app/models/admin/statistics_announcement_filter.rb
28	0	test/unit/admin/statistics_announcement_filter_test.rb

--5668efc89a--2014-10-27--Tekin Suleyman
2	2	app/controllers/admin/statistics_announcements_controller.rb
4	4	app/models/admin/statistics_announcement_filter.rb
2	2	app/views/admin/statistics_announcements/index.html.erb
1	1	features/admin-statistics-announcements.feature
6	6	test/unit/admin/statistics_announcement_filter_test.rb

--3847e30f63--2014-10-27--Tekin Suleyman
9	1	app/controllers/admin/statistics_announcements_controller.rb
1	1	app/views/admin/statistics_announcements/index.html.erb

--618e647792--2014-10-27--Tekin Suleyman
0	8	app/helpers/admin/statistics_announcements_helper.rb
19	15	app/views/admin/statistics_announcements/index.html.erb
1	1	app/views/admin/statistics_announcements/show.html.erb
2	2	features/step_definitions/admin_statistics_announcements_steps.rb

--b7af7a2e11--2014-10-27--Tekin Suleyman
32	1	app/models/admin/statistics_announcement_filter.rb
2	0	app/views/admin/statistics_announcements/index.html.erb
48	0	test/unit/admin/statistics_announcement_filter_test.rb

--834d9745de--2014-10-27--Tekin Suleyman
11	1	test/factories/statistics_announcements.rb
1	3	test/unit/admin/statistics_announcement_filter_test.rb

--854ee87974--2014-10-27--Tekin Suleyman
9	1	app/controllers/admin/statistics_announcements_controller.rb
31	1	app/models/admin/statistics_announcement_filter.rb
2	2	app/views/admin/statistics_announcements/index.html.erb
40	14	test/unit/admin/statistics_announcement_filter_test.rb

--8af52ded6c--2014-10-23--Tekin Suleyman
2	2	app/views/admin/statistics_announcements/index.html.erb

--7954ec8bdd--2014-10-23--Tekin Suleyman
10	1	app/controllers/admin/statistics_announcements_controller.rb
3	0	app/models/admin/statistics_announcement_filter.rb
10	1	app/views/admin/statistics_announcements/index.html.erb
7	0	features/admin-statistics-announcements.feature
36	0	features/step_definitions/admin_statistics_announcements_steps.rb
10	0	test/unit/admin/statistics_announcement_filter_test.rb

--d29caf5610--2014-10-23--Tekin Suleyman
1	1	app/controllers/admin/statistics_announcements_controller.rb
1	1	app/views/admin/statistics_announcements/index.html.erb
9	4	test/functional/admin/statistics_announcements_controller_test.rb

--560d7cf0ff--2014-10-23--Tekin Suleyman
1	1	app/controllers/admin/statistics_announcements_controller.rb
5	0	app/models/admin/statistics_announcement_filter.rb
6	0	app/views/admin/statistics_announcements/index.html.erb
5	0	features/admin-statistics-announcements.feature
14	2	features/step_definitions/admin_statistics_announcements_steps.rb
20	3	test/unit/admin/statistics_announcement_filter_test.rb

--28d63ba801--2014-10-23--Tekin Suleyman
1	1	app/models/admin/statistics_announcement_filter.rb

--5c9abdf113--2014-10-23--Tekin Suleyman
3	3	app/views/admin/statistics_announcements/index.html.erb

--dca344b7b8--2014-10-23--Tekin Suleyman
1	1	app/controllers/admin/statistics_announcements_controller.rb
10	0	app/views/admin/statistics_announcements/index.html.erb
5	0	features/admin-statistics-announcements.feature
26	0	features/step_definitions/admin_statistics_announcements_steps.rb

--d7c6299f51--2014-10-23--Tekin Suleyman
15	2	app/models/admin/statistics_announcement_filter.rb
30	4	test/unit/admin/statistics_announcement_filter_test.rb

--797ba159ec--2014-10-23--Tekin Suleyman
2	1	app/models/admin/statistics_announcement_filter.rb
11	0	test/unit/admin/statistics_announcement_filter_test.rb

--9861bdeb63--2014-10-23--Tekin Suleyman
3	0	app/workers/publishing_api_register_artefact_worker.rb
3	0	app/workers/publishing_api_register_organisation_worker.rb

--6a3457465a--2014-10-21--Tekin Suleyman
0	1	app/workers/publishing_api_edition_worker.rb
0	1	app/workers/publishing_api_organisation_worker.rb

--bcd88fd648--2014-10-21--Tekin Suleyman
1	1	app/models/organisation.rb
1	1	app/services/service_listeners/publishing_api_registrar.rb
14	0	app/workers/publishing_api_edition_worker.rb
14	0	app/workers/publishing_api_organisation_worker.rb
1	14	app/workers/publishing_api_register_artefact_worker.rb
1	14	app/workers/publishing_api_register_organisation_worker.rb
1	1	test/unit/services/listeners/publishing_api_registrar_test.rb
2	2	test/unit/workers/publishing_api_register_artefact_worker_test.rb
1	1	test/unit/workers/publishing_api_register_organisation_worker_test.rb

--52132fb31d--2014-10-21--Tekin Suleyman
0	23	app/models/organisation.rb
31	0	app/presenters/publishing_api_presenters/organisation.rb
3	3	app/workers/publishing_api_register_organisation_worker.rb
0	23	test/unit/models/organisation_test.rb
26	0	test/unit/presenters/publishing_api_presenters/organisation_test.rb
5	2	test/unit/workers/publishing_api_register_organisation_worker_test.rb

--9364de8627--2014-10-21--Tekin Suleyman
1	40	app/models/registerable_edition.rb
62	0	app/presenters/publishing_api_presenters/edition.rb
5	8	app/workers/publishing_api_register_artefact_worker.rb
4	4	test/integration/publishing_test.rb
3	3	test/support/publishing_api_test_helpers.rb
63	0	test/unit/presenters/publishing_api_presenters/edition_test.rb
0	40	test/unit/registerable_edition_test.rb
5	5	test/unit/workers/publishing_api_register_artefact_worker_test.rb