--f7b8f7b1ab--2014-09-29--Daniel Roseman
--a0a8f6762b--2014-09-26--russellthorn
--5876fbaf57--2014-09-26--Camille Baldock
54	54	app/views/past_foreign_secretaries/index.html.erb

--9b056199aa--2014-09-26--Steve Laing
--39d8d3d1ea--2014-09-26--Camille Baldock
4	0	db/data_migration/20140926124635_reindex_closed_devolved_organisations.rb

--cfb4f5a7c9--2014-09-26--Camille Baldock
--44f4bf0944--2014-09-25--Camille Baldock
9	1	app/models/organisation.rb
11	1	test/unit/models/organisation_test.rb

--05adcac778--2014-09-25--Camille Baldock
--0beb311301--2014-09-25--Camille Baldock
8	2	app/views/past_foreign_secretaries/index.html.erb

--9a902752b7--2014-09-25--Steve Laing
--5a3e040f3b--2014-09-25--steventux
1	1	config/locales/en.yml

--25a84b9044--2014-09-25--steventux
2	0	app/assets/javascripts/application/on_ready.js
5	15	app/views/documents/_change_notes.html.erb
1	1	app/views/documents/_document_footer_meta.html.erb
1	1	app/views/documents/_metadata.html.erb
1	0	config/locales/ar.yml
1	0	config/locales/az.yml
1	0	config/locales/be.yml
1	0	config/locales/bg.yml
1	0	config/locales/bn.yml
1	0	config/locales/cs.yml
1	0	config/locales/cy.yml
1	0	config/locales/de.yml
1	0	config/locales/dr.yml
1	0	config/locales/el.yml
3	2	config/locales/en.yml
1	0	config/locales/es-419.yml
1	0	config/locales/es.yml
1	0	config/locales/fa.yml
1	0	config/locales/fr.yml
1	0	config/locales/he.yml
1	0	config/locales/hi.yml
1	0	config/locales/hu.yml
1	0	config/locales/hy.yml
1	0	config/locales/id.yml
1	0	config/locales/it.yml
1	0	config/locales/ja.yml
1	0	config/locales/ka.yml
1	0	config/locales/ko.yml
1	0	config/locales/lt.yml
1	0	config/locales/lv.yml
1	0	config/locales/ms.yml
1	0	config/locales/pl.yml
1	0	config/locales/ps.yml
1	0	config/locales/pt.yml
1	0	config/locales/ro.yml
1	0	config/locales/ru.yml
1	0	config/locales/si.yml
1	0	config/locales/sk.yml
1	0	config/locales/so.yml
1	0	config/locales/sq.yml
1	0	config/locales/sr.yml
1	0	config/locales/sw.yml
1	0	config/locales/ta.yml
1	0	config/locales/th.yml
1	0	config/locales/tk.yml
1	0	config/locales/tr.yml
1	0	config/locales/uk.yml
1	0	config/locales/ur.yml
1	0	config/locales/uz.yml
1	0	config/locales/vi.yml
1	0	config/locales/zh-hk.yml
1	0	config/locales/zh-tw.yml
1	0	config/locales/zh.yml
0	1	features/detailed-guides.feature
0	2	features/policies.feature
1	1	test/functional/case_studies_controller_test.rb
2	2	test/functional/fatality_notices_controller_test.rb
2	2	test/functional/news_articles_controller_test.rb
1	1	test/functional/policies_controller_test.rb
1	1	test/functional/publications_controller_test.rb
1	1	test/functional/supporting_pages_controller_test.rb
2	2	test/functional/world_location_news_articles_controller_test.rb
0	1	test/functional/worldwide_priorities_controller_test.rb

--4e586002fe--2014-09-24--Tekin Suleyman
--9bf852d557--2014-09-23--Tekin Suleyman
7	2	README.md

--ec722f8d57--2014-09-23--Tekin Suleyman
1	0	docs/misc/inside-government-i18n-notes.md

--555f862fd3--2014-09-22--Tekin Suleyman
51	40	config/locales/ar.yml
54	55	config/locales/az.yml
47	40	config/locales/be.yml
40	41	config/locales/bg.yml
44	44	config/locales/bn.yml
42	40	config/locales/cs.yml
52	40	config/locales/cy.yml
40	41	config/locales/de.yml
39	40	config/locales/dr.yml
40	41	config/locales/el.yml
40	41	config/locales/es-419.yml
40	41	config/locales/es.yml
54	55	config/locales/fa.yml
40	41	config/locales/fr.yml
44	39	config/locales/he.yml
40	41	config/locales/hi.yml
54	55	config/locales/hu.yml
42	42	config/locales/hy.yml
54	55	config/locales/id.yml
41	42	config/locales/it.yml
53	54	config/locales/ja.yml
54	54	config/locales/ka.yml
53	54	config/locales/ko.yml
42	40	config/locales/lt.yml
40	41	config/locales/lv.yml
54	54	config/locales/ms.yml
46	41	config/locales/pl.yml
40	41	config/locales/ps.yml
40	41	config/locales/pt.yml
44	41	config/locales/ro.yml
46	41	config/locales/ru.yml
38	39	config/locales/si.yml
52	49	config/locales/sk.yml
41	42	config/locales/so.yml
39	40	config/locales/sq.yml
47	41	config/locales/sr.yml
44	44	config/locales/sw.yml
44	43	config/locales/ta.yml
54	55	config/locales/th.yml
44	44	config/locales/tk.yml
54	55	config/locales/tr.yml
46	42	config/locales/uk.yml
40	41	config/locales/ur.yml
40	41	config/locales/uz.yml
55	55	config/locales/vi.yml
53	54	config/locales/zh-hk.yml
53	54	config/locales/zh-tw.yml
53	54	config/locales/zh.yml

--a1fdb756fc--2014-09-22--Tekin Suleyman
1	1	app/helpers/translation_helper.rb
46	45	config/locales/ar.yml
46	45	config/locales/az.yml
44	45	config/locales/be.yml
46	45	config/locales/bg.yml
45	45	config/locales/bn.yml
46	45	config/locales/cs.yml
46	45	config/locales/cy.yml
46	45	config/locales/de.yml
46	45	config/locales/dr.yml
46	45	config/locales/el.yml
45	44	config/locales/en.yml
46	45	config/locales/es-419.yml
46	45	config/locales/es.yml
46	45	config/locales/fa.yml
46	45	config/locales/fr.yml
46	45	config/locales/he.yml
46	45	config/locales/hi.yml
46	45	config/locales/hu.yml
46	45	config/locales/hy.yml
46	45	config/locales/id.yml
46	45	config/locales/it.yml
46	45	config/locales/ja.yml
45	45	config/locales/ka.yml
46	45	config/locales/ko.yml
46	45	config/locales/lt.yml
46	45	config/locales/lv.yml
45	45	config/locales/ms.yml
46	45	config/locales/pl.yml
46	45	config/locales/ps.yml
46	45	config/locales/pt.yml
46	45	config/locales/ro.yml
46	45	config/locales/ru.yml
46	45	config/locales/si.yml
45	45	config/locales/sk.yml
46	45	config/locales/so.yml
46	45	config/locales/sq.yml
48	51	config/locales/sr.yml
45	45	config/locales/sw.yml
46	45	config/locales/ta.yml
46	45	config/locales/th.yml
45	45	config/locales/tk.yml
46	45	config/locales/tr.yml
46	45	config/locales/uk.yml
46	45	config/locales/ur.yml
46	45	config/locales/uz.yml
46	45	config/locales/vi.yml
46	45	config/locales/zh-hk.yml
46	45	config/locales/zh-tw.yml
46	45	config/locales/zh.yml

--ddc733371f--2014-09-22--Tekin Suleyman
0	2	config/locales/ar.yml
0	2	config/locales/az.yml
0	2	config/locales/be.yml
0	2	config/locales/bg.yml
0	2	config/locales/bn.yml
0	2	config/locales/cs.yml
0	2	config/locales/cy.yml
0	2	config/locales/de.yml
0	2	config/locales/dr.yml
0	2	config/locales/el.yml
0	2	config/locales/en.yml
0	2	config/locales/es-419.yml
0	2	config/locales/es.yml
0	2	config/locales/fa.yml
0	2	config/locales/fr.yml
0	2	config/locales/he.yml
0	2	config/locales/hi.yml
0	2	config/locales/hu.yml
0	2	config/locales/hy.yml
0	2	config/locales/id.yml
0	2	config/locales/it.yml
0	2	config/locales/ja.yml
0	2	config/locales/ka.yml
0	2	config/locales/ko.yml
0	2	config/locales/lt.yml
0	2	config/locales/lv.yml
0	2	config/locales/ms.yml
0	2	config/locales/pl.yml
0	2	config/locales/ps.yml
0	2	config/locales/pt.yml
0	2	config/locales/ro.yml
0	2	config/locales/ru.yml
0	2	config/locales/si.yml
0	2	config/locales/sk.yml
0	2	config/locales/so.yml
0	2	config/locales/sq.yml
0	2	config/locales/sr.yml
0	2	config/locales/sw.yml
0	2	config/locales/ta.yml
0	2	config/locales/th.yml
0	2	config/locales/tk.yml
0	2	config/locales/tr.yml
0	2	config/locales/uk.yml
0	2	config/locales/ur.yml
0	2	config/locales/uz.yml
0	2	config/locales/vi.yml
0	2	config/locales/zh-hk.yml
0	2	config/locales/zh-tw.yml
0	2	config/locales/zh.yml

--78bae832f4--2014-09-22--Tekin Suleyman
2	2	app/views/detailed_guides/_document_contextual.html.erb
6	6	app/views/detailed_guides/show.html.erb
9	8	config/locales/ar.yml
9	8	config/locales/az.yml
9	8	config/locales/be.yml
9	8	config/locales/bg.yml
9	8	config/locales/bn.yml
9	8	config/locales/cs.yml
9	8	config/locales/cy.yml
9	8	config/locales/de.yml
9	8	config/locales/dr.yml
9	8	config/locales/el.yml
9	8	config/locales/en.yml
9	8	config/locales/es-419.yml
9	8	config/locales/es.yml
9	8	config/locales/fa.yml
9	8	config/locales/fr.yml
9	8	config/locales/he.yml
9	8	config/locales/hi.yml
9	8	config/locales/hu.yml
9	8	config/locales/hy.yml
9	8	config/locales/id.yml
9	8	config/locales/it.yml
9	8	config/locales/ja.yml
9	8	config/locales/ka.yml
9	8	config/locales/ko.yml
9	8	config/locales/lt.yml
9	8	config/locales/lv.yml
9	8	config/locales/ms.yml
9	8	config/locales/pl.yml
9	8	config/locales/ps.yml
9	8	config/locales/pt.yml
9	8	config/locales/ro.yml
9	8	config/locales/ru.yml
9	8	config/locales/si.yml
9	8	config/locales/sk.yml
9	8	config/locales/so.yml
9	8	config/locales/sq.yml
9	8	config/locales/sr.yml
9	8	config/locales/sw.yml
9	8	config/locales/ta.yml
9	8	config/locales/th.yml
9	8	config/locales/tk.yml
9	8	config/locales/tr.yml
9	8	config/locales/uk.yml
9	8	config/locales/ur.yml
9	8	config/locales/uz.yml
9	8	config/locales/vi.yml
9	8	config/locales/zh-hk.yml
9	8	config/locales/zh-tw.yml
9	8	config/locales/zh.yml

--7c7caa7fa9--2014-09-24--Tekin Suleyman
--fafd30d280--2014-09-24--Daniel Roseman
4	1	test/factories/editions.rb
10	16	test/functional/admin/edition_workflow_controller_test.rb

--008b1aabee--2014-09-24--Daniel Roseman
5	0	test/unit/whitehall/authority/authority_test_helper.rb
1	3	test/unit/whitehall/authority/gds_editor_fatality_notice_test.rb
1	3	test/unit/whitehall/authority/gds_editor_test.rb
1	3	test/unit/whitehall/authority/gds_editor_world_location_news_test.rb
1	3	test/unit/whitehall/authority/gds_editor_worldwide_priority_test.rb

--00347b03d9--2014-09-24--Daniel Roseman
5	0	app/models/edition.rb
1	1	lib/whitehall/authority/rules/edition_rules.rb
11	1	test/unit/edition_test.rb

--ade6a83cf7--2014-09-22--Daniel Roseman
0	7	lib/whitehall/authority/rules/edition_rules.rb

--d247600703--2014-09-19--Daniel Roseman
16	0	features/publications.feature
13	0	features/step_definitions/publication_steps.rb

--02a2ff8ac0--2014-09-19--Daniel Roseman
15	9	test/functional/admin/edition_workflow_controller_test.rb
4	2	test/unit/whitehall/authority/gds_editor_fatality_notice_test.rb
4	2	test/unit/whitehall/authority/gds_editor_world_location_news_test.rb
4	2	test/unit/whitehall/authority/gds_editor_worldwide_priority_test.rb

--0cbe6246e0--2014-09-24--Daniel Roseman
7	1	test/factories/editions.rb

--1cc58dfd3b--2014-09-23--Aaron Keogh
--f307db1c93--2014-09-23--russellthorn
--c740cd104c--2014-09-23--russell thorn
4	3	app/assets/stylesheets/frontend/views/_organisations.scss

--6829d73c22--2014-09-22--russell thorn
0	7	app/helpers/ministerial_roles_helper.rb
0	1	app/views/ministerial_roles/show.html.erb
0	1	app/views/people/show.html.erb
0	1	app/views/shared/_announcement_list.html.erb
0	1	config/locales/ar.yml
0	1	config/locales/az.yml
0	1	config/locales/be.yml
0	1	config/locales/bg.yml
0	1	config/locales/bn.yml
0	1	config/locales/cs.yml
0	1	config/locales/cy.yml
0	1	config/locales/de.yml
0	1	config/locales/dr.yml
0	1	config/locales/el.yml
0	1	config/locales/en.yml
0	1	config/locales/es-419.yml
0	1	config/locales/es.yml
0	1	config/locales/fa.yml
0	1	config/locales/fr.yml
0	1	config/locales/he.yml
0	1	config/locales/hi.yml
0	1	config/locales/hu.yml
0	1	config/locales/hy.yml
0	1	config/locales/id.yml
0	1	config/locales/it.yml
0	1	config/locales/ja.yml
0	1	config/locales/ka.yml
0	1	config/locales/ko.yml
0	1	config/locales/lt.yml
0	1	config/locales/lv.yml
0	1	config/locales/ms.yml
0	1	config/locales/pl.yml
0	1	config/locales/ps.yml
0	1	config/locales/pt.yml
0	1	config/locales/ro.yml
0	1	config/locales/ru.yml
0	1	config/locales/si.yml
0	1	config/locales/sk.yml
0	1	config/locales/so.yml
0	1	config/locales/sq.yml
0	1	config/locales/sr.yml
0	1	config/locales/sw.yml
0	1	config/locales/ta.yml
0	1	config/locales/th.yml
0	1	config/locales/tk.yml
0	1	config/locales/tr.yml
0	1	config/locales/uk.yml
0	1	config/locales/ur.yml
0	1	config/locales/uz.yml
0	1	config/locales/vi.yml
0	1	config/locales/zh-hk.yml
0	1	config/locales/zh-tw.yml
0	1	config/locales/zh.yml

--8cd260bab0--2014-09-22--Steve Laing
--7737373cf6--2014-09-22--steventux
3	2	app/views/embassies/index.html.erb
2	1	test/functional/embassies_controller_test.rb

--e341405d9f--2014-09-22--GrouchPotato
--2fa30b33a1--2014-09-22--Tekin Suleyman
1	1	app/helpers/admin/taggable_content_helper.rb

--97277751cf--2014-09-19--Guy Moorhouse
0	1	app/views/embassies/index.html.erb

--863575d8c7--2014-09-18--Tekin Suleyman
25	35	app/helpers/admin/taggable_content_helper.rb
17	2	test/unit/helpers/admin/taggable_content_helper_test.rb

--859004f704--2014-09-18--Tekin Suleyman
16	0	app/helpers/admin/taggable_content_helper.rb
8	6	app/views/admin/editions/_worldwide_organisation_fields.html.erb
12	0	test/unit/helpers/admin/taggable_content_helper_test.rb

--497081b782--2014-09-18--Tekin Suleyman
0	12	app/helpers/admin/document_collection_helper.rb
20	1	app/helpers/admin/taggable_content_helper.rb
1	1	app/models/document_collection_group.rb
8	2	app/views/admin/editions/_document_collection_fields.html.erb
14	0	test/unit/helpers/admin/taggable_content_helper_test.rb

--c70102625a--2014-09-18--Tekin Suleyman
0	4	app/helpers/admin/editions_helper.rb
18	0	app/helpers/admin/taggable_content_helper.rb
2	2	app/views/admin/editions/_inline_attachments_info.html.erb
12	0	test/unit/helpers/admin/taggable_content_helper_test.rb

--7f0abfa3df--2014-09-18--Tekin Suleyman
3	27	app/helpers/admin/editions_helper.rb
21	1	app/views/admin/editions/_inline_attachments_info.html.erb
1	1	app/views/admin/editions/_speed_tagging.html.erb

--c7b16eb82b--2014-09-17--Tekin Suleyman
5	5	app/models/news_article_type.rb
20	20	app/models/publication_type.rb
7	7	app/models/speech_type.rb

--2e43992524--2014-09-17--Tekin Suleyman
0	7	app/helpers/admin/editions_helper.rb
8	0	app/models/news_article_type.rb
24	0	app/models/publication_type.rb
10	0	app/models/speech_type.rb
4	0	app/views/admin/case_studies/_form.html.erb
4	0	app/views/admin/consultations/_form.html.erb
4	0	app/views/admin/detailed_guides/_form.html.erb
4	0	app/views/admin/document_collections/_form.html.erb
0	3	app/views/admin/editions/_format_advice.html.erb
1	1	app/views/admin/editions/_publication_type_fields.html.erb
1	1	app/views/admin/editions/new.html.erb
4	0	app/views/admin/fatality_notices/_form.html.erb
6	0	app/views/admin/news_articles/_form.html.erb
1	1	app/views/admin/news_articles/_news_article_type_fields.html.erb
4	0	app/views/admin/policies/_form.html.erb
4	0	app/views/admin/publications/_form.html.erb
5	0	app/views/admin/speeches/_form.html.erb
1	1	app/views/admin/speeches/_speech_type_fields.html.erb
6	0	app/views/admin/statistical_data_sets/_form.html.erb
4	0	app/views/admin/supporting_pages/_form.html.erb
4	0	app/views/admin/world_location_news_articles/_form.html.erb
4	0	app/views/admin/worldwide_priorities/_form.html.erb
4	94	config/locales/ar.yml
0	94	config/locales/az.yml
2	94	config/locales/be.yml
0	94	config/locales/bg.yml
0	94	config/locales/bn.yml
1	94	config/locales/cs.yml
4	94	config/locales/cy.yml
0	94	config/locales/de.yml
0	94	config/locales/dr.yml
0	94	config/locales/el.yml
4	126	config/locales/en.yml
0	94	config/locales/es-419.yml
0	94	config/locales/es.yml
0	94	config/locales/fa.yml
0	94	config/locales/fr.yml
2	94	config/locales/he.yml
0	94	config/locales/hi.yml
0	94	config/locales/hu.yml
0	94	config/locales/hy.yml
0	94	config/locales/id.yml
0	94	config/locales/it.yml
0	94	config/locales/ja.yml
0	94	config/locales/ka.yml
0	94	config/locales/ko.yml
1	94	config/locales/lt.yml
0	94	config/locales/lv.yml
0	94	config/locales/ms.yml
2	94	config/locales/pl.yml
0	94	config/locales/ps.yml
0	94	config/locales/pt.yml
0	94	config/locales/ro.yml
2	94	config/locales/ru.yml
0	94	config/locales/si.yml
1	94	config/locales/sk.yml
0	94	config/locales/so.yml
0	94	config/locales/sq.yml
2	94	config/locales/sr.yml
0	94	config/locales/sw.yml
0	94	config/locales/ta.yml
0	94	config/locales/th.yml
0	94	config/locales/tk.yml
0	94	config/locales/tr.yml
3	94	config/locales/uk.yml
0	94	config/locales/ur.yml
0	94	config/locales/uz.yml
0	94	config/locales/vi.yml
0	94	config/locales/zh-hk.yml
0	94	config/locales/zh-tw.yml
0	94	config/locales/zh.yml

--070fde940b--2014-09-18--Alex Tomlins
--313dd72ae1--2014-09-18--Alex Tomlins
--919543fd42--2014-09-18--Robin Carswell
1	1	features/speed-tagging-editions.feature

--57c914a89e--2014-09-18--Alex Tomlins
1	0	app/controllers/attachments_controller.rb
2	0	test/functional/attachments_controller_test.rb
1	0	test/support/cache_control_test_helpers.rb

--5be4ddeed5--2014-09-17--Tekin Suleyman
6	6	app/views/admin/editions/_world_location_fields.html.erb

--7b93a5b30d--2014-09-17--Tekin Suleyman
25	6	app/helpers/admin/taggable_content_helper.rb
0	6	app/helpers/application_helper.rb
9	7	app/views/admin/editions/_minister_fields.html.erb
16	0	test/unit/helpers/admin/taggable_content_helper_test.rb
0	13	test/unit/helpers/application_helper_test.rb

--cdbd206de6--2014-09-17--Tekin Suleyman
5	0	db/migrate/20140917142641_add_document_type_index_to_documents.rb
2	1	db/schema.rb

--9ba761f78b--2014-09-17--Tekin Suleyman
17	0	app/helpers/admin/taggable_content_helper.rb
4	1	app/views/admin/editions/_world_location_fields.html.erb
12	0	test/unit/helpers/admin/taggable_content_helper_test.rb

--7fc970c7e2--2014-09-17--Tekin Suleyman
2	5	app/views/admin/editions/_world_location_fields.html.erb
2	5	app/views/admin/editions/_worldwide_organisation_fields.html.erb
2	2	app/views/admin/world_location_news_articles/_form.html.erb

--d3f069a4ea--2014-09-17--Tekin Suleyman
0	12	app/helpers/application_helper.rb
1	3	app/views/admin/editions/_speed_tagging.html.erb
0	1	features/speed-tagging-editions.feature
0	4	features/step_definitions/speed_tagging_steps.rb
0	16	test/unit/helpers/application_helper_test.rb

--d44522eae8--2014-09-17--Tekin Suleyman
1	1	app/views/admin/editions/_speed_tagging.html.erb

--c670739a44--2014-09-17--Tekin Suleyman
16	0	app/helpers/admin/taggable_content_helper.rb
1	1	app/views/admin/editions/_related_policy_fields.html.erb
1	1	app/views/admin/supporting_pages/_related_policy_fields.html.erb
12	0	test/unit/helpers/admin/taggable_content_helper_test.rb

--7884d85397--2014-09-17--Tekin Suleyman
1	3	app/helpers/application_helper.rb
4	0	app/models/edition/topics.rb
10	0	test/unit/edition/topics_test.rb

--f872f96d40--2014-09-17--Tekin Suleyman
0	8	app/helpers/admin/related_policies_helper.rb
5	1	app/models/edition/related_policies.rb
1	1	app/views/admin/editions/_related_policy_fields.html.erb
1	1	app/views/admin/supporting_pages/_related_policy_fields.html.erb
22	0	test/functional/admin/supporting_pages_controller_test.rb
22	0	test/unit/edition/related_policies_test.rb

--736a8f477e--2014-09-17--Tekin Suleyman
16	0	app/helpers/admin/taggable_content_helper.rb
9	7	app/views/admin/editions/_worldwide_priority_fields.html.erb
13	0	test/unit/helpers/admin/taggable_content_helper_test.rb

--c07eaaa763--2014-09-17--Tekin Suleyman
2	2	app/helpers/admin/taggable_content_helper.rb
1	1	app/models/edition/identifiable.rb
9	0	test/unit/edition/identifiable_test.rb

--4e0331f0e3--2014-09-17--Tekin Suleyman
18	0	app/helpers/admin/taggable_content_helper.rb
0	6	app/helpers/application_helper.rb
9	7	app/views/admin/editions/_statistical_data_set_fields.html.erb
12	0	test/unit/helpers/admin/taggable_content_helper_test.rb

--2ec6f7e567--2014-09-17--Tekin Suleyman
16	0	app/helpers/admin/taggable_content_helper.rb
4	2	app/views/admin/detailed_guides/_form.html.erb
13	0	test/unit/helpers/admin/taggable_content_helper_test.rb

--32d7cd90a3--2014-09-17--Tekin Suleyman
1	1	test/factories/detailed_guides.rb

--aff706e9d5--2014-09-16--Tekin Suleyman
35	9	app/helpers/admin/taggable_content_helper.rb
0	6	app/helpers/application_helper.rb
0	9	app/models/ministerial_role.rb
8	0	app/models/role.rb
9	1	app/views/admin/speeches/_delivered_by_fields.html.erb
50	5	test/unit/helpers/admin/taggable_content_helper_test.rb
0	24	test/unit/helpers/application_helper_test.rb
0	11	test/unit/ministerial_role_test.rb
11	0	test/unit/role_test.rb

--11dbb8093a--2014-09-16--Tekin Suleyman
40	2	app/helpers/admin/taggable_content_helper.rb
0	4	app/helpers/application_helper.rb
9	0	app/models/ministerial_role.rb
8	0	app/models/person.rb
9	7	app/views/admin/editions/_appointment_fields.html.erb
55	0	test/unit/helpers/admin/taggable_content_helper_test.rb
0	15	test/unit/helpers/application_helper_test.rb
11	0	test/unit/ministerial_role_test.rb
11	0	test/unit/person_test.rb

--b67978d658--2014-09-15--Tekin Suleyman
3	3	app/helpers/application_helper.rb
7	7	test/unit/helpers/application_helper_test.rb

--13f78df3a0--2014-09-18--David Thompson
--4d3db2fa43--2014-09-18--Elliot Crosby-McCullough
--4ca3e57e54--2014-09-18--Richard Boulton
1	1	test/unit/services_and_information_finder_test.rb

--d3a8596791--2014-09-18--Daniel Roseman
8	1	lib/whitehall/authority/rules/edition_rules.rb
4	2	test/unit/whitehall/authority/gds_editor_test.rb

--cbacfa1707--2014-09-18--Elliot Crosby-McCullough
1	1	app/models/services_and_information_finder.rb

--4f22e138d0--2014-09-18--Kushal Pisavadia
--16cfcfa12c--2014-09-18--Kushal Pisavadia
--423acbecb5--2014-09-18--Kushal Pisavadia
1	0	config/initializers/{default_cache_max_age.rb => cache_max_age.rb}
0	1	config/initializers/uploads_cache_max_age.rb

--6a17370a58--2014-09-18--Elliot Crosby-McCullough
1	1	lib/whitehall.rb

--c32425cb65--2014-09-18--Kushal Pisavadia
1	1	app/controllers/public_uploads_controller.rb
1	0	config/initializers/uploads_cache_max_age.rb
1	0	lib/whitehall.rb
1	1	test/functional/attachments_controller_test.rb
1	1	test/integration/upload_access_test.rb

--68fb5175de--2014-09-18--Pedro Moreira
--517fc9f3c6--2014-09-18--Kushal Pisavadia
1	1	app/helpers/govspeak_helper.rb

--62df6614af--2014-09-18--Pedro Moreira
178	17	config/locales/ar.yml
6	5	config/locales/az.yml
95	14	config/locales/be.yml
11	10	config/locales/bg.yml
11	10	config/locales/bn.yml
53	12	config/locales/cs.yml
174	14	config/locales/cy.yml
11	10	config/locales/de.yml
11	10	config/locales/dr.yml
11	10	config/locales/el.yml
11	10	config/locales/es-419.yml
11	10	config/locales/es.yml
6	5	config/locales/fa.yml
11	10	config/locales/fr.yml
95	14	config/locales/he.yml
11	10	config/locales/hi.yml
6	5	config/locales/hu.yml
11	10	config/locales/hy.yml
6	5	config/locales/id.yml
11	10	config/locales/it.yml
6	5	config/locales/ja.yml
6	5	config/locales/ka.yml
6	5	config/locales/ko.yml
53	12	config/locales/lt.yml
11	10	config/locales/lv.yml
6	5	config/locales/ms.yml
95	14	config/locales/pl.yml
11	10	config/locales/ps.yml
11	10	config/locales/pt.yml
53	12	config/locales/ro.yml
95	14	config/locales/ru.yml
11	10	config/locales/si.yml
59	18	config/locales/sk.yml
11	10	config/locales/so.yml
11	10	config/locales/sq.yml
95	14	config/locales/sr.yml
11	10	config/locales/sw.yml
11	10	config/locales/ta.yml
6	5	config/locales/th.yml
11	10	config/locales/tk.yml
6	5	config/locales/tr.yml
95	14	config/locales/uk.yml
11	10	config/locales/ur.yml
11	10	config/locales/uz.yml
6	5	config/locales/vi.yml
6	5	config/locales/zh-hk.yml
6	5	config/locales/zh-tw.yml
6	5	config/locales/zh.yml

--0d6d511815--2014-09-18--russellthorn
--d97f2499cd--2014-09-12--David Thompson
2	2	README.md

--a572fc24a6--2014-09-17--Pedro Moreira
--2e5d8993e0--2014-09-17--Pedro Moreira
1	3	app/models/publication_type.rb
4	4	config/locales/en.yml
0	2	test/functional/publications_controller_test.rb

--c30b730183--2014-09-17--Pedro Moreira
23	178	config/locales/ar.yml
11	6	config/locales/az.yml
20	95	config/locales/be.yml
16	11	config/locales/bg.yml
16	11	config/locales/bn.yml
18	53	config/locales/cs.yml
20	174	config/locales/cy.yml
16	11	config/locales/de.yml
16	11	config/locales/dr.yml
16	11	config/locales/el.yml
16	11	config/locales/es-419.yml
16	11	config/locales/es.yml
11	6	config/locales/fa.yml
16	11	config/locales/fr.yml
20	95	config/locales/he.yml
16	11	config/locales/hi.yml
11	6	config/locales/hu.yml
16	11	config/locales/hy.yml
11	6	config/locales/id.yml
16	11	config/locales/it.yml
11	6	config/locales/ja.yml
11	6	config/locales/ka.yml
11	6	config/locales/ko.yml
18	53	config/locales/lt.yml
16	11	config/locales/lv.yml
11	6	config/locales/ms.yml
20	95	config/locales/pl.yml
16	11	config/locales/ps.yml
16	11	config/locales/pt.yml
18	53	config/locales/ro.yml
20	95	config/locales/ru.yml
16	11	config/locales/si.yml
24	59	config/locales/sk.yml
16	11	config/locales/so.yml
16	11	config/locales/sq.yml
20	95	config/locales/sr.yml
16	11	config/locales/sw.yml
16	11	config/locales/ta.yml
11	6	config/locales/th.yml
16	11	config/locales/tk.yml
11	6	config/locales/tr.yml
20	95	config/locales/uk.yml
16	11	config/locales/ur.yml
16	11	config/locales/uz.yml
11	6	config/locales/vi.yml
11	6	config/locales/zh-hk.yml
11	6	config/locales/zh-tw.yml
11	6	config/locales/zh.yml

--6be4c84dff--2014-09-12--Pedro Moreira
2	1	app/models/publication_type.rb
6	0	config/locales/en.yml
2	1	lib/whitehall/publication_filter_option.rb
12	0	test/functional/publications_controller_test.rb

--c6fef893e3--2014-09-16--russell thorn
3	0	app/assets/stylesheets/frontend/views/_organisations.scss

--8a25d2ebc0--2014-09-11--Will Tomlins
3	4	app/assets/stylesheets/frontend/views/_organisations.scss