--9db6d58152--2014-05-30--bishboria
--94aef61aa9--2014-05-29--Steve Laing
--c7ea470f30--2014-05-29--Camille Baldock
2	2	app/views/admin/feature_lists/_current_feature_list.html.erb
6	6	app/views/admin/feature_lists/_featurable_offsite_links.html.erb
14	14	app/views/admin/feature_lists/_feature_list.html.erb
1	1	app/views/admin/offsite_links/_form.html.erb
1	1	app/views/admin/organisations/features.html.erb
8	8	app/views/topical_events/show.html.erb
5	5	test/unit/models/offsite_link_test.rb

--eea93c093a--2014-05-29--Alex Tomlins
1	0	Gemfile
12	0	Gemfile.lock
2	2	app/models/attachment_data.rb

--948dfa5435--2014-04-04--Camille Baldock
43	0	app/assets/stylesheets/admin/forms.scss
24	6	app/controllers/admin/classification_featurings_controller.rb
6	2	app/controllers/admin/features_controller.rb
75	0	app/controllers/admin/offsite_links_controller.rb
1	0	app/controllers/admin/organisations_controller.rb
2	1	app/controllers/admin/world_locations_controller.rb
2	1	app/controllers/topical_events_controller.rb
1	3	app/controllers/topics_controller.rb
2	2	app/helpers/admin/organisation_helper.rb
1	1	app/helpers/admin/tabbed_nav_helper.rb
3	1	app/models/classification.rb
31	2	app/models/classification_featuring.rb
4	1	app/models/feature.rb
26	0	app/models/offsite_link.rb
2	0	app/models/organisation.rb
2	0	app/models/world_location.rb
8	0	app/presenters/classification_featuring_presenter.rb
22	2	app/presenters/feature_presenter.rb
0	15	app/presenters/featured_edition_presenter.rb
21	0	app/views/admin/classification_featurings/_classification_featuring.html.erb
29	0	app/views/admin/classification_featurings/_featurable_offsite_links.html.erb
21	21	app/views/admin/classification_featurings/index.html.erb
14	2	app/views/admin/classification_featurings/new.html.erb
29	8	app/views/admin/feature_lists/_current_feature_list.html.erb
29	0	app/views/admin/feature_lists/_featurable_offsite_links.html.erb
17	36	app/views/admin/feature_lists/_feature_list.html.erb
4	1	app/views/admin/features/new.html.erb
19	0	app/views/admin/offsite_links/_form.html.erb
7	0	app/views/admin/offsite_links/edit.html.erb
7	0	app/views/admin/offsite_links/new.html.erb
2	1	app/views/admin/organisations/features.html.erb
1	1	app/views/admin/world_locations/features.html.erb
13	0	app/views/classifications/_classification_featuring.html.erb
11	5	app/views/shared/_featured.html.erb
0	28	app/views/shared/_featured_news.html.erb
10	12	app/views/topical_events/show.html.erb
4	6	app/views/topics/show.html.erb
4	0	config/routes.rb
24	0	db/migrate/20140509133158_add_offsite_links.rb
16	0	db/schema.rb
14	0	features/organisations.feature
50	4	features/step_definitions/organisation_steps.rb
43	2	features/step_definitions/topic_steps.rb
37	2	features/step_definitions/topical_event_steps.rb
53	2	features/step_definitions/world_location_steps.rb
1	1	features/support/feature_order_helper.rb
12	0	features/topical_events.feature
11	0	features/topics.feature
14	0	features/world-locations.feature
8	0	test/factories/classification_featurings.rb
8	0	test/factories/offsite_links.rb
16	0	test/functional/admin/classification_featurings_controller_test.rb
5	8	test/functional/topical_events_controller_test.rb
64	0	test/unit/models/offsite_link_test.rb