--80dc3004d1--2013-11-22--Elliot Crosby-McCullough
--1ed3dfdd79--2013-11-22--layam
--8b123b6434--2013-11-22--Ben Firshman
2	0	app/controllers/operational_fields_controller.rb
10	1	test/functional/operational_fields_controller_test.rb

--65e772fc3b--2013-11-21--Ben Firshman
1	0	app/controllers/detailed_guides_controller.rb
1	0	app/controllers/document_collections_controller.rb
1	0	app/controllers/world_location_news_articles_controller.rb
1	0	app/controllers/worldwide_priorities_controller.rb
1	0	test/functional/detailed_guides_controller_test.rb
2	0	test/functional/document_collections_controller_test.rb
1	0	test/functional/worldwide_priorities_controller_test.rb

--6cc2a535b7--2013-11-21--Ben Firshman
1	2	app/controllers/case_studies_controller.rb
1	2	app/controllers/consultations_controller.rb
4	1	app/controllers/documents_controller.rb
1	2	app/controllers/fatality_notices_controller.rb
1	2	app/controllers/news_articles_controller.rb
1	2	app/controllers/policies_controller.rb
1	2	app/controllers/publications_controller.rb
1	2	app/controllers/speeches_controller.rb
1	0	test/functional/case_studies_controller_test.rb
1	0	test/functional/consultations_controller_test.rb
1	0	test/functional/fatality_notices_controller_test.rb
1	0	test/functional/news_articles_controller_test.rb
1	0	test/functional/policies_controller_test.rb
1	0	test/functional/publications_controller_test.rb
12	0	test/functional/speeches_controller_test.rb
12	0	test/support/document_controller_test_helpers.rb

--472d77bfbd--2013-11-22--David Heath
--6051aaa9ec--2013-11-21--David Heath
8	103	db/data_migration/20131106163843_clean_up_bad_markdown_links.rb
121	0	lib/bad_markdown_link_cleaner.rb
43	0	test/unit/bad_markdown_link_cleaner_test.rb

--ea3cec389b--2013-11-20--Dominic Baggott
1	1	app/views/admin/editions/_standard_fields.html.erb
1	1	app/views/admin/editions/_topic_fields.html.erb

--90fd75d4fd--2013-11-19--Dominic Baggott
3	3	app/models/edition/audit_trail.rb

--7db851b66d--2013-11-21--Dominic Baggott
0	4	lib/whitehall/uploader/case_study_row.rb
0	4	lib/whitehall/uploader/detailed_guide_row.rb
0	4	lib/whitehall/uploader/fatality_notice_row.rb
0	4	lib/whitehall/uploader/news_article_row.rb
4	0	lib/whitehall/uploader/row.rb
0	4	lib/whitehall/uploader/statistical_data_set_row.rb

--a3af52eeb1--2013-11-19--Dominic Baggott
21	14	features/importing-new-editions.feature
4	3	features/step_definitions/force_publishing_imports_steps.rb
3	1	lib/whitehall/uploader/consultation_row.rb
0	4	lib/whitehall/uploader/detailed_guide_row.rb
3	1	lib/whitehall/uploader/fatality_notice_row.rb
2	0	lib/whitehall/uploader/news_article_row.rb
2	0	lib/whitehall/uploader/publication_row.rb
4	0	lib/whitehall/uploader/row.rb
2	0	lib/whitehall/uploader/speech_row.rb
3	1	lib/whitehall/uploader/statistical_data_set_row.rb
6	1	test/support/csv_sample_helpers.rb
10	0	test/unit/import_test.rb
2	3	test/unit/uploader/consultation_row_test.rb
1	1	test/unit/uploader/news_article_row_test.rb

--555e483ebc--2013-11-19--Dominic Baggott
4	8	test/unit/helpers/application_helper_test.rb

--f25fd30361--2013-11-19--Dominic Baggott
7	9	lib/whitehall/uploader/case_study_row.rb
12	15	lib/whitehall/uploader/consultation_row.rb
12	12	lib/whitehall/uploader/detailed_guide_row.rb
10	6	lib/whitehall/uploader/fatality_notice_row.rb
11	6	lib/whitehall/uploader/news_article_row.rb
16	11	lib/whitehall/uploader/publication_row.rb
10	1	lib/whitehall/uploader/row.rb
12	7	lib/whitehall/uploader/speech_row.rb
13	10	lib/whitehall/uploader/statistical_data_set_row.rb

--c9bbcb60fd--2013-11-18--Dominic Baggott
14	2	app/models/edition/topics.rb

--32d12eb67b--2013-11-15--Dominic Baggott
4	2	test/functional/admin/document_collections_controller_test.rb
4	2	test/functional/admin/world_location_news_articles_controller_test.rb
6	0	test/support/document_controller_test_helpers.rb

--5445d468f4--2013-11-15--Dominic Baggott
4	0	app/models/classification_membership.rb

--ff757484d1--2013-11-15--Dominic Baggott
1	1	app/views/admin/editions/_topic_fields.html.erb
2	8	features/step_definitions/document_collection_steps.rb
16	0	features/support/document_helper.rb

--de2de92712--2013-11-15--Dominic Baggott
1	1	test/factories/consultations.rb
1	1	test/factories/detailed_guides.rb
1	1	test/factories/document_collection.rb
9	0	test/factories/editions.rb
1	1	test/factories/fatality_notices.rb
1	1	test/factories/news_articles.rb
1	1	test/factories/policies.rb
1	1	test/factories/publications.rb
1	1	test/factories/speeches.rb
1	1	test/factories/statistical_data_sets.rb
1	1	test/factories/world_location_news_articles.rb

--382df231a0--2013-11-15--Dominic Baggott
30	4	test/unit/edition/topics_test.rb

--e7f9c490a1--2013-11-15--Dominic Baggott
11	0	app/assets/stylesheets/admin/document.scss
8	0	app/controllers/admin/editions_controller.rb
21	0	app/models/edition/topics.rb
8	0	app/views/admin/editions/_topic_fields.html.erb

--8b5c5861f0--2013-11-15--Dominic Baggott
1	1	app/models/edition/topics.rb

--294debebed--2013-11-14--Dominic Baggott
1	0	app/models/edition/topics.rb
7	0	app/models/topic_suggestion.rb
12	0	db/migrate/20131114150701_create_topic_suggestions.rb
9	0	db/schema.rb

--7314aaf6ab--2013-11-14--Dominic Baggott
6	6	app/models/classification.rb

--f0f442d048--2013-11-14--Dominic Baggott
1	1	app/controllers/classifications_controller.rb
1	1	app/controllers/organisations_controller.rb
0	7	app/models/classification.rb
0	9	app/models/classification_membership.rb
0	6	app/models/edition/topics.rb
1	1	app/models/email_signup.rb
6	0	db/pending_migration_cleanups/20131114142543_drop_cached_counts_from_classifications.rb
1	12	test/functional/organisations_controller_test.rb
0	9	test/functional/topics_controller_test.rb
0	13	test/unit/email_signup_test.rb
0	53	test/unit/topic_test.rb

--f56165ddf7--2013-11-14--Dominic Baggott
1	1	app/controllers/admin/classifications_controller.rb
0	1	app/views/admin/topics/_table_header.html.erb
0	1	app/views/admin/topics/_topic.html.erb

--bfd7d6e1c9--2013-11-21--Tekin Suleyman
--14512da57b--2013-11-21--Elliot Crosby-McCullough
4	0	app/models/edition/scheduled_publishing.rb
10	0	test/unit/edition/scheduled_publishing_test.rb