--3f1fbf8adf--2013-11-08--David Heath
--c3db531218--2013-11-08--David Heath
1	0	features/support/browser_helper.rb

--dbae799ce8--2013-11-08--Tekin Suleyman
3	3	test/functional/admin/edition_workflow_controller_test.rb
1	1	test/functional/admin/editions_controller_test.rb
2	2	test/functional/admin/generic_editions_controller_tests/unpublishing_test.rb
2	2	test/unit/whitehall/authority/gds_editor_fatality_notice_test.rb
2	2	test/unit/whitehall/authority/gds_editor_world_location_news_test.rb
2	2	test/unit/whitehall/authority/gds_editor_worldwide_priority_test.rb

--5e8edba495--2013-11-07--David Heath
--3021e73427--2013-11-07--David Heath
--77a48044de--2013-11-07--David Heath
0	0	config/initializers/{feature_flags.rb => organisations_transition_visualisation_feature_flag.rb}

--86e262158c--2013-11-07--David Heath
--e6475acb7a--2013-11-07--David Heath
--12aa2b6fe0--2013-11-07--David Heath
1	1	app/services/edition_unpublisher.rb
1	1	test/unit/services/edition_archiver_test.rb
1	1	test/unit/services/edition_unpublisher_test.rb

--8e1ef8d24d--2013-11-07--Tekin Suleyman
3	3	app/assets/javascripts/admin/views/editions/{confirm_unpublish.js => confirm_unpublish.js.erb}

--7324b6dc60--2013-11-07--Tekin Suleyman
0	8	app/services/edition_unpublisher.rb

--bc929abf70--2013-11-07--Will Tomlins
1	1	app/views/organisations/index.html.erb
5	0	config/initializers/feature_flags.rb
1	0	lib/whitehall.rb

--bbae180eb8--2013-11-07--David Heath
8	0	test/integration/sanitise_db_test.rb

--863d873c37--2013-11-07--Tekin Suleyman
19	8	app/controllers/admin/document_collection_group_memberships_controller.rb
8	0	test/functional/admin/document_collection_group_memberships_controller_test.rb

--c576251bbe--2013-11-07--Tekin Suleyman
2	0	lib/whitehall/authority/rules/edition_rules.rb
2	2	test/unit/whitehall/authority/gds_editor_test.rb

--9d17064d05--2013-11-07--Tekin Suleyman
6	0	app/models/user.rb
3	1	features/step_definitions/session_steps.rb
3	3	features/unpublishing-published-documents.feature
11	0	lib/whitehall/authority/rules/edition_rules.rb
4	0	test/factories/users.rb
15	0	test/unit/user_test.rb
147	0	test/unit/whitehall/authority/managing_editor_test.rb

--a4a9cb2279--2013-11-07--Will Tomlins
33	0	app/assets/javascripts/admin/views/edition/_form.js
1	1	app/assets/stylesheets/admin/forms.scss
3	1	app/helpers/admin/editions_helper.rb
15	4	app/views/admin/editions/_change_notes.html.erb
1	1	features/step_definitions/document_collection_steps.rb
1	1	features/step_definitions/fatalities_steps.rb
1	1	features/step_definitions/policy_steps.rb

--1edb327560--2013-11-06--Tekin Suleyman
3	14	app/views/admin/editions/confirm_unpublish.html.erb
1	1	lib/whitehall/form_builder.rb

--d5116b25b9--2013-11-06--Tekin Suleyman
1	3	app/assets/javascripts/admin/views/{edition-confirm_unpublish.js => editions/confirm_unpublish.js}
1	1	app/assets/stylesheets/admin/base.scss
0	0	app/assets/stylesheets/admin/views/{_edition-confirm_unpublish.scss => editions/confirm_unpublish.scss}
1	2	app/views/admin/editions/confirm_unpublish.html.erb

--b6797948f4--2013-11-06--Tekin Suleyman
1	1	app/helpers/admin/edition_actions_helper.rb
2	2	features/step_definitions/unpublishing_published_documents_steps.rb
1	1	features/support/unpublishing_helpers.rb

--9155c20a4b--2013-11-06--Tekin Suleyman
12	12	app/controllers/admin/edition_workflow_controller.rb
15	0	app/services/edition_archiver.rb
4	0	app/services/edition_service_coordinator.rb
1	1	app/services/edition_unpublisher.rb
1	1	config/initializers/edition_services.rb
5	0	features/step_definitions/unpublishing_published_documents_steps.rb
2	1	features/unpublishing-published-documents.feature
70	0	test/unit/services/edition_archiver_test.rb
11	0	test/unit/services/edition_service_coordinator_test.rb
2	13	test/unit/services/edition_unpublisher_test.rb

--27deb10022--2013-11-05--Tekin Suleyman
4	0	app/presenters/edition_presenter_helper.rb
1	1	app/views/news_articles/show.html.erb
14	0	test/unit/presenters/edition_presenters_test.rb

--6d5e98b57c--2013-11-05--Tekin Suleyman
1	0	app/assets/stylesheets/frontend/base.scss
7	0	app/assets/stylesheets/frontend/helpers/_archive-notice.scss
1	1	app/views/documents/_header.html.erb

--872d19bcd7--2013-11-05--Tekin Suleyman
14	2	app/controllers/admin/edition_workflow_controller.rb
13	0	test/functional/admin/edition_workflow_controller_test.rb

--a056eca963--2013-11-05--Tekin Suleyman
50	0	app/assets/javascripts/admin/views/edition-confirm_unpublish.js
1	0	app/assets/stylesheets/admin/base.scss
18	0	app/assets/stylesheets/admin/views/_edition-confirm_unpublish.scss
1	1	app/controllers/admin/editions_controller.rb
39	16	app/views/admin/editions/confirm_unpublish.html.erb

--79a16fb3eb--2013-11-05--Tekin Suleyman
12	15	app/views/admin/editions/confirm_unpublish.html.erb

--2e6c473108--2013-11-05--Tekin Suleyman
1	1	app/controllers/admin/editions_controller.rb
1	0	app/helpers/admin/editions_helper.rb

--6a0f9b7b3a--2013-11-05--Tekin Suleyman
8	0	app/views/documents/_header.html.erb

--47127243ac--2013-11-05--Tekin Suleyman
6	5	app/views/admin/editions/confirm_unpublish.html.erb
1	1	features/step_definitions/unpublishing_published_documents_steps.rb
1	1	features/support/unpublishing_helpers.rb

--e8035b5acd--2013-11-05--Tekin Suleyman
1	1	app/views/admin/editions/_show_metadata.html.erb

--ca9fbe2b41--2013-11-05--Tekin Suleyman
9	1	app/controllers/admin/edition_workflow_controller.rb

--eec008bcf7--2013-11-04--Tekin Suleyman
4	0	app/models/unpublishing.rb
8	0	app/services/edition_unpublisher.rb
12	0	test/unit/services/edition_unpublisher_test.rb

--9706b68580--2013-11-04--Tekin Suleyman
1	1	app/models/document.rb
1	1	app/models/edition.rb
5	0	app/models/edition/workflow.rb
3	5	test/factories/editions.rb
1	1	test/unit/edition/workflow_test.rb

--0ec40e0360--2013-11-04--Tekin Suleyman
16	0	features/step_definitions/unpublishing_published_documents_steps.rb
6	0	features/unpublishing-published-documents.feature

--22a0ddf477--2013-11-04--Tekin Suleyman
14	3	app/views/admin/editions/confirm_unpublish.html.erb

--d4a9b4f5b8--2013-11-04--Tekin Suleyman
1	1	app/controllers/documents_controller.rb
4	0	app/models/unpublishing.rb
11	0	test/unit/unpublishing_test.rb

--d135d37fd0--2013-11-04--Tekin Suleyman
3	0	app/models/unpublishing_reason.rb

--48270c8c34--2013-11-04--Tekin Suleyman
16	8	features/step_definitions/unpublishing_published_documents_steps.rb
13	0	features/support/unpublishing_helpers.rb
6	0	features/unpublishing-published-documents.feature

--af647d8c63--2013-11-04--Tekin Suleyman
5	2	app/models/unpublishing.rb
2	3	test/functional/admin/edition_workflow_controller_test.rb
1	1	test/functional/documents_controller_test.rb
1	1	test/unit/services/edition_unpublisher_test.rb
3	3	test/unit/unpublishing_test.rb

--b279f331de--2013-11-01--russell thorn
9	0	app/assets/stylesheets/admin/forms.scss
4	5	app/views/admin/editions/_change_notes.html.erb