--bd79fc7bc4--2013-09-26--russell thorn
--4875353666--2013-09-26--russell thorn
1	2	app/views/consultations/_document_summary.html.erb

--e6d84356a5--2013-09-25--Tekin Suleyman
2	4	app/views/consultations/show.html.erb
1	1	app/views/documents/_attachment_full_width.html.erb
2	3	features/step_definitions/publication_steps.rb

--e3801b95bd--2013-09-25--russell thorn
11	0	app/assets/stylesheets/frontend/helpers/_govspeak.scss
1	2	app/views/documents/_attachment_full_width.html.erb

--67dd0cb0a1--2013-09-23--Tekin Suleyman
4	4	app/views/consultations/show.html.erb
21	17	app/views/documents/_attachment_full_width.html.erb
0	7	app/views/publications/_document_summary.html.erb
1	1	app/views/publications/show.html.erb

--3e08d4d61f--2013-09-19--Tekin Suleyman
9	0	app/assets/stylesheets/frontend/views/_publications.scss
2	1	app/models/publication.rb
5	2	app/views/admin/publications/_form.html.erb
7	0	app/views/publications/_document_summary.html.erb
4	0	features/publications.feature
16	0	features/step_definitions/publication_steps.rb
11	0	test/unit/publication_test.rb

--bfd4c7387e--2013-09-19--Tekin Suleyman
10	0	app/views/consultations/_document_summary.html.erb
4	21	app/views/consultations/show.html.erb

--96cb8a3f0b--2013-09-19--Tekin Suleyman
1	2	app/models/consultation.rb
8	0	app/models/edition/can_be_external.rb
0	31	app/views/admin/consultations/_additional_significant_fields.html.erb
25	0	app/views/admin/consultations/_form.html.erb
7	0	app/views/admin/editions/_external_fields.html.erb

--41b0013e8f--2013-09-19--Tekin Suleyman
13	0	test/support/model_helpers.rb
1	0	test/unit/consultation_test.rb

--a364bf9e31--2013-09-25--russell thorn
11	0	app/assets/stylesheets/frontend/helpers/_govspeak.scss
1	2	app/views/documents/_attachment_full_width.html.erb

--78a30d4951--2013-09-23--Tekin Suleyman
4	4	app/views/consultations/show.html.erb
21	17	app/views/documents/_attachment_full_width.html.erb
0	7	app/views/publications/_document_summary.html.erb
1	1	app/views/publications/show.html.erb

--8de3046047--2013-09-19--Tekin Suleyman
9	0	app/assets/stylesheets/frontend/views/_publications.scss
2	1	app/models/publication.rb
5	2	app/views/admin/publications/_form.html.erb
7	0	app/views/publications/_document_summary.html.erb
4	0	features/publications.feature
16	0	features/step_definitions/publication_steps.rb
10	0	test/unit/publication_test.rb

--1ea0843aca--2013-09-19--Tekin Suleyman
10	0	app/views/consultations/_document_summary.html.erb
4	21	app/views/consultations/show.html.erb

--5ddd70c13a--2013-09-19--Tekin Suleyman
1	2	app/models/consultation.rb
8	0	app/models/edition/can_be_external.rb
0	31	app/views/admin/consultations/_additional_significant_fields.html.erb
25	0	app/views/admin/consultations/_form.html.erb
7	0	app/views/admin/editions/_external_fields.html.erb

--41bde38349--2013-09-19--Tekin Suleyman
13	0	test/support/model_helpers.rb
1	0	test/unit/consultation_test.rb