--3bffa1f83b--2013-08-29--Matthew Ford
--61f585edd6--2013-08-29--Tekin Suleyman
1	1	test/integration/dft_publication_import_with_json_test.rb
3	3	test/unit/uploader/parsers/date_parser_test.rb

--ef827cbc17--2013-08-29--Tekin Suleyman
0	7	app/helpers/admin/editions_helper.rb
1	1	app/models/document_series.rb
1	6	app/models/publication.rb
0	1	app/validators/recent_date_validator.rb
0	4	app/views/admin/detailed_guides/_edition.html.erb
9	9	app/views/admin/editions/_first_published_at.html.erb
0	1	app/views/admin/publications/_edition.html.erb
1	4	app/views/admin/publications/_form.html.erb
0	3	app/views/admin/publications/_publication_date_fields.html.erb
4	2	app/views/admin/publications/_required_fields_for_imported_editions.html.erb
1	1	features/speed-tagging-editions.feature
3	3	features/step_definitions/import_steps.rb
1	6	features/step_definitions/speed_tagging_steps.rb
1	1	features/support/document_helper.rb
3	3	lib/whitehall/uploader/publication_row.rb
0	71	script/reports/editions_without_policy_report.rb
1	3	test/factories/case_studies.rb
1	3	test/factories/detailed_guides.rb
1	0	test/factories/editions.rb
1	3	test/factories/fatality_notices.rb
0	1	test/factories/publications.rb
2	7	test/factories/statistical_data_sets.rb
1	3	test/factories/worldwide_priorities.rb
6	6	test/functional/admin/publications_controller_test.rb
1	1	test/functional/home_controller_test.rb
17	17	test/functional/organisations_controller_test.rb
10	10	test/functional/policies_controller_test.rb
13	13	test/functional/publications_controller_test.rb
2	2	test/functional/topics_controller_test.rb
14	14	test/functional/world_locations_controller_test.rb
1	0	test/integration/dft_publication_import_with_json_test.rb
4	4	test/support/admin_edition_controller_scheduled_publishing_test_helpers.rb
5	5	test/support/admin_edition_controller_test_helpers.rb
1	1	test/support/organisation_controller_test_helpers.rb
5	5	test/unit/document_series_test.rb
19	36	test/unit/publication_test.rb
1	1	test/unit/topic_test.rb
4	4	test/unit/uploader/publication_row_test.rb

--bb4b1828db--2013-08-29--Matthew Ford
--fc5e019200--2013-08-29--Tekin Suleyman
1	0	db/data_migration/20130829092201_fix_publication_published_timestamps.rb

--aba98a9dd7--2013-08-29--Edd Sowden
4	2	app/assets/stylesheets/frontend/reset/_govuk-overrides.scss

--e6b5a77eff--2013-08-29--Tekin Suleyman
7	2	app/helpers/public_document_routes_helper.rb
16	0	test/unit/helpers/public_document_routes_helper_test.rb

--1d0df6e33e--2013-08-29--Tekin Suleyman
9	2	app/assets/stylesheets/frontend/views/_html-publications.scss

--b8f20d291b--2013-08-29--Bradley Wright
3	0	app/assets/stylesheets/frontend/views/_html-publications.scss

--08fcf75304--2013-08-29--Bradley Wright
--ca2d670f0c--2013-08-29--Tekin Suleyman
1	1	db/schema.rb

--1ebbf44489--2013-08-29--Bradley Wright
--d62cf9998e--2013-08-28--Tekin Suleyman
3	16	app/helpers/public_document_routes_helper.rb

--8aa69eee79--2013-08-28--Tekin Suleyman
14	0	app/assets/stylesheets/frontend/views/_html-publications.scss

--fdcdca1ae9--2013-08-28--Tekin Suleyman
22	7	app/controllers/html_versions_controller.rb
14	0	app/helpers/public_document_routes_helper.rb
3	0	app/views/admin/editions/_show_metadata.html.erb
23	0	test/functional/html_versions_controller_test.rb