--061b07f99a--2013-08-22--Bradley Wright
--7bf900c92b--2013-08-22--Bradley Wright
--1fc6544c63--2013-08-22--Ben Firshman
1	1	test/functional/admin/generic_editions_controller_tests/deleting_documents_test.rb

--4fbbae517b--2013-08-22--Tekin Suleyman
1	1	app/views/admin/attachments/index.html.erb
15	0	features/bulk-upload.feature
45	0	features/step_definitions/bulk_upload_steps.rb
5	0	features/step_definitions/document_steps.rb

--58df3e8c76--2013-08-22--Tekin Suleyman
1	1	app/models/bulk_upload.rb
7	2	test/unit/bulk_upload_test.rb

--7d5e60c121--2013-08-22--Ben Firshman
2	2	app/views/admin/editions/show.html.erb

--7843fbf725--2013-08-22--Matthew Ford
--f915c195fc--2013-08-20--Graham Ashton
0	39	app/models/edition/related_policies.rb
1	16	app/models/edition/topics.rb
0	29	lib/tasks/topics.rake
0	11	test/unit/edition/topics_test.rb

--7871d22057--2013-08-22--Ben Firshman
1	1	app/views/admin/editions/_show_metadata.html.erb

--6df4b3cf57--2013-08-21--Tekin Suleyman
2	2	features/preview-unpublished-editions.feature
2	2	features/step_definitions/document_steps.rb
0	5	features/step_definitions/policy_steps.rb

--63983670fa--2013-08-21--Tekin Suleyman
7	0	app/helpers/document_helper.rb
2	2	features/step_definitions/document_steps.rb
12	0	test/unit/helpers/document_helper_test.rb

--e7615ec3dc--2013-08-15--Ben Firshman
1	0	app/assets/javascripts/admin.js
5	1	app/assets/javascripts/admin/on_ready.js
5	1	app/assets/stylesheets/admin/base.scss
0	3	app/assets/stylesheets/admin/change_notes.scss
0	30	app/assets/stylesheets/admin/document.scss
4	0	app/assets/stylesheets/admin/global/_js-hidden.scss
53	0	app/assets/stylesheets/admin/views/_edition_show.scss
12	20	app/helpers/admin/edition_actions_helper.rb
3	5	app/helpers/admin/editions_helper.rb
1	1	app/helpers/document_helper.rb
0	4	app/models/edition/identifiable.rb
26	0	app/views/admin/editions/_alerts.html.erb
0	219	app/views/admin/editions/_document_preview.html.erb
1	1	app/views/admin/editions/_fact_check_responses.html.erb
30	0	app/views/admin/editions/_history_state.html.erb
0	19	app/views/admin/editions/_inbound_links.html.erb
0	82	app/views/admin/editions/_navigation.html.erb
0	179	app/views/admin/editions/_outbound_links.html.erb
211	0	app/views/admin/editions/_show_metadata.html.erb
1	1	app/views/admin/editions/forbidden.html.erb
64	54	app/views/admin/editions/show.html.erb
2	2	app/views/admin/fact_check_requests/edit.html.erb
0	32	app/views/admin/speeches/_speech_details.html.erb
0	13	features/detailed-guides.feature
0	2	features/non-english-world-location-news.feature
5	11	features/policies.feature
0	36	features/publishing-new-document-editions.feature
2	3	features/speeches.feature
6	5	features/step_definitions/document_sources_steps.rb
17	32	features/step_definitions/document_steps.rb
3	3	features/step_definitions/import_steps.rb
2	2	features/step_definitions/most_recent_editions_steps.rb
1	1	features/step_definitions/news_article_steps.rb
10	5	features/step_definitions/policy_steps.rb
2	2	features/step_definitions/publication_steps.rb
6	11	features/step_definitions/speech_steps.rb
8	9	features/step_definitions/supporting_page_steps.rb
5	3	features/step_definitions/translated_content_steps.rb
1	13	features/step_definitions/world_location_news_article_steps.rb
1	1	features/support/consultation_helper.rb
10	5	features/support/document_helper.rb
1	1	features/translated-content.feature
0	50	test/functional/admin/consultations_controller_test.rb
0	14	test/functional/admin/detailed_guides_controller_test.rb
0	9	test/functional/admin/fatality_notices_controller_test.rb
7	5	test/functional/admin/generic_editions_controller_tests/deleting_documents_test.rb
0	18	test/functional/admin/generic_editions_controller_tests/govspeak_test.rb
20	1	test/functional/admin/generic_editions_controller_tests/revising_documents_test.rb
9	30	test/functional/admin/generic_editions_controller_tests/translation_test.rb
2	20	test/functional/admin/policies_controller_test.rb
0	14	test/functional/admin/publications_controller_test.rb
0	38	test/functional/admin/speeches_controller_test.rb
0	61	test/support/admin_edition_controller_test_helpers.rb
0	18	test/support/admin_edition_world_locations_behaviour.rb
2	2	test/support/css_selectors.rb
0	24	test/support/tests_for_national_applicability.rb
0	11	test/unit/edition/identifiable_test.rb

--ade7d19011--2013-08-12--Ben Firshman
19	6	app/assets/stylesheets/admin/base.scss
0	16	app/assets/stylesheets/admin/document.scss
7	0	app/assets/stylesheets/admin/layout.scss
1	0	app/views/admin/editions/show.html.erb

--e03dc84dbc--2013-08-22--Bradley Wright
--314be453c6--2013-08-22--Tim Abell
1	1	test/support/admin_edition_controller_test_helpers.rb

--acdd648a40--2013-08-22--Bradley Wright
--b4bbdb404d--2013-08-21--Elliot Hughes
2	0	app/assets/javascripts/admin.js
1	0	app/assets/javascripts/admin/preview.js
3	2	app/assets/javascripts/application/convert-html-pub-charts.js
1	0	app/assets/stylesheets/admin.css
1	1	app/assets/stylesheets/frontend/html-publication.scss
0	0	app/assets/stylesheets/{frontend => shared}/helpers/_magna-charta.scss

--6b3479b212--2013-08-22--russell thorn
10	29	app/assets/stylesheets/frontend/views/_organisations.scss
24	23	app/views/organisations/not_live.html.erb
1	1	test/functional/organisations_controller_test.rb

--ed6725b0b7--2013-08-21--Tekin Suleyman
1	1	jenkins-parallel.sh

--ee364af0bb--2013-08-21--Matthew Ford
--74850a7bc2--2013-08-21--Tekin Suleyman
--78fffc62d5--2013-08-21--Bradley Wright
3	1	config/initializers/new_relic.rb

--ce2e524ecc--2013-08-21--Bradley Wright
4	1	Gemfile

--b28e64e555--2013-08-21--russell thorn
13	7	app/assets/stylesheets/admin/layout.scss

--212608f87d--2013-08-21--Bradley Wright
--74a99bba3c--2013-08-21--Elliot Hughes
0	1	app/helpers/govspeak_helper.rb

--df6fa051cf--2013-08-21--Tekin Suleyman
4	2	app/views/admin/document_series_memberships/index.html.erb

--aec61acceb--2013-08-21--Graham Ashton
2	2	test/unit/bulk_upload_test.rb

--3c75f36c5d--2013-08-21--Tekin Suleyman
--65f1d69513--2013-08-20--Tekin Suleyman
0	1	test/functional/admin/case_studies_controller_test.rb
0	1	test/functional/admin/consultations_controller_test.rb
0	1	test/functional/admin/detailed_guides_controller_test.rb
0	1	test/functional/admin/news_articles_controller_test.rb
0	1	test/functional/admin/publications_controller_test.rb
0	1	test/functional/admin/speeches_controller_test.rb
0	1	test/functional/admin/statistical_data_sets_controller_test.rb

--25a74af8eb--2013-08-20--Tekin Suleyman
-	-	app/assets/images/loading-2b2c2d.gif

--3a98dbff13--2013-08-20--Tekin Suleyman
5	5	app/assets/stylesheets/admin/helpers/_document_finder.scss

--5059a9257c--2013-08-20--Tekin Suleyman
1	1	app/assets/stylesheets/admin/base.scss
0	0	app/assets/stylesheets/admin/{document_search.scss => helpers/_document_finder.scss}

--420d4dd6b2--2013-08-20--Tekin Suleyman
4	2	app/views/admin/organisations/document_series.html.erb

--6299072852--2013-08-20--Tekin Suleyman
3	3	app/assets/javascripts/admin/document_finder.js
5	1	app/assets/stylesheets/admin/document_search.scss

--fd180c1605--2013-08-20--Tekin Suleyman
6	0	app/models/edition/has_document_series.rb
14	0	test/unit/edition/has_document_series_test.rb

--ec375bd225--2013-08-19--Tekin Suleyman
2	1	lib/tasks/cucumber.rake
1	1	lib/tasks/test_parallel.rake

--dbf5d2592e--2013-08-19--Tekin Suleyman
0	0	app/views/admin/document_series_memberships/{_series_documents.html.erb => _series_document.html.erb}
1	1	app/views/admin/document_series_memberships/create.js.erb
1	1	app/views/admin/document_series_memberships/destroy.js.erb
1	1	app/views/admin/document_series_memberships/index.html.erb

--0f8259658b--2013-08-12--Tekin Suleyman
13	18	features/document-series.feature
28	62	features/step_definitions/document_series_steps.rb

--ef5671966a--2013-08-19--Tekin Suleyman
1	1	app/views/admin/document_series_memberships/_doc_finder_results.mustache
2	2	test/javascripts/unit/document_finder_test.js

--ae80b9372c--2013-08-19--Tekin Suleyman
3	1	app/views/admin/document_series_memberships/search.json.jbuilder

--d92c71fbe7--2013-08-19--Tekin Suleyman
2	1	app/assets/stylesheets/admin/document_search.scss
6	6	app/views/admin/document_series_memberships/_doc_finder_results.mustache

--c3cfc1aaeb--2013-08-19--Tekin Suleyman
1	0	app/views/admin/document_series_memberships/index.html.erb

--051928aa31--2013-08-19--Tekin Suleyman
4	0	app/controllers/admin/document_series_memberships_controller.rb
0	4	app/controllers/admin/editions_controller.rb
6	1	app/views/admin/document_series_memberships/_doc_finder_results.mustache
1	0	app/views/admin/document_series_memberships/create.js.erb
1	1	app/views/admin/document_series_memberships/index.html.erb
1	0	app/views/admin/{editions => document_series_memberships}/search.json.jbuilder
3	2	config/routes.rb
19	0	test/functional/admin/document_series_memberships_controller_test.rb
0	19	test/functional/admin/editions_controller_test.rb

--aa609c6254--2013-08-19--Tekin Suleyman
0	13	app/views/admin/document_series/_document_series.html.erb
0	18	app/views/admin/document_series/index.html.erb
2	1	app/views/admin/organisations/document_series.html.erb

--dfdd1d6fe7--2013-08-19--Tekin Suleyman
1	0	app/assets/stylesheets/admin/base.scss
22	0	app/assets/stylesheets/admin/document_search.scss
3	3	app/views/admin/document_series_memberships/_doc_finder_results.mustache
6	3	app/views/admin/document_series_memberships/_series_documents.html.erb
4	4	app/views/admin/document_series_memberships/index.html.erb
1	1	test/javascripts/unit/document_finder_test.js

--632daa7423--2013-08-19--Tekin Suleyman
2	1	app/helpers/admin/tabbed_nav_helper.rb

--e1c034c180--2013-08-12--Tekin Suleyman
1	0	Gemfile
4	0	Gemfile.lock
2	0	app/assets/javascripts/admin.js
55	0	app/assets/javascripts/admin/document_finder.js
3	0	app/assets/javascripts/admin/on_ready.js
8	10	app/controllers/admin/document_series_controller.rb
27	0	app/controllers/admin/document_series_memberships_controller.rb
4	0	app/controllers/admin/editions_controller.rb
6	0	app/helpers/admin/tabbed_nav_helper.rb
6	2	app/models/document.rb
1	1	app/views/admin/document_series/_form.html.erb
11	16	app/views/admin/document_series/show.html.erb
24	0	app/views/admin/document_series_memberships/_doc_finder_results.mustache
13	0	app/views/admin/document_series_memberships/_series_documents.html.erb
6	0	app/views/admin/document_series_memberships/create.js.erb
4	0	app/views/admin/document_series_memberships/destroy.js.erb
26	0	app/views/admin/document_series_memberships/index.html.erb
10	0	app/views/admin/editions/search.json.jbuilder
1	0	app/views/layouts/admin.html.erb
4	0	config/routes.rb
37	68	test/functional/admin/document_series_controller_test.rb
40	0	test/functional/admin/document_series_memberships_controller_test.rb
19	0	test/functional/admin/editions_controller_test.rb
55	0	test/javascripts/unit/document_finder_test.js

--9f7ceba5fb--2013-08-16--Tekin Suleyman
6	2	app/models/admin/edition_filter.rb

--c6bb1f1b78--2013-08-14--Tekin Suleyman
0	1	app/views/admin/case_studies/_form.html.erb
0	1	app/views/admin/consultations/_form.html.erb
0	2	app/views/admin/detailed_guides/_form.html.erb
0	1	app/views/admin/news_articles/_form.html.erb
0	1	app/views/admin/publications/_form.html.erb
0	1	app/views/admin/speeches/_form.html.erb
0	1	app/views/admin/statistical_data_sets/_form.html.erb
1	1	test/functional/admin/case_studies_controller_test.rb
1	1	test/functional/admin/consultations_controller_test.rb
1	1	test/functional/admin/detailed_guides_controller_test.rb
1	1	test/functional/admin/news_articles_controller_test.rb
1	1	test/functional/admin/publications_controller_test.rb
1	1	test/functional/admin/speeches_controller_test.rb
1	1	test/functional/admin/statistical_data_sets_controller_test.rb
0	46	test/support/admin_edition_controller_test_helpers.rb

--be19b1c493--2013-08-14--Tekin Suleyman
7	0	app/models/import.rb
0	1	lib/whitehall/uploader/case_study_row.rb
0	1	lib/whitehall/uploader/detailed_guide_row.rb
1	1	lib/whitehall/uploader/publication_row.rb
4	0	lib/whitehall/uploader/row.rb
1	1	lib/whitehall/uploader/statistical_data_set_row.rb
16	1	test/unit/import_test.rb
1	1	test/unit/uploader/case_study_row_test.rb
1	7	test/unit/uploader/detailed_guide_row_test.rb
1	1	test/unit/uploader/publication_row_test.rb

--1a9e61ef50--2013-08-14--Tekin Suleyman
0	1	lib/whitehall/uploader/finders.rb
0	13	lib/whitehall/uploader/finders/document_series_finder.rb
1	1	lib/whitehall/uploader/publication_row.rb
1	1	lib/whitehall/uploader/statistical_data_set_row.rb
0	32	test/unit/uploader/finders/document_series_finder_test.rb
2	3	test/unit/uploader/statistical_data_set_row_test.rb

--420e96b015--2013-08-13--Tekin Suleyman
0	4	app/assets/stylesheets/frontend/views/_document-series.scss
1	8	app/controllers/document_series_controller.rb
2	0	app/models/document.rb
27	33	app/models/document_series.rb
4	0	app/models/document_series_membership.rb
1	10	app/models/edition/has_document_series.rb
1	2	app/models/edition_document_series.rb
0	1	app/models/statistical_data_set.rb
0	14	app/views/document_series/_editions_table.html.erb
12	76	app/views/document_series/show.html.erb
29	0	db/data_migration/20130812130035_migrate_document_series_join_data.rb
18	0	db/migrate/20130812113826_create_document_series_memberships.rb
5	0	db/migrate/20130813114057_drop_document_series_counter_cache.rb
11	1	db/schema.rb
2	2	features/step_definitions/viewing_published_statistical_data_sets_steps.rb
12	69	test/functional/document_series_controller_test.rb
5	10	test/functional/publications_controller_test.rb
4	3	test/functional/statistical_data_sets_controller_test.rb
2	4	test/unit/data_hygiene/document_attachment_repairer_test.rb
25	94	test/unit/document_series_test.rb
8	10	test/unit/edition/has_document_series_test.rb
2	2	test/unit/helpers/document_helper_test.rb
1	1	test/unit/presenters/publicationesque_presenter_test.rb

--004d21cc4e--2013-08-20--Matthew Ford
1	1	Gemfile.lock

--76b3b805ba--2013-08-20--Bradley Wright
--e1f4e425d6--2013-08-20--Matthew Ford
1	1	app/helpers/public_document_routes_helper.rb

--5832dbc960--2013-08-20--Tekin Suleyman
9	11	app/models/bulk_upload.rb

--868bd40225--2013-08-20--Tekin Suleyman
3	6	app/models/bulk_upload.rb

--136a1d5bb7--2013-08-20--rjc123
3	1	lib/whitehall/exporters/document_mappings.rb

--3377e284c9--2013-08-20--Tekin Suleyman
1	2	app/helpers/admin/organisation_helper.rb

--afc4342f25--2013-08-20--Tekin Suleyman
1	1	app/helpers/admin/url_helper.rb

--e539c17331--2013-08-20--Tekin Suleyman
1	1	app/helpers/admin/edition_actions_helper.rb
1	1	app/views/layouts/admin.html.erb

--bc15477b45--2013-08-20--David Heath
5	0	db/migrate/20130820151644_add_index_on_public_timestamp_and_document_id.rb
2	1	db/schema.rb

--8b7cdd0742--2013-08-20--russell thorn
9	0	app/assets/stylesheets/frontend/views/_consultations.scss

--043a5d728b--2013-08-20--russell thorn
1	1	app/helpers/admin/url_helper.rb

--4f6802bfae--2013-08-15--Matthew Ford
1	0	Gemfile
1	0	Gemfile.lock
10	0	app/assets/javascripts/admin/date_filters.js
8	0	app/assets/javascripts/admin/edition_kind_filter.js
5	0	app/assets/stylesheets/admin/document_index.scss
1	1	app/controllers/admin/dashboard_controller.rb
2	2	app/controllers/admin/editions_controller.rb
27	0	app/helpers/admin/edition_actions_helper.rb
65	12	app/models/admin/edition_filter.rb
15	0	app/models/edition.rb
9	0	app/models/news_article.rb
6	2	app/models/news_article_type.rb
9	0	app/models/publication.rb
14	10	app/models/publication_type.rb
10	1	app/models/speech.rb
19	9	app/models/speech_type.rb
1	0	app/views/admin/dashboard/index.html.erb
30	18	app/views/admin/editions/_filter_options.html.erb
18	15	app/views/admin/editions/index.html.erb
1	1	features/admin-filtering-documents.feature
7	0	features/step_definitions/document_steps.rb
2	1	test/functional/admin/editions_controller_test.rb
12	0	test/unit/admin/edition_filter_test.rb

--f63a2a9ba6--2013-08-20--Bradley Wright
--a9c0ea0b26--2013-08-19--Matthew Ford
0	1	app/helpers/public_document_routes_helper.rb
1	1	db/schema.rb
20	12	lib/tasks/export.rake

--02990f7d5f--2013-08-14--Matthew Ford
25	11	app/models/admin/edition_filter.rb
16	2	app/views/admin/editions/index.html.erb

--357e0729f7--2013-08-19--Bradley Wright
--dfc90eb6ce--2013-08-19--Bradley Wright
--f1e8dbcf2c--2013-08-19--Bradley Wright
--0bd1404d94--2013-08-16--Graham Ashton
0	4	app/models/consultation.rb
0	4	app/models/edition.rb
0	11	test/unit/consultation_test.rb

--b6f0c018e7--2013-08-19--David Heath
1	1	lib/whitehall/gov_uk_delivery/notifier.rb
0	7	test/unit/whitehall/gov_uk_delivery/notifier_test.rb

--01443fe6fb--2013-05-22--Matthew Ford
0	2	lib/tasks/export.rake

--7c6610d019--2013-05-22--Matthew Ford
9	0	lib/tasks/export.rake

--2bc524784c--2013-05-22--Matthew Ford
37	2	lib/tasks/export.rake

--d0de2d8213--2013-05-22--Matthew Ford
3	2	app/helpers/public_document_routes_helper.rb

--5e44e2a33f--2013-08-19--russell thorn
2	2	config/locales/en.yml

--7b98149abc--2013-08-19--Bradley Wright
1	1	features/step_definitions/user_steps.rb

--b579575a22--2013-08-19--russell thorn
2	2	features/step_definitions/editorial_remarks.rb
1	3	features/step_definitions/user_steps.rb

--be75a2baa7--2013-08-19--Bradley Wright
--142fccc55c--2013-08-16--Graham Ashton
5	2	app/models/bulk_upload.rb
9	0	test/functional/admin/bulk_uploads_controller_test.rb
29	6	test/unit/bulk_upload_test.rb

--8dca2db60f--2013-08-12--Graham Ashton
4	3	app/controllers/admin/bulk_uploads_controller.rb
1	1	app/models/attachable.rb
4	0	app/models/attachment.rb
58	10	app/models/bulk_upload.rb
7	4	app/views/admin/bulk_uploads/set_titles.html.erb
1	1	test/factories/attachment_data.rb
4	2	test/functional/admin/attachments_controller_test.rb
6	7	test/functional/admin/bulk_uploads_controller_test.rb
2	2	test/unit/attachment_data_test.rb
75	27	test/unit/bulk_upload_test.rb

--31b4e1e2e0--2013-08-14--Graham Ashton
7	6	app/controllers/admin/attachments_controller.rb

--519db9a53a--2013-08-12--Graham Ashton
15	13	app/models/bulk_upload.rb

--75d3e57d65--2013-08-12--Graham Ashton
5	5	app/controllers/admin/bulk_uploads_controller.rb
1	1	app/views/admin/bulk_uploads/new.html.erb

--efabaf4f21--2013-08-12--Graham Ashton
4	3	app/controllers/admin/attachments_controller.rb

--7b46465983--2013-08-19--russell thorn
1	1	features/support/document_helper.rb

--b6d1e3d1f9--2013-08-19--Elliot Hughes
2	1	app/models/organisation.rb

--b3d04e19f7--2013-08-19--Elliot Hughes
17	0	app/views/admin/organisations/_form.html.erb

--7f73d7808b--2013-08-13--Elliot Hughes
9	0	db/migrate/20130813111957_add_fields_to_organisation.rb
6	1	db/schema.rb
40	15	lib/tasks/load_public_bodies_report_csv.rake

--3aeed0162e--2013-08-19--Elliot Hughes
3	0	app/models/organisation.rb

--19474b9447--2013-08-19--russell thorn
2	2	app/assets/javascripts/admin/on_ready.js
0	9	app/helpers/admin/edition_actions_helper.rb
1	1	app/views/layouts/admin.html.erb

--56856f0697--2013-08-15--russell thorn
8	8	app/assets/stylesheets/admin/layout.scss

--44cd3d3259--2013-08-15--russell thorn
1	1	app/views/layouts/admin.html.erb

--7b9203732e--2013-08-15--russell thorn
80	35	app/assets/stylesheets/admin/layout.scss
1	1	app/helpers/admin/edition_actions_helper.rb
0	4	app/views/admin/editions/index.html.erb
9	11	app/views/layouts/admin.html.erb

--ee10874ed3--2013-08-13--russell thorn
2	1	app/assets/javascripts/admin/on_ready.js
144	38	app/assets/stylesheets/admin/layout.scss
1	1	app/helpers/admin/edition_actions_helper.rb
1	1	app/helpers/admin/editions_helper.rb
7	1	app/helpers/admin/url_helper.rb
21	19	app/views/layouts/admin.html.erb

--403ecceb89--2013-08-08--russell thorn
1	1	app/assets/javascripts/admin/create-new.js
26	34	app/assets/stylesheets/admin/layout.scss
2	2	app/helpers/admin/editions_helper.rb
1	1	app/helpers/admin/url_helper.rb
5	5	app/views/layouts/admin.html.erb
1	1	features/support/document_helper.rb