--76b3b805ba--2013-08-20--Bradley Wright
--e1f4e425d6--2013-08-20--Matthew Ford
1	1	app/helpers/public_document_routes_helper.rb

--bc15477b45--2013-08-20--David Heath
5	0	db/migrate/20130820151644_add_index_on_public_timestamp_and_document_id.rb
2	1	db/schema.rb

--8b7cdd0742--2013-08-20--russell thorn
9	0	app/assets/stylesheets/frontend/views/_consultations.scss

--043a5d728b--2013-08-20--russell thorn
1	1	app/helpers/admin/url_helper.rb

--4f6802bfae--2013-08-15--Matthew Ford
1	0	Gemfile
1	0	Gemfile.lock
10	0	app/assets/javascripts/admin/date_filters.js
8	0	app/assets/javascripts/admin/edition_kind_filter.js
5	0	app/assets/stylesheets/admin/document_index.scss
1	1	app/controllers/admin/dashboard_controller.rb
2	2	app/controllers/admin/editions_controller.rb
27	0	app/helpers/admin/edition_actions_helper.rb
65	12	app/models/admin/edition_filter.rb
15	0	app/models/edition.rb
9	0	app/models/news_article.rb
6	2	app/models/news_article_type.rb
9	0	app/models/publication.rb
14	10	app/models/publication_type.rb
10	1	app/models/speech.rb
19	9	app/models/speech_type.rb
1	0	app/views/admin/dashboard/index.html.erb
30	18	app/views/admin/editions/_filter_options.html.erb
18	15	app/views/admin/editions/index.html.erb
1	1	features/admin-filtering-documents.feature
7	0	features/step_definitions/document_steps.rb
2	1	test/functional/admin/editions_controller_test.rb
12	0	test/unit/admin/edition_filter_test.rb

--f63a2a9ba6--2013-08-20--Bradley Wright
--a9c0ea0b26--2013-08-19--Matthew Ford
0	1	app/helpers/public_document_routes_helper.rb
1	1	db/schema.rb
20	12	lib/tasks/export.rake

--02990f7d5f--2013-08-14--Matthew Ford
25	11	app/models/admin/edition_filter.rb
16	2	app/views/admin/editions/index.html.erb

--01443fe6fb--2013-05-22--Matthew Ford
0	2	lib/tasks/export.rake

--7c6610d019--2013-05-22--Matthew Ford
9	0	lib/tasks/export.rake

--2bc524784c--2013-05-22--Matthew Ford
37	2	lib/tasks/export.rake

--d0de2d8213--2013-05-22--Matthew Ford
3	2	app/helpers/public_document_routes_helper.rb