--0d6785b0d2--2013-06-17--Matthew Ford
--ea634f7792--2013-06-14--Tekin Suleyman
--75724a44bc--2013-06-14--Edd Sowden
4	0	app/assets/stylesheets/frontend/helpers/_worldwide-organisation-header.scss
1	1	app/views/people/show.html.erb
3	1	app/views/worldwide_organisations/_header.html.erb
5	1	app/views/worldwide_priorities/activity.html.erb
5	1	app/views/worldwide_priorities/show.html.erb

--ae050e2da5--2013-06-14--Edd Sowden
4	0	app/assets/stylesheets/frontend/helpers/_headings.scss

--72e95be235--2013-06-14--Edd Sowden
1	1	app/views/ministerial_roles/show.html.erb
1	1	app/views/people/show.html.erb

--2f3271a5e6--2013-06-14--Edd Sowden
2	1	app/views/people/index.html.erb

--04db6eb675--2013-06-14--Tekin Suleyman
0	31	test/functional/admin/organisations_controller_test.rb

--b23abbb5da--2013-06-14--Tekin Suleyman
1	2	app/assets/javascripts/common/duplicate_fields.js

--4c865d1e47--2013-06-14--Tekin Suleyman
2	2	app/views/admin/organisations/_form.html.erb
1	1	app/views/admin/organisations/show.html.erb
5	0	features/administering-organisations.feature
20	0	features/step_definitions/organisation_steps.rb
6	0	features/support/path_helper.rb

--324270ca6c--2013-06-14--Tekin Suleyman
2	20	app/controllers/admin/organisations_controller.rb
1	18	app/controllers/admin/world_locations_controller.rb
1	1	app/models/organisation.rb
1	1	app/models/world_location.rb
9	9	app/views/admin/shared/_mainstream_link_fields.html.erb
0	16	test/functional/admin/organisations_controller_test.rb
0	15	test/functional/admin/world_locations_controller_test.rb

--3b8145d787--2013-06-14--Tekin Suleyman
0	88	app/assets/javascripts/admin/promotional_features.js
45	2	app/assets/javascripts/common/duplicate_fields.js
1	6	app/assets/stylesheets/admin/forms.scss
1	14	app/controllers/admin/fatality_notices_controller.rb
1	1	app/models/fatality_notice.rb
4	1	app/models/promotional_feature_item.rb
2	1	app/views/admin/fatality_notices/_form.html.erb
4	2	app/views/admin/promotional_feature_items/_form_fields.html.erb
0	18	test/functional/admin/fatality_notices_controller_test.rb
88	4	test/javascripts/unit/duplicate_fields_test.js
0	77	test/javascripts/unit/promotional_features_test.js
8	0	test/unit/promotional_feature_item_test.rb

--d999143262--2013-06-13--Tekin Suleyman
1	5	app/models/mainstream_link.rb
1	1	app/models/organisation.rb
1	1	app/models/world_location.rb
0	21	test/functional/organisations_controller_test.rb
0	19	test/functional/world_locations_controller_test.rb
4	8	test/unit/mainstream_link_test.rb
13	0	test/unit/organisation_test.rb
13	0	test/unit/world_location_test.rb

--3b45f2c380--2013-06-13--Tekin Suleyman
2	0	app/models/mainstream_link.rb
1	5	app/models/organisation.rb
1	6	app/models/world_location.rb
17	0	db/data_migration/20130613083511_make_mainstream_links_polymorphic.rb
12	0	db/migrate/20130613083527_make_mainstream_links_polymorphic.rb
6	1	db/schema.rb
0	0	test/factories/{mainstream_link.rb => mainstream_links.rb}
0	6	test/factories/organisation_mainstream_links.rb
0	6	test/factories/world_location_mainstream_links.rb
2	2	test/functional/admin/organisations_controller_test.rb
2	2	test/functional/admin/world_locations_controller_test.rb
6	7	test/functional/organisations_controller_test.rb
8	11	test/functional/world_locations_controller_test.rb

--25550cf1bb--2013-06-13--Tekin Suleyman
7	2	features/step_definitions/organisation_steps.rb
2	2	test/factories/mainstream_categories.rb

--594af87a04--2013-06-12--Tekin Suleyman
2	2	app/controllers/admin/organisations_controller.rb
84	189	test/functional/admin/organisations_controller_test.rb

--48c3c4d593--2013-05-22--Tekin Suleyman
14	14	features/administering-organisations.feature
24	0	features/step_definitions/organisation_steps.rb
1	1	features/support/organisation_types.rb

--e6d94caf61--2013-06-12--Tekin Suleyman
15	42	app/controllers/admin/organisations_controller.rb
2	2	app/views/admin/organisations/_form.html.erb
7	4	test/functional/admin/organisations_controller_test.rb

--91a74c1702--2013-06-14--David Heath
1	1	.yardopts

--3a15d07467--2013-06-14--David Heath
2	1	.gitignore
0	0	{doc => docs}/misc/govuk-exemption-list.csv
0	0	{doc => docs}/misc/guidelines-for-translators.md
0	0	{doc => docs}/misc/inside-government-i18n-notes.md

--3b50663934--2013-06-14--David Heath
4	3	README.md

--11e012773f--2013-06-14--Matthew Ford
0	2	doc/README_FOR_APP

--16495bc363--2013-06-13--Matthew Ford
61	50	app/models/edition.rb

--fae29ef2b1--2013-06-13--Matthew Ford
6	5	app/models/edition.rb

--f0b107779d--2013-06-13--Matthew Ford
2	0	app/models/document.rb

--f781b3e031--2013-06-13--Matthew Ford
0	1	.gitignore
1	1	.yardopts
0	0	doc/{ => misc}/govuk-exemption-list.csv
0	0	guidelines-for-translators.md => doc/misc/guidelines-for-translators.md
0	0	inside-government-i18n-notes.md => doc/misc/inside-government-i18n-notes.md

--fb22f6455a--2013-06-13--Matthew Ford
7	0	README.md

--45d267558b--2013-06-13--Matthew Ford
1	0	app/models/announcement.rb
1	0	app/models/classification.rb
1	0	app/models/edition.rb
1	0	app/models/newsesque.rb
1	0	app/models/policy_group.rb
1	0	app/models/publicationesque.rb
1	0	app/models/role.rb

--ab0a540252--2013-06-13--Matthew Ford
1	1	.yardopts

--dea43dd8aa--2013-06-13--Matthew Ford
2	0	.gitignore
1	0	.yardopts
0	0	doc/guidelines-for-translators.md => guidelines-for-translators.md
0	0	doc/inside-government-i18n-notes.md => inside-government-i18n-notes.md