--74f3cdbcca--2013-05-01--Chris Parsons
--f8fbd67f14--2013-05-01--Murray Steele
--1ddebec66a--2013-04-30--Murray Steele
7	41	app/controllers/admin/contacts_controller.rb
67	0	app/controllers/admin/home_page_list_controller.rb
16	51	app/controllers/admin/worldwide_offices_controller.rb

--2a046b6d61--2013-04-30--Murray Steele
25	21	app/views/admin/worldwide_offices/index.html.erb
4	4	features/step_definitions/worldwide_organisation_steps.rb

--83c562480a--2013-04-30--Murray Steele
3	0	app/models/contact.rb
15	0	app/models/home_page_list.rb
3	0	app/models/worldwide_office.rb
10	0	test/unit/contact_test.rb
19	0	test/unit/home_page_list_test.rb
11	0	test/unit/worldwide_office_test.rb

--5a513cb5ed--2013-04-30--Murray Steele
10	0	app/helpers/admin/worldwide_organisations_helper.rb
42	41	app/views/admin/worldwide_offices/_worldwide_office.html.erb
1	14	app/views/admin/worldwide_offices/index.html.erb

--fbf02cb45b--2013-04-30--Murray Steele
5	0	app/views/admin/worldwide_offices/_worldwide_office.html.erb
14	2	features/step_definitions/contact_and_office_featuring_steps.rb

--b4db3e7e09--2013-04-30--Murray Steele
1	1	app/controllers/worldwide_organisations_controller.rb
6	0	app/models/worldwide_organisation.rb
6	2	app/views/admin/worldwide_offices/_form.html.erb
3	1	app/views/admin/worldwide_offices/_worldwide_office.html.erb
5	0	app/views/admin/worldwide_offices/index.html.erb
1	1	app/views/worldwide_organisations/show.html.erb
1	1	features/managing-contact-details-on-homepages.feature
4	2	features/step_definitions/contact_and_office_featuring_steps.rb
26	14	test/functional/admin/worldwide_offices_controller_test.rb
1	0	test/support/organisation_controller_test_helpers.rb
25	2	test/unit/worldwide_organisation_test.rb

--0acf412cbe--2013-04-30--Murray Steele
49	1	app/controllers/admin/worldwide_offices_controller.rb
8	0	app/models/worldwide_organisation.rb
7	0	app/views/admin/worldwide_offices/_form.html.erb
8	0	app/views/admin/worldwide_offices/_worldwide_office.html.erb
51	19	app/views/admin/worldwide_offices/index.html.erb
5	0	config/routes.rb
21	4	features/step_definitions/contact_and_office_featuring_steps.rb
194	0	test/functional/admin/worldwide_offices_controller_test.rb
62	0	test/unit/worldwide_organisation_test.rb

--eb214d9072--2013-04-29--Murray Steele
1	1	app/controllers/admin/access_and_opening_times_controller.rb
7	3	app/controllers/admin/worldwide_offices_controller.rb
1	1	app/controllers/admin/worldwide_organisations_controller.rb
1	1	app/helpers/admin/worldwide_organisations_helper.rb
1	1	app/views/admin/worldwide_offices/edit.html.erb
0	0	app/views/admin/{worldwide_organisations/offices.html.erb => worldwide_offices/index.html.erb}
1	2	config/routes.rb
1	1	features/step_definitions/worldwide_organisation_steps.rb
2	2	test/functional/admin/access_and_opening_times_controller_test.rb
1	1	test/functional/admin/worldwide_organisations_controller_test.rb

--17c147d434--2013-04-29--Murray Steele
51	0	app/models/home_page_list.rb
4	28	app/models/organisation.rb

--5ac62ca486--2013-04-29--Murray Steele
18	7	features/step_definitions/contact_and_office_featuring_steps.rb

--5a211e101a--2013-04-29--Murray Steele
19	0	app/controllers/admin/contacts_controller.rb
13	0	app/models/home_page_list.rb
3	0	app/models/organisation.rb
33	0	app/views/admin/contacts/index.html.erb
1	1	app/views/organisations/show.html.erb
1	0	config/routes.rb
16	3	features/step_definitions/contact_and_office_featuring_steps.rb
36	0	test/functional/admin/contacts_controller_test.rb
41	0	test/unit/home_page_list_test.rb
11	0	test/unit/organisation_test.rb

--70407f83c8--2013-04-29--Murray Steele
13	1	app/controllers/admin/contacts_controller.rb
8	0	app/views/admin/contacts/_contact.html.erb
6	1	config/routes.rb
24	0	test/functional/admin/contacts_controller_test.rb

--4c72f891a5--2013-04-29--Murray Steele
17	0	app/controllers/admin/contacts_controller.rb
3	0	app/views/admin/contacts/_contact.html.erb
10	0	app/views/admin/contacts/_form.html.erb
5	2	features/step_definitions/contact_and_office_featuring_steps.rb
88	0	test/functional/admin/contacts_controller_test.rb

--c3a637bfcb--2013-04-29--Murray Steele
29	0	app/models/organisation.rb
52	0	test/unit/organisation_test.rb

--a2774b5ee4--2013-04-29--Murray Steele
12	0	app/models/home_page_list.rb
42	0	test/unit/home_page_list_test.rb

--301579ba7b--2013-04-26--Murray Steele
13	0	app/models/home_page_list.rb
31	0	test/unit/home_page_list_test.rb

--a9d73468bc--2013-04-26--Murray Steele
25	0	app/models/home_page_list.rb
6	0	app/models/home_page_list_item.rb
20	0	db/migrate/20130425152818_add_home_page_lists.rb
23	0	db/schema.rb
7	0	test/factories/home_page_list_items.rb
6	0	test/factories/home_page_lists.rb
13	0	test/unit/home_page_list_item_test.rb
61	0	test/unit/home_page_list_test.rb

--84d03c5961--2013-04-26--Murray Steele
33	0	features/managing-contact-details-on-homepages.feature
96	0	features/step_definitions/contact_and_office_featuring_steps.rb
4	1	test/factories/worldwide_offices.rb

--51530fb320--2013-04-26--Murray Steele
10	12	app/views/admin/organisation_translations/index.html.erb
14	13	app/views/admin/worldwide_organisations/access_info.html.erb
22	21	app/views/admin/worldwide_organisations/offices.html.erb
30	29	app/views/admin/worldwide_organisations/show.html.erb
30	29	app/views/admin/worldwide_organisations_translations/index.html.erb

--386b5c0727--2013-04-26--Murray Steele
11	10	app/helpers/admin/tabbed_nav_helper.rb
7	5	app/views/admin/contacts/index.html.erb
24	23	app/views/admin/corporate_information_pages/index.html.erb
44	43	app/views/admin/featured_topics_and_policies_lists/show.html.erb
29	28	app/views/admin/groups/index.html.erb
32	31	app/views/admin/organisation_translations/index.html.erb
4	2	app/views/admin/organisations/about.html.erb
9	9	app/views/admin/organisations/document_series.html.erb
24	23	app/views/admin/organisations/documents.html.erb
57	57	app/views/admin/organisations/people.html.erb
3	4	app/views/admin/organisations/show.html.erb
7	5	app/views/admin/social_media_accounts/index.html.erb

--7b9af73ab7--2013-04-25--Murray Steele
8	0	app/views/admin/contacts/_embed_details_for_form.html.erb
1	1	app/views/admin/contacts/_form.html.erb
1	0	app/views/admin/worldwide_offices/_form.html.erb
4	0	app/views/admin/worldwide_offices/_worldwide_office.html.erb
1	0	app/views/admin/worldwide_organisations/offices.html.erb

--23636d839e--2013-04-30--Bradley Wright
33	30	config/routes.rb