--1e37ada847--2013-03-06--Chris Parsons
--8f30a4276f--2013-03-06--Tekin Suleyman
2	1	app/models/import.rb
33	0	features/importing-new-editions.feature
17	3	features/step_definitions/import_steps.rb
1	0	lib/whitehall/uploader.rb
35	0	lib/whitehall/uploader/case_study_row.rb
0	6	lib/whitehall/uploader/detailed_guide_row.rb
6	0	lib/whitehall/uploader/row.rb
66	0	test/unit/uploader/case_study_row_test.rb

--61a2a82ed3--2013-03-06--Tekin Suleyman
1	35	lib/whitehall/uploader/consultation_row.rb
1	41	lib/whitehall/uploader/detailed_guide_row.rb
4	31	lib/whitehall/uploader/fatality_notice_row.rb
1	44	lib/whitehall/uploader/news_article_row.rb
1	41	lib/whitehall/uploader/publication_row.rb
45	3	lib/whitehall/uploader/row.rb
1	38	lib/whitehall/uploader/speech_row.rb
0	61	test/unit/uploader/consultation_row_test.rb
9	59	test/unit/uploader/detailed_guide_row_test.rb
6	48	test/unit/uploader/fatality_notice_row_test.rb
2	57	test/unit/uploader/news_article_row_test.rb
0	49	test/unit/uploader/publication_row_test.rb
90	0	test/unit/uploader/row_test.rb
0	49	test/unit/uploader/speech_row_test.rb

--444527f9c3--2013-03-06--Matthew Ford
1	1	app/helpers/govspeak_helper.rb

--9ccddff580--2013-03-06--Chris Parsons
4	0	lib/whitehall/exporters/document_mappings.rb
1	0	test/unit/whitehall/exporters/document_mappings_test.rb

--fad5ce817f--2013-03-06--Edd Sowden
6	1	app/controllers/admin/editions_controller.rb
6	0	test/functional/admin/editions_controller_test.rb

--3738cb3584--2013-03-06--Bradley Wright
1	1	config/locales/es-419.yml

--f1219b2537--2013-03-06--Edd Sowden
0	2	app/assets/javascripts/application/stick_at_top_when_scrolling.js

--9cecc473cd--2013-03-06--Murray Steele
--750fb3d14d--2013-03-06--Murray Steele
--522f69fc93--2013-03-06--Tekin Suleyman
17	3	lib/whitehall/uploader.rb
0	2	lib/whitehall/uploader/builders/attachment_builder.rb
0	2	lib/whitehall/uploader/builders/edition_organisation_builder.rb
0	5	lib/whitehall/uploader/consultation_row.rb
0	5	lib/whitehall/uploader/detailed_guide_row.rb
0	4	lib/whitehall/uploader/fatality_notice_row.rb
7	1	lib/whitehall/uploader/finders.rb
0	2	lib/whitehall/uploader/finders/operational_field_finder.rb
0	2	lib/whitehall/uploader/finders/organisation_finder.rb
0	5	lib/whitehall/uploader/news_article_row.rb
1	0	lib/whitehall/uploader/parsers.rb
0	2	lib/whitehall/uploader/parsers/date_parser.rb
2	2	lib/whitehall/uploader/parsers/old_url_parser.rb
0	2	lib/whitehall/uploader/parsers/relative_to_absolute_links.rb
0	5	lib/whitehall/uploader/parsers/summarise_body.rb
0	5	lib/whitehall/uploader/publication_row.rb
0	2	lib/whitehall/uploader/row.rb
0	2	lib/whitehall/uploader/speech_row.rb
0	5	lib/whitehall/uploader/statistical_data_set_row.rb
1	1	test/unit/import_test.rb
3	7	test/unit/uploader/consultation_row_test.rb
0	3	test/unit/uploader/detailed_guide_row_test.rb
0	3	test/unit/uploader/fatality_notice_row_test.rb
1	4	test/unit/uploader/heading_validator_test.rb
0	4	test/unit/uploader/news_article_row_test.rb
1	2	test/unit/uploader/parsers/old_url_parser_test.rb
2	6	test/unit/uploader/parsers/relative_to_absolute_links_test.rb
4	2	test/unit/uploader/parsers/summarise_body_test.rb
0	4	test/unit/uploader/publication_row_test.rb
2	6	test/unit/uploader/statistical_data_set_row_test.rb

--c67f5b939c--2013-03-06--Chris Parsons
1	1	lib/whitehall/exporters/document_mappings.rb
16	0	test/unit/whitehall/exporters/document_mappings_test.rb

--4b24f7813d--2013-03-06--Matthew Ford
1	1	config/application.rb
1	0	config/locales/en.yml
280	0	config/locales/es-419.yml

--79e65f8a74--2013-03-06--Chris Parsons
--d5a3d36889--2013-03-06--Chris Parsons
--79dd68fe99--2013-03-06--Chris Parsons
2	1	app/assets/stylesheets/admin/document.scss

--452a511c7b--2013-03-06--russell thorn
1	1	test/functional/announcements_controller_test.rb
1	1	test/functional/policies_controller_test.rb
2	2	test/unit/presenters/announcement_presenter_test.rb
2	2	test/unit/speech_test.rb

--45424cb388--2013-03-06--russell thorn
1	1	app/models/speech.rb
1	1	app/views/home/how_government_works.html.erb

--6182d1676f--2013-03-06--Edd Sowden
1	0	app/assets/javascripts/application/document_filter.js
6	4	test/javascripts/unit/document_filter_test.js

--0f4e6db16b--2013-03-05--russell thorn
3	0	app/assets/stylesheets/frontend/helpers/_document-page-header.scss

--041d4b9de2--2013-03-05--Matthew Ford
5	0	app/models/news_article.rb
1	0	test/functional/admin/news_articles_controller_test.rb
0	1	test/functional/news_articles_controller_test.rb

--b55a0d8fe3--2013-03-05--Tekin Suleyman
2	2	lib/whitehall/uploader/parsers/old_url_parser.rb
2	1	test/unit/uploader/parsers/old_url_parser_test.rb

--7cbf90598c--2013-03-05--Edd Sowden
9	8	app/assets/stylesheets/frontend/helpers/_govspeak.scss
1	0	app/assets/stylesheets/frontend/print.scss
1	1	app/helpers/admin/admin_govspeak_helper.rb
13	7	app/helpers/govspeak_helper.rb
7	0	test/unit/helpers/govspeak_helper_test.rb

--6335d24e2f--2013-03-05--Matthew Ford
2	2	app/presenters/role_presenter.rb

--1623fdab04--2013-03-05--Matthew Ford
2	2	app/presenters/person_presenter.rb

--db5c439bcd--2013-02-28--Matthew Ford
1	0	app/controllers/admin/news_articles_controller.rb
4	0	app/models/news_article.rb
3	0	app/views/admin/news_articles/_form.html.erb
32	2	app/views/news_articles/show.html.erb
1	0	test/functional/news_articles_controller_test.rb