--8888ef96e8--2013-02-25--Chris Roos
--b95abc6c7c--2013-02-25--Tom Ward
--4d53cbcead--2013-02-25--Edd Sowden
13	6	app/views/admin/contacts/_contact.html.erb
13	6	app/views/admin/worldwide_offices/_worldwide_office.html.erb

--ec444f56f7--2013-02-25--Bradley Wright
--6587ab04c6--2013-02-25--Murray Steele
3	0	app/models/corporate_information_page_type.rb
2	1	test/unit/corporate_information_page_test.rb

--784946d9de--2013-02-25--Edd Sowden
1	1	app/assets/javascripts/common/jquery.enhanceYoutubeVideoLinks.js

--db6185cd65--2013-02-25--Edd Sowden
31	75	app/assets/stylesheets/frontend/views/_organisations.scss
6	7	app/views/contacts/_contact.html.erb
1	4	app/views/organisations/show.html.erb

--ad16591bde--2013-02-25--James Adam
20	0	features/step_definitions/translated_content_steps.rb
9	0	features/translated-content.feature

--07f83dc35c--2013-02-25--Murray Steele
23	0	db/data_migration/20130225113433_add_even_more_world_locations.rb

--7840012590--2013-02-25--James Adam
5	1	app/helpers/localised_url_path_helper.rb
3	9	app/models/edition/translatable.rb
1	4	app/models/world_location.rb
0	4	app/models/worldwide_office.rb
1	4	app/models/worldwide_organisation.rb
13	0	lib/translatable_model.rb
10	0	test/unit/helpers/localised_url_path_helper_test.rb

--86007c6f1d--2013-02-25--Bradley Wright
--14ddc24324--2013-02-25--Murray Steele
1	1	app/models/document.rb
8	0	app/models/import.rb
7	0	test/unit/document_test.rb
32	0	test/unit/import_test.rb

--da3c094a89--2013-02-22--James Mead
8	2	app/controllers/admin/edition_translations_controller.rb
8	2	app/controllers/admin/world_location_translations_controller.rb
8	2	app/controllers/admin/worldwide_organisations_translations_controller.rb

--42343c8081--2013-02-22--James Mead
7	2	app/controllers/admin/edition_translations_controller.rb
2	1	app/models/edition/translatable.rb
3	0	app/views/admin/editions/_document_preview.html.erb
1	1	config/routes.rb
12	1	test/functional/admin/edition_translations_controller_test.rb
25	0	test/functional/admin/worldwide_priorities_controller_test.rb
10	0	test/unit/edition_test.rb

--661ace9f1f--2013-02-22--James Mead
6	6	app/views/admin/editions/_document_preview.html.erb
2	2	test/functional/admin/worldwide_priorities_controller_test.rb

--b73aa43163--2013-02-22--James Mead
1	1	app/views/admin/editions/_document_preview.html.erb
6	6	test/functional/admin/worldwide_priorities_controller_test.rb

--967d9f4525--2013-02-22--James Mead
1	1	app/views/admin/editions/_document_preview.html.erb
12	6	test/functional/admin/worldwide_priorities_controller_test.rb

--cb27410fbd--2013-02-22--James Mead
1	4	app/models/world_location.rb
2	4	app/models/worldwide_organisation.rb
5	0	lib/translatable.rb
7	0	test/unit/world_location_test.rb
7	0	test/unit/worldwide_organisation_test.rb

--ed88281180--2013-02-22--James Mead
5	0	app/controllers/admin/worldwide_organisations_translations_controller.rb
4	0	app/models/worldwide_organisation.rb
4	0	app/views/admin/worldwide_organisations_translations/index.html.erb
20	0	test/functional/admin/worldwide_organisations_translations_controller_test.rb

--1e17439cf0--2013-02-22--James Mead
5	0	app/controllers/admin/world_location_translations_controller.rb
4	0	app/models/world_location.rb
4	0	app/views/admin/world_location_translations/index.html.erb
18	0	test/functional/admin/world_location_translations_controller_test.rb

--bb5ac28152--2013-02-25--Sam J Sharpe
4	0	app/controllers/healthcheck_controller.rb
1	0	config/routes.rb

--547e9fc0f4--2013-02-25--Edd Sowden
14	8	app/assets/javascripts/common/jquery.enhanceYoutubeVideoLinks.js
13	0	test/javascripts/unit/enhance_youtube_videos_test.js

--9efc5f1819--2013-02-25--Murray Steele
0	1	test/functional/publications_controller_test.rb

--0df9a429f8--2013-02-22--Bradley Wright
1	1	Gemfile
1	1	Gemfile.lock

--e98cbbbea7--2013-02-22--James Adam
4	0	app/assets/stylesheets/frontend/views/_world_locations.scss
4	0	app/assets/stylesheets/frontend/views/_worldwide_organisations.scss
2	0	app/controllers/public_facing_controller.rb
8	2	app/helpers/document_helper.rb
14	0	app/helpers/localised_url_path_helper.rb
4	0	app/models/world_location.rb
4	0	app/models/worldwide_office.rb
4	0	app/models/worldwide_organisation.rb
1	13	app/views/documents/_header.html.erb
13	0	app/views/shared/_available_languages.html.erb
1	0	app/views/world_locations/show.html.erb
1	0	app/views/worldwide_organisations/show.html.erb
2	2	features/administering-world-locations.feature
2	2	features/administering-worldwide-organisations.feature
2	1	features/step_definitions/world_location_steps.rb
5	7	features/step_definitions/worldwide_organisation_steps.rb
5	1	lib/locale.rb
36	0	test/unit/helpers/localised_url_path_helper_test.rb