--1d5cc11a30--2013-01-07--Edd Sowden
--0f3a9357c3--2013-01-07--russell thorn
3	3	app/assets/stylesheets/frontend/helpers/_change-notes.scss
4	1	app/assets/stylesheets/frontend/views/_detailed_guides.scss

--e3ab6e2776--2013-01-07--russell thorn
0	1	app/assets/stylesheets/frontend/views/_organisations.scss

--d464616c6f--2013-01-04--Chris Parsons
4	0	app/models/organisation.rb
1	1	app/views/admin/editions/_speed_tagging.html.erb
1	1	features/speed-tagging-editions.feature
2	2	features/step_definitions/policy_steps.rb

--631d5f56b6--2013-01-04--Chris Parsons
3	1	app/helpers/admin/edition_actions_helper.rb
6	2	app/models/edition.rb
0	4	app/models/edition/access_control.rb
1	1	app/views/admin/editions/_navigation.html.erb
13	1	app/views/admin/editions/_speed_tagging.html.erb
2	6	app/views/admin/editions/show.html.erb
1	1	features/step_definitions/import_steps.rb
0	19	test/unit/edition/access_control_test.rb
17	8	test/unit/edition_test.rb

--3be802fe9f--2013-01-04--Chris Parsons
2	2	app/views/admin/editions/_speed_tagging.html.erb

--45e20979a9--2013-01-04--Bradley Wright
8	5	app/helpers/organisation_helper.rb
9	0	test/unit/helpers/organisation_helper_test.rb

--e4cd6d92cc--2013-01-04--Chris Parsons
2	2	features/step_definitions/minister_steps.rb

--0ce3055d6e--2013-01-04--Chris Parsons
5	0	app/models/organisation.rb
1	1	app/views/admin/editions/_speed_tagging.html.erb

--7dc2e30738--2013-01-04--Chris Parsons
5	0	app/models/role_appointment.rb
14	0	app/views/admin/editions/_speed_tagging.html.erb
7	0	features/speed-tagging-editions.feature
5	5	features/step_definitions/minister_steps.rb
4	4	features/step_definitions/speed_tagging_steps.rb
20	0	features/support/role_appointments_helper.rb
4	1	test/factories/editions.rb
1	0	test/factories/news_articles.rb
14	0	test/unit/role_appointment_test.rb

--7f52eaf4f3--2013-01-04--Chris Parsons
5	0	app/views/admin/editions/_speed_tagging.html.erb
7	2	features/speed-tagging-editions.feature
5	3	features/step_definitions/speed_tagging_steps.rb

--39e8b2c932--2013-01-04--Chris Parsons
5	3	features/editing-topics.feature
8	0	features/importing-new-editions.feature
1	0	features/speed-tagging-editions.feature
4	3	features/topical_events.feature
1	1	features/user_administration.feature

--509d06cb57--2013-01-04--Edd Sowden
--6f73744fb0--2013-01-04--Chris Parsons
3	3	app/views/admin/speeches/_additional_significant_fields.html.erb
1	1	features/step_definitions/document_steps.rb
4	4	features/step_definitions/policy_steps.rb
2	2	features/step_definitions/publication_steps.rb
1	1	features/step_definitions/speech_steps.rb
1	1	features/support/consultation_helper.rb

--7a65903430--2013-01-03--Chris Parsons
0	6	app/helpers/column_helper.rb
0	33	test/unit/helpers/column_helper_test.rb

--8dc2222c55--2013-01-03--Chris Parsons
0	4	features/speed-tagging-editions.feature

--92127cae10--2013-01-03--Chris Parsons
2	2	app/views/admin/editions/_speed_tagging.html.erb

--358969213f--2013-01-03--Chris Parsons
10	12	app/views/admin/editions/_publication_type_fields.html.erb
2	1	app/views/admin/editions/_speed_tagging.html.erb
3	1	app/views/admin/publications/_additional_significant_fields.html.erb
1	0	app/views/admin/publications/_required_fields_for_imported_editions.html.erb
1	1	features/step_definitions/speed_tagging_steps.rb
1	0	test/factories/publications.rb
1	0	test/factories/speeches.rb

--7a36230e3a--2013-01-03--Chris Parsons
6	1	app/assets/stylesheets/admin/sidebar.scss
1	1	app/helpers/admin/edition_actions_helper.rb
165	0	app/views/admin/editions/_document_preview.html.erb
7	3	app/views/admin/editions/_navigation.html.erb
1	0	app/views/admin/editions/_required_fields_for_imported_editions.html.erb
41	0	app/views/admin/editions/_speed_tagging.html.erb
46	214	app/views/admin/editions/show.html.erb
3	6	app/views/admin/speeches/_additional_significant_fields.html.erb
2	0	app/views/admin/speeches/_delivered_by_fields.html.erb
2	0	app/views/admin/speeches/_delivered_on_fields.html.erb
8	0	app/views/admin/speeches/_required_fields_for_imported_editions.html.erb
2	0	app/views/admin/speeches/_speech_type_fields.html.erb

--b69fadb958--2013-01-02--Chris Parsons
3	2	app/assets/stylesheets/admin/sidebar.scss
7	6	app/views/admin/editions/_navigation.html.erb
11	11	app/views/admin/editions/show.html.erb

--56473daea5--2013-01-02--Chris Parsons
32	14	app/views/admin/editions/show.html.erb
4	1	features/speed-tagging-editions.feature
11	3	features/step_definitions/speed_tagging_steps.rb

--66fa882fbd--2013-01-02--Chris Parsons
8	1	app/assets/stylesheets/admin/sidebar.scss
6	0	app/helpers/column_helper.rb
2	6	app/views/admin/editions/_navigation.html.erb
34	30	app/views/admin/editions/show.html.erb
9	0	app/views/admin/speeches/_additional_significant_fields.html.erb
0	9	app/views/admin/speeches/_form.html.erb
1	1	app/views/admin/speeches/_speech_details.html.erb
34	0	features/speed-tagging-editions.feature
19	0	features/step_definitions/speed_tagging_steps.rb
7	0	features/support/organisation_helper.rb
33	0	test/unit/helpers/column_helper_test.rb

--147d303d55--2013-01-04--Chris Parsons
1	1	db/migrate/20130102171246_migrate_notes_to_editors_on_edition.rb

--c8e05b3da2--2013-01-04--Chris Parsons
2	2	db/migrate/20130102171246_migrate_notes_to_editors_on_edition.rb

--fc0a5cf3d3--2013-01-02--russell thorn
6	8	app/assets/stylesheets/frontend/views/_organisations.scss

--653dc3b650--2013-01-02--russell thorn
0	16	app/assets/stylesheets/frontend/helpers/_corporate-information.scss
22	0	app/assets/stylesheets/frontend/views/_organisations.scss
4	0	app/views/organisations/_corporate_information.html.erb
18	20	app/views/organisations/show.html.erb

--765ec52207--2012-12-21--russell thorn
58	27	app/assets/stylesheets/frontend/views/_organisations.scss
1	5	app/views/organisations/_corporate_information.html.erb
63	65	app/views/organisations/show.html.erb