--a127c4a652--2012-10-16--russell thorn
--a1a4d168f7--2012-10-15--russell thorn
14	0	app/assets/stylesheets/admin/forms.scss
1	1	app/helpers/admin/audit_trail_helper.rb
5	8	app/helpers/admin/editions_helper.rb
7	0	app/views/admin/editions/_change_notes.html.erb
2	2	features/step_definitions/policy_steps.rb
1	1	features/support/document_helper.rb
0	1	features/viewing-published-policies.feature

--f3453bbedc--2012-10-16--Mark Hurrell
90	1	app/assets/stylesheets/frontend/helpers/_organisations.scss

--080149d791--2012-10-16--Bradley Wright
5	3	app/assets/stylesheets/frontend/views/_speeches.scss

--50bd9194b1--2012-10-16--Edd Sowden
1	0	app/assets/stylesheets/frontend/views/_organisations.scss

--819bd08d53--2012-10-16--Edd Sowden
2	58	app/assets/stylesheets/frontend/helpers/_organisations.scss
21	21	app/assets/stylesheets/frontend/styleguide/_colours.scss
5	172	app/assets/stylesheets/frontend/views/_organisations.scss

--8b83bfab80--2012-10-16--David Heath
--654875298c--2012-10-16--Edd Sowden
10	1	app/assets/javascripts/application/stick_at_top_when_scrolling.js
2	2	app/assets/stylesheets/frontend/views/_people.scss

--3d3d706ff8--2012-10-15--Bradley Wright
2	1	app/assets/stylesheets/frontend/views/_organisations.scss

--d79b404cf8--2012-10-15--Bradley Wright
2	2	app/assets/stylesheets/frontend/views/_organisations.scss

--701d5fa6a5--2012-10-12--David Heath
21	3	app/helpers/govspeak_helper.rb
1	0	test/functional/api/detailed_guide_presenter_test.rb
9	2	test/unit/helpers/govspeak_helper_test.rb

--7e0c65e318--2012-10-14--Chris Parsons
0	1	app/controllers/application_controller.rb
3	4	app/controllers/ministerial_roles_controller.rb
0	1	app/models/news_article.rb
1	14	test/functional/ministerial_roles_controller_test.rb

--be07654d38--2012-10-14--Chris Parsons
22	0	db/migrate/20121012140741_convert_news_article_roles_to_appointment_associations.rb

--cfb220bbe9--2012-10-12--Chris Parsons
0	7	db/schema.rb

--3d748f0c1f--2012-10-12--Chris Parsons
1	1	app/models/ministerial_role.rb
8	0	test/unit/ministerial_role_test.rb

--0882236d76--2012-10-12--Chris Parsons
14	0	db/migrate/20121012140741_convert_news_article_roles_to_appointment_associations.rb
1	1	db/schema.rb

--8a846ec4a5--2012-10-12--Chris Parsons
2	2	app/models/ministerial_role.rb
1	1	app/models/person.rb
4	1	app/models/role_appointment.rb
17	0	features/step_definitions/news_article_steps.rb
10	0	features/viewing-minister-pages.feature
10	0	features/viewing-people-pages.feature
3	3	test/functional/ministerial_roles_controller_test.rb
5	3	test/unit/ministerial_role_test.rb
8	9	test/unit/person_test.rb
13	1	test/unit/role_appointment_test.rb

--c95cfc790f--2012-10-12--Chris Parsons
3	0	app/controllers/admin/editions_controller.rb
5	0	app/helpers/role_appointments_helper.rb
4	0	app/models/edition.rb
20	0	app/models/edition/role_appointments.rb
4	0	app/models/edition_role_appointment.rb
1	1	app/models/news_article.rb
2	0	app/views/admin/editions/_appointment_fields.html.erb
1	1	app/views/admin/news_articles/_form.html.erb
4	0	app/views/documents/_header.html.erb
8	0	db/migrate/20121012093400_create_edition_role_appointments.rb
13	1	db/schema.rb
14	5	features/editing-draft-news-articles.feature
7	1	features/step_definitions/minister_steps.rb
19	0	features/step_definitions/news_article_steps.rb
1	1	test/functional/admin/news_articles_controller_test.rb
61	0	test/support/admin_edition_controller_test_helpers.rb
8	0	test/support/document_behaviour.rb
46	0	test/unit/edition/role_appointments_test.rb

--c09415f85f--2012-10-11--Chris Parsons
16	0	app/models/edition/appointment.rb
1	0	app/models/news_article.rb
2	8	app/models/speech.rb
8	0	test/support/document_behaviour.rb
33	0	test/unit/edition/appointment_test.rb
1	0	test/unit/speech_test.rb

--fb30df3fc8--2012-10-11--Chris Parsons
1	1	app/models/edition/ministers.rb