--ccb3dc7878--2012-08-21--Edd Sowden
--750da6d9b2--2012-08-21--Edd Sowden
0	11	app/views/publications/_department.html.erb
24	9	app/views/publications/show.html.erb

--d63004a08b--2012-08-21--David Heath
25	0	db/migrate/20120821091308_strip_inline_attachments_from_publications_and_consultations.rb
1	1	db/schema.rb
39	0	test/unit/migrations/strip_inline_attachments_from_publications_and_consultations_test.rb

--fa6cca07e1--2012-08-20--Edd Sowden
2	2	app/assets/stylesheets/frontend/layouts/two_column_page.scss
15	31	app/assets/stylesheets/frontend/views/_people.scss
19	0	app/views/ministerial_roles/_policies.html.erb
6	50	app/views/ministerial_roles/show.html.erb
28	0	app/views/people/_announcment_list.html.erb
6	52	app/views/people/show.html.erb

--c1e920dc86--2012-08-21--russell thorn
1	1	app/assets/stylesheets/frontend/views/_publications.scss

--ea21fe9ae0--2012-08-20--russell thorn
--4c53d02d14--2012-08-20--David Heath
1	15	app/controllers/announcements_controller.rb
16	0	app/controllers/news_articles_controller.rb
16	0	app/controllers/speeches_controller.rb
2	11	app/helpers/public_document_routes_helper.rb
0	9	app/models/announcement.rb
1	21	app/models/document.rb
5	1	config/routes.rb
0	4	test/functional/announcements_controller_test.rb
29	10	test/functional/hackable_url_test.rb
64	0	test/functional/news_articles_controller_test.rb
107	0	test/functional/speeches_controller_test.rb
0	62	test/support/showing_news_articles_helper.rb
0	110	test/support/showing_speeches_helper.rb
0	11	test/unit/announcement_test.rb
7	7	test/unit/edition/identifiable_test.rb
4	4	test/unit/helpers/public_document_routes_helper_test.rb

--f2704f3165--2012-08-20--russell thorn
10	6	app/views/documents/_attachment.html.erb

--5dceda3b1b--2012-08-20--russell thorn
28	2	app/assets/stylesheets/frontend/views/_publications.scss
12	17	app/views/publications/show.html.erb

--763d60536e--2012-08-20--Edd Sowden
-	-	app/assets/images/loading-2b2c2d.gif
80	30	app/assets/javascripts/application/document_filter.js
17	0	app/assets/stylesheets/frontend/helpers/_pagination.scss
0	9	app/assets/stylesheets/frontend/views/_publications.scss
9	0	features/filtering-specialist-guides.feature
9	0	features/step_definitions/filtering_steps.rb
30	7	test/javascripts/unit/document_filter_test.js

--d2af5627b6--2012-08-20--James Mead
4	1	app/controllers/search_controller.rb
4	0	app/controllers/specialist_guides_controller.rb
12	0	test/functional/search_controller_test.rb
12	0	test/functional/specialist_guides_controller_test.rb

--a258273031--2012-08-20--James Adam
0	71	collapse_beta_documents_to_draft.rb

--936a982fd8--2012-08-20--James Mead
12	4	app/views/topics/show.html.erb
20	0	test/functional/topics_controller_test.rb

--451f472add--2012-08-20--David Heath
9	0	app/helpers/document_helper.rb
9	19	app/views/documents/_attachment_accessibility_warning.html.erb

--04a78a119c--2012-08-20--James Adam
1	1	app/models/document_series.rb
7	0	test/unit/document_series_test.rb

--fdcba0a757--2012-08-20--James Adam
1	0	app/controllers/document_series_controller.rb
9	0	app/presenters/publication_presenter.rb
17	7	app/views/document_series/show.html.erb

--530d2d5bb0--2012-08-20--David Heath
1	1	Gemfile
3	3	Gemfile.lock
4	1	app/models/edition/alternative_format_provider.rb
15	0	app/models/edition/attachable.rb
4	2	features/step_definitions/consultation_steps.rb
3	2	features/step_definitions/organisation_steps.rb
16	11	features/step_definitions/publication_steps.rb
2	1	features/step_definitions/specialist_guide_steps.rb
5	3	features/step_definitions/supporting_page_steps.rb
9	0	test/factories/editions.rb
4	0	test/factories/organisations.rb
5	7	test/functional/admin/preview_controller_test.rb
3	4	test/functional/admin/publications_controller_test.rb
12	14	test/functional/publications_controller_test.rb
4	4	test/support/admin_edition_controller_test_helpers.rb
5	19	test/support/document_controller_test_helpers.rb
7	0	test/unit/edition/alternative_format_provider_test.rb
21	3	test/unit/edition/attachable_test.rb
4	4	test/unit/helpers/govspeak_helper_test.rb
3	4	test/unit/publication_test.rb

--3118d8feaa--2012-08-20--James Adam
20	0	app/assets/stylesheets/frontend/views/_publications.scss
0	10	app/helpers/document_series_helper.rb
4	0	app/models/edition/document_series.rb
5	1	app/views/publications/show.html.erb

--59761ed67f--2012-08-20--James Adam
3	0	app/models/document_series.rb
6	0	db/migrate/20120820124329_add_slugs_to_document_series.rb
4	1	db/schema.rb

--f571e298eb--2012-08-20--James Adam
1	1	app/views/document_series/show.html.erb

--91dfa1f4c6--2012-08-20--Mark Hurrell
2	1	app/assets/stylesheets/frontend/helpers/_feed.scss
2	2	app/assets/stylesheets/frontend/helpers/_page-header.scss
6	5	app/assets/stylesheets/frontend/views/_publications.scss
9	2	app/assets/stylesheets/frontend/views/_topic.scss

--a48c229a4b--2012-08-20--James Adam
0	41	app/controllers/admin/document_collections_controller.rb
41	0	app/controllers/admin/document_series_controller.rb
0	17	app/controllers/document_collections_controller.rb
17	0	app/controllers/document_series_controller.rb
0	20	app/helpers/admin/document_collection_helper.rb
20	0	app/helpers/admin/document_series_helper.rb
0	18	app/helpers/document_collection_helper.rb
18	0	app/helpers/document_series_helper.rb
3	4	app/models/{document_collection.rb => document_series.rb}
1	1	app/models/edition.rb
0	20	app/models/edition/document_collections.rb
19	0	app/models/edition/document_series.rb
0	4	app/models/edition_document_collection.rb
1	1	app/models/organisation.rb
1	1	app/models/publication.rb
0	5	app/views/admin/document_collections/edit.html.erb
0	5	app/views/admin/document_collections/new.html.erb
0	19	app/views/admin/document_collections/show.html.erb
2	2	app/views/admin/{document_collections => document_series}/_form.html.erb
5	0	app/views/admin/document_series/edit.html.erb
5	0	app/views/admin/document_series/new.html.erb
19	0	app/views/admin/document_series/show.html.erb
0	2	app/views/admin/editions/_document_collection_fields.html.erb
2	0	app/views/admin/editions/_document_series_fields.html.erb
7	11	app/views/admin/editions/show.html.erb
7	7	app/views/admin/organisations/show.html.erb
1	1	app/views/admin/publications/_form.html.erb
0	28	app/views/document_collections/index.html.erb
0	29	app/views/document_collections/show.html.erb
29	0	app/views/document_series/show.html.erb
1	1	app/views/publications/show.html.erb
2	2	config/routes.rb
17	0	db/migrate/20120820100754_change_document_collection_to_document_series.rb
3	9	db/schema.rb
14	14	features/{document_collections.feature => document-series.feature}
0	44	features/step_definitions/collection_steps.rb
43	0	features/step_definitions/document_series_steps.rb
1	1	test/factories/{document_collections.rb => document_series.rb}
0	92	test/functional/admin/document_collections_controller_test.rb
92	0	test/functional/admin/document_series_controller_test.rb
1	1	test/functional/admin/publications_controller_test.rb
0	28	test/functional/document_collections_controller_test.rb
25	0	test/functional/document_series_controller_test.rb
11	13	test/support/admin_edition_controller_test_helpers.rb
0	28	test/unit/document_collection_test.rb
28	0	test/unit/document_series_test.rb
0	11	test/unit/edition/document_collections_test.rb

--710a5b4871--2012-08-20--Edd Sowden
126	122	app/assets/javascripts/application/document_filter.js
2	0	app/assets/javascripts/application/on_ready.js
1	1	app/views/publications/index.html.erb
1	1	app/views/specialist_guides/index.html.erb
101	6	test/javascripts/unit/document_filter_test.js

--7037d1698d--2012-08-17--Chris Roos
3	1	app/assets/javascripts/application/on_ready.js
9	3	app/assets/javascripts/application/paginate_document.js
3	1	test/javascripts/qunit.js
2	0	test/javascripts/support/phantom-driver.js
53	0	test/javascripts/unit/paginate_document_test.js

--b41a35c6a6--2012-08-17--Bradley Wright
1	1	test/unit/search_client_test.rb

--901413bc7b--2012-08-17--Bradley Wright
7	1	test/functional/search_controller_test.rb

--0e643d6547--2012-08-17--Bradley Wright
1	0	lib/whitehall/search_client.rb

--9c0ab34fee--2012-08-17--James Adam
16	0	collapse_beta_documents_to_draft.rb

--bb119b2c57--2012-08-17--James Adam
1	1	collapse_beta_documents_to_draft.rb

--e456d8148a--2012-08-17--James Adam
4	6	app/models/document.rb
8	0	test/unit/document_test.rb