--c8d85ef46a--2012-05-28--Jenkins
--84de25fdfd--2012-05-28--James Adam
7	1	app/controllers/admin/editions_controller.rb
0	1	app/controllers/admin/editorial_remarks_controller.rb
5	1	app/helpers/admin/document_actions_helper.rb
4	0	app/models/edition.rb
1	1	app/views/admin/editions/_rejected_by.html.erb
1	0	config/routes.rb
3	3	features/rejecting-submitted-policies.feature
6	6	features/step_definitions/policy_steps.rb
1	0	features/support/gds_sso_helper.rb
15	0	test/functional/admin/editions_controller_test.rb
1	2	test/functional/admin/editorial_remarks_controller_test.rb
1	1	test/support/css_selectors.rb

--ed8f49b392--2012-05-28--James Adam
4	0	app/helpers/admin/document_actions_helper.rb
1	1	app/views/admin/editions/_navigation.html.erb

--155e0b7174--2012-05-28--Jenkins
--0e146a9d8b--2012-05-28--Jenkins
--398f37ef9f--2012-05-25--Jenkins
--6c8f6899fb--2012-05-25--Jenkins
--23981cb6df--2012-05-25--Jenkins
--905d26fe21--2012-05-25--Jenkins
--f518f8c082--2012-05-25--Jenkins
--104ff6b233--2012-05-25--Jenkins
--834635d385--2012-05-25--Jenkins
--c1308c3004--2012-05-25--Jenkins
--c3c67115f7--2012-05-24--Tom Ward
23	0	20120524151543_ensure_documents_can_only_belong_to_a_single_organisation.rb
8	1	app/models/speech.rb
2	2	test/functional/organisations_controller_test.rb
10	0	test/unit/speech_test.rb