--8824ff3912--2017-09-25--Ruben Arakelyan
--ccd9f735fb--2017-09-25--Ruben Arakelyan
--7a9451eafe--2017-09-22--Chris Patuzzo
--65d7bbfc02--2017-09-21--Ruben Arakelyan
--626ceee803--2017-09-21--Ruben Arakelyan
5	9	README.md

--57d8f07c0d--2017-09-21--Ruben Arakelyan
0	6	docs/creating_new_users.md

--9d6d84f760--2017-09-21--Ruben Arakelyan
9	9	CONTRIBUTING.md

--75568acc53--2017-09-21--Ruben Arakelyan
4	4	docs/css.md
2	2	docs/misc/inside-government-i18n-notes.md
1	2	docs/search_setup_guide.md
1	2	docs/testing.md

--9e95134eff--2017-09-21--Chris Patuzzo
1	1	app/presenters/publishing_api/world_location_news_page_presenter.rb
9	0	test/unit/presenters/publishing_api/world_location_news_page_presenter_test.rb

--e090607056--2017-09-21--Bevan
--861171a68b--2017-09-21--Bevan Loon
1	1	README.md

--4f265d5f32--2017-09-20--Bevan
--0a91f9371d--2017-09-20--Bevan Loon
1	1	db/data_migration/20170914142009_unpublish_seed_enterprise_investment_scheme.rb

--93f0dc9f40--2017-09-20--Bevan
--ea292b47fb--2017-09-20--Bevan
--233f57e7bb--2017-09-20--Chris Patuzzo
--6d1e9bf099--2017-09-18--Bevan Loon
1	1	app/models/document/needs.rb
22	0	test/unit/document/needs_test.rb

--0caa061ca8--2017-09-19--Chris Patuzzo
6	0	app/models/corporate_information_page.rb
46	0	test/unit/corporate_information_page_test.rb

--9843935b26--2017-09-14--Bevan Loon
18	0	db/data_migration/20170914142009_unpublish_seed_enterprise_investment_scheme.rb

--d1c941d27f--2017-09-18--Chris Patuzzo
--0557781f5f--2017-09-18--Chris Patuzzo
4	4	app/helpers/email_signup_helper.rb
14	2	app/presenters/publication_filter_json_presenter.rb
20	0	test/unit/presenters/publication_filter_json_presenter_test.rb

--a53f622a3e--2017-09-18--Chris Patuzzo
--085965a53c--2017-09-15--Chris Patuzzo
0	24	app/workers/email_alert_api_signup_worker.rb
0	2	config/environments/development.rb
0	12	config/initializers/gov_uk_delivery.rb
0	134	lib/email_topic_checker.rb
0	50	lib/tasks/email_topics.rake
0	2	lib/whitehall.rb
0	9	lib/whitehall/gov_uk_delivery.rb
0	63	lib/whitehall/gov_uk_delivery/email_formatter.rb
0	190	lib/whitehall/gov_uk_delivery/feed_url_validator.rb
0	52	lib/whitehall/gov_uk_delivery/notifier.rb
0	195	lib/whitehall/gov_uk_delivery/subscription_url_generator.rb
0	29	lib/whitehall/gov_uk_delivery/worker.rb
0	68	test/integration/gov_uk_delivery_test.rb
0	7	test/integration/request_tracing_test.rb
0	79	test/unit/email_topic_checker_test.rb
0	87	test/unit/whitehall/gov_uk_delivery/email_formatter_test.rb
0	197	test/unit/whitehall/gov_uk_delivery/feed_url_validator_test.rb
0	156	test/unit/whitehall/gov_uk_delivery/notifier_test.rb
0	398	test/unit/whitehall/gov_uk_delivery/subscription_url_generator_test.rb
0	51	test/unit/whitehall/gov_uk_delivery/worker_test.rb
0	50	test/unit/workers/email_alert_api_signup_worker_test.rb

--8e7164daac--2017-09-15--Chris Patuzzo
0	4	config/initializers/edition_services.rb
0	13	features/email-signup-for-documents.feature
0	4	features/email-signup-for-organisations.feature
0	7	features/email-signup-for-people-and-roles.feature
0	4	features/email-signup-for-topical-events.feature
0	4	features/email-signup-for-topics.feature
0	4	features/email-signup-for-world-locations.feature
19	32	features/step_definitions/email_signup_steps.rb

--8c935a96b8--2017-09-15--Chris Patuzzo
15	5	app/models/email_signup.rb
186	0	app/models/email_signup/feed_url_validator.rb
9	6	test/functional/email_signups_controller_test.rb
197	0	test/unit/email_signup/feed_url_validator_test.rb
19	22	test/unit/email_signup_test.rb

--3cdebf289a--2017-09-15--Chris Patuzzo
--9772aa0bdb--2017-09-06--Chris Patuzzo
63	0	db/data_migration/20170906102634_redirect_cips.rb

--88cd69440e--2017-09-15--Leena Gupte
--2fb0638268--2017-09-15--Chris Patuzzo
--4b6414af29--2017-09-01--Bevan Loon
4	2	test/unit/whitehall/gov_uk_delivery/feed_url_validator_test.rb

--3e78488e89--2017-09-07--Leena Gupte
10	0	test/functional/announcements_controller_test.rb

--3ae933f1dd--2017-08-31--Leena Gupte
2	2	lib/whitehall/document_filter/rummager.rb
11	0	test/unit/whitehall/document_filter/rummager_test.rb

--8139e2fda6--2017-08-31--Leena Gupte
1	1	app/assets/javascripts/application/document_filter.js
1	0	app/views/documents/_filter_results.html.erb
5	0	app/views/documents/_filter_selections.mustache

--70b04853bf--2017-08-31--Leena Gupte
1	1	lib/whitehall/document_filter/cleaned_params.rb
4	4	lib/whitehall/document_filter/filterer.rb

--8f096d391d--2017-08-29--Bevan Loon
5	0	app/helpers/document_filter_helper.rb
1	1	app/views/announcements/index.html.erb
7	0	app/views/documents/_filter_form.html.erb
1	1	lib/whitehall/document_filter/filterer.rb
8	0	lib/whitehall/document_filter/options.rb
16	0	test/unit/whitehall/document_filter/options_test.rb

--74e36dc121--2017-09-14--Andy Sellick
--e262e10ae6--2017-09-14--Elena Tanasoiu
--fbc4165c32--2017-09-14--Andy Sellick
4	0	app/assets/stylesheets/frontend/helpers/_pagination.scss

--2a08ccc7ad--2017-09-13--Keith Emmerson
2	2	app/views/admin/corporate_information_pages/_standard_fields.html.erb
2	2	app/views/admin/editions/_speed_tagging.html.erb
2	2	app/views/admin/editions/_standard_fields.html.erb
1	1	app/views/admin/historical_accounts/_form.html.erb
2	2	app/views/admin/take_part_pages/_form.html.erb

--da8c434fa3--2017-09-13--Chris Patuzzo
1	1	config/locales/cy.yml

--3aab260ae0--2017-09-12--Ruben Arakelyan
--520b133a49--2017-09-12--Ruben Arakelyan
3	0	db/data_migration/20170912122522_enable_niger_link_on_world_page.rb

--4dd0e60d75--2017-09-11--Elena Tanasoiu
0	4	config/initializers/need_api.rb
66	62	lib/tasks/migrate_need_ids.rake
0	1	lib/whitehall.rb
0	2	test/unit/edition_test.rb

--9fce5ba1ee--2017-09-08--Chris Patuzzo
--15f7c5e5bf--2017-09-08--Chris Patuzzo
27	8	lib/sync_checker/formats/consultation_check.rb

--78f3487d19--2017-09-08--Chris Patuzzo
10	0	db/data_migration/20170908110927_republish_consultations_with_topical_events.rb

--32be61849b--2017-09-08--Chris Patuzzo
1	0	app/presenters/publishing_api/consultation_presenter.rb
14	1	test/unit/presenters/publishing_api/consultation_presenter_test.rb

--1fd1424c9d--2017-09-07--Chris Patuzzo
--24e04bc416--2017-09-07--Chris Patuzzo
12	0	db/data_migration/20170907145709_republish_authored_articles.rb

--aaae5408a6--2017-09-07--Chris Patuzzo
--8969ce241c--2017-09-07--Chris Patuzzo
2	0	lib/email_topic_checker.rb

--b6b9cc6a3e--2017-09-07--Chris Patuzzo
--8495201fc1--2017-09-07--Chris Patuzzo
6	0	db/data_migration/20170907105726_republish_speeches_with_world_locations.rb

--cb82bea4ab--2017-09-07--Chris Patuzzo
--51daaedd74--2017-09-07--David Basalla
2	1	app/presenters/publishing_api/speech_presenter.rb
9	1	lib/sync_checker/formats/speech_check.rb
4	0	test/unit/presenters/publishing_api/speech_presenter_test.rb

--7b4857e6d4--2017-09-05--Chris Patuzzo
--1275d64da1--2017-09-05--Chris Patuzzo
5	0	db/data_migration/20170905143851_redirect_roads_managed_by_the_highways_agency.rb

--7eadeec93e--2017-09-05--Alec Gibson
--77477c1306--2017-09-05--Alec Gibson
19	7	app/uploaders/attachment_uploader.rb

--453e8acb6f--2017-09-04--Kevin Dew
--e553425a6c--2017-09-04--Ruben Arakelyan
--2346d56a15--2017-09-04--Chris Patuzzo
--e243349c74--2017-09-04--Ruben Arakelyan
3	3	Gemfile
24	31	Gemfile.lock
5	3	app/services/scheduled_edition_publisher.rb
1	1	app/workers/publishing_api_worker.rb
0	12	config/initializers/airbrake.rb
1	2	lib/tasks/broken_link_reporting.rake
2	2	test/unit/workers/publishing_api_worker_test.rb

--15a982a09b--2017-09-04--Chris Patuzzo
11	3	app/helpers/email_signup_helper.rb
35	0	test/unit/helpers/email_signup_helper_test.rb

--8f85ac340d--2017-09-04--Chris Patuzzo
--63cc89e3a5--2017-09-04--Chris Patuzzo
--b8c5828541--2017-09-04--Graham Pengelly
--e1dae0a75a--2017-09-01--Kevin Dew
0	1	lib/whitehall/publishing_api/redirect.rb

--0faeff5733--2017-09-01--Kevin Dew
1	1	docs/testing_guide.md

--1dcf26094e--2017-09-01--Kevin Dew
2	2	docs/testing.md

--fdaf1d1e35--2017-09-01--Chris Patuzzo
6	1	app/helpers/public_document_routes_helper.rb
2	2	test/unit/helpers/public_document_routes_helper_test.rb

--7127e1cedc--2017-09-01--Graham Pengelly
4	4	app/controllers/admin/attachments_controller.rb
39	7	test/functional/admin/attachments_controller_test.rb

--2326e61ca4--2017-08-30--Chris Patuzzo
1	1	Gemfile
11	4	Gemfile.lock
8	10	config/initializers/airbrake.rb

--31f42dcea8--2017-08-30--Chris Patuzzo
1	3	Gemfile
5	10	Gemfile.lock

--7defec47b3--2017-08-29--Ruben Arakelyan
2	0	lib/generators/data_migration/data_migration_generator.rb

--2c9fd66c02--2017-08-21--Graham Pengelly
1	1	Gemfile
2	2	Gemfile.lock

--5b4e277d68--2017-08-21--Graham Pengelly
0	0	app/views/admin/topics/{_custom_form_fields.html => _custom_form_fields.html.erb}

--e4b43c6458--2017-08-21--Graham Pengelly
10	1	app/controllers/admin/classification_featurings_controller.rb

--03ab66e864--2017-08-21--Graham Pengelly
1	1	app/views/admin/people/show.html.erb

--946c4432b5--2017-08-18--Graham Pengelly
0	13	test/integration/routing_test.rb

--2d2a6a6a8e--2017-08-18--Graham Pengelly
2	1	test/unit/edition/related_policies_test.rb

--3c01477635--2017-08-18--Graham Pengelly
19	9	test/integration/scheduling_test.rb

--cfe8d072df--2017-08-18--Graham Pengelly
1	1	test/unit/models/statistics_announcement_date_change_test.rb

--e75e3c574f--2017-08-18--Graham Pengelly
26	22	test/unit/workers/publishing_api_worker_test.rb

--62a1f45c77--2017-08-18--Graham Pengelly
15	13	test/unit/services/service_listeners/edition_dependencies_test.rb

--82a4694b22--2017-08-18--Graham Pengelly
15	0	test/support/publishing_api_test_helpers.rb

--ae0a24e21e--2017-08-17--Graham Pengelly
9	7	test/unit/workers/publishing_api_discard_draft_worker_test.rb

--134def3a28--2017-08-17--Graham Pengelly
0	1	app/models/classification.rb
2	0	app/models/topic.rb
2	0	app/models/topical_event.rb
0	6	test/unit/classification_test.rb
6	1	test/unit/edition/{topics_test.rb => topic_test.rb}
5	0	test/unit/edition/topical_events_test.rb

--682873d9ad--2017-08-17--Graham Pengelly
0	70	lib/data_hygiene/dup_filename_attachment_fixer.rb
0	58	test/integration/duplicate_attachment_cleanup_test.rb
0	77	test/unit/data_hygiene/dup_filename_attachment_fixer_test.rb

--e58fb0103b--2017-08-17--Graham Pengelly
0	0	lib/data_hygiene/{duplicate_attachment_fixer.rb => dup_filename_attachment_fixer.rb}

--9389c1d6f0--2017-08-17--Graham Pengelly
2	2	test/unit/models/document_collection_group_membership_test.rb

--3e77279b1c--2017-08-16--Graham Pengelly
3	4	test/unit/services/edition_deleter_test.rb

--67434ef21c--2017-08-16--Graham Pengelly
4	0	test/unit/whitehall/publishing_api_test.rb

--5e20233aa6--2017-08-16--Graham Pengelly
1	1	app/views/home/how_government_works.html.erb

--f320666dff--2017-08-16--Graham Pengelly
0	5	test/functional/statistics_announcements_controller_test.rb
0	10	test/unit/models/frontend/statistics_announcement_filter_test.rb

--bc764ade3a--2017-08-16--Graham Pengelly
5	1	app/presenters/publishing_api/working_group_presenter.rb
7	0	test/unit/presenters/publishing_api/working_group_presenter_test.rb

--e4c5fdb491--2017-08-16--Graham Pengelly
1	1	app/views/admin/people/_form.html.erb

--1ac299dfe7--2017-08-16--Graham Pengelly
2	2	test/functional/admin/edition_tags_controller_test.rb

--e97be68047--2017-08-16--Graham Pengelly
3	1	app/controllers/publications_controller.rb

--da46882c7a--2017-08-16--Graham Pengelly
8	8	test/unit/attachable_test.rb

--2138b06e59--2017-08-15--Graham Pengelly
1	1	test/functional/admin/speeches_controller_test.rb

--bec2071808--2017-08-15--Graham Pengelly
1	1	app/models/statistics_announcement.rb

--3dbe481cad--2017-08-15--Graham Pengelly
6	1	test/unit/person_test.rb

--8a2ced70bb--2017-08-15--Graham Pengelly
3	1	test/functional/consultations_controller_test.rb

--daad7ca392--2017-08-15--Graham Pengelly
1	2	test/unit/edition_test.rb
4	4	test/unit/presenters/api/page_presenter_test.rb

--b87ce497d4--2017-08-15--Graham Pengelly
21	7	test/functional/admin/statistics_announcement_tags_controller_test.rb

--df42386103--2017-08-15--Graham Pengelly
2	2	test/functional/application_controller_search_parameters_test.rb

--261573970f--2017-08-15--Graham Pengelly
6	1	test/unit/presenters/api/page_presenter_test.rb

--f8a6908f99--2017-08-15--Graham Pengelly
9	9	test/functional/public_facing_controller_test.rb

--694847a6f9--2017-08-14--Graham Pengelly
8	2	app/presenters/api/page_presenter.rb

--e8546d56d2--2017-08-11--Graham Pengelly
9	2	app/uploaders/attachment_uploader.rb

--9acbda0626--2017-08-11--Graham Pengelly
1	3	lib/whitehall/document_filter/cleaned_params.rb

--e98b2d561c--2017-07-27--Ruben Arakelyan
0	2	test/integration/statistics_announcement_test.rb
4	0	test/support/publishing_api_test_helpers.rb
1	0	test/test_helper.rb

--ef68363ee6--2017-07-25--Ruben Arakelyan
4	0	config/application.rb
1	1	config/initializers/teaspoon.rb
4	2	test/unit/whitehall/publishing_api_test.rb

--e3c29f072f--2017-07-25--Ruben Arakelyan
1	1	app/models/statistics_announcement.rb
1	1	test/support/tests_for_national_applicability.rb

--601b505d96--2017-08-09--Ruben Arakelyan
1	1	app/controllers/historic_appointments_controller.rb
1	1	app/controllers/public_facing_controller.rb
1	1	app/helpers/application_helper.rb
2	2	app/models/document.rb
1	1	app/models/edition/national_applicability.rb
1	1	app/models/edition/organisations.rb
1	1	app/models/edition/publishing.rb
1	1	app/models/edition/world_locations.rb
1	1	app/models/edition/worldwide_organisations.rb
1	1	app/models/home_page_list.rb
3	3	app/models/ministerial_role.rb
1	1	app/models/nation_inapplicability.rb
1	1	bin/rails
34	0	bin/setup
29	0	bin/update
5	16	config/application.rb
2	3	config/boot.rb
3	3	config/environment.rb
50	8	config/environments/development.rb
63	25	config/environments/production.rb
17	20	config/environments/test.rb
10	8	config/initializers/airbrake.rb
6	0	config/initializers/application_controller_renderer.rb
5	0	config/initializers/cookies_serializer.rb
13	7	config/initializers/inflections.rb
0	1	config/initializers/mime_types.rb
23	0	config/initializers/new_framework_defaults.rb
2	2	config/initializers/session_store.rb
2	2	config/initializers/slimmer.rb
5	5	config/initializers/wrap_parameters.rb
16	0	config/secrets.yml
6	0	config/spring.rb
0	1	lib/form_object.rb
1	1	lib/tasks/describe_filters.rake
1	0	test/factories/policy_groups.rb
-	-	test/fixtures/greenpaper-not-a-zip.zip
5	5	test/functional/admin/about_pages_controller_test.rb
14	14	test/functional/admin/access_and_opening_times_controller_test.rb
37	37	test/functional/admin/attachments_controller_test.rb
6	6	test/functional/admin/bulk_uploads_controller_test.rb
20	12	test/functional/admin/cabinet_ministers_controller_test.rb
10	10	test/functional/admin/classification_featurings_controller_test.rb
17	17	test/functional/admin/consultations_controller_test.rb
6	7	test/functional/admin/contact_translations_controller_test.rb
90	64	test/functional/admin/contacts_controller_test.rb
9	9	test/functional/admin/corporate_information_pages_controller_test.rb
1	1	test/functional/admin/detailed_guides_controller_test.rb
6	6	test/functional/admin/document_collection_group_memberships_controller_test.rb
24	19	test/functional/admin/document_collection_groups_controller_test.rb
16	14	test/functional/admin/document_collections_controller_test.rb
2	2	test/functional/admin/document_searches_controller_test.rb
6	6	test/functional/admin/document_sources_controller_test.rb
2	2	test/functional/admin/documents_controller_test.rb
5	5	test/functional/admin/edition_tags_controller_test.rb
22	22	test/functional/admin/edition_translations_controller_test.rb
4	4	test/functional/admin/edition_unpublishing_controller_test.rb
41	41	test/functional/admin/edition_workflow_controller_test.rb
28	28	test/functional/admin/editions_controller_test.rb
8	8	test/functional/admin/editorial_remarks_controller_test.rb
27	27	test/functional/admin/fact_check_requests_controller_test.rb
3	3	test/functional/admin/fatality_notices_controller_test.rb
4	4	test/functional/admin/feature_lists_controller_test.rb
3	3	test/functional/admin/features_controller_test.rb
8	8	test/functional/admin/financial_reports_controller_test.rb
2	2	test/functional/admin/generic_editions_controller_test.rb
3	3	test/functional/admin/generic_editions_controller_tests/attachments_workflow_test.rb
1	1	test/functional/admin/generic_editions_controller_tests/audit_trail_test.rb
8	8	test/functional/admin/generic_editions_controller_tests/deleting_documents_test.rb
6	6	test/functional/admin/generic_editions_controller_tests/force_publishing_documents_test.rb
2	2	test/functional/admin/generic_editions_controller_tests/linking_to_document_on_public_site_test.rb
1	1	test/functional/admin/generic_editions_controller_tests/linking_to_preview_of_document_on_public_site_test.rb
4	4	test/functional/admin/generic_editions_controller_tests/political_document_test.rb
2	2	test/functional/admin/generic_editions_controller_tests/publishing_documents_test.rb
5	5	test/functional/admin/generic_editions_controller_tests/rejecting_documents_test.rb
5	5	test/functional/admin/generic_editions_controller_tests/revising_documents_test.rb
3	3	test/functional/admin/generic_editions_controller_tests/speed_tagging_test.rb
10	10	test/functional/admin/generic_editions_controller_tests/translation_test.rb
2	2	test/functional/admin/generic_editions_controller_tests/unpublishing_test.rb
5	5	test/functional/admin/governments_controller_test.rb
8	8	test/functional/admin/historical_accounts_controller_test.rb
4	4	test/functional/admin/links_reports_controller_test.rb
1	1	test/functional/admin/news_articles_controller_test.rb
5	5	test/functional/admin/operational_fields_controller_test.rb
15	17	test/functional/admin/organisation_translations_controller_test.rb
46	40	test/functional/admin/organisations_controller_test.rb
11	11	test/functional/admin/people_controller_test.rb
13	13	test/functional/admin/person_translations_controller_test.rb
1	1	test/functional/admin/policies_controller_test.rb
5	5	test/functional/admin/policy_groups_controller_test.rb
7	7	test/functional/admin/preview_controller_test.rb
15	15	test/functional/admin/promotional_feature_items_controller_test.rb
8	8	test/functional/admin/promotional_features_controller_test.rb
22	18	test/functional/admin/publications_controller_test.rb
13	13	test/functional/admin/responses_controller_test.rb
19	19	test/functional/admin/role_appointments_controller_test.rb
15	15	test/functional/admin/role_translations_controller_test.rb
26	16	test/functional/admin/roles_controller_test.rb
2	2	test/functional/admin/sitewide_settings_controller_test.rb
18	14	test/functional/admin/social_media_accounts_controller_test.rb
4	4	test/functional/admin/speeches_controller_test.rb
5	5	test/functional/admin/statistics_announcement_date_changes_controller_test.rb
6	6	test/functional/admin/statistics_announcement_unpublishings_controller_test.rb
28	22	test/functional/admin/statistics_announcements_controller_test.rb
9	7	test/functional/admin/take_part_pages_controller_test.rb
5	5	test/functional/admin/topical_events_controller_test.rb
16	14	test/functional/admin/topics_controller_test.rb
8	8	test/functional/admin/users_controller_test.rb
1	1	test/functional/admin/world_location_news_articles_controller_test.rb
11	11	test/functional/admin/world_location_translations_controller_test.rb
7	7	test/functional/admin/world_locations_controller_test.rb
161	131	test/functional/admin/worldwide_offices_controller_test.rb
20	14	test/functional/admin/worldwide_organisations_controller_test.rb
15	15	test/functional/admin/worldwide_organisations_translations_controller_test.rb
13	13	test/functional/announcements_controller_test.rb
3	3	test/functional/api/governments_controller_test.rb
3	3	test/functional/api/organisations_controller_test.rb
3	3	test/functional/api/world_locations_controller_test.rb
6	6	test/functional/api/worldwide_organisations_controller_test.rb
2	2	test/functional/application_controller_search_parameters_test.rb
14	14	test/functional/attachments_controller_test.rb
1	1	test/functional/consultations_controller_test.rb
12	12	test/functional/corporate_information_pages_controller_test.rb
2	2	test/functional/documents_controller_worldwide_slimmer_headers_inclusion_test.rb
4	4	test/functional/email_signups_controller_test.rb
4	4	test/functional/historic_appointments_controller_test.rb
1	1	test/functional/home_controller_test.rb
6	6	test/functional/latest_controller_test.rb
7	7	test/functional/ministerial_roles_controller_test.rb
7	7	test/functional/operational_fields_controller_test.rb
75	75	test/functional/organisations_controller_test.rb
6	6	test/functional/people_controller_test.rb
1	1	test/functional/policy_groups_controller_test.rb
10	8	test/functional/public_facing_controller_test.rb
24	24	test/functional/publications_controller_test.rb
9	7	test/functional/statistics_announcements_controller_test.rb
8	8	test/functional/statistics_controller_test.rb
8	8	test/functional/topical_events_controller_test.rb
12	12	test/functional/topics_controller_test.rb
5	5	test/functional/world_location_news_articles_controller_test.rb
25	25	test/functional/world_location_news_controller_test.rb
28	28	test/functional/world_locations_controller_test.rb
2	2	test/functional/worldwide_offices_controller_test.rb
7	7	test/functional/worldwide_organisations_controller_test.rb
1	1	test/integration/csrf_test.rb
3	2	test/integration/request_tracing_test.rb
6	4	test/integration/routing_test.rb
9	9	test/integration/upload_access_test.rb
60	33	test/support/admin_controller_test_helpers.rb
16	14	test/support/admin_edition_controller_scheduled_publishing_test_helpers.rb
339	143	test/support/admin_edition_controller_test_helpers.rb
8	6	test/support/admin_edition_world_locations_behaviour.rb
1	1	test/support/controller_test_helpers.rb
34	34	test/support/document_controller_test_helpers.rb
13	13	test/support/organisation_controller_test_helpers.rb
1	1	test/support/skip_slimmer.rb
17	13	test/support/tests_for_national_applicability.rb
4	4	test/unit/attachment_uploader_test.rb
11	11	test/unit/bulk_upload_test.rb
1	1	test/unit/consultation_participation_test.rb
1	1	test/unit/edition/identifiable_test.rb
1	1	test/unit/helpers/admin/admin_govspeak_helper_test.rb
1	1	test/unit/helpers/govspeak_helper_test.rb
3	3	test/unit/home_page_list_test.rb
1	1	test/unit/i18n_key_test.rb
1	1	test/unit/presenters/person_presenter_test.rb
0	5	test/unit/workers/publishing_api_html_attachments_worker_test.rb

--935d73c3d9--2017-07-12--Ruben Arakelyan
7	0	Jenkinsfile

--709bf1eb07--2017-07-12--Ruben Arakelyan
1	1	test/integration/contact_test.rb
1	1	test/integration/operational_field_publishing_test.rb
1	1	test/integration/sanitise_db_test.rb
1	1	test/integration/statistics_announcement_test.rb
1	1	test/integration/take_part_page_test.rb
1	1	test/integration/topical_event_about_page_test.rb
1	1	test/unit/data_hygiene/organisation_reslugger_test.rb
1	1	test/unit/data_hygiene/person_reslugger_test.rb
1	1	test/unit/data_hygiene/role_reslugger_test.rb
1	1	test/unit/whitehall/data_migration_test.rb

--4523e25536--2017-07-12--Ruben Arakelyan
1	1	app/services/scheduled_edition_publisher.rb
1	1	app/workers/publishing_api_worker.rb
1	1	lib/tasks/broken_link_reporting.rake
1	1	test/unit/workers/publishing_api_worker_test.rb

--9eaeb9cb0b--2017-07-12--Ruben Arakelyan
1	1	app/models/bulk_upload.rb
4	9	app/uploaders/attachment_uploader.rb
1	1	app/uploaders/consultation_response_form_uploader.rb
1	1	app/uploaders/image_uploader.rb
1	1	app/uploaders/logo_uploader.rb
0	2	app/uploaders/whitehall_uploader.rb
1	1	test/unit/attachment_uploader_test.rb
1	1	test/unit/consultation_response_form_uploader_test.rb
1	1	test/unit/image_uploader_test.rb

--bce097d34d--2017-07-12--Ruben Arakelyan
1	1	app/controllers/admin/attachments_controller.rb
2	2	app/controllers/admin/classification_featurings_controller.rb
1	1	app/controllers/admin/editions_controller.rb
1	1	app/controllers/admin/home_page_list_controller.rb
1	1	app/controllers/admin/organisations_controller.rb
3	2	app/controllers/admin/statistics_announcements_controller.rb
1	1	app/controllers/admin/take_part_pages_controller.rb
3	3	app/controllers/admin/users_controller.rb
1	1	app/controllers/admin/world_locations_controller.rb
1	1	app/controllers/consultations_controller.rb
1	1	app/controllers/documents_controller.rb
1	1	app/controllers/publications_controller.rb
1	1	app/controllers/statistics_announcements_controller.rb
1	1	app/helpers/admin/audit_trail_helper.rb
1	1	app/helpers/country_helper.rb
1	1	app/helpers/filter_routes_helper.rb
1	1	app/models/bulk_upload.rb
1	1	app/models/classification.rb
1	1	app/presenters/document_filter_presenter.rb
5	1	lib/whitehall/document_filter/cleaned_params.rb
8	8	lib/whitehall/document_filter/filterer.rb

--f81755c32c--2017-07-12--Ruben Arakelyan
1	1	app/assets/javascripts/all.js
1	1	app/assets/javascripts/application.js
0	1639	app/assets/javascripts/vendor/jquery/jquery-ui-1.10.2.custom.js
1	1	app/assets/stylesheets/admin.scss
0	566	app/assets/stylesheets/vendor/jquery-ui.css

--41f48b1fd5--2017-08-09--Ruben Arakelyan
29	28	Gemfile
182	138	Gemfile.lock
0	16	lib/patches/globalize_with_translations.rb

--638dd41447--2017-09-01--David Basalla
--6c3dfbdabc--2017-08-29--David Basalla
10	2	app/controllers/admin/attachments_controller.rb
13	0	test/functional/admin/attachments_controller_test.rb

--2a5ad50cf9--2017-08-31--David Basalla
--5d1f8a216e--2017-08-30--David Basalla
5	0	app/models/document/needs.rb
10	0	test/unit/document/needs_test.rb

--42e9127ccc--2017-08-29--David Basalla
--778ef7ad0b--2017-08-25--David Basalla
3	3	Gemfile.lock

--c11eed5d1d--2017-08-25--Graham Pengelly
--851c278b7c--2017-08-25--Graham Pengelly
24	3	test/functional/admin/world_locations_controller_test.rb

--a5f3ab44e4--2017-08-25--Graham Pengelly
0	1	app/views/admin/world_location_translations/index.html.erb
0	1	app/views/admin/world_locations/features.html.erb
0	1	app/views/admin/world_locations/show.html.erb

--43d6bac7a4--2017-08-25--Graham Pengelly
1	1	app/views/admin/world_location_translations/index.html.erb
1	1	app/views/admin/world_locations/features.html.erb

--f65bc0d852--2017-08-24--Graham Pengelly
--e8eaa9d4fc--2017-08-24--Chris Patuzzo
--d8010b330d--2017-08-24--Graham Pengelly
2	1	app/views/admin/world_locations/show.html.erb

--86a7ccd724--2017-08-24--Chris Patuzzo
13	0	db/data_migration/20170824112024_republish_world_news_stories.rb

--deb5d3f4e3--2017-08-23--David Basalla
--f08b230a8f--2017-08-18--David Basalla
1	1	app/helpers/admin/edition_actions_helper.rb
1	1	app/helpers/application_helper.rb
1	29	app/models/news_article_type.rb
0	6	lib/email_topic_checker.rb
2	2	lib/whitehall/announcement_filter_option.rb
0	5	test/unit/news_article_test.rb
1	2	test/unit/news_article_type_test.rb
1	2	test/unit/whitehall/document_filter/rummager_test.rb

--3561e05729--2017-08-23--David Basalla
--61ea4feac6--2017-08-22--David Basalla
38	0	db/data_migration/20170822095423_convert_unknown_news_articles.rb

--767237fa83--2017-08-22--Chris Patuzzo
--5f63bbd9b5--2017-08-22--Chris Patuzzo
1	1	app/views/histories/lancaster_house.html.erb

--c15462b334--2017-08-22--Alec Gibson
--92c9a0650a--2017-08-22--Alec Gibson
7	0	README.md

--36521e7608--2017-08-22--David Basalla
--3c6bb80eb4--2017-08-22--David Basalla
0	38	db/data_migration/20170818104227_convert_unknown_news_articles_to_valid_news_articles.rb

--19e9a70fab--2017-08-22--David Basalla
--00c1805f58--2017-08-22--Bevan
--83d29a9295--2017-08-18--Bevan Loon
32	0	db/data_migration/20170818102913_send_missing_people_to_rummager.rb

--ea903bf1b7--2017-08-21--David Basalla
16	1	db/data_migration/20170818104227_convert_unknown_news_articles_to_valid_news_articles.rb

--404b10be66--2017-08-21--Elena Tanasoiu
--6f194bf311--2017-08-21--David Basalla
--6eaa09d463--2017-08-21--Elena Tanasoiu
5	0	db/migrate/20170821152429_remove_need_ids_from_editions.rb
1	2	db/schema.rb

--b2dfc90b52--2017-08-21--David Basalla
4	2	db/data_migration/20170818104227_convert_unknown_news_articles_to_valid_news_articles.rb

--2a0b826fd7--2017-08-21--David Basalla
--0cc7ce2920--2017-08-18--David Basalla
21	0	db/data_migration/20170818104227_convert_unknown_news_articles_to_valid_news_articles.rb

--dc684c26b9--2017-08-21--Tijmen Brommet
--a44eba4fdd--2017-08-18--Christopher Baines
11	2	lib/taxonomy/publishing_api_adapter.rb

--ba3b7f4f12--2017-08-18--Chris Patuzzo
--bfbc172e7c--2017-08-17--Chris Patuzzo
43	0	db/data_migration/20170817154134_republish_corporate_info_with_locale_problem.rb

--a7ea0d9253--2017-08-16--David Basalla
6	5	app/helpers/admin/editions_helper.rb
0	7	app/models/speech.rb
1	10	app/models/speech_type.rb
0	4	app/views/admin/speeches/_form.html.erb
2	8	features/speed-tagging-editions.feature
0	1	test/factories/speeches.rb
0	1	test/functional/admin/speeches_controller_test.rb
0	8	test/unit/edition_test.rb
3	13	test/unit/speech_test.rb

--e89dea3881--2017-08-17--Murray Steele
--ff464d47b3--2017-08-17--Murray Steele
11	1	config/environments/production.rb