--0dfb296861--2015-08-09--Dan Thomas
--f120cbed43--2015-08-09--Dan Thomas
32	75	app/models/consumer_role.rb
220	79	app/models/person.rb
135	37	spec/models/consumer_role_spec.rb

--35044eb5a7--2015-08-09--Sagar Arlekar
1	1	app/views/employers/employer_profiles/my_account/_profile_tab.html.erb
2	0	features/employers/create_employer.feature
9	0	features/step_definitions/employers_steps.rb

--00008f7ca5--2015-08-09--vinner
1	0	app/helpers/application_helper.rb

--057c454893--2015-08-09--vinner
20	0	app/controllers/consumer/employee_roles_controller.rb
0	8	app/controllers/employers/employer_profiles_controller.rb
7	0	app/helpers/application_helper.rb
6	0	app/mailers/user_mailer.rb
3	1	app/models/message.rb
27	0	app/views/consumer/employee_roles/_new_message_form.html.erb
7	0	app/views/consumer/employee_roles/new_message_to_broker.js.erb
0	0	app/views/consumer/employee_roles/new_messsage_to_broker.html.erb
1	1	app/views/employers/employer_profiles/my_account/_home_tab.html.erb
2	1	app/views/insured/plan_shoppings/show.html.erb
23	17	app/views/layouts/_footer.html.erb
11	0	app/views/user_mailer/message_to_broker.html.erb
2	0	config/routes.rb
69	0	spec/controllers/consumers/employee_roles_controller_spec.rb
15	0	spec/helpers/application_helper_spec.rb
1	1	spec/models/message_spec.rb
33	0	spec/views/consumer/employee_roles/new_message_form.html.erb_spec.rb