--b8ccb46e52--2015-07-09--Ken Lu
--c19436f5e2--2015-07-09--vinner
30	0	app/views/insured/plan_shoppings/_purchase_confirmation.html.erb
18	16	app/views/insured/plan_shoppings/thankyou.html.erb
1	1	app/views/shared/_signup_progress.html.haml
2	1	features/employers/create_employer.feature
2	1	features/integration/employee_sign_up.feature
7	2	features/step_definitions/integration_steps.rb
9	2	spec/views/insured/plan_shoppings/thankyou.html.erb_spec.rb

--f9187ac111--2015-07-10--nurdymuny
5	0	app/assets/javascripts/application.js
1	1	app/views/consumer/employee_roles/_no_match.html.haml
1	1	app/views/consumer/employee_roles/edit.html.haml
1	1	app/views/consumer/employee_roles/no_match.html.haml
1	1	app/views/consumer/employee_roles/search.html.haml
1	1	app/views/consumer_profiles/_qles.html.erb
1	3	app/views/employers/employer_profiles/_form.html.erb
1	1	app/views/employers/employer_profiles/_no_match.html.haml
1	1	app/views/employers/people/_no_match.html.haml
5	9	app/views/people/_dependent.html.erb
1	1	app/views/people/_no_results.html.erb
3	3	app/views/people/landing_pages/_add_family_member_form.html.erb
1	1	app/views/people/landing_pages/_home_tab.html.erb
0	1	app/views/shared/_census_dependent_fields.html.erb
1	4	app/views/shared/_office_location_fields.html.erb
1	1	app/views/shared/_office_locations.html.erb
1	1	app/views/shared/_signup_progress.html.haml
0	1	app/views/shared/person/_personal_information.html.erb

--c7186a080b--2015-07-09--Ken Lu
1	1	features/step_definitions/employers_steps.rb

--97fd6543c4--2015-07-09--Ken Lu