--212eaed93d--2015-05-17--vinner
--d6b0d75469--2015-05-17--vinner
3	0	app/controllers/employers/plan_years_controller.rb
40	11	features/employers/create_employer.feature
42	14	features/step_definitions/employers_steps.rb
4	1	spec/controllers/employers/plan_years_controller_spec.rb

--7dd9e4692a--2015-05-17--Sean Carley
9	8	features/step_definitions/integration_steps.rb

--ccff1fbeeb--2015-05-17--Sean Carley
2	2	features/integration/employee_sign_up.feature

--74123c7c70--2015-05-17--Sean Carley
8	8	config/routes.rb

--56c5a3969d--2015-05-17--Trey Evans
8	0	config/initializers/pipeline.rb

--cc7b70b9b3--2015-05-17--Trey Evans
70	53	lib/tasks/load_people.rake
15	1	lib/tasks/load_plans.rake
13	0	lib/tasks/run_production_import.rake

--b44704dfeb--2015-05-17--Trey Evans
4	2	app/models/hbx_id_generator.rb

--e67bb953a3--2015-05-17--Trey Evans
4	0	app/models/hbx_id_generator.rb

--5952a6b08f--2015-05-17--Kevin Wei
6	0	app/controllers/exchanges/hbx_profiles_controller.rb
1	1	app/views/insured/families/index.html.erb
1	0	config/routes.rb

--a5be320efd--2015-05-17--Kevin Wei
1	1	spec/models/email_spec.rb

--993e790999--2015-05-17--Kevin Wei
0	35	spec/routing/exchanges/hbx_profiles_routing_spec.rb

--ac51b7ca5e--2015-05-17--Kevin Wei
13	5	app/controllers/exchanges/hbx_profiles_controller.rb
3	3	app/models/hbx_profile.rb
2	2	app/views/exchanges/hbx_profiles/index.html.erb
1	1	app/views/exchanges/hbx_profiles/show.html.erb
4	1	config/routes.rb

--43781c4adf--2015-05-17--Kevin Wei
5	5	db/seedfiles/admins_seed.rb

--545ef04057--2015-05-17--Kevin Wei
0	39	app/controllers/hbx_profiles_controller.rb

--7f2872fc1f--2015-05-17--Kevin Wei
1	1	app/controllers/broker_agencies/{broker_profiles_controller.rb => broker_agency_profiles_controller.rb}

--118bab444c--2015-05-16--vinner
12	11	features/step_definitions/integration_steps.rb

--a88bc465e1--2015-05-16--vinner
2	4	app/controllers/employers/family_controller.rb
0	1	app/views/shared/_benefit_group_assignment_fields.html.erb
9	6	features/step_definitions/employers_steps.rb