--3cb1e25f79--2015-05-07--Ken Lu
--8428ff7b9f--2015-05-07--Ken Lu
83	0	spec/controllers/employers/people_controller_spec.rb

--52d088dbd9--2015-05-07--vinner
2	2	app/controllers/employers/employer_profiles_controller.rb
22	7	features/step_definitions/employers_steps.rb

--7996d79a66--2015-05-07--vinner
2	2	app/controllers/employers/employer_profiles_controller.rb
4	0	app/models/person.rb
5	5	features/employers/create_employer.feature
37	0	features/step_definitions/employers_steps.rb

--491d83f220--2015-05-06--Ken Lu
1	2	app/models/person.rb
3	1	app/views/consumer/employee_dependents/_dependent_form.html.erb

--89435f8ff4--2015-05-06--vinner
23	7	app/controllers/employers/employer_profiles_controller.rb
0	2	app/controllers/employers/people_controller.rb
1	1	app/views/employers/employer_profiles/_employer_form.html.erb
7	1	app/views/employers/employer_profiles/_search_fields.html.erb
3	1	app/views/employers/employer_profiles/no_match.js.erb
2	2	app/views/employers/employer_profiles/show.html.erb
2	2	app/views/employers/people/_search_fields.html.erb
2	2	app/views/employers/people/no_match.js.erb