--4bee5bea6d--2015-04-20--Ken Lu
--98507617a2--2015-04-20--Trey Evans
--86bbbc1c8c--2015-04-20--Trey Evans
24	1	app/controllers/consumer/employee_roles_controller.rb
9	0	app/helpers/consumer/employee_roles_helper.rb
1	1	app/models/employee_role.rb
14	17	app/models/factories/matched_employee.rb
30	8	app/models/forms/employee_role.rb
51	0	app/views/consumer/employee_roles/_get_employer.js.erb
3	0	app/views/consumer/employee_roles/_person_form.html.erb
0	0	app/views/consumer/employee_roles/dependent_details.html.erb
1	0	app/views/consumer/employee_roles/dependent_details.js.erb
1	1	app/views/consumer/employee_roles/match.js.erb
7	12	app/views/people/_form.html.erb
1	1	app/views/shared/_address_fields.html.erb
2	2	features/step_definitions/integration_steps.rb
53	2	spec/controllers/consumers/employee_roles_controller_spec.rb

--b6d17bf480--2015-04-20--Trey Evans
17	0	app/controllers/consumer/employee_roles_controller.rb
1	0	app/models/factories/matched_employee.rb
55	0	app/models/forms/employee_role.rb
50	0	spec/controllers/consumers/employee_roles_controller_spec.rb

--474fa31763--2015-04-20--Kevin Wei
0	190	features/step_definitions/user_steps.rb

--fa67d9e9e9--2015-04-20--Kevin Wei
0	9	config/routes.rb

--a6386069c7--2015-04-20--Trey Evans
3	0	app/models/factories/matched_employee.rb
2	0	app/models/forms/employee_role.rb
2	0	app/views/people/_form.html.erb

--bafacc3c03--2015-04-20--Trey Evans
6	4	app/models/factories/matched_employee.rb
14	0	app/models/forms/employee_role.rb
3	1	app/views/people/_form.html.erb

--851762624c--2015-04-20--Trey Evans
4	1	app/controllers/consumer/employee_roles_controller.rb
1	1	app/views/consumer/employee_roles/_welcome_msg.html.erb
5	5	app/views/people/_employers.html.erb
11	1	app/views/people/_form.html.erb
2	2	features/step_definitions/integration_steps.rb

--e679c0f25a--2015-04-20--Trey Evans
2	0	features/integration/employee_sign_up.feature
14	2	features/step_definitions/integration_steps.rb

--99e942a01f--2015-04-20--Dan Thomas
--a9db2b923d--2015-04-20--Dan Thomas
3	3	app/models/builders/irs_group_builder.rb
7	1	app/models/coverage_household.rb
17	2	app/models/coverage_household_member.rb
80	11	app/models/family.rb
22	31	app/models/household.rb
10	13	app/models/irs_group.rb
11	11	app/models/person_relationship.rb
2	2	app/models/tax_household.rb
2	2	spec/factories/households.rb
3	3	spec/models/builders/irs_group_builder_spec.rb
88	1	spec/models/family_spec.rb
5	0	spec/models/household_spec.rb
2	2	spec/models/irs_group_spec.rb

--147503115e--2015-04-20--Brian Russel Davis
27	0	app/controllers/people_controller.rb

--f8d3a46455--2015-04-20--Dan Thomas
2	4	spec/models/family_member_spec.rb

--a8eb3a60dd--2015-04-20--Ken Lu
1	0	Gemfile
2	0	Gemfile.lock
11	11	features/integration/employee_sign_up.feature
5	0	features/integration/home.feature
22	0	features/integration/plan_filter.feature
68	8	features/step_definitions/integration_steps.rb
9	2	features/step_definitions/user_steps.rb

--28b6d10a66--2015-04-20--Brian Russel Davis
6	1	app/views/shared/_person_search_fields.html.erb

--06a72e11db--2015-04-20--Brian Russel Davis
7	1	app/views/consumer/employee_roles/_search_fields.html.erb

--97b9b3a51c--2015-04-19--Ken Lu
42	25	app/assets/javascripts/plan_shopping.js.erb
4	1	app/views/plan_shopping/_plan_details.html.erb
4	4	app/views/plan_shopping/_plan_filters.html.erb