--b9f9a2a8--2015-07-10--Henry Hadlow
--70f5c8ed--2015-07-09--Henry Hadlow
36	9	app/views/petitions/_debate_threshold.html.erb
12	4	app/views/petitions/_response_threshold.html.erb
1	1	app/views/petitions/_threshold_details.html.erb
3	3	config/locales/petitions.en-GB.yml
10	10	spec/helpers/date_time_helper_spec.rb

--2e1bd7a6--2015-07-09--Henry Hadlow
1	1	app/views/petitions/check_results.html.erb

--05243acd--2015-07-09--Henry Hadlow
1	1	app/views/archived/petitions/index.html.erb

--8bda6640--2015-07-09--Henry Hadlow
4	2	app/views/archived/petitions/show.html.erb
3	3	features/joe_views_an_archived_petition.feature

--15a44bab--2015-07-09--Henry Hadlow
3	5	app/views/feedback/index.html.erb

--97b03c34--2015-07-09--Henry Hadlow
1	1	app/assets/stylesheets/petitions/views/_shared.scss

--6647ad9b--2015-07-09--Henry Hadlow
3	0	spec/mailers/previews/petition_mailer_preview.rb

--e9e2d1b9--2015-07-09--Henry Hadlow
5	7	app/views/feedback/thanks.html.erb

--e9e53562--2015-07-10--Alan Thomas
--54668571--2015-07-09--Andrew White
31	9	app/controllers/petitions_controller.rb
5	0	app/models/petition.rb
3	3	features/laura_signs_charlies_petition_as_a_sponsor.feature
4	1	spec/controllers/petitions_controller_spec.rb

--0493c38f--2015-07-09--Andrew White
7	2	app/controllers/signatures_controller.rb
1	0	app/mailers/sponsor_mailer.rb
19	28	app/models/petition.rb
1	1	app/views/sponsor_mailer/sponsor_signed_email_below_threshold.text.erb
1	1	app/views/sponsor_mailer/sponsor_signed_email_on_threshold.html.erb
5	0	db/migrate/20150709152530_add_moderation_threshold_reached_at_to_petition.rb
4	1	db/structure.sql
0	15	spec/controllers/signatures_controller_spec.rb
5	4	spec/factories.rb
49	91	spec/models/petition_spec.rb

--d1574db2--2015-07-09--Henry Hadlow
0	22	app/assets/stylesheets/govuk_frontend_toolkit/_font_stack.scss