--c870dc70--2015-06-26--alanth
--95a75f71--2015-06-26--Paula Stepinska
1	1	app/assets/stylesheets/petitions/views/_shared.scss

--c7feab30--2015-06-26--Alexander Bobin
--3162eae0--2015-06-26--Paula Stepinska
15	0	config/routes.rb
51	0	spec/requests/redirect_old_urls_spec.rb
5	2	spec/support/ssl.rb

--58c53668--2015-06-24--Murray Steele
1	1	app/controllers/admin/debate_outcomes_controller.rb
1	1	app/controllers/admin/petitions_controller.rb
5	0	app/helpers/admin_helper.rb
1	1	app/views/admin/debate_outcomes/show.html.erb
1	1	app/views/admin/government_response/show.html.erb
1	2	app/views/admin/petitions/edit_scheduled_debate_date.html.erb
2	2	features/admin/moderator_updates_petition_scheduled_debate_date.feature
2	2	features/admin/providing_debate_outcome_information.feature
5	0	spec/controllers/admin/debate_outcomes_controller_spec.rb

--30ecb7fa--2015-06-24--Murray Steele
2	2	app/controllers/admin/government_response_controller.rb
5	3	features/admin/threshold.feature
3	0	features/support/paths.rb
14	4	spec/controllers/admin/government_response_controller_spec.rb

--0de7a003--2015-06-24--Murray Steele
0	9	app/views/admin/government_response/show.html.erb
1	1	app/views/layouts/admin.html.erb
0	12	public/javascripts/edit_response_controller.js
0	42	spec/javascripts/edit_response_controller_spec.js

--5af4654b--2015-06-24--Murray Steele
4	4	app/controllers/admin/government_response_controller.rb
3	3	features/admin/threshold.feature
26	0	spec/controllers/admin/government_response_controller_spec.rb

--d021546a--2015-06-24--Murray Steele
3	8	app/controllers/admin/government_response_controller.rb
0	3	app/models/petition.rb
1	9	app/views/admin/government_response/show.html.erb
3	6	features/admin/threshold.feature
1	2	features/step_definitions/moderation_steps.rb
64	89	spec/controllers/admin/government_response_controller_spec.rb
11	26	spec/models/petition_spec.rb

--1e6d28f0--2015-06-24--Murray Steele
2	2	app/views/admin/government_response/show.html.erb
4	4	features/admin/threshold.feature
2	2	features/step_definitions/moderation_steps.rb