--d4be57e6--2015-06-25--Murray Steele
--b22038f0--2015-06-25--Pete Herlihy
--80ebf457--2015-06-25--Andrew White
1	0	Gemfile
2	0	Gemfile.lock

--e3d8123c--2015-06-25--Pete Herlihy
1	1	app/views/petitions/_debate_threshold.html.erb

--6ac2971c--2015-06-25--Pete Herlihy
1	1	features/suzie_views_a_petition.feature

--86bd481b--2015-06-24--Otto Laitila
1	1	app/views/petitions/check_results.html.erb
2	2	app/views/petitions/index.html.erb
0	0	app/views/{ => petitions}/search/_filter_nav.html.erb
16	0	app/views/petitions/search/_results.html.erb
0	0	app/views/{ => petitions}/search/_results_for_pre_create_petition.html.erb
0	0	app/views/{search/petitions => petitions/search/result_items}/_petition_result_for_facet_all.html.erb
3	0	app/views/petitions/search/result_items/_petition_result_for_facet_awaiting_debate_date.html.erb
0	0	app/views/{search/petitions => petitions/search/result_items}/_petition_result_for_facet_awaiting_response.html.erb
0	0	app/views/{search/petitions => petitions/search/result_items}/_petition_result_for_facet_closed.html.erb
0	0	app/views/{search/petitions => petitions/search/result_items}/_petition_result_for_facet_open.html.erb
0	0	app/views/{search/petitions => petitions/search/result_items}/_petition_result_for_facet_rejected.html.erb
0	0	app/views/{search/petitions => petitions/search/result_items}/_petition_result_for_facet_with_debate_outcome.html.erb
0	0	app/views/{search/petitions => petitions/search/result_items}/_petition_result_for_facet_with_response.html.erb
0	3	app/views/search/_result_list_footer.html.erb
0	8	app/views/search/_results.html.erb
0	7	app/views/search/_results_table.html.erb

--5f93012c--2015-06-24--Otto Laitila
5	0	app/assets/stylesheets/petitions/views/_search.scss
5	7	app/views/petitions/index.html.erb

--2aa72783--2015-06-24--Otto Laitila
2	2	features/step_definitions/moderation_steps.rb
5	2	features/step_definitions/search_steps.rb
35	10	features/suzie_searches_by_free_text.feature

--4b261aca--2015-06-24--Otto Laitila
0	7	app/controllers/search_controller.rb
0	8	app/views/search/search.html.erb
0	6	app/views/static_pages/home.html.erb
10	15	features/step_definitions/search_steps.rb
12	72	features/suzie_searches_by_free_text.feature

--4ffebcf1--2015-06-22--Otto Laitila
6	0	app/helpers/search_helper.rb
2	0	app/views/petitions/index.html.erb
5	0	features/suzie_views_all_petitions.feature
27	0	spec/helpers/search_helper_spec.rb

--4135d170--2015-06-22--Otto Laitila
8	1	app/views/petitions/index.html.erb
0	1	app/views/search/search.html.erb

--e0bfb8ad--2015-06-24--Henry Hadlow
7	5	app/assets/stylesheets/petitions/_buttons.scss
0	5	app/assets/stylesheets/petitions/_forms.scss
2	2	app/assets/stylesheets/petitions/_layout.scss
3	0	app/assets/stylesheets/petitions/_typography.scss
3	6	app/assets/stylesheets/petitions/views/_petition-show.scss
22	7	app/assets/stylesheets/petitions/views/_shared.scss
27	0	app/views/petitions/_closed_petition_show.html.erb
16	28	app/views/petitions/{_petition_show.html.erb => _open_petition_show.html.erb}
3	13	app/views/petitions/show.html.erb
1	1	app/views/signatures/create/_signer_ui.html.erb
2	2	features/suzie_views_a_petition.feature