--9916944c--2015-06-23--Alexander Bobin
--2480241c--2015-06-23--Alexander Bobin
--4757aaa2--2015-06-23--mybits
--e4154cd1--2015-06-23--Murray Steele
--9fe52b53--2015-06-23--Murray Steele
--4613084e--2015-06-23--Andrew White
--4eb05aad--2015-06-22--Andrew White
11	4	.travis.yml
1	0	Gemfile
2	0	Gemfile.lock
62	5	lib/package_builder.rb

--9c198df4--2015-06-22--Andrew White
5	3	app/views/petitions/_petition_show.html.erb
4	0	features/step_definitions/petition_steps.rb
5	0	features/suzie_views_a_petition.feature

--e06fb1d9--2015-06-22--Andrew White
1	0	config/database.yml
1	1	config/newrelic.yml
3	0	config/puma.rb

--d1222020--2015-06-19--Alexander Bobin
16	0	app/assets/stylesheets/petitions/views/_home.scss
29	0	app/helpers/home_helper.rb
1	1	app/helpers/signature_helper.rb
12	0	app/views/static_pages/home.html.erb
11	1	config/locales/petitions.en-GB.yml
23	0	features/step_definitions/actioned_steps.rb
25	0	features/suzie_sees_actioned_petitions.feature
2	1	spec/factories.rb
53	0	spec/helpers/home_helper_spec.rb
1	1	spec/helpers/signature_helper_spec.rb

--e1c1c5e0--2015-06-22--Murray Steele
7	2	app/views/petitions/_petition_show.html.erb
7	2	app/views/petitions/_rejected_petition_show.html.erb
7	8	app/views/petitions/create/_replay_petition_ui.html.erb

--8c1c0f76--2015-06-22--Murray Steele
8	35	app/controllers/admin/petitions_controller.rb
0	14	app/views/admin/petitions/edit.html.erb
1	1	config/routes.rb
16	133	spec/controllers/admin/petitions_controller_spec.rb
55	0	spec/routing/admin/petitions_spec.rb

--a96b9de9--2015-06-22--Murray Steele
17	0	app/views/admin/moderation/_form.html.erb
1	1	app/views/admin/petitions/_reject.html.erb
27	10	app/views/admin/petitions/show.html.erb

--14680cef--2015-06-22--Murray Steele
42	0	app/controllers/admin/moderation_controller.rb
1	0	config/routes.rb
173	0	spec/controllers/admin/moderation_controller_spec.rb
27	0	spec/routing/admin/petitions/moderation_spec.rb

--156622c4--2015-06-22--Murray Steele
1	1	app/controllers/admin/petition_details_controller.rb
1	1	app/controllers/admin/searches_controller.rb
1	1	app/views/admin/petition_details/show.html.erb
1	1	app/views/admin/todolist/index.html.erb
1	1	spec/controllers/admin/petition_details_controller_spec.rb
1	1	spec/controllers/admin/searches_controller_spec.rb

--afc63401--2015-06-22--Murray Steele
6	6	features/admin/moderator_responds_to_petition.feature
13	18	features/step_definitions/moderation_steps.rb
5	2	features/support/paths.rb

--aaa065a1--2015-06-19--Murray Steele
0	2	app/controllers/admin/petitions_controller.rb

--1bbea92e--2015-06-22--Andrew White
1	1	app/models/constituency_petition_journal.rb
0	1	app/models/debate_outcome.rb
10	0	db/migrate/20150621200307_add_foreign_keys.rb
50	0	db/structure.sql
27	23	spec/models/constituency_petition_journal_spec.rb
7	5	spec/models/debate_outcome_spec.rb
75	78	spec/models/signature_spec.rb