--03dafa99--2015-06-19--Andrew White
--6a5849d0--2015-06-19--Andrew White
14	1	app/assets/stylesheets/petitions/views/_shared.scss
5	0	app/assets/stylesheets/petitions/views/_sign.scss
10	0	app/models/signature.rb
1	1	app/views/petitions/thank_you.html.erb
3	3	app/views/signatures/signed.html.erb
1	1	app/views/signatures/thank_you.html.erb
0	1	features/step_definitions/signature_steps.rb
5	5	features/suzie_signs_a_petition.feature
2	1	spec/factories.rb
46	0	spec/models/signature_spec.rb

--8f8350e3--2015-06-19--Alexander Bobin
--3447ed79--2015-06-19--Murray Steele
2	2	app/jobs/email_debate_outcomes_job.rb
5	5	app/jobs/email_petition_signatories.rb
2	2	app/jobs/email_threshold_response_job.rb

--d55c3a8e--2015-06-18--Murray Steele
3	10	app/jobs/email_debate_outcomes_job.rb
14	7	app/jobs/email_petition_signatories.rb
3	10	app/jobs/email_threshold_response_job.rb
40	39	spec/jobs/email_petition_signatories_spec.rb

--734e17b5--2015-06-18--Murray Steele
5	5	spec/jobs/email_petition_signatories_spec.rb
2	2	spec/models/email_requested_receipt_spec.rb
2	2	spec/models/email_sent_receipt_spec.rb
32	0	spec/support/time_comparison_helpers.rb

--30a5cc5c--2015-06-17--Murray Steele
1	1	app/views/admin/debate_outcomes/show.html.erb

--d0f338aa--2015-06-17--Murray Steele
1	0	app/controllers/admin/debate_outcomes_controller.rb
26	0	app/jobs/email_debate_outcomes_job.rb
70	0	spec/controllers/admin/debate_outcomes_controller_spec.rb
38	0	spec/jobs/email_debate_outcomes_job_spec.rb

--a2ef3260--2015-06-17--Murray Steele
30	21	spec/controllers/admin/petitions_controller_spec.rb

--68a98079--2015-06-17--Murray Steele
20	11	spec/models/signature_spec.rb

--471565a1--2015-06-17--Murray Steele
1	1	app/jobs/email_petition_signatories.rb
4	6	app/models/petition.rb
22	3	app/models/signature.rb
2	2	spec/jobs/email_threshold_response_job_spec.rb
50	12	spec/models/petition_spec.rb
39	8	spec/models/signature_spec.rb

--2e5b1ef7--2015-06-17--Murray Steele
1	1	app/jobs/email_petition_signatories.rb
25	0	app/models/email_sent_receipt.rb
9	4	app/models/signature.rb
32	0	db/migrate/20150617135014_create_email_sent_receipts.rb
65	1	db/structure.sql
4	0	spec/factories.rb
5	5	spec/jobs/email_petition_signatories_spec.rb
2	2	spec/jobs/email_threshold_response_job_spec.rb
73	0	spec/models/email_sent_receipt_spec.rb
56	0	spec/models/signature_spec.rb

--1a099737--2015-06-17--Murray Steele
1	1	app/jobs/email_petition_signatories.rb
3	3	app/jobs/email_threshold_response_job.rb
19	0	app/models/email_requested_receipt.rb
4	4	app/models/petition.rb
3	3	features/admin/threshold.feature
7	4	features/step_definitions/petition_steps.rb
11	8	spec/jobs/email_petition_signatories_spec.rb
4	3	spec/jobs/email_threshold_response_job_spec.rb
55	0	spec/models/email_requested_receipt_spec.rb
35	0	spec/models/petition_spec.rb

--123d679d--2015-06-17--Murray Steele
6	0	app/models/email_requested_receipt.rb
5	0	app/models/petition.rb
32	0	db/migrate/20150617114935_create_email_requested_receipts.rb
65	1	db/structure.sql
4	0	spec/factories.rb
18	0	spec/models/email_requested_receipt_spec.rb
21	0	spec/models/petition_spec.rb

--9a8baaca--2015-06-17--Murray Steele
1	3	app/controllers/admin/petitions_controller.rb
85	0	app/jobs/email_petition_signatories.rb
13	44	app/jobs/email_threshold_response_job.rb
11	0	app/models/petition.rb
7	1	app/models/signature.rb
156	0	spec/jobs/email_petition_signatories_spec.rb
10	63	spec/jobs/email_threshold_response_job_spec.rb

--20cf9b82--2015-06-16--Murray Steele
9	0	app/mailers/petition_mailer.rb
11	0	app/views/petition_mailer/notify_signer_of_debate_outcome.html.erb
11	0	app/views/petition_mailer/notify_signer_of_debate_outcome.text.erb
2	0	config/locales/petitions.en-GB.yml
32	0	spec/mailers/petition_mailer_spec.rb

--a65291e3--2015-06-16--Murray Steele
5	3	features/admin/providing_debate_outcome_information.feature
24	0	features/step_definitions/debate_outcome_steps.rb
2	2	features/step_definitions/petition_steps.rb

--99238a76--2015-06-16--Murray Steele
4	0	features/admin/threshold.feature
21	0	features/step_definitions/threshold_steps.rb