--5ac8bf74--2015-06-04--Andrew White
--398dcae7--2015-06-04--Andrew White
--0a8abd44--2015-06-04--Andrew White
--52d293a9--2015-06-04--Henry Hadlow
1	1	app/controllers/static_pages_controller.rb
1	1	app/views/archived/petitions/index.html.erb
1	1	app/views/petitions/show.html.erb
0	4	app/views/shared/_footer.html.erb
0	1	config/routes.rb
0	3	features/support/paths.rb

--ad5a7e1d--2015-06-04--David Basalla
4	3	app/lib/constituency_api.rb
1	6	app/views/petitions/create/_replay_petition_ui.html.erb
1	2	features/charlie_creates_a_petition.feature
10	0	spec/lib/constituency_api_spec.rb

--1795ef8d--2015-06-04--mybits
--0f885fef--2015-06-04--Henry Hadlow
1	1	app/assets/stylesheets/govuk_frontend_toolkit/_grid_layout.scss
3	0	app/assets/stylesheets/petitions/_panels.scss
19	5	app/assets/stylesheets/petitions/_typography.scss
1	1	app/assets/stylesheets/site.scss

--0066b6be--2015-06-04--Henry Hadlow
106	176	app/views/static_pages/help.html.erb
0	111	app/views/static_pages/how_it_works.html.erb

--3b23e761--2015-06-04--Alexander Bobin
--046f5e67--2015-06-02--Alexander Bobin
3	5	app/assets/stylesheets/petitions/_footer.scss
20	10	app/assets/stylesheets/petitions/_header.scss
9	0	app/assets/stylesheets/petitions/_helpers.scss
0	10	app/assets/stylesheets/petitions/_icons.scss
14	0	app/assets/stylesheets/petitions/views/_home.scss
0	41	app/assets/stylesheets/petitions/views/_petition-show.scss
53	0	app/assets/stylesheets/petitions/views/_shared.scss
2	0	app/assets/stylesheets/site.scss
6	12	app/views/petitions/_trending_petition.html.erb
2	11	app/views/petitions/show.html.erb
10	0	app/views/shared/_about_petitions.html.erb
1	0	app/views/shared/_header.html.erb
27	29	app/views/static_pages/home.html.erb
2	2	features/charlie_creates_a_petition.feature
1	1	features/step_definitions/petition_steps.rb
2	2	features/step_definitions/trending_steps.rb

--0fd2edfe--2015-06-01--Alexander Bobin
1	0	app/assets/stylesheets/application-ie7.css
1	0	app/assets/stylesheets/application-ie8.css
5	0	app/assets/stylesheets/site-ie7.scss
5	0	app/assets/stylesheets/site-ie8.scss
4	4	app/views/layouts/application.html.erb
1	1	config/initializers/assets.rb
0	66	public/stylesheets/ie6.css
0	11	public/stylesheets/ie7under.css
0	3	public/stylesheets/ie9.css

--417f1dfa--2015-06-01--Alexander Bobin
2	0	app/assets/javascripts/application.js
18	0	app/assets/javascripts/core.js
2	0	app/assets/javascripts/ie.js
208	0	app/assets/javascripts/vendor/details.polyfill.js
11	0	app/assets/javascripts/vendor/html5shiv-printshiv.js
9	0	app/assets/javascripts/vendor/html5shiv.js
4	2	app/views/layouts/application.html.erb
0	2	app/views/static_pages/how_it_works.html.erb
1	1	config/initializers/assets.rb
0	56	public/javascripts/accessibility.js
0	69	public/javascripts/application.js
0	355	public/javascripts/form_controller.js
0	83	public/javascripts/lightbox.js
0	154	spec/javascripts/form_controller_spec.js
0	5	spec/javascripts/spec_helper.js

--1acf9895--2015-06-04--Alexander Bobin
--f839155f--2015-06-03--Henry Hadlow
10	41	app/assets/stylesheets/petitions/_footer.scss
2	2	app/views/shared/_footer.html.erb

--83087d5c--2015-06-03--Henry Hadlow
3	1	app/views/shared/_header.html.erb

--10b5117a--2015-06-03--Henry Hadlow
-	-	public/images/logos/hm-gov-crest-2x.png
-	-	public/images/logos/hm-gov-crest-ie.png
-	-	public/images/logos/hm-gov-crest.png
-	-	public/images/logos/hm-gov-crown-2x.png
-	-	public/images/logos/hm-gov-crown-ie.png
-	-	public/images/logos/hm-gov-crown.png
-	-	public/images/logos/open-government-licence.png
-	-	public/images/logos/open-government-licence_2x.png
-	-	public/images/logos/parliament-crest-2x.png
-	-	public/images/logos/parliament-crest-ie.png
-	-	public/images/logos/parliament-crest.png
-	-	public/images/logos/parliament-logo-2x.png

--3283cbfb--2015-06-03--Henry Hadlow
1	1	app/views/layouts/application.html.erb
0	34	app/views/shared/_icons.html.erb
34	0	app/views/shared/_os.html.erb
3	3	app/views/shared/_social_meta.html.erb
4	4	public/browserconfig.xml
-	-	public/images/os-social/android/icon-192x192.png
-	-	public/images/{android-icons => os-social/android}/launcher-icon-0-75x.png
-	-	public/images/{android-icons => os-social/android}/launcher-icon-1-5x.png
-	-	public/images/{android-icons => os-social/android}/launcher-icon-1x.png
-	-	public/images/{android-icons => os-social/android}/launcher-icon-2x.png
-	-	public/images/{android-icons => os-social/android}/launcher-icon-3x.png
-	-	public/images/{android-icons => os-social/android}/launcher-icon-4x.png
-	-	public/images/{apple-icons => os-social/apple}/apple-touch-icon-114x114.png
-	-	public/images/{apple-icons => os-social/apple}/apple-touch-icon-120x120.png
-	-	public/images/{apple-icons => os-social/apple}/apple-touch-icon-144x144.png
-	-	public/images/{apple-icons => os-social/apple}/apple-touch-icon-152x152.png
-	-	public/images/{apple-icons => os-social/apple}/apple-touch-icon-180x180.png
-	-	public/images/{apple-icons => os-social/apple}/apple-touch-icon-57x57.png
-	-	public/images/{apple-icons => os-social/apple}/apple-touch-icon-60x60.png
-	-	public/images/{apple-icons => os-social/apple}/apple-touch-icon-72x72.png
-	-	public/images/{apple-icons => os-social/apple}/apple-touch-icon-76x76.png
-	-	public/images/{apple-icons => os-social/apple}/apple-touch-icon.png
-	-	public/images/{social => os-social}/opengraph-image.png
-	-	public/images/{windows-icons => os-social/windows}/large.png
-	-	public/images/{windows-icons => os-social/windows}/square.png
-	-	public/images/{windows-icons => os-social/windows}/tiny.png
-	-	public/images/{windows-icons => os-social/windows}/wide.png
8	8	public/manifest.json

--39fbf623--2015-06-04--Otto Laitila
--e0d7b829--2015-06-03--Andrew White
7	1	lib/tasks/import.rake

--4b1d8bf7--2015-06-02--Otto Laitila
2	2	app/controllers/admin/petitions_controller.rb
5	3	app/mailers/petition_mailer.rb
0	19	app/views/petition_mailer/notify_creator_that_petition_is_rejected.html.erb
0	19	app/views/petition_mailer/notify_creator_that_petition_is_rejected.text.erb
17	0	app/views/petition_mailer/petition_rejected.html.erb
17	0	app/views/petition_mailer/petition_rejected.text.erb
17	1	spec/controllers/admin/petitions_controller_spec.rb

--3f54a6cc--2015-06-03--Henry Hadlow
234	0	app/assets/stylesheets/petitions/_icons.scss
2	1	app/assets/stylesheets/site.scss

--d858f8ad--2015-06-03--Henry Hadlow
11012	0	public/images/graphics/graphic.ai
-	-	public/images/graphics/graphic_crest-large-grey-2x.png
-	-	public/images/graphics/graphic_crest-large-grey.png
-	-	public/images/graphics/graphic_crown-2x.png
-	-	public/images/graphics/graphic_crown-grey-2x.png
-	-	public/images/graphics/graphic_crown-grey.png
-	-	public/images/graphics/graphic_crown-white-2x.png
-	-	public/images/graphics/graphic_crown-white.png
-	-	public/images/graphics/graphic_crown.png
-	-	public/images/graphics/graphic_open-government-licence-2x.png
-	-	public/images/graphics/graphic_open-government-licence.png
-	-	public/images/graphics/graphic_pen-2x.png
-	-	public/images/graphics/graphic_pen.png
-	-	public/images/graphics/graphic_portcullis-2x.png
-	-	public/images/graphics/graphic_portcullis-grey-2x.png
-	-	public/images/graphics/graphic_portcullis-grey.png
-	-	public/images/graphics/graphic_portcullis-large-grey-2x.png
-	-	public/images/graphics/graphic_portcullis-large-grey.png
-	-	public/images/graphics/graphic_portcullis-white-2x.png
-	-	public/images/graphics/graphic_portcullis-white.png
-	-	public/images/graphics/graphic_portcullis.png
755	0	public/images/icons/icon.ai
-	-	public/images/icons/icon_confirmation-tick-2x.png
-	-	public/images/icons/icon_confirmation-tick.png
-	-	public/images/icons/icon_email-2x.png
-	-	public/images/icons/icon_email.png
-	-	public/images/icons/icon_location-white-2x.png
-	-	public/images/icons/icon_location-white.png
-	-	public/images/icons/icon_play-white-2x.png
-	-	public/images/icons/icon_play-white.png
-	-	public/images/icons/icon_search-white-2x.png
-	-	public/images/icons/icon_search-white.png
-	-	public/images/icons/icon_share-email-2x.png
-	-	public/images/icons/icon_share-email.png
-	-	public/images/icons/icon_share-facebook-2x .png
-	-	public/images/icons/icon_share-facebook.png
-	-	public/images/icons/icon_share-twitter-2x.png
-	-	public/images/icons/icon_share-twitter.png
-	-	public/images/icons/icon_share-whatsapp-2x.png
-	-	public/images/icons/icon_share-whatsapp.png
-	-	public/images/icons/icon_warning-white-2x.png
-	-	public/images/icons/icon_warning-white.png

--148f3029--2015-06-03--David Basalla
8	8	app/controllers/signatures_controller.rb
11	9	app/models/petition.rb
7	6	spec/controllers/signatures_controller_spec.rb
24	20	spec/models/petition_spec.rb

--511fded3--2015-06-03--Andrew White
--37a4adad--2015-06-03--Andrew White
--cc492065--2015-06-03--Andrew White
--304e8fea--2015-06-03--Andrew White
--4e7a69ab--2015-06-03--Alexander Bobin
--ce1eb4e3--2015-06-03--Alexander Bobin
--89eab5a9--2015-06-03--Andrew White
11	0	db/migrate/20150603033108_adjust_petition_sequences.rb
5	3	db/structure.sql
8	0	spec/models/petition_spec.rb

--1f4f8bb1--2015-06-02--Andrew White
3	0	config/application.rb
0	137	db/schema.rb
532	0	db/structure.sql

--859a9101--2015-06-02--Andrew White
0	29	db/migrate/20110601101638_add_admin_user.rb
0	46	db/migrate/20110602134830_add_petitons_departments_signatures.rb
0	11	db/migrate/20110603123039_change_nullability_on_petition_signature.rb
0	11	db/migrate/20110603162922_change_perishable_token_from_integer_to_string.rb
0	9	db/migrate/20110605160523_remove_index_on_perishable_token.rb
0	14	db/migrate/20110607115626_add_admin_users_departments.rb
0	13	db/migrate/20110608121430_add_rejection_columns_to_petition.rb
0	10	db/migrate/20110610104210_add_closed_at_to_petitions.rb
0	11	db/migrate/20110610134741_add_signature_count_to_petition.rb
0	9	db/migrate/20110610151457_remove_is_hidden_field_from_petitions.rb
0	17	db/migrate/20110610170033_add_indexes_to_petitions.rb
0	9	db/migrate/20110613094348_add_notify_by_email_to_signatures.rb
0	9	db/migrate/20110615113203_add_default_notify_by_email_true_to_signatures.rb
0	16	db/migrate/20110615152238_add_system_settings.rb
0	15	db/migrate/20110616102007_add_email_response_flag_to_petition.rb
0	9	db/migrate/20110617134940_change_departments_description_to_text_field.rb
0	21	db/migrate/20110620103236_create_delayed_jobs.rb
0	9	db/migrate/20110621120440_increase_petition_description_field_length.rb
0	11	db/migrate/20110622153403_remove_address_and_town_fields_from_signature.rb
0	9	db/migrate/20110630112248_add_website_url_to_department.rb
0	17	db/migrate/20110630144936_add_internal_response_and_threshold_flag_to_petitions.rb
0	9	db/migrate/20110701093811_drop_index_from_petitions.rb
0	13	db/migrate/20110701151424_change_rejection_reason_to_rejection_code.rb
0	9	db/migrate/20110704140804_add_notified_by_email_to_petitions.rb
0	9	db/migrate/20110705143213_add_duration_to_petitions.rb
0	9	db/migrate/20110708074941_add_petition_id_and_email_index_to_signatures.rb
0	9	db/migrate/20110708093015_add_petition_id_and_state_index_to_signatures.rb
0	9	db/migrate/20110711110226_add_last_emailled_at_to_signatures.rb
0	11	db/migrate/20110711112835_convert_email_signees_into_email_requested_at_datetime.rb
0	9	db/migrate/20110714113911_switch_default_on_notify_by_email.rb
0	11	db/migrate/20120213141232_change_unique_index_on_signature_to_add_name.rb
0	15	db/migrate/20120309114857_create_department_assignments.rb
0	11	db/migrate/20120326124739_add_state_and_updated_at_index_to_signature.rb
0	14	db/migrate/20120327093020_create_trending_petitions.rb
0	11	db/migrate/20120329124536_add_get_an_mp_email_sent_at_to_petition.rb
0	9	db/migrate/20120615093311_add_encrypted_email_to_signature.rb
0	19	db/migrate/20120615151219_remove_old_email_from_signature.rb
0	11	db/migrate/20120621155427_swap_new_signatures_table_in.rb
0	9	db/migrate/20150428141550_add_queue_to_delayed_jobs.rb
0	12	db/migrate/20150430103606_create_sponsors.rb
0	24	db/migrate/20150501155244_remove_signatures_pre_encryption_table.rb
0	9	db/migrate/20150511123210_add_action_to_petitions.rb
0	5	db/migrate/20150513162113_remove_admin_users_departments_join_table.rb
0	5	db/migrate/20150514140022_allow_null_departments_on_petitions.rb
0	9	db/migrate/20150515100520_switch_default_on_notify_by_email_to_true.rb
0	5	db/migrate/20150515102858_drop_duration_from_petitions.rb
0	9	db/migrate/20150518160218_remove_get_an_mp_email_sent_at_from_petitions.rb
0	5	db/migrate/20150519154553_remove_departments_table.rb
0	5	db/migrate/20150519155135_remove_department_assignments_table.rb
0	5	db/migrate/20150519160815_remove_department_from_petitions.rb
0	5	db/migrate/20150520145442_add_email_unsubscription_fields_to_signature.rb
0	10	db/migrate/20150526154706_drop_trending_petitions.rb
0	6	db/migrate/20150528104643_remove_encrypted_email_and_perishable_token_from_sponsors.rb
0	5	db/migrate/20150528121200_add_sponsor_token_to_petitions.rb
0	15	db/migrate/20150529100225_create_archived_petitions.rb
121	0	db/migrate/20150602200239_initial_schema.rb
3	3	db/schema.rb

--fec48284--2015-06-02--Andrew White
6	9	app/helpers/date_time_helper.rb
0	1	config/initializers/time_formats.rb

--1995c6de--2015-06-02--Andrew White
13	13	app/views/shared/_icons.html.erb

--5de09f8b--2015-06-02--Andrew White
0	3	config/initializers/will_paginate.rb
18	0	config/locales/will_paginate.en-GB.yml

--23923d4e--2015-06-02--Andrew White
1	1	config/application.rb
199	0	config/locales/en-GB.yml
0	23	config/locales/en.yml

--b3e4457b--2015-06-02--Andrew White
1	2	spec/models/rejection_reason_spec.rb

--da91b439--2015-06-02--David Basalla
0	9	app/controllers/petitions_controller.rb
0	5	app/mailers/petition_mailer.rb
0	15	app/views/petition_mailer/email_confirmation_for_creator.html.erb
0	13	app/views/petition_mailer/email_confirmation_for_creator.text.erb
0	9	spec/controllers/petitions_controller_spec.rb

--80f959e1--2015-06-02--Otto Laitila
20	24	app/controllers/signatures_controller.rb
2	2	app/models/petition.rb
4	10	app/models/signature.rb
1	1	features/charlie_creates_a_petition.feature
3	46	spec/controllers/signatures_controller_spec.rb
10	52	spec/models/signature_spec.rb

--8b9ad6c4--2015-06-02--Andrew White
54	0	lib/tasks/import.rake

--7f056997--2015-06-02--David Basalla
1	0	app/controllers/signatures_controller.rb
7	0	app/models/petition.rb
8	6	features/charlie_creates_a_petition.feature
10	0	features/step_definitions/petition_steps.rb
3	3	features/step_definitions/sponsor_steps.rb
20	0	spec/models/petition_spec.rb