--d6785f11--2015-06-02--alanth
--11fd0be9--2015-06-02--Alexander Bobin
--5828b480--2015-06-02--Alexander Bobin
6	8	app/views/archived/petitions/show.html.erb

--d30c6dd5--2015-06-02--Otto Laitila
--ef08d810--2015-06-01--Otto Laitila
38	35	app/jobs/email_threshold_response_job.rb

--98e0ad4e--2015-05-31--Otto Laitila
1	1	app/controllers/admin/petitions_controller.rb
20	15	app/jobs/email_threshold_response_job.rb
1	0	config/environments/test.rb
0	2	features/step_definitions/moderation_steps.rb
4	0	features/support/custom_env.rb
22	29	spec/controllers/admin/petitions_controller_spec.rb
7	4	spec/controllers/signatures_controller_spec.rb
9	12	spec/jobs/email_threshold_response_job_spec.rb
16	10	spec/models/petition_spec.rb
0	8	spec/support/delayed_job_helpers.rb

--140b8363--2015-06-02--Pete Herlihy
--146be21d--2015-06-01--David Basalla
1	1	features/step_definitions/signature_steps.rb
1	1	spec/controllers/signatures_controller_spec.rb
11	40	spec/models/signature_spec.rb

--d0f046fd--2015-06-01--Pete Herlihy
0	4	app/views/shared/_footer.html.erb

--734fa4e9--2015-06-01--Andrew White
--b72bd1a9--2015-06-01--David Basalla
4	6	app/controllers/signatures_controller.rb

--1099c74c--2015-05-30--David Basalla
9	4	app/controllers/signatures_controller.rb
1	1	app/views/signatures/new.html.erb
7	0	app/views/signatures/signed.html.erb
3	3	config/routes.rb
16	1	features/suzie_signs_a_petition.feature
13	3	spec/controllers/signatures_controller_spec.rb

--964e888c--2015-05-31--Andrew White
15	8	spec/models/archived_petition_spec.rb

--70c7ffcc--2015-05-31--Andrew White
12	0	app/controllers/archived/petitions_controller.rb
9	1	app/controllers/petitions_controller.rb
16	0	app/views/archived/petitions/index.html.erb
48	0	app/views/archived/petitions/search.html.erb
41	0	app/views/archived/petitions/show.html.erb
38	0	features/joe_searches_for_an_archived_petition.feature
48	0	features/joe_views_an_archived_petition.feature
38	3	features/step_definitions/petition_steps.rb
9	0	features/support/paths.rb

--6b98a3f1--2015-05-31--Andrew White
14	0	app/models/archived_petition.rb
19	0	spec/models/archived_petition_spec.rb

--38933a56--2015-05-29--Andrew White
6	0	config/routes.rb
71	0	spec/routing/archived/petitions_spec.rb

--845617da--2015-05-29--Andrew White
26	0	app/models/archived_petition.rb
15	0	db/migrate/20150529100225_create_archived_petitions.rb
14	1	db/schema.rb
27	0	spec/factories.rb
140	0	spec/models/archived_petition_spec.rb