--2b683285--2015-05-29--David Basalla
--41d74368--2015-05-29--Pete Herlihy
--329dfe66--2015-05-29--Pete Herlihy
1	1	app/views/static_pages/how_it_works.html.erb

--67dedcb2--2015-05-29--Pete Herlihy
1	1	app/views/petitions/create/_replay_petition_ui.html.erb
1	1	app/views/signatures/create/_signer_ui.html.erb

--a9843de6--2015-05-29--Pete Herlihy
16	18	app/views/static_pages/help.html.erb

--eb79e19c--2015-05-29--Pete Herlihy
0	91	app/views/static_pages/cookies.html.erb

--8108bc30--2015-05-29--Pete Herlihy
0	40	app/views/static_pages/privacy_policy.html.erb

--b77e5e66--2015-05-29--Pete Herlihy
0	53	app/views/static_pages/accessibility.html.erb

--55d13d2a--2015-05-29--Pete Herlihy
116	0	app/views/static_pages/help.html.erb

--9699a208--2015-05-29--Pete Herlihy
51	0	app/views/static_pages/help.html.erb

--99f7d429--2015-05-29--Pete Herlihy
1	1	app/controllers/static_pages_controller.rb

--990a0fbc--2015-05-29--Pete Herlihy
5	27	features/user_sees_static_stuff.feature

--b50af414--2015-05-29--Pete Herlihy
2	2	app/views/static_pages/help.html.erb

--5280f000--2015-05-29--Pete Herlihy
1	1	app/views/static_pages/{terms_and_conditions.html.erb => help.html.erb}

--b8226496--2015-05-29--Pete Herlihy
4	16	spec/controllers/static_pages_controller_spec.rb

--e5e174e5--2015-05-29--Pete Herlihy
2	11	features/support/paths.rb

--94e34623--2015-05-29--Pete Herlihy
1	4	config/routes.rb

--7eff69ac--2015-05-29--Pete Herlihy
1	1	app/views/static_pages/how_it_works.html.erb

--2bc228a7--2015-05-29--Pete Herlihy
1	1	app/views/signatures/create/_signer_ui.html.erb

--f2de1f7f--2015-05-29--Pete Herlihy
1	1	app/views/petitions/create/_replay_petition_ui.html.erb

--fdb42836--2015-05-29--Pete Herlihy
2	14	app/views/layouts/application.html.erb

--fb4dcb1c--2015-05-29--Pete Herlihy
1	1	app/controllers/static_pages_controller.rb

--88a516ef--2015-05-29--David Basalla
10	14	app/lib/constituency_api.rb
2	1	app/models/signature.rb
5	20	features/charlie_creates_a_petition.feature
0	1	spec/lib/constituency_api_spec.rb
0	1	spec/models/signature_spec.rb
1	0	spec/rails_helper.rb

--7a5f2ed1--2015-05-28--David Basalla
33	31	app/lib/constituency_api.rb
1	1	app/models/signature.rb
1	1	spec/lib/constituency_api_spec.rb

--5304fd68--2015-05-28--David Basalla
2	8	features/charlie_creates_a_petition.feature
25	1	features/step_definitions/signature_steps.rb
0	14	features/step_definitions/web_steps.rb

--0207b1db--2015-05-27--David Basalla
4	0	config/environments/test.rb
0	4	features/support/webmock.rb
0	3	spec/support/webmock.rb

--3f61f9dc--2015-05-27--David Basalla
7	12	app/lib/constituency_api.rb
1	1	app/models/signature.rb
1	1	spec/lib/constituency_api_spec.rb

--81296743--2015-05-27--David Basalla
2	2	Gemfile
7	7	Gemfile.lock
15	22	app/lib/constituency_api.rb
4	0	features/charlie_creates_a_petition.feature
15	0	features/step_definitions/web_steps.rb
0	6	features/support/vcr.rb
4	0	features/support/webmock.rb
34	21	spec/lib/constituency_api_spec.rb
36	22	spec/models/signature_spec.rb
0	68	spec/support/vcr_casettes/N1.yml
0	52	spec/support/vcr_casettes/N11TY.yml
0	52	spec/support/vcr_casettes/N1_1TY.yml
0	52	spec/support/vcr_casettes/N1_1TY_.yml
0	48	spec/support/vcr_casettes/N1_status_500.yml
0	48	spec/support/vcr_casettes/SW14_9RQ.yml
0	52	spec/support/vcr_casettes/n11ty_lowercase.yml
0	7	spec/support/vcr_setup.rb
3	0	spec/support/webmock.rb

--c091fa30--2015-05-26--David Basalla
2	2	Gemfile
52	7	app/lib/constituency_api.rb
3	1	app/models/signature.rb
3	3	app/views/petitions/create/_replay_petition_ui.html.erb
1	1	features/charlie_creates_a_petition.feature
6	0	features/support/vcr.rb
40	13	spec/lib/constituency_api_spec.rb
38	1	spec/models/signature_spec.rb
68	0	spec/support/vcr_casettes/N1.yml
52	0	spec/support/vcr_casettes/N11TY.yml
52	0	spec/support/vcr_casettes/N1_1TY.yml
52	0	spec/support/vcr_casettes/N1_1TY_.yml
48	0	spec/support/vcr_casettes/N1_status_500.yml
48	0	spec/support/vcr_casettes/SW14_9RQ.yml
52	0	spec/support/vcr_casettes/n11ty_lowercase.yml
0	150	spec/support/vcr_cassettes/N1.yml
0	134	spec/support/vcr_cassettes/N11TY.yml
0	134	spec/support/vcr_cassettes/N1_1TY_.yml
0	131	spec/support/vcr_cassettes/SW14_9RQ.yml
4	3	spec/support/vcr_setup.rb

--a4ab0c0d--2015-05-22--David Basalla
2	0	Gemfile
9	0	Gemfile.lock
16	0	app/lib/constituency_api.rb
1	2	app/models/signature.rb
29	0	spec/lib/constituency_api_spec.rb
150	0	spec/support/vcr_cassettes/N1.yml
134	0	spec/support/vcr_cassettes/N11TY.yml
134	0	spec/support/vcr_cassettes/N1_1TY_.yml
131	0	spec/support/vcr_cassettes/SW14_9RQ.yml
6	0	spec/support/vcr_setup.rb

--3b5ec3ec--2015-05-21--David Basalla
1	0	Gemfile
5	0	Gemfile.lock
6	0	app/models/signature.rb
1	1	app/models/staged/base/creator_signature.rb
5	0	app/views/petitions/create/_replay_petition_ui.html.erb
25	0	features/charlie_creates_a_petition.feature
23	0	features/step_definitions/petition_steps.rb
7	0	spec/models/signature_spec.rb