--a18e1739--2015-05-21--Murray Steele
--05aac01c--2015-05-21--Andrew White
--355c76b9--2015-05-20--Pete Herlihy
0	4	public/stylesheets/application.css

--f0fa8205--2015-05-19--Murray Steele
1	0	app/views/petitions/new.html.erb
26	7	public/stylesheets/application.css

--7c452173--2015-05-19--Murray Steele
3	0	app/helpers/petition_helper.rb
3	0	app/views/petitions/create/_email_hidden.html.erb
13	0	app/views/petitions/create/_replay_email_ui.html.erb
1	1	app/views/petitions/create/_replay_petition_ui.html.erb
0	1	app/views/petitions/create/_your_details_hidden.html.erb
5	0	app/views/signatures/_email.html.erb
1	5	app/views/signatures/_form.html.erb
8	0	features/charlie_creates_a_petition.feature

--e388f6b6--2015-05-18--Murray Steele
10	0	app/models/staged/replay_email.rb
13	1	app/models/staged_petition_creator.rb
18	4	spec/controllers/petitions_controller_spec.rb
66	7	spec/models/staged_petition_creator_spec.rb

--f071f760--2015-05-18--Murray Steele
2	2	app/helpers/petition_helper.rb
1	1	app/models/staged/{submit.rb => replay_petition.rb}
7	7	app/models/staged_petition_creator.rb
1	1	app/views/petitions/create/{_submit_ui.html.erb => _replay_petition_ui.html.erb}
1	1	app/views/petitions/new.html.erb
3	5	features/charlie_creates_a_petition.feature
1	1	spec/controllers/petitions_controller_spec.rb
11	11	spec/models/staged_petition_creator_spec.rb

--03db360b--2015-05-18--Murray Steele
1	1	spec/models/staged_petition_creator_spec.rb

--ab0f001a--2015-05-18--Murray Steele
3	8	app/models/concerns/email_encrypter.rb
1	0	app/models/staged/creator.rb
17	0	app/models/staged/validations/email.rb
0	5	app/models/staged/validations/signer_details.rb
1	1	spec/controllers/petitions_controller_spec.rb

--f552f6f9--2015-05-18--Murray Steele
1	1	app/models/sponsor.rb
1	1	app/models/staged/base/creator_signature.rb
1	4	app/models/staged/validations/signer_details.rb
0	1	app/views/petitions/create/_your_details_hidden.html.erb
0	7	app/views/signatures/_form.html.erb
0	4	app/views/signatures/new.html.erb
0	4	features/charlie_creates_a_petition.feature
0	9	features/step_definitions/signature_steps.rb
0	1	features/step_definitions/sponsor_steps.rb
0	7	features/suzie_signs_a_petition.feature
1	4	spec/controllers/petitions_controller_spec.rb
9	2	spec/controllers/signatures_controller_spec.rb
0	1	spec/factories.rb
0	19	spec/models/signature_spec.rb
0	4	spec/models/sponsor_spec.rb
1	2	spec/models/staged_petition_creator_spec.rb

--d2b402fa--2015-05-20--Pete Herlihy
6	18	public/stylesheets/application.css

--02435db3--2015-05-20--Pete Herlihy
0	7	features/user_sees_static_stuff.feature

--7ffe89d2--2015-05-20--Pete Herlihy
0	3	features/support/paths.rb

--c696a051--2015-05-20--Pete Herlihy
0	1	config/routes.rb

--5afe536b--2015-05-20--Pete Herlihy
0	130	app/views/static_pages/faq.html.erb

--84e554ca--2015-05-20--Pete Herlihy
0	4	app/views/layouts/application.html.erb

--862cda97--2015-05-20--Pete Herlihy
0	1	app/views/feedback/index.html.erb

--c566b779--2015-05-20--Pete Herlihy
1	1	app/controllers/static_pages_controller.rb