--7aeae45b--2015-05-14--David Basalla
--24c133dc--2015-05-14--David Basalla
1	1	app/controllers/petitions_controller.rb
1	1	app/controllers/signatures_controller.rb
1	1	app/controllers/sponsors_controller.rb
0	2	app/models/signature.rb
1	1	app/models/staged/base/creator_signature.rb
0	2	app/models/staged/validations/signer_details.rb
0	2	app/views/petitions/create/_your_details_hidden.html.erb
0	12	app/views/signatures/_form.html.erb
0	8	app/views/signatures/new.html.erb
0	2	features/charlie_creates_a_petition.feature
0	2	features/step_definitions/signature_steps.rb
0	4	features/step_definitions/sponsor_steps.rb
1	13	spec/controllers/petitions_controller_spec.rb
1	1	spec/controllers/signatures_controller_spec.rb
0	2	spec/controllers/sponsors_controller_spec.rb
0	2	spec/factories.rb
0	2	spec/models/signature_spec.rb
0	1	spec/models/staged_petition_creator_spec.rb

--de7e81ae--2015-05-14--Murray Steele
--20bec5ab--2015-05-14--Murray Steele
--dbd69942--2015-05-14--David Basalla
1	4	app/views/petitions/show.html.erb

--7b7d9363--2015-05-14--David Basalla
0	1	app/views/static_pages/home.html.erb
0	38	features/suzie_searches_by_department.feature
0	1	public/stylesheets/application.css