--20bec5ab--2015-05-14--Murray Steele
--dbd69942--2015-05-14--David Basalla
1	4	app/views/petitions/show.html.erb

--73e29ebc--2015-05-14--Murray Steele
--3e40de3b--2015-05-13--Murray Steele
2	1	app/controllers/petitions_controller.rb
9	1	app/models/staged_petition_creator.rb

--d018af46--2015-05-13--Murray Steele
115	87	app/models/staged_petition_creator.rb
19	19	spec/controllers/petitions_controller_spec.rb
135	290	spec/models/staged_petition_creator_spec.rb

--ea65a13f--2015-05-12--Murray Steele
0	27	app/models/staged_petition_creator.rb

--49a43525--2015-05-12--Murray Steele
31	2	app/controllers/petitions_controller.rb
9	39	app/models/staged_petition_creator.rb

--e3ce52b4--2015-05-12--Murray Steele
6	7	app/controllers/petitions_controller.rb
16	16	app/helpers/petition_helper.rb
70	32	app/models/staged_petition_creator.rb
1	1	app/views/petitions/create/_submit_ui.html.erb
1	1	app/views/petitions/create/_your_details_ui.html.erb
8	8	app/views/petitions/new.html.erb

--81cc6d0e--2015-05-12--Murray Steele
31	0	app/models/staged/base/creator_signature.rb
18	0	app/models/staged/base/petition.rb
11	0	app/models/staged/creator.rb
28	0	app/models/staged/has_creator_signature.rb
5	0	app/models/staged/petition.rb
26	0	app/models/staged/sponsors.rb
9	0	app/models/staged/submit.rb
1	1	app/models/staged/validations/sponsor_details.rb

--26ffd177--2015-05-12--Murray Steele
4	4	app/views/petitions/create/_submit_ui.html.erb

--a69ce298--2015-05-12--Murray Steele
2	18	app/models/petition.rb
3	15	app/models/signature.rb
21	0	app/models/staged/validations/petition_details.rb
38	0	app/models/staged/validations/signer_details.rb
23	0	app/models/staged/validations/sponsor_details.rb
17	0	app/models/staged/validations/terms.rb

--5c21af92--2015-05-07--Murray Steele
2	0	app/helpers/petition_helper.rb
3	2	app/views/petitions/create/_petition_details_ui.html.erb
2	3	app/views/petitions/create/_sponsor_details_ui.html.erb
2	3	app/views/petitions/create/_submit_ui.html.erb
2	2	app/views/petitions/create/_your_details_ui.html.erb

--10532241--2015-05-06--Murray Steele
12	0	app/controllers/petitions_controller.rb
1	0	app/helpers/petition_helper.rb
57	10	app/models/staged_petition_creator.rb
1	1	app/views/petitions/create/_petition_details_ui.html.erb
2	2	app/views/petitions/create/_sponsor_details_ui.html.erb
2	2	app/views/petitions/create/_submit_ui.html.erb
2	2	app/views/petitions/create/_your_details_ui.html.erb
2	2	app/views/petitions/new.html.erb
57	30	spec/controllers/petitions_controller_spec.rb
265	0	spec/models/staged_petition_creator_spec.rb

--35a7a3ae--2015-05-06--Murray Steele
1	2	app/controllers/petitions_controller.rb
20	10	app/models/staged_petition_creator.rb
1	1	app/views/petitions/create/_submit_ui.html.erb
68	0	spec/models/staged_petition_creator_spec.rb

--737e0a4f--2015-05-06--Murray Steele
4	2	app/helpers/petition_helper.rb
13	7	app/models/staged_petition_creator.rb
1	1	app/views/petitions/create/_submit_ui.html.erb
1	1	app/views/petitions/create/_your_details_ui.html.erb
3	8	spec/controllers/petitions_controller_spec.rb
38	0	spec/models/staged_petition_creator_spec.rb

--3b70d21d--2015-05-06--Murray Steele
4	4	app/views/petitions/create/_submit_ui.html.erb

--3a09b00c--2015-05-06--Murray Steele
16	0	app/helpers/petition_helper.rb
5	0	app/views/petitions/create/_petition_details_hidden.html.erb
1	0	app/views/petitions/create/_sponsor_details_hidden.html.erb
3	0	app/views/petitions/create/_submit_hidden.html.erb
10	0	app/views/petitions/create/_your_details_hidden.html.erb

--458237cb--2015-05-06--Murray Steele
13	50	app/controllers/petitions_controller.rb
13	0	app/helpers/petition_helper.rb
97	0	app/models/staged_petition_creator.rb
4	0	app/views/petitions/create/_petition_details_ui.html.erb
5	0	app/views/petitions/create/_sponsor_details_ui.html.erb
3	2	app/views/petitions/create/_submit_ui.html.erb
7	2	app/views/petitions/create/_your_details_ui.html.erb
7	10	app/views/petitions/new.html.erb
36	86	features/charlie_creates_a_petition.feature
2	2	features/step_definitions/inspection_steps.rb
42	29	spec/controllers/petitions_controller_spec.rb

--97cfebf0--2015-05-06--Murray Steele
52	0	app/views/petitions/create/_petition_details_ui.html.erb
12	0	app/views/petitions/create/_sponsor_details_ui.html.erb
24	0	app/views/petitions/create/_submit_ui.html.erb
6	0	app/views/petitions/create/_your_details_ui.html.erb
4	98	app/views/petitions/new.html.erb

--4a2f75e9--2015-05-06--Murray Steele
0	106	app/views/petitions/new.html.erb
0	2	public/stylesheets/application.css

--941aa300--2015-05-05--Murray Steele
1	0	app/models/signature.rb
1	1	spec/factories.rb
1	1	spec/models/petition_spec.rb
23	0	spec/models/signature_spec.rb

--f7d3076c--2015-05-14--Murray Steele
--346881d6--2015-05-13--David Basalla
9	1	spec/factories.rb
7	29	spec/models/petition_spec.rb

--ffda497e--2015-05-13--David Basalla
8	6	app/models/petition.rb
34	0	spec/models/petition_spec.rb

--96acf660--2015-05-12--David Basalla
3	3	features/admin/moderator_responds_to_petition.feature
2	2	features/admin/search_for_petition_by_id.feature
5	4	features/admin/todolist.feature
1	1	features/step_definitions/department_assignment_steps.rb
1	1	features/step_definitions/moderation_steps.rb
1	1	features/step_definitions/petition_steps.rb
2	2	spec/controllers/admin/petitions_controller_spec.rb
3	3	spec/controllers/admin/todolist_controller_spec.rb

--d5220988--2015-05-12--David Basalla
2	2	app/controllers/admin/petitions_controller.rb
2	2	app/controllers/admin/todolist_controller.rb
1	0	app/controllers/sponsors_controller.rb
9	0	app/models/petition.rb
7	0	spec/controllers/sponsors_controller_spec.rb
1	0	spec/models/petition_spec.rb

--83ecd7ae--2015-05-12--David Basalla
2	2	app/models/concerns/state.rb
4	0	spec/factories.rb
18	13	spec/models/petition_spec.rb

--edbb2987--2015-05-12--David Basalla
3	1	app/models/concerns/state.rb

--82f89808--2015-05-11--Murray Steele
5	0	app/controllers/sponsors_controller.rb
11	0	app/models/petition.rb
6	0	spec/controllers/sponsors_controller_spec.rb
4	0	spec/factories.rb
63	0	spec/models/petition_spec.rb

--9672802d--2015-05-11--Murray Steele
2	0	app/mailers/application_mailer.rb
0	2	app/mailers/petition_mailer.rb
21	0	app/mailers/sponsor_mailer.rb
9	0	app/views/sponsor_mailer/sponsor_signed_email_below_threshold.html.erb
9	0	app/views/sponsor_mailer/sponsor_signed_email_below_threshold.text.erb
9	0	app/views/sponsor_mailer/sponsor_signed_email_on_threshold.html.erb
9	0	app/views/sponsor_mailer/sponsor_signed_email_on_threshold.text.erb

--fe593eda--2015-05-11--Murray Steele
8	0	spec/support/delayed_job_helpers.rb

--d4c53231--2015-05-11--Murray Steele
3	0	app/models/petition.rb
2	2	features/step_definitions/sponsor_steps.rb

--c2f5660d--2015-05-11--Murray Steele
7	0	app/models/sponsor.rb
24	0	spec/models/sponsor_spec.rb

--75f06cf2--2015-05-11--Murray Steele
1	3	app/mailers/feedback_mailer.rb
1	4	app/mailers/petition_mailer.rb

--7af76952--2015-05-11--Murray Steele
2	1	config/application.yml
23	0	features/charlie_is_notified_about_sponsors_signing_his_petition.feature
5	0	features/step_definitions/custom_email_steps.rb
51	0	features/step_definitions/sponsor_steps.rb
32	0	features/step_definitions/sponsor_support_nofitication_steps.rb

--77589564--2015-05-11--Murray Steele
5	2	spec/factories.rb