--ac91cbb4--2017-02-17--Andrew White
--3851c5ae--2017-02-17--Andrew White
--c9aff863--2017-02-17--Pete Herlihy
2	1	app/views/pages/help.html.erb

--98733ab4--2017-02-11--Andrew White
20	1	app/controllers/local_petitions_controller.rb
9	0	app/helpers/cache_helper.rb
15	0	app/views/local_petitions/all.csv.ruby
1	1	app/views/local_petitions/all.html.erb
15	0	app/views/local_petitions/show.csv.ruby
1	1	app/views/local_petitions/show.html.erb
19	0	features/freya_searches_for_petitions_by_constituency.feature
5	1	features/step_definitions/constituency_search_steps.rb
50	0	spec/helpers/cache_helper_spec.rb
46	2	spec/requests/disallowed_format_spec.rb

--013465d3--2017-02-11--Andrew White
1	0	app/controllers/local_petitions_controller.rb
14	0	app/views/local_petitions/_petitions.json.jbuilder
6	0	app/views/local_petitions/all.html.erb
3	0	app/views/local_petitions/all.json.jbuilder
6	0	app/views/local_petitions/show.html.erb
3	0	app/views/local_petitions/show.json.jbuilder
21	0	features/freya_searches_for_petitions_by_constituency.feature
8	0	features/step_definitions/constituency_search_steps.rb
6	0	features/support/paths.rb
9	1	spec/requests/disallowed_format_spec.rb

--e3411579--2017-02-11--Andrew White
4	0	app/helpers/cache_helper.rb
2	6	app/models/petition.rb
32	30	app/views/local_petitions/all.html.erb
26	24	app/views/local_petitions/show.html.erb
12	0	config/fragments.yml
20	0	spec/helpers/cache_helper_spec.rb
4	4	spec/models/petition_spec.rb