--a57df74--2014-11-26--Sacha Chua
--396be37--2014-11-26--Sacha Chua
3	3	app/controllers/record_categories_controller.rb
5	5	app/views/record_categories/_form.html.haml
13	4	spec/controllers/record_categories_controller_spec.rb

--511d17e--2014-11-26--Sacha Chua
2	2	app/helpers/application_helper.rb

--6a83d14--2014-11-25--Sacha Chua
9	2	app/controllers/records_controller.rb
4	0	spec/controllers/records_controller_spec.rb

--0a3976a--2014-11-24--Sacha Chua
1	1	app/views/devise/mailer/confirmation_instructions.html.erb
1	1	app/views/devise/mailer/reset_password_instructions.html.erb
3	3	config/locales/devise.en.yml
1	1	config/locales/devise_invitable.en.yml

--0dbb05c--2014-11-11--Sacha Chua
3	1	app/assets/javascripts/grocery_lists.coffee
4	1	app/views/grocery_lists/show.html.haml

--a7f9d0e--2014-11-11--Sacha Chua
7	5	app/assets/javascripts/grocery_lists.coffee
5	1	app/controllers/grocery_lists_controller.rb
1	0	app/views/grocery_lists/show.html.haml
1	0	config/routes.rb
12	9	db/schema.rb
2	2	features/kitchen.feature
8	6	features/step_definitions/kitchen_steps.rb

--7b1b372--2014-11-11--Sacha Chua
3	1	app/views/records/_form.html.haml

--13bcb1e--2014-11-07--Sacha Chua
1	0	Bowerfile
3	0	app/assets/javascripts/application.js
12	3	app/assets/javascripts/grocery_lists.coffee
12	8	app/controllers/grocery_lists_controller.rb
8	8	app/views/grocery_lists/show.html.haml
1	0	config/locales/en.yml
14	7	features/step_definitions/kitchen_steps.rb
7	0	spec/controllers/grocery_lists_controller_spec.rb
1	0	vendor/assets/bower.json

--ac99a0a--2014-11-07--Sacha Chua
2	0	.gitignore

--80cac75--2014-11-07--Sacha Chua
1	0	.gitignore
11	0	Bowerfile
7	0	Gemfile
21	0	Gemfile.lock
1	0	app/assets/javascripts/application.js
15	3	app/assets/javascripts/grocery_lists.coffee
6	0	app/assets/stylesheets/style.css.sass
1	0	app/controllers/application_controller.rb
2	1	app/controllers/grocery_list_items_controller.rb
9	2	app/controllers/grocery_lists_controller.rb
0	11	app/helpers/application_helper.rb
1	1	app/views/grocery_lists/_form.html.haml
26	14	app/views/grocery_lists/show.html.haml
2	0	config/application.rb
1	0	config/routes.rb
9	0	db/schema.rb
2	4	features/kitchen.feature
31	36	features/step_definitions/kitchen_steps.rb
3	0	vendor/assets/.bowerrc
15	0	vendor/assets/bower.json
17	0	vendor/assets/bower_components/angular/.bower.json
67	0	vendor/assets/bower_components/angular/README.md
13	0	vendor/assets/bower_components/angular/angular-csp.css
25625	0	vendor/assets/bower_components/angular/angular.js
247	0	vendor/assets/bower_components/angular/angular.min.js
-	-	vendor/assets/bower_components/angular/angular.min.js.gzip
8	0	vendor/assets/bower_components/angular/angular.min.js.map
8	0	vendor/assets/bower_components/angular/bower.json
25	0	vendor/assets/bower_components/angular/package.json

--2667e5f--2014-11-03--Sacha Chua
2	1	Gemfile
6	2	Gemfile.lock
27	4	app/controllers/grocery_lists_controller.rb
5	1	app/models/ability.rb
6	0	app/models/grocery_list.rb
4	0	app/models/grocery_list_user.rb
17	3	app/views/grocery_lists/_form.html.haml
3	9	app/views/grocery_lists/index.html.haml
5	0	config/locales/en.yml
1	0	config/routes.rb
12	0	db/migrate/20141103162500_create_grocery_list_users.rb
25	1	features/kitchen.feature
73	3	features/step_definitions/kitchen_steps.rb
18	0	spec/controllers/grocery_lists_controller_spec.rb
9	0	spec/factories/grocery_list_users.rb
5	0	spec/models/grocery_list_user_spec.rb
1	0	spec/spec_helper.rb

--feab358--2014-11-03--Sacha Chua
2	2	features/goals.feature
15	4	features/step_definitions/goals_steps.rb