--7c8ab5df--2011-09-20--Jennifer Smith
--9f10f844--2011-09-09--Tom Elkin
10	10	app/models/child.rb
0	1	spec/models/child_spec.rb

--a11bf1cf--2011-09-08--Tom Elkin
2	2	app/models/child.rb
23	3	spec/models/child_spec.rb

--c21ccef5--2011-09-07--Tom Elkin
21	9	app/models/child.rb
8	1	app/views/histories/_photo_history_change.html.erb
1	0	app/views/histories/show.html.erb
20	1	spec/models/child_spec.rb

--42586149--2011-08-14--Tom Elkin
2	4	app/models/child.rb
7	5	app/views/histories/_photo_history_change.html.erb
1	2	app/views/histories/show.html.erb
15	5	spec/models/child_spec.rb
18	7	spec/views/histories/show.html.erb_spec.rb

--8c712512--2011-08-14--Tom Elkin
64	37	app/models/child.rb
5	4	app/views/histories/_photo_history_change.html.erb
1	1	app/views/histories/show.html.erb
3	11	features/view_child_record_log.feature
26	54	spec/models/child_spec.rb
2	2	spec/views/histories/show.html.erb_spec.rb

--0dc548a5--2011-08-19--deeolutayo
2	2	lib/rapid_ftr/form_section_setup.rb

--fdb4bfa3--2011-09-13--chrisgeorge
3	2	lib/tasks/cucumber.rake

--0f6e5f3a--2011-09-13--John Hume
12	0	lib/tasks/cucumber.rake

--de5ecb03--2011-09-06--Jennifer Smith
71	63	lib/export_generator.rb
54	35	spec/lib/export_generator_spec.rb