--0a0f5f43--2011-07-12--chrisgeorge
--d49d39bd--2011-07-11--zoodor
28	0	spec/views/users/_mobile_login_history.html.erb_spec.rb

--0c71d611--2011-07-06--chrisgeorge
--eb095a60--2011-07-06--Noppanit Charassinvichai
1	1	app/views/children/_show_child_toolbar.erb
5	1	app/views/children/show.html.erb

--bea08b37--2011-07-05--chrisgeorge
--d2bdb054--2011-07-05--chrisgeorge
--000d63f2--2011-07-05--chrisgeorge
--357a0afe--2011-07-05--chrisgeorge
--8bba13e5--2011-07-05--Carlos Júnior
2	4	app/controllers/children_controller.rb
1	2	app/models/search_criteria.rb
2	2	features/step_definitions/csv_steps.rb
5	7	spec/controllers/attachments_controller_spec.rb

--657de06d--2011-07-05--Carlos Júnior
1	1	public/javascripts/advanced_search.js

--4bf2daa2--2011-07-05--zoodor
2	2	app/views/users/_mobile_login_history.html.erb
1	1	app/views/users/show.html.erb

--9f55f52b--2011-07-04--zoodor
1	1	app/views/children/show.html.erb
1	1	app/views/histories/show.html.erb
4	3	spec/views/child/show.html.erb_spec.rb
20	0	spec/views/histories/show.html.erb_spec.rb

--7610888b--2011-07-02--Noppanit Charassinvichai
3	3	app/views/children/_show_child_toolbar.erb
9	13	app/views/children/show.html.erb
2	2	public/stylesheets/core.css

--798c6637--2011-06-30--Noppanit Charassinvichai
1	1	public/javascripts/form_section.js

--e558ad8a--2011-06-30--Noppanit Charassinvichai
8	3	app/views/children/_show_child_toolbar.erb
18	0	app/views/children/show.html.erb
11	0	public/stylesheets/core.css

--d7562790--2011-06-29--Noppanit Charassinvichai
1	1	app/models/user.rb
30	1	features/edit_user_details.feature
0	4	features/user_disable.feature

--6b2518d4--2011-06-28--chrisgeorge
--1e23834b--2011-06-27--Jen Smith
1	4	app/views/children/_check_boxes.html.erb
4	4	spec/views/child/_check_boxes.html.erb_spec.rb

--3ce9a43d--2011-06-26--Jen Smith
9	7	app/views/children/_check_boxes.html.erb
1	2	public/stylesheets/core.css

--a9256074--2011-06-24--Jen Smith
3	7	app/models/field.rb
0	8	app/views/children/_check_box.html.erb
1	1	app/views/children/_check_boxes.html.erb
0	1	app/views/fields/choose.html.erb
0	1	features/add_custom_field_to_form_section.feature
3	3	spec/models/child_spec.rb
2	2	spec/models/field_spec.rb
0	19	spec/models/form_section_spec.rb
0	30	spec/views/child/_check_box.erb_spec.rb
32	0	spec/views/child/_check_boxes.html.erb_spec.rb
10	16	spec/views/child/form_section.html.erb_spec.rb

--e9cf2d01--2011-06-22--Jen Smith
1	0	app/views/fields/choose.html.erb
8	14	features/add_custom_field_to_form_section.feature
0	7	features/step_definitions/more_web_steps.rb

--0ddc1c1a--2011-06-22--Jen Smith
2	2	app/controllers/histories_controller.rb
6	0	app/helpers/children_helper.rb
5	3	app/helpers/histories_helper.rb
1	0	app/models/child.rb
16	1	app/models/field.rb
1	1	app/models/field_option.rb
13	0	app/views/children/_check_boxes.html.erb
16	0	app/views/children/_field_display_audio.html.erb
5	0	app/views/children/_field_display_basic.html.erb
1	0	app/views/children/_field_display_photo.html.erb
1	18	app/views/children/_show_form_section.html.erb
1	1	app/views/fields/choose.html.erb
133	6	features/add_custom_field_to_form_section.feature
0	99	features/create_custom_fields.feature
29	0	features/step_definitions/more_web_steps.rb
13	0	spec/helpers/children_helper_spec.rb
10	18	spec/helpers/histories_helper_spec.rb
0	1	spec/models/child_spec.rb

--d2d9ee39--2011-06-20--Jen Smith
3	0	app/models/field.rb

--cc4c5763--2011-06-27--Minno
1	0	app/views/children/show.html.erb
6	0	features/step_definitions/basic_steps.rb
54	0	features/upload_a_childs_audio.feature

--1824246b--2011-06-27--Jen Smith
--ec8bf7e3--2011-06-23--Fernando Kakimoto
1	0	.gitignore
1	1	public/javascripts/vtip-min.js

--a3325953--2011-06-21--Bruce Lee
11	0	features/api_retrieve_child_photo.feature
4	0	features/step_definitions/api_steps.rb

--889a84b1--2011-06-21--Bruce Lee
21	0	features/api_retrieve_child_record.feature
8	0	features/step_definitions/api_steps.rb

--b82740bc--2011-06-21--Bruce Lee
0	1	app/controllers/children_controller.rb
4	4	features/api_create_child.feature
20	0	features/api_edit_child.feature
2	2	features/api_retrieve_child_record_ids.feature
30	5	features/step_definitions/api_steps.rb

--5860dd2f--2011-06-21--Bruce Lee
5	1	features/api_retrieve_form_sections.feature
0	1	features/step_definitions/api_steps.rb

--ecc5d576--2011-06-21--Bruce Lee
25	0	features/api_retrieve_form_sections.feature
42	1	features/step_definitions/api_steps.rb
2	1	features/support/paths.rb

--3974bc3e--2011-06-21--Bruce Lee
11	1	features/api_authentication.feature
1	1	features/step_definitions/api_steps.rb

--19daaba9--2011-06-21--chrisgeorge
--a0403656--2011-06-20--zoodor
1	0	features/step_definitions/basic_steps.rb
1	1	features/view_child_audio.feature
4	4	features/view_child_record_log.feature
0	9	spec/controllers/children_controller_spec.rb

--6f11102e--2011-06-07--Fernando Kakimoto
1	4	app/views/children/_check_box.html.erb
1	6	app/views/children/_date_field.html.erb
1	6	app/views/children/_numeric_field.html.erb
1	6	app/views/children/_photo_upload_box.html.erb
1	6	app/views/children/_radio_button.html.erb
3	8	app/views/children/_select_box.html.erb
1	6	app/views/children/_text_field.html.erb
1	6	app/views/children/_textarea.html.erb
1	1	app/views/children/edit.html.erb
2	0	app/views/layouts/application.html.erb
-	-	public/images/tool_tip_icon.gif
-	-	public/images/vtip_arrow.png
5	0	public/javascripts/vtip-min.js
3	1	public/stylesheets/core.css
2	0	public/stylesheets/vtip.css
4	4	spec/views/child/_check_box.erb_spec.rb
5	6	spec/views/child/_date_field.erb_spec.rb
5	6	spec/views/child/_numeric_field.erb_spec.rb
4	6	spec/views/child/_photo_upload_box.erb_spec.rb
5	8	spec/views/child/_radio_button.erb_spec.rb
5	6	spec/views/child/_select_box.erb_spec.rb
5	6	spec/views/child/_text_field.erb_spec.rb
5	6	spec/views/child/_textarea.erb_spec.rb