--860cc772--2011-06-26--Rikesh Dhokia
--19daaba9--2011-06-21--chrisgeorge
--72ae20c6--2011-06-07--ptodkar
8	0	app/helpers/histories_helper.rb
1	1	app/views/histories/show.html.erb
8	6	features/flag_child_record.feature
8	0	features/step_definitions/basic_steps.rb
17	0	spec/helpers/histories_helper_spec.rb

--7bbd58b8--2011-06-07--ptodkar
4	1	public/stylesheets/core.css

--9ae79952--2011-05-24--ptodkar
4	4	app/models/child.rb
2	2	app/views/children/_show_child_toolbar.erb
17	0	app/views/children/show.html.erb

--472c65fd--2011-05-24--ptodkar
9	4	app/views/children/_show_child_toolbar.erb
4	0	app/views/children/show.html.erb
5	2	app/views/histories/_flag_change.erb
0	5	app/views/histories/_flag_message_change.erb
3	7	app/views/histories/show.html.erb

--6f11102e--2011-06-07--Fernando Kakimoto
1	4	app/views/children/_check_box.html.erb
1	6	app/views/children/_date_field.html.erb
1	6	app/views/children/_numeric_field.html.erb
1	6	app/views/children/_photo_upload_box.html.erb
1	6	app/views/children/_radio_button.html.erb
3	8	app/views/children/_select_box.html.erb
1	6	app/views/children/_text_field.html.erb
1	6	app/views/children/_textarea.html.erb
1	1	app/views/children/edit.html.erb
2	0	app/views/layouts/application.html.erb
-	-	public/images/tool_tip_icon.gif
-	-	public/images/vtip_arrow.png
5	0	public/javascripts/vtip-min.js
3	1	public/stylesheets/core.css
2	0	public/stylesheets/vtip.css
4	4	spec/views/child/_check_box.erb_spec.rb
5	6	spec/views/child/_date_field.erb_spec.rb
5	6	spec/views/child/_numeric_field.erb_spec.rb
4	6	spec/views/child/_photo_upload_box.erb_spec.rb
5	8	spec/views/child/_radio_button.erb_spec.rb
5	6	spec/views/child/_select_box.erb_spec.rb
5	6	spec/views/child/_text_field.erb_spec.rb
5	6	spec/views/child/_textarea.erb_spec.rb

--28fd640b--2011-05-31--chrisgeorge
19	13	features/api_create_child.feature
5	3	features/api_retrieve_child_record_ids.feature

--4551857a--2011-05-31--chrisgeorge
--7f5907d7--2011-05-31--chrisgeorge
0	1	features/upload_a_childs_photo.feature

--aa621066--2011-05-31--chrisgeorge
--ba4794c8--2011-05-31--iliasbartolini
0	1	app/models/child.rb

--9e864366--2011-05-30--chrisgeorge
9	3	app/views/users/_devices.html.erb
0	1	features/edit_an_existing_photo.feature
3	2	features/edit_user_details.feature
4	4	features/manage_forms.feature
4	0	features/step_definitions/more_web_steps.rb
116	135	lib/rapid_ftr/form_section_setup.rb

--aa5fc731--2011-05-30--chrisgeorge
--b7a540ca--2011-05-25--Nathan Fisher
0	0	vendor/plugins/couchrest-rails/{ => lib}/tasks/couch_rest_rails_tasks.rake

--7fd7b779--2011-05-30--chrisgeorge
--47baec5d--2011-05-30--iliasbartolini
1	1	app/controllers/children_controller.rb
24	14	app/models/child.rb
6	2	app/views/children/_photo_upload_box.html.erb
1	1	features/step_definitions/photo_thumbnail_steps.rb
25	0	features/upload_a_childs_photo.feature
1	0	public/stylesheets/core.css
6	6	spec/models/child_spec.rb

--fab7d694--2011-05-28--Sreenivas Ananthakrishna
12	8	app/models/child.rb
2	8	spec/controllers/children_controller_spec.rb
11	1	spec/models/child_spec.rb

--ae84169c--2011-05-24--Rikesh Dhokia
9	0	app/controllers/advanced_search_controller.rb
1	1	app/helpers/application_helper.rb
1	1	config/routes.rb
2	1	features/advanced_search.feature
2	2	public/javascripts/advanced_search.js
2	1	spec/controllers/advanced_search_controller_spec.rb

--8c813061--2011-05-23--Sreenivas Ananthakrishna
1	1	app/controllers/child_media_controller.rb
3	6	app/models/child.rb
1	1	app/views/children/_picture.html.erb
7	1	app/views/children/show.html.erb
26	0	features/edit_an_existing_photo.feature
2	2	lib/pdf_generator.rb
-	-	public/images/lightbox-blank.gif
-	-	public/images/lightbox-btn-close.gif
-	-	public/images/lightbox-ico-loading.gif
1	1	spec/controllers/child_media_controller_spec.rb
5	1	spec/models/child_spec.rb
2	3	spec/support/child_builder.rb
0	27	spec/views/fields/_common.html.erb_spec.rb
0	43	spec/views/fields/_suggested_field.html.erb_spec.rb

--cc60a635--2011-05-22--Farooq Ali
4	4	app/controllers/children_controller.rb
1	1	app/views/children/_summary_row.html.erb
20	21	spec/controllers/children_controller_spec.rb
2	1	spec/views/child/search.html.erb_spec.rb

--c6e0afe3--2011-05-22--Sreenivas Ananthakrishna
1	0	Gemfile
5	0	Gemfile.lock

--14a34bd7--2011-05-19--Rikesh Dhokia
1	1	app/views/advanced_search/index.html.erb
18	2	public/javascripts/advanced_search.js

--ad7023bd--2011-05-18--Sreenivas Ananthakrishna
--398319cf--2011-05-18--Sreenivas Ananthakrishna
1	1	app/models/child.rb
1	4	spec/models/child_spec.rb

--5664497e--2011-05-18--Rikesh Dhokia
1	1	spec/controllers/advanced_search_controller_spec.rb

--461733c8--2011-05-18--Sreenivas Ananthakrishna
5	6	app/models/child.rb
-	-	features/resources/jorge_jpg
7	4	spec/models/child_spec.rb
8	0	spec/spec_helper.rb

--6e596dda--2011-05-17--Sreenivas Ananthakrishna
--4f37eb24--2011-05-13--Sreenivas Ananthakrishna
1	1	app/models/child.rb
17	0	spec/models/child_spec.rb

--747b5c9a--2011-05-13--Sreenivas Ananthakrishna
1	1	spec/integration/children_spec.rb
3	3	spec/models/child_spec.rb
17	0	spec/support/matchers/photo.rb

--6d59ae73--2011-05-13--Sreenivas Ananthakrishna
22	15	app/models/child.rb
1	1	app/views/children/_picture.html.erb
1	1	features/step_definitions/web_steps.rb
4	4	features/upload_a_childs_photo.feature
2	2	spec/controllers/attachments_controller_spec.rb
11	17	spec/integration/children_spec.rb
14	76	spec/models/child_spec.rb

--222c85e9--2011-05-13--Sreenivas Ananthakrishna
0	12	features/view_child.feature

--5b4496c4--2011-05-07--Sreenivas Ananthakrishna
1	1	app/views/children/_photo_upload_box.html.erb
6	0	app/views/children/_picture.html.erb
1	0	features/upload_a_childs_photo.feature
12	0	features/view_child_audio.feature

--fc096325--2011-04-26--Sreenivas Ananthakrishna
10	6	app/models/child.rb
6	3	app/views/children/_photo_upload_box.html.erb
6	6	app/views/children/_picture.html.erb
8	0	features/step_definitions/basic_steps.rb
6	5	features/step_definitions/photo_thumbnail_steps.rb
16	0	features/upload_a_childs_photo.feature
14	0	spec/models/child_spec.rb

--dabd7176--2011-04-26--Sreenivas Ananthakrishna
35	12	app/models/child.rb
1	1	app/views/children/_photo_upload_box.html.erb
9	6	app/views/children/_picture.html.erb
1	3	features/child_record_validations.feature
1	1	features/create_child_record.feature
4	3	features/edit_child_record.feature
20	1	features/step_definitions/basic_steps.rb
4	4	features/upload_a_childs_photo.feature
6	6	features/view_child_record_log.feature
1	1	lib/rapid_ftr/form_section_setup.rb
3	3	spec/controllers/attachments_controller_spec.rb
2	1	spec/controllers/children_controller_spec.rb
4	3	spec/integration/children_spec.rb
78	64	spec/models/child_spec.rb
6	0	spec/spec_helper.rb

--b09125f8--2011-04-24--Sreenivas Ananthakrishna
0	1	features/assign_unique_id_to_child.feature

--c0ad499c--2011-04-21--Jang-Soo Lee
28	0	features/api_create_child.feature
7	2	features/api_retrieve_child_record_ids.feature
62	8	features/step_definitions/api_steps.rb

--5a66f385--2011-04-20--Jang-Soo Lee
5	5	lib/rapid_ftr/form_section_setup.rb

--11620c82--2011-04-20--Jang-Soo Lee
-	-	public/images/content-section-bg-2-sliver.gif
1	1	public/stylesheets/core.css

--2f039e7b--2011-04-19--Jang-Soo Lee
2	2	features/add_caregiver_details_to_a_child_record.feature
1	1	features/add_family_details_to_a_child_record.feature
4	7	features/create_child_record.feature
14	14	features/csv_export.feature
8	14	features/edit_child_record.feature
2	2	features/manage_forms.feature
1	1	features/pdf_export.feature
8	8	features/step_definitions/basic_steps.rb
4	0	features/step_definitions/photo_thumbnail_steps.rb
2	3	features/upload_a_childs_photo.feature
15	20	features/view_child_record_log.feature
152	57	lib/rapid_ftr/form_section_setup.rb