--7fd7b779--2011-05-30--chrisgeorge
--fab7d694--2011-05-28--Sreenivas Ananthakrishna
12	8	app/models/child.rb
2	8	spec/controllers/children_controller_spec.rb
11	1	spec/models/child_spec.rb

--8c813061--2011-05-23--Sreenivas Ananthakrishna
1	1	app/controllers/child_media_controller.rb
3	6	app/models/child.rb
1	1	app/views/children/_picture.html.erb
7	1	app/views/children/show.html.erb
26	0	features/edit_an_existing_photo.feature
2	2	lib/pdf_generator.rb
-	-	public/images/lightbox-blank.gif
-	-	public/images/lightbox-btn-close.gif
-	-	public/images/lightbox-ico-loading.gif
1	1	spec/controllers/child_media_controller_spec.rb
5	1	spec/models/child_spec.rb
2	3	spec/support/child_builder.rb
0	27	spec/views/fields/_common.html.erb_spec.rb
0	43	spec/views/fields/_suggested_field.html.erb_spec.rb

--cc60a635--2011-05-22--Farooq Ali
4	4	app/controllers/children_controller.rb
1	1	app/views/children/_summary_row.html.erb
20	21	spec/controllers/children_controller_spec.rb
2	1	spec/views/child/search.html.erb_spec.rb

--c6e0afe3--2011-05-22--Sreenivas Ananthakrishna
1	0	Gemfile
5	0	Gemfile.lock