--3d432bef--2011-03-29--chrisgeorge
--a5fae29f--2011-03-29--Timothy Cochran
2	2	app/views/users/_devices.html.erb
10	1	app/views/users/_edittable_user.html.erb

--8cb7d915--2011-03-28--Jen Smith
--0ff3217a--2011-03-28--Jen Smith
1	3	app/views/form_section/edit.html.erb

--017528d6--2011-03-28--Jen Smith
--243cad89--2011-03-22--Timothy Cochran
--8be3c2cf--2011-03-22--Timothy Cochran
1	1	app/controllers/sessions_controller.rb
11	53	app/controllers/users_controller.rb
9	0	app/models/device.rb
9	4	app/models/login.rb
5	1	app/models/user.rb
19	0	app/views/users/_devices.html.erb
2	0	app/views/users/_edittable_user.html.erb
15	1	app/views/users/show.html.erb
14	0	features/api_authentication.feature
61	48	features/edit_user_details.feature
12	0	features/step_definitions/api_steps.rb
8	0	features/step_definitions/more_web_steps.rb
3	0	public/stylesheets/core.css
0	4	spec/integration/users_spec.rb
23	3	spec/models/login_spec.rb
40	0	spec/models/user_spec.rb

--a959802b--2011-03-22--Shyam Vala
3	1	app/controllers/fields_controller.rb
2	2	app/views/form_section/_delete_button.html.erb
6	1	app/views/form_section/edit.html.erb
1	1	features/step_definitions/basic_steps.rb

--70a8faa1--2011-03-21--Jen Smith
--e5d4e1c5--2011-03-20--Jen Smith
1	1	features/child_record_validations.feature
0	7	features/create_child_record.feature

--cadde35e--2011-03-19--Jen Smith
19	0	app/models/child.rb
15	0	app/models/field.rb
18	11	spec/models/child_spec.rb
24	0	spec/models/field_spec.rb

--8613a5e9--2011-03-07--Jen Smith
8	0	features/child_record_validations.feature

--c3994882--2011-03-18--Nathan Fisher
1	1	features/pdf_export.feature

--c3e71006--2011-03-14--Nathan Fisher
13	2	app/controllers/children_controller.rb
1	0	app/views/children/_search_results.html.erb
60	36	spec/controllers/children_controller_spec.rb
7	0	spec/views/child/search.html.erb_spec.rb

--55dade93--2011-03-14--Nathan Fisher
3	3	app/controllers/children_controller.rb
1	1	app/views/children/_search_results.html.erb
3	3	spec/controllers/children_controller_spec.rb
5	1	spec/support/hpricot_search.rb
7	0	spec/views/child/search.html.erb_spec.rb