--70a8faa1--2011-03-21--Jen Smith
--c3994882--2011-03-18--Nathan Fisher
1	1	features/pdf_export.feature

--c3e71006--2011-03-14--Nathan Fisher
13	2	app/controllers/children_controller.rb
1	0	app/views/children/_search_results.html.erb
60	36	spec/controllers/children_controller_spec.rb
7	0	spec/views/child/search.html.erb_spec.rb

--55dade93--2011-03-14--Nathan Fisher
3	3	app/controllers/children_controller.rb
1	1	app/views/children/_search_results.html.erb
3	3	spec/controllers/children_controller_spec.rb
5	1	spec/support/hpricot_search.rb
7	0	spec/views/child/search.html.erb_spec.rb

--ecd93e54--2011-03-14--chrisgeorge
--4da18008--2011-03-14--chrisgeorge
1	0	spec/controllers/fields_controller_spec.rb
2	0	spec/views/child/form_section.html.erb_spec.rb

--81fd3536--2011-03-14--chrisgeorge
1	1	spec/models/form_section_spec.rb

--8a2ea709--2011-03-14--chrisgeorge
1	1	spec/models/form_section_spec.rb

--a944e7fa--2011-03-14--chrisgeorge
--7c56af1f--2011-03-14--Jason Neylon
1	1	spec/integration/pdf_generator_spec.rb

--37622baa--2011-03-14--Jason Neylon
20	18	spec/integration/pdf_generator_spec.rb

--7e981cc7--2011-03-14--Jason Neylon
32	0	spec/integration/pdf_generator_spec.rb

--d2fa2ddd--2011-03-14--Jason Neylon
8	6	lib/pdf_generator.rb

--b2c2ea03--2011-03-11--dahlia
3	1	app/views/children/_form_section.html.erb
3	2	public/stylesheets/core.css
31	0	spec/views/child/form_section.html.erb_spec.rb

--ca5d5f88--2011-03-09--Tom Elkin
10	0	app/views/children/_show_child_toolbar.erb
19	25	app/views/children/show.html.erb
-	-	public/images/icon-accordion.gif
-	-	public/images/icon-back.gif
-	-	public/images/icon-calendar.gif
-	-	public/images/icon-circle.gif
-	-	public/images/icon-download.gif
-	-	public/images/icon-edit.gif
-	-	public/images/icon-tick.gif
-	-	public/images/icon-x.gif
21	19	public/stylesheets/core.css

--d2c2e53b--2011-03-08--Timothy Cochran
8	1	app/models/user.rb
1	1	app/views/users/_edittable_user.html.erb
0	1	features/create_and_view_user.feature

--9dc4d5cc--2011-03-08--dahlia
4	1	app/controllers/form_section_controller.rb
8	2	app/models/form_section.rb
11	1	app/views/children/_form_section.html.erb
5	1	app/views/form_section/edit.html.erb
2	2	public/stylesheets/core.css
2	2	spec/controllers/form_section_controller_spec.rb
8	2	spec/models/form_section_spec.rb

--264da154--2011-03-08--Timothy Cochran
--925a83e5--2011-03-08--Timothy Cochran
1	0	app/views/advanced_search/index.html.erb
1	1	public/stylesheets/core.css

--773a0fd9--2011-03-08--Timothy Cochran
0	2	app/models/child.rb
5	2	app/models/search_criteria.rb
7	4	app/views/advanced_search/index.html.erb
43	20	public/javascripts/advanced_search.js
1	3	public/stylesheets/core.css
10	0	spec/{models/advanced_search_service_spec.rb => integration/search_service_spec.rb}

--3711271d--2011-03-07--zoodor
12	0	features/create_and_view_user.feature

--7d966711--2011-03-07--Mark
3	2	app/views/users/_edittable_user.html.erb