--5676c2cb--2011-01-09--John D. Hume
--1ce868e5--2011-01-09--John D. Hume
11	1	features/pdf_export.feature
5	0	features/step_definitions/pdf_steps.rb
5	10	spec/controllers/children_controller_spec.rb

--8b4f49a1--2011-01-08--Jen Smith
--fa0010fd--2011-01-08--surabhi
8	2	app/controllers/children_controller.rb
1	0	app/views/children/show.html.erb
6	1	config/routes.rb
25	18	lib/pdf_generator.rb
20	0	spec/controllers/children_controller_spec.rb
5	1	spec/routing/children_routing_spec.rb

--6678dc33--2011-01-08--surabhi
4	0	app/controllers/children_controller.rb
3	0	app/views/admin/index.html.erb
5	0	lib/pdf_generator.rb

--bc3f2952--2011-01-08--surabhi
1	1	app/controllers/children_controller.rb
18	1	lib/pdf_generator.rb

--cbc55f08--2011-01-08--Mark Needham
1	1	app/controllers/form_section_controller.rb
2	2	app/views/form_section/index.html.erb
3	3	features/csv_export.feature
1	1	public/stylesheets/core.css
7	4	spec/controllers/form_section_controller_spec.rb

--5b3f1f2f--2011-01-08--tinygrasshopper
4	1	public/javascripts/application.js

--663b1993--2011-01-08--Mark Needham
0	1	app/views/children/_search_results.html.erb

--28c945cd--2011-01-08--Mark Needham
1	0	app/models/user.rb
4	0	app/views/users/_edittable_user.html.erb
6	2	app/views/users/show.html.erb
2	0	features/create_and_view_user.feature