--eff28ed4--2010-12-06--cgeorge
--8ed9c68d--2010-12-06--cgeorge
--66f840e0--2010-12-06--cgeorge
--0305bc80--2010-12-06--cgeorge
--d7f2109e--2010-12-06--cgeorge
1	1	app/models/child.rb
6	2	spec/models/child_spec.rb

--a169dfce--2010-12-06--deeolutayo
1	1	app/views/children/_summary_row.html.erb
2	2	app/views/children/index.html.erb
6	0	features/create_child_record.feature
3	3	public/stylesheets/core.css

--4d0b82a5--2010-12-06--Timothy Cochran
1	1	app/controllers/fields_controller.rb
1	1	app/views/fields/new.html.erb
2	6	app/views/fields/{new_select_drop_down.html.erb => new_select_box.html.erb}
1	1	features/add_custom_field_to_form_section.feature
4	4	spec/routing/formsection_routing_spec.rb

--e425b325--2010-12-06--deeolutayo
--f4360d04--2010-12-05--deeolutayo
1	1	app/views/children/_summary_row.html.erb
1	1	app/views/children/index.html.erb
4	0	spec/support/hpricot_search.rb
10	0	spec/views/child/search.html.erb_spec.rb

--415ca694--2010-12-01--Wu Shaobo
7	2	app/controllers/child_media_controller.rb
2	2	app/views/children/show.html.erb
1	1	config/routes.rb
3	2	spec/controllers/child_media_controller_spec.rb
5	0	spec/support/child_builder.rb
5	2	spec/support/matchers/attachment_response.rb

--7437338f--2010-12-01--pawan
23	3	app/controllers/children_controller.rb
3	0	app/views/admin/index.html.erb
2	1	app/views/children/_search_results.html.erb
1	0	app/views/children/show.html.erb
1	1	config/routes.rb
26	2	features/csv_export.feature
2	2	features/pdf_export.feature
11	5	spec/controllers/children_controller_spec.rb
5	1	spec/routing/children_routing_spec.rb

--ab50eed7--2010-11-29--Timothy Cochran
6	2	public/javascripts/application.js

--bafc8783--2010-11-29--Timothy Cochran
2	2	spec/models/search_spec.rb

--e8a00f03--2010-11-29--Timothy Cochran
5	1	app/models/search.rb
17	0	spec/models/search_spec.rb

--312a3dd7--2010-11-29--John D. Hume
5	0	lib/tasks/ci.rake

--437832c8--2010-11-29--Tom Elkin
--831a5e50--2010-11-29--Tom Elkin
--ecebbf71--2010-11-29--Tom Elkin
--34631c0d--2010-11-26--pawan
7	4	app/views/users/_edittable_user.html.erb
2	1	features/edit_user_details.feature

--9ac2b009--2010-11-25--pawan
4	2	app/views/users/_edittable_user.html.erb
8	1	app/views/users/index.html.erb
7	0	features/edit_user_details.feature
1	1	features/manage_users.feature

--78ba89df--2010-11-24--pawan
6	0	app/helpers/application_helper.rb
1	1	app/views/children/edit.html.erb
1	1	app/views/children/new.html.erb
3	2	features/create_child_record.feature
1	1	features/edit_child_record.feature
1	0	public/stylesheets/core.css

--e4c07335--2010-11-24--pawan
3	1	app/views/layouts/application.html.erb

--38708dcc--2010-11-23--pawan
1	3	app/views/layouts/application.html.erb

--9d732a06--2010-11-29--John D. Hume
23	0	config/nginx-production.conf
26	0	config/nginx-uat.conf

--f8800626--2010-11-29--Kai Ramuenke
1	1	app/views/form_section/edit.html.erb

--58de33d2--2010-11-29--Kai Ramuenke
2	1	app/controllers/fields_controller.rb
13	0	app/views/fields/confirm_toggle.html.erb
0	47	app/views/fields/index.html.erb
18	5	app/views/form_section/edit.html.erb
1	0	config/routes.rb
23	8	features/disable_enable_form_fields.feature
6	0	features/step_definitions/basic_steps.rb
14	4	spec/controllers/fields_controller_spec.rb
17	0	spec/views/formsections/edit.html.erb_spec.rb

--d9b9cc76--2010-11-28--Jen Smith
1	1	app/views/children/_date_field.html.erb

--5089bdab--2010-11-29--Kai Ramuenke
--df6def8e--2010-11-28--Jen Smith
4	4	app/views/children/show.html.erb
21	14	public/stylesheets/core.css
2	2	spec/views/child/show.html.erb_spec.rb

--70368477--2010-11-26--pawan
7	4	app/views/users/_edittable_user.html.erb
2	1	features/edit_user_details.feature

--c235b4a9--2010-11-25--Timothy Cochran
0	4	app/controllers/fields_controller.rb
2	6	spec/controllers/fields_controller_spec.rb

--c8b7269a--2010-11-25--Timothy Cochran
4	4	app/controllers/fields_controller.rb
15	0	app/controllers/form_section_controller.rb
7	1	app/models/form_section.rb
0	0	app/views/{fields => form_section}/_delete_button.html.erb
0	0	app/views/{fields => form_section}/_direction_button.html.erb
56	0	app/views/form_section/edit.html.erb
1	6	app/views/form_section/index.html.erb
5	5	features/add_custom_field_to_form_section.feature
4	4	features/add_suggested_field_to_form_sections.feature
2	2	features/admin_access.feature
4	4	features/create_custom_fields.feature
1	1	features/delete_field_from_forms_section.feature
21	0	features/edit_form_section.feature
4	4	features/reorder_fields.feature
7	6	features/step_definitions/basic_steps.rb
5	6	features/step_definitions/form_section_steps.rb
5	2	features/support/paths.rb
3	1	public/stylesheets/core.css
3	3	spec/controllers/fields_controller_spec.rb
24	0	spec/controllers/form_section_controller_spec.rb
0	4	spec/models/form_section_spec.rb
0	30	spec/views/Fields/index.html.erb_spec.rb
0	8	spec/views/formsections/index.html.erb_spec.rb

--2df89827--2010-11-25--pawan
4	2	app/views/users/_edittable_user.html.erb
8	1	app/views/users/index.html.erb
7	0	features/edit_user_details.feature
1	1	features/manage_users.feature

--59646732--2010-11-25--Kai Ramuenke
5	1	app/controllers/fields_controller.rb
5	0	app/models/form_section.rb
1	1	app/views/children/_form_section.html.erb
2	2	app/views/fields/index.html.erb
7	1	features/disable_enable_form_fields.feature
21	7	spec/controllers/fields_controller_spec.rb
13	1	spec/models/form_section_spec.rb

--f4a9fac8--2010-11-25--Kai Ramuenke
7	0	app/controllers/fields_controller.rb
1	0	app/models/field.rb
5	1	app/models/form_section.rb
36	13	app/views/fields/index.html.erb
1	0	config/routes.rb
12	0	features/disable_enable_form_fields.feature
9	3	features/step_definitions/basic_steps.rb
4	4	features/step_definitions/form_section_steps.rb
18	3	spec/controllers/fields_controller_spec.rb
10	0	spec/models/field_spec.rb
12	0	spec/models/form_section_spec.rb
1	0	spec/views/Fields/index.html.erb_spec.rb

--386e2c3e--2010-11-24--pawan
6	0	app/helpers/application_helper.rb
1	1	app/views/children/edit.html.erb
1	1	app/views/children/new.html.erb
3	2	features/create_child_record.feature
1	1	features/edit_child_record.feature
1	0	public/stylesheets/core.css

--265b7aac--2010-11-24--pawan
3	1	app/views/layouts/application.html.erb

--5e93dc02--2010-11-23--pawan
1	3	app/views/layouts/application.html.erb

--0205de93--2010-10-03--Sharanya
17	0	app/controllers/children_controller.rb
22	9	app/models/child.rb
5	2	app/models/file_attachment.rb
5	1	app/views/children/_picture.html.erb
23	0	app/views/children/edit_photo.html.erb
1	1	app/views/children/show.html.erb
1	2	app/views/layouts/application.html.erb
0	1	config/environment.rb
3	0	config/routes.rb
34	0	public/javascripts/application.js
65	0	public/javascripts/jquery.rotate.1-1.js
3	0	public/stylesheets/core.css
4	0	spec/models/child_spec.rb