--a72fd342--2010-11-08--Carlos Villela
--41a16e6a--2010-11-08--João Alberto Vortmann
1	0	app/views/children/_date_field.html.erb
2	0	app/views/layouts/application.html.erb
3	0	features/add_custom_field_to_form_section.feature
778	0	public/javascripts/jquery-ui-1.8.6.custom.min.js
-	-	public/stylesheets/overcast/images/ui-bg_flat_0_aaaaaa_40x100.png
-	-	public/stylesheets/overcast/images/ui-bg_flat_0_eeeeee_40x100.png
-	-	public/stylesheets/overcast/images/ui-bg_flat_55_c0402a_40x100.png
-	-	public/stylesheets/overcast/images/ui-bg_flat_55_eeeeee_40x100.png
-	-	public/stylesheets/overcast/images/ui-bg_glass_100_f8f8f8_1x400.png
-	-	public/stylesheets/overcast/images/ui-bg_glass_35_dddddd_1x400.png
-	-	public/stylesheets/overcast/images/ui-bg_glass_60_eeeeee_1x400.png
-	-	public/stylesheets/overcast/images/ui-bg_inset-hard_75_999999_1x100.png
-	-	public/stylesheets/overcast/images/ui-bg_inset-soft_50_c9c9c9_1x100.png
-	-	public/stylesheets/overcast/images/ui-icons_3383bb_256x240.png
-	-	public/stylesheets/overcast/images/ui-icons_454545_256x240.png
-	-	public/stylesheets/overcast/images/ui-icons_70b2e1_256x240.png
-	-	public/stylesheets/overcast/images/ui-icons_999999_256x240.png
-	-	public/stylesheets/overcast/images/ui-icons_fbc856_256x240.png
572	0	public/stylesheets/overcast/jquery-ui-1.8.6.custom.css
37	0	spec/views/child/form_section.html.erb_spec.rb

--6230800a--2010-10-27--tom-elkin-tw
2	2	README

--1bec753d--2010-10-27--Tom Elkin
0	4	app/controllers/fields_controller.rb
0	5	app/views/fields/_edit_button.html.erb
0	3	app/views/fields/index.html.erb
0	1	config/routes.rb
0	11	features/edit_custom_field_from_forms_section.feature
0	8	spec/routing/formsection_routing_spec.rb