--56c118c9--2010-09-26--Tom Elkin
--398352f9--2010-09-26--Tom Elkin
4	2	app/helpers/fields_helper.rb
2	1	app/models/suggested_field.rb
0	1	app/views/fields/_delete_button.html.erb
19	19	app/views/fields/_suggested_field.html.erb
2	2	app/views/fields/new.html.erb
1	1	features/add_caregiver_details_to_a_child_record.feature
9	10	features/add_suggested_field_to_form_sections.feature
7	2	features/step_definitions/basic_steps.rb
6	5	lib/suggested_fields_db_setup.rb
12	13	spec/controllers/fields_controller_spec.rb

--0142deec--2010-09-25--Baris Balic
2	1	app/controllers/fields_controller.rb
1	0	app/models/field.rb
1	1	app/views/children/_check_box.html.erb
1	1	app/views/children/_numeric_field.erb
1	1	app/views/children/_select_box.html.erb
1	1	app/views/children/_text_field.html.erb
1	1	app/views/children/_textarea.html.erb
4	0	app/views/fields/_basic_new_field_form.html.erb
1	1	app/views/fields/_delete_button.html.erb
1	0	app/views/fields/index.html.erb
45	45	lib/rapidftr_default_db_setup.rb

--d043300c--2010-09-25--Andrew Nesbitt
2	2	app/views/fields/new.html.erb

--91425567--2010-09-25--Andrew Nesbitt
14	13	app/views/fields/_basic_new_field_form.html.erb

--5a120bd7--2010-09-25--Andrew Nesbitt
3	3	features/add_custom_field_to_form_section.feature
1	2	features/assign_unique_id_to_child.feature
0	3	features/create_child_record.feature
1	1	features/step_definitions/form_section_steps.rb
0	14	spec/views/child/show.html.erb_spec.rb

--395ecdb0--2010-09-25--Andrew Nesbitt
1	1	app/controllers/fields_controller.rb

--733b7568--2010-09-25--Andrew Nesbitt
0	0	app/views/children/{_numeric_field.erb => _numeric_field.html.erb}

--40c6119f--2010-09-25--Andrew Nesbitt
13	27	app/views/children/show.html.erb
6	6	public/stylesheets/core.css

--b5a2aba5--2010-09-25--Andrew Nesbitt
31	24	app/views/children/show.html.erb
10	2	public/stylesheets/core.css

--89ad82b2--2010-09-25--Andrew Nesbitt
14	13	app/views/sessions/new.html.erb

--7b2474b9--2010-09-25--Andrew Nesbitt
10	1	app/views/layouts/application.html.erb

--e47cc91f--2010-09-25--Andrew Nesbitt
5	2	app/views/children/_search_sidebar.html.erb
1	1	app/views/layouts/application.html.erb
6	4	app/views/shared/_participate.html.erb
10	0	app/views/shared/_sidebar.html.erb
2	0	public/stylesheets/core.css

--91f35044--2010-09-25--Andrew Nesbitt
1	1	app/controllers/form_section_controller.rb
12	0	app/helpers/application_helper.rb
3	3	app/views/children/_check_box.html.erb
2	7	app/views/children/edit.html.erb
2	7	app/views/children/new.html.erb
26	24	app/views/fields/new_select_drop_down.html.erb
1	1	app/views/fields/new_text_field.html.erb
1	1	app/views/fields/new_textarea.html.erb
27	19	app/views/form_section/new.html.erb
49	35	app/views/users/_edittable_user.html.erb
2	5	app/views/users/edit.html.erb
1	3	app/views/users/new.html.erb
5	6	public/stylesheets/core.css

--06008765--2010-09-25--Andrew Nesbitt
1	1	app/controllers/children_controller.rb
8	0	app/models/child.rb