--055ff323--2010-09-25--Baris Balic
--31ee6806--2010-09-25--Baris Balic
5	2	app/controllers/fields_controller.rb
9	0	app/models/form_section.rb
6	0	app/views/fields/_delete_button.html.erb
3	0	app/views/fields/index.html.erb
1	0	config/routes.rb

--438e4f1a--2010-09-25--Jen Smith
0	4	app/models/child.rb
1	4	features/create_custom_fields.feature
0	10	features/edit_child_record.feature
0	6	spec/models/child_spec.rb

--3460b2e4--2010-09-25--Jen Smith
4	0	app/views/children/_numeric_field.erb
1	1	app/views/fields/_basic_new_field_form.html.erb
7	1	features/create_custom_fields.feature

--f4b503f3--2010-09-25--Jen Smith
24	0	app/views/fields/_basic_new_field_form.html.erb
1	24	app/views/fields/new_check_box.html.erb
1	24	app/views/fields/new_numeric_field.html.erb
1	24	app/views/fields/new_text_field.html.erb
1	24	app/views/fields/new_textarea.html.erb

--8037b64f--2010-09-25--Jen Smith
1	1	app/controllers/fields_controller.rb
1	0	app/views/fields/new.html.erb
24	0	app/views/fields/new_numeric_field.html.erb
2	1	config/routes.rb
17	0	features/create_custom_fields.feature
6	0	features/support/paths.rb

--656408df--2010-09-25--Jen Smith
3	7	app/models/child.rb
4	4	features/create_child_record.feature
0	2	features/edit_child_record.feature