--c9f4c12a--2010-09-24--Aravind
--2205c667--2010-09-24--Tom Elkin
11	10	lib/rapidftr_default_db_setup.rb

--156fcc15--2010-09-24--Aravind
3	5	app/controllers/form_section_controller.rb
3	1	app/views/form_section/index.html.erb
1	3	features/disable_and_enable_forms.feature
0	11	spec/controllers/form_section_controller_spec.rb
11	4	spec/views/formsections/index.html.erb_spec.rb

--dacd27e7--2010-09-24--Tom Elkin
26	6	lib/rapidftr_default_db_setup.rb

--38e3f7ec--2010-09-24--Aravind
5	6	app/views/children/edit.html.erb
1	1	app/views/children/show.html.erb
18	6	spec/views/child/edit.html.erb_spec.rb
21	10	spec/views/child/new.html.erb_spec.rb
27	1	spec/views/child/show.html.erb_spec.rb

--46b1b2d8--2010-09-24--Tom Elkin
2	2	app/views/layouts/application.html.erb
154	0	public/javascripts/jquery-1.4.2.min.js