--8bbd6e3f--2010-09-04--Tom Elkin
--ce9a6056--2010-08-30--silvio
3	1	spec/controllers/child_images_controller_spec.rb

--542ff2d7--2010-08-30--silvio
--fb62e500--2010-08-28--jennifersmith
0	3	app/models/suggested_field.rb
1	20	db/seeds.rb
21	0	lib/suggested_fields_db_setup.rb
7	0	lib/tasks/suggested_fields.rake

--a188b75a--2010-08-22--jennifersmith
14	10	app/views/fields/_suggested_field.html.erb
8	3	features/add_suggested_field_to_form_sections.feature
6	1	features/step_definitions/basic_steps.rb
1	1	spec/views/Fields/_suggested_field.html.erb_spec.rb

--d7dabf8a--2010-08-21--jennifersmith
1	1	app/helpers/fields_helper.rb
19	16	app/views/fields/_suggested_field.html.erb
14	8	app/views/fields/new.html.erb

--07e44c9a--2010-08-25--cgeorge
1	0	config/environment.rb

--c17351ce--2010-08-23--Silvio Montanari
1	1	config/environment.rb

--104f6d86--2010-08-14--Silvio Montanari
0	1	app/controllers/children_controller.rb
1	1	app/models/file_attachment.rb
2	0	app/views/histories/_photo_history_change.html.erb
6	6	features/view_child_record_log.feature
3	0	public/stylesheets/core.css
5	12	spec/controllers/attachments_controller_spec.rb
0	14	spec/controllers/children_controller_spec.rb
4	4	spec/integration/children_spec.rb
4	4	spec/models/file_attachment_spec.rb

--17a836d5--2010-08-14--Silvio Montanari
109	0	vendor/gems/mini_magick-1.3.2/.specification
21	0	vendor/gems/mini_magick-1.3.2/MIT-LICENSE
73	0	vendor/gems/mini_magick-1.3.2/README.rdoc
32	0	vendor/gems/mini_magick-1.3.2/Rakefile
1	0	vendor/gems/mini_magick-1.3.2/VERSION
2	0	vendor/gems/mini_magick-1.3.2/lib/mini_gmagick.rb
240	0	vendor/gems/mini_magick-1.3.2/lib/mini_magick.rb
-	-	vendor/gems/mini_magick-1.3.2/test/actually_a_gif.jpg
-	-	vendor/gems/mini_magick-1.3.2/test/animation.gif
21	0	vendor/gems/mini_magick-1.3.2/test/command_builder_test.rb
191	0	vendor/gems/mini_magick-1.3.2/test/image_test.rb
-	-	vendor/gems/mini_magick-1.3.2/test/leaves.tiff
1	0	vendor/gems/mini_magick-1.3.2/test/not_an_image.php
-	-	vendor/gems/mini_magick-1.3.2/test/simple-minus.gif
-	-	vendor/gems/mini_magick-1.3.2/test/simple.gif
-	-	vendor/gems/mini_magick-1.3.2/test/trogdor.jpg
70	0	vendor/gems/subexec-0.0.4/.specification
29	0	vendor/gems/subexec-0.0.4/README.rdoc
1	0	vendor/gems/subexec-0.0.4/VERSION
103	0	vendor/gems/subexec-0.0.4/lib/subexec.rb

--6c468294--2010-08-14--Silvio Montanari
2	3	app/controllers/child_images_controller.rb
1	1	app/helpers/children_helper.rb
1	1	config/environment.rb
2	2	spec/spec_helper.rb
0	2	spec/views/child/search.html.erb_spec.rb
0	418	vendor/gems/rmagick-2.12.2/.specification
0	757	vendor/gems/rmagick-2.12.2/ChangeLog
0	1	vendor/gems/rmagick-2.12.2/README-Mac-OSX.txt
0	179	vendor/gems/rmagick-2.12.2/README.html
0	215	vendor/gems/rmagick-2.12.2/build_tarball.rake
0	287	vendor/gems/rmagick-2.12.2/doc/comtasks.html
0	1581	vendor/gems/rmagick-2.12.2/doc/constants.html
0	299	vendor/gems/rmagick-2.12.2/doc/css/doc.css
0	34	vendor/gems/rmagick-2.12.2/doc/css/popup.css
0	67	vendor/gems/rmagick-2.12.2/doc/css/ref.css
0	3269	vendor/gems/rmagick-2.12.2/doc/draw.html
0	23	vendor/gems/rmagick-2.12.2/doc/ex/InitialCoords.rb
0	32	vendor/gems/rmagick-2.12.2/doc/ex/NewCoordSys.rb
0	18	vendor/gems/rmagick-2.12.2/doc/ex/OrigCoordSys.rb
0	205	vendor/gems/rmagick-2.12.2/doc/ex/PreserveAspectRatio.rb
0	37	vendor/gems/rmagick-2.12.2/doc/ex/RotateScale.rb
0	38	vendor/gems/rmagick-2.12.2/doc/ex/Skew.rb
0	16	vendor/gems/rmagick-2.12.2/doc/ex/Use01.rb
0	21	vendor/gems/rmagick-2.12.2/doc/ex/Use02.rb
0	16	vendor/gems/rmagick-2.12.2/doc/ex/Use03.rb
0	33	vendor/gems/rmagick-2.12.2/doc/ex/ViewBox.rb
0	10	vendor/gems/rmagick-2.12.2/doc/ex/adaptive_threshold.rb
0	17	vendor/gems/rmagick-2.12.2/doc/ex/add_noise.rb
0	48	vendor/gems/rmagick-2.12.2/doc/ex/affine.rb
0	20	vendor/gems/rmagick-2.12.2/doc/ex/affine_transform.rb
0	49	vendor/gems/rmagick-2.12.2/doc/ex/arc.rb
0	33	vendor/gems/rmagick-2.12.2/doc/ex/arcpath.rb
0	28	vendor/gems/rmagick-2.12.2/doc/ex/arcs01.rb
0	61	vendor/gems/rmagick-2.12.2/doc/ex/arcs02.rb
0	15	vendor/gems/rmagick-2.12.2/doc/ex/average.rb
0	64	vendor/gems/rmagick-2.12.2/doc/ex/axes.rb
0	18	vendor/gems/rmagick-2.12.2/doc/ex/baseline_shift01.rb
0	9	vendor/gems/rmagick-2.12.2/doc/ex/bilevel_channel.rb
0	12	vendor/gems/rmagick-2.12.2/doc/ex/blur_image.rb
0	10	vendor/gems/rmagick-2.12.2/doc/ex/border.rb
0	44	vendor/gems/rmagick-2.12.2/doc/ex/bounding_box.rb
0	42	vendor/gems/rmagick-2.12.2/doc/ex/cbezier1.rb
0	42	vendor/gems/rmagick-2.12.2/doc/ex/cbezier2.rb
0	42	vendor/gems/rmagick-2.12.2/doc/ex/cbezier3.rb
0	43	vendor/gems/rmagick-2.12.2/doc/ex/cbezier4.rb
0	43	vendor/gems/rmagick-2.12.2/doc/ex/cbezier5.rb
0	53	vendor/gems/rmagick-2.12.2/doc/ex/cbezier6.rb
0	26	vendor/gems/rmagick-2.12.2/doc/ex/channel.rb
0	12	vendor/gems/rmagick-2.12.2/doc/ex/charcoal.rb
0	29	vendor/gems/rmagick-2.12.2/doc/ex/chop.rb
0	33	vendor/gems/rmagick-2.12.2/doc/ex/circle.rb
0	17	vendor/gems/rmagick-2.12.2/doc/ex/circle01.rb
0	60	vendor/gems/rmagick-2.12.2/doc/ex/clip_path.rb
0	60	vendor/gems/rmagick-2.12.2/doc/ex/coalesce.rb
0	29	vendor/gems/rmagick-2.12.2/doc/ex/color_fill_to_border.rb
0	28	vendor/gems/rmagick-2.12.2/doc/ex/color_floodfill.rb
0	48	vendor/gems/rmagick-2.12.2/doc/ex/color_histogram.rb
0	11	vendor/gems/rmagick-2.12.2/doc/ex/color_reset.rb
0	16	vendor/gems/rmagick-2.12.2/doc/ex/colorize.rb
0	64	vendor/gems/rmagick-2.12.2/doc/ex/colors.rb
0	23	vendor/gems/rmagick-2.12.2/doc/ex/compose_mask.rb
0	135	vendor/gems/rmagick-2.12.2/doc/ex/composite.rb
0	53	vendor/gems/rmagick-2.12.2/doc/ex/composite_layers.rb
0	23	vendor/gems/rmagick-2.12.2/doc/ex/composite_tiled.rb
0	36	vendor/gems/rmagick-2.12.2/doc/ex/contrast.rb
0	31	vendor/gems/rmagick-2.12.2/doc/ex/crop.rb
0	46	vendor/gems/rmagick-2.12.2/doc/ex/crop_with_gravity.rb
0	45	vendor/gems/rmagick-2.12.2/doc/ex/cubic01.rb
0	94	vendor/gems/rmagick-2.12.2/doc/ex/cubic02.rb
0	21	vendor/gems/rmagick-2.12.2/doc/ex/cycle_colormap.rb
0	13	vendor/gems/rmagick-2.12.2/doc/ex/dissolve.rb
0	42	vendor/gems/rmagick-2.12.2/doc/ex/drawcomp.rb
0	60	vendor/gems/rmagick-2.12.2/doc/ex/drop_shadow.rb
0	11	vendor/gems/rmagick-2.12.2/doc/ex/edge.rb
0	45	vendor/gems/rmagick-2.12.2/doc/ex/ellipse.rb
0	22	vendor/gems/rmagick-2.12.2/doc/ex/ellipse01.rb
0	11	vendor/gems/rmagick-2.12.2/doc/ex/emboss.rb
0	28	vendor/gems/rmagick-2.12.2/doc/ex/enhance.rb
0	11	vendor/gems/rmagick-2.12.2/doc/ex/equalize.rb
0	43	vendor/gems/rmagick-2.12.2/doc/ex/evenodd.rb
0	26	vendor/gems/rmagick-2.12.2/doc/ex/fill_pattern.rb
0	36	vendor/gems/rmagick-2.12.2/doc/ex/flatten_images.rb
0	11	vendor/gems/rmagick-2.12.2/doc/ex/flip.rb
0	11	vendor/gems/rmagick-2.12.2/doc/ex/flop.rb
0	34	vendor/gems/rmagick-2.12.2/doc/ex/font_styles.rb
0	20	vendor/gems/rmagick-2.12.2/doc/ex/fonts.rb
0	12	vendor/gems/rmagick-2.12.2/doc/ex/frame.rb
0	11	vendor/gems/rmagick-2.12.2/doc/ex/gaussian_blur.rb
0	42	vendor/gems/rmagick-2.12.2/doc/ex/get_multiline_type_metrics.rb
0	48	vendor/gems/rmagick-2.12.2/doc/ex/get_pixels.rb
0	146	vendor/gems/rmagick-2.12.2/doc/ex/get_type_metrics.rb
0	27	vendor/gems/rmagick-2.12.2/doc/ex/gradientfill.rb
0	46	vendor/gems/rmagick-2.12.2/doc/ex/grav.rb
0	79	vendor/gems/rmagick-2.12.2/doc/ex/gravity.rb
0	26	vendor/gems/rmagick-2.12.2/doc/ex/group.rb
0	27	vendor/gems/rmagick-2.12.2/doc/ex/hatchfill.rb
0	46	vendor/gems/rmagick-2.12.2/doc/ex/image.rb
-	-	vendor/gems/rmagick-2.12.2/doc/ex/images/Apple.miff
-	-	vendor/gems/rmagick-2.12.2/doc/ex/images/Ballerina.jpg
-	-	vendor/gems/rmagick-2.12.2/doc/ex/images/Ballerina3.jpg
-	-	vendor/gems/rmagick-2.12.2/doc/ex/images/Button_0.gif
-	-	vendor/gems/rmagick-2.12.2/doc/ex/images/Button_1.gif
-	-	vendor/gems/rmagick-2.12.2/doc/ex/images/Button_2.gif
-	-	vendor/gems/rmagick-2.12.2/doc/ex/images/Button_3.gif
-	-	vendor/gems/rmagick-2.12.2/doc/ex/images/Button_4.gif
-	-	vendor/gems/rmagick-2.12.2/doc/ex/images/Button_5.gif
-	-	vendor/gems/rmagick-2.12.2/doc/ex/images/Button_6.gif
-	-	vendor/gems/rmagick-2.12.2/doc/ex/images/Button_7.gif
-	-	vendor/gems/rmagick-2.12.2/doc/ex/images/Button_8.gif
-	-	vendor/gems/rmagick-2.12.2/doc/ex/images/Button_9.gif
-	-	vendor/gems/rmagick-2.12.2/doc/ex/images/Button_A.gif
-	-	vendor/gems/rmagick-2.12.2/doc/ex/images/Button_B.gif
-	-	vendor/gems/rmagick-2.12.2/doc/ex/images/Button_C.gif
-	-	vendor/gems/rmagick-2.12.2/doc/ex/images/Button_D.gif
-	-	vendor/gems/rmagick-2.12.2/doc/ex/images/Button_E.gif
-	-	vendor/gems/rmagick-2.12.2/doc/ex/images/Button_F.gif
-	-	vendor/gems/rmagick-2.12.2/doc/ex/images/Button_G.gif
-	-	vendor/gems/rmagick-2.12.2/doc/ex/images/Button_H.gif
-	-	vendor/gems/rmagick-2.12.2/doc/ex/images/Button_I.gif
-	-	vendor/gems/rmagick-2.12.2/doc/ex/images/Button_J.gif
-	-	vendor/gems/rmagick-2.12.2/doc/ex/images/Button_K.gif
-	-	vendor/gems/rmagick-2.12.2/doc/ex/images/Button_L.gif
-	-	vendor/gems/rmagick-2.12.2/doc/ex/images/Button_M.gif
-	-	vendor/gems/rmagick-2.12.2/doc/ex/images/Button_N.gif
-	-	vendor/gems/rmagick-2.12.2/doc/ex/images/Button_O.gif
-	-	vendor/gems/rmagick-2.12.2/doc/ex/images/Button_P.gif
-	-	vendor/gems/rmagick-2.12.2/doc/ex/images/Button_Q.gif
-	-	vendor/gems/rmagick-2.12.2/doc/ex/images/Button_R.gif
-	-	vendor/gems/rmagick-2.12.2/doc/ex/images/Button_S.gif
-	-	vendor/gems/rmagick-2.12.2/doc/ex/images/Button_T.gif
-	-	vendor/gems/rmagick-2.12.2/doc/ex/images/Button_U.gif
-	-	vendor/gems/rmagick-2.12.2/doc/ex/images/Button_V.gif
-	-	vendor/gems/rmagick-2.12.2/doc/ex/images/Button_W.gif
-	-	vendor/gems/rmagick-2.12.2/doc/ex/images/Button_X.gif
-	-	vendor/gems/rmagick-2.12.2/doc/ex/images/Button_Y.gif
-	-	vendor/gems/rmagick-2.12.2/doc/ex/images/Button_Z.gif
-	-	vendor/gems/rmagick-2.12.2/doc/ex/images/Cheetah.jpg
-	-	vendor/gems/rmagick-2.12.2/doc/ex/images/Coffee.wmf
-	-	vendor/gems/rmagick-2.12.2/doc/ex/images/Flower_Hat.jpg
-	-	vendor/gems/rmagick-2.12.2/doc/ex/images/Gold_Statue.jpg
-	-	vendor/gems/rmagick-2.12.2/doc/ex/images/Hot_Air_Balloons.jpg
-	-	vendor/gems/rmagick-2.12.2/doc/ex/images/Hot_Air_Balloons_H.jpg
-	-	vendor/gems/rmagick-2.12.2/doc/ex/images/Leaf.miff
-	-	vendor/gems/rmagick-2.12.2/doc/ex/images/No.wmf
-	-	vendor/gems/rmagick-2.12.2/doc/ex/images/Polynesia.jpg
-	-	vendor/gems/rmagick-2.12.2/doc/ex/images/Red_Rocks.jpg
-	-	vendor/gems/rmagick-2.12.2/doc/ex/images/Rocks_On_Beach.miff
-	-	vendor/gems/rmagick-2.12.2/doc/ex/images/Shorts.jpg
-	-	vendor/gems/rmagick-2.12.2/doc/ex/images/Snake.wmf
-	-	vendor/gems/rmagick-2.12.2/doc/ex/images/Violin.jpg
-	-	vendor/gems/rmagick-2.12.2/doc/ex/images/Yellow_Rose.miff
-	-	vendor/gems/rmagick-2.12.2/doc/ex/images/big-duck.gif
-	-	vendor/gems/rmagick-2.12.2/doc/ex/images/duck.gif
-	-	vendor/gems/rmagick-2.12.2/doc/ex/images/duck0.gif
-	-	vendor/gems/rmagick-2.12.2/doc/ex/images/duck1.gif
-	-	vendor/gems/rmagick-2.12.2/doc/ex/images/duck10.gif
-	-	vendor/gems/rmagick-2.12.2/doc/ex/images/duck11.gif
-	-	vendor/gems/rmagick-2.12.2/doc/ex/images/duck12.gif
-	-	vendor/gems/rmagick-2.12.2/doc/ex/images/duck13.gif
-	-	vendor/gems/rmagick-2.12.2/doc/ex/images/duck14.gif
-	-	vendor/gems/rmagick-2.12.2/doc/ex/images/duck15.gif
-	-	vendor/gems/rmagick-2.12.2/doc/ex/images/duck2.gif
-	-	vendor/gems/rmagick-2.12.2/doc/ex/images/duck3.gif
-	-	vendor/gems/rmagick-2.12.2/doc/ex/images/duck4.gif
-	-	vendor/gems/rmagick-2.12.2/doc/ex/images/duck5.gif
-	-	vendor/gems/rmagick-2.12.2/doc/ex/images/duck6.gif
-	-	vendor/gems/rmagick-2.12.2/doc/ex/images/duck7.gif
-	-	vendor/gems/rmagick-2.12.2/doc/ex/images/duck8.gif
-	-	vendor/gems/rmagick-2.12.2/doc/ex/images/duck9.gif
-	-	vendor/gems/rmagick-2.12.2/doc/ex/images/graydient230x6.gif
-	-	vendor/gems/rmagick-2.12.2/doc/ex/images/logo400x83.gif
-	-	vendor/gems/rmagick-2.12.2/doc/ex/images/model.miff
-	-	vendor/gems/rmagick-2.12.2/doc/ex/images/notimplemented.gif
-	-	vendor/gems/rmagick-2.12.2/doc/ex/images/smile.miff
-	-	vendor/gems/rmagick-2.12.2/doc/ex/images/spin.gif
0	34	vendor/gems/rmagick-2.12.2/doc/ex/implode.rb
0	11	vendor/gems/rmagick-2.12.2/doc/ex/level.rb
0	11	vendor/gems/rmagick-2.12.2/doc/ex/level_colors.rb
0	42	vendor/gems/rmagick-2.12.2/doc/ex/line.rb
0	23	vendor/gems/rmagick-2.12.2/doc/ex/line01.rb
0	36	vendor/gems/rmagick-2.12.2/doc/ex/mask.rb
0	40	vendor/gems/rmagick-2.12.2/doc/ex/matte_fill_to_border.rb
0	33	vendor/gems/rmagick-2.12.2/doc/ex/matte_floodfill.rb
0	40	vendor/gems/rmagick-2.12.2/doc/ex/matte_replace.rb
0	28	vendor/gems/rmagick-2.12.2/doc/ex/median_filter.rb
0	11	vendor/gems/rmagick-2.12.2/doc/ex/modulate.rb
0	23	vendor/gems/rmagick-2.12.2/doc/ex/mono.rb
0	26	vendor/gems/rmagick-2.12.2/doc/ex/morph.rb
0	35	vendor/gems/rmagick-2.12.2/doc/ex/mosaic.rb
0	11	vendor/gems/rmagick-2.12.2/doc/ex/motion_blur.rb
0	11	vendor/gems/rmagick-2.12.2/doc/ex/negate.rb
0	9	vendor/gems/rmagick-2.12.2/doc/ex/negate_channel.rb
0	21	vendor/gems/rmagick-2.12.2/doc/ex/nested_rvg.rb
0	43	vendor/gems/rmagick-2.12.2/doc/ex/nonzero.rb
0	11	vendor/gems/rmagick-2.12.2/doc/ex/normalize.rb
0	11	vendor/gems/rmagick-2.12.2/doc/ex/oil_paint.rb
0	37	vendor/gems/rmagick-2.12.2/doc/ex/opacity.rb
0	11	vendor/gems/rmagick-2.12.2/doc/ex/ordered_dither.rb
0	64	vendor/gems/rmagick-2.12.2/doc/ex/path.rb
0	25	vendor/gems/rmagick-2.12.2/doc/ex/pattern1.rb
0	26	vendor/gems/rmagick-2.12.2/doc/ex/pattern2.rb
0	28	vendor/gems/rmagick-2.12.2/doc/ex/polaroid.rb
0	24	vendor/gems/rmagick-2.12.2/doc/ex/polygon.rb
0	23	vendor/gems/rmagick-2.12.2/doc/ex/polygon01.rb
0	23	vendor/gems/rmagick-2.12.2/doc/ex/polyline.rb
0	23	vendor/gems/rmagick-2.12.2/doc/ex/polyline01.rb
0	8	vendor/gems/rmagick-2.12.2/doc/ex/posterize.rb
0	9	vendor/gems/rmagick-2.12.2/doc/ex/preview.rb
0	52	vendor/gems/rmagick-2.12.2/doc/ex/qbezierpath.rb
0	36	vendor/gems/rmagick-2.12.2/doc/ex/quad01.rb
0	25	vendor/gems/rmagick-2.12.2/doc/ex/quantize-m.rb
0	9	vendor/gems/rmagick-2.12.2/doc/ex/radial_blur.rb
0	8	vendor/gems/rmagick-2.12.2/doc/ex/raise.rb
0	13	vendor/gems/rmagick-2.12.2/doc/ex/random_threshold_channel.rb
0	15	vendor/gems/rmagick-2.12.2/doc/ex/rect01.rb
0	22	vendor/gems/rmagick-2.12.2/doc/ex/rect02.rb
0	35	vendor/gems/rmagick-2.12.2/doc/ex/rectangle.rb
0	28	vendor/gems/rmagick-2.12.2/doc/ex/reduce_noise.rb
0	12	vendor/gems/rmagick-2.12.2/doc/ex/remap.rb
0	21	vendor/gems/rmagick-2.12.2/doc/ex/remap_images.rb
0	10	vendor/gems/rmagick-2.12.2/doc/ex/resize_to_fill.rb
0	10	vendor/gems/rmagick-2.12.2/doc/ex/resize_to_fit.rb
0	9	vendor/gems/rmagick-2.12.2/doc/ex/roll.rb
0	45	vendor/gems/rmagick-2.12.2/doc/ex/rotate.rb
0	14	vendor/gems/rmagick-2.12.2/doc/ex/rotate_f.rb
0	34	vendor/gems/rmagick-2.12.2/doc/ex/roundrect.rb
0	30	vendor/gems/rmagick-2.12.2/doc/ex/rubyname.rb
0	14	vendor/gems/rmagick-2.12.2/doc/ex/rvg_clippath.rb
0	43	vendor/gems/rmagick-2.12.2/doc/ex/rvg_linecap.rb
0	41	vendor/gems/rmagick-2.12.2/doc/ex/rvg_linejoin.rb
0	19	vendor/gems/rmagick-2.12.2/doc/ex/rvg_opacity.rb
0	26	vendor/gems/rmagick-2.12.2/doc/ex/rvg_pattern.rb
0	12	vendor/gems/rmagick-2.12.2/doc/ex/rvg_stroke_dasharray.rb
0	11	vendor/gems/rmagick-2.12.2/doc/ex/segment.rb
0	8	vendor/gems/rmagick-2.12.2/doc/ex/sepiatone.rb
0	11	vendor/gems/rmagick-2.12.2/doc/ex/shade.rb
0	31	vendor/gems/rmagick-2.12.2/doc/ex/shadow.rb
0	15	vendor/gems/rmagick-2.12.2/doc/ex/shave.rb
0	10	vendor/gems/rmagick-2.12.2/doc/ex/shear.rb
0	18	vendor/gems/rmagick-2.12.2/doc/ex/sketch.rb
0	52	vendor/gems/rmagick-2.12.2/doc/ex/skewx.rb
0	47	vendor/gems/rmagick-2.12.2/doc/ex/skewy.rb
0	125	vendor/gems/rmagick-2.12.2/doc/ex/smile.rb
0	11	vendor/gems/rmagick-2.12.2/doc/ex/solarize.rb
0	55	vendor/gems/rmagick-2.12.2/doc/ex/sparse_color.rb
0	9	vendor/gems/rmagick-2.12.2/doc/ex/splice.rb
0	11	vendor/gems/rmagick-2.12.2/doc/ex/spread.rb
0	55	vendor/gems/rmagick-2.12.2/doc/ex/stegano.rb
0	43	vendor/gems/rmagick-2.12.2/doc/ex/stroke_dasharray.rb
0	11	vendor/gems/rmagick-2.12.2/doc/ex/stroke_fill.rb
0	44	vendor/gems/rmagick-2.12.2/doc/ex/stroke_linecap.rb
0	48	vendor/gems/rmagick-2.12.2/doc/ex/stroke_linejoin.rb
0	49	vendor/gems/rmagick-2.12.2/doc/ex/stroke_width.rb
0	17	vendor/gems/rmagick-2.12.2/doc/ex/swirl.rb
0	37	vendor/gems/rmagick-2.12.2/doc/ex/text.rb
0	17	vendor/gems/rmagick-2.12.2/doc/ex/text01.rb
0	36	vendor/gems/rmagick-2.12.2/doc/ex/text_align.rb
0	38	vendor/gems/rmagick-2.12.2/doc/ex/text_antialias.rb
0	21	vendor/gems/rmagick-2.12.2/doc/ex/text_styles.rb
0	28	vendor/gems/rmagick-2.12.2/doc/ex/text_undercolor.rb
0	34	vendor/gems/rmagick-2.12.2/doc/ex/texture_fill_to_border.rb
0	32	vendor/gems/rmagick-2.12.2/doc/ex/texture_floodfill.rb
0	25	vendor/gems/rmagick-2.12.2/doc/ex/texturefill.rb
0	13	vendor/gems/rmagick-2.12.2/doc/ex/threshold.rb
0	14	vendor/gems/rmagick-2.12.2/doc/ex/to_blob.rb
0	39	vendor/gems/rmagick-2.12.2/doc/ex/translate.rb
0	38	vendor/gems/rmagick-2.12.2/doc/ex/transparent.rb
0	9	vendor/gems/rmagick-2.12.2/doc/ex/transpose.rb
0	9	vendor/gems/rmagick-2.12.2/doc/ex/transverse.rb
0	25	vendor/gems/rmagick-2.12.2/doc/ex/tref01.rb
0	16	vendor/gems/rmagick-2.12.2/doc/ex/triangle01.rb
0	24	vendor/gems/rmagick-2.12.2/doc/ex/trim.rb
0	18	vendor/gems/rmagick-2.12.2/doc/ex/tspan01.rb
0	19	vendor/gems/rmagick-2.12.2/doc/ex/tspan02.rb
0	21	vendor/gems/rmagick-2.12.2/doc/ex/tspan03.rb
0	28	vendor/gems/rmagick-2.12.2/doc/ex/unsharp_mask.rb
0	35	vendor/gems/rmagick-2.12.2/doc/ex/viewex.rb
0	12	vendor/gems/rmagick-2.12.2/doc/ex/vignette.rb
0	28	vendor/gems/rmagick-2.12.2/doc/ex/watermark.rb
0	9	vendor/gems/rmagick-2.12.2/doc/ex/wave.rb
0	59	vendor/gems/rmagick-2.12.2/doc/ex/wet_floor.rb
0	27	vendor/gems/rmagick-2.12.2/doc/ex/writing_mode01.rb
0	26	vendor/gems/rmagick-2.12.2/doc/ex/writing_mode02.rb
0	2056	vendor/gems/rmagick-2.12.2/doc/ilist.html
0	4680	vendor/gems/rmagick-2.12.2/doc/image1.html
0	3665	vendor/gems/rmagick-2.12.2/doc/image2.html
0	4522	vendor/gems/rmagick-2.12.2/doc/image3.html
0	1638	vendor/gems/rmagick-2.12.2/doc/imageattrs.html
0	514	vendor/gems/rmagick-2.12.2/doc/imusage.html
0	416	vendor/gems/rmagick-2.12.2/doc/index.html
0	1499	vendor/gems/rmagick-2.12.2/doc/info.html
0	565	vendor/gems/rmagick-2.12.2/doc/magick.html
0	2435	vendor/gems/rmagick-2.12.2/doc/optequiv.html
0	975	vendor/gems/rmagick-2.12.2/doc/rvg.html
0	248	vendor/gems/rmagick-2.12.2/doc/rvgclip.html
0	305	vendor/gems/rmagick-2.12.2/doc/rvggroup.html
0	289	vendor/gems/rmagick-2.12.2/doc/rvgimage.html
0	475	vendor/gems/rmagick-2.12.2/doc/rvgpattern.html
0	406	vendor/gems/rmagick-2.12.2/doc/rvgshape.html
0	270	vendor/gems/rmagick-2.12.2/doc/rvgstyle.html
0	465	vendor/gems/rmagick-2.12.2/doc/rvgtext.html
0	238	vendor/gems/rmagick-2.12.2/doc/rvgtspan.html
0	530	vendor/gems/rmagick-2.12.2/doc/rvgtut.html
0	145	vendor/gems/rmagick-2.12.2/doc/rvguse.html
0	294	vendor/gems/rmagick-2.12.2/doc/rvgxform.html
0	22	vendor/gems/rmagick-2.12.2/doc/scripts/doc.js
0	23	vendor/gems/rmagick-2.12.2/doc/scripts/stripeTables.js
0	1335	vendor/gems/rmagick-2.12.2/doc/struct.html
0	1621	vendor/gems/rmagick-2.12.2/doc/usage.html
0	7	vendor/gems/rmagick-2.12.2/examples/constitute.rb
0	46	vendor/gems/rmagick-2.12.2/examples/crop_with_gravity.rb
0	324	vendor/gems/rmagick-2.12.2/examples/demo.rb
0	44	vendor/gems/rmagick-2.12.2/examples/describe.rb
0	34	vendor/gems/rmagick-2.12.2/examples/find_similar_region.rb
0	325	vendor/gems/rmagick-2.12.2/examples/histogram.rb
0	187	vendor/gems/rmagick-2.12.2/examples/identify.rb
0	29	vendor/gems/rmagick-2.12.2/examples/image_opacity.rb
0	31	vendor/gems/rmagick-2.12.2/examples/import_export.rb
0	38	vendor/gems/rmagick-2.12.2/examples/pattern_fill.rb
0	45	vendor/gems/rmagick-2.12.2/examples/rotating_text.rb
0	50	vendor/gems/rmagick-2.12.2/examples/spinner.rb
0	65	vendor/gems/rmagick-2.12.2/examples/thumbnail.rb
0	79	vendor/gems/rmagick-2.12.2/examples/vignette.rb
0	356	vendor/gems/rmagick-2.12.2/ext/RMagick/MANIFEST
0	157	vendor/gems/rmagick-2.12.2/ext/RMagick/Makefile
-	-	vendor/gems/rmagick-2.12.2/ext/RMagick/RMagick2.bundle
0	111	vendor/gems/rmagick-2.12.2/ext/RMagick/extconf.h
0	377	vendor/gems/rmagick-2.12.2/ext/RMagick/extconf.rb
0	2305	vendor/gems/rmagick-2.12.2/ext/RMagick/mkmf.log
0	312	vendor/gems/rmagick-2.12.2/ext/RMagick/rmagick.c
0	1247	vendor/gems/rmagick-2.12.2/ext/RMagick/rmagick.h
-	-	vendor/gems/rmagick-2.12.2/ext/RMagick/rmagick.o
0	1636	vendor/gems/rmagick-2.12.2/ext/RMagick/rmdraw.c
-	-	vendor/gems/rmagick-2.12.2/ext/RMagick/rmdraw.o
0	1030	vendor/gems/rmagick-2.12.2/ext/RMagick/rmenum.c
-	-	vendor/gems/rmagick-2.12.2/ext/RMagick/rmenum.o
0	622	vendor/gems/rmagick-2.12.2/ext/RMagick/rmfill.c
-	-	vendor/gems/rmagick-2.12.2/ext/RMagick/rmfill.o
0	1040	vendor/gems/rmagick-2.12.2/ext/RMagick/rmilist.c
-	-	vendor/gems/rmagick-2.12.2/ext/RMagick/rmilist.o
0	11857	vendor/gems/rmagick-2.12.2/ext/RMagick/rmimage.c
-	-	vendor/gems/rmagick-2.12.2/ext/RMagick/rmimage.o
0	1929	vendor/gems/rmagick-2.12.2/ext/RMagick/rminfo.c
-	-	vendor/gems/rmagick-2.12.2/ext/RMagick/rminfo.o
0	1670	vendor/gems/rmagick-2.12.2/ext/RMagick/rmmain.c
-	-	vendor/gems/rmagick-2.12.2/ext/RMagick/rmmain.o
0	386	vendor/gems/rmagick-2.12.2/ext/RMagick/rmmontage.c
-	-	vendor/gems/rmagick-2.12.2/ext/RMagick/rmmontage.o
0	804	vendor/gems/rmagick-2.12.2/ext/RMagick/rmpixel.c
-	-	vendor/gems/rmagick-2.12.2/ext/RMagick/rmpixel.o
0	895	vendor/gems/rmagick-2.12.2/ext/RMagick/rmstruct.c
-	-	vendor/gems/rmagick-2.12.2/ext/RMagick/rmstruct.o
0	1462	vendor/gems/rmagick-2.12.2/ext/RMagick/rmutil.c
-	-	vendor/gems/rmagick-2.12.2/ext/RMagick/rmutil.o
0	1962	vendor/gems/rmagick-2.12.2/lib/RMagick.rb
-	-	vendor/gems/rmagick-2.12.2/lib/RMagick2.bundle
0	48	vendor/gems/rmagick-2.12.2/lib/rvg/clippath.rb
0	131	vendor/gems/rmagick-2.12.2/lib/rvg/container.rb
0	56	vendor/gems/rmagick-2.12.2/lib/rvg/deep_equal.rb
0	53	vendor/gems/rmagick-2.12.2/lib/rvg/describable.rb
0	417	vendor/gems/rmagick-2.12.2/lib/rvg/embellishable.rb
0	740	vendor/gems/rmagick-2.12.2/lib/rvg/misc.rb
0	55	vendor/gems/rmagick-2.12.2/lib/rvg/paint.rb
0	131	vendor/gems/rmagick-2.12.2/lib/rvg/pathdata.rb
0	283	vendor/gems/rmagick-2.12.2/lib/rvg/rvg.rb
0	168	vendor/gems/rmagick-2.12.2/lib/rvg/stretchable.rb
0	124	vendor/gems/rmagick-2.12.2/lib/rvg/stylable.rb
0	187	vendor/gems/rmagick-2.12.2/lib/rvg/text.rb
0	133	vendor/gems/rmagick-2.12.2/lib/rvg/transformable.rb
0	66	vendor/gems/rmagick-2.12.2/lib/rvg/units.rb
0	7	vendor/gems/rmagick-2.12.2/metaconfig
0	12	vendor/gems/rmagick-2.12.2/post-clean.rb
0	50	vendor/gems/rmagick-2.12.2/post-install.rb
0	254	vendor/gems/rmagick-2.12.2/post-setup.rb
0	20	vendor/gems/rmagick-2.12.2/rmagick.gemspec
0	1585	vendor/gems/rmagick-2.12.2/setup.rb
0	74	vendor/gems/rmagick-2.12.2/uninstall.rb

--551d5895--2010-08-14--Silvio Montanari
5	5	app/controllers/attachments_controller.rb
1	1	app/controllers/children_controller.rb
9	2	app/helpers/children_helper.rb
0	7	app/helpers/histories_helper.rb
13	7	app/models/child.rb
4	1	app/views/children/_photo_upload_box.html.erb
1	1	app/views/children/_picture.html.erb
1	1	app/views/children/_summary_row.html.erb
1	1	app/views/histories/_photo_history_change.html.erb
1	0	config/environment.rb
4	0	config/routes.rb
4	4	features/basic_search.feature
1	1	features/edit_child_record.feature
12	20	features/step_definitions/basic_steps.rb
0	8	features/step_definitions/more_web_steps.rb
0	6	features/support/paths.rb
3	11	features/upload_a_childs_photo.feature
15	10	features/view_child_record_log.feature
1	1	lib/pdf_generator.rb
14	5	spec/controllers/attachments_controller_spec.rb
57	1	spec/integration/children_spec.rb
3	2	spec/models/child_spec.rb
38	22	spec/spec_helper.rb
1	1	spec/views/child/search.html.erb_spec.rb

--ab1e3fd3--2010-08-14--Silvio Montanari
37	0	app/controllers/child_images_controller.rb
15	0	app/models/file_attachment.rb
10	0	features/show_child_thumbnail.feature
35	0	features/step_definitions/photo_thumbnail_steps.rb
-	-	public/images/no_photo_clip.jpg
79	0	spec/controllers/child_images_controller_spec.rb
28	0	spec/models/file_attachment_spec.rb
26	0	spec/support/child_builder.rb
22	0	spec/support/couchdb_client_helper.rb
42	0	spec/support/matchers/attachment_response.rb
418	0	vendor/gems/rmagick-2.12.2/.specification
757	0	vendor/gems/rmagick-2.12.2/ChangeLog
1	0	vendor/gems/rmagick-2.12.2/README-Mac-OSX.txt
179	0	vendor/gems/rmagick-2.12.2/README.html
215	0	vendor/gems/rmagick-2.12.2/build_tarball.rake
287	0	vendor/gems/rmagick-2.12.2/doc/comtasks.html
1581	0	vendor/gems/rmagick-2.12.2/doc/constants.html
299	0	vendor/gems/rmagick-2.12.2/doc/css/doc.css
34	0	vendor/gems/rmagick-2.12.2/doc/css/popup.css
67	0	vendor/gems/rmagick-2.12.2/doc/css/ref.css
3269	0	vendor/gems/rmagick-2.12.2/doc/draw.html
23	0	vendor/gems/rmagick-2.12.2/doc/ex/InitialCoords.rb
32	0	vendor/gems/rmagick-2.12.2/doc/ex/NewCoordSys.rb
18	0	vendor/gems/rmagick-2.12.2/doc/ex/OrigCoordSys.rb
205	0	vendor/gems/rmagick-2.12.2/doc/ex/PreserveAspectRatio.rb
37	0	vendor/gems/rmagick-2.12.2/doc/ex/RotateScale.rb
38	0	vendor/gems/rmagick-2.12.2/doc/ex/Skew.rb
16	0	vendor/gems/rmagick-2.12.2/doc/ex/Use01.rb
21	0	vendor/gems/rmagick-2.12.2/doc/ex/Use02.rb
16	0	vendor/gems/rmagick-2.12.2/doc/ex/Use03.rb
33	0	vendor/gems/rmagick-2.12.2/doc/ex/ViewBox.rb
10	0	vendor/gems/rmagick-2.12.2/doc/ex/adaptive_threshold.rb
17	0	vendor/gems/rmagick-2.12.2/doc/ex/add_noise.rb
48	0	vendor/gems/rmagick-2.12.2/doc/ex/affine.rb
20	0	vendor/gems/rmagick-2.12.2/doc/ex/affine_transform.rb
49	0	vendor/gems/rmagick-2.12.2/doc/ex/arc.rb
33	0	vendor/gems/rmagick-2.12.2/doc/ex/arcpath.rb
28	0	vendor/gems/rmagick-2.12.2/doc/ex/arcs01.rb
61	0	vendor/gems/rmagick-2.12.2/doc/ex/arcs02.rb
15	0	vendor/gems/rmagick-2.12.2/doc/ex/average.rb
64	0	vendor/gems/rmagick-2.12.2/doc/ex/axes.rb
18	0	vendor/gems/rmagick-2.12.2/doc/ex/baseline_shift01.rb
9	0	vendor/gems/rmagick-2.12.2/doc/ex/bilevel_channel.rb
12	0	vendor/gems/rmagick-2.12.2/doc/ex/blur_image.rb
10	0	vendor/gems/rmagick-2.12.2/doc/ex/border.rb
44	0	vendor/gems/rmagick-2.12.2/doc/ex/bounding_box.rb
42	0	vendor/gems/rmagick-2.12.2/doc/ex/cbezier1.rb
42	0	vendor/gems/rmagick-2.12.2/doc/ex/cbezier2.rb
42	0	vendor/gems/rmagick-2.12.2/doc/ex/cbezier3.rb
43	0	vendor/gems/rmagick-2.12.2/doc/ex/cbezier4.rb
43	0	vendor/gems/rmagick-2.12.2/doc/ex/cbezier5.rb
53	0	vendor/gems/rmagick-2.12.2/doc/ex/cbezier6.rb
26	0	vendor/gems/rmagick-2.12.2/doc/ex/channel.rb
12	0	vendor/gems/rmagick-2.12.2/doc/ex/charcoal.rb
29	0	vendor/gems/rmagick-2.12.2/doc/ex/chop.rb
33	0	vendor/gems/rmagick-2.12.2/doc/ex/circle.rb
17	0	vendor/gems/rmagick-2.12.2/doc/ex/circle01.rb
60	0	vendor/gems/rmagick-2.12.2/doc/ex/clip_path.rb
60	0	vendor/gems/rmagick-2.12.2/doc/ex/coalesce.rb
29	0	vendor/gems/rmagick-2.12.2/doc/ex/color_fill_to_border.rb
28	0	vendor/gems/rmagick-2.12.2/doc/ex/color_floodfill.rb
48	0	vendor/gems/rmagick-2.12.2/doc/ex/color_histogram.rb
11	0	vendor/gems/rmagick-2.12.2/doc/ex/color_reset.rb
16	0	vendor/gems/rmagick-2.12.2/doc/ex/colorize.rb
64	0	vendor/gems/rmagick-2.12.2/doc/ex/colors.rb
23	0	vendor/gems/rmagick-2.12.2/doc/ex/compose_mask.rb
135	0	vendor/gems/rmagick-2.12.2/doc/ex/composite.rb
53	0	vendor/gems/rmagick-2.12.2/doc/ex/composite_layers.rb
23	0	vendor/gems/rmagick-2.12.2/doc/ex/composite_tiled.rb
36	0	vendor/gems/rmagick-2.12.2/doc/ex/contrast.rb
31	0	vendor/gems/rmagick-2.12.2/doc/ex/crop.rb
46	0	vendor/gems/rmagick-2.12.2/doc/ex/crop_with_gravity.rb
45	0	vendor/gems/rmagick-2.12.2/doc/ex/cubic01.rb
94	0	vendor/gems/rmagick-2.12.2/doc/ex/cubic02.rb
21	0	vendor/gems/rmagick-2.12.2/doc/ex/cycle_colormap.rb
13	0	vendor/gems/rmagick-2.12.2/doc/ex/dissolve.rb
42	0	vendor/gems/rmagick-2.12.2/doc/ex/drawcomp.rb
60	0	vendor/gems/rmagick-2.12.2/doc/ex/drop_shadow.rb
11	0	vendor/gems/rmagick-2.12.2/doc/ex/edge.rb
45	0	vendor/gems/rmagick-2.12.2/doc/ex/ellipse.rb
22	0	vendor/gems/rmagick-2.12.2/doc/ex/ellipse01.rb
11	0	vendor/gems/rmagick-2.12.2/doc/ex/emboss.rb
28	0	vendor/gems/rmagick-2.12.2/doc/ex/enhance.rb
11	0	vendor/gems/rmagick-2.12.2/doc/ex/equalize.rb
43	0	vendor/gems/rmagick-2.12.2/doc/ex/evenodd.rb
26	0	vendor/gems/rmagick-2.12.2/doc/ex/fill_pattern.rb
36	0	vendor/gems/rmagick-2.12.2/doc/ex/flatten_images.rb
11	0	vendor/gems/rmagick-2.12.2/doc/ex/flip.rb
11	0	vendor/gems/rmagick-2.12.2/doc/ex/flop.rb
34	0	vendor/gems/rmagick-2.12.2/doc/ex/font_styles.rb
20	0	vendor/gems/rmagick-2.12.2/doc/ex/fonts.rb
12	0	vendor/gems/rmagick-2.12.2/doc/ex/frame.rb
11	0	vendor/gems/rmagick-2.12.2/doc/ex/gaussian_blur.rb
42	0	vendor/gems/rmagick-2.12.2/doc/ex/get_multiline_type_metrics.rb
48	0	vendor/gems/rmagick-2.12.2/doc/ex/get_pixels.rb
146	0	vendor/gems/rmagick-2.12.2/doc/ex/get_type_metrics.rb
27	0	vendor/gems/rmagick-2.12.2/doc/ex/gradientfill.rb
46	0	vendor/gems/rmagick-2.12.2/doc/ex/grav.rb
79	0	vendor/gems/rmagick-2.12.2/doc/ex/gravity.rb
26	0	vendor/gems/rmagick-2.12.2/doc/ex/group.rb
27	0	vendor/gems/rmagick-2.12.2/doc/ex/hatchfill.rb
46	0	vendor/gems/rmagick-2.12.2/doc/ex/image.rb
-	-	vendor/gems/rmagick-2.12.2/doc/ex/images/Apple.miff
-	-	vendor/gems/rmagick-2.12.2/doc/ex/images/Ballerina.jpg
-	-	vendor/gems/rmagick-2.12.2/doc/ex/images/Ballerina3.jpg
-	-	vendor/gems/rmagick-2.12.2/doc/ex/images/Button_0.gif
-	-	vendor/gems/rmagick-2.12.2/doc/ex/images/Button_1.gif
-	-	vendor/gems/rmagick-2.12.2/doc/ex/images/Button_2.gif
-	-	vendor/gems/rmagick-2.12.2/doc/ex/images/Button_3.gif
-	-	vendor/gems/rmagick-2.12.2/doc/ex/images/Button_4.gif
-	-	vendor/gems/rmagick-2.12.2/doc/ex/images/Button_5.gif
-	-	vendor/gems/rmagick-2.12.2/doc/ex/images/Button_6.gif
-	-	vendor/gems/rmagick-2.12.2/doc/ex/images/Button_7.gif
-	-	vendor/gems/rmagick-2.12.2/doc/ex/images/Button_8.gif
-	-	vendor/gems/rmagick-2.12.2/doc/ex/images/Button_9.gif
-	-	vendor/gems/rmagick-2.12.2/doc/ex/images/Button_A.gif
-	-	vendor/gems/rmagick-2.12.2/doc/ex/images/Button_B.gif
-	-	vendor/gems/rmagick-2.12.2/doc/ex/images/Button_C.gif
-	-	vendor/gems/rmagick-2.12.2/doc/ex/images/Button_D.gif
-	-	vendor/gems/rmagick-2.12.2/doc/ex/images/Button_E.gif
-	-	vendor/gems/rmagick-2.12.2/doc/ex/images/Button_F.gif
-	-	vendor/gems/rmagick-2.12.2/doc/ex/images/Button_G.gif
-	-	vendor/gems/rmagick-2.12.2/doc/ex/images/Button_H.gif
-	-	vendor/gems/rmagick-2.12.2/doc/ex/images/Button_I.gif
-	-	vendor/gems/rmagick-2.12.2/doc/ex/images/Button_J.gif
-	-	vendor/gems/rmagick-2.12.2/doc/ex/images/Button_K.gif
-	-	vendor/gems/rmagick-2.12.2/doc/ex/images/Button_L.gif
-	-	vendor/gems/rmagick-2.12.2/doc/ex/images/Button_M.gif
-	-	vendor/gems/rmagick-2.12.2/doc/ex/images/Button_N.gif
-	-	vendor/gems/rmagick-2.12.2/doc/ex/images/Button_O.gif
-	-	vendor/gems/rmagick-2.12.2/doc/ex/images/Button_P.gif
-	-	vendor/gems/rmagick-2.12.2/doc/ex/images/Button_Q.gif
-	-	vendor/gems/rmagick-2.12.2/doc/ex/images/Button_R.gif
-	-	vendor/gems/rmagick-2.12.2/doc/ex/images/Button_S.gif
-	-	vendor/gems/rmagick-2.12.2/doc/ex/images/Button_T.gif
-	-	vendor/gems/rmagick-2.12.2/doc/ex/images/Button_U.gif
-	-	vendor/gems/rmagick-2.12.2/doc/ex/images/Button_V.gif
-	-	vendor/gems/rmagick-2.12.2/doc/ex/images/Button_W.gif
-	-	vendor/gems/rmagick-2.12.2/doc/ex/images/Button_X.gif
-	-	vendor/gems/rmagick-2.12.2/doc/ex/images/Button_Y.gif
-	-	vendor/gems/rmagick-2.12.2/doc/ex/images/Button_Z.gif
-	-	vendor/gems/rmagick-2.12.2/doc/ex/images/Cheetah.jpg
-	-	vendor/gems/rmagick-2.12.2/doc/ex/images/Coffee.wmf
-	-	vendor/gems/rmagick-2.12.2/doc/ex/images/Flower_Hat.jpg
-	-	vendor/gems/rmagick-2.12.2/doc/ex/images/Gold_Statue.jpg
-	-	vendor/gems/rmagick-2.12.2/doc/ex/images/Hot_Air_Balloons.jpg
-	-	vendor/gems/rmagick-2.12.2/doc/ex/images/Hot_Air_Balloons_H.jpg
-	-	vendor/gems/rmagick-2.12.2/doc/ex/images/Leaf.miff
-	-	vendor/gems/rmagick-2.12.2/doc/ex/images/No.wmf
-	-	vendor/gems/rmagick-2.12.2/doc/ex/images/Polynesia.jpg
-	-	vendor/gems/rmagick-2.12.2/doc/ex/images/Red_Rocks.jpg
-	-	vendor/gems/rmagick-2.12.2/doc/ex/images/Rocks_On_Beach.miff
-	-	vendor/gems/rmagick-2.12.2/doc/ex/images/Shorts.jpg
-	-	vendor/gems/rmagick-2.12.2/doc/ex/images/Snake.wmf
-	-	vendor/gems/rmagick-2.12.2/doc/ex/images/Violin.jpg
-	-	vendor/gems/rmagick-2.12.2/doc/ex/images/Yellow_Rose.miff
-	-	vendor/gems/rmagick-2.12.2/doc/ex/images/big-duck.gif
-	-	vendor/gems/rmagick-2.12.2/doc/ex/images/duck.gif
-	-	vendor/gems/rmagick-2.12.2/doc/ex/images/duck0.gif
-	-	vendor/gems/rmagick-2.12.2/doc/ex/images/duck1.gif
-	-	vendor/gems/rmagick-2.12.2/doc/ex/images/duck10.gif
-	-	vendor/gems/rmagick-2.12.2/doc/ex/images/duck11.gif
-	-	vendor/gems/rmagick-2.12.2/doc/ex/images/duck12.gif
-	-	vendor/gems/rmagick-2.12.2/doc/ex/images/duck13.gif
-	-	vendor/gems/rmagick-2.12.2/doc/ex/images/duck14.gif
-	-	vendor/gems/rmagick-2.12.2/doc/ex/images/duck15.gif
-	-	vendor/gems/rmagick-2.12.2/doc/ex/images/duck2.gif
-	-	vendor/gems/rmagick-2.12.2/doc/ex/images/duck3.gif
-	-	vendor/gems/rmagick-2.12.2/doc/ex/images/duck4.gif
-	-	vendor/gems/rmagick-2.12.2/doc/ex/images/duck5.gif
-	-	vendor/gems/rmagick-2.12.2/doc/ex/images/duck6.gif
-	-	vendor/gems/rmagick-2.12.2/doc/ex/images/duck7.gif
-	-	vendor/gems/rmagick-2.12.2/doc/ex/images/duck8.gif
-	-	vendor/gems/rmagick-2.12.2/doc/ex/images/duck9.gif
-	-	vendor/gems/rmagick-2.12.2/doc/ex/images/graydient230x6.gif
-	-	vendor/gems/rmagick-2.12.2/doc/ex/images/logo400x83.gif
-	-	vendor/gems/rmagick-2.12.2/doc/ex/images/model.miff
-	-	vendor/gems/rmagick-2.12.2/doc/ex/images/notimplemented.gif
-	-	vendor/gems/rmagick-2.12.2/doc/ex/images/smile.miff
-	-	vendor/gems/rmagick-2.12.2/doc/ex/images/spin.gif
34	0	vendor/gems/rmagick-2.12.2/doc/ex/implode.rb
11	0	vendor/gems/rmagick-2.12.2/doc/ex/level.rb
11	0	vendor/gems/rmagick-2.12.2/doc/ex/level_colors.rb
42	0	vendor/gems/rmagick-2.12.2/doc/ex/line.rb
23	0	vendor/gems/rmagick-2.12.2/doc/ex/line01.rb
36	0	vendor/gems/rmagick-2.12.2/doc/ex/mask.rb
40	0	vendor/gems/rmagick-2.12.2/doc/ex/matte_fill_to_border.rb
33	0	vendor/gems/rmagick-2.12.2/doc/ex/matte_floodfill.rb
40	0	vendor/gems/rmagick-2.12.2/doc/ex/matte_replace.rb
28	0	vendor/gems/rmagick-2.12.2/doc/ex/median_filter.rb
11	0	vendor/gems/rmagick-2.12.2/doc/ex/modulate.rb
23	0	vendor/gems/rmagick-2.12.2/doc/ex/mono.rb
26	0	vendor/gems/rmagick-2.12.2/doc/ex/morph.rb
35	0	vendor/gems/rmagick-2.12.2/doc/ex/mosaic.rb
11	0	vendor/gems/rmagick-2.12.2/doc/ex/motion_blur.rb
11	0	vendor/gems/rmagick-2.12.2/doc/ex/negate.rb
9	0	vendor/gems/rmagick-2.12.2/doc/ex/negate_channel.rb
21	0	vendor/gems/rmagick-2.12.2/doc/ex/nested_rvg.rb
43	0	vendor/gems/rmagick-2.12.2/doc/ex/nonzero.rb
11	0	vendor/gems/rmagick-2.12.2/doc/ex/normalize.rb
11	0	vendor/gems/rmagick-2.12.2/doc/ex/oil_paint.rb
37	0	vendor/gems/rmagick-2.12.2/doc/ex/opacity.rb
11	0	vendor/gems/rmagick-2.12.2/doc/ex/ordered_dither.rb
64	0	vendor/gems/rmagick-2.12.2/doc/ex/path.rb
25	0	vendor/gems/rmagick-2.12.2/doc/ex/pattern1.rb
26	0	vendor/gems/rmagick-2.12.2/doc/ex/pattern2.rb
28	0	vendor/gems/rmagick-2.12.2/doc/ex/polaroid.rb
24	0	vendor/gems/rmagick-2.12.2/doc/ex/polygon.rb
23	0	vendor/gems/rmagick-2.12.2/doc/ex/polygon01.rb
23	0	vendor/gems/rmagick-2.12.2/doc/ex/polyline.rb
23	0	vendor/gems/rmagick-2.12.2/doc/ex/polyline01.rb
8	0	vendor/gems/rmagick-2.12.2/doc/ex/posterize.rb
9	0	vendor/gems/rmagick-2.12.2/doc/ex/preview.rb
52	0	vendor/gems/rmagick-2.12.2/doc/ex/qbezierpath.rb
36	0	vendor/gems/rmagick-2.12.2/doc/ex/quad01.rb
25	0	vendor/gems/rmagick-2.12.2/doc/ex/quantize-m.rb
9	0	vendor/gems/rmagick-2.12.2/doc/ex/radial_blur.rb
8	0	vendor/gems/rmagick-2.12.2/doc/ex/raise.rb
13	0	vendor/gems/rmagick-2.12.2/doc/ex/random_threshold_channel.rb
15	0	vendor/gems/rmagick-2.12.2/doc/ex/rect01.rb
22	0	vendor/gems/rmagick-2.12.2/doc/ex/rect02.rb
35	0	vendor/gems/rmagick-2.12.2/doc/ex/rectangle.rb
28	0	vendor/gems/rmagick-2.12.2/doc/ex/reduce_noise.rb
12	0	vendor/gems/rmagick-2.12.2/doc/ex/remap.rb
21	0	vendor/gems/rmagick-2.12.2/doc/ex/remap_images.rb
10	0	vendor/gems/rmagick-2.12.2/doc/ex/resize_to_fill.rb
10	0	vendor/gems/rmagick-2.12.2/doc/ex/resize_to_fit.rb
9	0	vendor/gems/rmagick-2.12.2/doc/ex/roll.rb
45	0	vendor/gems/rmagick-2.12.2/doc/ex/rotate.rb
14	0	vendor/gems/rmagick-2.12.2/doc/ex/rotate_f.rb
34	0	vendor/gems/rmagick-2.12.2/doc/ex/roundrect.rb
30	0	vendor/gems/rmagick-2.12.2/doc/ex/rubyname.rb
14	0	vendor/gems/rmagick-2.12.2/doc/ex/rvg_clippath.rb
43	0	vendor/gems/rmagick-2.12.2/doc/ex/rvg_linecap.rb
41	0	vendor/gems/rmagick-2.12.2/doc/ex/rvg_linejoin.rb
19	0	vendor/gems/rmagick-2.12.2/doc/ex/rvg_opacity.rb
26	0	vendor/gems/rmagick-2.12.2/doc/ex/rvg_pattern.rb
12	0	vendor/gems/rmagick-2.12.2/doc/ex/rvg_stroke_dasharray.rb
11	0	vendor/gems/rmagick-2.12.2/doc/ex/segment.rb
8	0	vendor/gems/rmagick-2.12.2/doc/ex/sepiatone.rb
11	0	vendor/gems/rmagick-2.12.2/doc/ex/shade.rb
31	0	vendor/gems/rmagick-2.12.2/doc/ex/shadow.rb
15	0	vendor/gems/rmagick-2.12.2/doc/ex/shave.rb
10	0	vendor/gems/rmagick-2.12.2/doc/ex/shear.rb
18	0	vendor/gems/rmagick-2.12.2/doc/ex/sketch.rb
52	0	vendor/gems/rmagick-2.12.2/doc/ex/skewx.rb
47	0	vendor/gems/rmagick-2.12.2/doc/ex/skewy.rb
125	0	vendor/gems/rmagick-2.12.2/doc/ex/smile.rb
11	0	vendor/gems/rmagick-2.12.2/doc/ex/solarize.rb
55	0	vendor/gems/rmagick-2.12.2/doc/ex/sparse_color.rb
9	0	vendor/gems/rmagick-2.12.2/doc/ex/splice.rb
11	0	vendor/gems/rmagick-2.12.2/doc/ex/spread.rb
55	0	vendor/gems/rmagick-2.12.2/doc/ex/stegano.rb
43	0	vendor/gems/rmagick-2.12.2/doc/ex/stroke_dasharray.rb
11	0	vendor/gems/rmagick-2.12.2/doc/ex/stroke_fill.rb
44	0	vendor/gems/rmagick-2.12.2/doc/ex/stroke_linecap.rb
48	0	vendor/gems/rmagick-2.12.2/doc/ex/stroke_linejoin.rb
49	0	vendor/gems/rmagick-2.12.2/doc/ex/stroke_width.rb
17	0	vendor/gems/rmagick-2.12.2/doc/ex/swirl.rb
37	0	vendor/gems/rmagick-2.12.2/doc/ex/text.rb
17	0	vendor/gems/rmagick-2.12.2/doc/ex/text01.rb
36	0	vendor/gems/rmagick-2.12.2/doc/ex/text_align.rb
38	0	vendor/gems/rmagick-2.12.2/doc/ex/text_antialias.rb
21	0	vendor/gems/rmagick-2.12.2/doc/ex/text_styles.rb
28	0	vendor/gems/rmagick-2.12.2/doc/ex/text_undercolor.rb
34	0	vendor/gems/rmagick-2.12.2/doc/ex/texture_fill_to_border.rb
32	0	vendor/gems/rmagick-2.12.2/doc/ex/texture_floodfill.rb
25	0	vendor/gems/rmagick-2.12.2/doc/ex/texturefill.rb
13	0	vendor/gems/rmagick-2.12.2/doc/ex/threshold.rb
14	0	vendor/gems/rmagick-2.12.2/doc/ex/to_blob.rb
39	0	vendor/gems/rmagick-2.12.2/doc/ex/translate.rb
38	0	vendor/gems/rmagick-2.12.2/doc/ex/transparent.rb
9	0	vendor/gems/rmagick-2.12.2/doc/ex/transpose.rb
9	0	vendor/gems/rmagick-2.12.2/doc/ex/transverse.rb
25	0	vendor/gems/rmagick-2.12.2/doc/ex/tref01.rb
16	0	vendor/gems/rmagick-2.12.2/doc/ex/triangle01.rb
24	0	vendor/gems/rmagick-2.12.2/doc/ex/trim.rb
18	0	vendor/gems/rmagick-2.12.2/doc/ex/tspan01.rb
19	0	vendor/gems/rmagick-2.12.2/doc/ex/tspan02.rb
21	0	vendor/gems/rmagick-2.12.2/doc/ex/tspan03.rb
28	0	vendor/gems/rmagick-2.12.2/doc/ex/unsharp_mask.rb
35	0	vendor/gems/rmagick-2.12.2/doc/ex/viewex.rb
12	0	vendor/gems/rmagick-2.12.2/doc/ex/vignette.rb
28	0	vendor/gems/rmagick-2.12.2/doc/ex/watermark.rb
9	0	vendor/gems/rmagick-2.12.2/doc/ex/wave.rb
59	0	vendor/gems/rmagick-2.12.2/doc/ex/wet_floor.rb
27	0	vendor/gems/rmagick-2.12.2/doc/ex/writing_mode01.rb
26	0	vendor/gems/rmagick-2.12.2/doc/ex/writing_mode02.rb
2056	0	vendor/gems/rmagick-2.12.2/doc/ilist.html
4680	0	vendor/gems/rmagick-2.12.2/doc/image1.html
3665	0	vendor/gems/rmagick-2.12.2/doc/image2.html
4522	0	vendor/gems/rmagick-2.12.2/doc/image3.html
1638	0	vendor/gems/rmagick-2.12.2/doc/imageattrs.html
514	0	vendor/gems/rmagick-2.12.2/doc/imusage.html
416	0	vendor/gems/rmagick-2.12.2/doc/index.html
1499	0	vendor/gems/rmagick-2.12.2/doc/info.html
565	0	vendor/gems/rmagick-2.12.2/doc/magick.html
2435	0	vendor/gems/rmagick-2.12.2/doc/optequiv.html
975	0	vendor/gems/rmagick-2.12.2/doc/rvg.html
248	0	vendor/gems/rmagick-2.12.2/doc/rvgclip.html
305	0	vendor/gems/rmagick-2.12.2/doc/rvggroup.html
289	0	vendor/gems/rmagick-2.12.2/doc/rvgimage.html
475	0	vendor/gems/rmagick-2.12.2/doc/rvgpattern.html
406	0	vendor/gems/rmagick-2.12.2/doc/rvgshape.html
270	0	vendor/gems/rmagick-2.12.2/doc/rvgstyle.html
465	0	vendor/gems/rmagick-2.12.2/doc/rvgtext.html
238	0	vendor/gems/rmagick-2.12.2/doc/rvgtspan.html
530	0	vendor/gems/rmagick-2.12.2/doc/rvgtut.html
145	0	vendor/gems/rmagick-2.12.2/doc/rvguse.html
294	0	vendor/gems/rmagick-2.12.2/doc/rvgxform.html
22	0	vendor/gems/rmagick-2.12.2/doc/scripts/doc.js
23	0	vendor/gems/rmagick-2.12.2/doc/scripts/stripeTables.js
1335	0	vendor/gems/rmagick-2.12.2/doc/struct.html
1621	0	vendor/gems/rmagick-2.12.2/doc/usage.html
7	0	vendor/gems/rmagick-2.12.2/examples/constitute.rb
46	0	vendor/gems/rmagick-2.12.2/examples/crop_with_gravity.rb
324	0	vendor/gems/rmagick-2.12.2/examples/demo.rb
44	0	vendor/gems/rmagick-2.12.2/examples/describe.rb
34	0	vendor/gems/rmagick-2.12.2/examples/find_similar_region.rb
325	0	vendor/gems/rmagick-2.12.2/examples/histogram.rb
187	0	vendor/gems/rmagick-2.12.2/examples/identify.rb
29	0	vendor/gems/rmagick-2.12.2/examples/image_opacity.rb
31	0	vendor/gems/rmagick-2.12.2/examples/import_export.rb
38	0	vendor/gems/rmagick-2.12.2/examples/pattern_fill.rb
45	0	vendor/gems/rmagick-2.12.2/examples/rotating_text.rb
50	0	vendor/gems/rmagick-2.12.2/examples/spinner.rb
65	0	vendor/gems/rmagick-2.12.2/examples/thumbnail.rb
79	0	vendor/gems/rmagick-2.12.2/examples/vignette.rb
356	0	vendor/gems/rmagick-2.12.2/ext/RMagick/MANIFEST
157	0	vendor/gems/rmagick-2.12.2/ext/RMagick/Makefile
-	-	vendor/gems/rmagick-2.12.2/ext/RMagick/RMagick2.bundle
111	0	vendor/gems/rmagick-2.12.2/ext/RMagick/extconf.h
377	0	vendor/gems/rmagick-2.12.2/ext/RMagick/extconf.rb
2305	0	vendor/gems/rmagick-2.12.2/ext/RMagick/mkmf.log
312	0	vendor/gems/rmagick-2.12.2/ext/RMagick/rmagick.c
1247	0	vendor/gems/rmagick-2.12.2/ext/RMagick/rmagick.h
-	-	vendor/gems/rmagick-2.12.2/ext/RMagick/rmagick.o
1636	0	vendor/gems/rmagick-2.12.2/ext/RMagick/rmdraw.c
-	-	vendor/gems/rmagick-2.12.2/ext/RMagick/rmdraw.o
1030	0	vendor/gems/rmagick-2.12.2/ext/RMagick/rmenum.c
-	-	vendor/gems/rmagick-2.12.2/ext/RMagick/rmenum.o
622	0	vendor/gems/rmagick-2.12.2/ext/RMagick/rmfill.c
-	-	vendor/gems/rmagick-2.12.2/ext/RMagick/rmfill.o
1040	0	vendor/gems/rmagick-2.12.2/ext/RMagick/rmilist.c
-	-	vendor/gems/rmagick-2.12.2/ext/RMagick/rmilist.o
11857	0	vendor/gems/rmagick-2.12.2/ext/RMagick/rmimage.c
-	-	vendor/gems/rmagick-2.12.2/ext/RMagick/rmimage.o
1929	0	vendor/gems/rmagick-2.12.2/ext/RMagick/rminfo.c
-	-	vendor/gems/rmagick-2.12.2/ext/RMagick/rminfo.o
1670	0	vendor/gems/rmagick-2.12.2/ext/RMagick/rmmain.c
-	-	vendor/gems/rmagick-2.12.2/ext/RMagick/rmmain.o
386	0	vendor/gems/rmagick-2.12.2/ext/RMagick/rmmontage.c
-	-	vendor/gems/rmagick-2.12.2/ext/RMagick/rmmontage.o
804	0	vendor/gems/rmagick-2.12.2/ext/RMagick/rmpixel.c
-	-	vendor/gems/rmagick-2.12.2/ext/RMagick/rmpixel.o
895	0	vendor/gems/rmagick-2.12.2/ext/RMagick/rmstruct.c
-	-	vendor/gems/rmagick-2.12.2/ext/RMagick/rmstruct.o
1462	0	vendor/gems/rmagick-2.12.2/ext/RMagick/rmutil.c
-	-	vendor/gems/rmagick-2.12.2/ext/RMagick/rmutil.o
1962	0	vendor/gems/rmagick-2.12.2/lib/RMagick.rb
-	-	vendor/gems/rmagick-2.12.2/lib/RMagick2.bundle
48	0	vendor/gems/rmagick-2.12.2/lib/rvg/clippath.rb
131	0	vendor/gems/rmagick-2.12.2/lib/rvg/container.rb
56	0	vendor/gems/rmagick-2.12.2/lib/rvg/deep_equal.rb
53	0	vendor/gems/rmagick-2.12.2/lib/rvg/describable.rb
417	0	vendor/gems/rmagick-2.12.2/lib/rvg/embellishable.rb
740	0	vendor/gems/rmagick-2.12.2/lib/rvg/misc.rb
55	0	vendor/gems/rmagick-2.12.2/lib/rvg/paint.rb
131	0	vendor/gems/rmagick-2.12.2/lib/rvg/pathdata.rb
283	0	vendor/gems/rmagick-2.12.2/lib/rvg/rvg.rb
168	0	vendor/gems/rmagick-2.12.2/lib/rvg/stretchable.rb
124	0	vendor/gems/rmagick-2.12.2/lib/rvg/stylable.rb
187	0	vendor/gems/rmagick-2.12.2/lib/rvg/text.rb
133	0	vendor/gems/rmagick-2.12.2/lib/rvg/transformable.rb
66	0	vendor/gems/rmagick-2.12.2/lib/rvg/units.rb
7	0	vendor/gems/rmagick-2.12.2/metaconfig
12	0	vendor/gems/rmagick-2.12.2/post-clean.rb
50	0	vendor/gems/rmagick-2.12.2/post-install.rb
254	0	vendor/gems/rmagick-2.12.2/post-setup.rb
20	0	vendor/gems/rmagick-2.12.2/rmagick.gemspec
1585	0	vendor/gems/rmagick-2.12.2/setup.rb
74	0	vendor/gems/rmagick-2.12.2/uninstall.rb