--ad99cf64--2010-04-24--Frank Trindade and Jon Spalding
--65a092ff--2010-04-24--Frank Trindade and Jon Spalding
1	1	lib/rapidftr_default_db_setup.rb

--ce2bcfde--2010-04-24--Frank Trindade and Jon Spalding
6	2	app/views/form_section/index.html.erb
11	4	features/add_custom_field_to_form_section.feature
5	0	features/step_definitions/form_section_steps.rb
0	1	features/support/paths.rb

--ad490b4f--2010-04-24--jennifersmith
--68e298a2--2010-04-24--jennifersmith
4	0	app/models/suggested_field.rb
1	1	app/views/fields/new.html.erb
23	2	db/seeds.rb
1	1	features/step_definitions/basic_steps.rb
4	5	spec/views/Fields/new.html.erb_spec.rb

--c3b95ff8--2010-04-24--jennifersmith
2	0	app/controllers/fields_controller.rb
0	1	app/controllers/form_section_controller.rb
16	4	app/views/fields/new.html.erb
1	1	features/add_suggested_field_to_form_sections.feature
3	0	public/stylesheets/core.css

--bc61ef8c--2010-04-24--jennifersmith
6	2	app/models/suggested_field.rb
2	2	db/seeds.rb
3	3	features/add_suggested_field_to_form_sections.feature
2	1	features/step_definitions/basic_steps.rb
1	1	spec/models/suggested_field_spec.rb