--325a4cd4--2010-03-16--Pete Hodgson
--a1183c49--2010-03-16--Pete Hodgson
25	3	app/controllers/children_controller.rb
3	0	app/helpers/application_helper.rb
8	6	app/models/templates.rb
2	0	app/views/children/search.html.erb
1	0	config/environment.rb
20	0	features/csv_export.feature
4	0	features/step_definitions/csv_steps.rb
57	2	spec/controllers/children_controller_spec.rb
25	0	spec/helpers/application_helper_spec.rb

--4ff69f92--2010-03-16--Pete Hodgson
1	0	config/environment.rb
1	2	features/pdf_export.feature
1	11	features/step_definitions/basic_steps.rb
21	0	features/step_definitions/pdf_steps.rb
6	5	features/step_definitions/search_steps.rb
11	18	spec/controllers/children_controller_spec.rb
2	2	spec/routing/children_routing_spec.rb

--fce0ff8a--2010-03-15--Pete Hodgson
3	0	.gitmodules
1	0	vendor/plugins/pdf-inspector

--eb308922--2010-03-15--Pete Hodgson
1	1	app/controllers/children_controller.rb
1	1	app/views/children/_summary_row.html.erb
4	3	app/views/children/search.html.erb
1	2	config/routes.rb
18	7	features/pdf_export.feature
0	8	public/javascripts/application.js
30	4	spec/controllers/children_controller_spec.rb
1	1	spec/routing/children_routing_spec.rb

--a8cbd734--2010-03-15--Pete Hodgson
1	1	app/views/children/_summary_row.html.erb
1	1	app/views/children/search.html.erb
8	0	public/javascripts/application.js

--8e493cf5--2010-03-15--Pete Hodgson
0	6	app/views/children/search.html.erb

--4756f4da--2010-03-15--Pete Hodgson
3	2	app/controllers/children_controller.rb
23	8	lib/pdf_generator.rb
22	7	spec/controllers/children_controller_spec.rb

--6dd3b53c--2010-03-14--Pete Hodgson
6	0	app/controllers/children_controller.rb
3	0	app/views/children/search.html.erb
1	0	config/initializers/prawn.rb
5	2	config/routes.rb
1	0	features/pdf_export.feature
11	0	features/step_definitions/basic_steps.rb
8	0	features/step_definitions/search_steps.rb
1	2	lib/pdf_generator.rb
42	0	spec/controllers/children_controller_spec.rb
4	0	spec/routing/children_routing_spec.rb
2	2	spec/views/child/search.html.erb_spec.rb

--f7ee3390--2010-03-14--Pete Hodgson
1	0	app/views/children/_summary_row.html.erb
1	0	app/views/children/search.html.erb
19	0	features/pdf_export.feature
15	4	spec/views/child/search.html.erb_spec.rb

--d62df41d--2010-03-12--Pete Hodgson
4	0	app/models/child.rb
0	9	app/views/children/summaries/_search_form.html.erb
0	9	app/views/children/summaries/_summary_row.html.erb
0	0	app/views/children/summaries/create.html.erb
0	3	app/views/children/summaries/new.html.erb
0	16	app/views/children/summaries/show.html.erb
2	1	config/environment.rb
22	0	lib/pdf_generator.rb

--25c68de7--2010-03-12--Pete Hodgson
0	25	app/controllers/children/summaries_controller.rb
3	0	app/helpers/children_helper.rb
0	5	app/helpers/summaries_helper.rb
0	26	app/models/search_request.rb
0	5	config/routes.rb
0	96	spec/controllers/children/summaries_controller_spec.rb
0	11	spec/helpers/summaries_helper_spec.rb
0	23	spec/models/search_request_spec.rb
1	4	spec/views/{children/summaries/show.html.erb_spec.rb => child/search.html.erb_spec.rb}
0	24	spec/views/children/summaries/new.html.erb_spec.rb

--2918f79e--2010-03-12--Pete Hodgson
8	1	app/controllers/children_controller.rb
9	0	app/views/children/_summary_row.html.erb
25	0	app/views/children/search.html.erb
1	1	config/routes.rb
4	4	features/basic_search.feature
1	1	features/step_definitions/search_steps.rb
4	4	features/support/paths.rb
26	0	spec/controllers/children_controller_spec.rb
4	0	spec/routing/children_routing_spec.rb

--2f16cffe--2010-03-16--Pete Hodgson
25	3	app/controllers/children_controller.rb
3	0	app/helpers/application_helper.rb
8	6	app/models/templates.rb
2	0	app/views/children/search.html.erb
1	0	config/environment.rb
20	0	features/csv_export.feature
4	0	features/step_definitions/csv_steps.rb
57	2	spec/controllers/children_controller_spec.rb
25	0	spec/helpers/application_helper_spec.rb

--8f2bafb2--2010-03-16--cgeorge
10	0	app/controllers/attachments_controller.rb
5	1	app/models/child.rb
3	1	app/views/histories/show.html.erb
1	0	config/routes.rb
0	20	features/pending_requirements/view_child_record_log.feature
4	0	features/step_definitions/basic_steps.rb
6	3	features/view_child_record_log.feature
45	0	spec/controllers/attachments_controller_spec.rb
7	2	spec/models/child_spec.rb
9	1	spec/spec_helper.rb

--ca1703c3--2010-03-16--cgeorge
1	1	app/models/templates.rb
5	0	app/views/histories/show.html.erb
39	19	features/view_child_record_log.feature
26	0	spec/models/child_spec.rb
16	2	spec/views/histories/show.html.erb_spec.rb

--ac097f4a--2010-03-16--Pete Hodgson
1	0	config/environment.rb
1	2	features/pdf_export.feature
1	11	features/step_definitions/basic_steps.rb
21	0	features/step_definitions/pdf_steps.rb
6	5	features/step_definitions/search_steps.rb
11	18	spec/controllers/children_controller_spec.rb
2	2	spec/routing/children_routing_spec.rb

--c7cefcf5--2010-03-15--Pete Hodgson
3	0	.gitmodules
1	0	vendor/plugins/pdf-inspector

--9149f7d1--2010-03-15--Pete Hodgson
1	1	app/controllers/children_controller.rb
1	1	app/views/children/_summary_row.html.erb
4	3	app/views/children/search.html.erb
1	2	config/routes.rb
18	7	features/pdf_export.feature
0	8	public/javascripts/application.js
30	4	spec/controllers/children_controller_spec.rb
1	1	spec/routing/children_routing_spec.rb

--0d0e3aea--2010-03-15--Pete Hodgson
1	1	app/views/children/_summary_row.html.erb
1	1	app/views/children/search.html.erb
8	0	public/javascripts/application.js

--27b9b9fc--2010-03-15--Pete Hodgson
0	6	app/views/children/search.html.erb

--00732479--2010-03-15--Pete Hodgson
3	2	app/controllers/children_controller.rb
23	8	lib/pdf_generator.rb
22	7	spec/controllers/children_controller_spec.rb

--8fadff00--2010-03-14--Pete Hodgson
6	0	app/controllers/children_controller.rb
3	0	app/views/children/search.html.erb
1	0	config/initializers/prawn.rb
5	2	config/routes.rb
1	0	features/pdf_export.feature
11	0	features/step_definitions/basic_steps.rb
8	0	features/step_definitions/search_steps.rb
1	2	lib/pdf_generator.rb
42	0	spec/controllers/children_controller_spec.rb
4	0	spec/routing/children_routing_spec.rb
2	2	spec/views/child/search.html.erb_spec.rb

--eaab58ce--2010-03-14--Pete Hodgson
1	0	app/views/children/_summary_row.html.erb
1	0	app/views/children/search.html.erb
19	0	features/pdf_export.feature
15	4	spec/views/child/search.html.erb_spec.rb

--c9821466--2010-03-12--Pete Hodgson
4	0	app/models/child.rb
0	9	app/views/children/summaries/_search_form.html.erb
0	9	app/views/children/summaries/_summary_row.html.erb
0	0	app/views/children/summaries/create.html.erb
0	3	app/views/children/summaries/new.html.erb
0	16	app/views/children/summaries/show.html.erb
2	1	config/environment.rb
22	0	lib/pdf_generator.rb

--104d06c2--2010-03-12--Pete Hodgson
0	25	app/controllers/children/summaries_controller.rb
3	0	app/helpers/children_helper.rb
0	5	app/helpers/summaries_helper.rb
0	26	app/models/search_request.rb
0	5	config/routes.rb
0	96	spec/controllers/children/summaries_controller_spec.rb
0	11	spec/helpers/summaries_helper_spec.rb
0	23	spec/models/search_request_spec.rb
1	4	spec/views/{children/summaries/show.html.erb_spec.rb => child/search.html.erb_spec.rb}
0	24	spec/views/children/summaries/new.html.erb_spec.rb

--86e65460--2010-03-12--Pete Hodgson
8	1	app/controllers/children_controller.rb
9	0	app/views/children/_summary_row.html.erb
25	0	app/views/children/search.html.erb
1	1	config/routes.rb
4	4	features/basic_search.feature
1	1	features/step_definitions/search_steps.rb
4	4	features/support/paths.rb
26	0	spec/controllers/children_controller_spec.rb
4	0	spec/routing/children_routing_spec.rb