--60b599b3--2010-02-25--Ikenna Nwaiwu
--6fb71389--2010-02-25--Ikenna Nwaiwu
15	2	app/models/templates.rb
10	38	features/add_family_details_to_a_child_record.feature
5	2	features/create_child_record.feature
0	6	spec/controllers/children_controller_spec.rb

--6068eee9--2010-02-25--Zubair
1	9	spec/models/child_spec.rb
2	0	spec/spec_helper.rb

--c3e3d45d--2010-02-25--Zubair
2	2	app/models/child.rb
20	0	spec/models/child_spec.rb

--3a14fd1f--2010-02-25--Babitha
--c40da361--2010-02-25--Babitha
1	0	.gitignore
60	0	app/controllers/sessions_controller.rb
2	0	app/helpers/sessions_helper.rb
0	7	app/models/field.rb
5	0	app/models/login.rb
5	0	app/models/session.rb
1	0	app/models/templates.rb
2	1	app/models/user.rb
1	1	app/views/children/new.html.erb
17	0	app/views/layouts/sessions.html.erb
18	0	app/views/sessions/index.html.erb
18	0	app/views/sessions/new.html.erb
1	0	app/views/sessions/show.html.erb
2	0	config/routes.rb
2	2	features/create_and_view_user.feature
1	1	features/create_child_record.feature
11	2	features/step_definitions/database_steps.rb
4	0	features/support/paths.rb
10	0	features/user_login.feature
5	0	spec/models/session_spec.rb
22	0	spec/routing/sessions_routing_spec.rb
5	0	spec/views/sessions/new.html.erb_spec.rb
5	0	spec/views/sessions/show.html.erb_spec.rb