--ac91707d--2010-02-11--Tom Elkin
--7abcbac0--2010-02-11--Tom Elkin
10	0	app/views/children/_repeatable_text_field.html.erb
4	0	app/views/children/_text_field.html.erb
11	32	app/views/children/new.html.erb
72	0	spec/views/child/new.html.erb_spec.rb

--68f1ab55--2010-02-10--Zubair
5	2	app/models/child.rb

--06f093aa--2010-02-10--Zubair
1	1	app/controllers/application_controller.rb
0	1	app/controllers/children_controller.rb
12	1	app/models/child.rb
1	1	features/create_and_view_user.feature
5	9	features/create_child_record.feature
-	-	features/resources/jeff.png
1	0	features/resources/textfile.txt
5	0	features/step_definitions/basic_steps.rb
16	3	features/upload_a_childs_photo.feature

--a3210d89--2010-02-09--Tom Elkin
12	0	app/views/children/_dynamic_record.html.erb
1	1	spec/spec_helper.rb
29	0	spec/views/child/_dynamic_record.html.erb_spec.rb