--b408bb35--2014-09-15--andreweskeclarke
--8d95275c--2014-09-15--andreweskeclarke
6	1	app/models/enquiry.rb
2	1	app/models/potential_match.rb
7	7	app/views/children/_summary_row.html.erb
14	4	app/views/enquiries/_potential_matches.html.erb
1	0	config/locales/en.yml
143	0	features/enquiry_potential_matches.feature
0	86	features/enquiry_record_functionality.feature
14	0	features/step_definitions/enquiry_setup_steps.rb
48	0	spec/models/enquiry_spec.rb

--3d9a2232--2014-09-15--andreweskeclarke
27	8	app/controllers/potential_matches_controller.rb
1	0	app/models/potential_match.rb
4	1	app/views/children/_summary_row.html.erb
1	0	config/locales/en.yml
1	1	config/routes.rb
28	1	spec/controllers/potential_matches_controller_spec.rb

--7f3e38aa--2014-09-12--rdsubhas
1	1	infrastructure

--19a9796e--2014-09-11--andreweskeclarke