--2c9ce963--2014-09-08--andreweskeclarke
--2cf9b459--2014-09-08--andreweskeclarke
0	1	app/controllers/enquiries_controller.rb
0	5	app/models/enquiry.rb
1	14	spec/controllers/enquiries_controller_spec.rb

--58ed3072--2014-09-08--andreweskeclarke
11	6	features/api/enquiries/trigger_matches_on_enquiry.feature
1	0	features/support/data_populator.rb

--d5e39077--2014-09-08--Tom Clement Oketch
--d14ccb4d--2014-09-08--rdsubhas
1	1	infrastructure

--cdbcc593--2014-09-08--Tom Oketch
5	5	features/support/env.rb

--a3b9caa1--2014-09-08--andreweskeclarke
1	1	app/controllers/api/potential_matches_controller.rb
3	3	db/seeds.rb
10	0	spec/controllers/api/potential_matches_controller_spec.rb

--d1a5b141--2014-09-08--andreweskeclarke
4	1	app/controllers/api/potential_matches_controller.rb
11	0	app/models/ability.rb
19	2	app/models/permission.rb
12	3	spec/controllers/api/potential_matches_controller_spec.rb
9	0	spec/models/ability_spec.rb

--432e45c7--2014-09-08--andreweskeclarke
1	0	Gemfile
2	0	Gemfile.lock
16	0	app/controllers/api/potential_matches_controller.rb
1	1	app/models/potential_match.rb
4	0	config/routes.rb
39	0	spec/controllers/api/potential_matches_controller_spec.rb