--c6926a96--2014-09-02--Kisitu Augustine
--32edb7e9--2014-09-02--andreweskeclarke
--9aca9032--2014-09-02--andreweskeclarke
1	1	spec/models/enquiry_spec.rb

--6fb1c8f6--2014-09-02--Kisitu Augustine
39	1	features/enquiry_record_functionality.feature
4	0	features/step_definitions/enquiry_setup_steps.rb

--c4323334--2014-09-02--Kisitu Augustine
1	1	spec/views/enquiries/show.html.erb_spec.rb

--312df4d0--2014-09-02--Kisitu Augustine
1	1	app/views/children/_summary_row.html.erb

--c9100d82--2014-09-02--Kisitu Augustine
3	1	app/controllers/enquiries_controller.rb
1	0	config/locales/en.yml
15	3	spec/controllers/enquiries_controller_spec.rb

--8d3f244d--2014-09-02--andreweskeclarke
0	1	app/models/enquiry.rb
0	1	config/locales/ar.yml
0	1	config/locales/en.yml
0	7	spec/controllers/api/enquiries_controller_spec.rb
1	13	spec/models/enquiry_spec.rb

--261d958b--2014-09-02--Kisitu Augustine
11	3	app/models/enquiry.rb
48	4	spec/models/enquiry_spec.rb

--d5309ff3--2014-09-02--Kisitu Augustine
2	2	app/models/match_service.rb
0	11	spec/integration/match_service_spec.rb

--b21dad29--2014-09-02--andreweskeclarke
--0d75c042--2014-09-02--andreweskeclarke
1	1	features/step_definitions/form_field_steps.rb

--d91c57d9--2014-09-02--andreweskeclarke
1	1	app/models/enquiry.rb
1	1	features/support/pages/form_section_edit_page.rb
1	1	features/support/paths.rb
3	3	spec/controllers/fields_controller_spec.rb
4	5	spec/models/enquiry_spec.rb

--0ce4cfe7--2014-09-02--andreweskeclarke
1	0	config/locales/en.yml

--34f3653f--2014-09-02--andreweskeclarke
1	0	Gemfile
3	0	Gemfile.lock

--3a470655--2014-09-02--andreweskeclarke
1	1	app/assets/javascripts/form_section.js
1	1	app/models/enquiry.rb
2	2	app/models/field.rb
2	2	app/views/form_section/edit.html.erb
1	1	features/api/enquiries/create_or_edit_enquiry.feature
1	1	features/api/enquiries/sync_enquiries.feature
1	1	features/api/enquiries/trigger_matches_on_enquiry.feature
1	1	features/enquiry_record_functionality.feature
3	3	features/matching_children_to_enquiry.feature
2	2	features/step_definitions/form_section_steps.rb
1	1	features/support/pages/form_section_edit_page.rb
26	13	lib/rapid_ftr/enquiries_form_section_setup.rb
4	4	spec/controllers/fields_controller_spec.rb
1	1	spec/factories.rb
3	3	spec/models/enquiry_spec.rb
4	4	spec/models/field_spec.rb

--1d433989--2014-09-01--andreweskeclarke
7	3	app/assets/javascripts/form_section.js
2	1	app/controllers/fields_controller.rb
17	7	app/models/enquiry.rb
5	4	app/models/form_section.rb
5	1	app/views/form_section/edit.html.erb
42	0	features/matching_children_to_enquiry.feature
4	0	features/step_definitions/form_section_steps.rb
4	0	features/support/pages/form_section_edit_page.rb
2	1	features/support/paths.rb
12	2	spec/controllers/fields_controller_spec.rb
13	0	spec/models/enquiry_spec.rb
6	0	spec/models/form_section_spec.rb

--50adb8b1--2014-09-01--Kisitu Augustine
1	1	app/controllers/enquiries_controller.rb
2	0	app/views/enquiries/show.html.erb

--874cf37f--2014-09-01--andreweskeclarke
1	1	app/models/enquiry.rb
2	0	app/models/field.rb
6	6	features/api/enquiries/create_or_edit_enquiry.feature
6	6	features/api/enquiries/sync_enquiries.feature
6	6	features/api/enquiries/trigger_matches_on_enquiry.feature
4	4	features/enquiry_record_functionality.feature
1	0	spec/factories.rb
14	2	spec/models/enquiry_spec.rb
12	0	spec/models/field_spec.rb

--164d4e24--2014-08-29--Kisitu Augustine
8	0	app/controllers/enquiries_controller.rb
1	1	app/views/children/_summary_row.html.erb
1	0	config/routes.rb
52	5	spec/controllers/enquiries_controller_spec.rb

--e2cda4b0--2014-08-29--ctumwebaze
--ff2ca13f--2014-08-29--Charles Tumwebaze
17	9	app/controllers/api/enquiries_controller.rb
10	13	app/helpers/record_helper.rb
11	0	app/models/enquiry.rb
4	26	spec/controllers/api/enquiries_controller_spec.rb
0	1	spec/models/enquiry_spec.rb

--1f6e8184--2014-08-29--Kisitu Augustine
3	2	app/models/enquiry.rb
2	2	app/models/match_service.rb
10	0	spec/integration/match_service_spec.rb
14	0	spec/models/enquiry_spec.rb

--9e388885--2014-08-26--Kisitu Augustine
7	1	app/views/children/_summary_row.html.erb
2	2	app/views/enquiries/_potential_matches.html.erb
1	0	config/locales/en.yml
25	2	spec/views/enquiries/show.html.erb_spec.rb