--cd7f84f--2010-03-14--Glen E. Ivey
--4439ba2--2010-03-14--Glen E. Ivey
12	0	app/controllers/items_controller.rb
18	0	app/helpers/connections_helper.rb
11	9	app/views/items/show.html.erb
7	0	doc/wiki/Help/Popup/ConnectionViewSource.mediawiki
1	0	features/stories/static/items_indexes.feature
8	0	test/functional/items_controller_test.rb
19	0	test/unit/app/views/items/show_test.rb

--d08aa1a--2010-03-14--Glen E. Ivey
2	2	test/unit/app/views/items/show_test.rb

--9066c0e--2010-03-14--Glen E. Ivey
--d768132--2010-03-14--Glen E. Ivey
3	2	app/controllers/admin_controller.rb

--55a7123--2010-03-14--Glen E. Ivey
--e0dcb52--2010-03-14--Glen E. Ivey
8	0	app/controllers/items_controller.rb

--636f19a--2010-03-14--Glen E. Ivey
--f5734b9--2010-03-14--Glen E. Ivey
--de80087--2010-03-14--Glen E. Ivey
14	7	Rakefile

--c2c1c09--2010-03-14--Glen E. Ivey
--8370ab9--2010-03-13--Glen E. Ivey
--c02a282--2010-03-11--Glen E. Ivey
--7713c55--2010-03-11--Glen E. Ivey
--6d03cfc--2010-03-11--Glen E. Ivey
--58cab83--2010-03-11--Glen E. Ivey
1	0	wontomedia.gemspec

--06f87be--2010-03-11--Glen E. Ivey
--0d6163c--2010-03-11--Glen E. Ivey
4	3	app/views/admin/index.html.erb

--5d7e3d6--2010-03-11--Glen E. Ivey
24	0	config/caliper.yml

--94ec61c--2010-03-11--Glen E. Ivey
--7c86b70--2010-03-11--Glen E. Ivey
--31aa50d--2010-03-11--Glen E. Ivey
-	-	{public => default-custom/public}/favicon.ico
2	2	wontomedia.gemspec

--4d2bae6--2010-03-11--Glen E. Ivey
--38f7da2--2010-03-11--Glen E. Ivey
--52ba03f--2010-03-11--Glen E. Ivey
2	2	doc/wiki/DevelopmentAndReleaseProcess.mediawiki
1	1	doc/wiki/Help/AboutWontologyOrg.mediawiki
1	1	doc/wiki/Help/BuiltInRelationshipTypes.mediawiki
1	1	doc/wiki/Help/GlossaryAtoO.mediawiki
4	4	doc/wiki/Help/GlossaryPtoZ.mediawiki
1	1	doc/wiki/Help/InformationAsRelationships.mediawiki
1	1	doc/wiki/Help/NamingConventions.mediawiki
5	5	doc/wiki/Help/Technologies.mediawiki
2	2	doc/wiki/MajorRoadmap.mediawiki
1	1	doc/wiki/TestingYourWork.mediawiki