--f46ec18b--2010-08-09--Dhruv Kapadia
--1d63f96f--2010-08-06--tubergen
1	1	features/widget/voting/widget_leveling_adjectives.feature

--f69dfe75--2010-08-06--tubergen
11	30	public/stylesheets/widget/sass/screen.sass
0	3	public/stylesheets/widget/screen.css

--864891f3--2010-08-06--tubergen
21	54	public/stylesheets/widget/sass/screen.sass
13	17	public/stylesheets/widget/screen.css

--f39d625b--2010-08-06--tubergen
13	0	features/step_definitions/widget_steps.rb
2	2	features/widget/voting/widget_leveling_adjectives.feature

--aff1efde--2010-08-06--tubergen
--70e2ff77--2010-08-06--tubergen
7	0	public/javascripts/widget/widget.js
1	3	public/stylesheets/widget/sass/screen.sass
0	3	public/stylesheets/widget/screen.css

--e5b96b47--2010-08-06--tubergen
1	1	app/views/widget/earls/_cast_votes.html.haml
4	1	app/views/widget/earls/_vote_box_js.html.erb

--38398543--2010-08-06--tubergen
1	1	app/views/widget/earls/_cast_votes.html.haml
2	2	app/views/widget/earls/_vote_box_js.html.erb
8	4	public/stylesheets/widget/sass/screen.sass
9	5	public/stylesheets/widget/screen.css

--97ae5b60--2010-08-04--Dhruv Kapadia
6	1	app/controllers/home_controller.rb
1	1	app/controllers/questions_controller.rb
1	1	app/views/home/admin.html.haml
9	0	db/migrate/20100804144725_add_photocracy_flag_to_earls.rb
1	0	db/schema.rb
20	0	lib/tasks/prune_db.rake

--7cc83d4f--2010-08-05--Dhruv Kapadia
1	1	public/javascripts/photocracy/application.js

--ef4f403e--2010-08-05--Dhruv Kapadia
3	0	app/views/layouts/application.html.haml
9	2	app/views/questions/admin.html.haml
3	0	app/views/widget/layouts/application.html.haml
1	0	config/locales/en.yml
9	0	db/migrate/20100805232919_add_google_analytics_code_to_earls.rb
2	1	db/schema.rb

--b83677dd--2010-08-05--Dhruv Kapadia
4	0	app/views/photocracy/choices/show.html.erb
1	0	config/locales/photocracy_en.yml

--176c6ac3--2010-08-05--Dhruv Kapadia
3	1	app/views/home/about.html.haml
1	0	app/views/shared/_header.html.haml
3	1	config/locales/en.yml

--cd18de0a--2010-08-05--Dhruv Kapadia
2	2	app/models/clearance_mailer.rb
0	1	config/initializers/mail.rb

--eab8e803--2010-08-05--Dhruv Kapadia
7	1	app/controllers/earls_controller.rb
23	6	app/controllers/prompts_controller.rb
8	1	app/controllers/questions_controller.rb
15	2	app/models/visitor.rb
19	4	app/views/earls/_vote_box_js.html.erb
1	0	app/views/photocracy/layouts/application.html.haml
0	1	public/javascripts/photocracy/application.js

--2c602190--2010-08-05--Dhruv Kapadia
1	1	app/controllers/abingo_dashboard_controller.rb
4	4	app/controllers/application_controller.rb
7	0	app/controllers/earls_controller.rb
2	1	app/views/photocracy/earls/show.haml
0	1	vendor/plugins/abingo/lib/abingo/alternative.rb
15	0	vendor/plugins/abingo/lib/abingo/experiment.rb

--94c66378--2010-08-05--Dhruv Kapadia
0	1	app/controllers/earls_controller.rb
0	7	app/views/earls/show.html.haml

--36c743ab--2010-08-05--Dhruv Kapadia
2	2	app/views/home/about.html.haml

--2490ac49--2010-08-05--Dhruv Kapadia
1	1	public/stylesheets/photocracy/application.css
1	1	public/stylesheets/photocracy/application.scss

--a808a31f--2010-08-06--Dhruv Kapadia
1	1	app/controllers/questions_controller.rb
1	1	app/views/photocracy/earls/show.haml
2	2	config/routes.rb

--87cdb62e--2010-08-06--Dhruv Kapadia
1	1	app/views/home/admin.html.haml
4	0	features/admin/control_panel.feature
5	1	test/factories/earl.rb

--291320f0--2010-08-05--tubergen
1	1	features/widget/about/widget_about.feature
4	4	features/widget/voting/widget_cantdecide.feature
1	1	features/widget/voting/widget_trackingappearances.feature