--a85e3b18--2010-07-26--Chap Ambrose
--59119fc2--2010-07-26--Chap Ambrose
29	1	app/views/photocracy/earls/show.haml

--54518925--2010-07-26--Chap Ambrose
1	0	public/stylesheets/photocracy/application.css
1	0	public/stylesheets/photocracy/application.scss

--f20cac9d--2010-07-26--Dhruv Kapadia
6	2	app/models/clearance_mailer.rb
1	1	app/models/idea_mailer.rb

--616c5c15--2010-07-26--Dhruv Kapadia
3	1	app/views/photocracy/questions/admin.html.haml

--9f553a5c--2010-07-26--Dhruv Kapadia
1	1	app/controllers/earls_controller.rb
1	1	app/views/photocracy/earls/show.haml
0	1	features/photocracy/add_photo.feature

--cd72bf9e--2010-07-26--Dhruv Kapadia
2	0	features/photocracy/add_photo.feature

--943e32ec--2010-07-26--Dhruv Kapadia
71	0	public/photocracy_errors/404.html
71	0	public/photocracy_errors/500.html

--304643c0--2010-07-26--Dhruv Kapadia
25	0	app/models/idea_mailer.rb
1	1	app/views/idea_mailer/notification.erb
1	1	app/views/idea_mailer/notification_for_active.erb
5	1	features/photocracy/add_photo.feature
7	0	features/voting/add_idea.feature

--e86deb9f--2010-07-23--Dhruv Kapadia
6	0	app/controllers/choices_controller.rb
11	0	app/views/photocracy/choices/show.html.erb
46	0	features/photocracy/individual_photo_page.feature
10	4	features/step_definitions/voting_steps.rb
6	2	features/support/paths.rb