--e15e4575--2010-06-14--Chap Ambrose
--6f92b8c9--2010-06-14--Chap Ambrose
18	3	app/views/photocracy/earls/show.haml
3	2	app/views/photocracy/layouts/application.html.haml
28	1	public/javascripts/photocracy/application.js
4	0	public/stylesheets/photocracy/application.css
5	0	public/stylesheets/photocracy/application.scss

--c35aa993--2010-06-14--Chap Ambrose
-	-	public/images/{ => photocracy}/ui-bg_flat_0_aaaaaa_40x100.png
-	-	public/images/{ => photocracy}/ui-bg_flat_75_ffffff_40x100.png
-	-	public/images/{ => photocracy}/ui-bg_glass_55_fbf9ee_1x400.png
-	-	public/images/{ => photocracy}/ui-bg_glass_65_ffffff_1x400.png
-	-	public/images/{ => photocracy}/ui-bg_glass_75_dadada_1x400.png
-	-	public/images/{ => photocracy}/ui-bg_glass_75_e6e6e6_1x400.png
-	-	public/images/{ => photocracy}/ui-bg_glass_95_fef1ec_1x400.png
-	-	public/images/{ => photocracy}/ui-bg_highlight-soft_75_cccccc_1x100.png
-	-	public/images/{ => photocracy}/ui-icons_222222_256x240.png
-	-	public/images/{ => photocracy}/ui-icons_2e83ff_256x240.png
-	-	public/images/{ => photocracy}/ui-icons_454545_256x240.png
-	-	public/images/{ => photocracy}/ui-icons_888888_256x240.png
-	-	public/images/{ => photocracy}/ui-icons_cd0a0a_256x240.png
393	0	public/javascripts/photocracy/jquery-ui.min.js
154	0	public/javascripts/photocracy/jquery.min.js
486	0	public/stylesheets/photocracy/jquery-ui.css

--7fc095f9--2010-06-14--Dhruv Kapadia
2	1	app/views/earls/_adwords_conversion.html.erb

--88bb85cf--2010-06-14--Dhruv Kapadia
18	0	app/views/earls/_adwords_conversion.html.erb
3	0	app/views/earls/show.html.haml

--e9c09d8f--2010-06-14--Dhruv Kapadia
1	1	config/locales/en.yml
1	0	config/locales/es.yml
1	0	config/locales/fr.yml
1	0	config/locales/pt.yml
1	1	features/voting/add_idea.feature

--6435190a--2010-06-14--Dhruv Kapadia
3	0	app/controllers/home_controller.rb
2	2	app/views/home/admin.html.haml
30	0	features/admin/control_panel.feature
8	0	features/step_definitions/admin_steps.rb
7	0	features/step_definitions/idea_marketplace_steps.rb
2	0	features/support/paths.rb

--28f81f8c--2010-06-10--Dhruv Kapadia
1	1	config/environment.rb

--4480ed30--2010-06-09--Dhruv Kapadia
1	1	app/controllers/earls_controller.rb
1	1	app/controllers/questions_controller.rb
4	1	app/views/questions/admin.html.haml

--ea722fcb--2010-06-09--Dhruv Kapadia
9	14	app/views/earls/_vote_box_js.html.erb
1	1	app/views/earls/show.html.haml
1	1	app/views/layouts/application.html.haml
38	15	public/javascripts/jquery.blockUI.js

--ab0c821f--2010-06-08--Dhruv Kapadia
0	1	app/controllers/questions_controller.rb
2	6	app/views/questions/new.html.haml
15	0	features/idea_marketplaces/logged_in_users_creating_question.feature
0	37	public/javascripts/application.js

--3a2e4552--2010-06-08--Dhruv Kapadia
20	17	app/controllers/questions_controller.rb
1	2	features/admin/toggle_choice_activation.feature
2	3	features/results/view_individual_idea_page.feature
13	2	features/step_definitions/admin_steps.rb
3	2	features/step_definitions/idea_marketplace_steps.rb
8	1	features/voting/add_idea.feature

--7bca868c--2010-06-07--Dhruv Kapadia
7	0	app/controllers/application_controller.rb
19	44	app/controllers/choices_controller.rb
0	4	app/models/question.rb
4	5	config/routes.rb
33	0	features/admin/activate_deactivate_choices.feature
1	3	features/admin/hide_inactive_choices.feature
9	0	features/step_definitions/idea_marketplace_steps.rb
11	0	features/support/paths.rb

--83c9ced8--2010-06-07--Dhruv Kapadia
3	2	app/views/questions/new.html.haml

--3f9aee51--2010-06-07--Dhruv Kapadia
1	1	app/controllers/questions_controller.rb
11	3	app/views/earls/_vote_box_js.html.erb
1	0	app/views/items/_form.html.haml
1	0	config/locales/en.yml
6	0	features/step_definitions/admin_steps.rb
3	0	features/step_definitions/voting_steps.rb
28	0	features/voting/add_idea.feature
0	7	features/voting/voting.feature

--81ce2b33--2010-06-07--Dhruv Kapadia
0	2	features/idea_marketplaces/create_question.feature
4	4	features/step_definitions/clearance_steps.rb
1	1	vendor/gems/thoughtbot-clearance-0.8.2/app/controllers/clearance/passwords_controller.rb

--c620496f--2010-06-07--Dhruv Kapadia
2	2	app/controllers/questions_controller.rb
3	3	app/models/idea_mailer.rb
1	1	app/views/idea_mailer/extra_information.haml
27	3	features/idea_marketplaces/create_question.feature

--6a7b0f48--2010-06-07--Dhruv Kapadia
1	3	app/views/home/admin.html.haml

--f5d93bcb--2010-06-04--Dhruv Kapadia
27	0	features/admin/hide_inactive_choices.feature
17	0	features/step_definitions/admin_steps.rb
12	3	features/step_definitions/voting_steps.rb
1	0	test/factories/earl.rb
1	1	test/factories/question.rb

--327e32ec--2010-06-03--Chap Ambrose
9	10	public/javascripts/photocracy/application.js

--98cd4635--2010-06-03--Chap Ambrose
3	3	app/views/photocracy/layouts/application.html.haml
-	-	public/images/ui-bg_flat_0_aaaaaa_40x100.png
-	-	public/images/ui-bg_flat_75_ffffff_40x100.png
-	-	public/images/ui-bg_glass_55_fbf9ee_1x400.png
-	-	public/images/ui-bg_glass_65_ffffff_1x400.png
-	-	public/images/ui-bg_glass_75_dadada_1x400.png
-	-	public/images/ui-bg_glass_75_e6e6e6_1x400.png
-	-	public/images/ui-bg_glass_95_fef1ec_1x400.png
-	-	public/images/ui-bg_highlight-soft_75_cccccc_1x100.png
-	-	public/images/ui-icons_222222_256x240.png
-	-	public/images/ui-icons_2e83ff_256x240.png
-	-	public/images/ui-icons_454545_256x240.png
-	-	public/images/ui-icons_888888_256x240.png
-	-	public/images/ui-icons_cd0a0a_256x240.png

--a56a3cf1--2010-06-03--Chap Ambrose
1	1	public/javascripts/photocracy/application.js