--5ef7bef6--2010-06-02--Dhruv Kapadia
--5a6e4967--2010-06-02--Dhruv Kapadia
2	7	app/controllers/choices_controller.rb
4	1	app/models/choice.rb
4	4	app/views/choices/show.html.haml
28	0	features/results/view_individual_idea_page.feature
0	1	features/results/view_results.feature

--ae40e320--2010-06-02--Dhruv Kapadia
3	0	app/views/home/admin.html.haml

--6f349cb5--2010-06-02--Dhruv Kapadia
22	4	app/controllers/questions_controller.rb
3	0	app/models/question.rb
8	7	app/views/questions/results.html.haml
1	1	app/views/shared/_header_vote.html.haml
2	0	config/locales/en.yml
2	0	config/locales/es.yml
2	0	config/locales/fr.yml
2	0	config/locales/pt.yml
0	1	features/admin/flag_as_inappropriate_choice.feature
0	1	features/idea_marketplaces/create_question.feature
44	0	features/results/paginate_all_results.feature
8	6	features/{ui => results}/view_results.feature
4	2	features/step_definitions/idea_marketplace_steps.rb
0	46	features/ui/voting_screen.feature
27	0	public/stylesheets/screen.css

--2a33a656--2010-06-02--Dhruv Kapadia
1	1	public/stylesheets/screen.css

--e3cc7108--2010-06-01--Dhruv Kapadia
0	3	app/controllers/earls_controller.rb

--58195d12--2010-06-01--Dhruv Kapadia
0	24	app/controllers/application_controller.rb
18	41	app/controllers/questions_controller.rb
16	31	app/models/question.rb
4	5	app/views/questions/new.html.haml
0	1	features/admin/flag_as_inappropriate_choice.feature
23	21	features/idea_marketplaces/create_question.feature
3	2	features/step_definitions/idea_marketplace_steps.rb
4	0	features/support/paths.rb

--6847cb5b--2010-06-01--Dhruv Kapadia
11	17	app/controllers/choices_controller.rb
22	0	features/admin/toggle_choice_activation.feature
6	0	features/step_definitions/admin_steps.rb
2	2	public/javascripts/application.js

--18ff59d1--2010-06-01--Dhruv Kapadia
33	0	app/controllers/prompts_controller.rb
1	63	app/controllers/questions_controller.rb
3	2	app/views/earls/_vote_box_js.html.erb
7	3	config/routes.rb
0	1	features/idea_marketplaces/create_question.feature
0	1	features/voting/flag_as_inappropriate.feature

--f1b0dab2--2010-06-01--Dhruv Kapadia
22	25	app/models/question.rb

--f8e9f624--2010-05-31--Dhruv Kapadia
2	3	app/controllers/choices_controller.rb
8	6	app/controllers/earls_controller.rb
18	20	app/controllers/questions_controller.rb
1	14	app/models/earl.rb
1	1	features/step_definitions/idea_marketplace_steps.rb
1	0	features/voting/flag_as_inappropriate.feature