--dda7deddd--2018-11-13--Aivils Štoss
--8d937bca5--2018-11-12--Luis-RG
103	103	config/locales/sr.yml

--bb577397b--2018-11-12--Luis-RG
--2bf945393--2018-11-12--Luis-RG
27	0	app/views/landing_page/_icon.erb

--e07658788--2018-11-08--Nikolai
37	0	app/assets/javascripts/admin/transactions.js
66	0	app/assets/stylesheets/partials/_admin.scss
1	1	app/assets/stylesheets/views/admin/_communities.scss
3	50	app/controllers/admin/community_transactions_controller.rb
9	0	app/models/transaction.rb
48	0	app/presenters/admin_transactions_presenter.rb
67	0	app/services/admin/transactions_search_service.rb
32	5	app/views/admin/community_transactions/index.haml
1	1	app/views/layouts/_style_overrides.haml
12	0	config/locales/en.yml
29	1	features/admin/statistics_and_info/admin_views_transactions.feature

--e527e9bcc--2018-11-08--Luis-RG
--187b5fcc3--2018-11-07--Luis-RG
10	10	features/admin/admin_edits_community_details.feature

--2ed93574a--2018-11-07--Luis-RG
2	2	config/locales/en.yml

--7215efe45--2018-11-07--Aivils Štoss
--53b82e696--2018-10-26--Nikolai
0	2	app/services/feature_flag_service/store.rb
2	8	app/views/admin/communities/edit_look_and_feel.haml
7	8	app/views/admin/communities/social_media.haml
1	1	app/views/layouts/_marketplace_head.haml