--c603ff7d1--2018-11-07--Aivils Štoss
--d2208beb2--2018-11-07--Aivils Štoss
--5c0a8fc6d--2018-11-06--Luis-RG
1	1	app/views/listings/help_texts/_help_valid_until.bg.haml

--09c8b5e82--2018-11-06--Luis-RG
1	1	app/views/listings/help_texts/_help_valid_until.bg.haml
4	4	app/views/people/help_texts/_help_captcha.bg.haml
23	24	config/locales/en.yml
4	4	config/locales/fr.yml
46	46	config/locales/nl.yml
77	77	config/locales/sr.yml

--45f519615--2018-11-06--Aivils Štoss
--2cb480627--2018-11-06--Aivils Štoss
--483bf788e--2018-11-06--Luis-RG
--17ed1d73b--2018-11-06--Luis-RG
12	0	app/views/landing_page/_icon.erb

--4aecd55cd--2018-11-05--Aivils Štoss
4	6	app/controllers/admin/community_customizations_controller.rb
2	12	app/helpers/communities_helper.rb
10	11	app/views/admin/community_customizations/_locale_input_fields.haml
2	2	app/views/homepage/index.haml
0	2	features/admin/admin_edits_community_details.feature

--35a43104c--2018-10-31--Nikolai
13	2	app/controllers/application_controller.rb
6	2	app/controllers/landing_page_controller.rb
6	1	app/services/plan_service/api/plans.rb
63	7	app/utils/marketplace_router.rb
86	0	app/views/layouts/marketplace_router_error.html.erb
1	0	config/routes.rb
173	0	spec/controllers/application_controller_spec.rb

--688f3f7fa--2018-10-31--Nikolai
5	7	app/controllers/admin/community_memberships_controller.rb
8	0	app/models/person.rb
2	2	app/view_utils/admin_community_memberships_view_utils.rb
5	2	features/admin/manage_members/admin_lists_members.feature
7	5	features/step_definitions/user_steps.rb

--47b56bd4d--2018-10-24--Nikolai
2	0	Gemfile
4	2	Gemfile.lock