--2845b72e9--2014-06-02--Mikko Koski
--85e7e9064--2014-06-02--Mikko Koski
5	3	app/views/conversations/show.haml

--e53bccf88--2014-06-02--Mikko Koski
--45c9ffef7--2014-05-30--Sitch
1	1	app/assets/javascripts/kassi.js

--4c81af10e--2014-05-30--Mikko Koski
0	1	app/models/comment.rb
0	1	app/models/listing.rb

--6a108fe2b--2014-05-29--Mikko Koski
0	3	app/models/testimonial.rb
0	2	app/views/conversations/show.haml
0	3	features/conversations/user_checks_inbox.feature
0	8	spec/factories.rb
0	43	spec/models/notification_spec.rb

--8f35bfc44--2014-05-28--Mikko Koski
0	13	app/models/badge_notification.rb
0	1	app/models/comment.rb
0	2	app/models/listing.rb
0	1	app/models/person.rb
0	13	app/models/testimonial_notification.rb

--f32cf0d02--2014-05-28--Mikko Koski
0	33	app/assets/stylesheets/main.css.scss
0	8	app/controllers/conversations_controller.rb
0	18	app/helpers/application_helper.rb
0	19	app/models/notification.rb
0	6	app/models/person.rb
0	2	app/views/conversations/_additional_notifications.haml
0	7	app/views/conversations/_notification.haml
1	3	app/views/conversations/index.haml
0	12	app/views/conversations/notifications.haml
0	6	app/views/conversations/notifications/_badgenotification.haml
0	5	app/views/conversations/notifications/_comment_to_followed_listing_notification.haml
0	5	app/views/conversations/notifications/_comment_to_own_listing_notification.haml
0	6	app/views/conversations/notifications/_listing_updated_notification.haml
0	17	app/views/conversations/notifications/_testimonialnotification.haml
0	22	config/locales/en.yml
0	22	config/locales/fi.yml
0	1	config/routes.rb