--ed76dfb7d--2014-05-16--Mikko Koski
--6f87c01b8--2014-05-16--Mikko Koski
1	1	app/assets/javascripts/googlemaps.js

--b74f7905c--2014-05-15--sktoiva
--ce02e6bd6--2014-05-15--Sampo Toiva
1	1	app/assets/javascripts/kassi.js
1	1	app/models/community.rb

--48f24ad8c--2014-05-15--Sampo Toiva
6	5	app/views/admin/communities/integrations.haml

--b4d73c677--2014-05-15--Sampo Toiva
7	3	app/assets/javascripts/kassi.js
6	2	app/controllers/admin/communities_controller.rb
5	0	app/models/community.rb
3	3	app/views/admin/communities/integrations.haml
2	0	config/locales/en.yml
2	0	config/locales/fi.yml
4	4	features/admin/integrations/admin_manages_integration_details.feature

--2f510731a--2014-05-15--Sampo Toiva
0	4	app/models/community.rb
1	1	app/views/layouts/_facebook_connect_button.haml
1	1	app/views/sessions/_new.haml

--ed2544ff3--2014-05-15--Sampo Toiva
5	1	app/helpers/application_helper.rb