--4926f228c--2014-04-29--Sampo Toiva
--f00c9a3b2--2014-04-29--Mikko Koski
1	1	config/locales/fr.yml

--ba1ffcd18--2014-04-29--Mikko Koski
8	0	app/helpers/application_helper.rb

--02c343862--2014-04-28--Sampo Toiva
0	5	db/migrate/20140428132517_migrate_old_favicons_to_paperclip.rb

--60cb50d3b--2014-04-28--Sampo Toiva
2	0	db/structure.sql

--9694d496a--2014-04-28--Sampo Toiva
23	0	db/migrate/20140428132517_migrate_old_favicons_to_paperclip.rb
3	1	db/structure.sql

--19a4b98ba--2014-04-28--Sampo Toiva
2	0	config/locales/en.yml
2	0	config/locales/fi.yml

--c5d940918--2014-04-28--Sampo Toiva
2	1	.gitignore
-	-	app/assets/images/favicon.ico
18	0	app/models/community.rb
1	1	app/views/layouts/_marketplace_head.haml
1	1	app/views/layouts/_network_head.haml
11	0	db/migrate/20140417162548_add_attachment_favicon_to_communities.rb
2	1	features/admin/admin_edits_community_look_and_feel.feature
12	4	features/step_definitions/admin_look_and_feel_steps.rb
-	-	spec/fixtures/favicontest.ico

--329f25d0c--2014-04-17--Sampo Toiva
6	0	app/views/admin/communities/edit_look_and_feel.haml

--b0cc0b13f--2014-04-17--Sampo Toiva
12	0	features/step_definitions/admin_look_and_feel_steps.rb

--1e45b459a--2014-04-17--Sampo Toiva
0	29	features/step_definitions/admin_edits_look_and_feel_steps.rb
30	0	features/step_definitions/admin_look_and_feel_steps.rb

--715b04c44--2014-04-17--Sampo Toiva
8	3	features/admin/admin_edits_community_look_and_feel.feature
1	1	features/step_definitions/admin_look_and_feel_steps.rb