--856374e2b--2014-03-29--Sampo Toiva
--99dba9b48--2014-03-29--Juho Makkonen
--e8e041fc4--2014-03-29--Sampo Toiva
6	0	features/admin/admin_edits_community_look_and_feel.feature

--1e31044bd--2014-03-29--Sampo Toiva
2	2	features/admin/admin_edits_community_look_and_feel.feature

--2c9fa17d8--2014-03-28--Sampo Toiva
4	0	app/views/admin/communities/edit_look_and_feel.haml
5	0	config/locales/en.yml
5	0	config/locales/fi.yml
6	6	features/admin/admin_edits_community_look_and_feel.feature
6	6	features/step_definitions/admin_edits_look_and_feel_steps.rb

--ba84b6e26--2014-03-28--Sampo Toiva
30	0	features/admin/admin_edits_community_look_and_feel.feature
16	0	features/step_definitions/admin_edits_look_and_feel_steps.rb

--4bd5aeac6--2014-03-28--Sampo Toiva
6	4	features/support/paths.rb

--60643ff5f--2014-03-28--Juho Makkonen
1	0	features/admin/integrations/admin_manages_integration_details.feature
16	0	features/step_definitions/community_steps.rb

--e93c3b3f0--2014-03-28--Juho Makkonen
1	0	app/controllers/admin/communities_controller.rb
7	4	app/helpers/application_helper.rb
11	0	app/models/community.rb
5	0	db/migrate/20140328133415_add_plan_level_to_communities.rb
55	37	db/structure.sql

--522815194--2014-03-28--Juho Makkonen
2	2	config/locales/en.yml
3	3	config/locales/fi.yml

--d17189706--2014-03-28--Sampo Toiva
0	22	app/controllers/admin/communities_controller.rb

--9a8054cad--2014-03-28--Sampo Toiva
0	4	app/models/community.rb

--64eb44a29--2014-03-28--Sampo Toiva
--e18886aaa--2014-03-28--Sampo Toiva
--68e81f4d1--2014-03-28--Sampo Toiva
--398ee9f65--2014-03-28--Sampo Toiva
99	99	app/assets/javascripts/kassi.js
11	11	app/controllers/admin/communities_controller.rb
87	87	app/models/community.rb

--e68eacdb5--2014-03-28--Sampo Toiva
17	0	app/assets/javascripts/kassi.js
4	1	app/controllers/admin/communities_controller.rb
6	5	app/models/community.rb
10	3	app/views/admin/communities/integrations.haml
1	0	config/locales/en.yml
1	0	config/locales/fi.yml
11	0	spec/models/community_spec.rb

--0bda8684f--2014-03-18--Sampo Toiva
1	1	app/views/admin/communities/integrations.haml
1	0	config/locales/en.yml
1	0	config/locales/fi.yml

--05abe0209--2014-03-18--Sampo Toiva
4	3	app/views/admin/communities/integrations.haml

--0eb718ed0--2014-03-18--Sampo Toiva
1	1	app/controllers/admin/communities_controller.rb

--75366e95a--2014-03-17--Sampo Toiva
9	7	app/views/admin/communities/integrations.haml
2	0	config/locales/en.yml
2	0	config/locales/fi.yml

--78a4fcdb7--2014-03-17--Sampo Toiva
6	0	app/views/admin/communities/integrations.haml
1	0	config/locales/en.yml
1	0	config/locales/fi.yml
2	2	features/admin/integrations/admin_manages_integration_details.feature
2	2	features/step_definitions/admin_integrates_services_steps.rb

--0aa118fdc--2014-03-17--Sampo Toiva
2	2	features/step_definitions/admin_integrates_services_steps.rb

--e33316eda--2014-03-17--Sampo Toiva
10	4	features/admin/integrations/{admin_adds_twitter_integration.feature => admin_manages_integration_details.feature}
10	0	features/step_definitions/admin_integrates_services_steps.rb

--47b422f41--2014-03-17--Sampo Toiva
1	1	app/views/admin/communities/integrations.haml

--32c132d47--2014-03-17--Sampo Toiva
--03f84bdff--2014-03-16--Sampo Toiva
4	7	app/controllers/admin/communities_controller.rb
8	4	app/views/admin/communities/integrations.haml

--7cc9a74ac--2014-03-16--Sampo Toiva
21	16	app/controllers/admin/communities_controller.rb
1	1	features/step_definitions/admin_integrates_services_steps.rb

--6103428e1--2014-03-16--Sampo Toiva
1	13	app/controllers/admin/communities_controller.rb

--d50d33fbd--2014-03-16--Sampo Toiva
26	12	app/controllers/admin/communities_controller.rb
1	3	app/views/admin/communities/edit_look_and_feel.haml
2	1	config/routes.rb

--1aa40e36a--2014-03-16--Sampo Toiva
11	0	app/controllers/admin/communities_controller.rb
4	3	app/views/admin/communities/integrations.haml
1	0	config/locales/en.yml
1	0	config/locales/fi.yml
1	0	config/routes.rb
2	1	features/admin/integrations/admin_adds_twitter_integration.feature
2	4	features/step_definitions/admin_integrates_services_steps.rb

--87a39bba5--2014-03-16--Sampo Toiva
--277c291f3--2014-03-14--Sampo Toiva
7	0	app/views/admin/communities/integrations.haml
1	0	config/locales/en.yml
1	0	config/locales/fi.yml
6	2	features/step_definitions/admin_integrates_services_steps.rb

--f192cc92a--2014-03-14--Sampo Toiva
6	0	app/controllers/admin/communities_controller.rb
7	0	app/helpers/application_helper.rb
5	0	app/views/admin/communities/integrations.haml
2	0	config/locales/en.yml
2	0	config/locales/fi.yml
1	0	config/routes.rb
7	0	features/step_definitions/admin_integrates_services_steps.rb
2	0	features/support/paths.rb

--4d798e37d--2014-03-14--Sampo Toiva
20	0	features/admin/integrations/admin_adds_twitter_integration.feature