--8c7a467d4--2014-03-21--Mikko Koski
--6026eca03--2014-03-21--Mikko Koski
--3762a5dcb--2014-03-21--Mikko Koski
29	27	app/controllers/application_controller.rb

--1d17a359c--2014-03-21--Mikko Koski
3	0	app/assets/javascripts/image_uploader.js
24	10	app/assets/stylesheets/views/_listings.css.scss
9	4	app/views/listings/form/_images.haml
1	0	config/locales/en.yml
3	0	config/locales/fi.yml

--5b24a6954--2014-03-21--Mikko Koski
0	12	app/controllers/listing_images_controller.rb

--12c3353ff--2014-03-21--Mikko Koski
1	1	app/assets/javascripts/image_uploader.js
5	1	app/assets/stylesheets/views/_listings.css.scss

--29d1ce665--2014-03-21--Mikko Koski
7	7	app/assets/javascripts/image_uploader.js

--22a3dd5cc--2014-03-20--Mikko Koski
5	0	app/assets/javascripts/image_uploader.js
1	1	app/assets/stylesheets/views/_listings.css.scss

--7c7819264--2014-03-20--Mikko Koski
3	3	features/listings/user_creates_a_new_listing.feature
6	0	features/step_definitions/general_steps.rb

--e7dbf36f9--2014-03-20--Mikko Koski
3	0	app/assets/javascripts/application.js
81	0	app/assets/javascripts/image_uploader.js
1	0	app/assets/stylesheets/application.scss
83	0	app/assets/stylesheets/views/_listings.css.scss
75	17	app/controllers/listing_images_controller.rb
6	3	app/controllers/listings_controller.rb
0	1	app/models/listing.rb
5	5	app/models/listing_image.rb
0	5	app/views/listing_images/destroy.js.erb
1	1	app/views/listings/edit.haml
1	1	app/views/listings/form/_form_content.haml
46	13	app/views/listings/form/_images.haml
4	0	config/locales/en.yml
15	1	config/routes.rb
5	0	db/migrate/20140319182117_add_author_id_to_listing_image.rb
4	1	db/structure.sql
1426	0	vendor/assets/javascripts/jquery.fileupload.js
530	0	vendor/assets/javascripts/jquery.ui.widget.js
36	0	vendor/assets/stylesheets/jquery.fileupload.css

--bea0b6714--2014-03-19--Mikko Koski
1	1	app/models/listing.rb
4	0	app/models/listing_image.rb