--64fb7aacc--2014-03-07--Antti Virolainen
--a483d90ec--2014-03-07--Antti Virolainen
4	4	app/assets/javascripts/locales/ab.json
4	4	app/assets/javascripts/locales/ca.json
4	4	app/assets/javascripts/locales/cs.json
4	4	app/assets/javascripts/locales/da-DK.json
4	4	app/assets/javascripts/locales/de-bl.json
4	4	app/assets/javascripts/locales/de-rc.json
1	1	app/assets/javascripts/locales/de.json
4	4	app/assets/javascripts/locales/el.json
4	4	app/assets/javascripts/locales/en-at.json
4	4	app/assets/javascripts/locales/en-bd.json
4	4	app/assets/javascripts/locales/en-bf.json
4	4	app/assets/javascripts/locales/en-bl.json
4	4	app/assets/javascripts/locales/en-cf.json
4	4	app/assets/javascripts/locales/en-qr.json
4	4	app/assets/javascripts/locales/en-rc.json
4	4	app/assets/javascripts/locales/en-sb.json
4	4	app/assets/javascripts/locales/en-ul.json
4	4	app/assets/javascripts/locales/en-un.json
4	4	app/assets/javascripts/locales/en-vg.json
4	4	app/assets/javascripts/locales/es-ES.json
4	4	app/assets/javascripts/locales/es-rc.json
4	4	app/assets/javascripts/locales/es.json
4	4	app/assets/javascripts/locales/fr-at.json
4	4	app/assets/javascripts/locales/fr-bd.json
4	4	app/assets/javascripts/locales/fr-rc.json
1	1	app/assets/javascripts/locales/fr.json
4	4	app/assets/javascripts/locales/hr.json
4	4	app/assets/javascripts/locales/hu.json
4	4	app/assets/javascripts/locales/it.json
4	4	app/assets/javascripts/locales/lv.json
4	4	app/assets/javascripts/locales/nl.json
4	4	app/assets/javascripts/locales/pt-BR.json
4	4	app/assets/javascripts/locales/ro.json
4	4	app/assets/javascripts/locales/ru.json
4	4	app/assets/javascripts/locales/sv.json
4	4	app/assets/javascripts/locales/sw.json
4	4	app/assets/javascripts/locales/vi.json
4	4	app/assets/javascripts/locales/zh.json
6	0	config/locales/el.yml
19	26	config/locales/en.yml
6	0	config/locales/es-ES.yml
26	20	config/locales/es.yml
1	1	config/locales/fi.yml
6	0	config/locales/fr.yml
6	0	config/locales/nl.yml
6	0	config/locales/ru.yml

--a968067e5--2014-03-07--Antti Virolainen
28	0	app/assets/javascripts/locales/ab.json
5	1	app/assets/javascripts/locales/ca.json
5	1	app/assets/javascripts/locales/cs.json
28	0	app/assets/javascripts/locales/da-DK.json
5	1	app/assets/javascripts/locales/de-bl.json
5	1	app/assets/javascripts/locales/de-rc.json
5	1	app/assets/javascripts/locales/de.json
5	1	app/assets/javascripts/locales/el.json
5	1	app/assets/javascripts/locales/en-at.json
5	1	app/assets/javascripts/locales/en-bd.json
5	1	app/assets/javascripts/locales/en-bf.json
5	1	app/assets/javascripts/locales/en-bl.json
5	1	app/assets/javascripts/locales/en-cf.json
5	1	app/assets/javascripts/locales/en-qr.json
5	1	app/assets/javascripts/locales/en-rc.json
5	1	app/assets/javascripts/locales/en-sb.json
5	1	app/assets/javascripts/locales/en-ul.json
5	1	app/assets/javascripts/locales/en-un.json
5	1	app/assets/javascripts/locales/en-vg.json
5	1	app/assets/javascripts/locales/es-ES.json
5	1	app/assets/javascripts/locales/es-rc.json
5	1	app/assets/javascripts/locales/es.json
3	1	app/assets/javascripts/locales/fi.json
5	1	app/assets/javascripts/locales/fr-at.json
5	1	app/assets/javascripts/locales/fr-bd.json
5	1	app/assets/javascripts/locales/fr-rc.json
6	2	app/assets/javascripts/locales/fr.json
5	1	app/assets/javascripts/locales/hr.json
5	1	app/assets/javascripts/locales/hu.json
5	1	app/assets/javascripts/locales/it.json
5	1	app/assets/javascripts/locales/lv.json
5	1	app/assets/javascripts/locales/nl.json
5	1	app/assets/javascripts/locales/pt-BR.json
5	1	app/assets/javascripts/locales/ro.json
5	1	app/assets/javascripts/locales/ru.json
5	1	app/assets/javascripts/locales/sv.json
5	1	app/assets/javascripts/locales/sw.json
5	1	app/assets/javascripts/locales/vi.json
5	1	app/assets/javascripts/locales/zh.json
1766	0	config/locales/ab.yml
6	0	config/locales/ca.yml
6	0	config/locales/cs.yml
1766	0	config/locales/da-DK.yml
6	0	config/locales/de-bl.yml
6	0	config/locales/de-rc.yml
28	22	config/locales/de.yml
55	0	config/locales/devise.ab.yml
55	0	config/locales/devise.da-DK.yml
6	0	config/locales/en-at.yml
6	0	config/locales/en-bd.yml
6	0	config/locales/en-bf.yml
6	0	config/locales/en-bl.yml
6	0	config/locales/en-cf.yml
6	0	config/locales/en-qr.yml
6	0	config/locales/en-rc.yml
6	0	config/locales/en-sb.yml
6	0	config/locales/en-ul.yml
6	0	config/locales/en-un.yml
6	0	config/locales/en-vg.yml
6	0	config/locales/es-rc.yml
6	0	config/locales/fr-at.yml
6	0	config/locales/fr-bd.yml
6	0	config/locales/fr-rc.yml
6	0	config/locales/hr.yml
6	0	config/locales/hu.yml
6	0	config/locales/it.yml
6	0	config/locales/lv.yml
6	0	config/locales/pt-BR.yml
6	0	config/locales/ro.yml
6	0	config/locales/sv.yml
6	0	config/locales/sw.yml
6	0	config/locales/vi.yml
6	0	config/locales/zh.yml

--91dddf7a7--2014-03-07--Antti Virolainen
--56066476a--2014-03-07--Antti Virolainen
1	1	app/indices/listing_index.rb

--34385c466--2014-03-07--Mikko Koski
2	10	features/communities/user_joins_another_community.feature
4	0	features/step_definitions/web_steps.rb

--c1e8cd680--2014-03-07--Mikko Koski
--c299a18ce--2014-03-07--Mikko Koski
1	0	app/indices/listing_index.rb

--de76f144b--2014-03-07--Mikko Koski
14	0	app/assets/javascripts/kassi.js
1	1	app/views/admin/custom_fields/edit_price.haml

--6d26e6466--2014-03-06--Mikko Koski
6	2	app/views/admin/custom_fields/edit_price.haml

--2506ae7b2--2014-03-06--Mikko Koski
21	0	app/controllers/admin/custom_fields_controller.rb
29	0	app/views/admin/custom_fields/edit_price.haml
20	0	app/views/admin/custom_fields/index.haml
5	0	config/locales/en.yml
5	0	config/locales/fi.yml
2	0	config/routes.rb
5	5	features/listings/search.feature
2	2	features/step_definitions/community_steps.rb
15	2	features/step_definitions/listing_steps.rb

--fd8f4ba3c--2014-03-06--Mikko Koski
10	0	app/controllers/homepage_controller.rb
1	0	app/indices/listing_index.rb
2	1	app/models/listing.rb

--9ffff320a--2014-03-06--Mikko Koski
44	52	app/views/homepage/_custom_filters.haml
14	0	app/views/homepage/_filters.haml
30	0	app/views/homepage/_price_filter.haml
8	6	app/views/homepage/index.haml

--eb3b6da32--2014-03-06--Mikko Koski
14	1	features/listings/search.feature
6	0	features/step_definitions/community_steps.rb

--a1dfafb05--2014-03-06--Mikko Koski
7	0	db/migrate/20140306083247_add_price_filter_to_community.rb
4	1	db/schema.rb

--5191fc998--2014-03-05--Sampo Toiva
1	1	README.md

--a8c783f02--2014-03-05--Sampo Toiva
--8be38a83f--2014-03-05--Sampo Toiva
2	3	features/support/env.rb
11	0	spec/spec_helper.rb

--9811bb772--2014-03-05--Sampo Toiva
1	0	.coveralls.yml
1	0	Gemfile
16	0	Gemfile.lock
12	0	features/support/env.rb