--c3912da24--2014-03-06--Mikko Koski
--1c8d28ba4--2014-03-06--Mikko Koski
6	5	app/assets/javascripts/kassi.js

--aa724ca80--2014-03-06--Antti Virolainen
1	1	db/migrate/20140226074445_add_correct_types_to_custom_field_values.rb

--1411ddfee--2014-03-06--Mikko Koski
47	44	app/views/homepage/_custom_filters.haml

--eafaa9185--2014-03-06--Mikko Koski
1	1	app/views/homepage/_custom_filters.haml

--3d7952b4f--2014-03-06--Mikko Koski
2	4	app/views/homepage/_custom_filters.haml
2	0	config/locales/en.yml
2	0	config/locales/fi.yml

--6c4d7808e--2014-03-06--Mikko Koski
7	7	app/controllers/homepage_controller.rb
3	3	app/views/homepage/_custom_filters.haml

--06295ec0c--2014-03-06--Mikko Koski
9	0	app/controllers/admin/custom_fields_controller.rb
1	1	app/controllers/listings_controller.rb

--df83e3772--2014-03-05--Mikko Koski
17	6	app/assets/javascripts/kassi.js
1	1	app/controllers/listings_controller.rb
1	1	app/models/category.rb
1	1	app/views/admin/custom_fields/edit.haml
1	1	app/views/listings/edit.haml
1	1	app/views/listings/form/_custom_fields.haml

--a589f0bac--2014-03-05--Mikko Koski
--3ced3db5a--2014-03-05--Mikko Koski
2	0	features/communities/user_joins_another_community.feature

--427f555a9--2014-03-05--Mikko Koski
73	8	app/assets/javascripts/kassi.js
3	1	app/assets/javascripts/locales/en.json
6	1	app/assets/javascripts/sharetribe_common.js
14	1	app/controllers/listings_controller.rb
10	0	app/services/params_service.rb
3	3	app/views/admin/custom_fields/form/_field_min_max.haml
0	2	app/views/listings/form/_custom_fields.haml
1	1	app/views/listings/form/_form_content.haml
1	1	app/views/listings/form/_javascripts.haml
2	1	app/views/listings/form/custom_field_partials/_numeric.haml

--442b288b4--2014-03-05--Antti Virolainen
8	0	app/helpers/application_helper.rb
6	0	config/locales/ca.yml
6	0	config/locales/cs.yml
7	1	config/locales/de-bl.yml
6	0	config/locales/de-rc.yml
12	6	config/locales/de.yml
7	1	config/locales/el.yml
6	0	config/locales/en-at.yml
6	0	config/locales/en-bd.yml
6	0	config/locales/en-bf.yml
6	0	config/locales/en-bl.yml
6	0	config/locales/en-cf.yml
6	0	config/locales/en-qr.yml
6	0	config/locales/en-rc.yml
6	0	config/locales/en-sb.yml
6	0	config/locales/en-ul.yml
6	0	config/locales/en-un.yml
6	0	config/locales/en-vg.yml
6	0	config/locales/es-ES.yml
6	0	config/locales/es-rc.yml
6	0	config/locales/es.yml
2	2	config/locales/fi.yml
6	0	config/locales/fr-at.yml
6	0	config/locales/fr-bd.yml
6	0	config/locales/fr-rc.yml
7	1	config/locales/fr.yml
6	0	config/locales/hr.yml
6	0	config/locales/hu.yml
6	0	config/locales/it.yml
6	0	config/locales/lv.yml
6	0	config/locales/nl.yml
6	0	config/locales/pt-BR.yml
6	0	config/locales/ro.yml
6	0	config/locales/ru.yml
6	0	config/locales/sv.yml
6	0	config/locales/sw.yml
6	0	config/locales/vi.yml
6	0	config/locales/zh.yml

--195291ab6--2014-03-05--Mikko Koski
--efccc7c09--2014-03-05--Mikko Koski
1	0	app/assets/javascripts/application.js
38	0	app/assets/javascripts/range_filter.js
10	29	app/views/homepage/_custom_filters.haml

--b6c9c9446--2014-03-05--Mikko Koski
26	22	app/controllers/homepage_controller.rb

--50cffaec2--2014-03-05--Mikko Koski
1	1	app/models/custom_field_values/numeric_field_value.rb

--0d5861597--2014-03-05--Mikko Koski
3	11	app/models/custom_field_values/numeric_field_value.rb
27	0	app/services/timing_service.rb

--6806366cd--2014-03-05--Mikko Koski
2	0	spec/models/numeric_field_spec.rb

--58ec37904--2014-03-04--Mikko Koski
4	0	app/models/custom_field_values/numeric_field_value.rb
10	0	app/models/custom_fields/numeric_field.rb
1	1	app/views/admin/custom_fields/_listed_custom_field.haml
6	1	app/views/admin/custom_fields/form/_field_min_max.haml
3	1	app/views/homepage/_custom_filters.haml
1	1	app/views/listings/custom_field_partials/_numeric.haml
1	1	app/views/listings/form/custom_field_partials/_numeric.haml
1	0	config/locales/en.yml
1	0	config/locales/fi.yml

--fb449e076--2014-03-04--Mikko Koski
5	0	db/migrate/20140304135448_add_allow_decimals_to_custom_fields.rb

--448b3278b--2014-03-04--Mikko Koski
9	3	app/assets/stylesheets/partials/_jquery.nouislider.customizations.css.scss
2	2	app/views/design/design.haml
1	1	app/views/homepage/_custom_filters.haml

--feddb3a4d--2014-03-04--Mikko Koski
3	3	app/models/custom_field_value.rb
1	1	app/views/listings/show.haml

--d6a55ef3e--2014-03-04--Mikko Koski
1	1	app/views/listings/form/custom_field_partials/_numeric.haml

--d1ba850e7--2014-03-04--Mikko Koski
4	1	app/views/admin/custom_fields/edit.haml
4	4	app/views/admin/custom_fields/form/_field_min_max.haml
1	1	app/views/admin/custom_fields/new.haml
2	0	config/locales/en.yml
2	0	config/locales/fi.yml

--461d81407--2014-03-04--Mikko Koski
11	2	app/controllers/homepage_controller.rb
0	1	app/models/listing.rb
1	1	app/views/homepage/_custom_filters.haml
2	2	app/views/homepage/index.haml
27	9	features/listings/search.feature
13	0	features/step_definitions/admin_custom_field_steps.rb
0	1	features/step_definitions/admin_manage_members_steps.rb
11	0	features/step_definitions/listing_steps.rb
2	2	features/step_definitions/search_steps.rb
11	2	test/helper_modules.rb

--a6b089689--2014-03-04--Mikko Koski
16	16	app/assets/stylesheets/partials/_jquery.nouislider.customizations.css.scss
8	0	app/assets/stylesheets/partials/_utils.css.scss
41	2	app/controllers/homepage_controller.rb
1	0	app/indices/listing_index.rb
12	3	app/models/listing.rb
50	2	app/views/homepage/_custom_filters.haml

--ab3656765--2014-03-03--Mikko Koski
8	0	app/indices/custom_field_value_index.rb
1	0	app/models/community.rb
56	0	app/models/custom_field_values/numeric_field_value.rb
2	0	app/views/homepage/_custom_filters.haml
9	0	db/migrate/20140303131213_add_delta_to_custom_field_value.rb
11	6	db/schema.rb
8	0	spec/factories.rb
45	0	spec/models/numeric_field_value_spec.rb
5	2	test/helper_modules.rb

--79fb4a64b--2014-03-05--Mikko Koski
--776908f33--2014-03-03--Mikko Koski
--c0cb71d93--2014-02-27--Mikko Koski
--df8bde932--2014-02-27--Mikko Koski
8	6	app/controllers/listings_controller.rb
0	4	app/models/custom_fields/dropdown.rb
0	5	app/models/custom_fields/numeric_field.rb
0	6	app/models/custom_fields/text_field.rb

--fc7833612--2014-02-27--Mikko Koski
1	0	app/assets/stylesheets/application.scss
0	19	app/assets/stylesheets/main.css.scss
22	0	app/assets/stylesheets/partials/_forms.css.scss
1	1	app/views/listings/form/custom_field_partials/_numeric.haml
0	1	features/listings/user_creates_a_new_listing.feature
4	2	features/step_definitions/admin_custom_field_steps.rb

--7c59b1bb7--2014-02-27--Mikko Koski
17	0	features/listings/user_creates_a_new_listing.feature
19	0	features/step_definitions/admin_custom_field_steps.rb

--1f7a42caf--2014-02-27--Mikko Koski
3	0	app/controllers/listings_controller.rb
4	0	app/models/custom_field_values/numeric_field_value.rb
3	0	app/views/listings/custom_field_partials/_numeric.haml
4	0	app/views/listings/form/custom_field_partials/_numeric.haml
5	0	db/migrate/20140227102627_add_numeric_value_to_custom_field_values.rb
2	3	db/schema.rb
16	0	spec/models/numeric_field_value_spec.rb

--69d4bed9c--2014-02-27--Mikko Koski
--ced626951--2014-02-27--Mikko Koski
13	9	features/step_definitions/admin_custom_field_steps.rb
1	2	features/step_definitions/listing_steps.rb
2	3	spec/factories.rb

--cc004a780--2014-02-27--Mikko Koski
1	1	features/admin/custom_fields/admin_changes_custom_field_order.feature
30	4	spec/factories.rb
61	0	spec/models/custom_field_spec.rb

--f200cef43--2014-02-26--Mikko Koski
2	3	app/models/custom_fields/numeric_field.rb
11	0	spec/models/numeric_field_spec.rb

--63d74085f--2014-02-26--Mikko Koski
27	4	app/assets/javascripts/kassi.js
3	1	app/assets/javascripts/locales/en.json
3	1	app/assets/javascripts/locales/fi.json
9	0	app/assets/javascripts/sharetribe_common.js
30	1	app/assets/javascripts/utils.js
7	2	features/admin/custom_fields/admin_adds_custom_field.feature
3	3	features/step_definitions/admin_custom_field_steps.rb

--4c5997f2a--2014-02-26--Mikko Koski
1	1	app/assets/stylesheets/views/admin/_custom_fields.css.scss
23	2	app/models/custom_field.rb
5	2	app/views/admin/custom_fields/_listed_custom_field.haml
7	0	app/views/admin/custom_fields/form/_field_min_max.haml
4	1	app/views/admin/custom_fields/new.haml
1	0	config/locales/en.yml
1	0	config/locales/fi.yml
2	1	features/admin/custom_fields/admin_adds_custom_field.feature
15	3	features/step_definitions/admin_custom_field_steps.rb

--903ebe40f--2014-02-26--Mikko Koski
14	0	app/models/custom_fields/numeric_field.rb
6	0	db/migrate/20140226121423_add_min_max_to_custom_fields.rb
3	1	db/schema.rb
4	1	spec/factories.rb
17	0	spec/models/numeric_field_spec.rb

--a8c8fbfe9--2014-02-26--Mikko Koski
5	1	features/admin/custom_fields/admin_adds_custom_field.feature
12	0	features/step_definitions/admin_custom_field_steps.rb

--75d00f37a--2014-02-26--Mikko Koski
1	1	features/step_definitions/listing_steps.rb
5	0	spec/factories.rb

--55a262300--2014-02-26--Mikko Koski
4	8	spec/models/{custom_field_value_spec.rb => dropdown_value_spec.rb}
14	0	spec/models/text_field_value_spec.rb

--c51b78eea--2014-02-26--Juho Makkonen
4	4	app/assets/javascripts/googlemaps.js
4	4	app/controllers/homepage_controller.rb
1	1	app/controllers/listings_controller.rb
1	1	app/indices/listing_index.rb
5	3	app/models/listing.rb
1	1	app/views/homepage/_map.haml
0	1	features/listings/user_creates_a_new_listing.feature
1	1	spec/controllers/homepage_controller_spec.rb

--d3ca3bbe4--2014-02-26--Juho Makkonen
9	3	app/controllers/listings_controller.rb
1	0	app/models/custom_field.rb
2	0	app/models/custom_field_value.rb
0	8	app/models/custom_field_values/dropdown_field_value.rb
8	0	app/models/custom_field_values/dropdown_value.rb
4	0	app/models/custom_fields/dropdown.rb
5	1	app/models/custom_fields/text_field.rb
4	0	app/views/listings/custom_field_partials/_dropdown.haml
3	0	app/views/listings/custom_field_partials/_text_field.haml
1	12	app/views/listings/show.haml
1	1	db/schema.rb
1	0	features/listings/user_creates_a_new_listing.feature

--b2aad32a5--2014-02-26--Juho Makkonen
0	10	app/models/custom_field_value.rb
8	0	app/models/custom_field_values/dropdown_field_value.rb
7	0	app/models/custom_field_values/text_field_value.rb
5	0	db/migrate/20140226074348_add_type_to_custom_field_values.rb
7	0	db/migrate/20140226074445_add_correct_types_to_custom_field_values.rb
2	1	db/schema.rb