--f43e52f87--2014-03-03--Antti Virolainen
--d257f74d8--2014-03-03--Antti Virolainen
8	7	CONTRIBUTING.md

--cf9001e64--2014-03-03--Mikko Koski
44	0	config/locales/ca.yml
44	0	config/locales/cs.yml
45	1	config/locales/de-bl.yml
44	0	config/locales/de-rc.yml
57	0	config/locales/de.yml
3	3	config/locales/devise.es.yml
45	1	config/locales/el.yml
44	0	config/locales/en-at.yml
44	0	config/locales/en-bd.yml
44	0	config/locales/en-bf.yml
44	0	config/locales/en-bl.yml
44	0	config/locales/en-cf.yml
44	0	config/locales/en-qr.yml
44	0	config/locales/en-rc.yml
44	0	config/locales/en-sb.yml
44	0	config/locales/en-ul.yml
44	0	config/locales/en-un.yml
44	0	config/locales/en-vg.yml
44	0	config/locales/es-ES.yml
44	0	config/locales/es-rc.yml
46	2	config/locales/es.yml
21	26	config/locales/fi.yml
44	0	config/locales/fr-at.yml
44	0	config/locales/fr-bd.yml
44	0	config/locales/fr-rc.yml
62	5	config/locales/fr.yml
44	0	config/locales/hr.yml
44	0	config/locales/hu.yml
44	0	config/locales/it.yml
44	0	config/locales/lv.yml
44	0	config/locales/nl.yml
44	0	config/locales/pt-BR.yml
44	0	config/locales/ro.yml
44	0	config/locales/ru.yml
44	0	config/locales/sv.yml
44	0	config/locales/sw.yml
44	0	config/locales/vi.yml
44	0	config/locales/zh.yml

--ade61f9cc--2014-03-03--Mikko Koski
--39eae8c5b--2014-03-03--Mikko Koski
2	2	CONTRIBUTING.md

--6a21e3312--2014-03-03--Mikko Koski
24	0	CONTRIBUTING.md