--2d8f92f1e--2014-03-02--Juho Makkonen
--b85a7fa61--2014-03-02--Juho Makkonen
26	1	app/controllers/admin/communities_controller.rb
4	4	app/views/admin/communities/manage_members.haml

--1083ba7fe--2014-03-01--Mikko Koski
2	1	app/views/admin/communities/manage_members.haml

--9c743d174--2014-03-01--Mikko Koski
1	1	app/views/admin/communities/manage_members.haml
1	1	config/locales/fi.yml

--2022710cc--2014-03-01--Mikko Koski
2	2	app/assets/stylesheets/partials/_table.css.scss

--eeb7afa19--2014-03-01--Mikko Koski
2	1	app/views/admin/communities/manage_members.haml

--80b0ac696--2014-03-01--Juho Makkonen
--1baf3db2f--2014-03-01--Juho Makkonen
--8eecce2e0--2014-03-01--Juho Makkonen
3	3	config/locales/en.yml
27	0	config/locales/fi.yml

--33427c48d--2014-03-01--Antti Virolainen
1	1	app/controllers/admin/communities_controller.rb
2	3	app/views/admin/communities/manage_members.haml

--52370a262--2014-03-01--Antti Virolainen
30	0	features/communities/user_is_banned_from_community.feature
12	0	features/step_definitions/admin_manage_members_steps.rb

--71a1df271--2014-03-01--Juho Makkonen
4	0	app/assets/stylesheets/views/admin/_communities.scss
16	0	app/controllers/admin/communities_controller.rb
6	0	app/helpers/application_helper.rb
60	0	app/views/admin/communities/settings.haml
27	0	config/locales/en.yml
4	0	config/locales/fi.yml
2	0	config/routes.rb