--ff7669b0b--2014-01-24--Juho Makkonen
--3ba5f7fdd--2014-01-24--Juho Makkonen
1	1	app/controllers/admin/custom_fields_controller.rb
0	1	app/models/custom_field_value.rb
6	3	features/admin/admin_removes_custom_field.feature
1	1	features/step_definitions/listing_steps.rb

--10f33103a--2014-01-24--Antti Virolainen
2	2	config/locales/de.yml
2	2	config/locales/en.yml

--b8f8d1b4a--2014-01-24--Antti Virolainen
--75c498e7d--2014-01-24--Antti Virolainen
--e41398e8b--2014-01-24--Antti Virolainen
1	0	features/listings/user_filters_listings_by_custom_fields.feature

--c10343471--2014-01-24--Antti Virolainen
3	1	app/models/listing.rb
0	46	features/listings/user_browses_listings.feature

--e16f40aa4--2014-01-24--Antti Virolainen
1	4	Gemfile.lock
14	0	custom_plan.rb
1	1	features/step_definitions/search_steps.rb
10	2	features/support/env.rb

--2c6155518--2014-01-23--Antti Virolainen
1	2	features/step_definitions/search_steps.rb
3	0	features/support/env.rb
0	3	features/support/sphinx.rb

--492ebf169--2014-01-23--Antti Virolainen
1	1	config/thinking_sphinx.yml

--f423fe119--2014-01-23--Antti Virolainen
--1414c148f--2014-01-23--Antti Virolainen
1	1	Gemfile
3	3	Gemfile.lock
1	0	app/controllers/homepage_controller.rb
2	2	app/indices/listing_index.rb
8	6	app/models/listing.rb
0	0	config/{sphinx.yml => thinking_sphinx.yml}

--c9f8ae09a--2014-01-23--Juho Makkonen
--812e6fdbe--2014-01-23--Juho Makkonen
12	13	spec/factories.rb

--f271c0610--2014-01-22--Antti Virolainen
2	2	Gemfile
23	13	Gemfile.lock
29	0	app/indices/listing_index.rb
0	37	app/models/listing.rb
3	3	config/sphinx.yml

--8b78db570--2014-01-21--Antti Virolainen
1	0	Gemfile
4	0	Gemfile.lock
2	2	app/models/listing.rb