--e04006603--2014-01-20--Juho Makkonen
--ea8341e5c--2014-01-20--Juho Makkonen
4	0	app/assets/javascripts/kassi.js
9	0	app/assets/stylesheets/views/admin/_custom_fields.css.scss
9	2	app/controllers/admin/custom_fields_controller.rb
3	0	app/controllers/listings_controller.rb
1	1	app/helpers/custom_fields_helper.rb
1	0	app/models/community.rb
1	1	app/models/custom_field.rb
1	1	app/models/custom_field_value.rb
7	0	app/models/custom_fields/text_field.rb
2	4	app/views/admin/custom_fields/_listed_custom_field.haml
2	1	app/views/admin/custom_fields/edit.haml
8	3	app/views/admin/custom_fields/index.haml
3	7	app/views/admin/custom_fields/new.haml
1	1	app/views/homepage/_custom_filters.haml
1	2	app/views/listings/form/_custom_fields.haml
2	0	app/views/listings/form/custom_field_partials/_text_field.haml
4	0	app/views/listings/show.haml
4	1	config/locales/en.yml
4	1	config/locales/fi.yml
19	2	features/listings/user_creates_a_new_listing.feature
26	4	features/step_definitions/admin_steps.rb
1	1	features/step_definitions/listing_steps.rb
12	2	spec/factories.rb

--62b4dd61e--2014-01-20--Antti Virolainen
0	4	.travis.yml

--d30eea16c--2014-01-20--Antti Virolainen
1	1	app/views/layouts/_google_analytics_script.haml

--59bc63c14--2014-01-20--Antti Virolainen
1	1	app/views/layouts/_head.haml

--dec6f8f7a--2014-01-20--Antti Virolainen
4	1	RELEASE_NOTES.md
1	1	VERSION

--88fd31645--2014-01-20--Antti Virolainen
6	6	config/locales/de.yml
1	1	config/locales/devise.de.yml
3	0	config/locales/el.yml
3	0	config/locales/es-ES.yml
35	32	config/locales/es.yml
1	1	config/locales/fi.yml
3	0	config/locales/fr.yml
3	0	config/locales/nl.yml
3	0	config/locales/ru.yml

--43e803fcf--2014-01-20--Antti Virolainen
--91f65fe3e--2014-01-20--Antti Virolainen
0	27	features/communities/user_joins_another_community.feature

--82ca7fa2d--2014-01-20--Antti Virolainen
0	19	features/listings/user_creates_a_new_listing.feature

--9e1878454--2014-01-20--Juho Makkonen
--d6e9f3fe2--2014-01-20--Antti Virolainen
10	1	app/controllers/homepage_controller.rb
9	18	app/views/homepage/index.haml