--dd4bafb6b--2012-11-04--Antti Virolainen
--9ea6b3558--2012-11-04--Antti Virolainen
5	0	RELEASE_NOTES.md
1	1	VERSION

--219f6e3ed--2012-11-04--Antti Virolainen
--fb26f9f2c--2012-11-04--Antti Virolainen
6	0	app/controllers/communities_controller.rb
4	0	app/stylesheets/style_dashboard.scss
1	1	app/views/communities/_enter_organization_email.haml
9	1	app/views/communities/_new_tribe_form.haml
1	0	app/views/people/help_texts/_invite_only_help_text.haml
3	0	config/locales/en.yml
3	0	config/locales/fi.yml
27	6	features/communities/user_creates_a_new_community.feature
7	0	features/step_definitions/community_steps.rb
2	1	public/javascripts/kassi_dashboard.js
8	4	public/stylesheets/compiled/style_dashboard.css

--18729a981--2012-11-02--Antti Virolainen
1	1	app/views/sessions/_new.haml

--7beeacfa6--2012-10-28--Antti Virolainen
--76dd05bc7--2012-10-28--Antti Virolainen
--5423aa594--2012-10-18--Antti Virolainen
--1c3ffff60--2012-10-15--Antti Virolainen