--f98d7d7e1--2011-04-12--Juho Makkonen
--28c1da688--2011-04-12--Juho Makkonen
1	3	app/views/layouts/_google_analytics_script.haml
0	1	features/infos/user_views_info_about_kassi.feature

--f9a70c37e--2011-04-12--Juho Makkonen
1	1	app/controllers/people_controller.rb
10	0	app/helpers/application_helper.rb
7	0	app/mailers/person_mailer.rb
2	1	app/views/dashboard/index.haml
0	51	app/views/homepage/_welcome_text_aalto.en.haml
26	26	app/views/homepage/_welcome_text_ospn.haml
1	7	app/views/homepage/index.haml
7	0	app/views/layouts/_google_analytics_script.haml
4	17	app/views/layouts/application.haml
1	5	app/views/people/help_texts/_terms.haml
10	0	app/views/person_mailer/new_ospn_member.html.haml
53	0	communities/aalto/frontpage_sidebar/frontpage_sidebar.en.haml
50	0	communities/aalto/frontpage_sidebar/frontpage_sidebar.fi.haml
4	0	communities/default/frontpage_sidebar/frontpage_sidebar.en.haml
4	0	communities/default/frontpage_sidebar/frontpage_sidebar.fi.haml
1	0	communities/default/logo_text/logo_text.haml
25	0	communities/ospn/frontpage_sidebar/frontpage_sidebar.en.haml
2	0	communities/ospn/logo_text/logo_text.haml
2	1	communities/test/terms/terms.en.haml
1	1	features/communities/user_views_terms.feature
2	1	features/infos/user_views_info_about_kassi.feature
13	0	public/javascripts/google_analytics.js

--f8e3e5658--2011-04-07--Antti Virolainen
1	1	app/controllers/application_controller.rb
8	3	app/controllers/people_controller.rb
6	2	app/controllers/sessions_controller.rb
3	1	app/helpers/application_helper.rb
1	0	app/views/people/new.haml
2	1	app/views/sessions/new.haml
15	4	spec/controllers/people_controller_spec.rb
8	2	spec/controllers/sessions_controller_spec.rb

--77bdeb27a--2011-04-07--Antti Virolainen
2	2	app/controllers/application_controller.rb

--164fc3598--2011-04-07--Antti Virolainen
1	1	app/views/dashboard/index.haml
1	3	app/views/infos/about.en.haml
1	3	app/views/infos/about.fi.haml

--5e48734b8--2011-04-06--Antti Virolainen
2	1	app/mailers/person_mailer.rb
1	9	app/views/person_mailer/new_feedback.html.haml

--90093993e--2011-04-06--Juho Makkonen
0	28	app/controllers/consent_controller.rb
0	1	app/views/consent/show.haml
0	40	app/views/people/help_texts/_consent.en.haml
0	39	app/views/people/help_texts/_consent.fi.haml
0	57	app/views/people/help_texts/_research_info.en.haml
0	57	app/views/people/help_texts/_research_info.haml
0	33	app/views/people/help_texts/_terms.en.haml
0	33	app/views/people/help_texts/_terms.fi.haml
5	0	app/views/people/help_texts/_terms.haml
128	0	communities/default/terms/terms.en.haml
128	0	communities/default/terms/terms.fi.haml
128	0	communities/ospn/terms/terms.en.haml
1	0	communities/test/terms/terms.en.haml
1	0	communities/test2/terms/terms.en.haml
24	0	features/communities/user_views_terms.feature
0	5	spec/controllers/consent_controller_spec.rb