--bf9cdee9b--2011-04-08--vbtdung
--33f359bfe--2011-04-08--vbtdung
4	0	.gitignore
10	0	Gemfile.lock
9	1	app/controllers/listings_controller.rb
40	9	app/views/listings/_mobile_listings.haml
-	-	public/images/icons/green_MarkerO.png
-	-	public/images/icons/orange_MarkerR.png
1305	0	public/javascripts/markerclusterer.js

--60f2aa6b4--2011-03-26--XaviJM
32	13	app/controllers/listings_controller.rb
2583	0	app/stylesheets/mobile_style.scss
3557	2649	app/stylesheets/style.scss
17	0	app/views/layouts/_mobile_logged_in.haml
57	0	app/views/layouts/mobile_application.haml
937	28	app/views/listings/_listed_listing.haml
140	9	app/views/listings/_listed_listings.haml
62	0	app/views/listings/_mobile_listings.haml
942	34	app/views/listings/index.haml
0	0	binlog.lock
10	0	config/locales/en.yml
0	1	config/routes.rb
1	0	public/stylesheets/480_24_col.css
2937	0	public/stylesheets/compiled/mobile_style.css
25	0	public/stylesheets/compiled/style.css

--82db9a43f--2011-03-25--tlsalmin
12	0	db/migrate/20110325120932_fix_person_id_to_string.rb
2	2	db/schema.rb

--e94f144c9--2011-03-22--tlsalmin
17	0	db/migrate/20110322151957_switch_location_ids.rb

--a5ba622b1--2011-03-25--tlsalmin
1	0	app/views/settings/profile.haml
3	4	db/schema.rb
3	2	features/settings/user_updates_profile_information.feature
25	16	public/javascripts/kassi.js

--3b2375a93--2011-03-25--tlsalmin
4	1	app/controllers/settings_controller.rb
9	1	app/models/person.rb
1	1	app/models/person_connection.rb
7	5	app/views/settings/profile.haml
90	11	public/javascripts/kassi.js

--2f67bd838--2011-03-22--tlsalmin
2	0	app/views/settings/profile.haml
19	3	public/javascripts/kassi.js

--d3674b1a9--2011-03-22--tlsalmin
5	0	app/views/settings/profile.haml

--42d4304a0--2011-03-22--tlsalmin
16	14	public/javascripts/kassi.js

--390063bc7--2011-03-12--XaviJM
--2499dcf7f--2011-03-02--Tomi Salminen
5	0	app/controllers/listings_controller.rb
1	0	config/routes.rb