--7bf1c4dcd--2011-02-22--Juho Makkonen
--c481d292b--2011-02-22--Juho Makkonen
1	0	Gemfile.lock
5	0	app/controllers/application_controller.rb
2	2	app/controllers/badges_controller.rb
7	7	app/controllers/people_controller.rb
1	1	app/controllers/testimonials_controller.rb
28	2	app/stylesheets/style.scss
14	0	app/views/people/not_member.haml
4	0	config/locales/en.yml
4	0	config/locales/fi.yml
1	0	config/routes.rb
-	-	public/images/kaapo/kaapo_confused.png
30	0	public/stylesheets/compiled/style.css

--d126cb0af--2011-02-22--Antti Virolainen
11	4	app/controllers/application_controller.rb
2	0	config/config.example.yml
0	1	features/dashboard/user_views_dashboard.feature

--fba40b463--2011-02-22--Antti Virolainen
13	1	app/controllers/application_controller.rb
1	0	features/people/user_creates_a_new_account.feature

--07c1e3e5e--2011-02-21--Antti Virolainen
1	0	Gemfile.lock
13	1	app/controllers/application_controller.rb
1	1	app/views/people/new.haml