--9bb2956fa--2018-01-31--Valdis Pornieks
--89ce78c4a--2018-01-31--Valdis Pornieks
--bee12f8b9--2018-01-31--Valdis Pornieks
--07cd3c8bc--2018-01-31--Valdis Pornieks
--750bf8f5b--2018-01-30--Valdis Pornieks
--6379bda00--2018-01-29--Thomas Malbaux
1	1	config/locales/en.yml

--51848fca4--2018-01-29--Aivils Štoss
1	1	app/controllers/int_api/listings_controller.rb

--483d5c87a--2018-01-25--Aivils Štoss
0	59	app/presenters/listing_presenter.rb

--11c9e914d--2018-01-29--Aivils Štoss
1	0	app/controllers/preauthorize_transactions_controller.rb

--69139c94b--2018-01-29--Aivils Štoss
2	1	app/controllers/preauthorize_transactions_controller.rb
17	0	features/listings/user_books_listing_per_hour.feature
5	0	features/step_definitions/community_steps.rb

--f4a5850e8--2018-01-29--Aivils Štoss
4	0	app/presenters/listing_presenter.rb
4	3	app/views/listings/_listing_actions.haml
20	0	features/listings/user_views_a_single_listing.feature
9	0	features/step_definitions/listing_steps.rb
1	1	features/support/listing_helpers.rb