--d52ad33c1--2017-11-14--Valdis Pornieks
--6f4fa18c0--2017-11-13--Aivils Štoss
1	1	app/controllers/listings_controller.rb
1	1	app/views/listings/_listing_actions.haml

--4a5b52d77--2017-11-13--Valdis Pornieks
--db8806d8d--2017-11-13--Aivils Štoss
6	2	app/view_utils/listing_form_view_utils.rb
21	0	features/listings/user_creates_a_new_listing.feature
0	7	features/step_definitions/admin_listing_shape_steps.rb
66	0	features/step_definitions/listing_shape_steps.rb
6	1	features/step_definitions/web_steps.rb
8	0	spec/factories.rb

--cf6c73692--2017-11-10--Aivils Štoss
3	1	app/view_utils/listing_form_view_utils.rb

--f882d1de3--2017-11-10--Aivils Štoss
1	1	app/services/session_context_store.rb

--4e4e93885--2017-11-10--Thomas Malbaux
--76efb57e8--2017-11-10--Thomas Malbaux
1	1	app/assets/javascripts/locales/ar.json
30	0	app/assets/javascripts/locales/ko.json
3	3	config/locales/ar.yml
14	6	config/locales/de.yml
2	2	config/locales/devise.ar.yml
55	0	config/locales/devise.ko.yml
2	2	config/locales/fr.yml
2	2	config/locales/it.yml
2332	0	config/locales/ko.yml
17	17	config/locales/sv.yml

--4cca7cefc--2017-11-08--Valdis Pornieks
4	1	app/views/layouts/email.html.haml
3	1	config/locales/en.yml

--07e8b9e4a--2017-11-09--Thomas Malbaux
--58d74532d--2017-11-08--Thomas Malbaux
2	2	app/models/auth_token.rb

--efdacdc07--2017-11-08--Thomas Malbaux
2	2	app/models/auth_token.rb

--156328523--2017-11-07--Aivils Štoss
14	3	app/controllers/invitations_controller.rb
3	1	app/mailers/person_mailer.rb
37	0	app/models/invitation/unsubscribe.rb
8	0	app/views/layouts/email.html.haml
3	0	config/locales/en.yml
5	1	config/routes.rb
12	0	db/migrate/20171107063241_create_invitation_unsubscribes.rb
16	1	db/structure.sql
7	0	features/invitations/visitor_unsubscribe.feature
4	0	features/step_definitions/invitation_steps.rb
2	0	features/support/paths.rb
5	0	spec/factories.rb
47	0	spec/models/invitation/unsubscribe_spec.rb
25	0	spec/models/listing_shape_spec.rb