--92ec3322d--2016-08-01--Boyan Tabakov
--6811104b6--2016-07-30--Antti Virolainen
--4ce1b9c19--2016-07-30--Antti Virolainen
2	1	app/controllers/admin/communities_controller.rb

--e570e377e--2016-07-29--Vesa Luusua
4	4	config/locales/fr.yml

--9c3179ee7--2016-07-29--Vesa Luusua
--4a8fab9d6--2016-07-29--Vesa Luusua
20	14	app/controllers/admin/communities_controller.rb
10	9	app/views/admin/communities/menu_links.haml

--b7cc8bdf1--2016-07-29--Vesa Luusua
4	0	config/locales/ab.yml
4	0	config/locales/bg.yml
4	0	config/locales/bn-BD.yml
4	0	config/locales/ca.yml
4	0	config/locales/cs.yml
4	0	config/locales/da-DK.yml
4	0	config/locales/de.yml
4	0	config/locales/el.yml
4	0	config/locales/en-AU.yml
4	0	config/locales/en-GB.yml
4	0	config/locales/en-NZ.yml
4	0	config/locales/es-ES.yml
4	0	config/locales/es.yml
4	0	config/locales/et.yml
4	0	config/locales/eu-ES.yml
4	0	config/locales/fi.yml
4	0	config/locales/fr-CA.yml
4	0	config/locales/fr.yml
4	0	config/locales/he-IL.yml
4	0	config/locales/hr.yml
4	0	config/locales/hu.yml
4	0	config/locales/hy-AM.yml
4	0	config/locales/id.yml
4	0	config/locales/is.yml
4	0	config/locales/it.yml
4	0	config/locales/ja.yml
4	0	config/locales/ka.yml
4	0	config/locales/km-KH.yml
4	0	config/locales/lv.yml
4	0	config/locales/mn.yml
4	0	config/locales/ms-MY.yml
4	0	config/locales/nb.yml
4	0	config/locales/nl.yml
4	0	config/locales/pl.yml
4	0	config/locales/pt-BR.yml
4	0	config/locales/pt-PT.yml
4	0	config/locales/ro.yml
4	0	config/locales/ru.yml
4	0	config/locales/sk-SK.yml
4	0	config/locales/sl.yml
4	0	config/locales/sq-AL.yml
4	0	config/locales/sr.yml
4	0	config/locales/sv.yml
4	0	config/locales/sw.yml
4	0	config/locales/th-TH.yml
4	0	config/locales/tr-TR.yml
4	0	config/locales/uk.yml
4	0	config/locales/vi.yml
4	0	config/locales/zh-HK.yml
4	0	config/locales/zh-TW.yml
4	0	config/locales/zh.yml

--d95af6b8b--2016-07-29--Vesa Luusua
--639c71caa--2016-07-29--Vesa Luusua
8	0	spec/factories.rb
7	0	test/helper_modules.rb

--13f0e030e--2016-07-29--Boyan Tabakov
--32d20d39e--2016-07-29--Vesa Luusua
1	1	app/view_utils/topbar_helper.rb

--bd133ba83--2016-07-29--Boyan Tabakov
2	2	app/views/landing_page/_icon.erb

--83712c154--2016-07-29--Boyan Tabakov
3	1	app/views/landing_page/_info.erb

--0cc6c57be--2016-07-29--Luis-RG
--fb8128636--2016-07-29--Vesa Luusua
4	4	config/locales/nb.yml

--035dde951--2016-07-29--Vesa Luusua
--8704e2f5a--2016-07-28--Vesa Luusua
2	1	app/services/admin/onboarding_wizard.rb

--436908cda--2016-07-29--Luis-RG
12	0	app/views/landing_page/_icon.erb

--5f93cd2ff--2016-07-29--Boyan Tabakov
1	1	app/controllers/landing_page_controller.rb
48	4	app/models/community.rb
6	6	app/view_utils/marketplace_helper.rb
2	2	app/view_utils/topbar_helper.rb

--499e93d0f--2016-07-28--Boyan Tabakov
5	8	app/models/community.rb

--02bfc72b6--2016-07-27--Boyan Tabakov
1	1	config/locales/en.yml

--7969dfb65--2016-07-26--Boyan Tabakov
4	0	CHANGELOG.md
2	0	UPGRADE.md

--923abe561--2016-07-26--Boyan Tabakov
0	1	Procfile
3	7	app/controllers/admin/communities_controller.rb
0	33	app/jobs/compile_custom_stylesheet_job.rb
0	150	app/services/community_stylesheet_compiler.rb
1	1	config/locales/en.yml
8	38	lib/tasks/deploy.rake
0	11	lib/tasks/sharetribe.rake

--1303358d9--2016-07-26--Boyan Tabakov
0	3	features/admin/admin_edits_community_look_and_feel.feature
0	71	spec/helpers/stylesheet_url_helper_spec.rb

--76f8e4375--2016-07-25--Boyan Tabakov
0	22	app/helpers/application_helper.rb
18	0	app/view_utils/marketplace_helper.rb
4	2	app/views/layouts/_marketplace_head.haml

--7115937b5--2016-07-25--Boyan Tabakov
2	0	Gemfile
2	1	Gemfile.lock
77	0	app/utils/color_utils.rb
33	0	app/views/layouts/_style_overrides.haml
218	0	lib/tasks/cs_extract.rake

--623c213f6--2016-07-28--Vesa Luusua
1	0	app/view_utils/topbar_helper.rb
5	3	client/app/components/composites/MenuPriority/MenuPriority.js
2	0	client/app/components/sections/Topbar/Topbar.js
1	0	client/app/components/sections/Topbar/Topbar.story.js

--53b1934d9--2016-07-28--Vesa Luusua
16	1	app/controllers/admin/communities_controller.rb
7	2	app/services/marketplace_service/api/configurations.rb
2	1	app/services/marketplace_service/store/marketplace_configurations.rb
13	3	app/views/admin/communities/menu_links.haml
4	0	config/locales/en.yml

--72055a124--2016-07-28--Vesa Luusua
1	0	app/models/marketplace_configurations.rb
5	0	db/migrate/20160728102918_add_limit_priority_links_to_marketplace_configurations.rb
2	1	db/schema.rb