--2df4cbcd--2011-11-22--chrisgeorge
--be657cbf--2011-11-15--Rune Madsen
8	0	app/controllers/children_controller.rb
8	0	app/models/child.rb
7	0	app/views/children/suspect_records.html.erb
1	0	app/views/home/index.html.erb
2	1	config/routes.rb
2	0	features/flag_child_record.feature
7	0	features/step_definitions/basic_steps.rb
8	0	spec/controllers/children_controller_spec.rb

--d3bc64d8--2011-11-10--Liauw Fendy
13	0	app/controllers/users_controller.rb
1	1	app/views/users/_user.html.erb
2	2	app/views/users/_user_disabled_checkbox.html.erb
13	0	app/views/users/index.html.erb
13	0	capybara_features/manage_users.feature
1	1	capybara_features/step_definitions/database_steps.rb
6	0	capybara_features/step_definitions/more_web_steps.rb
3	3	features/manage_users.feature
4	3	features/step_definitions/more_web_steps.rb
4	4	features/support/paths.rb
103	1	public/javascripts/manage_users.js
18	5	spec/controllers/users_controller_spec.rb
5	4	spec/javascripts/fixtures/manage_users.html
67	15	spec/javascripts/manage_users.spec.js
1	0	spec/javascripts/support/jasmine.yml
50	0	spec/views/users/_user_disabled_checkbox.html.erb_spec.rb

--fef44aee--2011-11-09--Liauw Fendy
10	10	app/controllers/users_controller.rb
15	0	app/views/users/_user.html.erb
7	0	app/views/users/_user_disabled_checkbox.html.erb
9	0	app/views/users/_users_header.html.erb
8	0	app/views/users/_users_table.html.erb
2	30	app/views/users/index.html.erb
2	2	features/step_definitions/more_web_steps.rb
9	0	public/javascripts/manage_users.js
22	0	spec/javascripts/fixtures/manage_users.html
32	0	spec/javascripts/manage_users.spec.js
1	0	spec/javascripts/support/jasmine.yml