--e0e2023e--2011-05-24--zoodor
--e26ea4d5--2011-05-23--zoodor
20	17	spec/controllers/children_controller_spec.rb

--1b98a2f7--2011-05-23--zoodor
14	8	app/controllers/children_controller.rb
35	0	features/csv_export.feature

--8b90d873--2011-05-16--zoodor
2	1	app/controllers/children_controller.rb
16	16	features/view_child_record_log.feature
2	2	spec/views/histories/show.html.erb_spec.rb

--cc233062--2011-04-18--zoodor
16	1	spec/controllers/children_controller_spec.rb
1	0	spec/controllers/histories_controller_spec.rb
31	14	spec/views/histories/show.html.erb_spec.rb

--1cb3292f--2011-04-11--zoodor
7	3	app/controllers/children_controller.rb
11	0	features/admin_page_link.feature
35	0	features/pdf_export.feature
0	6	features/step_definitions/basic_steps.rb
12	0	features/step_definitions/more_web_steps.rb
9	0	features/step_definitions/pdf_steps.rb
1	4	features/view_child_record_log.feature

--38c07c42--2011-04-04--zoodor
2	2	app/views/histories/show.html.erb
6	2	features/view_child_record_log.feature

--08046119--2011-04-04--zoodor
1	0	app/controllers/histories_controller.rb
2	2	app/views/histories/show.html.erb
6	0	features/step_definitions/basic_steps.rb
26	0	features/view_child_record_log.feature

--9e8333ef--2011-03-28--zoodor
1	1	app/controllers/user_preferences_controller.rb
1	1	app/models/user.rb
1	1	app/views/home/index.html.erb

--6803e544--2011-03-28--zoodor
1	0	Gemfile
2	0	Gemfile.lock
18	0	app/controllers/home_controller.rb
12	0	app/controllers/user_preferences_controller.rb
3	0	app/helpers/home_helper.rb
1	0	app/models/user.rb
7	2	app/views/home/index.html.erb
1	0	config/routes.rb
3	3	features/step_definitions/basic_steps.rb
11	2	features/user_time_zones.feature

--4a5e75ec--2011-03-14--zoodor
4	0	app/views/home/index.html.erb
5	0	features/step_definitions/basic_steps.rb
6	0	features/user_time_zones.feature

--a25de164--2011-04-18--zoodor
16	3	spec/controllers/children_controller_spec.rb
1	0	spec/controllers/histories_controller_spec.rb
32	12	spec/views/histories/show.html.erb_spec.rb

--aab148a5--2011-04-11--zoodor
9	4	app/controllers/children_controller.rb
11	0	features/admin_page_link.feature
35	0	features/pdf_export.feature
0	6	features/step_definitions/basic_steps.rb
12	0	features/step_definitions/more_web_steps.rb
9	0	features/step_definitions/pdf_steps.rb
1	4	features/view_child_record_log.feature

--be7f2dac--2011-04-04--zoodor
2	2	app/views/histories/show.html.erb
6	2	features/view_child_record_log.feature

--76e28b7b--2011-04-04--zoodor
1	0	app/controllers/histories_controller.rb
2	2	app/views/histories/show.html.erb
6	0	features/step_definitions/basic_steps.rb
26	0	features/view_child_record_log.feature

--75f024c2--2011-03-28--zoodor
1	1	app/controllers/user_preferences_controller.rb
1	1	app/models/user.rb
1	1	app/views/home/index.html.erb

--3d904128--2011-03-28--zoodor
1	0	Gemfile
2	0	Gemfile.lock
18	0	app/controllers/home_controller.rb
12	0	app/controllers/user_preferences_controller.rb
3	0	app/helpers/home_helper.rb
1	0	app/models/user.rb
7	2	app/views/home/index.html.erb
1	0	config/routes.rb
3	3	features/step_definitions/basic_steps.rb
11	2	features/user_time_zones.feature

--859f0d1c--2011-03-14--zoodor
4	0	app/views/home/index.html.erb
6	0	features/step_definitions/basic_steps.rb
6	0	features/user_time_zones.feature