--b68cd90d--2011-02-07--chrisgeorge
--8114360e--2011-02-07--chrisgeorge
1	1	app/views/fields/_common.html.erb
15	0	features/edit_custom_fields.feature

--a4a59982--2011-02-07--chrisgeorge
18	0	app/views/fields/_common.html.erb

--a6139213--2011-02-07--chrisgeorge
1	1	app/controllers/fields_controller.rb
1	18	app/views/fields/_basic_form.html.erb
1	12	app/views/fields/_multiple_choice_form.html.erb
5	4	spec/controllers/fields_controller_spec.rb

--9128cf4e--2011-02-07--John D. Hume
1	1	lib/extensions/couchrest/custom_fields_validator.rb
1	1	spec/models/child_spec.rb

--ff2a9b3c--2011-02-07--chrisgeorge
2	1	app/controllers/fields_controller.rb
5	0	app/views/fields/_basic_form.html.erb
15	2	spec/controllers/fields_controller_spec.rb

--450c5aaf--2011-02-06--chrisgeorge
4	3	app/controllers/fields_controller.rb
31	15	spec/controllers/fields_controller_spec.rb

--1153981d--2011-02-05--rgan
1	0	app/models/child.rb
1	1	app/views/children/_date_field.html.erb
2	2	features/add_custom_field_to_form_section.feature
18	0	lib/extensions/couchrest/custom_fields_validator.rb
15	0	spec/models/child_spec.rb

--84ee231b--2011-02-04--Jen Smith
--97f40678--2011-02-03--dahlia
6	0	app/models/child.rb
1	3	app/views/children/show.html.erb
43	0	spec/models/child_spec.rb
25	5	spec/views/child/show.html.erb_spec.rb

--f17b4872--2011-01-31--dahlia
9	0	app/views/children/show.html.erb
32	0	spec/views/child/show.html.erb_spec.rb

--fdc6f231--2011-01-31--chrisgeorge
6	0	app/controllers/fields_controller.rb
34	4	spec/controllers/fields_controller_spec.rb

--069c041f--2011-01-31--John D. Hume
42	43	app/views/children/_audio_player.html.erb
10	10	app/views/children/show.html.erb

--1a13aa84--2011-01-18--Jen Smith
2	2	app/models/child.rb
0	3	app/views/children/_audio_player.html.erb
0	6	features/view_child.feature
1	10	spec/controllers/child_media_controller_spec.rb
4	3	spec/models/child_spec.rb

--fb92be84--2011-01-18--Jen Smith
21	0	app/views/children/_audio_player.html.erb
1	14	app/views/children/show.html.erb

--157a83e6--2011-01-15--Jen Smith
27	0	app/views/children/_audio_player.html.erb
19	2	app/views/children/show.html.erb
-	-	public/javascripts/Jplayer.swf
78	0	public/javascripts/jquery.jplayer.min.js
287	0	public/stylesheets/jplayer/jplayer.blue.monday.css
-	-	public/stylesheets/jplayer/jplayer.blue.monday.jpg