--8daef9fc--2010-12-04--Scott Robinson
--962c3af2--2010-12-04--Scott Robinson
12	4	app/views/fields/new_select_drop_down.html.erb
1	1	app/views/form_section/edit.html.erb
3	3	features/create_custom_fields.feature
3	0	public/stylesheets/core.css

--0f5f788d--2010-12-04--Francisco Trindade
--2f35e723--2010-12-04--Francisco Trindade
9	5	app/views/children/_errors.html.erb
2	2	app/views/children/edit.html.erb
1	5	app/views/children/new.html.erb

--a517b6b3--2010-12-04--Francisco Trindade
1	12	features/create_child_record.feature
40	26	public/javascripts/application.js

--b0fabf2b--2010-12-04--Francisco Trindade
5	0	app/views/children/_errors.html.erb
1	1	app/views/children/_numeric_field.html.erb
7	2	app/views/children/new.html.erb
1	0	app/views/layouts/application.html.erb
11	0	features/create_child_record.feature
7	1	features/step_definitions/basic_steps.rb
34	0	public/javascripts/application.js
16	0	public/javascripts/jquery.validate.min.js