--321740d8--2010-11-08--Zubair Khan
--364caaab--2010-11-06--Jen Smith
1	0	app/controllers/children_controller.rb
11	11	features/csv_export.feature
6	6	spec/controllers/children_controller_spec.rb

--9321b910--2010-11-06--Jen Smith
6	5	app/controllers/children_controller.rb
3	0	app/views/admin/index.html.erb
24	6	features/csv_export.feature
19	0	features/step_definitions/csv_steps.rb

--d5bf3c10--2010-11-01--Francisco Trindade
17	13	app/controllers/children_controller.rb
2	0	features/basic_search.feature
4	0	features/step_definitions/basic_steps.rb
10	0	spec/controllers/children_controller_spec.rb

--36e0de8e--2010-10-27--Francisco Trindade
1	1	app/controllers/children_controller.rb
7	5	app/models/summary.rb
4	2	spec/controllers/children_controller_spec.rb
14	0	spec/models/summary_spec.rb

--393838bd--2010-10-26--Francisco Trindade
15	37	spec/controllers/children_controller_spec.rb

--40259815--2010-10-26--Francisco Trindade
9	4	app/controllers/children_controller.rb
2	0	app/views/children/advanced_search.html.erb
5	1	spec/controllers/children_controller_spec.rb

--fcbdc255--2010-10-26--Francisco Trindade
26	0	spec/controllers/children_controller_spec.rb

--fc72478f--2010-10-26--Francisco Trindade
14	0	app/models/advanced_search.rb
25	0	spec/models/advanced_search_spec.rb

--c8b9e1e6--2010-10-25--Francisco Trindade
5	2	app/controllers/children_controller.rb
2	0	app/views/children/search.html.erb
6	0	features/basic_search.feature
4	0	features/step_definitions/basic_steps.rb
21	1	spec/controllers/children_controller_spec.rb

--837c8695--2010-10-25--Francisco Trindade
2	1	app/models/child.rb
1	0	app/models/search.rb
13	8	spec/models/child_spec.rb
10	0	spec/models/search_spec.rb

--bba4319c--2010-10-24--Francisco Trindade
4	1	app/controllers/children_controller.rb
36	27	spec/controllers/children_controller_spec.rb

--f230bddf--2010-10-24--Francisco Trindade
2	1	app/models/child.rb
18	13	spec/models/child_spec.rb

--4464be49--2010-10-24--Francisco Trindade
12	0	app/models/search.rb
10	0	spec/models/search_spec.rb

--9c4df9ff--2010-10-24--Francisco Trindade
0	4	app/controllers/children_controller.rb