--bf92b2fd--2010-10-05--Zubair Khan
--3686ed88--2010-09-20--tcochran
2	4	app/controllers/children_controller.rb
3	1	app/models/child.rb
16	0	lib/tasks/sunspot.rake
14	4	spec/models/child_spec.rb

--478327f0--2010-10-02--Tom Elkin
8	1	app/controllers/child_media_controller.rb
1	0	config/routes.rb
-	-	features/resources/jorge-300x300.jpg
14	0	spec/controllers/child_media_controller_spec.rb
4	0	spec/spec_helper.rb

--5fc88b3e--2010-10-03--Zubair Khan
1	1	.gitignore
6	4	app/controllers/children_controller.rb
23	0	app/models/child.rb
7	7	app/views/children/search.html.erb
20	0	features/back_to_results_child_record.feature
4	6	features/basic_search.feature
2	0	features/support/reset_couchdb.rb
6	0	public/stylesheets/core.css
18	19	spec/controllers/children_controller_spec.rb
111	0	spec/integration/solar_spec.rb
54	0	spec/models/child_spec.rb

--6714ebc2--2010-10-03--Zubair Khan
49	0	app/models/searchable.rb

--7f895f4f--2010-10-03--Zubair Khan
1	1	features/step_definitions/api_steps.rb
1	1	spec/controllers/child_ids_controller_spec.rb

--185ea961--2010-10-03--Zubair Khan
1	0	Gemfile
7	0	Gemfile.lock