--fb31e4c6--2014-10-03--ctumwebaze
--ddd26511--2014-10-02--Charles Tumwebaze
9	3	app/controllers/potential_matches_controller.rb
14	9	app/models/child.rb
29	7	app/models/enquiry.rb
39	16	app/views/enquiries/_potential_matches.html.erb
1	0	config/locales/en.yml
20	0	features/enquiry_potential_matches.feature
8	10	spec/models/child_spec.rb
110	37	spec/models/enquiry_spec.rb
3	0	spec/models/potential_match_spec.rb

--d156fd87--2014-10-02--mwangiann
--73195e6c--2014-10-02--Ann Mwangi
2	1	app/models/ability.rb
10	0	spec/models/ability_spec.rb

--18606a02--2014-10-01--Charles Tumwebaze
0	1	app/models/enquiry.rb
17	11	app/models/potential_match.rb
16	0	spec/models/child_spec.rb

--f453342f--2014-10-01--Charles Tumwebaze
1	1	app/controllers/potential_matches_controller.rb
12	1	app/models/child.rb
25	10	app/models/enquiry.rb
66	8	app/models/potential_match.rb
5	4	spec/models/child_spec.rb
75	14	spec/models/enquiry_spec.rb
26	9	spec/models/potential_match_spec.rb