--3fbbe838e7--2010-09-27--friflaj
--d1e1ff2be8--2010-09-26--Mark Maglana
2	2	assets/javascripts/backlog.js
4	4	assets/stylesheets/rb_default/master_backlog.css

--acf6c9cc4c--2010-09-25--Mark Maglana
7	5	assets/javascripts/master_backlog.js

--a1028f00bc--2010-09-24--Mark Maglana
7	0	assets/javascripts/master_backlog.js
6	10	assets/stylesheets/rb_default/master_backlog.css

--2a51c84098--2010-09-23--friflaj
2	1	app/views/rb_master_backlogs/_menu.html.erb

--10bafc30fd--2010-09-21--Mark Maglana
4	2	assets/stylesheets/rb_default/master_backlog.css

--2382f3d0fc--2010-09-19--friflaj
7	2	features/team_member.feature

--b7ecbde155--2010-09-19--Mark Maglana
1	1	features/step_definitions/_then_steps.rb

--adb37cb2f8--2010-09-18--friflaj
5	0	features/step_definitions/_then_steps.rb
31	1	features/team_member.feature
8	0	lib/backlogs_issue_patch.rb

--521b4cf5fe--2010-09-18--friflaj
1	1	app/controllers/rb_application_controller.rb
7	7	app/helpers/rb_common_helper.rb
2	2	app/helpers/rb_master_backlogs_helper.rb
2	4	app/models/sprint.rb
4	4	app/models/story.rb
2	2	app/models/task.rb
1	1	app/views/rb_stories/_story.html.erb
2	2	app/views/rb_taskboards/show.html.erb
1	1	app/views/rb_tasks/_task.html.erb
2	2	app/views/rb_tasks/index.html.erb
1	1	lib/backlogs_issue_patch.rb
8	8	lib/backlogs_project_patch.rb
1	1	lib/backlogs_query_patch.rb
1	1	lib/cards.rb

--9289c5f803--2010-09-18--friflaj
2521	0	lib/labels.yaml.default
8	1	lib/tasks/install.rake

--7a3515524e--2010-09-18--friflaj
11	8	lib/tasks/install.rake

--b5cfc0ca99--2010-09-17--friflaj
56	22	lib/cards.rb
2	2	lib/tasks/install.rake

--95bb4fb809--2010-09-17--friflaj
12	0	lib/cards.rb
-	-	lib/ttf/DejaVuSans-Bold.ttf
-	-	lib/ttf/DejaVuSans-BoldOblique.ttf
-	-	lib/ttf/DejaVuSans-ExtraLight.ttf
-	-	lib/ttf/DejaVuSans-Oblique.ttf
-	-	lib/ttf/DejaVuSans.ttf
-	-	lib/ttf/DejaVuSansCondensed-Bold.ttf
-	-	lib/ttf/DejaVuSansCondensed-BoldOblique.ttf
-	-	lib/ttf/DejaVuSansCondensed-Oblique.ttf
-	-	lib/ttf/DejaVuSansCondensed.ttf
-	-	lib/ttf/DejaVuSansMono-Bold.ttf
-	-	lib/ttf/DejaVuSansMono-BoldOblique.ttf
-	-	lib/ttf/DejaVuSansMono-Oblique.ttf
-	-	lib/ttf/DejaVuSansMono.ttf
-	-	lib/ttf/DejaVuSerif-Bold.ttf
-	-	lib/ttf/DejaVuSerif-BoldItalic.ttf
-	-	lib/ttf/DejaVuSerif-Italic.ttf
-	-	lib/ttf/DejaVuSerif.ttf
-	-	lib/ttf/DejaVuSerifCondensed-Bold.ttf
-	-	lib/ttf/DejaVuSerifCondensed-BoldItalic.ttf
-	-	lib/ttf/DejaVuSerifCondensed-Italic.ttf
-	-	lib/ttf/DejaVuSerifCondensed.ttf

--c7c74f61f4--2010-09-17--Mark Maglana
2	1	assets/stylesheets/rb_default/master_backlog.css

--a541358d3e--2010-09-17--Mark Maglana
2	0	assets/stylesheets/rb_default/master_backlog.css

--6a55a4d639--2010-09-17--Mark Maglana
0	1	assets/stylesheets/rb_default/master_backlog.css

--2fb46e7ee2--2010-09-16--Mark Maglana
89	0	config/locales/zh.yml

--5638240fca--2010-09-16--Mark Maglana
1	3	app/views/rb_master_backlogs/_backlog.html.erb
1	1	assets/stylesheets/rb_default/master_backlog.css