--c4a2ac2c4--2014-08-18--Parker Moore
--e8f227291--2014-08-17--Parker Moore
1	0	History.markdown

--be7402996--2014-08-17--Parker Moore
--74c812b56--2014-08-17--Alfred Xing
1	1	site/_docs/plugins.md

--8959ec448--2014-08-17--Parker Moore
1	0	History.markdown

--034b3e94a--2014-08-17--Parker Moore
--ce37de30a--2014-08-17--Parker Moore
2	0	History.markdown

--f7a4cdbf2--2014-08-17--Parker Moore
--133463235--2014-08-17--Minn Soe
1	1	site/_docs/collections.md

--5d6743861--2014-08-17--Zhuochun
1	0	site/_docs/plugins.md

--cccfda7de--2014-08-17--James Smith
1	1	lib/jekyll/site.rb

--4fb022ce3--2014-08-16--Parker Moore
1	0	History.markdown

--9d4c3fbbd--2014-08-16--Parker Moore
--5931b80ef--2014-08-16--Parker Moore
2	0	History.markdown

--7b09a80dc--2014-08-16--Parker Moore
--866935dad--2014-08-16--James Smith
1	1	lib/jekyll/site.rb

--3a8992314--2014-08-16--James Smith
1	1	History.markdown

--687176e22--2014-08-16--James Smith
2	0	History.markdown
14	0	features/data.feature
8	2	lib/jekyll/site.rb

--166298e3f--2014-08-14--Pat Hawks
0	3	site/_docs/plugins.md

--f2b9154fa--2014-08-14--Ruslan Korolev
1	1	jekyll.gemspec