--01c09fd7f--2014-05-10--Parker Moore
--53b2e1372--2014-05-09--Parker Moore
2	0	History.markdown

--aee7d7327--2014-05-09--Parker Moore
--03291eb5f--2014-05-09--Alberto Grespan
1	1	.travis.yml

--56b64d688--2014-05-09--Matt Rogers
1	0	History.markdown

--50065a278--2014-05-09--Matt Rogers
--1315112ab--2014-05-09--Ben Balter
1	1	site/docs/datafiles.md

--d3f9da764--2014-05-09--Ben Balter
2	2	site/docs/datafiles.md

--5129a3ccc--2014-05-09--Ben Balter
12	1	features/data.feature
12	0	test/source/_data/members.json
10	0	test/test_site.rb

--bf3a20b2d--2014-05-09--Ben Balter
1	1	lib/jekyll/site.rb

--fb523722b--2014-05-09--Anatol Broder
6	6	lib/jekyll/filters.rb

--ab3aaebe6--2014-05-09--Anatol Broder
1	2	test/source/_methods/site/initialize.md

--5dcd84b71--2014-05-09--Anatol Broder
24	0	features/collections.feature

--6c48e9bbd--2014-05-08--Anatol Broder
1	2	features/collections.feature

--7f1b916f3--2014-05-08--Anatol Broder
1	1	features/collections.feature

--df3c163ee--2014-05-08--Anatol Broder
9	17	lib/jekyll/filters.rb

--d96f39360--2014-05-08--Anatol Broder
1	1	lib/jekyll/filters.rb

--fd1778203--2014-05-08--Anatol Broder
1	1	lib/jekyll/filters.rb

--9ba89b9ab--2014-05-08--Anatol Broder
1	0	lib/jekyll/filters.rb

--d8e68bc0e--2014-05-08--Anatol Broder
1	2	features/collections.feature

--9f6965c1b--2014-05-08--Anatol Broder
2	1	features/collections.feature

--ae7e48547--2014-05-07--Anatol Broder
13	3	lib/jekyll/filters.rb