--9db5a1a6c--2014-04-21--Parker Moore
--49c0f9ccc--2014-04-20--Parker Moore
2	1	History.markdown

--8389e78ff--2014-04-20--Parker Moore
--6ba375401--2014-04-20--Matt Sheehan
1	0	site/docs/plugins.md

--3c94b4d40--2014-04-19--Parker Moore
1	0	History.markdown

--5b5065d29--2014-04-19--Parker Moore
--4da060ca5--2014-04-19--Parker Moore
1	0	History.markdown

--702d5520d--2014-04-19--Parker Moore
--fae267f72--2014-04-19--Miha Rekar
1	1	CONTRIBUTING.markdown

--1e16ab4d2--2014-04-19--Parker Moore
1	1	test/test_filters.rb

--e91a90899--2014-04-18--Ben Balter
1	1	test/test_filters.rb

--fa9c93377--2014-04-18--Parker Moore
1	0	History.markdown

--810c160e4--2014-04-18--Parker Moore
--b07835b35--2014-04-18--Geoff Shannon
2	2	site/docs/posts.md

--4f7b1f330--2014-04-18--Ben Balter
1	1	test/test_filters.rb

--6f0bebdfd--2014-04-18--Ben Balter
1	1	lib/jekyll/filters.rb
4	0	test/test_filters.rb

--1c8fef69a--2014-04-18--Geoff Shannon
3	3	site/docs/posts.md

--0b0d3b43a--2014-04-18--Geoff Shannon
9	0	site/docs/posts.md

--22f7380ab--2014-04-15--Matt Rogers
5	5	features/frontmatter_defaults.feature

--571fb95cc--2014-04-15--Parker Moore
1	1	lib/jekyll/site.rb

--29fdc0946--2014-04-15--Parker Moore
1	1	lib/jekyll/site.rb

--5d6a07e06--2014-04-14--Parker Moore
0	2	site/docs/collections.md

--b0cf02298--2014-04-14--Parker Moore
1	1	lib/jekyll/version.rb

--2a9c1a2cd--2014-04-14--Parker Moore
1	0	History.markdown

--cb4a7a52d--2014-04-14--Parker Moore
--5a6f1d42a--2014-04-14--Parker Moore
1	1	features/support/env.rb
1	0	lib/jekyll/collection.rb

--696aea211--2014-04-14--Parker Moore
11	0	lib/jekyll/collection.rb

--ee29bf393--2014-04-14--Parker Moore
1	34	site/docs/collections.md

--a1af95c34--2014-04-14--Parker Moore
2	4	lib/jekyll/renderer.rb
4	4	lib/jekyll/site.rb

--ad7efb23e--2014-04-06--Parker Moore
1	1	lib/jekyll/collection.rb
6	7	lib/jekyll/document.rb
1	1	lib/jekyll/renderer.rb

--af61451f8--2014-04-06--Parker Moore
2	2	lib/jekyll/site.rb

--2f99e1d5c--2014-04-06--Parker Moore
4	2	test/test_collections.rb

--62551b5ff--2014-04-06--Parker Moore
17	8	lib/jekyll/site.rb

--aa502348e--2014-04-06--Parker Moore
29	13	lib/jekyll/collection.rb
2	2	lib/jekyll/document.rb
5	0	test/source/_methods/_do_not_read_me.md
5	0	test/source/_methods/site/_dont_include_me_either.md
16	2	test/test_collections.rb

--323ea0ef7--2014-04-06--Parker Moore
4	1	lib/jekyll/entry_filter.rb

--f0e68d7d8--2014-04-05--Parker Moore
4	4	features/collections.feature
1	4	lib/jekyll/collection.rb
7	0	lib/jekyll/document.rb
7	5	lib/jekyll/site.rb

--00ca09a2e--2014-04-04--Parker Moore
64	1	lib/jekyll/document.rb

--a307aff85--2014-04-04--Parker Moore
3	3	lib/jekyll/document.rb

--5ae1c3485--2014-04-04--Parker Moore
43	0	lib/jekyll/collection.rb

--45120ad3e--2014-04-04--Parker Moore
31	1	test/test_collections.rb

--be769dcf0--2014-04-03--Parker Moore
5	1	lib/jekyll/collection.rb
26	14	test/test_collections.rb

--d84cde1f7--2014-04-03--Parker Moore
101	0	site/docs/collections.md

--aa2fb685d--2014-04-03--Ben Balter
14	4	site/docs/collections.md

--77bb678a3--2014-04-02--Parker Moore
1	0	site/_data/docs.yml
48	0	site/docs/collections.md
1	1	site/docs/datafiles.md
1	1	site/docs/variables.md

--37a7236e2--2014-04-02--Parker Moore
16	2	features/collections.feature
2	1	lib/jekyll/renderer.rb
8	14	lib/jekyll/site.rb
2	1	test/source/_methods/site/generate.md
1	1	test/test_collections.rb
4	1	test/test_document.rb

--a15a58413--2014-04-02--Parker Moore
5	1	lib/jekyll/site.rb

--75f49a751--2014-04-02--Parker Moore
1	1	features/collections.feature
1	0	lib/jekyll.rb
5	3	lib/jekyll/cleaner.rb
5	1	lib/jekyll/collection.rb
61	3	lib/jekyll/document.rb
133	0	lib/jekyll/renderer.rb
33	7	lib/jekyll/site.rb
2	2	lib/jekyll/url.rb
38	0	script/console

--7fef0302a--2014-04-02--Parker Moore
1	1	features/collections.feature

--f082eca79--2014-04-02--Parker Moore
24	0	features/collections.feature
12	3	features/step_definitions/jekyll_steps.rb
5	0	features/support/env.rb
11	0	lib/jekyll/collection.rb
4	0	lib/jekyll/document.rb
2	1	lib/jekyll/site.rb

--c1c5cc78a--2014-04-01--Parker Moore
6	6	test/test_site.rb

--cefe99bed--2014-04-01--Parker Moore
1	1	lib/jekyll/collection.rb
5	0	lib/jekyll/document.rb

--90807ac6e--2014-04-01--Parker Moore
1	0	lib/jekyll/collection.rb
5	1	lib/jekyll/document.rb
3	10	lib/jekyll/site.rb
1	1	test/source/_methods/um_hi.md
45	0	test/test_document.rb

--08162dbb5--2014-04-01--Parker Moore
5	1	lib/jekyll/site.rb

--50b46d7be--2014-04-01--Parker Moore
1	0	lib/jekyll.rb
33	0	lib/jekyll/collection.rb
1	0	lib/jekyll/configuration.rb
10	5	lib/jekyll/document.rb
17	3	lib/jekyll/site.rb
8	0	test/source/_methods/configuration.md
5	0	test/source/_methods/sanitized_path.md
5	0	test/source/_methods/site/generate.md
5	0	test/source/_methods/site/initialize.md
1	0	test/source/_methods/um_hi.md
71	0	test/test_collections.rb

--a77c92aeb--2014-04-01--Parker Moore
1	0	lib/jekyll.rb
83	0	lib/jekyll/document.rb
1	1	lib/jekyll/site.rb
6	6	test/test_site.rb

--f0d4fefb6--2014-04-14--Matt Rogers
1	0	History.markdown

--6be33cf6e--2014-04-14--Matt Rogers
--91aa8e763--2014-04-14--Parker Moore
0	17	test/test_site.rb

--3f03c7a9d--2014-04-14--Parker Moore
1	0	History.markdown

--4f66db6c3--2014-04-14--Parker Moore
--658f41840--2014-04-14--Ben Balter
1	1	test/test_site.rb

--b666ac787--2014-04-11--Ben Balter
1	1	lib/jekyll/site.rb

--387cf2181--2014-04-11--Ben Balter
1	1	lib/jekyll/site.rb

--5068be3c2--2014-04-08--Parker Moore
1	0	History.markdown

--02c668fa5--2014-04-08--Parker Moore
--89b3bec1b--2014-04-08--szymzet
17	0	test/test_command.rb

--77d938065--2014-04-08--Parker Moore
1	0	History.markdown

--ecc6bbb02--2014-04-08--Parker Moore
--09da54414--2014-04-07--Jeff Kolesky
1	0	site/docs/plugins.md

--2804e0890--2013-09-10--maul.esel
3	0	features/create_sites.feature
0	10	test/test_post.rb

--199728144--2014-04-07--maul.esel
6	0	features/create_sites.feature
2	3	features/step_definitions/jekyll_steps.rb

--46a5ab99f--2013-09-02--maul.esel
1	1	lib/jekyll/site.rb

--3a330dc7f--2014-04-07--maul.esel
5	3	lib/jekyll/site.rb
2	2	test/test_post.rb

--26663a6cf--2014-04-07--maul.esel
1	0	lib/jekyll.rb
21	0	lib/jekyll/publisher.rb

--91e9ecfa6--2014-04-07--maul.esel
1	0	lib/jekyll/command.rb
1	0	lib/jekyll/configuration.rb
2	2	lib/jekyll/site.rb

--eded314bb--2013-09-02--maul.esel
8	0	features/create_sites.feature

--6c0f40385--2014-04-06--Ben Balter
2	0	test/source/pgp.key
1	0	test/test_generated_site.rb
10	0	test/test_site.rb

--75854b5d0--2014-04-06--Parker Moore
1	0	History.markdown

--b4a669ad7--2014-04-06--Parker Moore
--5f2709b41--2014-04-06--Parker Moore
1	0	History.markdown

--c345dcdbc--2014-04-06--Parker Moore
--fec6b5995--2014-04-06--Marcus Stollsteimer
4	4	features/step_definitions/jekyll_steps.rb
1	1	lib/jekyll/commands/serve.rb
1	1	lib/jekyll/layout_reader.rb
1	1	lib/jekyll/site.rb
1	1	test/test_coffeescript.rb
3	3	test/test_generated_site.rb
4	4	test/test_new_command.rb
9	9	test/test_page.rb
4	4	test/test_post.rb

--e15fb54cc--2014-04-06--XhmikosR
-	-	site/favicon.ico

--823c863a5--2014-04-05--Ben Balter
1	1	lib/jekyll/site.rb

--955dc3840--2014-04-05--Parker Moore
1	1	lib/jekyll/convertible.rb

--c0358cb7b--2014-04-04--Parker Moore
0	1	site/docs/plugins.md

--51bb98c03--2014-04-04--Parker Moore
1	0	History.markdown

--09c6ff4f9--2014-04-04--Parker Moore
0	2	lib/jekyll/post.rb