--6be33cf6e--2014-04-14--Matt Rogers
--91aa8e763--2014-04-14--Parker Moore
0	17	test/test_site.rb

--3f03c7a9d--2014-04-14--Parker Moore
1	0	History.markdown

--4f66db6c3--2014-04-14--Parker Moore
--658f41840--2014-04-14--Ben Balter
1	1	test/test_site.rb

--b666ac787--2014-04-11--Ben Balter
1	1	lib/jekyll/site.rb

--387cf2181--2014-04-11--Ben Balter
1	1	lib/jekyll/site.rb

--5068be3c2--2014-04-08--Parker Moore
1	0	History.markdown

--02c668fa5--2014-04-08--Parker Moore
--89b3bec1b--2014-04-08--szymzet
17	0	test/test_command.rb

--77d938065--2014-04-08--Parker Moore
1	0	History.markdown

--ecc6bbb02--2014-04-08--Parker Moore
--09da54414--2014-04-07--Jeff Kolesky
1	0	site/docs/plugins.md

--2804e0890--2013-09-10--maul.esel
3	0	features/create_sites.feature
0	10	test/test_post.rb

--199728144--2014-04-07--maul.esel
6	0	features/create_sites.feature
2	3	features/step_definitions/jekyll_steps.rb

--46a5ab99f--2013-09-02--maul.esel
1	1	lib/jekyll/site.rb

--3a330dc7f--2014-04-07--maul.esel
5	3	lib/jekyll/site.rb
2	2	test/test_post.rb

--26663a6cf--2014-04-07--maul.esel
1	0	lib/jekyll.rb
21	0	lib/jekyll/publisher.rb

--91e9ecfa6--2014-04-07--maul.esel
1	0	lib/jekyll/command.rb
1	0	lib/jekyll/configuration.rb
2	2	lib/jekyll/site.rb

--eded314bb--2013-09-02--maul.esel
8	0	features/create_sites.feature

--6c0f40385--2014-04-06--Ben Balter
2	0	test/source/pgp.key
1	0	test/test_generated_site.rb
10	0	test/test_site.rb

--823c863a5--2014-04-05--Ben Balter
1	1	lib/jekyll/site.rb