--dd3018ce0--2014-02-08--Parker Moore
--22f2001ff--2014-01-25--Parker Moore
3	3	features/markdown.feature
7	1	lib/jekyll/configuration.rb
1	1	site/docs/configuration.md
2	2	test/source/_includes/sig.markdown
2	2	test/test_configuration.rb
1	1	test/test_excerpt.rb
1	1	test/test_filters.rb
2	2	test/test_post.rb
14	13	test/test_tags.rb

--2e2563fab--2014-02-08--Parker Moore
1	0	History.markdown

--41401ef12--2014-02-08--Parker Moore
--71b225782--2014-02-08--Parker Moore
1	0	History.markdown

--00ac5ff3d--2014-02-08--Parker Moore
--a63e62f64--2014-02-08--Parker Moore
1	0	History.markdown

--8f3e3e04d--2014-02-08--Parker Moore
--c36a6d3e0--2014-02-06--Matt Rogers & Persa Zula
30	30	lib/jekyll/layout_reader.rb

--833b40095--2014-02-06--Matt Rogers & Persa Zula
2	2	lib/jekyll/layout_reader.rb

--fd92820b0--2014-02-06--Matt Rogers & Persa Zula
1	9	lib/jekyll/site.rb

--facf115c0--2014-02-06--Matt Rogers & Persa Zula
17	0	test/test_layout_reader.rb
0	5	test/test_site.rb

--70ecef009--2013-11-10--Matt Rogers
8	7	lib/jekyll/layout_reader.rb

--c5b81d580--2013-11-10--Matt Rogers
27	9	lib/jekyll/layout_reader.rb

--f581940c7--2013-11-05--Matt Rogers
1	0	lib/jekyll.rb
21	0	lib/jekyll/layout_reader.rb
1	9	lib/jekyll/site.rb

--67a54547e--2014-02-05--Jashank Jeremy
5	6	site/docs/usage.md

--5dc7a6c7b--2014-02-04--Adam Heckler
5	2	site/docs/troubleshooting.md

--95a2c74f1--2014-02-05--Jashank Jeremy
12	0	site/docs/usage.md

--182a49fcf--2014-02-04--Parker Moore
1	0	History.markdown

--5849da358--2014-02-04--Parker Moore
--ed12ad930--2014-02-04--Anatol Broder
2	2	site/_layouts/news_item.html

--272ba86ae--2014-02-03--Parker Moore
--f8d6ff42f--2014-02-04--Jashank Jeremy
10	6	jekyll.gemspec

--1e6847c43--2014-01-31--Matt Rogers
1	0	History.markdown

--5edb4c6bf--2014-01-31--Matt Rogers
--780485a98--2014-01-31--Matt Rogers
--37dbc646a--2014-01-31--Matt Rogers
1	0	History.markdown

--1470a8a99--2014-01-31--Matt Rogers
1	0	History.markdown

--8e758f1e4--2014-01-31--Matt Rogers
--e940afdf0--2014-01-31--Parker Moore
2	0	site/docs/plugins.md

--03ba5d8d1--2014-01-31--Parker Moore
1	0	History.markdown

--901fd31a3--2014-01-30--Parker Moore
--49b7fdb62--2014-01-31--Parker Moore
0	1	Gemfile

--669cc496c--2014-01-30--Matt Rogers
1	0	History.markdown

--2b973468b--2014-01-30--Matt Rogers
--645baf335--2014-01-29--Ryan Morrissey
4	0	site/docs/plugins.md

--9bd160dd8--2014-01-28--Parker Moore
1	0	Gemfile

--1d014edca--2014-01-28--Parker Moore
1	0	History.markdown

--0c6d798dc--2014-01-28--Parker Moore
--dbd3d15f2--2014-01-28--Parker Moore
1	0	History.markdown

--088a1db74--2014-01-28--Parker Moore
--a02123bee--2014-01-28--Ryan Morrissey
1	0	site/docs/plugins.md

--2d6bd741d--2014-01-28--Ryan Morrissey
1	0	site/docs/plugins.md

--c9a732c4f--2014-01-26--Parker Moore
2	0	History.markdown

--aa6cee83a--2014-01-26--Parker Moore
--509e2181d--2014-01-26--Aziz Shamim
19	9	lib/jekyll/mime.types

--fdbfd719c--2014-01-25--Parker Moore
2	2	.travis.yml
1	0	Gemfile
1	0	jekyll.gemspec
3	0	lib/jekyll.rb
10	0	test/source/js/coffeescript.coffee
49	0	test/test_coffeescript.rb
1	1	test/test_filters.rb
1	1	test/test_site.rb

--fafacef0a--2014-01-23--Dan Tao
5	0	test/test_configuration.rb

--4f0b1bdf6--2014-01-23--Dan Tao
1	1	lib/jekyll.rb
1	1	lib/jekyll/configuration.rb
1	1	lib/jekyll/convertible.rb
1	1	lib/jekyll/site.rb
11	11	test/test_configuration.rb
3	3	test/test_site.rb