--012387396--2013-12-30--Matt Rogers
--47e4e8105--2013-12-30--Matt Rogers
1	0	History.markdown

--a2fd8ba7c--2013-12-30--Matt Rogers
--7c276c6f6--2013-12-30--Parker Moore
1	0	History.markdown

--a8a7f032e--2013-12-30--Parker Moore
--dd919751a--2013-12-30--Christoph Hochstrasser
1	1	jekyll.gemspec

--ac9bca80c--2013-12-30--Parker Moore
1	0	History.markdown

--a50a858c8--2013-12-30--Parker Moore
--1da8f04aa--2013-12-30--Meeka
6	5	test/test_excerpt.rb

--9652b7ef8--2013-12-30--Meeka
11	0	test/test_excerpt.rb

--3a0733deb--2013-12-30--Meeka
30	0	test/test_excerpt.rb

--3744e7012--2013-12-28--Parker Moore
1	1	jekyll.gemspec

--194109d67--2013-12-28--Parker Moore
1	0	History.markdown

--3e4d47c21--2013-12-28--Parker Moore
--9d5683dc7--2013-12-28--Ivan Tse
1	1	jekyll.gemspec

--da8571bee--2013-12-26--Parker Moore
1	0	History.markdown

--c53e8dbd6--2013-12-26--Parker Moore
--d2314d360--2013-12-26--Parker Moore
1	1	jekyll.gemspec

--7093d3aa8--2013-12-26--Parker Moore
2	0	History.markdown

--5f2e8b8ae--2013-12-25--Parker Moore
--0e444b784--2013-09-12--maul.esel
2	2	bin/jekyll

--a2853456b--2013-12-26--Parker Moore
1	0	History.markdown

--791c6d815--2013-12-25--Parker Moore
--46e47e671--2013-12-26--Parker Moore
1	0	History.markdown

--1a3a607fc--2013-12-25--Parker Moore
--92c3d6d3f--2013-12-26--Parker Moore
1	0	History.markdown

--6e8f31f40--2013-12-25--Parker Moore
--a60852df1--2013-12-25--Parker Moore
--fbf2b5734--2013-12-26--Parker Moore
1	0	History.markdown

--ebaa48429--2013-12-25--Parker Moore
--0ebec0b03--2013-12-26--Parker Moore
1	0	History.markdown

--5c4831af4--2013-12-25--Parker Moore
--58ae13794--2013-12-26--Parker Moore
1	1	site/_posts/2013-07-24-jekyll-1-1-1-released.markdown
5	8	site/docs/history.md

--88612bf7c--2013-12-26--Parker Moore
38	2	site/docs/extras.md

--ab95cca43--2013-12-26--Parker Moore
8	0	lib/jekyll/converters/markdown.rb

--7b9984699--2013-12-26--Parker Moore
1	1	lib/jekyll/converters/markdown.rb

--60b43104e--2013-12-26--Parker Moore
6	1	lib/jekyll/converters/markdown.rb

--a206dc1a8--2013-12-25--Jordon Bedwell
1	1	lib/jekyll/converters/markdown.rb

--c70350e27--2013-12-25--Parker Moore
--31bebf0f9--2013-12-25--Garen Torikian
2	2	lib/jekyll/converters/markdown.rb

--c759a7a75--2013-06-15--Jordon
15	13	lib/jekyll/converters/markdown.rb
46	0	test/test_site.rb

--626d54a81--2013-06-15--Jordon
1	1	lib/jekyll/converters/markdown.rb

--4d017b4fe--2013-06-15--Jordon
2	2	lib/jekyll/converters/markdown.rb

--036cbda2f--2013-12-25--Robin Dupret
1	1	jekyll.gemspec
13	2	lib/jekyll/converters/markdown/redcarpet_parser.rb

--1550c6027--2013-12-24--Parker Moore
1	0	History.markdown

--9d5785cea--2013-12-24--Parker Moore
--169e526f2--2013-12-24--Parker Moore
1	0	History.markdown

--ec68acf95--2013-12-24--Parker Moore
--5491da951--2013-12-24--Philip Poots
1	1	site/docs/plugins.md

--88686e759--2013-12-23--Colin Dean
1	0	lib/jekyll/convertible.rb

--5647a902d--2013-12-23--Robin Dupret
0	1	features/site_configuration.feature

--3ca2cb011--2013-12-23--Robin Dupret
1	1	lib/jekyll/configuration.rb
2	1	lib/jekyll/deprecator.rb
4	3	site/docs/installation.md
2	2	site/docs/posts.md

--cab9047de--2013-12-22--Robin Dupret
4	2	lib/jekyll/tags/highlight.rb

--42aef79ab--2013-12-22--Parker Moore
1	0	History.markdown

--3d09b144f--2013-12-22--Parker Moore
--9d7c52453--2013-12-22--Aidan Feldman
1	1	test/test_site.rb

--fa8618879--2013-12-22--Aidan Feldman
--e17f997e7--2013-12-22--Philip Poots
2	2	site/docs/plugins.md

--bd442680e--2013-12-22--Robin Dupret
5	6	lib/jekyll/converters/markdown/redcarpet_parser.rb

--4bf716c2a--2013-12-22--Robin Dupret
4	1	lib/jekyll/configuration.rb
11	5	test/test_configuration.rb

--0831d2b0f--2013-12-22--Robin Dupret
3	2	History.markdown
8	0	features/site_configuration.feature
1	0	jekyll.gemspec
23	3	lib/jekyll/converters/markdown/redcarpet_parser.rb
18	0	lib/jekyll/tags/highlight.rb
1	1	site/_config.yml
3	3	site/docs/configuration.md
3	3	site/docs/installation.md
2	2	site/docs/posts.md
12	5	site/docs/templates.md
2	2	site/docs/troubleshooting.md
16	0	test/test_redcarpet.rb

--92064134d--2013-12-22--Robin Dupret
1	0	History.markdown
8	1	lib/jekyll/configuration.rb
16	16	lib/jekyll/converter.rb
2	2	lib/jekyll/converters/markdown.rb
2	1	lib/jekyll/converters/markdown/redcarpet_parser.rb
2	2	lib/jekyll/converters/textile.rb
2	2	lib/jekyll/convertible.rb
1	2	lib/jekyll/deprecator.rb
2	2	lib/jekyll/site.rb
6	4	lib/jekyll/tags/highlight.rb
1	1	lib/site_template/_config.yml
3	3	test/test_redcarpet.rb
3	3	test/test_tags.rb

--903cce274--2013-12-22--Robin Dupret
1	0	History.markdown
4	3	features/site_configuration.feature

--2bfafb3b3--2013-12-22--Aidan Feldman
5	1	lib/jekyll/convertible.rb
3	1	lib/jekyll/page.rb
1	0	lib/jekyll/post.rb
11	0	test/source/_posts/2013-12-20-properties.text
8	0	test/source/properties.html
1	1	test/test_filters.rb
1	1	test/test_generated_site.rb
23	0	test/test_page.rb
28	0	test/test_post.rb
1	1	test/test_site.rb

--c2b750448--2013-12-19--Aidan Feldman
9	0	lib/jekyll/convertible.rb

--c29ffb9dd--2013-12-19--Parker Moore
4	7	site/docs/history.md

--412fe8b8d--2013-12-19--Jens Nazarenus
1	3	site/docs/templates.md

--10ee83d68--2013-12-19--Jens Nazarenus
2	2	lib/jekyll/tags/include.rb

--f9ffbe0d6--2013-12-19--Jens Nazarenus
4	5	test/source/_posts/2013-12-17-include-variable-filters.markdown
1	2	test/test_tags.rb

--8c1706b66--2013-12-19--Aidan Feldman
0	2	features/embed_filters.feature

--35712dcad--2013-12-19--Aidan Feldman
15	0	features/embed_filters.feature

--396aa16f9--2013-12-19--Aidan Feldman
16	15	features/step_definitions/jekyll_steps.rb

--5b2480c8b--2013-12-19--Aidan Feldman
23	19	features/step_definitions/jekyll_steps.rb

--22017d085--2013-12-18--schneems
4	1	lib/jekyll/post.rb

--43ef9a2e4--2013-12-08--Jens Nazarenus
11	0	features/include_tag.feature
17	9	lib/jekyll/tags/include.rb
1	0	test/source/_includes/include.html
22	0	test/source/_posts/2013-12-17-include-variable-filters.markdown
1	1	test/test_generated_site.rb
31	0	test/test_tags.rb

--ecab2eb47--2013-12-17--akira yamada
1	1	lib/jekyll/tags/post_url.rb

--d362faea3--2013-12-15--Parker Moore
37	0	features/markdown.feature

--1ebce2688--2013-12-15--Parker Moore
2	1	lib/jekyll/configuration.rb
2	1	site/docs/configuration.md

--9d259fe31--2013-12-15--akira yamada
1	1	lib/jekyll/tags/post_url.rb

--a5545d5ba--2013-12-14--akira yamada
10	1	lib/jekyll/tags/post_url.rb
16	0	test/test_tags.rb