--b58cd5c13--2013-12-07--Parker Moore
--d4bbe3c99--2013-12-07--Matt Rogers
--446e3e440--2013-12-07--Parker Moore
--c20c09d2a--2013-12-07--Parker Moore
5	4	site/_posts/2013-12-07-jekyll-1-4-0-released.markdown

--315fb0cf2--2013-12-07--Parker Moore
1	1	History.markdown
1	1	site/docs/history.md

--3788c08b1--2013-12-07--Matt Rogers
4	2	jekyll.gemspec

--350c9b3ab--2013-12-07--Matt Rogers
1	1	lib/jekyll.rb

--84722ded3--2013-12-07--Matt Rogers
29	0	site/_posts/2013-12-07-jekyll-1-4-0-released.markdown
22	1	site/docs/history.md

--7da676bcc--2013-12-07--Matt Rogers
13	1	History.markdown

--8b0ea6253--2013-12-06--Matt Rogers & Persa Zula
2	0	History.markdown

--362d28f11--2013-12-06--Matt Rogers
--9f1593299--2013-12-06--Matt Rogers
--6a13f7dd5--2013-12-05--Persa Zula
2	2	lib/jekyll/site.rb

--e69d77b4d--2013-12-05--Matt Rogers & Persa Zula
13	17	lib/jekyll/site.rb

--e91db82d2--2013-12-06--Parker Moore
1	1	lib/jekyll/site.rb

--5591ff2a6--2013-12-06--Parker Moore
1	1	features/support/env.rb

--bce2c2efb--2013-12-06--Parker Moore
10	6	features/step_definitions/jekyll_steps.rb
21	13	features/support/env.rb

--f0fbc8f35--2013-12-06--Parker Moore
5	1	lib/jekyll/site.rb

--249b13a98--2013-12-06--Parker Moore
1	5	lib/jekyll/site.rb

--5c9f9a4de--2013-12-06--Parker Moore
1	1	lib/jekyll/site.rb

--8d898dafd--2013-12-06--Parker Moore
1	0	jekyll.gemspec

--be5966a2e--2013-12-06--Parker Moore
0	1	bin/jekyll

--6187861e9--2013-12-06--Parker Moore
23	0	features/site_configuration.feature
4	0	features/step_definitions/jekyll_steps.rb
2	1	features/support/env.rb

--e14fe116d--2013-12-05--Parker Moore
1	0	History.markdown

--03a254c71--2013-12-05--Parker Moore
--aabb3e96c--2013-12-05--Parker Moore
1	1	jekyll.gemspec

--654fe6117--2013-12-04--Matt Rogers
1	0	History.markdown

--4a2e5af52--2013-12-04--Matt Rogers
--dc7be8697--2013-12-04--Matt Rogers
1	0	History.markdown

--052a57793--2013-12-04--Matt Rogers
--4076b1240--2013-12-04--Matt Rogers
1	0	History.markdown

--4e11ca8b0--2013-12-04--Matt Rogers
--fb9de8cbf--2013-12-05--Matthew Iversen
4	4	features/markdown.feature
4	4	features/site_configuration.feature
1	1	test/test_excerpt.rb
1	1	test/test_post.rb
3	3	test/test_tags.rb

--5ed9d21ec--2013-12-05--Matthew Iversen
1	1	lib/jekyll/converters/markdown/maruku_parser.rb

--0bdfed4b2--2013-12-05--Matthew Iversen
1	1	jekyll.gemspec

--eab027d03--2013-12-04--Anatol Broder
1	1	site/_includes/top.html

--7af757a3f--2013-12-02--Parker Moore
1	0	History.markdown

--b7fe8cfd6--2013-12-02--Parker Moore
--6768977c2--2013-12-02--Parker Moore
1	0	History.markdown

--b63742037--2013-12-02--Parker Moore
--9cfe1f0a9--2013-12-01--Parker Moore
1	0	History.markdown

--6db32d663--2013-12-01--Parker Moore
--63122fdaf--2013-12-01--David Sawyer
1	1	lib/jekyll/generators/pagination.rb

--3b0c8ad65--2013-11-29--Parker Moore
2	0	test/source/_config.dev.toml
12	3	test/test_configuration.rb

--b8bbc6e08--2013-11-29--Parker Moore
1	0	lib/jekyll.rb

--22b95aee3--2013-11-29--Parker Moore
1	1	lib/jekyll/configuration.rb

--1e32af47a--2013-11-29--Parker Moore
1	1	lib/jekyll/configuration.rb

--51706e8da--2013-11-28--Parker Moore
1	0	jekyll.gemspec
13	2	lib/jekyll/configuration.rb

--9fa0f2ab2--2013-11-27--Yi Zeng
1	1	site/_posts/2013-11-04-jekyll-1-3-0-released.markdown

--4f337df2d--2013-11-26--Matt Rogers
1	0	jekyll.gemspec

--04cf28dc0--2013-11-26--Matt Rogers
--91a4c5611--2013-11-26--Matt Rogers
10	0	History.markdown
4	2	jekyll.gemspec
1	1	lib/jekyll.rb
21	0	site/_posts/2013-11-26-jekyll-1-3-1-released.markdown
33	0	site/docs/history.md

--4cc0bdf8f--2013-11-26--Matt Rogers
2	0	History.markdown

--f8ae2ce7d--2013-11-26--Matt Rogers
--eceebb23a--2013-11-26--Parker Moore
3	0	lib/jekyll/generators/pagination.rb

--47eac96fd--2013-11-25--Matt Rogers
1	0	History.markdown

--cbfb4e741--2013-11-25--Matt Rogers
--ce8e271b5--2013-11-25--Greg Karékinian
1	1	Rakefile
1	1	lib/jekyll/tags/include.rb

--9182b1b7a--2013-11-20--Greg Karékinian
1	1	test/test_tags.rb

--7cda916fa--2013-11-22--Matt Rogers
1	0	History.markdown

--9e9abcb51--2013-11-22--Matt Rogers
--33be5b036--2013-11-22--Matt Rogers
2	0	History.markdown

--7cb44fdff--2013-11-22--Matt Rogers
--16f4d025a--2013-11-22--Matt Rogers
1	0	History.markdown

--cf60d5e34--2013-11-22--Matt Rogers
--8595ea812--2013-11-22--Matt Rogers
1	0	History.markdown

--249642733--2013-11-22--Matt Rogers
--c5533e901--2013-11-22--maul.esel
8	6	lib/jekyll/tags/include.rb

--3888a2406--2013-11-21--maul.esel
1	1	lib/jekyll/convertible.rb

--ed7fb46b9--2013-11-21--Parker Moore
1	0	History.markdown

--4fb437cfc--2013-11-21--Parker Moore
--8944cdf54--2013-11-20--andrewhavens
1	1	site/docs/deployment-methods.md

--49d5c3457--2013-11-20--Greg Karékinian
1	1	features/support/env.rb
3	3	test/test_redcloth.rb

--063ee6fb6--2013-11-19--Parker Moore
1	0	History.markdown

--22ff7d00f--2013-11-19--Parker Moore
--aec4286ca--2013-11-19--Greg Karékinian
1	0	.travis.yml

--f4918a623--2013-11-18--Parker Moore
1	0	History.markdown

--86e717fad--2013-11-18--Parker Moore
--cbee41330--2013-11-18--Parker Moore
2	248	site/docs/migrations.md

--315cfcd72--2013-11-17--Matt Rogers
1	0	History.markdown

--c120b9663--2013-11-17--Matt Rogers
--dfffc2e72--2013-11-16--Parker Moore
1	1	lib/jekyll/commands/build.rb

--1d81f2553--2013-11-15--Matt Rogers
1	0	History.markdown

--e0ef667da--2013-11-15--Matt Rogers
--5e0af8499--2013-11-14--maul.esel
8	8	lib/jekyll/tags/include.rb

--8382a8b91--2013-11-14--maul.esel
9	0	features/include_tag.feature

--386ea77e2--2013-11-12--thomasdao
9	0	site/docs/templates.md

--4abd93567--2013-08-30--Anatol Broder
4	4	features/site_data.feature
2	2	site/docs/deployment-methods.md

--29ef18828--2013-08-24--Anatol Broder
1	1	CONTRIBUTING.markdown

--9291ca749--2013-08-24--Anatol Broder
0	3	CONTRIBUTING.markdown

--839f23102--2013-08-23--Anatol Broder
4	1	CONTRIBUTING.markdown
6	6	site/docs/pages.md

--684214838--2013-11-10--Matt Rogers
1	0	History.markdown

--99d44d261--2013-11-10--Matt Rogers
--861f367de--2013-11-08--Parker Moore
1	0	History.markdown

--93ad50e4a--2013-11-08--Parker Moore
--4e38d4858--2013-11-08--Abhi Yerra
1	0	site/docs/plugins.md

--0a359b586--2013-11-08--Parker Moore
1	0	History.markdown

--7cf41bbbf--2013-11-08--Parker Moore
--081987770--2013-11-08--Parker Moore
1	0	History.markdown

--2b71caf9c--2013-11-08--Parker Moore
--eeecbdc82--2013-11-08--Yihang Ho
1	0	site/docs/plugins.md

--1defcad9a--2013-11-08--Andreas Möller
1	1	site/docs/plugins.md

--41b200012--2013-11-06--albertogg
1	1	bin/jekyll

--0a0acaad3--2013-11-05--Matt Rogers
1	0	History.markdown

--a05e8af5d--2013-11-05--Matt Rogers
--615d49ed6--2013-10-25--Parker Moore
1	2	lib/jekyll/site.rb

--a4b9bab1d--2013-10-25--Parker Moore
1	0	bin/jekyll
9	4	lib/jekyll/site.rb

--480e35037--2013-10-23--Parker Moore
14	3	lib/jekyll/site.rb

--6791f9fc1--2013-11-04--Matt Rogers
1	8	lib/jekyll/site.rb

--63713799c--2013-11-04--Matt Rogers
1	0	lib/jekyll.rb
35	0	lib/jekyll/entry_filter.rb
74	0	test/test_entry_filter.rb
0	63	test/test_site.rb

--7a1f63d99--2013-10-31--Jordon Bedwell
1	1	lib/jekyll/site.rb

--55f583da0--2013-10-28--albertogg
1	0	bin/jekyll