--20ea0c8d5--2013-10-14--maul.esel
--699eeba9f--2013-10-14--maul.esel
2	2	features/frontmatter_defaults.feature
1	1	lib/jekyll/convertible.rb

--1c52657d7--2013-10-14--maul.esel
67	10	features/frontmatter_defaults.feature

--67a451ea8--2013-10-14--maul.esel
1	0	lib/jekyll/frontmatter_defaults.rb

--809102932--2013-10-14--maul.esel
22	0	features/frontmatter_defaults.feature
0	22	features/post_data.feature

--6f7935857--2013-10-11--Parker Moore
2	1	History.markdown

--0ffd4ff60--2013-10-11--Parker Moore
--65df20ac1--2013-10-10--albertogg
4	4	site/docs/migrations.md

--976cddf47--2013-10-10--Matt Rogers
2	0	History.markdown

--441b6d68c--2013-10-10--Matt Rogers
1	0	History.markdown

--0761769dd--2013-10-10--Matt Rogers
--110aeee9a--2013-10-10--Matt Rogers
1	0	History.markdown

--e3f6d860a--2013-10-10--Matt Rogers
--ac6f09752--2013-10-10--albertogg
1	1	site/docs/migrations.md

--222aad55e--2013-10-10--albertogg
1	1	site/docs/migrations.md

--c38f295f6--2013-10-10--albertogg
3	3	site/docs/migrations.md

--c169ad26c--2013-10-10--albertogg
9	0	site/docs/migrations.md

--e141dfa03--2013-10-08--Juan Ignacio Donoso
11	0	features/create_sites.feature
6	1	features/step_definitions/jekyll_steps.rb

--87ef39aeb--2013-10-08--Juan Ignacio Donoso
1	1	lib/jekyll/site.rb

--01f41a7cf--2013-10-08--Juan Ignacio Donoso
1	0	test/source/_layouts/post/simple.html
1	1	test/test_site.rb

--9b0a7b343--2013-10-06--Ben Balter
3	0	test/test_tags.rb

--844cc615e--2013-10-06--Ben Balter
2	2	lib/jekyll/tags/highlight.rb

--848a11b3a--2013-10-05--Parker Moore
1	0	History.markdown

--75efbadbc--2013-10-05--Parker Moore
--9ff245dbd--2013-10-05--Brice
8	8	lib/jekyll/cleaner.rb

--d5f137bc8--2013-10-05--Ben Balter
1	1	lib/jekyll/tags/highlight.rb

--41adc3066--2013-10-04--Parker Moore
1	0	History.markdown

--e2b6b7d93--2013-10-04--Parker Moore
--cebb936e6--2013-10-04--Erik Michaels-Ober
1	1	jekyll.gemspec

--55f4c3a0f--2013-10-04--Parker Moore
1	0	History.markdown

--b850c0160--2013-10-04--Parker Moore
--b00849544--2013-10-04--maul.esel
2	5	lib/jekyll/tags/include.rb

--04c0c2d0b--2013-10-04--Parker Moore
2	0	.travis.yml

--06a757f15--2013-10-04--Parker Moore
1	0	History.markdown

--68306c691--2013-10-04--Parker Moore
--31b6a930c--2013-10-04--Parker Moore
1	0	History.markdown

--6b2561424--2013-10-04--Parker Moore
--c32e31723--2013-10-04--Parker Moore
1	0	History.markdown

--ddcb6e95f--2013-10-04--Parker Moore
--9dc6fee9c--2013-10-04--Parker Moore
3	3	History.markdown

--87693eeff--2013-10-04--Parker Moore
1	0	History.markdown

--82c867263--2013-10-04--Parker Moore
--558dad7e7--2013-10-04--Parker Moore
1	0	History.markdown

--38d70938e--2013-10-04--Parker Moore
--2763d785b--2013-10-04--Parker Moore
1	0	History.markdown

--495ab6615--2013-10-04--Parker Moore
--d32e3a06b--2013-10-04--Matt Rogers
1	0	History.markdown

--fef96d95e--2013-10-04--Matt Rogers
--a5cb8c9f6--2013-10-04--Matt Rogers
2	0	History.markdown

--2bb29216e--2013-10-04--Matt Rogers
--be36ca5e6--2013-10-04--Erik Michaels-Ober
1	1	jekyll.gemspec

--aea486819--2013-10-04--Erik Michaels-Ober
1	1	jekyll.gemspec

--4b6f96903--2013-10-04--Erik Michaels-Ober
1	1	jekyll.gemspec

--ed17ef2b9--2013-10-04--Erik Michaels-Ober
1	1	jekyll.gemspec

--7bf7359d1--2013-10-04--Erik Michaels-Ober
1	1	jekyll.gemspec

--d098a35d6--2013-10-04--Erik Michaels-Ober
1	1	jekyll.gemspec

--76ada8c67--2013-10-04--maul.esel
4	3	lib/jekyll/convertible.rb

--809ab5e35--2013-10-03--maul.esel
3	5	lib/jekyll/tags/include.rb

--7d56426d5--2013-10-02--Matt Rogers
1	1	History.markdown

--3a7290679--2013-10-02--Matt Rogers
--bc71dc84f--2013-10-02--Matt Rogers
1	0	History.markdown

--b723a58f5--2013-10-02--Matt Rogers
--92750c3cf--2013-10-02--Matt Rogers
1	1	lib/jekyll/tags/include.rb

--6d74b4df0--2013-10-02--Matt Rogers
2	0	History.markdown

--6abe01f60--2013-10-02--Matt Rogers
--09b547785--2013-10-02--Parker Moore
1	0	History.markdown

--46dcac63b--2013-10-02--Parker Moore
--422b75ae3--2013-10-02--Parker Moore
1	1	jekyll.gemspec

--7a4ea086a--2013-10-01--maul.esel
3	0	lib/jekyll/convertible.rb

--623fa14b3--2013-10-01--maul.esel
14	1	lib/jekyll/tags/include.rb

--2a92ad77c--2013-09-17--maul.esel
13	0	site/docs/templates.md

--4c6ccc800--2013-09-12--maul.esel
7	3	features/include_tag.feature

--2138dfc0a--2013-09-02--maul.esel
2	1	features/include_tag.feature
1	1	lib/jekyll/tags/include.rb

--a93795bcc--2013-09-02--maul.esel
8	0	lib/jekyll/tags/include.rb

--50e945f25--2013-09-02--maul.esel
8	0	features/include_tag.feature

--4e2217986--2013-10-01--Xavier Noria
14	11	site/docs/plugins.md

--3b6b56c22--2013-10-01--Matt Swanson
2	2	site/docs/{data.md => datafiles.md}
1	1	site/docs/migrations.md
1	1	site/docs/variables.md

--eca642bf6--2013-09-05--Matt Swanson
7	5	site/docs/data.md
1	1	site/docs/migrations.md

--f864b6901--2013-09-04--Matt Swanson
1	1	site/_includes/docs_contents.html
1	1	site/_includes/docs_contents_mobile.html
61	0	site/docs/data.md
1	1	site/docs/variables.md

--cb8572fed--2013-09-30--Matt Rogers
2	0	History.markdown

--9d4f9169e--2013-09-30--Matt Rogers
--246825ac1--2013-09-30--Matt Rogers
2	0	History.markdown

--cb4d15561--2013-09-30--Matt Rogers
--e8cab9da2--2013-09-30--Matt Rogers
1	0	History.markdown

--3071fcde1--2013-09-30--Matt Rogers
--760cbc7f9--2013-10-01--liufengyun
65	0	features/data.feature
6	0	features/step_definitions/jekyll_steps.rb
2	0	jekyll.gemspec
1	0	lib/jekyll/configuration.rb
38	2	lib/jekyll/site.rb
17	0	site/docs/structure.md
2	0	test/source/_data/languages.yml
7	0	test/source/_data/members.yaml
1	0	test/source/_data/products.yml
4	0	test/source/products.yml
1	0	test/source/symlink-test/_data
57	0	test/test_site.rb

--92907c954--2013-09-30--Matt Rogers
1	0	History.markdown

--670ec70c8--2013-09-30--Matt Rogers
--f074bb6ae--2013-09-30--Xavier Noria
37	2	site/docs/plugins.md

--924285695--2013-09-28--Parker Moore
2	0	lib/jekyll/commands/serve.rb

--35336bfff--2013-09-27--Parker Moore
1	0	History.markdown

--26803c28d--2013-09-27--Parker Moore
0	1	site/docs/pagination.md

--dd6d0b42f--2013-09-26--张君君
17	37	site/docs/pagination.md

--d800cdcc3--2013-09-25--wǒ_is神仙
--5badf7d53--2013-09-23--Parker Moore
1	0	History.markdown

--27347596a--2013-09-23--Parker Moore
--903be7b75--2013-09-23--Parker Moore
1	0	History.markdown

--c78c4159c--2013-09-23--Parker Moore
--93b5004c4--2013-09-23--Matt Rogers
1	0	History.markdown

--d3cddc7c8--2013-09-23--Matt Rogers
--943acc439--2013-09-23--Edward Ball
15	15	lib/site_template/css/main.css

--a88a63da2--2013-09-22--Parker Moore
2	2	lib/jekyll/post.rb

--b0694e96d--2013-09-20--Tom Preston-Werner
0	1	.sparkleshare
0	9	SparkleShare.txt

--1bfc10dd3--2013-09-20--Tom Preston-Werner
1	0	.sparkleshare
9	0	SparkleShare.txt

--1829c2734--2013-09-19--maul.esel
1	1	lib/jekyll/tags/gist.rb
7	7	test/test_tags.rb

--9409a3d03--2013-09-19--maul.esel
5	9	lib/jekyll/tags/include.rb

--72c3bba56--2013-09-07--maul.esel
4	2	lib/jekyll/tags/post_url.rb

--39c0d125b--2013-09-10--maul.esel
14	19	test/test_tags.rb

--06fb31544--2013-09-07--maul.esel
9	1	lib/jekyll/tags/gist.rb

--a93b1a26e--2013-08-29--Shigeya Suzuki
6	2	site/docs/configuration.md

--c625ddf6c--2013-08-24--Shigeya Suzuki
8	4	lib/jekyll/convertible.rb
15	0	lib/jekyll/core_ext.rb
8	3	lib/jekyll/tags/include.rb

--97e052df6--2013-08-20--Shigeya Suzuki
1	3	lib/jekyll/site.rb

--fbea3471d--2013-08-18--Shigeya Suzuki
1	1	test/test_convertible.rb

--8b892ed73--2013-08-18--Shigeya Suzuki
4	2	lib/jekyll/convertible.rb

--4cb24f4b8--2013-07-30--MURAOKA Taro
2	1	lib/jekyll/convertible.rb

--f4c2383d3--2013-07-30--MURAOKA Taro
2	1	lib/jekyll/configuration.rb
13	0	site/docs/configuration.md

--8a28d8069--2013-07-30--MURAOKA Taro
1	0	lib/jekyll/configuration.rb
1	1	lib/jekyll/convertible.rb
6	1	lib/jekyll/site.rb
1	1	lib/jekyll/tags/include.rb

--7ccb62e52--2013-09-18--Matt Rogers
1	0	History.markdown

--793eb96a7--2013-09-18--Matt Rogers
--bbd275840--2013-09-18--Parker Moore
1	0	History.markdown

--5f6af4c21--2013-09-18--Parker Moore
10	0	site/docs/installation.md

--f97eed544--2013-09-17--Anatol Broder
3	3	test/test_tags.rb

--ec85c49de--2013-09-17--Anatol Broder
2	2	lib/jekyll/tags/include.rb

--7cec996f9--2013-09-17--Anatol Broder
7	4	lib/jekyll/tags/include.rb

--25519b38f--2013-09-17--Anatol Broder
2	7	lib/jekyll/tags/include.rb

--8017548bd--2013-09-17--Anatol Broder
2	2	lib/jekyll/tags/include.rb

--7f62e6983--2013-09-17--Anatol Broder
0	1	lib/jekyll/tags/include.rb

--e5f99e279--2013-09-17--Anatol Broder
3	3	lib/jekyll/tags/include.rb

--3e2ab58d5--2013-09-17--Anatol Broder
2	2	lib/jekyll/tags/include.rb

--a42e57f27--2013-09-17--Anatol Broder
7	7	lib/jekyll/tags/include.rb

--f7beb6bff--2013-09-16--Matt Rogers
1	0	History.markdown

--045464c8d--2013-09-16--Matt Rogers
1	0	History.markdown

--0b40bd033--2013-09-16--Matt Rogers
--bff0f9e53--2013-09-16--Matt Rogers
2	0	History.markdown

--de4934232--2013-09-16--Matt Rogers
--454e038fa--2013-09-16--Matt Rogers
1	0	lib/jekyll.rb

--c376f345f--2013-09-16--Matt Rogers
1	0	History.markdown

--52a39db02--2013-09-16--Matt Rogers
--3dadc94ce--2013-09-16--Anatol Broder
38	19	lib/jekyll/tags/include.rb

--1cb67932f--2013-09-16--maul.esel
4	4	site/docs/configuration.md
1	1	site/docs/frontmatter.md

--299cb9314--2013-09-16--maul.esel
16	1	lib/jekyll/frontmatter_defaults.rb

--0f4d64651--2013-09-16--maul.esel
19	20	features/site_configuration.feature
9	5	features/step_definitions/jekyll_steps.rb

--bec4a07c1--2013-09-16--maul.esel
12	5	lib/jekyll/site.rb

--f606d9339--2013-06-30--maul.esel
22	0	features/site_configuration.feature

--891ea8f60--2013-09-16--Anatol Broder
2	2	lib/jekyll/tags/include.rb

--081b97411--2013-09-16--Anatol Broder
19	12	lib/jekyll/tags/include.rb

--79f50b056--2013-09-16--Anatol Broder
6	2	lib/jekyll/tags/include.rb

--79c2d5c8f--2013-09-15--Parker Moore
1	0	History.markdown

--1aacda28b--2013-09-15--Parker Moore
--ed92d1c4c--2013-09-15--David Ensinger
1	0	site/docs/plugins.md

--6d28d5f95--2013-09-15--Parker Moore
1	0	History.markdown

--ede0d6bd2--2013-09-15--Parker Moore
--ab4fb8904--2013-09-15--Parker Moore
1	1	site/docs/migrations.md

--30bce38ef--2013-09-15--Parker Moore
1	1	site/docs/migrations.md

--f15f29a34--2013-09-15--Christian Grobmeier
1	1	site/docs/migrations.md

--d761338c2--2013-09-15--Anatol Broder
3	3	site/docs/templates.md
1	1	site/docs/variables.md

--94eed4643--2013-09-14--Matt Rogers
--a8c03ae3e--2013-09-14--Matt Rogers
--6f053fbc8--2013-09-14--Parker Moore
3	2	jekyll.gemspec
1	1	lib/jekyll.rb

--be9c0dcc7--2013-09-14--Parker Moore
24	0	site/docs/history.md

--f169e37c8--2013-09-14--Parker Moore
19	0	site/_posts/2013-09-14-jekyll-1-2-1-released.markdown

--f922ae10e--2013-09-14--Parker Moore
10	0	History.markdown

--d44579833--2013-09-14--Parker Moore
1	0	Rakefile

--a1e16b3d5--2013-09-14--Parker Moore
1	0	History.markdown

--3ddc33c4b--2013-09-14--Parker Moore
--97cb3f133--2013-09-14--Parker Moore
1	1	site/docs/migrations.md

--5355fcf02--2013-09-14--Parker Moore
15	9	site/docs/contributing.md

--b26327f20--2013-09-14--maul.esel
0	1	.travis.yml
1	5	Gemfile
1	1	Rakefile
1	1	features/support/env.rb
1	0	jekyll.gemspec
1	1	test/helper.rb

--1473448df--2013-09-14--Matt Rogers
1	0	History.markdown

--46da09694--2013-09-14--Matt Rogers
--aa10f8c89--2013-09-12--maul.esel
1	0	README.markdown

--66606a7e8--2013-09-12--maul.esel
1	0	.travis.yml
8	1	Rakefile

--a12227c07--2013-09-12--maul.esel
3	0	test/helper.rb

--5ee41cd3b--2013-09-12--maul.esel
5	0	features/support/env.rb

--699627e70--2013-09-12--maul.esel
4	0	Gemfile

--4b8bb68e5--2013-09-12--Parker Moore
1	4	lib/jekyll/commands/serve.rb

--c926596be--2013-09-08--Parker Moore
2	0	bin/jekyll
38	13	lib/jekyll/commands/serve.rb

--214c851be--2013-09-12--Parker Moore
1	0	History.markdown

--34a888e7b--2013-09-12--Parker Moore
--c38220f45--2013-09-12--Parker Moore
1	0	History.markdown

--097779a19--2013-09-12--Parker Moore
--009022748--2013-09-12--Parker Moore
11	6	CONTRIBUTING.markdown

--c21932338--2013-09-12--Parker Moore
1	1	History.markdown

--3fde4f796--2013-09-12--Parker Moore
--db397dacd--2013-09-12--Parker Moore
1	1	jekyll.gemspec

--87de8ddeb--2013-09-12--maul.esel
1	1	test/test_related_posts.rb

--e65305990--2013-09-11--Parker Moore
1	0	History.markdown

--5c23ae158--2013-09-11--Parker Moore
--3e936e8b7--2013-09-11--Parker Moore
4	4	site/docs/history.md

--8060cb60a--2013-09-11--maul.esel
43	0	site/docs/configuration.md
10	0	site/docs/frontmatter.md

--0afe79d1c--2013-09-11--maul.esel
1	0	test/test_related_posts.rb

--5775603f4--2013-09-11--maul.esel
39	0	lib/jekyll/frontmatter_defaults.rb

--0874c14b2--2013-09-11--maul.esel
1	1	lib/jekyll/frontmatter_defaults.rb

--accea6648--2013-09-11--maul.esel
14	0	lib/jekyll/core_ext.rb

--2ba26f1bb--2013-09-11--maul.esel
22	0	features/post_data.feature

--fb911af2c--2013-09-11--maul.esel
4	0	lib/jekyll/page.rb
4	0	lib/jekyll/post.rb

--9d44d3290--2013-09-11--maul.esel
3	1	lib/jekyll/convertible.rb

--b3fdaa979--2013-09-11--maul.esel
1	0	lib/jekyll.rb
2	1	lib/jekyll/configuration.rb
53	0	lib/jekyll/frontmatter_defaults.rb
4	0	lib/jekyll/site.rb

--3ccd8dad3--2013-09-11--maul.esel
4	0	lib/jekyll/draft.rb
4	0	lib/jekyll/page.rb
4	0	lib/jekyll/post.rb

--421e58ad5--2013-09-10--Ishibashi Hideto
4	0	lib/jekyll/tags/include.rb
17	0	test/test_tags.rb

--50236be19--2013-09-07--Anatol Broder
1	1	site/_posts/2013-09-06-jekyll-1-2-0-released.markdown