--0761769dd--2013-10-10--Matt Rogers
--110aeee9a--2013-10-10--Matt Rogers
1	0	History.markdown

--e3f6d860a--2013-10-10--Matt Rogers
--e141dfa03--2013-10-08--Juan Ignacio Donoso
11	0	features/create_sites.feature
6	1	features/step_definitions/jekyll_steps.rb

--87ef39aeb--2013-10-08--Juan Ignacio Donoso
1	1	lib/jekyll/site.rb

--01f41a7cf--2013-10-08--Juan Ignacio Donoso
1	0	test/source/_layouts/post/simple.html
1	1	test/test_site.rb

--9b0a7b343--2013-10-06--Ben Balter
3	0	test/test_tags.rb

--844cc615e--2013-10-06--Ben Balter
2	2	lib/jekyll/tags/highlight.rb

--848a11b3a--2013-10-05--Parker Moore
1	0	History.markdown

--75efbadbc--2013-10-05--Parker Moore
--9ff245dbd--2013-10-05--Brice
8	8	lib/jekyll/cleaner.rb

--d5f137bc8--2013-10-05--Ben Balter
1	1	lib/jekyll/tags/highlight.rb