--3212aac4b--2013-09-05--Matt Rogers
--f0604d495--2013-09-05--Matt Rogers
2	0	History.markdown

--47f783274--2013-09-05--Matt Rogers
--3803d555e--2013-09-05--Matt Rogers
1	0	History.markdown

--8a20c2bd0--2013-09-05--Matt Rogers
--ce6925b48--2013-09-05--Matt Rogers
1	0	History.markdown

--becab85c7--2013-09-05--Matt Rogers
--1b63aff27--2013-09-04--Jens Bissinger
1	1	site/feed.xml

--da1e6d27c--2013-09-04--Parker Moore
1	0	History.markdown

--a6a74a5d2--2013-09-04--Parker Moore
--b487dff7b--2013-09-03--Troy Swanson
1	0	jekyll.gemspec

--22847029e--2013-09-03--Parker Moore
1	0	History.markdown

--f3ed0bc65--2013-09-03--Parker Moore
--2ababea17--2013-09-02--Troy Swanson
0	1	jekyll.gemspec

--3e3973981--2013-09-02--maul.esel
3	0	README.markdown

--09ed34083--2013-09-02--maul.esel
3	1	lib/jekyll/tags/include.rb

--bfe93729d--2013-09-02--Anatol Broder
1	0	site/docs/plugins.md

--2cc5dc370--2013-09-01--Parker Moore
1	0	History.markdown

--245e9fdb7--2013-09-01--Parker Moore
--afda7c273--2013-09-01--Troy Swanson
1	1	site/docs/templates.md

--4a7da0070--2013-09-01--Parker Moore
1	0	History.markdown

--5c5e53e45--2013-09-01--Parker Moore
--bec508261--2013-09-01--Nick Quinlan
1	0	site/docs/plugins.md

--4fafdfccf--2013-08-30--Parker Moore
6	0	features/site_data.feature

--b7e34175d--2013-08-30--Parker Moore
2	2	lib/jekyll/site.rb