--f9d173968--2013-06-23--Parker Moore
--22a6f0ada--2013-06-23--Parker Moore
1	0	History.markdown

--5fdf2d87b--2013-06-23--Parker Moore
--55f77d2ce--2013-06-22--Parker Moore
1	0	History.markdown

--6391f8746--2013-06-22--Parker Moore
--99c700a8a--2013-06-21--Matt Rogers
1	0	History.markdown

--d97509ced--2013-06-21--Matt Rogers
--f5eed5895--2013-06-18--Nicolás Reynolds
3	0	site/docs/plugins.md

--b40cfb623--2013-06-18--zachgersh
1	1	site/docs/plugins.md

--1cb9de26e--2013-06-18--zachgersh
0	1	site/docs/plugins.md

--fb2703fb3--2013-06-18--zachgersh
2	1	site/docs/plugins.md

--11e10700a--2013-06-18--zachgersh
0	1	site/docs/plugins.md

--5c82835cf--2013-06-18--zachgersh
0	1	site/docs/plugins.md

--2b8dc2bb3--2013-06-18--zachgersh
0	1	site/docs/resources.md

--58dacf796--2013-06-17--Matt Rogers
1	0	History.markdown

--6825b8ad9--2013-06-17--Matt Rogers
--5593a2d72--2013-06-17--Aleksey V. Zapparov
1	0	site/docs/plugins.md

--02037b5f6--2013-06-17--Matt Rogers
2	0	History.markdown

--106455b47--2013-06-17--Matt Rogers
--0ee385f21--2013-06-17--Matt Rogers
0	3	site/docs/plugins.md

--98247a1c9--2013-06-17--Matt Rogers
1	0	History.markdown

--8024dc107--2013-06-17--Matt Rogers
--4a88bf224--2013-06-17--Zach Leatherman
1	0	site/docs/plugins.md

--872eba313--2013-06-15--Parker Moore
1	0	History.markdown

--76e5b7fa1--2013-06-15--Parker Moore
--9f1e1d4b4--2013-06-15--Jarrod Birch
1	1	CONTRIBUTING.md
1	1	site/docs/contributing.md

--7ee89982e--2013-06-13--Parker Moore
1	0	History.markdown

--e5d2b2fb9--2013-06-13--Parker Moore
1	0	History.markdown

--9a8c5aa19--2013-06-13--Matt Rogers
--fe957af27--2013-06-13--Parker Moore
--12fe8ed00--2013-06-13--John Papandriopoulos
1	0	site/docs/plugins.md

--ab351fb07--2013-06-12--Nick Quaranto
-	-	site/img/article-footer.png
-	-	site/img/footer-arrow.png
-	-	site/img/footer-logo.png
-	-	site/img/logo-2x.png
-	-	site/img/octojekyll.png
-	-	site/img/tube.png
-	-	site/img/tube1x.png

--4c750da1b--2013-06-12--Parker Moore
1	0	site/freenode.txt

--7f10b3243--2013-06-09--Parker Moore
10	6	test/test_pager.rb

--7dc6767bc--2013-06-09--Parker Moore
14	10	lib/jekyll/generators/pagination.rb

--05218711b--2013-06-09--Parker Moore
8	1	lib/jekyll/generators/pagination.rb

--6e80ba868--2013-06-09--Parker Moore
1	1	lib/jekyll/configuration.rb
22	43	test/test_pager.rb

--81a2d03e5--2013-06-09--Parker Moore
5	1	lib/jekyll/generators/pagination.rb
15	4	test/test_pager.rb

--bd0e45c1b--2013-06-08--Parker Moore
80	25	lib/jekyll/generators/pagination.rb

--a71b755e9--2013-06-08--Parker Moore
0	5	features/step_definitions/jekyll_steps.rb

--ce3fa7fd0--2013-06-08--Parker Moore
28	0	features/pagination.feature