--0b1d22dd6--2013-05-05--Parker Moore
--bcf146416--2013-05-05--Parker Moore
1	0	History.txt

--ce999f12f--2013-05-05--Parker Moore
--8bd1e0f06--2013-05-05--Parker Moore
1	0	History.txt

--50d66831f--2013-05-05--Parker Moore
--8ec08fceb--2013-05-05--Benjamin J. Balter
4	4	lib/site_template/_layouts/default.html
11	11	lib/site_template/css/main.css

--dcd7b3626--2013-05-05--Parker Moore
1	0	test/helper.rb
4	2	test/test_pager.rb

--1c146ec64--2013-05-05--Parker Moore
2	2	test/test_pager.rb

--050e98200--2013-05-05--Parker Moore
13	3	lib/jekyll/generators/pagination.rb

--2d0e65b5f--2013-05-05--Parker Moore
1	1	features/step_definitions/jekyll_steps.rb

--5836b441f--2013-05-05--Parker Moore
5	5	features/pagination.feature

--ea71036e8--2013-05-05--Parker Moore
7	5	lib/jekyll/generators/pagination.rb

--9582a7cc8--2013-04-20--maul.esel
2	1	site/_posts/2012-07-01-variables.md

--6f28b6d43--2013-04-20--maul.esel
2	2	test/test_post.rb

--d73841c96--2013-04-20--maul.esel
1	1	lib/jekyll/page.rb
1	1	lib/jekyll/post.rb

--c6df2e150--2013-04-19--maul.esel
1	0	lib/jekyll/page.rb
1	0	lib/jekyll/post.rb

--11419868d--2013-04-16--Benjamin J. Balter
82	93	lib/site_template/css/main.css

--55b890b40--2013-04-15--Benjamin J. Balter
3	3	lib/site_template/_layouts/default.html
11	7	lib/site_template/css/main.css

--223dbdc15--2013-04-15--Benjamin J. Balter
1	4	lib/site_template/_layouts/default.html

--14ca57893--2013-04-15--Benjamin J. Balter
0	3	lib/site_template/_layouts/default.html

--ba2281c4a--2013-04-14--Benjamin J. Balter
0	11	lib/site_template/_layouts/default.html
0	9	lib/site_template/css/bootstrap-responsive.min.css
0	9	lib/site_template/css/bootstrap.min.css
-	-	lib/site_template/img/glyphicons-halflings-white.png
-	-	lib/site_template/img/glyphicons-halflings.png
0	1	lib/site_template/js/main.js
0	6	lib/site_template/js/vendor/bootstrap.min.js
0	5	lib/site_template/js/vendor/jquery-1.9.1.min.js
0	11	lib/site_template/js/vendor/modernizr-2.6.2-respond-1.1.0.min.js

--1163fa905--2013-04-13--Benjamin J. Balter
1	0	lib/site_template/.gitignore
1	0	lib/site_template/_config.yml
61	36	lib/site_template/_layouts/default.html
3	0	lib/site_template/_layouts/post.html
9	0	lib/site_template/css/bootstrap-responsive.min.css
9	0	lib/site_template/css/bootstrap.min.css
5	5	lib/site_template/css/{screen.css => main.css}
0	0	lib/site_template/images/.gitkeep
-	-	lib/site_template/images/rss.png
-	-	lib/site_template/img/glyphicons-halflings-white.png
-	-	lib/site_template/img/glyphicons-halflings.png
1	0	lib/site_template/js/main.js
6	0	lib/site_template/js/vendor/bootstrap.min.js
5	0	lib/site_template/js/vendor/jquery-1.9.1.min.js
11	0	lib/site_template/js/vendor/modernizr-2.6.2-respond-1.1.0.min.js