--dd5fb69c2--2010-01-13--Tom Preston-Werner
--2b2e027b3--2010-01-13--Tom Preston-Werner
4	0	History.txt
4	4	lib/jekyll/tags/highlight.rb

--fff313a62--2010-01-12--Tom Preston-Werner
11	2	jekyll.gemspec

--6dcfe1283--2010-01-12--Tom Preston-Werner
1	1	History.txt
1	1	VERSION.yml

--b68149c7b--2010-01-12--Tom Preston-Werner
1	0	History.txt
2	2	features/markdown.feature
1	1	features/pagination.feature
5	1	lib/jekyll/page.rb
30	20	lib/jekyll/site.rb

--a076ce070--2010-01-11--Tom Preston-Werner
30	0	features/markdown.feature

--58b4ffd93--2010-01-10--Kris Brown
2	0	History.txt

--b1a055f10--2009-11-30--Alex Young
1	1	lib/jekyll/site.rb