--7c7caa7fa9--2014-09-24--Tekin Suleyman
--1cc58dfd3b--2014-09-23--Aaron Keogh
--f307db1c93--2014-09-23--russellthorn
--c740cd104c--2014-09-23--russell thorn
4	3	app/assets/stylesheets/frontend/views/_organisations.scss

--6829d73c22--2014-09-22--russell thorn
0	7	app/helpers/ministerial_roles_helper.rb
0	1	app/views/ministerial_roles/show.html.erb
0	1	app/views/people/show.html.erb
0	1	app/views/shared/_announcement_list.html.erb
0	1	config/locales/ar.yml
0	1	config/locales/az.yml
0	1	config/locales/be.yml
0	1	config/locales/bg.yml
0	1	config/locales/bn.yml
0	1	config/locales/cs.yml
0	1	config/locales/cy.yml
0	1	config/locales/de.yml
0	1	config/locales/dr.yml
0	1	config/locales/el.yml
0	1	config/locales/en.yml
0	1	config/locales/es-419.yml
0	1	config/locales/es.yml
0	1	config/locales/fa.yml
0	1	config/locales/fr.yml
0	1	config/locales/he.yml
0	1	config/locales/hi.yml
0	1	config/locales/hu.yml
0	1	config/locales/hy.yml
0	1	config/locales/id.yml
0	1	config/locales/it.yml
0	1	config/locales/ja.yml
0	1	config/locales/ka.yml
0	1	config/locales/ko.yml
0	1	config/locales/lt.yml
0	1	config/locales/lv.yml
0	1	config/locales/ms.yml
0	1	config/locales/pl.yml
0	1	config/locales/ps.yml
0	1	config/locales/pt.yml
0	1	config/locales/ro.yml
0	1	config/locales/ru.yml
0	1	config/locales/si.yml
0	1	config/locales/sk.yml
0	1	config/locales/so.yml
0	1	config/locales/sq.yml
0	1	config/locales/sr.yml
0	1	config/locales/sw.yml
0	1	config/locales/ta.yml
0	1	config/locales/th.yml
0	1	config/locales/tk.yml
0	1	config/locales/tr.yml
0	1	config/locales/uk.yml
0	1	config/locales/ur.yml
0	1	config/locales/uz.yml
0	1	config/locales/vi.yml
0	1	config/locales/zh-hk.yml
0	1	config/locales/zh-tw.yml
0	1	config/locales/zh.yml

--8cd260bab0--2014-09-22--Steve Laing
--7737373cf6--2014-09-22--steventux
3	2	app/views/embassies/index.html.erb
2	1	test/functional/embassies_controller_test.rb

--e341405d9f--2014-09-22--GrouchPotato
--2fa30b33a1--2014-09-22--Tekin Suleyman
1	1	app/helpers/admin/taggable_content_helper.rb

--97277751cf--2014-09-19--Guy Moorhouse
0	1	app/views/embassies/index.html.erb

--863575d8c7--2014-09-18--Tekin Suleyman
25	35	app/helpers/admin/taggable_content_helper.rb
17	2	test/unit/helpers/admin/taggable_content_helper_test.rb

--859004f704--2014-09-18--Tekin Suleyman
16	0	app/helpers/admin/taggable_content_helper.rb
8	6	app/views/admin/editions/_worldwide_organisation_fields.html.erb
12	0	test/unit/helpers/admin/taggable_content_helper_test.rb

--497081b782--2014-09-18--Tekin Suleyman
0	12	app/helpers/admin/document_collection_helper.rb
20	1	app/helpers/admin/taggable_content_helper.rb
1	1	app/models/document_collection_group.rb
8	2	app/views/admin/editions/_document_collection_fields.html.erb
14	0	test/unit/helpers/admin/taggable_content_helper_test.rb

--c70102625a--2014-09-18--Tekin Suleyman
0	4	app/helpers/admin/editions_helper.rb
18	0	app/helpers/admin/taggable_content_helper.rb
2	2	app/views/admin/editions/_inline_attachments_info.html.erb
12	0	test/unit/helpers/admin/taggable_content_helper_test.rb

--7f0abfa3df--2014-09-18--Tekin Suleyman
3	27	app/helpers/admin/editions_helper.rb
21	1	app/views/admin/editions/_inline_attachments_info.html.erb
1	1	app/views/admin/editions/_speed_tagging.html.erb

--c7b16eb82b--2014-09-17--Tekin Suleyman
5	5	app/models/news_article_type.rb
20	20	app/models/publication_type.rb
7	7	app/models/speech_type.rb

--2e43992524--2014-09-17--Tekin Suleyman
0	7	app/helpers/admin/editions_helper.rb
8	0	app/models/news_article_type.rb
24	0	app/models/publication_type.rb
10	0	app/models/speech_type.rb
4	0	app/views/admin/case_studies/_form.html.erb
4	0	app/views/admin/consultations/_form.html.erb
4	0	app/views/admin/detailed_guides/_form.html.erb
4	0	app/views/admin/document_collections/_form.html.erb
0	3	app/views/admin/editions/_format_advice.html.erb
1	1	app/views/admin/editions/_publication_type_fields.html.erb
1	1	app/views/admin/editions/new.html.erb
4	0	app/views/admin/fatality_notices/_form.html.erb
6	0	app/views/admin/news_articles/_form.html.erb
1	1	app/views/admin/news_articles/_news_article_type_fields.html.erb
4	0	app/views/admin/policies/_form.html.erb
4	0	app/views/admin/publications/_form.html.erb
5	0	app/views/admin/speeches/_form.html.erb
1	1	app/views/admin/speeches/_speech_type_fields.html.erb
6	0	app/views/admin/statistical_data_sets/_form.html.erb
4	0	app/views/admin/supporting_pages/_form.html.erb
4	0	app/views/admin/world_location_news_articles/_form.html.erb
4	0	app/views/admin/worldwide_priorities/_form.html.erb
4	94	config/locales/ar.yml
0	94	config/locales/az.yml
2	94	config/locales/be.yml
0	94	config/locales/bg.yml
0	94	config/locales/bn.yml
1	94	config/locales/cs.yml
4	94	config/locales/cy.yml
0	94	config/locales/de.yml
0	94	config/locales/dr.yml
0	94	config/locales/el.yml
4	126	config/locales/en.yml
0	94	config/locales/es-419.yml
0	94	config/locales/es.yml
0	94	config/locales/fa.yml
0	94	config/locales/fr.yml
2	94	config/locales/he.yml
0	94	config/locales/hi.yml
0	94	config/locales/hu.yml
0	94	config/locales/hy.yml
0	94	config/locales/id.yml
0	94	config/locales/it.yml
0	94	config/locales/ja.yml
0	94	config/locales/ka.yml
0	94	config/locales/ko.yml
1	94	config/locales/lt.yml
0	94	config/locales/lv.yml
0	94	config/locales/ms.yml
2	94	config/locales/pl.yml
0	94	config/locales/ps.yml
0	94	config/locales/pt.yml
0	94	config/locales/ro.yml
2	94	config/locales/ru.yml
0	94	config/locales/si.yml
1	94	config/locales/sk.yml
0	94	config/locales/so.yml
0	94	config/locales/sq.yml
2	94	config/locales/sr.yml
0	94	config/locales/sw.yml
0	94	config/locales/ta.yml
0	94	config/locales/th.yml
0	94	config/locales/tk.yml
0	94	config/locales/tr.yml
3	94	config/locales/uk.yml
0	94	config/locales/ur.yml
0	94	config/locales/uz.yml
0	94	config/locales/vi.yml
0	94	config/locales/zh-hk.yml
0	94	config/locales/zh-tw.yml
0	94	config/locales/zh.yml

--070fde940b--2014-09-18--Alex Tomlins
--313dd72ae1--2014-09-18--Alex Tomlins
--919543fd42--2014-09-18--Robin Carswell
1	1	features/speed-tagging-editions.feature

--57c914a89e--2014-09-18--Alex Tomlins
1	0	app/controllers/attachments_controller.rb
2	0	test/functional/attachments_controller_test.rb
1	0	test/support/cache_control_test_helpers.rb

--5be4ddeed5--2014-09-17--Tekin Suleyman
6	6	app/views/admin/editions/_world_location_fields.html.erb

--7b93a5b30d--2014-09-17--Tekin Suleyman
25	6	app/helpers/admin/taggable_content_helper.rb
0	6	app/helpers/application_helper.rb
9	7	app/views/admin/editions/_minister_fields.html.erb
16	0	test/unit/helpers/admin/taggable_content_helper_test.rb
0	13	test/unit/helpers/application_helper_test.rb

--cdbd206de6--2014-09-17--Tekin Suleyman
5	0	db/migrate/20140917142641_add_document_type_index_to_documents.rb
2	1	db/schema.rb

--9ba761f78b--2014-09-17--Tekin Suleyman
17	0	app/helpers/admin/taggable_content_helper.rb
4	1	app/views/admin/editions/_world_location_fields.html.erb
12	0	test/unit/helpers/admin/taggable_content_helper_test.rb

--7fc970c7e2--2014-09-17--Tekin Suleyman
2	5	app/views/admin/editions/_world_location_fields.html.erb
2	5	app/views/admin/editions/_worldwide_organisation_fields.html.erb
2	2	app/views/admin/world_location_news_articles/_form.html.erb

--d3f069a4ea--2014-09-17--Tekin Suleyman
0	12	app/helpers/application_helper.rb
1	3	app/views/admin/editions/_speed_tagging.html.erb
0	1	features/speed-tagging-editions.feature
0	4	features/step_definitions/speed_tagging_steps.rb
0	16	test/unit/helpers/application_helper_test.rb

--d44522eae8--2014-09-17--Tekin Suleyman
1	1	app/views/admin/editions/_speed_tagging.html.erb

--c670739a44--2014-09-17--Tekin Suleyman
16	0	app/helpers/admin/taggable_content_helper.rb
1	1	app/views/admin/editions/_related_policy_fields.html.erb
1	1	app/views/admin/supporting_pages/_related_policy_fields.html.erb
12	0	test/unit/helpers/admin/taggable_content_helper_test.rb

--7884d85397--2014-09-17--Tekin Suleyman
1	3	app/helpers/application_helper.rb
4	0	app/models/edition/topics.rb
10	0	test/unit/edition/topics_test.rb

--f872f96d40--2014-09-17--Tekin Suleyman
0	8	app/helpers/admin/related_policies_helper.rb
5	1	app/models/edition/related_policies.rb
1	1	app/views/admin/editions/_related_policy_fields.html.erb
1	1	app/views/admin/supporting_pages/_related_policy_fields.html.erb
22	0	test/functional/admin/supporting_pages_controller_test.rb
22	0	test/unit/edition/related_policies_test.rb

--736a8f477e--2014-09-17--Tekin Suleyman
16	0	app/helpers/admin/taggable_content_helper.rb
9	7	app/views/admin/editions/_worldwide_priority_fields.html.erb
13	0	test/unit/helpers/admin/taggable_content_helper_test.rb

--c07eaaa763--2014-09-17--Tekin Suleyman
2	2	app/helpers/admin/taggable_content_helper.rb
1	1	app/models/edition/identifiable.rb
9	0	test/unit/edition/identifiable_test.rb

--4e0331f0e3--2014-09-17--Tekin Suleyman
18	0	app/helpers/admin/taggable_content_helper.rb
0	6	app/helpers/application_helper.rb
9	7	app/views/admin/editions/_statistical_data_set_fields.html.erb
12	0	test/unit/helpers/admin/taggable_content_helper_test.rb

--2ec6f7e567--2014-09-17--Tekin Suleyman
16	0	app/helpers/admin/taggable_content_helper.rb
4	2	app/views/admin/detailed_guides/_form.html.erb
13	0	test/unit/helpers/admin/taggable_content_helper_test.rb

--32d7cd90a3--2014-09-17--Tekin Suleyman
1	1	test/factories/detailed_guides.rb

--aff706e9d5--2014-09-16--Tekin Suleyman
35	9	app/helpers/admin/taggable_content_helper.rb
0	6	app/helpers/application_helper.rb
0	9	app/models/ministerial_role.rb
8	0	app/models/role.rb
9	1	app/views/admin/speeches/_delivered_by_fields.html.erb
50	5	test/unit/helpers/admin/taggable_content_helper_test.rb
0	24	test/unit/helpers/application_helper_test.rb
0	11	test/unit/ministerial_role_test.rb
11	0	test/unit/role_test.rb

--11dbb8093a--2014-09-16--Tekin Suleyman
40	2	app/helpers/admin/taggable_content_helper.rb
0	4	app/helpers/application_helper.rb
9	0	app/models/ministerial_role.rb
8	0	app/models/person.rb
9	7	app/views/admin/editions/_appointment_fields.html.erb
55	0	test/unit/helpers/admin/taggable_content_helper_test.rb
0	15	test/unit/helpers/application_helper_test.rb
11	0	test/unit/ministerial_role_test.rb
11	0	test/unit/person_test.rb

--b67978d658--2014-09-15--Tekin Suleyman
3	3	app/helpers/application_helper.rb
7	7	test/unit/helpers/application_helper_test.rb

--8a25d2ebc0--2014-09-11--Will Tomlins
3	4	app/assets/stylesheets/frontend/views/_organisations.scss