--316e4de013--2014-05-09--Tekin Suleyman
--b6a8bd91a8--2014-05-08--Vinay Patel
6	0	app/assets/stylesheets/admin/forms.scss
4	0	app/assets/stylesheets/admin/views/_edition_show.scss
24	0	app/controllers/admin/edition_unpublishing_controller.rb
4	0	app/helpers/admin/editions_helper.rb
24	0	app/views/admin/edition_unpublishing/edit.html.erb
6	2	app/views/admin/editions/show.html.erb
1	0	config/routes.rb
43	0	test/functional/admin/edition_unpublishing_controller_test.rb

--143b8d8e83--2014-05-08--Vinay Patel
16	3	features/step_definitions/unpublishing_published_documents_steps.rb
7	0	features/unpublishing-published-documents.feature

--9195458783--2014-05-09--vinayvinay
--af52a97495--2014-05-09--Jake Benilov
1	1	app/views/admin/detailed_guides/_form.html.erb

--8035c049b2--2014-05-09--Tekin Suleyman
--90399b54a4--2014-05-09--Tekin Suleyman
1	0	db/data_migration/20140429162729_set_govuk_closed_status.rb

--05efa1edb5--2014-05-09--Tekin Suleyman
5	6	test/factories/organisations.rb
2	2	test/unit/helpers/document_filter_helper_test.rb

--15482860e7--2014-05-09--Tekin Suleyman
0	16	db/schema.rb

--c9c714f0b8--2014-05-09--Tekin Suleyman
9	9	app/helpers/organisation_helper.rb
1	1	app/views/organisations/not_live.html.erb

--8e3401a86f--2014-05-09--Tekin Suleyman
8	8	app/helpers/organisation_helper.rb
9	9	test/unit/helpers/organisation_helper_test.rb

--9617da3799--2014-05-09--vinayvinay
--10b9badf51--2014-05-09--Vinay Patel
2	2	app/views/admin/classification_featurings/index.html.erb

--b7a347edd1--2014-05-09--Tekin Suleyman
20	20	app/assets/javascripts/admin/views/organisations/_form.js
6	6	app/helpers/organisation_helper.rb
3	3	app/views/organisations/not_live.html.erb
8	8	test/javascripts/unit/admin/views/organisations/_form_test.js
2	2	test/unit/helpers/organisation_helper_test.rb

--b22a5ade8a--2014-05-09--Edd Sowden
--c323ac7539--2014-05-08--vinayvinay
--686acbc8f0--2014-05-08--Jake Benilov
--79b2087d7c--2014-05-08--David Singleton
2	2	features/step_definitions/publication_steps.rb

--c1c38ad401--2014-05-08--Jake Benilov
1	1	config/initializers/need_api.rb

--19b068f7dd--2014-05-08--Tekin Suleyman
1	1	app/views/admin/detailed_guides/_form.html.erb

--cd76ee928b--2014-04-29--Camille Baldock
37	2	app/assets/javascripts/admin/views/organisations/_form.js
1	1	app/controllers/admin/organisations_controller.rb
34	10	app/helpers/organisation_helper.rb
52	0	app/models/organisation.rb
8	4	app/views/admin/organisations/_form.html.erb
1	2	app/views/organisations/not_live.html.erb
0	1	config/locales/ar.yml
0	1	config/locales/az.yml
0	1	config/locales/be.yml
0	1	config/locales/bg.yml
0	1	config/locales/bn.yml
0	1	config/locales/cs.yml
0	1	config/locales/cy.yml
0	1	config/locales/de.yml
0	1	config/locales/dr.yml
0	1	config/locales/el.yml
0	1	config/locales/en.yml
0	1	config/locales/es-419.yml
0	1	config/locales/es.yml
0	1	config/locales/fa.yml
0	1	config/locales/fr.yml
0	1	config/locales/he.yml
0	1	config/locales/hi.yml
0	1	config/locales/hu.yml
0	1	config/locales/hy.yml
0	1	config/locales/id.yml
0	1	config/locales/it.yml
0	1	config/locales/ja.yml
0	1	config/locales/ka.yml
0	1	config/locales/ko.yml
0	1	config/locales/lt.yml
0	1	config/locales/lv.yml
0	1	config/locales/ms.yml
0	1	config/locales/pl.yml
0	1	config/locales/ps.yml
0	1	config/locales/pt.yml
0	1	config/locales/ro.yml
0	1	config/locales/ru.yml
0	1	config/locales/si.yml
0	1	config/locales/sk.yml
0	1	config/locales/so.yml
0	1	config/locales/sq.yml
0	1	config/locales/sr.yml
0	1	config/locales/sw.yml
0	1	config/locales/ta.yml
0	1	config/locales/th.yml
0	1	config/locales/tk.yml
0	1	config/locales/tr.yml
0	1	config/locales/uk.yml
0	1	config/locales/ur.yml
0	1	config/locales/uz.yml
0	1	config/locales/vi.yml
0	1	config/locales/zh-hk.yml
0	1	config/locales/zh-tw.yml
0	1	config/locales/zh.yml
9	0	db/data_migration/20140429162729_set_govuk_closed_status.rb
9	0	db/migrate/20140429162738_add_gov_uk_closed_status_to_organisation.rb
18	1	db/schema.rb
1	2	features/organisations.feature
5	3	features/step_definitions/organisation_steps.rb
6	0	test/factories/organisations.rb
3	3	test/functional/organisations_controller_test.rb
38	7	test/javascripts/unit/admin/views/organisations/_form_test.js
2	2	test/unit/helpers/document_filter_helper_test.rb
70	15	test/unit/helpers/organisation_helper_test.rb
2	2	test/unit/models/organisation/organisation_type_concern_test.rb
75	5	test/unit/models/organisation_test.rb

--9b1e11c5f0--2014-05-08--Tekin Suleyman
1	1	app/controllers/admin/classification_featurings_controller.rb
5	0	app/models/admin/edition_filter.rb
6	0	app/models/edition.rb
2	1	test/functional/admin/classification_featurings_controller_test.rb
9	0	test/unit/admin/edition_filter_test.rb
11	0	test/unit/edition_test.rb

--4b9f942a0f--2014-05-08--Tekin Suleyman
11	11	test/functional/admin/classification_featurings_controller_test.rb

--adcacb2dc5--2014-05-08--Tekin Suleyman
16	18	test/functional/admin/classification_featurings_controller_test.rb

--d01e267b88--2014-05-08--Tekin Suleyman
--6aa25c3eab--2014-05-08--David Singleton
19	11	app/assets/stylesheets/frontend/helpers/_govspeak.scss
6	1	app/views/documents/_attachment_full_width.html.erb

--51b6e55b38--2014-05-07--Vinay Patel
3	1	app/models/attachment_data.rb
-	-	test/fixtures/pdf with spaces in the name.pdf
7	0	test/unit/attachment_data_test.rb

--d364c8d548--2014-05-06--Vinay Patel
6	2	app/models/attachment_data.rb
0	8	config/initializers/pdf_info.rb
0	18	lib/pdf_info.rb
1	1	test/unit/attachment_data_test.rb
0	33	test/unit/pdf_info_test.rb

--a66f11f9d1--2014-05-01--Stuart Gale
21	0	features/filtering_featured_documents_on_a_topic.feature
67	0	features/step_definitions/filtering_featured_documents_on_a_topic_steps.rb

--6d2b347579--2014-04-28--Stuart Gale
44	0	test/functional/admin/classification_featurings_controller_test.rb

--0ef3e6e0b0--2014-04-28--Stuart Gale
1	2	app/controllers/admin/classification_featurings_controller.rb

--da19066ad0--2014-04-25--Stuart Gale
28	4	app/controllers/admin/classification_featurings_controller.rb
9	0	app/views/admin/classification_featurings/index.html.erb

--8814d30676--2014-04-25--Stuart Gale
32	0	app/views/admin/classification_featurings/_featured_documents.html.erb
1	32	app/views/admin/classification_featurings/index.html.erb