--40ad246562--2013-10-10--Elliot Crosby-McCullough
--de5de2f4d5--2013-10-10--Elliot Crosby-McCullough
2	2	test/unit/uploader/case_study_row_test.rb

--8ab0881566--2013-10-10--Elliot Crosby-McCullough
2	2	lib/whitehall/uploader/statistical_data_set_row.rb
2	2	test/fixtures/dft_statistical_data_set_sample.csv
2	2	test/unit/uploader/statistical_data_set_row_test.rb

--cedfbd2b0d--2013-10-10--Elliot Crosby-McCullough
1	1	test/unit/uploader/case_study_row_test.rb

--d57fce3bcf--2013-10-09--layam
--d07d8a1043--2013-10-09--David Heath
15	6	app/workers/import_row_worker.rb
1	1	lib/whitehall/uploader/case_study_row.rb
1	1	lib/whitehall/uploader/detailed_guide_row.rb
1	1	lib/whitehall/uploader/publication_row.rb
1	1	lib/whitehall/uploader/statistical_data_set_row.rb
2	2	test/functional/admin/imports_controller_test.rb
0	38	test/support/consultation_csv_sample_helpers.rb
58	0	test/support/csv_sample_helpers.rb
4	2	test/unit/import_test.rb
6	4	test/unit/uploader/detailed_guide_row_test.rb
6	4	test/unit/uploader/publication_row_test.rb
6	4	test/unit/uploader/statistical_data_set_row_test.rb
62	0	test/unit/workers/import_row_worker_test.rb

--c1011c3993--2013-10-09--Elliot Crosby-McCullough
6	9	app/assets/javascripts/admin/format_advice.js
0	4	app/assets/stylesheets/admin/forms.scss
2	1	app/helpers/admin/editions_helper.rb
2	4	app/views/admin/editions/_format_advice.html.erb
12	10	app/views/admin/editions/_publication_type_fields.html.erb
11	9	app/views/admin/news_articles/_news_article_type_fields.html.erb
10	8	app/views/admin/speeches/_speech_type_fields.html.erb
9	1	config/locales/en.yml

--123ce41cea--2013-10-09--David Heath
4	7	features/document-collections.feature
50	12	features/step_definitions/document_collection_steps.rb
15	0	features/support/document_collection_helper.rb

--29fddcdddf--2013-10-09--Elliot Crosby-McCullough
7	7	config/locales/en.yml

--ec6938e86e--2013-10-09--Dominic Baggott
--1fabba2715--2013-10-04--Elliot Crosby-McCullough
4	0	app/assets/stylesheets/admin/forms.scss

--00a9b3e64f--2013-10-04--Elliot Crosby-McCullough
9	1	app/assets/javascripts/admin/format_advice.js

--3911876c9b--2013-10-04--Elliot Crosby-McCullough
1	1	app/views/admin/editions/_format_advice.html.erb
1	1	app/views/admin/editions/_show_metadata.html.erb

--915fe0dce6--2013-10-04--Elliot Crosby-McCullough
2	2	app/assets/javascripts/application/show-hide.js
1	1	app/views/admin/editions/new.html.erb
1	1	app/views/admin/speeches/_delivered_by_fields.html.erb
1	1	test/unit/speech_type_test.rb

--3be9bb0065--2013-10-04--Elliot Crosby-McCullough
3	7	features/support/document_helper.rb

--928deedde6--2013-10-04--Elliot Crosby-McCullough
1	1	app/views/admin/speeches/_delivered_by_fields.html.erb

--542446e931--2013-10-04--Elliot Crosby-McCullough
1	1	app/helpers/admin/editions_helper.rb
8	5	app/helpers/application_helper.rb
19	11	app/models/speech_type.rb
1	1	app/views/admin/speeches/_speech_type_fields.html.erb
1	1	features/support/document_helper.rb
1	1	test/unit/speech_type_test.rb

--1885a126d5--2013-10-04--Elliot Crosby-McCullough
5	0	app/views/admin/editions/_show_metadata.html.erb

--95466ecff3--2013-10-04--Elliot Crosby-McCullough
15	0	app/assets/javascripts/admin/format_advice.js
2	0	app/assets/javascripts/admin/on_ready.js
1	1	app/assets/javascripts/admin/update_speech_headers.js.erb
19	7	app/helpers/admin/editions_helper.rb
4	0	app/models/news_article_type.rb
4	0	app/models/publication_type.rb
12	8	app/models/speech_type.rb
1	1	app/views/admin/editions/_format_advice.html.erb
3	2	app/views/admin/editions/_publication_type_fields.html.erb
2	0	app/views/admin/editions/_standard_fields.html.erb
0	0	app/views/admin/editions/_subtype_fields.html.erb
0	3	app/views/admin/news_articles/_additional_significant_fields.html.erb
8	1	app/views/admin/news_articles/_news_article_type_fields.html.erb
1	0	app/views/admin/news_articles/_subtype_fields.html.erb
0	3	app/views/admin/publications/_additional_significant_fields.html.erb
1	0	app/views/admin/publications/_subtype_fields.html.erb
0	1	app/views/admin/speeches/_additional_significant_fields.html.erb
8	2	app/views/admin/speeches/_speech_type_fields.html.erb
1	0	app/views/admin/speeches/_subtype_fields.html.erb
60	0	config/locales/ar.yml
60	0	config/locales/az.yml
60	0	config/locales/be.yml
60	0	config/locales/bg.yml
60	0	config/locales/bn.yml
60	0	config/locales/cs.yml
60	0	config/locales/cy.yml
60	0	config/locales/de.yml
60	0	config/locales/dr.yml
60	0	config/locales/el.yml
77	3	config/locales/en.yml
60	0	config/locales/es-419.yml
60	0	config/locales/es.yml
60	0	config/locales/fa.yml
60	0	config/locales/fr.yml
60	0	config/locales/he.yml
60	0	config/locales/hi.yml
60	0	config/locales/hu.yml
60	0	config/locales/hy.yml
60	0	config/locales/id.yml
60	0	config/locales/it.yml
60	0	config/locales/ja.yml
60	0	config/locales/ka.yml
60	0	config/locales/ko.yml
60	0	config/locales/lt.yml
60	0	config/locales/lv.yml
60	0	config/locales/ms.yml
60	0	config/locales/pl.yml
60	0	config/locales/ps.yml
60	0	config/locales/pt.yml
60	0	config/locales/ro.yml
60	0	config/locales/ru.yml
60	0	config/locales/si.yml
60	0	config/locales/sk.yml
60	0	config/locales/so.yml
60	0	config/locales/sq.yml
60	0	config/locales/sr.yml
60	0	config/locales/sw.yml
60	0	config/locales/ta.yml
60	0	config/locales/th.yml
60	0	config/locales/tk.yml
60	0	config/locales/tr.yml
60	0	config/locales/uk.yml
60	0	config/locales/ur.yml
60	0	config/locales/uz.yml
60	0	config/locales/vi.yml
60	0	config/locales/zh-hk.yml
60	0	config/locales/zh-tw.yml
60	0	config/locales/zh.yml
2	2	features/importing-new-editions.feature
1	1	features/step_definitions/import_steps.rb
1	1	features/step_definitions/speech_steps.rb
1	1	features/support/document_helper.rb

--0e8ca253ca--2013-10-04--Elliot Crosby-McCullough
1	1	app/models/edition.rb
6	0	app/views/admin/editions/_format_advice.html.erb
1	0	app/views/admin/editions/new.html.erb
28	0	config/locales/ar.yml
28	0	config/locales/az.yml
28	0	config/locales/be.yml
28	0	config/locales/bg.yml
28	0	config/locales/bn.yml
28	0	config/locales/cs.yml
28	0	config/locales/cy.yml
28	0	config/locales/de.yml
28	0	config/locales/dr.yml
28	0	config/locales/el.yml
34	0	config/locales/en.yml
28	0	config/locales/es-419.yml
28	0	config/locales/es.yml
28	0	config/locales/fa.yml
28	0	config/locales/fr.yml
28	0	config/locales/he.yml
28	0	config/locales/hi.yml
28	0	config/locales/hu.yml
28	0	config/locales/hy.yml
28	0	config/locales/id.yml
28	0	config/locales/it.yml
28	0	config/locales/ja.yml
28	0	config/locales/ka.yml
28	0	config/locales/ko.yml
28	0	config/locales/lt.yml
28	0	config/locales/lv.yml
28	0	config/locales/ms.yml
28	0	config/locales/pl.yml
28	0	config/locales/ps.yml
28	0	config/locales/pt.yml
28	0	config/locales/ro.yml
28	0	config/locales/ru.yml
28	0	config/locales/si.yml
28	0	config/locales/sk.yml
28	0	config/locales/so.yml
28	0	config/locales/sq.yml
28	0	config/locales/sr.yml
28	0	config/locales/sw.yml
28	0	config/locales/ta.yml
28	0	config/locales/th.yml
28	0	config/locales/tk.yml
28	0	config/locales/tr.yml
28	0	config/locales/uk.yml
28	0	config/locales/ur.yml
28	0	config/locales/uz.yml
28	0	config/locales/vi.yml
28	0	config/locales/zh-hk.yml
28	0	config/locales/zh-tw.yml
28	0	config/locales/zh.yml

--7987e97088--2013-10-08--David Heath
2	2	app/helpers/document_collection_helper.rb
1	1	app/helpers/document_helper.rb
7	3	app/models/edition/has_document_collections.rb
2	2	app/presenters/announcement_presenter.rb
2	2	app/presenters/publicationesque_presenter.rb
1	1	app/views/detailed_guides/show.html.erb
6	3	features/importing-new-editions.feature
1	1	lib/tasks/export.rake
3	3	lib/whitehall/document_filter/result.rb
8	0	test/factories/document_collection.rb
2	2	test/functional/statistical_data_sets_controller_test.rb
20	7	test/unit/edition/has_document_collection_test.rb
1	1	test/unit/helpers/document_helper_test.rb
1	1	test/unit/presenters/document_filter_presenter_test.rb
6	12	test/unit/presenters/publicationesque_presenter_test.rb

--4546186192--2013-10-08--David Heath
1	1	Gemfile
2	2	Gemfile.lock

--1516a6c7ba--2013-10-04--David Heath
10	0	test/integration/dft_publication_import_with_json_test.rb
10	0	test/integration/official_docs_import_test.rb
10	0	test/integration/statistical_data_set_import_test.rb

--9a9d12113a--2013-10-04--David Heath
1	1	app/workers/import_row_worker.rb

--6165a36560--2013-10-04--David Heath
7	50	app/helpers/admin/document_collection_helper.rb

--ac11750f8d--2013-10-04--David Heath
1	2	config/routes.rb
6	1	features/document-collections.feature
9	0	features/step_definitions/document_collection_steps.rb

--3de6e42b2c--2013-10-04--David Heath
0	1	test/functional/statistical_data_sets_controller_test.rb

--cdb1c52815--2013-10-04--David Heath
--900f3451ca--2013-10-03--David Heath
1	0	app/controllers/document_collections_controller.rb

--00a4a2af58--2013-10-03--David Heath
1	1	config/routes.rb
3	2	lib/whitehall.rb
0	8	test/functional/document_collections_controller_test.rb

--1fcd39cada--2013-10-02--David Heath
2	2	test/javascripts/unit/document_filter_test.js

--4744a304b9--2013-10-02--David Heath
5	2	app/controllers/document_collections_controller.rb
4	0	app/models/document_collection.rb
0	27	app/presenters/document_collection_group_presenter.rb
0	27	app/presenters/document_collection_presenter.rb
0	1	app/views/admin/document_collection_groups/index.html.erb
8	25	app/views/document_collections/show.html.erb
0	37	test/unit/presenters/document_collection_group_presenter_test.rb
0	43	test/unit/presenters/document_collection_presenter_test.rb

--90cbc62827--2013-10-02--David Heath
2	2	app/assets/stylesheets/frontend/views/_document-collection.scss
2	2	app/views/document_collections/show.html.erb
16	16	features/document-collections.feature
4	4	features/importing-new-editions.feature
1	1	features/step_definitions/import_steps.rb

--8b4ed91f5c--2013-10-02--David Heath
0	4	app/views/admin/document_collection_groups/_changes_go_live.html.erb
0	2	app/views/admin/document_collection_groups/edit.html.erb
0	2	app/views/admin/document_collection_groups/index.html.erb

--548c10cf6e--2013-10-02--David Heath
18	15	test/unit/models/document_collection_test.rb

--b01eb72181--2013-10-02--David Heath
3	4	test/unit/import_test.rb
1	1	test/unit/uploader/publication_row_test.rb
1	1	test/unit/uploader/statistical_data_set_row_test.rb

--7a953af8ca--2013-10-02--David Heath
1	1	app/assets/stylesheets/admin/views/_document_collection_groups.scss
2	1	app/helpers/admin/edition_actions_helper.rb
1	1	app/models/import.rb
2	4	app/presenters/publicationesque_presenter.rb
1	1	app/views/admin/document_collection_groups/delete.html.erb
1	1	app/views/admin/document_collection_groups/edit.html.erb
4	4	app/views/admin/document_collection_groups/index.html.erb
1	1	app/views/admin/document_collection_groups/new.html.erb
1	0	config/environments/development.rb
2	0	config/routes.rb
1	1	lib/whitehall/document_filter/result.rb
1	1	lib/whitehall/uploader/publication_row.rb
1	1	lib/whitehall/uploader/statistical_data_set_row.rb
1	1	test/fixtures/dft_publication_import_with_json_test.csv
6	2	test/functional/publications_controller_test.rb
1	2	test/integration/statistical_data_set_import_test.rb
2	2	test/unit/edition/has_document_collection_test.rb
3	3	test/unit/import_test.rb
2	2	test/unit/models/document_collection_test.rb
3	1	test/unit/presenters/document_collection_presenter_test.rb
1	1	test/unit/presenters/publicationesque_presenter_test.rb
3	3	test/unit/translations_for_associations_test.rb

--efc9526bfc--2013-09-30--David Heath
2	2	app/helpers/document_collection_helper.rb
1	1	app/models/document_collection.rb
1	1	app/presenters/announcement_presenter.rb
2	2	app/presenters/publicationesque_presenter.rb
1	1	features/step_definitions/document_collection_steps.rb
2	2	test/functional/publications_controller_test.rb
2	1	test/functional/statistical_data_sets_controller_test.rb
1	1	test/unit/helpers/document_helper_test.rb

--81a788f015--2013-09-30--David Heath
0	0	app/assets/javascripts/admin/{document_series.js => document_collection.js}
2	2	app/assets/javascripts/admin/on_ready.js
1	1	app/assets/stylesheets/admin/base.scss
0	0	app/assets/stylesheets/admin/views/{_document_series_groups.scss => _document_collection_groups.scss}
1	1	app/assets/stylesheets/frontend/base.scss
0	0	app/assets/stylesheets/frontend/views/{_document-series.scss => _document-collection.scss}
12	12	app/controllers/admin/{document_series_group_memberships_controller.rb => document_collection_group_memberships_controller.rb}
45	0	app/controllers/admin/document_collection_groups_controller.rb
7	0	app/controllers/admin/document_collections_controller.rb
0	7	app/controllers/admin/document_series_controller.rb
0	45	app/controllers/admin/document_series_groups_controller.rb
0	4	app/controllers/admin/organisations_controller.rb
12	0	app/controllers/document_collections_controller.rb
0	12	app/controllers/document_series_controller.rb
1	1	app/helpers/admin/{document_series_groups_helper.rb => document_collection_groups_helper.rb}
12	12	app/helpers/admin/{document_series_helper.rb => document_collection_helper.rb}
1	1	app/helpers/admin/edition_actions_helper.rb
3	7	app/helpers/admin/editions_helper.rb
20	0	app/helpers/document_collection_helper.rb
5	5	app/helpers/document_helper.rb
0	20	app/helpers/document_series_helper.rb
1	1	app/models/case_study.rb
1	1	app/models/detailed_guide.rb
3	3	app/models/document.rb
14	16	app/models/{document_series.rb => document_collection.rb}
6	6	app/models/{document_series_group.rb => document_collection_group.rb}
10	0	app/models/document_collection_group_membership.rb
0	10	app/models/document_series_group_membership.rb
1	1	app/models/edition.rb
30	0	app/models/edition/has_document_collections.rb
0	29	app/models/edition/has_document_series.rb
6	6	app/models/import.rb
1	1	app/models/news_article.rb
5	3	app/models/organisation.rb
1	1	app/models/publicationesque.rb
1	1	app/models/speech.rb
6	6	app/presenters/announcement_presenter.rb
1	1	app/presenters/{document_series_group_presenter.rb => document_collection_group_presenter.rb}
27	0	app/presenters/document_collection_presenter.rb
0	27	app/presenters/document_series_presenter.rb
6	6	app/presenters/publicationesque_presenter.rb
1	1	app/views/admin/{document_series_groups => document_collection_groups}/_changes_go_live.html.erb
0	0	app/views/admin/{document_series_groups/_series_document.html.erb => document_collection_groups/_collection_document.html.erb}
6	0	app/views/admin/document_collection_groups/_form.html.erb
5	5	app/views/admin/{document_series_groups => document_collection_groups}/delete.html.erb
1	1	app/views/admin/{document_series_groups => document_collection_groups}/edit.html.erb
10	10	app/views/admin/{document_series_groups => document_collection_groups}/index.html.erb
1	1	app/views/admin/{document_series_groups => document_collection_groups}/new.html.erb
0	0	app/views/admin/{document_series => document_collections}/_form.html.erb
0	6	app/views/admin/document_series_groups/_form.html.erb
2	0	app/views/admin/editions/_document_collection_fields.html.erb
0	2	app/views/admin/editions/_document_series_fields.html.erb
1	1	app/views/admin/editions/_govspeak_help.html.erb
2	2	app/views/admin/editions/_speed_tagging.html.erb
0	27	app/views/admin/organisations/document_series.html.erb
4	4	app/views/detailed_guides/show.html.erb
9	9	app/views/{document_series => document_collections}/show.html.erb
3	3	app/views/documents/_filter_table.mustache
7	1	config/locales/ar.yml
3	1	config/locales/az.yml
5	1	config/locales/be.yml
3	1	config/locales/bg.yml
3	1	config/locales/bn.yml
4	1	config/locales/cs.yml
7	1	config/locales/cy.yml
3	1	config/locales/de.yml
3	1	config/locales/dr.yml
3	1	config/locales/el.yml
3	1	config/locales/en.yml
3	1	config/locales/es-419.yml
3	1	config/locales/es.yml
3	1	config/locales/fa.yml
3	1	config/locales/fr.yml
5	1	config/locales/he.yml
3	1	config/locales/hi.yml
3	1	config/locales/hu.yml
3	1	config/locales/hy.yml
3	1	config/locales/id.yml
3	1	config/locales/it.yml
3	1	config/locales/ja.yml
3	1	config/locales/ka.yml
3	1	config/locales/ko.yml
4	1	config/locales/lt.yml
3	1	config/locales/lv.yml
3	1	config/locales/ms.yml
5	1	config/locales/pl.yml
3	1	config/locales/ps.yml
3	1	config/locales/pt.yml
4	1	config/locales/ro.yml
5	1	config/locales/ru.yml
3	1	config/locales/si.yml
4	1	config/locales/sk.yml
3	1	config/locales/so.yml
3	1	config/locales/sq.yml
5	1	config/locales/sr.yml
3	1	config/locales/sw.yml
3	1	config/locales/ta.yml
3	1	config/locales/th.yml
3	1	config/locales/tk.yml
3	1	config/locales/tr.yml
5	1	config/locales/uk.yml
3	1	config/locales/ur.yml
3	1	config/locales/uz.yml
3	1	config/locales/vi.yml
3	1	config/locales/zh-hk.yml
3	1	config/locales/zh-tw.yml
3	1	config/locales/zh.yml
8	7	config/routes.rb
1	1	convert-tables.sh
169	0	db/migrate/20130920094024_rename_document_series_to_document_collections.rb
10	0	db/pending_migration_cleanups/20131003121036_cleanup_document_series_tables.rb
34	1	db/schema.rb
0	0	features/{document-series.feature => document-collections.feature}
1	1	features/html-versions-of-publications.feature
20	20	features/importing-new-editions.feature
3	3	features/speed-tagging-editions.feature
5	5	features/statistical-data-sets.feature
89	0	features/step_definitions/document_collection_steps.rb
0	85	features/step_definitions/document_series_steps.rb
3	3	features/step_definitions/force_publishing_imports_steps.rb
1	1	features/step_definitions/import_steps.rb
3	3	features/step_definitions/speed_tagging_steps.rb
11	11	features/step_definitions/viewing_published_statistical_data_sets_steps.rb
3	3	lib/patches/translations_for_associations.rb
2	2	lib/tasks/export.rake
1	1	lib/whitehall.rb
7	7	lib/whitehall/document_filter/result.rb
1	1	lib/whitehall/not_quite_as_fake_search.rb
4	4	lib/whitehall/uploader/case_study_row.rb
1	1	lib/whitehall/uploader/consultation_row.rb
3	3	lib/whitehall/uploader/detailed_guide_row.rb
4	4	lib/whitehall/uploader/finders/{policies_finder.rb => edition_finder.rb}
1	1	lib/whitehall/uploader/news_article_row.rb
4	4	lib/whitehall/uploader/publication_row.rb
1	1	lib/whitehall/uploader/row.rb
1	1	lib/whitehall/uploader/speech_row.rb
3	3	lib/whitehall/uploader/statistical_data_set_row.rb
9	0	test/factories/document_collection.rb
1	1	test/factories/{document_series_group.rb => document_collection_group.rb}
0	9	test/factories/document_series.rb
1	1	test/fixtures/dft_statistical_data_set_sample.csv
2	2	test/fixtures/official_docs_import_sample.csv
9	9	test/functional/admin/{document_series_group_memberships_controller_test.rb => document_collection_group_memberships_controller_test.rb}
26	26	test/functional/admin/{document_series_groups_controller_test.rb => document_collection_groups_controller_test.rb}
103	0	test/functional/admin/document_collections_controller_test.rb
0	124	test/functional/admin/document_series_controller_test.rb
0	9	test/functional/admin/organisations_controller_test.rb
84	0	test/functional/document_collections_controller_test.rb
0	84	test/functional/document_series_controller_test.rb
10	10	test/functional/publications_controller_test.rb
4	4	test/functional/statistical_data_sets_controller_test.rb
1	1	test/integration/dft_publication_import_with_json_test.rb
1	1	test/integration/navigation_selection_test.rb
3	3	test/integration/official_docs_import_test.rb
3	2	test/integration/statistical_data_set_import_test.rb
2	2	test/javascripts/unit/document_filter_test.js
2	2	test/unit/data_hygiene/document_attachment_repairer_test.rb
34	0	test/unit/edition/has_document_collection_test.rb
0	34	test/unit/edition/has_document_series_test.rb
5	5	test/unit/helpers/admin/editions_helper_test.rb
6	6	test/unit/helpers/document_helper_test.rb
6	8	test/unit/helpers/govspeak_helper_link_rewriting_test.rb
8	8	test/unit/import_test.rb
2	2	test/unit/models/{document_series_group_membership_test.rb => document_collection_group_membership_test.rb}
6	6	test/unit/models/{document_series_group_test.rb => document_collection_group_test.rb}
132	0	test/unit/models/document_collection_test.rb
0	147	test/unit/models/document_series_test.rb
3	3	test/unit/presenters/{document_series_group_presenter_test.rb => document_collection_group_presenter_test.rb}
4	4	test/unit/presenters/{document_series_presenter_test.rb => document_collection_presenter_test.rb}
2	2	test/unit/presenters/document_filter_presenter_test.rb
10	10	test/unit/presenters/publicationesque_presenter_test.rb
2	2	test/unit/statistical_data_set_test.rb
3	3	test/unit/translations_for_associations_test.rb
7	7	test/unit/uploader/case_study_row_test.rb
1	1	test/unit/uploader/consultation_row_test.rb
5	5	test/unit/uploader/detailed_guide_row_test.rb
11	10	test/unit/uploader/finders/{policies_finder_test.rb => edition_finder_test.rb}
1	1	test/unit/uploader/news_article_row_test.rb
6	6	test/unit/uploader/publication_row_test.rb
5	5	test/unit/uploader/statistical_data_set_row_test.rb

--5b2eab4311--2013-09-20--Will Tomlins
0	7	app/helpers/admin/tabbed_nav_helper.rb

--efa01c4439--2013-09-19--Will Tomlins
1	1	config/routes.rb

--5e0b62abfd--2013-09-19--Will Tomlins
0	4	app/models/document_series.rb
0	28	test/unit/models/document_series_test.rb

--3942b03dcb--2013-09-19--Will Tomlins
16	17	app/models/document_series.rb
35	20	test/unit/models/document_series_test.rb

--87fdf06a2a--2013-09-19--Will Tomlins
2	2	config/routes.rb
9	0	test/functional/document_series_controller_test.rb

--27b69c7a04--2013-09-19--Will Tomlins
8	0	app/models/document_series.rb
6	0	app/models/document_series_group.rb
23	3	test/unit/models/document_series_group_test.rb
29	3	test/unit/models/document_series_test.rb

--d5df15b220--2013-09-19--Will Tomlins
1	2	app/helpers/admin/organisation_helper.rb
27	0	app/presenters/document_series_group_presenter.rb
27	0	app/presenters/document_series_presenter.rb
21	19	app/views/document_series/show.html.erb
21	21	test/functional/document_series_controller_test.rb
0	10	test/unit/document_series_group_membership_test.rb
0	28	test/unit/document_series_group_test.rb
0	67	test/unit/document_series_test.rb
37	0	test/unit/presenters/document_series_group_presenter_test.rb
41	0	test/unit/presenters/document_series_presenter_test.rb
2	2	test/unit/presenters/publicationesque_presenter_test.rb

--c8e010e540--2013-09-19--Will Tomlins
7	35	app/controllers/document_series_controller.rb
74	63	test/functional/admin/document_series_controller_test.rb

--676a8c63ab--2013-09-19--Will Tomlins
4	1	app/helpers/admin/editions_helper.rb
2	2	app/helpers/document_series_helper.rb
12	3	app/models/document_series.rb
7	5	app/models/document_series_group.rb
1	1	app/presenters/publicationesque_presenter.rb
3	3	app/views/admin/editions/_organisation_fields.html.erb
0	1	app/views/layouts/admin.html.erb
12	7	features/document-series.feature
67	27	features/step_definitions/document_series_steps.rb
10	0	features/support/browser_helper.rb
8	0	test/support/model_helpers.rb
10	0	test/unit/models/document_series_group_membership_test.rb
28	0	test/unit/models/document_series_group_test.rb
134	0	test/unit/models/document_series_test.rb

--72576d8288--2013-09-13--Will Tomlins
2	1	app/helpers/admin/edition_actions_helper.rb

--58018960be--2013-09-13--Will Tomlins
4	0	app/helpers/admin/editions_helper.rb
10	9	app/views/admin/document_series/_form.html.erb
0	17	app/views/admin/document_series/edit.html.erb
0	17	app/views/admin/document_series/new.html.erb
0	19	app/views/admin/document_series/show.html.erb
4	5	app/views/admin/document_series_groups/index.html.erb
7	0	test/unit/helpers/admin/editions_helper_test.rb

--b605e2b481--2013-09-13--Will Tomlins
3	56	app/controllers/admin/document_series_controller.rb
4	5	config/routes.rb

--39552c2ff3--2013-09-13--Will Tomlins
38	43	app/models/document_series.rb
3	5	test/factories/document_series.rb