--cc479b553b--2013-09-26--Bradley Wright
--8fe9858403--2013-09-26--Bradley Wright
--e6e9b1ef85--2013-09-26--Elliot Crosby-McCullough
6	0	app/controllers/admin/detailed_guides_controller.rb
1	1	app/views/admin/editions/_user_needs_fields.html.erb

--1a78dbb6a1--2013-09-26--Elliot Crosby-McCullough
7	8	app/assets/javascripts/admin/user_needs.js
1	1	app/models/edition/user_needs.rb
0	2	app/models/organisation.rb
1	1	app/models/user_need.rb
3	0	db/migrate/20130919121241_create_detailed_guide_user_needs.rb
4	0	db/schema.rb

--1cbda16931--2013-09-26--Elliot Crosby-McCullough
0	1	Gemfile

--8a02c9e7be--2013-09-24--Elliot Crosby-McCullough
5	2	test/functional/admin/detailed_guides_controller_test/national_applicability_test.rb

--c0c3ac22b5--2013-09-24--Elliot Crosby-McCullough
8	0	app/assets/javascripts/admin/user_needs.js
4	0	app/models/user_need.rb
6	3	app/views/admin/editions/_user_needs_fields.html.erb

--45de04ca9c--2013-09-24--Elliot Crosby-McCullough
17	0	app/assets/javascripts/admin/user_needs.js
5	0	app/assets/stylesheets/admin/user_needs.scss

--f2158e6ac4--2013-09-23--Elliot Crosby-McCullough
1	1	test/factories/user_needs.rb

--9b52046086--2013-09-23--Elliot Crosby-McCullough
1	1	app/models/organisation.rb

--932fc6d00c--2013-09-23--Elliot Crosby-McCullough
19	0	app/assets/stylesheets/admin/user_needs.scss
1	0	app/helpers/admin/editions_helper.rb
4	0	app/models/edition/user_needs.rb
0	19	app/views/admin/detailed_guides/_form.html.erb
23	0	app/views/admin/editions/_user_needs_fields.html.erb

--a7ae2208de--2013-09-23--Elliot Crosby-McCullough
1	1	app/assets/stylesheets/admin/user_needs.scss
19	0	app/helpers/admin/editions_helper.rb
2	2	app/models/edition/user_needs.rb
2	0	app/models/organisation.rb
4	0	app/models/user_need.rb
13	6	app/views/admin/detailed_guides/_form.html.erb
4	7	features/detailed-guide-user-need-capture.feature
6	6	features/detailed-guides.feature
7	2	features/step_definitions/detailed_guide_user_need_steps.rb
1	0	test/factories/user_needs.rb
10	0	test/unit/detailed_guide_test.rb

--afa05e337c--2013-09-20--Elliot Crosby-McCullough
1	0	app/assets/stylesheets/admin/base.scss
13	0	app/assets/stylesheets/admin/user_needs.scss
1	0	app/models/detailed_guide.rb
22	0	app/models/edition/user_needs.rb
4	0	app/models/edition_user_need.rb
3	0	app/models/user_need.rb
12	0	app/views/admin/detailed_guides/_form.html.erb
22	0	db/migrate/20130919121241_create_detailed_guide_user_needs.rb
16	0	db/schema.rb
22	0	features/detailed-guide-user-need-capture.feature
11	0	features/step_definitions/detailed_guide_steps.rb
10	0	features/step_definitions/detailed_guide_user_need_steps.rb
4	0	test/factories/detailed_guides.rb
7	0	test/factories/user_needs.rb
4	3	test/functional/admin/detailed_guides_controller_test.rb
3	2	test/support/admin_edition_controller_test_helpers.rb

--8d0f264912--2013-09-20--Elliot Crosby-McCullough
1	0	Gemfile

--82dae778f2--2013-09-26--Bradley Wright
--06b7573859--2013-09-26--Tekin Suleyman
--3bf541f472--2013-09-26--Tekin Suleyman
19	0	db/data_migration/20130926091146_fix_broken_first_published_at_timestamps.rb

--bf5a919eac--2013-09-26--Bradley Wright
--54e1f4f062--2013-09-26--Tekin Suleyman
2	2	app/models/edition/supporting_pages.rb
1	1	test/unit/attachable_test.rb
18	0	test/unit/edition/supporting_pages_test.rb

--d81c463f19--2013-09-25--Tekin Suleyman
1	6	features/step_definitions/topic_steps.rb
2	9	features/topics.feature
25	280	test/functional/topics_controller_test.rb

--688abe7a17--2013-09-25--Tekin Suleyman
2	0	app/helpers/public_document_routes_helper.rb
2	4	lib/tasks/describe_filters.rake
1	18	test/factories/editions.rb
1	2	test/functional/admin/edition_translations_controller_test.rb
0	2	test/functional/admin/policies_controller_test.rb
0	2	test/functional/admin/supporting_pages_controller_test.rb
0	2	test/functional/announcements_controller_test.rb
0	2	test/functional/corporate_information_pages_controller_test.rb
0	2	test/functional/detailed_guides_controller_test.rb
1	2	test/functional/documents_controller_test.rb
0	4	test/functional/home_controller_test.rb
0	3	test/functional/ministerial_roles_controller_test.rb
0	2	test/functional/operational_fields_controller_test.rb
0	2	test/functional/organisations_controller_test.rb
0	3	test/functional/people_controller_test.rb
0	2	test/functional/policies_controller_test.rb
0	4	test/functional/publications_controller_test.rb
1	3	test/functional/supporting_pages_controller_test.rb
0	2	test/functional/world_locations_controller_test.rb
0	3	test/functional/worldwide_organisations_controller_test.rb
1	3	test/integration/navigation_selection_test.rb
2	1	test/support/atom_test_helpers.rb
0	8	test/support/document_view_assertions.rb
20	0	test/support/generic_edition.rb
3	2	test/test_helper.rb
1	4	test/unit/presenters/api/mainstream_category_tag_presenter_test.rb
1	2	test/unit/whitehall/url_maker_test.rb

--cd424587df--2013-09-25--Bradley Wright
--5c4e035898--2013-09-25--Bradley Wright
--37adfa3704--2013-09-25--Tekin Suleyman
1	1	app/views/topics/show.html.erb
0	3	config/locales/en.yml

--2e7ac30163--2013-09-25--Tekin Suleyman
8	1	app/controllers/admin/classification_featurings_controller.rb
5	4	app/views/admin/classification_featurings/index.html.erb
6	2	config/routes.rb
2	2	test/factories/classification_featurings.rb
25	0	test/functional/admin/classification_featurings_controller_test.rb

--43c162a327--2013-09-25--Tekin Suleyman
0	0	test/factories/{classification_featuring.rb => classification_featurings.rb}

--60b6cd5ed0--2013-09-25--Tekin Suleyman
6	4	app/views/topics/show.html.erb

--ddfe899d20--2013-09-25--Tekin Suleyman
10	8	app/views/admin/{topical_events => classifications}/show.html.erb
0	38	app/views/admin/topics/show.html.erb

--bfec61df71--2013-09-25--Tekin Suleyman
15	0	app/views/admin/classifications/index.html.erb
9	0	app/views/admin/topical_events/_table_header.html.erb
21	0	app/views/admin/topical_events/_topical_event.html.erb
0	44	app/views/admin/topical_events/index.html.erb
8	0	app/views/admin/topics/_table_header.html.erb
16	0	app/views/admin/topics/_topic.html.erb
0	38	app/views/admin/topics/index.html.erb

--1d74b29611--2013-09-25--Tekin Suleyman
0	1	app/controllers/admin/classifications_controller.rb

--2881aca939--2013-09-25--Tekin Suleyman
4	4	app/controllers/admin/classifications_controller.rb

--2da7809e7d--2013-09-25--Tekin Suleyman
3	15	app/helpers/admin/tabbed_nav_helper.rb

--ead5efb097--2013-09-24--Elliot Crosby-McCullough
--cf52d9f2bc--2013-09-24--Tekin Suleyman
61	0	app/assets/stylesheets/frontend/utils/_topic-features.scss
24	55	app/assets/stylesheets/frontend/views/_topic.scss
3	61	app/assets/stylesheets/frontend/views/_topical-events.scss
1	0	app/controllers/topics_controller.rb
82	57	app/views/topics/show.html.erb
3	0	config/locales/en.yml
1	1	features/step_definitions/topic_steps.rb
7	33	test/functional/topics_controller_test.rb

--e34615c983--2013-09-24--Elliot Crosby-McCullough
22	0	db/data_migration/20130924145950_fixup_change_notes.rb
1	1	db/schema.rb

--a92f08e69b--2013-09-24--Tekin Suleyman
2	2	app/models/organisation/organisation_type_concern.rb
4	4	test/functional/organisations_controller_test.rb

--12138efe08--2013-09-24--Bradley Wright
--cbff905315--2013-09-24--tombye
2	1	app/assets/stylesheets/frontend/reset/_govuk-overrides.scss

--c691de64dd--2013-09-24--Tekin Suleyman
13	7	app/controllers/admin/classification_featurings_controller.rb
3	2	app/models/classification.rb
4	4	app/models/classification_featuring.rb
1	0	app/models/edition.rb
4	4	app/views/admin/classification_featurings/index.html.erb
1	1	test/unit/classification_test.rb

--e22029daf7--2013-09-24--Tekin Suleyman
1	1	app/views/admin/classification_featurings/index.html.erb

--564cf76f96--2013-09-24--Tekin Suleyman
21	3	app/views/admin/classification_featurings/index.html.erb

--518267fc95--2013-09-23--Tekin Suleyman
1	1	app/controllers/admin/classification_featurings_controller.rb
2	1	app/helpers/admin/tabbed_nav_helper.rb
3	1	config/routes.rb

--a9d8f89269--2013-09-23--Tekin Suleyman
31	0	app/models/classification.rb
0	32	app/models/topical_event.rb
54	1	test/unit/classification_test.rb
0	53	test/unit/topical_event_test.rb

--ef2ac70a21--2013-09-23--Tekin Suleyman
8	0	app/helpers/admin/tabbed_nav_helper.rb
1	1	app/views/admin/about_pages/show.html.erb
1	1	app/views/admin/classification_featurings/index.html.erb
1	1	app/views/admin/classifications/_form.html.erb
0	0	app/views/admin/{topical_events => classifications}/_tab_wrapper.html.erb
1	2	app/views/admin/topics/index.html.erb
38	0	app/views/admin/topics/show.html.erb
1	1	config/routes.rb
2	0	features/step_definitions/topic_steps.rb
8	0	test/functional/admin/topics_controller_test.rb

--5797ff9645--2013-09-23--Tekin Suleyman
3	3	app/views/admin/topical_events/show.html.erb

--f4b444681e--2013-09-23--Tekin Suleyman
15	13	app/controllers/admin/topical_events_controller.rb
3	0	app/controllers/admin/topics_controller.rb
62	0	test/functional/admin/topical_events_controller_test.rb
36	136	test/functional/admin/topics_controller_test.rb

--7565112007--2013-09-23--Tekin Suleyman
5	5	app/views/admin/classifications/_form.html.erb
0	4	app/views/admin/classifications/_related_topics.html.erb
0	0	app/views/admin/classifications/_social_media.html.erb
0	0	app/views/admin/classifications/_start_end_dates.html.erb
31	0	app/views/admin/topical_events/_custom_form_fields.html.erb
0	8	app/views/admin/topical_events/_logo.html.erb
0	12	app/views/admin/topical_events/_social_media.html.erb
0	9	app/views/admin/topical_events/_start_end_dates.html.erb
0	0	app/views/admin/{classifications => topical_events}/show.html.erb
0	0	app/views/admin/{classifications/_logo.html.erb => topics/_custom_form_fields.html}

--cd03234315--2013-09-23--Tekin Suleyman
23	3	features/step_definitions/topic_steps.rb
5	0	features/topics.feature

--1afea186b3--2013-09-23--Tekin Suleyman
2	14	features/step_definitions/topic_steps.rb
4	11	features/step_definitions/topical_event_steps.rb
14	0	features/support/topical_events_helper.rb
15	0	features/support/topics_helper.rb
10	10	features/topical_events.feature

--b75beaa646--2013-09-24--Tekin Suleyman
--6e0ffb2435--2013-09-23--Matthew Ford
1	4	app/models/unpublishing.rb
1	1	test/unit/unpublishing_test.rb

--33e1936a66--2013-09-23--Bradley Wright
4	1	jenkins-new.sh
3	0	jenkins-parallel.sh

--616744be72--2013-09-23--Bradley Wright
10	1	app/controllers/public_uploads_controller.rb
6	0	test/functional/attachments_controller_test.rb
4	9	test/integration/upload_access_test.rb

--69f5feb5b8--2013-09-23--Bradley Wright
0	49	app/controllers/uploads_controller_helper.rb

--b583563563--2013-09-23--Bradley Wright
21	15	app/controllers/attachments_controller.rb
9	1	app/controllers/public_uploads_controller.rb

--59121a13cf--2013-09-23--Bradley Wright
46	2	app/controllers/public_uploads_controller.rb

--6bb9fe1d85--2013-09-20--Matthew Ford
1	1	app/models/unpublishing.rb

--f002b82b85--2013-09-17--Matthew Ford
1	1	app/controllers/admin/edition_workflow_controller.rb
8	2	app/models/edition/publishing.rb
17	0	app/models/unpublishing.rb
1	1	test/functional/admin/edition_workflow_controller_test.rb
18	8	test/unit/edition/publishing_test.rb
1	1	test/unit/edition/searchable_test.rb
2	2	test/unit/edition_test.rb
1	1	test/unit/policy_search_index_observer_test.rb
1	1	test/unit/supporting_page_search_index_observer_test.rb
8	0	test/unit/unpublishing_test.rb
1	0	test/unit/whitehall/exporters/document_mappings_test.rb