--f2e1e2f2a7--2013-08-02--David Heath
--ab27676f31--2013-08-02--David Heath
--6888a84d62--2013-08-01--Tekin Suleyman
5	3	features/edition-attachments.feature
12	9	features/step_definitions/publication_steps.rb
3	1	test/functional/admin/attachments_controller_test.rb

--62f0d3325f--2013-08-01--Tekin Suleyman
2	2	app/views/admin/attachments/_attachments.html.erb
2	2	app/views/admin/attachments/_form.html.erb
10	0	features/edition-attachments.feature
2	8	features/step_definitions/consultation_steps.rb
12	7	features/step_definitions/publication_steps.rb
7	0	features/support/attachment_helper.rb
11	5	test/functional/admin/attachments_controller_test.rb

--e7b932ec79--2013-07-31--Bradley Wright
3	0	app/views/admin/organisations/show.html.erb

--3bf219d012--2013-07-31--Bradley Wright
1	1	app/views/admin/organisations/_form.html.erb

--6957549376--2013-07-31--Bradley Wright
37	33	app/assets/javascripts/admin/organisation_edit.js

--e1959b96db--2013-07-31--Bradley Wright
6	5	app/controllers/organisations_controller.rb
11	0	test/functional/organisations_controller_test.rb

--c2ba631397--2013-07-31--Bradley Wright
1	1	app/controllers/organisations_controller.rb
7	1	app/views/organisations/{external.html.erb => not_live.html.erb}
30	6	test/functional/organisations_controller_test.rb

--f1ee00d562--2013-07-31--Bradley Wright
0	1	app/models/organisation.rb

--0b30ea1751--2013-07-29--Bradley Wright
1	0	app/assets/javascripts/admin/on_ready.js
42	0	app/assets/javascripts/admin/organisation_edit.js
12	0	test/javascripts/unit/closed-organisation-hide-date_test.js

--fc01d0c4c6--2013-07-29--Bradley Wright
1	0	app/models/organisation.rb
4	0	app/views/admin/organisations/_form.html.erb

--6fc258a478--2013-07-29--Bradley Wright
5	1	app/models/organisation.rb
8	0	test/unit/organisation_test.rb

--2d22556246--2013-07-29--Bradley Wright
5	1	app/models/organisation.rb
1	1	app/views/admin/organisations/_form.html.erb
5	0	test/unit/organisation_test.rb

--61e884e03e--2013-07-29--Bradley Wright
5	0	db/migrate/20130729091028_add_closed_state_to_orgs.rb
1	0	db/schema.rb