--a896601ee2--2013-05-22--Bradley Wright
--ef4ca0c323--2013-05-22--Bradley Wright
--5438feee90--2013-05-22--Tekin Suleyman
--1778b36f82--2013-05-22--Tekin Suleyman
1	1	features/support/env.rb

--3a7168a44a--2013-05-22--Murray Steele
2	2	config/routes.rb

--3d4d3e3ae7--2013-05-22--Bradley Wright
9	0	app/presenters/api/base_presenter.rb
1	9	app/presenters/api/detailed_guide_presenter.rb
1	9	app/presenters/api/world_location_presenter.rb
1	9	app/presenters/api/worldwide_organisation_presenter.rb

--d44b82f485--2013-05-22--Murray Steele
8	0	app/controllers/announcements_controller.rb
6	0	app/controllers/detailed_guides_controller.rb
14	2	app/controllers/documents_controller.rb
0	9	test/functional/documents_controller_test.rb
62	0	test/integration/document_locale_param_canonicalisation_test.rb

--ad837b2e84--2013-05-22--Murray Steele
7	1	app/presenters/feature_presenter.rb
70	0	test/unit/presenters/feature_presenter_test.rb

--a08552f799--2013-05-22--Tekin Suleyman
2	0	lib/tasks/test_parallel.rake

--14cd14957b--2013-05-22--Tekin Suleyman
10	8	features/support/quarantine.rb

--ac9c4df125--2013-05-21--Tekin Suleyman
15	17	test/unit/edition/topical_events_test.rb

--5fdbe61a9e--2013-05-21--Tekin Suleyman
3	0	config/database.yml

--1b9a8d7652--2013-05-21--Tekin Suleyman
10	0	lib/tasks/test_parallel.rake

--347b80e59f--2013-05-21--Matthew Ford
--3ebf073a08--2013-05-21--Murray Steele
7	0	config/locales/ar.yml
3	0	config/locales/az.yml
5	0	config/locales/be.yml
3	0	config/locales/bg.yml
3	0	config/locales/bn.yml
4	0	config/locales/cs.yml
7	0	config/locales/cy.yml
3	0	config/locales/de.yml
3	0	config/locales/dr.yml
3	0	config/locales/el.yml
3	0	config/locales/es-419.yml
3	0	config/locales/es.yml
3	0	config/locales/fa.yml
3	0	config/locales/fr.yml
5	0	config/locales/he.yml
3	0	config/locales/hi.yml
3	0	config/locales/hu.yml
3	0	config/locales/hy.yml
3	0	config/locales/id.yml
3	0	config/locales/it.yml
3	0	config/locales/ja.yml
3	0	config/locales/ka.yml
3	0	config/locales/ko.yml
4	0	config/locales/lt.yml
3	0	config/locales/lv.yml
3	0	config/locales/ms.yml
5	0	config/locales/pl.yml
3	0	config/locales/ps.yml
3	0	config/locales/pt.yml
4	0	config/locales/ro.yml
5	0	config/locales/ru.yml
3	0	config/locales/si.yml
4	0	config/locales/sk.yml
3	0	config/locales/so.yml
3	0	config/locales/sq.yml
5	0	config/locales/sr.yml
3	0	config/locales/sw.yml
3	0	config/locales/ta.yml
3	0	config/locales/th.yml
3	0	config/locales/tk.yml
3	0	config/locales/tr.yml
5	0	config/locales/uk.yml
3	0	config/locales/ur.yml
3	0	config/locales/uz.yml
3	0	config/locales/vi.yml
3	0	config/locales/zh-hk.yml
3	0	config/locales/zh-tw.yml
3	0	config/locales/zh.yml

--2702cb7b34--2013-05-21--Murray Steele
15	1	app/helpers/topics_helper.rb
4	0	app/views/documents/_header.html.erb
3	0	config/locales/en.yml
8	0	features/step_definitions/topical_event_steps.rb
4	0	features/topical_events.feature

--f2d5016e5c--2013-05-21--Tekin Suleyman
5	0	jenkins-parallel.sh

--e193960646--2013-05-21--Tekin Suleyman
1	1	jenkins-parallel.sh

--b358fe70c0--2013-05-21--Tekin Suleyman
12	0	features/support/quarantine.rb

--30fed0f2c1--2013-05-21--Tekin Suleyman
1	1	features/support/env.rb

--8139bef7f4--2013-05-21--Tekin Suleyman
1	1	test/fixtures/whitehall_data_migrator/20100101120000_migrate_some_data.rb
5	5	test/unit/whitehall/data_migrator_test.rb

--65d7286ded--2013-05-21--Tekin Suleyman
2	2	Gemfile.lock

--a7c1e02847--2013-05-21--Murray Steele
1	1	features/step_definitions/consultation_steps.rb
1	1	features/step_definitions/news_article_steps.rb
1	1	features/step_definitions/organisation_steps.rb
4	4	features/step_definitions/publication_steps.rb
1	1	features/step_definitions/upload_steps.rb
1	1	features/step_definitions/world_location_news_article_steps.rb
1	1	features/support/path_helper.rb

--719dbe5fd6--2013-05-21--Murray Steele
2	3	app/presenters/document_filter_presenter.rb
10	6	lib/whitehall/decorators/collection_decorator.rb
1	18	lib/whitehall/decorators/decorator.rb
47	0	lib/whitehall/decorators/delegate_instance_methods_of.rb

--59a3e9be38--2013-05-21--Murray Steele
0	4	app/presenters/attachments_presenter.rb

--a48b3e9e73--2013-05-21--Murray Steele
5	3	test/test_helper.rb
0	2	test/unit/presenters/news_article_presenter_test.rb
1	3	test/unit/presenters/promotional_feature_item_presenter_test.rb
1	3	test/unit/presenters/promotional_feature_presenter_test.rb
1	3	test/unit/presenters/promotional_features_presenter_test.rb
1	1	test/unit/presenters/world_location_news_article_presenter_test.rb

--948b5cbe94--2013-05-21--Murray Steele
1	1	app/controllers/organisations_controller.rb
1	1	app/controllers/world_locations_controller.rb
6	7	app/presenters/feature_list_presenter.rb
10	6	test/unit/presenters/feature_list_presenter_test.rb

--ce316c1711--2013-05-20--Murray Steele
1	1	app/controllers/topical_events_controller.rb
5	5	app/presenters/featured_edition_presenter.rb

--f0cfc9011e--2013-05-20--Murray Steele
1	1	app/controllers/organisations_controller.rb
9	8	app/presenters/promotional_feature_item_presenter.rb
15	7	app/presenters/promotional_feature_presenter.rb
12	11	app/presenters/promotional_features_presenter.rb
4	2	test/unit/presenters/promotional_feature_item_presenter_test.rb
19	15	test/unit/presenters/promotional_feature_presenter_test.rb
8	4	test/unit/presenters/promotional_features_presenter_test.rb

--4166d9e9ae--2013-05-20--Murray Steele
4	1	app/controllers/groups_controller.rb
1	1	app/controllers/historic_appointments_controller.rb
11	6	app/controllers/ministerial_roles_controller.rb
2	2	app/controllers/people_controller.rb
2	2	app/helpers/application_helper.rb
16	15	app/presenters/person_presenter.rb
1	1	app/presenters/role_appointment_presenter.rb
2	2	app/presenters/role_presenter.rb
2	2	app/views/ministerial_roles/index.html.erb
2	2	test/functional/historic_appointments_controller_test.rb
1	1	test/unit/presenters/person_presenter_test.rb
2	2	test/unit/presenters/role_presenter_test.rb

--ee6680fcb4--2013-05-20--Murray Steele
1	1	app/controllers/groups_controller.rb
3	3	app/controllers/historic_appointments_controller.rb
6	6	app/controllers/ministerial_roles_controller.rb
3	3	app/controllers/worldwide_organisations_controller.rb
1	1	app/helpers/application_helper.rb
3	1	app/helpers/historic_appointments_helper.rb
1	1	app/models/edition/ministers.rb
3	3	app/presenters/person_presenter.rb
5	2	app/presenters/role_appointment_presenter.rb
13	9	app/presenters/role_presenter.rb
5	25	app/presenters/roles_presenter.rb
3	3	app/views/admin/editions/_speed_tagging.html.erb
4	1	lib/whitehall/controllers/roles_presenters.rb
7	0	lib/whitehall/decorators/collection_decorator.rb
1	1	test/functional/historic_appointments_controller_test.rb
8	8	test/functional/ministerial_roles_controller_test.rb
1	1	test/unit/presenters/role_appointment_presenter_test.rb
2	2	test/unit/presenters/role_presenter_test.rb
1	1	test/unit/presenters/roles_presenter_test.rb

--83b29d42bb--2013-05-20--Murray Steele
16	0	lib/whitehall/decorators/decorator.rb

--9315bbe053--2013-05-20--Murray Steele
2	3	app/presenters/announcement_presenter.rb
2	3	app/presenters/case_study_presenter.rb
2	3	app/presenters/detailed_guide_presenter.rb
2	3	app/presenters/fatality_notice_presenter.rb
2	3	app/presenters/news_article_presenter.rb
2	3	app/presenters/policy_presenter.rb
2	3	app/presenters/publicationesque_presenter.rb
2	3	app/presenters/speech_presenter.rb
2	3	app/presenters/statistical_data_set_presenter.rb
2	3	app/presenters/world_location_news_article_presenter.rb
2	3	app/presenters/worldwide_organisation_presenter.rb
2	3	app/presenters/worldwide_priority_presenter.rb
4	0	lib/whitehall/decorators.rb
18	0	lib/whitehall/decorators/decorator.rb

--9b2884f9d8--2013-05-20--Murray Steele
1	1	app/presenters/world_location_news_article_presenter.rb
3	2	app/presenters/worldwide_organisation_presenter.rb

--52c2171860--2013-05-20--Murray Steele
1	1	app/controllers/ministerial_roles_controller.rb
1	1	app/controllers/news_articles_controller.rb
1	1	app/controllers/organisations_controller.rb
2	2	app/controllers/world_locations_controller.rb
3	3	app/presenters/person_presenter.rb
3	3	app/presenters/role_presenter.rb
2	2	test/functional/document_series_controller_test.rb
2	1	test/functional/home_controller_test.rb
5	5	test/functional/organisations_controller_test.rb
4	4	test/functional/world_locations_controller_test.rb
1	1	test/support/document_controller_test_helpers.rb

--4f93c49f18--2013-05-20--Murray Steele
0	10	config/initializers/draper_patch.rb

--5520a08d51--2013-05-17--Murray Steele
1	1	app/controllers/case_studies_controller.rb
7	7	app/controllers/document_series_controller.rb
1	1	app/controllers/fatality_notices_controller.rb
3	3	app/controllers/home_controller.rb
5	5	app/controllers/organisations_controller.rb
4	0	app/controllers/public_facing_controller.rb
1	1	app/controllers/statistical_data_sets_controller.rb
3	3	app/controllers/topical_events_controller.rb
2	2	app/controllers/topics_controller.rb
4	4	app/controllers/world_locations_controller.rb
4	3	test/functional/home_controller_test.rb
4	4	test/functional/world_locations_controller_test.rb

--8dd061936f--2013-05-17--Murray Steele
6	5	app/controllers/announcements_controller.rb
7	2	app/controllers/policies_controller.rb
7	2	app/controllers/publications_controller.rb

--3d09639f27--2013-05-17--Murray Steele
83	0	lib/whitehall/decorators/collection_decorator.rb

--f360a9cc5a--2013-05-17--Murray Steele
1	1	app/helpers/public_document_routes_helper.rb

--231000d07d--2013-05-17--Murray Steele
5	4	app/presenters/announcement_presenter.rb
3	2	app/presenters/case_study_presenter.rb
5	3	app/presenters/detailed_guide_presenter.rb
7	2	app/presenters/edition_collection_presenter.rb
7	6	app/presenters/edition_presenter_helper.rb
3	2	app/presenters/fatality_notice_presenter.rb
3	2	app/presenters/news_article_presenter.rb
3	2	app/presenters/policy_presenter.rb
4	3	app/presenters/publicationesque_presenter.rb
3	2	app/presenters/speech_presenter.rb
3	2	app/presenters/statistical_data_set_presenter.rb
3	2	app/presenters/world_location_news_article_presenter.rb
3	2	app/presenters/worldwide_priority_presenter.rb
3	3	test/unit/presenters/announcement_presenter_test.rb
1	1	test/unit/presenters/document_filter_presenter_test.rb
16	11	test/unit/presenters/edition_collection_presenter_test.rb
2	2	test/unit/presenters/news_article_presenter_test.rb
6	6	test/unit/presenters/publicationesque_presenter_test.rb
1	1	test/unit/presenters/world_location_news_article_presenter_test.rb

--e1f31070b1--2013-05-17--Murray Steele
2	2	app/controllers/announcements_controller.rb
2	2	app/controllers/policies_controller.rb
2	2	app/controllers/publications_controller.rb
4	0	app/presenters/document_filter_presenter.rb
16	0	lib/whitehall/document_filter/filterer.rb

--691310357f--2013-05-17--Murray Steele
2	2	app/presenters/announcement_filter_json_presenter.rb
18	18	app/presenters/document_filter_presenter.rb
2	2	app/presenters/publication_filter_json_presenter.rb
7	7	test/unit/presenters/document_filter_presenter_test.rb
1	1	test/unit/presenters/publication_filter_json_presenter_test.rb

--36742f00c1--2013-05-17--Murray Steele
2	2	test/test_helper.rb

--18d48202b9--2013-05-17--Murray Steele
3	2	app/controllers/api/detailed_guides_controller.rb
3	2	app/controllers/api/world_locations_controller.rb
3	2	app/controllers/api/worldwide_organisations_controller.rb
9	9	test/functional/api/detailed_guides_controller_test.rb
8	8	test/functional/api/world_locations_controller_test.rb
8	8	test/functional/api/worldwide_organisations_controller_test.rb

--4855faa5c9--2013-05-16--Murray Steele
11	10	app/presenters/api/detailed_guide_presenter.rb
2	5	app/presenters/api/mainstream_category_tag_presenter.rb
13	16	app/presenters/api/page_presenter.rb
10	9	app/presenters/api/world_location_presenter.rb
27	26	app/presenters/api/worldwide_organisation_presenter.rb
10	6	test/unit/presenters/api/detailed_guide_presenter_test.rb
1	1	test/unit/presenters/api/page_presenter_test.rb
10	6	test/unit/presenters/api/world_location_presenter_test.rb
10	6	test/unit/presenters/api/worldwide_organisation_presenter_test.rb

--88f2ded5a6--2013-05-16--Murray Steele
1	11	app/controllers/admin/classifications_controller.rb
1	1	app/helpers/classification_routes_helper.rb
7	0	app/helpers/topics_helper.rb
1	5	app/views/admin/topical_events/index.html.erb
1	5	app/views/admin/topics/index.html.erb
27	0	test/unit/helpers/topics_helper_test.rb

--946242bcd3--2013-05-16--Murray Steele
0	1	Gemfile
0	15	Gemfile.lock