--ec4c6a2d7d--2013-04-19--Bradley Wright
--f513eb731e--2013-04-19--Bradley Wright
--9bde1ad2ff--2013-04-19--Edd Sowden
6	3	app/assets/javascripts/application/hide-other-links.js
1	0	app/assets/javascripts/application/on_ready.js
0	34	app/assets/stylesheets/frontend/helpers/_document-page-header.scss
16	0	app/helpers/organisation_helper.rb
3	3	app/views/documents/_header.html.erb
11	0	app/views/organisations/_organisations_name_list.html.erb
1	1	features/step_definitions/world_location_news_article_steps.rb
2	2	test/functional/policies_controller_test.rb
27	11	test/javascripts/unit/hide-other-links-test.js

--e944ab314f--2013-04-19--Bradley Wright
2	1	lib/whitehall/gov_uk_delivery/notifier.rb
7	0	test/unit/whitehall/gov_uk_delivery/notifier_test.rb

--e9da78baee--2013-04-18--Matthew Ford
0	7	app/views/ministerial_roles/index.html.erb

--455c6dadb9--2013-04-18--Bradley Wright
--6e3871a307--2013-04-17--Bradley Wright
11	11	app/views/documents/_filter_form.html.erb

--dbaf70e306--2013-04-18--Murray Steele
--85b7415e5a--2013-04-18--Murray Steele
--c02f01070c--2013-04-18--Edd Sowden
1	1	app/views/admin/editions/_conflict.html.erb
1	1	app/views/admin/editions/_outbound_links.html.erb
0	0	app/views/{ => admin}/organisations/_organisations_name_list.html.erb

--97340a3d1c--2013-04-18--Edd Sowden
--634930d59d--2013-04-18--russell thorn
1	1	app/views/home/get_involved.html.erb

--0ff03cfadf--2013-04-18--Bradley Wright
0	1	config/initializers/gds-sso.rb

--4c36f1a5f2--2013-04-18--Bradley Wright
1	1	Gemfile
11	11	Gemfile.lock

--6c9f794d86--2013-04-18--Murray Steele
1	1	app/helpers/govspeak_helper.rb
13	0	test/unit/helpers/admin/admin_govspeak_helper_test.rb

--b4926218e4--2013-04-18--Bradley Wright
1	1	app/controllers/public_facing_controller.rb

--8f140fa5b3--2013-04-18--russell thorn
0	5	app/assets/stylesheets/frontend/helpers/_available-languages.scss
1	1	app/views/shared/_available_languages.html.erb

--2a4c7cdb42--2013-04-17--russell thorn
3	3	app/assets/stylesheets/frontend/helpers/_available-languages.scss
2	0	app/assets/stylesheets/frontend/helpers/_document-page-header.scss
1	1	app/views/world_locations/show.html.erb

--a9a4469a1f--2013-04-18--Bradley Wright
--b98bc739f8--2013-04-17--David Thompson
23	23	app/views/histories/10_downing_street.html.erb
2	2	app/views/histories/11_downing_street.html.erb
6	6	app/views/histories/1_horse_guards.html.erb
4	4	app/views/histories/king_charles_street.html.erb
3	3	app/views/histories/lancaster_house.html.erb

--33a2eea418--2013-04-17--Chris Parsons
10	0	app/helpers/admin/editions_helper.rb
4	0	app/models/speech_type.rb
2	2	app/views/admin/editions/show.html.erb
9	3	app/views/admin/speeches/_speech_details.html.erb
2	1	features/editing-draft-speeches.feature
5	1	features/step_definitions/speech_steps.rb

--c758d0c2ef--2013-04-17--Bradley Wright
--93b5f96387--2013-04-17--Bradley Wright
--ed518ed4e4--2013-04-17--Bradley Wright
6	0	db/data_migration/20130417221355_remove_jerusalem.rb

--e335b1f3cb--2013-04-16--Matthew Ford
1	1	test/unit/role_test.rb

--1d0fc8bd99--2013-04-16--Matthew Ford
4	0	app/helpers/admin/roles_helper.rb
4	8	app/models/role.rb
3	3	app/models/role_attends_cabinet_type.rb
3	3	app/models/role_payment_type.rb
1	1	app/views/people/_person.html.erb

--bd01f89b5e--2013-04-10--Matthew Ford
24	0	db/data_migration/20130410161430_add_payment_and_attendance_to_roles.rb

--21ae9b4c30--2013-04-10--Matthew Ford
1	1	app/assets/stylesheets/frontend/views/_ministerial-roles.scss
5	0	app/controllers/ministerial_roles_controller.rb
7	0	app/models/minister_sorter.rb
23	0	app/models/role.rb
8	0	app/models/role_attends_cabinet_type.rb
10	0	app/models/role_payment_type.rb
4	0	app/views/admin/roles/_form.html.erb
27	0	app/views/ministerial_roles/index.html.erb
1	1	app/views/people/_person.html.erb
6	0	db/migrate/20130410132316_add_extra_fields_to_roles.rb
3	1	db/schema.rb
10	0	features/step_definitions/minister_steps.rb
8	0	features/viewing-minister-pages.feature
19	0	test/functional/ministerial_roles_controller_test.rb
28	0	test/unit/role_test.rb

--f9ccd99e4f--2013-04-17--Murray Steele
2	0	config/locales/ar.yml
2	0	config/locales/az.yml
2	0	config/locales/be.yml
2	0	config/locales/bg.yml
2	0	config/locales/bn.yml
2	0	config/locales/cs.yml
2	0	config/locales/cy.yml
2	0	config/locales/de.yml
2	0	config/locales/dr.yml
2	0	config/locales/el.yml
2	0	config/locales/es-419.yml
2	0	config/locales/es.yml
2	0	config/locales/fa.yml
2	0	config/locales/fr.yml
2	0	config/locales/he.yml
2	0	config/locales/hi.yml
2	0	config/locales/hu.yml
2	0	config/locales/hy.yml
2	0	config/locales/id.yml
2	0	config/locales/it.yml
2	0	config/locales/ja.yml
2	0	config/locales/ka.yml
2	0	config/locales/ko.yml
2	0	config/locales/lt.yml
2	0	config/locales/lv.yml
2	0	config/locales/ms.yml
2	0	config/locales/pl.yml
2	0	config/locales/ps.yml
2	0	config/locales/pt.yml
2	0	config/locales/ro.yml
2	0	config/locales/ru.yml
2	0	config/locales/si.yml
2	0	config/locales/sk.yml
2	0	config/locales/so.yml
2	0	config/locales/sq.yml
2	0	config/locales/sr.yml
2	0	config/locales/sw.yml
2	0	config/locales/ta.yml
2	0	config/locales/th.yml
2	0	config/locales/tk.yml
2	0	config/locales/tr.yml
2	0	config/locales/uk.yml
2	0	config/locales/ur.yml
2	0	config/locales/uz.yml
2	0	config/locales/vi.yml
2	0	config/locales/zh.yml

--c5a1b0764c--2013-04-17--Murray Steele
3	0	app/models/corporate_information_page_type.rb
4	0	app/views/organisations/_corporate_information.html.erb
2	0	config/locales/en.yml
2	1	test/unit/corporate_information_page_test.rb

--6c2ba8c52e--2013-04-17--russell thorn
1	1	app/views/layouts/frontend.html.erb

--78a125f61e--2013-04-16--russell thorn
2	0	app/helpers/application_helper.rb
1	0	app/views/layouts/frontend.html.erb

--daf97ce567--2013-04-17--Tekin Suleyman
1	0	app/models/promotional_feature_item.rb
1	1	lib/validators/url_validator.rb
6	0	test/unit/promotional_feature_item_test.rb
1	1	test/unit/promotional_feature_link_test.rb
4	4	test/unit/validators/url_validator_test.rb

--1eafca8b53--2013-04-17--Tekin Suleyman
1	0	app/assets/stylesheets/frontend/views/_organisations.scss
7	3	app/presenters/promotional_feature_item_presenter.rb
1	1	app/views/admin/promotional_feature_items/_promotional_feature_item.html.erb
1	1	app/views/organisations/_promotional_feature_item.html.erb
6	2	test/unit/presenters/promotional_feature_item_presenter_test.rb

--26fa8eda64--2013-04-17--Tekin Suleyman
1	1	app/assets/javascripts/admin/promotional_features.js
2	0	app/controllers/admin/promotional_features_controller.rb
2	0	app/models/promotional_feature.rb
1	22	app/views/admin/promotional_feature_items/_form.html.erb
24	0	app/views/admin/promotional_feature_items/_form_fields.html.erb
9	2	app/views/admin/promotional_features/_form.html.erb
9	1	app/views/admin/promotional_features/edit.html.erb
9	8	features/step_definitions/promotional_features_steps.rb

--5a5dc834a7--2013-04-17--Tekin Suleyman
5	0	app/views/admin/promotional_feature_items/_form.html.erb

--3312187530--2013-04-17--Tekin Suleyman
1	1	app/presenters/promotional_feature_item_presenter.rb
1	1	test/unit/presenters/promotional_feature_item_presenter_test.rb

--7aefc5d14b--2013-04-17--Tekin Suleyman
1	1	app/views/admin/promotional_feature_items/edit.html.erb