--29559a493a--2013-03-20--Chris Parsons
--272a2d5151--2013-03-20--Chris Parsons
--daa268314c--2013-03-20--Chris Parsons
9	6	test/unit/edition/limited_access_test.rb

--7b2c5107ca--2013-03-20--Chris Parsons
3	3	test/unit/edition/limited_access_test.rb

--43c456ae87--2013-03-20--Murray Steele
1	1	app/helpers/admin/edition_actions_helper.rb
1	1	features/editing-draft-worldwide-priorities.feature
1	1	features/publishing-worldwide-priorities.feature
1	1	features/step_definitions/worldwide_priority_steps.rb
1	1	features/translated-content.feature
1	1	features/world-location-news.feature

--d915efead5--2013-03-19--Murray Steele
4	0	app/models/edition.rb
3	3	app/models/edition/access_control.rb
2	2	app/models/edition/publishing.rb
2	0	app/models/edition/scheduled_publishing.rb
1	1	test/unit/edition/creating_draft_test.rb
3	2	test/unit/edition/publishing_test.rb

--2be7b5c148--2013-03-19--Murray Steele
2	2	app/controllers/admin/base_controller.rb

--e529afc852--2013-03-19--Murray Steele
4	1	lib/whitehall/authority/rules/edition_rules.rb
11	7	test/unit/whitehall/authority/authority_test_helper.rb

--28b986e288--2013-03-19--Murray Steele
1	1	app/controllers/admin/editions_controller.rb
1	0	test/functional/admin/edition_translations_controller_test.rb
9	1	test/functional/admin/edition_workflow_controller_test.rb
3	1	test/functional/admin/editions_controller_test.rb
1	0	test/functional/admin/editorial_remarks_controller_test.rb
1	0	test/functional/admin/fact_check_requests_controller_test.rb
1	1	test/functional/admin/worldwide_priorities_controller_test.rb
5	2	test/support/admin_edition_controller_test_helpers.rb

--9cd05221d9--2013-03-19--Murray Steele
11	2	app/controllers/admin/base_controller.rb
1	1	app/controllers/admin/edition_workflow_controller.rb
1	1	app/controllers/admin/editions_controller.rb
1	0	lib/whitehall/authority.rb
20	0	lib/whitehall/authority/errors.rb

--c0017fac01--2013-03-19--Murray Steele
1	1	lib/whitehall/authority/rules/document_rules.rb
13	17	lib/whitehall/authority/rules/edition_rules.rb

--532bda5320--2013-03-19--Murray Steele
16	11	lib/whitehall/authority/enforcer.rb
2	1	lib/whitehall/authority/rules/object_rules.rb

--e6e8940487--2013-03-19--Murray Steele
34	15	app/models/edition/limited_access.rb
4	0	app/models/user.rb
9	1	test/factories/users.rb
61	0	test/unit/edition/limited_access_test.rb

--757e0bd67b--2013-03-18--Murray Steele
3	2	lib/whitehall/authority/enforcer.rb
1	1	lib/whitehall/authority/rules/{world_location_news_article_rules.rb => world_edition_rules.rb}
3	0	test/unit/whitehall/authority/authority_test_helper.rb
47	0	test/unit/whitehall/authority/department_editor_worldwide_priority_test.rb
47	0	test/unit/whitehall/authority/department_writer_worldwide_priority_test.rb
116	0	test/unit/whitehall/authority/gds_editor_worldwide_priority_test.rb
154	0	test/unit/whitehall/authority/world_editor_worldwide_priority_test.rb
148	0	test/unit/whitehall/authority/world_writer_worldwide_priority_test.rb

--26bd8589a0--2013-03-18--Murray Steele
11	11	test/unit/whitehall/authority/authority_test_helper.rb

--ea2ef7b7af--2013-03-18--Murray Steele
42	55	test/unit/whitehall/authority/authority_test_helper.rb

--d554fcff3f--2013-03-18--Murray Steele
43	92	test/unit/whitehall/authority/authority_test_helper.rb
4	4	test/unit/whitehall/authority/department_editor_world_location_news_test.rb
4	4	test/unit/whitehall/authority/department_writer_world_location_news_test.rb
20	20	test/unit/whitehall/authority/gds_editor_world_location_news_test.rb
19	19	test/unit/whitehall/authority/world_editor_world_location_news_test.rb
18	18	test/unit/whitehall/authority/world_writer_world_location_news_test.rb

--c0f5b24791--2013-03-18--Murray Steele
3	1	lib/whitehall/authority/enforcer.rb
20	0	lib/whitehall/authority/rules/world_location_news_article_rules.rb
46	0	test/unit/whitehall/authority/authority_test_helper.rb
47	0	test/unit/whitehall/authority/department_editor_world_location_news_test.rb
47	0	test/unit/whitehall/authority/department_writer_world_location_news_test.rb
116	0	test/unit/whitehall/authority/gds_editor_world_location_news_test.rb
154	0	test/unit/whitehall/authority/world_editor_world_location_news_test.rb
148	0	test/unit/whitehall/authority/world_writer_world_location_news_test.rb

--a66c344a24--2013-03-18--Murray Steele
7	1	lib/whitehall/authority/rules/fatality_notice_rules.rb
59	0	test/unit/whitehall/authority/world_editor_fatality_notice_test.rb
62	0	test/unit/whitehall/authority/world_writer_fatality_notice_test.rb

--62d43e09d7--2013-03-18--Murray Steele
18	1	lib/whitehall/authority/rules/edition_rules.rb
5	0	test/unit/whitehall/authority/authority_test_helper.rb
158	0	test/unit/whitehall/authority/world_editor_test.rb
152	0	test/unit/whitehall/authority/world_writer_test.rb

--e5ec6dd320--2013-03-18--Murray Steele
17	3	app/models/user.rb
20	0	test/unit/user_test.rb

--687371c411--2013-03-18--Murray Steele
5	0	app/controllers/admin/edition_translations_controller.rb
21	0	app/controllers/admin/edition_workflow_controller.rb
21	1	app/controllers/admin/editions_controller.rb
5	0	app/controllers/admin/editorial_remarks_controller.rb
10	1	app/controllers/admin/fact_check_requests_controller.rb

--2056d9c0d0--2013-03-18--Murray Steele
19	13	lib/whitehall/authority/rules/edition_rules.rb
1	1	lib/whitehall/authority/rules/fatality_notice_rules.rb

--6105e29df8--2013-03-18--Murray Steele
18	0	app/helpers/admin/edition_actions_helper.rb
1	19	app/views/admin/editions/index.html.erb

--d0bd962648--2013-03-18--Murray Steele
17	0	app/controllers/admin/base_controller.rb

--519b41ed1e--2013-03-18--Murray Steele
2	1	lib/whitehall/authority/rules/edition_rules.rb
4	0	test/unit/whitehall/authority/department_editor_test.rb
4	0	test/unit/whitehall/authority/department_writer_test.rb
4	0	test/unit/whitehall/authority/gds_editor_test.rb

--8fe59b92b8--2013-03-15--Murray Steele
3	1	lib/whitehall/authority/enforcer.rb
14	0	lib/whitehall/authority/rules/fatality_notice_rules.rb
46	0	test/unit/whitehall/authority/authority_test_helper.rb
113	0	test/unit/whitehall/authority/department_editor_fatality_notice_test.rb
108	0	test/unit/whitehall/authority/department_writer_fatality_notice_test.rb
112	0	test/unit/whitehall/authority/gds_editor_fatality_notice_test.rb

--4716c477c4--2013-03-15--Murray Steele
15	6	lib/whitehall/authority/rules/edition_rules.rb
7	3	test/unit/whitehall/authority/department_editor_test.rb
7	3	test/unit/whitehall/authority/department_writer_test.rb
7	3	test/unit/whitehall/authority/gds_editor_test.rb

--28613a0571--2013-03-15--Murray Steele
1	1	lib/whitehall/authority/rules/edition_rules.rb
4	4	test/unit/whitehall/authority/department_editor_test.rb
4	4	test/unit/whitehall/authority/department_writer_test.rb
4	4	test/unit/whitehall/authority/gds_editor_test.rb

--dbf289b36b--2013-03-15--Murray Steele
60	38	test/unit/whitehall/authority/authority_test_helper.rb
2	1	test/unit/whitehall/authority/department_editor_test.rb
2	1	test/unit/whitehall/authority/department_writer_test.rb
2	2	test/unit/whitehall/authority/gds_editor_test.rb

--bb43e655ea--2013-03-15--Murray Steele
36	12	lib/whitehall/authority/rules/edition_rules.rb
5	14	test/unit/whitehall/authority/authority_test_helper.rb
43	34	test/unit/whitehall/authority/department_editor_test.rb
42	33	test/unit/whitehall/authority/department_writer_test.rb
53	33	test/unit/whitehall/authority/gds_editor_test.rb

--73250dd3e0--2013-03-13--Murray Steele
5	0	lib/whitehall/authority.rb
33	0	lib/whitehall/authority/enforcer.rb
18	0	lib/whitehall/authority/rules/document_rules.rb
66	0	lib/whitehall/authority/rules/edition_rules.rb
5	0	lib/whitehall/authority/rules/object_rules.rb
61	0	test/unit/whitehall/authority/authority_test_helper.rb
92	0	test/unit/whitehall/authority/department_editor_test.rb
87	0	test/unit/whitehall/authority/department_writer_test.rb
92	0	test/unit/whitehall/authority/gds_editor_test.rb

--6323a931f5--2013-03-20--Murray Steele
62	0	db/data_migration/20130320120104_remove_uk_delegation_to_the_oecd_as_duplicate.rb

--036709aff7--2013-03-20--Murray Steele
38	0	db/data_migration/20130320114904_add_some_more_countries_again.rb