--af4fdd4f0e--2013-03-12--Murray Steele
--fdc5aad121--2013-03-12--Tekin Suleyman
1	0	test/unit/import_test.rb

--384d158c0e--2013-03-12--Murray Steele
--fd58bb71a6--2013-03-12--Tekin Suleyman
4	0	config/application.rb
0	4	config/environments/development.rb
0	4	config/environments/production.rb
0	4	config/environments/test.rb

--6e5173cc18--2013-03-11--Tekin Suleyman
4	0	config/environments/test.rb
24	0	test/unit/i18n_key_test.rb

--ea42b3cccc--2013-03-11--Tekin Suleyman
23	0	config/locales/ar.yml
23	0	config/locales/az.yml
23	0	config/locales/be.yml
23	0	config/locales/bg.yml
23	0	config/locales/bn.yml
23	0	config/locales/cs.yml
23	0	config/locales/cy.yml
23	0	config/locales/de.yml
23	0	config/locales/dr.yml
23	0	config/locales/el.yml
23	0	config/locales/es-419.yml
23	0	config/locales/es.yml
23	0	config/locales/fa.yml
23	0	config/locales/fr.yml
23	0	config/locales/he.yml
23	0	config/locales/hi.yml
23	0	config/locales/hu.yml
23	0	config/locales/hy.yml
23	0	config/locales/id.yml
28	2	config/locales/it.yml
23	0	config/locales/ja.yml
23	0	config/locales/ka.yml
23	0	config/locales/ko.yml
23	0	config/locales/lt.yml
23	0	config/locales/lv.yml
23	0	config/locales/ms.yml
23	0	config/locales/pl.yml
23	0	config/locales/ps.yml
23	0	config/locales/pt.yml
23	0	config/locales/ro.yml
23	0	config/locales/ru.yml
23	0	config/locales/si.yml
23	0	config/locales/sk.yml
23	0	config/locales/so.yml
23	0	config/locales/sq.yml
23	0	config/locales/sr.yml
23	0	config/locales/sw.yml
23	0	config/locales/ta.yml
23	0	config/locales/th.yml
23	0	config/locales/tk.yml
23	0	config/locales/tr.yml
23	0	config/locales/uk.yml
23	0	config/locales/ur.yml
23	0	config/locales/uz.yml
23	0	config/locales/vi.yml
23	0	config/locales/zh.yml

--36d24d0885--2013-03-11--Tekin Suleyman
49	0	app/controllers/admin/organisation_translations_controller.rb
1	1	app/controllers/organisations_controller.rb
1	0	app/helpers/admin/organisation_helper.rb
3	0	app/models/organisation.rb
15	0	app/views/admin/organisation_translations/edit.html.erb
43	0	app/views/admin/organisation_translations/index.html.erb
14	14	app/views/organisations/_corporate_information.html.erb
2	2	app/views/organisations/_header.html.erb
6	5	app/views/organisations/about.html.erb
14	13	app/views/organisations/show.html.erb
23	0	config/locales/en.yml
3	2	config/routes.rb
19	0	db/migrate/20130308123623_translate_organisations.rb
15	0	db/schema.rb
34	0	features/administering-organisations.feature
41	0	features/step_definitions/organisation_steps.rb
11	0	features/support/organisation_helper.rb
1	1	test/factories/organisations.rb
166	0	test/functional/admin/organisation_translations_controller_test.rb
1	0	test/functional/admin/world_location_translations_controller_test.rb
1	0	test/functional/admin/worldwide_organisations_translations_controller_test.rb
1	1	test/functional/people_controller_test.rb
1	1	test/unit/edition/organisations_test.rb

--07be25187f--2013-03-12--Tekin Suleyman
33	19	app/models/import.rb
65	38	test/unit/import_test.rb

--54eb033c00--2013-03-12--Tekin Suleyman
0	8	lib/whitehall/uploader/news_article_row.rb
10	1	lib/whitehall/uploader/row.rb
0	8	lib/whitehall/uploader/speech_row.rb
5	1	test/unit/uploader/row_test.rb