--a140f9a870--2013-02-26--Murray Steele
--aea53cfdad--2013-02-26--Tom Ward
--d6ee1bcfe2--2013-02-26--Tekin Suleyman
3	0	app/views/admin/editions/_speed_tagging.html.erb
5	0	features/speed-tagging-editions.feature
4	0	features/step_definitions/speed_tagging_steps.rb

--52353d1128--2013-02-26--Tekin Suleyman
2	10	app/views/worldwide_organisations/_corporate_information.html.erb

--5cae1b94cb--2013-02-26--Edd Sowden
1	1	app/presenters/announcement_presenter.rb

--4ea6dd5ad7--2013-02-26--Murray Steele
10	0	db/migrate/20130226132051_fix_social_media_accounts_for_worldwide_organisations.rb
1	1	db/schema.rb

--e859bdd443--2013-02-26--Edd Sowden
11	95	app/assets/stylesheets/frontend/helpers/_document_list.scss
3	33	app/assets/stylesheets/frontend/helpers/_heading-block.scss
7	13	app/assets/stylesheets/frontend/helpers/_recently_updated.scss
0	4	app/assets/stylesheets/frontend/views/_biographical-page.scss
2	4	app/assets/stylesheets/frontend/views/_document-series.scss
0	20	app/assets/stylesheets/frontend/views/_organisations.scss
7	7	app/views/announcements/_list_description.html.erb
10	19	app/views/document_series/_editions_table.html.erb
1	1	app/views/documents/_filter_table.mustache
13	27	app/views/documents/_recently_changed_documents.html.erb
9	15	app/views/ministerial_roles/_policies.html.erb
9	18	app/views/ministerial_roles/show.html.erb
10	24	app/views/people/_announcment_list.html.erb
9	18	app/views/people/show.html.erb
7	9	app/views/policies/_list_description.html.erb
5	5	app/views/publications/_list_description.html.erb
11	18	app/views/shared/_recently_updated_documents.html.erb
6	6	app/views/topical_events/show.html.erb
5	5	test/functional/policies_controller_test.rb
5	5	test/functional/topics_controller_test.rb

--cf96f3ff03--2013-02-26--Edd Sowden
46	0	app/assets/stylesheets/frontend/helpers/_document_list.scss
1	1	app/assets/stylesheets/frontend/helpers/_recently_updated.scss
1	1	app/assets/stylesheets/frontend/views/_biographical-page.scss
1	1	app/assets/stylesheets/frontend/views/_document-series.scss
1	1	app/assets/stylesheets/frontend/views/_organisations.scss
1	1	app/views/documents/_filter_table.mustache
1	1	app/views/documents/_recently_changed_documents.html.erb
1	1	app/views/ministerial_roles/show.html.erb
1	1	app/views/people/_announcment_list.html.erb
1	1	app/views/people/show.html.erb
1	1	test/functional/topics_controller_test.rb

--7a05b56642--2013-02-25--Edd Sowden
18	107	app/assets/javascripts/application/document_filter.js
7	1	app/controllers/announcements_controller.rb
8	2	app/controllers/policies_controller.rb
3	1	app/controllers/publications_controller.rb
1	18	app/presenters/announcement_filter_json_presenter.rb
22	0	app/presenters/announcement_presenter.rb
13	15	app/presenters/{document_filter_json_presenter.rb => document_filter_presenter.rb}
20	0	app/presenters/edition_presenter_helper.rb
1	6	app/presenters/policy_filter_json_presenter.rb
5	0	app/presenters/policy_presenter.rb
1	19	app/presenters/publication_filter_json_presenter.rb
15	0	app/presenters/publicationesque_presenter.rb
2	49	app/views/announcements/index.html.erb
46	0	app/views/documents/_filter_table.mustache
3	36	app/views/policies/index.html.erb
2	47	app/views/publications/index.html.erb
2	2	features/step_definitions/publication_steps.rb
1	1	features/step_definitions/viewing_published_statistical_data_sets_steps.rb
4	4	test/functional/announcements_controller_test.rb
4	4	test/functional/publications_controller_test.rb
24	51	test/javascripts/unit/document_filter_test.js
0	22	test/unit/presenters/announcement_filter_json_presenter_test.rb
17	0	test/unit/presenters/announcement_presenter_test.rb
12	8	test/unit/presenters/{document_filter_json_presenter_test.rb => document_filter_presenter_test.rb}
0	16	test/unit/presenters/publication_filter_json_presenter_test.rb
18	0	test/unit/presenters/publicationesque_presenter_test.rb