--bd5925b7be--2013-02-08--David Heath
--7e860257ea--2013-02-08--James Adam
--49d0270390--2013-02-08--David Heath
1	1	app/controllers/admin/imports_controller.rb
4	0	app/views/admin/imports/index.html.erb

--7ac19e46a9--2013-02-08--James Adam
1	0	lib/whitehall/translation/importer.rb
11	0	test/unit/translation_importer_test.rb

--b621145c3d--2013-02-08--James Adam
6	0	lib/whitehall/translation/importer.rb
32	0	test/unit/translation_importer_test.rb

--77ce4269be--2013-02-08--James Adam
28	7	lib/tasks/translation.rake

--a8ba610e35--2013-02-08--James Adam
1	0	test/unit/translation_importer_test.rb

--218cee2c71--2013-02-08--James Adam
0	5	app/controllers/application_controller.rb
5	0	app/controllers/public_facing_controller.rb

--7e5c25d22f--2013-02-08--James Adam
8	1	lib/tasks/translation.rake
1	0	lib/whitehall/translation.rb
0	2	lib/whitehall/translation/exporter.rb
52	0	lib/whitehall/translation/importer.rb
108	0	test/unit/translation_importer_test.rb

--d2aefccffd--2013-02-07--James Adam
0	1	.gitignore
0	1	Gemfile
0	9	Gemfile.lock
0	5	config/initializers/localeapp.rb
10	0	lib/tasks/translation.rake
5	0	lib/whitehall/translation.rb
53	0	lib/whitehall/translation/exporter.rb
89	0	test/unit/translation_exporter_test.rb

--59ddaa8853--2013-02-07--James Adam
1	0	.gitignore
1	0	Gemfile
9	0	Gemfile.lock
5	0	config/initializers/localeapp.rb
240	58	config/locales/en.yml
242	57	config/locales/fr.yml

--b09b67e323--2013-02-07--James Adam
1	0	Gemfile
3	0	Gemfile.lock
5	0	app/controllers/application_controller.rb
1	1	app/helpers/application_helper.rb
1	1	app/helpers/document_helper.rb
13	0	app/helpers/translation_helper.rb
12	0	app/models/consultation.rb
4	0	app/models/edition.rb
4	0	app/models/international_priority.rb
4	0	app/models/news_article.rb
7	7	app/models/news_article_type.rb
4	0	app/models/publication.rb
18	18	app/models/publication_type.rb
8	0	app/models/speech.rb
4	0	app/models/world_location.rb
4	4	app/models/world_location_type.rb
1	1	app/presenters/edition_presenter_helper.rb
2	2	app/views/announcements/_list_description.html.erb
1	1	app/views/policies/_list_description.html.erb
1	1	app/views/publications/_list_description.html.erb
2	2	app/views/shared/_feeds.html.erb
2	2	app/views/shared/_recently_updated.html.erb
1	1	app/views/shared/_recently_updated_documents.html.erb
15	15	app/views/world_locations/show.html.erb
66	0	config/locales/en.yml
83	0	config/locales/fr.yml
14	0	test/functional/world_locations_controller_test.rb

--cce3a2a8b0--2013-02-07--James Adam
10	0	config/initializers/draper_patch.rb

--e287304d0a--2013-02-08--David Heath
7	5	app/models/import.rb
8	0	app/models/import_log.rb
56	0	db/migrate/20130208111623_separate_import_log_table.rb
9	2	db/schema.rb

--85b9d1cca7--2013-02-08--Tekin Suleyman
8	0	app/views/contacts/_contact.html.erb

--1198d1c06f--2013-02-08--Tekin Suleyman
2	2	app/views/worldwide_offices/show.html.erb

--483b08c2a8--2013-02-08--Tekin Suleyman
12	1	app/views/worldwide_offices/_worldwide_office.html.erb
12	0	features/step_definitions/worldwide_office_steps.rb
7	0	features/worldwide-offices.feature

--a655f209cf--2013-02-08--Tekin Suleyman
1	1	app/views/world_locations/show.html.erb