--1b280fc504--2012-05-31--Jenkins
--e063e663d6--2012-05-31--Paul Battley
5	1	app/models/edition/fact_checkable.rb
5	1	app/models/fact_check_request.rb
2	2	app/views/admin/editions/_fact_check_responses.html.erb
9	1	features/fact-checking-policies.feature
8	0	features/step_definitions/fact_checking_steps.rb
12	0	test/unit/edition/fact_checkable_test.rb

--9514a1f12c--2012-05-31--Jenkins
--2244a3895b--2012-05-31--Jenkins
--78eae106bf--2012-05-31--Jenkins
--a8522b71aa--2012-05-31--Jenkins
--70430d427d--2012-05-31--Jenkins
--8d487aec5c--2012-05-31--Jenkins
--3360b48614--2012-05-31--Jenkins
--fedc4c6d6f--2012-05-31--Jenkins
--f8f1145b5e--2012-05-31--Jenkins
--995505f814--2012-05-30--Jenkins
--f24f482449--2012-05-30--Jenkins
--d5865d3da2--2012-05-30--Jenkins
--bedc6386c9--2012-05-30--Jenkins
--c09fe2715c--2012-05-30--Jenkins
--6d011f29dd--2012-05-30--Jenkins
--bc5ce5ce0f--2012-05-30--Jenkins
--b1e38c7869--2012-05-30--Jenkins
--f2894aed63--2012-05-30--Jenkins
--aa33c70c7f--2012-05-30--Jenkins
--8b8e931a3a--2012-05-30--Jenkins
--414fdacfc5--2012-05-30--Jenkins
--44208bab7b--2012-05-30--Jenkins
--be09ff1eb2--2012-05-30--Jenkins
--63993ab603--2012-05-30--Jenkins
--a1bf927040--2012-05-30--Jenkins
--2eb5b2f740--2012-05-30--Jenkins
--5cb67019a9--2012-05-30--Jenkins
--badec1341e--2012-05-30--Jenkins
--b01f0b5564--2012-05-30--Jenkins
--880db63de4--2012-05-30--Jenkins
--b515b7a76c--2012-05-30--Jenkins
--308f7facf0--2012-05-30--Jenkins
--09ae326962--2012-05-30--Jenkins
--512c63b019--2012-05-30--Jenkins
--6cba3bcf32--2012-05-30--Jenkins
--fd9176bdce--2012-05-30--Jenkins
--cdc111b980--2012-05-30--Jenkins
--57f35c3509--2012-05-30--Jenkins
--55d0164d8f--2012-05-30--Jenkins
--18567f0682--2012-05-30--Jenkins
--6700bac595--2012-05-30--Jenkins
--e93723c022--2012-05-30--Jenkins
--7151a5baac--2012-05-30--Jenkins
--f66bf1d661--2012-05-30--Jenkins
--4460f2b48d--2012-05-29--Jenkins
--c052fab683--2012-05-29--Jenkins
--e75e070f8f--2012-05-29--Jenkins
--08038e682d--2012-05-29--Jenkins
--84f6e0b07d--2012-05-29--Jenkins
--441fdefcf7--2012-05-29--Jenkins
--da92786bf7--2012-05-29--Jenkins
--0ac7ced54e--2012-05-29--Jenkins
--3b17fc2ee3--2012-05-29--Jenkins
--bd80446dd8--2012-05-29--Jenkins
--ff21597f96--2012-05-29--Jenkins
--a973a4c24f--2012-05-29--Jenkins
--4ad9dfd145--2012-05-29--Jenkins
--c249f2ba3a--2012-05-29--Jenkins
--fef99637fc--2012-05-29--Jenkins
--f28ad694b4--2012-05-29--Jenkins
--48633d998c--2012-05-29--Jenkins
--6f7247b7ba--2012-05-29--Jenkins
--29e81afea5--2012-05-29--Jenkins
--d2b0349168--2012-05-29--Jenkins
--59d519c8c0--2012-05-29--Jenkins
--9fc6d413d0--2012-05-29--Jenkins
--abea091811--2012-05-29--Jenkins
--1a7f5c9387--2012-05-29--Jenkins
--9aaa51364c--2012-05-29--Jenkins
--416b6301e4--2012-05-28--Jenkins
--7867bbbec1--2012-05-28--Jenkins
--c67ba42858--2012-05-28--Jenkins
--9b5428cee2--2012-05-28--Jenkins
--620b77b502--2012-05-28--Jenkins
--790d541862--2012-05-28--Jenkins
--6f8c2c3933--2012-05-28--Jenkins
--7ca4f2be5a--2012-05-28--Jenkins
--a78e956158--2012-05-28--Jenkins
--5fa5889a35--2012-05-28--Jenkins
--8251455f9f--2012-05-28--Jenkins
--8070b200f6--2012-05-28--Jenkins
--95982dbd93--2012-05-28--Jenkins
--87578068f3--2012-05-28--Jenkins
--581e5c417a--2012-05-28--Jenkins
--067322226a--2012-05-28--Jenkins
--750ffc7bcc--2012-05-28--Jenkins
--05e5a91193--2012-05-28--Jenkins
--47a70514f6--2012-05-28--Jenkins
--e4e7a5b64e--2012-05-28--Jenkins
--c8d85ef46a--2012-05-28--Jenkins
--155e0b7174--2012-05-28--Jenkins
--0e146a9d8b--2012-05-28--Jenkins
--398f37ef9f--2012-05-25--Jenkins
--6c8f6899fb--2012-05-25--Jenkins
--23981cb6df--2012-05-25--Jenkins
--905d26fe21--2012-05-25--Jenkins
--f518f8c082--2012-05-25--Jenkins
--104ff6b233--2012-05-25--Jenkins
--834635d385--2012-05-25--Jenkins
--c1308c3004--2012-05-25--Jenkins
--c3c67115f7--2012-05-24--Tom Ward
23	0	20120524151543_ensure_documents_can_only_belong_to_a_single_organisation.rb
8	1	app/models/speech.rb
2	2	test/functional/organisations_controller_test.rb
10	0	test/unit/speech_test.rb