--37cf2a173--2014-05-07--elz
--24abcf4e4--2014-05-07--Cristina
--443a770b0--2014-05-07--Ariana
7	8	app/views/skins/_skin_top_navigation.html.erb

--db9e352d5--2014-05-07--Ariana
2	2	app/views/skins/_skin_top_navigation.html.erb

--8a4624a20--2014-05-07--Ariana
4	3	app/views/skins/_skin_top_navigation.html.erb
15	11	features/other/skin.feature
2	2	features/step_definitions/skin_steps.rb

--7a0d5571d--2014-05-06--Ariana
4	4	app/views/skins/_form.html.erb

--606197156--2014-05-06--Ariana
2	2	app/views/skins/new.html.erb

--b4dc195ea--2014-05-06--Ariana
8	15	app/views/skins/_skin_top_navigation.html.erb
2	2	app/views/skins/new_wizard.html.erb

--0125221ad--2014-05-06--Ariana
4	1	app/views/skins/_skin_top_navigation.html.erb

--5e8faa2f3--2014-05-06--Ariana
5	3	app/views/skins/index.html.erb

--38f389f8d--2014-05-06--Ariana
37	37	app/views/preferences/index.html.erb

--2442fe080--2014-05-06--Ariana
1	1	app/views/preferences/index.html.erb
1	1	app/views/works/_standard_form.html.erb

--50bb65320--2014-05-05--sarken
--78abba737--2014-05-05--Cecilia Watt
7	7	app/views/home/_dmca.html.erb

--cf8563e4f--2014-05-05--Cecilia Watt
1	1	app/views/home/_dmca.html.erb

--62f5397b5--2014-05-05--Cecilia Watt
1	1	app/views/home/dmca.html.erb

--126e75239--2014-05-05--Cecilia Watt
1	1	app/views/home/_dmca.html.erb

--fda57a9cc--2014-05-05--Cecilia Watt
1	1	app/controllers/application_controller.rb
2	3	app/views/home/_dmca.html.erb

--6572092da--2014-05-05--Cecilia Watt
83	476	app/views/home/_dmca.html.erb

--84dc8b6bb--2014-04-29--Cecilia Watt
5	0	app/controllers/home_controller.rb
485	0	app/views/home/_dmca.html.erb
3	0	app/views/home/dmca.html.erb
1	0	config/routes.rb

--8e7228f81--2014-04-27--elz
1	1	app/views/saved_works/index.html.erb

--79fb4d7ef--2014-04-17--elz
5	8	app/views/saved_works/index.html.erb

--c0a74e948--2014-04-17--elz
2	2	app/views/works/_work_header_navigation.html.erb

--48a60e347--2014-04-17--elz
7	8	app/views/users/_sidebar.html.erb

--42d91d587--2014-02-16--elz
1	0	app/models/work.rb

--2cf492f63--2014-02-16--elz
1	7	app/controllers/chapters_controller.rb
1	0	app/views/users/_sidebar.html.erb
0	40	features/other/reading.feature
46	0	features/other/saved_work.feature
10	3	features/step_definitions/generic_steps.rb
2	0	features/support/paths.rb
7	0	lib/tasks/after_tasks.rake
31	0	public/javascripts/saved_works.js

--274399b0c--2014-02-16--elz
1	1	app/views/layouts/_javascripts.html.erb
2	1	app/views/saved_works/index.html.erb

--93dd35996--2014-02-16--elz
1	1	app/controllers/saved_works_controller.rb
4	2	app/models/saved_work.rb
44	0	app/views/saved_works/index.html.erb

--0db129fec--2014-02-15--elz
19	2	app/controllers/saved_works_controller.rb
2	7	app/controllers/works_controller.rb
4	0	app/models/subscription.rb
1	0	app/models/user.rb
43	0	app/models/work_display.rb
7	8	app/views/comments/_commentable.html.erb
1	0	app/views/layouts/_javascripts.html.erb
11	0	app/views/saved_works/_form.html.erb
0	0	app/views/saved_works/index.html.erb
4	2	app/views/works/_work_header_navigation.html.erb
1	0	config/routes.rb

--f0bbe7cac--2014-02-06--elz
22	0	app/controllers/saved_works_controller.rb
11	0	app/models/saved_work.rb
11	0	db/migrate/20140206031705_create_saved_works.rb