--7c293e323--2014-04-30--Scott D. Sullivan
--8ba9d6adf--2014-04-30--Scott D. Sullivan
44	4	app/controllers/bookmarks_controller.rb
16	0	features/bookmarks/bookmark_create.feature

--e685d9aea--2014-04-30--zz9pzza
--31a6face5--2014-04-30--sarken
1	1	features/works/work_search.feature

--fe1925d67--2014-04-30--Cristina
--8d7c4cd11--2014-04-29--sarken
--e486ef9fd--2014-04-30--Cristina
--7627b7fbd--2014-04-30--sarken
7	7	public/help/categories-help.html
10	10	public/help/symbols-key.html

--792935586--2014-04-29--sarken
1	1	app/views/collections/_form.html.erb
1	1	app/views/users/_passwd.html.erb
1	1	app/views/users/change_username.html.erb

--3d71c9d88--2014-04-29--sarken
1	1	app/views/collections/_form.html.erb
1	1	app/views/users/_passwd.html.erb
1	1	app/views/users/change_username.html.erb

--8f372c354--2014-04-29--Cristina
--84dae5291--2014-04-29--Cristina
--76de89ed1--2014-04-29--Cristina
--7428c9650--2014-04-29--Cristina
--d0aaf1eae--2014-04-29--Cristina
--842cad785--2014-04-29--Ariana
2	2	app/views/user_mailer/claim_notification.html.erb
1	1	app/views/user_mailer/claim_notification.text.erb
3	3	app/views/user_mailer/invitation_to_claim.html.erb
1	1	app/views/user_mailer/invitation_to_claim.text.erb
11	3	spec/mailers/user_mailer_spec.rb

--80e43fea3--2014-04-29--Ariana
--0590c04ad--2014-04-29--Scott D. Sullivan
0	1	app/models/collection_item.rb
2	2	app/views/bookmarks/_bookmark_user_module.html.erb

--0223f580c--2014-04-29--Scott D. Sullivan
--d3279619a--2014-04-29--sarken
1	1	app/views/invite_requests/index.html.erb
4	4	app/views/users/_passwd.html.erb
1	1	app/views/users/change_password.html.erb
2	5	app/views/users/change_username.html.erb
1	1	features/other/invite_queue.feature

--ae399b338--2014-04-28--sarken
3	3	app/views/users/_passwd.html.erb

--8a7109f2c--2014-04-28--sarken
4	4	app/views/invite_requests/index.html.erb
7	4	app/views/users/_passwd.html.erb
7	4	app/views/users/change_password.html.erb
8	2	app/views/users/change_username.html.erb
3	9	features/other/invite_queue.feature
6	0	features/step_definitions/invite_steps.rb

--59408b5ff--2014-04-26--Scott D. Sullivan
--0213b9067--2014-04-24--Ariana
1	1	app/views/user_mailer/claim_notification.html.erb

--c8ada4b27--2014-04-24--Ariana
--d5cc93650--2014-04-14--Scott D. Sullivan
--907b30bef--2014-04-14--Scott D. Sullivan
1	1	app/controllers/bookmarks_controller.rb
1	1	app/controllers/collection_items_controller.rb
2	1	app/models/collection_item.rb
0	8	app/sweepers/bookmark_sweeper.rb
1	1	app/views/bookmarks/_bookmark_user_module.html.erb

--2e14fa4ad--2014-04-13--Scott D. Sullivan
3	1	app/controllers/bookmarks_controller.rb
1	1	app/controllers/collection_items_controller.rb
8	0	app/sweepers/bookmark_sweeper.rb
0	3	app/sweepers/collection_sweeper.rb
14	7	app/views/bookmarks/_bookmark_user_module.html.erb
8	6	features/other/bookmark_create.feature

--b2f8f4858--2014-04-13--Scott D. Sullivan
4	0	app/sweepers/collection_sweeper.rb
1	1	app/views/bookmarks/_bookmark_user_module.html.erb

--253929b30--2014-04-13--Scott D. Sullivan
--2fe3baf2e--2014-03-01--Ariana
4	4	features/support/factories.rb

--ac9f05af4--2014-03-01--Ariana
--6728a8ad3--2014-03-01--Ariana
1	2	app/views/user_mailer/claim_notification.text.erb
20	3	features/support/factories.rb
138	9	spec/mailers/user_mailer_spec.rb
11	0	spec/spec_helper.rb

--424d786fc--2014-02-27--Ariana
--f0e38de31--2014-02-26--Ariana
2	2	app/mailers/user_mailer.rb

--39813fbbf--2014-02-26--Ariana
5	2	app/views/user_mailer/claim_notification.html.erb
5	2	app/views/user_mailer/invitation_to_claim.html.erb

--b72b31433--2013-05-03--Scott D. Sullivan
1	1	app/views/bookmarks/_bookmark_user_module.html.erb
27	0	features/other/bookmark_create.feature
10	0	features/step_definitions/challenge_steps.rb

--2430f2c77--2013-04-26--Scott D. Sullivan
1	1	app/views/bookmarks/_bookmark_user_module.html.erb

--a6e9b157c--2013-04-26--Scott D. Sullivan
12	8	app/views/bookmarks/_bookmark_user_module.html.erb
70	0	features/other/bookmark_create.feature
2	0	features/support/paths.rb

--7472476cc--2013-12-26--sarken
12	0	features/step_definitions/tag_steps.rb
9	9	features/tags_and_wrangling/tag_search.feature

--34d26d643--2013-09-16--sarken
1	1	app/helpers/tags_helper.rb

--062bcca72--2013-08-11--sarken
1	1	app/helpers/tags_helper.rb

--48b1c4539--2013-07-08--sarken
2	2	public/help/symbols-key.html

--1aa8f0465--2013-10-30--sarken
4	2	app/views/works/_work_header_navigation.html.erb