--c6831130a--2013-09-28--Elz
--9ef8cab74--2013-09-26--shalott
--c92e40136--2013-09-25--sarken
27	0	features/works/chapter_edit.feature
47	2	features/works/work_drafts.feature

--9c7ba9722--2013-09-24--sarken
98	99	app/views/chapters/_chapter_form.html.erb

--d03328adc--2013-09-24--sarken
2	0	app/views/chapters/_chapter_form.html.erb

--d703982b9--2012-11-30--sarken
16	18	app/views/chapters/_chapter_form.html.erb
8	11	app/views/chapters/preview.html.erb
1	1	app/views/works/_standard_form.html.erb
1	1	app/views/works/preview.html.erb

--3689d527b--2012-11-30--sarken
3	0	app/views/chapters/_chapter_form.html.erb

--a98ab6088--2012-11-30--sarken
1	1	app/views/works/_standard_form.html.erb

--7c2fc9079--2012-11-29--sarken
8	5	app/views/works/_standard_form.html.erb
1	1	app/views/works/drafts.html.erb
8	8	app/views/works/preview.html.erb

--4d9ba9d23--2013-09-12--sarken
2	2	public/status/simple_status.html

--643b36537--2013-09-12--sarken
41	10	public/javascripts/jquery.timeago.js
1	0	public/javascripts/jquery.timeago.min.js
28	58	public/status/index.html
0	193	public/status/jquery.timeago.js
8	8	public/status/simple_status.html