--133a2a0b0--2012-07-25--Elz
--3637c0d1e--2012-07-25--Elz
--ffd288c33--2012-07-21--Sidra
236	236	doc/app/created.rid

--5167155ed--2012-07-14--Cristina
--850214424--2012-07-13--sarken
--423391b1b--2012-07-14--Scott D. Sullivan
1	1	app/views/stats/index.html.erb

--110c79e81--2012-07-14--sarken
4	0	public/stylesheets/site/2.0/17-zone-home.css

--07387e486--2012-07-14--Sidra
8	8	doc/app/HomeController.html
19	19	doc/app/UsersController.html
236	236	doc/app/created.rid

--abbfedf06--2012-07-12--Cristina
--b545082d7--2012-07-12--Cristina
--da403f19b--2012-07-12--Cristina
0	14	app/models/comment_observer.rb

--06b2cacf2--2012-07-12--Cristina
13	6	features/admin_post.feature

--916d44206--2012-07-12--Cristina
6	6	app/mailers/admin_mailer.rb
16	14	app/models/comment_observer.rb
1	0	config/config.yml

--b107f5a38--2012-07-11--sarken
2	2	app/views/users/_contents.html.erb

--d9ea641ad--2012-07-11--sarken
3	115	app/views/readings/_reading_blurb.html.erb
1	125	app/views/works/_work_blurb.html.erb
126	0	app/views/works/_work_module.html.erb

--ccbd0e4b1--2012-07-11--sarken
--0d3036515--2012-07-10--sarken
--4cb7aec3c--2012-07-09--sarken
--bacd8bf0c--2012-07-08--sarken
--9d099d1cf--2012-07-05--sarken
1	1	app/views/readings/_reading_blurb.html.erb
4	5	app/views/readings/index.html.erb

--26447e9cc--2012-06-17--sarken
1	1	app/views/readings/_reading_blurb.html.erb

--47206ef3c--2012-05-31--Tegan Mulholland
8	0	features/work_related.feature

--6594b096e--2012-05-24--sarken
1	1	app/views/readings/index.html.erb

--9548f96af--2012-05-24--sarken
0	3	app/views/readings/_reading.html.erb
4	2	app/views/readings/index.html.erb
0	11	public/stylesheets/sandbox.css

--1acea8f00--2012-05-23--sarken
2	8	app/views/readings/_reading.html.erb
113	107	app/views/readings/_reading_blurb.html.erb
2	2	public/stylesheets/sandbox.css
4	0	public/stylesheets/site/2.0/13-group-blurb.css

--119b22225--2012-05-23--sarken
1	1	app/views/readings/_reading_blurb.html.erb
1	1	app/views/readings/index.html.erb
1	1	public/stylesheets/site/2.0/13-group-blurb.css

--33a5eda35--2012-05-23--sarken
1	1	app/views/readings/_reading.html.erb

--e6b82cf38--2012-05-23--sarken
5	25	app/views/readings/_reading.html.erb
59	45	app/views/readings/_reading_blurb.html.erb
4	4	app/views/readings/index.html.erb
6	0	public/stylesheets/site/2.0/13-group-blurb.css
0	8	public/stylesheets/site/2.0/17-zone-home.css

--5dfdb3949--2012-05-14--sarken
2	2	app/views/readings/_reading.html.erb
2	0	app/views/readings/index.html.erb

--421573e88--2012-05-14--sarken
--725365405--2012-05-14--sarken
2	3	app/views/readings/_reading.html.erb
0	128	app/views/readings/_reading_blurb.html.erb
1	1	app/views/readings/index.html.erb

--dc01253da--2012-04-26--sarken
2	1	app/views/readings/_reading.html.erb
128	0	app/views/readings/_reading_blurb.html.erb

--6ae629b28--2012-04-26--sarken
1	1	app/views/readings/_reading.html.erb
128	0	app/views/readings/_reading_blurb.html.erb