--4783a2291--2011-06-11--Sidra
--8a3853a21--2011-06-11--Sidra
--daeaf10f3--2011-06-11--Sidra
--0a77507a5--2011-06-11--pixel
--8063702f6--2011-06-11--pixel
--5d3296d0b--2011-06-11--pixel
--03aca21f8--2011-06-11--pixel
--6451af009--2011-06-09--Cesy
4	4	app/views/challenge_signups/_signup_controls.html.erb
2	2	features/challenge_promptmeme.feature

--f108253f0--2011-06-08--Cesy
2	2	app/views/challenge_signups/_signup_controls.html.erb
13	0	features/challenge_promptmeme.feature
6	0	features/step_definitions/challenge_steps.rb

--648e7c857--2011-06-08--Cesy
1	1	features/challenge_promptmeme.feature
4	39	features/challenge_promptmeme_unlimited.feature
10	2	features/step_definitions/challenge_steps.rb

--a35bbb848--2011-06-08--Cesy
9	72	features/challenge_promptmeme_unlimited.feature
11	2	features/step_definitions/challenge_steps.rb

--29d80033f--2011-06-09--Cesy
1	1	app/views/challenge_assignments/_user_index.html.erb

--fb1927934--2011-06-08--Cesy
2	2	app/views/challenge_signups/_signup_controls.html.erb
13	0	features/challenge_promptmeme.feature
6	0	features/step_definitions/challenge_steps.rb

--ceb0915b7--2011-06-08--Cesy
1	1	features/challenge_promptmeme.feature
4	39	features/challenge_promptmeme_unlimited.feature
10	2	features/step_definitions/challenge_steps.rb

--dcc52d12a--2011-06-08--Cesy
9	72	features/challenge_promptmeme_unlimited.feature
11	2	features/step_definitions/challenge_steps.rb

--9bedba5d8--2011-06-08--shalott
1	0	public/javascripts/jquery.tokeninput.js

--17705772d--2011-06-08--shalott
1	1	lib/autocomplete_source.rb

--6f737a5ef--2011-06-08--pixel
--bda4637e5--2011-06-08--Cesy
2	2	app/views/challenge_signups/_signup_controls.html.erb
13	0	features/challenge_promptmeme.feature
6	0	features/step_definitions/challenge_steps.rb

--e03af84ef--2011-06-08--Cesy
1	1	features/challenge_promptmeme.feature
4	39	features/challenge_promptmeme_unlimited.feature
10	2	features/step_definitions/challenge_steps.rb

--13d323e44--2011-06-08--Cesy
9	72	features/challenge_promptmeme_unlimited.feature
11	2	features/step_definitions/challenge_steps.rb

--e476cea27--2011-06-08--shalott
1	1	public/javascripts/jquery.tokeninput.js

--d6cf2564e--2011-06-08--shalott
3	3	public/javascripts/jquery.tokeninput.js

--ad47c560d--2011-06-08--shalott
3	2	app/models/tag.rb
40	12	lib/tasks/load_autocomplete_data.rake

--afbb7561a--2011-06-08--shalott
1	1	app/models/tag.rb

--9fcba3a62--2011-06-08--shalott
1	4	lib/autocomplete_source.rb

--c4040065a--2011-06-07--elz
0	137	app/controllers/yuletide2010_controller.rb
2	2	app/models/story_parser.rb
0	89	app/views/layouts/yuletide2010.html.erb
1	1	app/views/works/_work_blurb.html.erb
0	41	app/views/yuletide2010/fandoms.html.erb
0	24	app/views/yuletide2010/index.html.erb
0	0	app/views/yuletide2010/madness.html.erb
0	52	app/views/yuletide2010/restricted_works.html.erb
0	54	app/views/yuletide2010/show.html.erb
0	24	app/views/yuletide2010/work.html.erb
0	20	config/routes.rb
1	0	public/stylesheets/site-chrome.css

--e06831e15--2011-06-07--pixel
1	1	.gitignore
0	600	features/cassette_library/cucumber_tags/import_lj_comm.yml