--937d277d4--2011-06-03--pixel
--9143d17a7--2011-06-03--pixel
--e82b10e3e--2011-06-03--Cesy
2	2	features/challenge_promptmeme.feature

--447d97df0--2011-06-01--Cesy
3	1	app/views/challenge/prompt_meme/_challenge_requests.html.erb
12	0	app/views/challenge_claims/_maintainer_index.html.erb
1	1	app/views/prompts/_prompt_form.html.erb
26	4	features/challenge_promptmeme.feature
28	1	features/step_definitions/challenge_steps.rb

--75bc2a1d7--2011-06-03--pixel
--f078ac913--2011-06-01--Cesy
3	0	app/views/skins/_skin_style_block.html.erb
4	0	app/views/skins/_wizard_form.html.erb
9	8	app/views/skins/show.html.erb
9	0	db/migrate/20110601200556_add_accent_to_skins.rb
5	0	features/skin.feature
14	0	features/step_definitions/skin_steps.rb

--c472881ea--2011-06-01--Cesy
1	1	app/views/challenge_signups/_promptmeme_signup_form.html.erb
1	1	app/views/challenge_signups/_signup_form.html.erb
23	0	features/challenge_giftexchange.feature
23	1	features/challenge_promptmeme.feature
5	0	features/step_definitions/challenge_steps.rb
6	0	features/step_definitions/user_steps.rb