--76692f4ed--2011-05-29--pixel
--b8f77912b--2011-05-29--Cesy
1	1	app/views/skins/show.html.erb

--2e9794345--2011-05-29--pixel
--e3fb43311--2011-05-29--Cesy
1	1	app/views/challenge_signups/_promptmeme_signup_form.html.erb

--e75011491--2011-05-29--Cesy
1	1	app/controllers/prompts_controller.rb
7	7	app/views/challenge_signups/_promptmeme_signup_form.html.erb
4	19	features/challenge_promptmeme_unlimited.feature
21	3	features/step_definitions/challenge_steps.rb

--28ff96e39--2011-05-28--Cesy
5	1	app/views/challenge_signups/_promptmeme_signup_form.html.erb
1	1	app/views/challenge_signups/_show_requests.html.erb
1	1	app/views/prompts/show.html.erb
6	8	features/challenge_promptmeme.feature
22	0	features/step_definitions/challenge_steps.rb

--787ad9c3d--2011-05-28--Cesy
21	12	app/controllers/prompts_controller.rb
4	4	app/views/challenge/prompt_meme/_challenge_sidebar.html.erb
1	1	app/views/challenge_signups/_promptmeme_signup_form.html.erb
60	0	app/views/prompts/_prompt_controls.html.erb
13	35	app/views/prompts/_promptmeme_prompt_form.html.erb
2	2	app/views/prompts/show.html.erb
5	1	config/routes.rb
7	1	features/challenge_promptmeme.feature
1	0	features/step_definitions/challenge_steps.rb
1	1	public/stylesheets/archive_core.css

--36cd9acf2--2011-05-23--Cesy
214	0	app/controllers/prompts_controller.rb
7	0	app/views/challenge_signups/_promptmeme_signup_form.html.erb
1	1	app/views/challenge_signups/_show_requests.html.erb
85	0	app/views/prompts/_giftexchange_prompt_form.html.erb
74	0	app/views/prompts/_promptmeme_prompt_form.html.erb
5	0	app/views/prompts/edit.html.erb
29	0	app/views/prompts/index.html.erb
5	0	app/views/prompts/new.html.erb
18	0	app/views/prompts/show.html.erb
1	1	config/routes.rb
39	0	features/challenge_promptmeme.feature
76	66	features/step_definitions/challenge_steps.rb

--b596c3dfb--2011-05-26--Cesy
3	0	app/views/skins/_skin_style_block.html.erb
8	11	app/views/skins/_wizard_form.html.erb
1	0	app/views/skins/show.html.erb
9	0	db/migrate/20110526203419_add_header_color_to_skins.rb
6	5	features/skin.feature
24	0	features/step_definitions/skin_steps.rb