--804b2a9a0--2016-02-01--zz9pzza
--4bd7b480f--2016-01-31--sarken
--21c5259ed--2016-01-31--zz9pzza
17	23	app/models/skin.rb

--42565c707--2016-01-31--zz9pzza
3	2	lib/skin_cache_helper.rb

--8fe417dac--2016-01-31--zz9pzza
36	25	app/models/skin.rb
3	0	app/models/work_skin.rb
18	14	app/views/layouts/_footer.html.erb
2	1	config/environments/development.rb
2	1	config/environments/test.rb
20	1	features/other_b/skin.feature
30	0	features/step_definitions/skin_steps.rb
42	0	lib/skin_cache_helper.rb

--16457488d--2016-01-30--Cesy Avon
-	-	public/apple-touch-icon-114x114.png
-	-	public/apple-touch-icon-57x57.png
-	-	public/apple-touch-icon-72x72.png
-	-	public/apple-touch-icon120x120.png
-	-	public/apple-touch-icon152x152.png
-	-	public/apple-touch-icon76x76.png