--7f6dc87f7--2016-01-27--james_
--3d66b1a51--2016-01-25--Cristina
--6ad2e545d--2016-01-25--elz
1	1	Gemfile
26	26	Gemfile.lock

--dfcc1a3ed--2016-01-25--zz9pzza
--6c25199d2--2016-01-25--sarken
12	1	public/javascripts/application.js

--30adefaa4--2016-01-24--sarken
9	12	public/stylesheets/site/2.0/25-media-midsize.css

--b93b7c794--2016-01-23--sarken
--2c7b8f5c4--2016-01-23--zz9pzza
--6bc5638ee--2016-01-22--Cesy Avon
9	21	features/works/work_delete.feature

--ed6cd8ebb--2016-01-22--sarken
1	1	public/stylesheets/site/2.0/04-region-dashboard.css

--57bfc7a25--2016-01-22--sarken
--a87db6db6--2016-01-22--sarken
1	1	public/stylesheets/site/2.0/04-region-dashboard.css
16	2	public/stylesheets/site/2.0/25-media-midsize.css
8	0	public/stylesheets/site/2.0/26-media-narrow.css

--2040a25f2--2016-01-21--zz9pzza
--b38a64fc1--2016-01-20--zz9pzza
--ee3d9c0f0--2016-01-20--zz9pzza
--e086ab70c--2016-01-20--zz9pzza
--4a65328f7--2016-01-20--zz9pzza
--fde0f17b0--2016-01-19--sarken
1	0	public/stylesheets/site/2.0/25-media-midsize.css

--41ed2465d--2016-01-19--sarken
1	1	public/stylesheets/site/2.0/25-media-midsize.css

--139071dc9--2016-01-19--sarken
4	8	public/stylesheets/site/2.0/25-media-midsize.css
4	0	public/stylesheets/site/2.0/26-media-narrow.css

--c7019b0db--2016-01-19--sarken
3	3	public/stylesheets/site/2.0/25-media-midsize.css
6	0	public/stylesheets/site/2.0/26-media-narrow.css

--63905b0f6--2016-01-18--sarken
30	4	public/stylesheets/site/2.0/25-media-midsize.css

--de00e48ae--2016-01-17--james_
1	1	Gemfile.lock

--ccf8cbe32--2016-01-14--zz9pzza
--8f084471e--2016-01-14--sarken
1	2	app/models/skin.rb

--82711a1cb--2016-01-14--zz9pzza
--7f39f8eb4--2016-01-13--sarken
6	0	public/stylesheets/site/2.0/25-media-midsize.css
4	0	public/stylesheets/site/2.0/26-media-narrow.css

--ff5cc1265--2016-01-13--sarken
1	1	app/views/layouts/_includes.html.erb

--5199b9052--2016-01-13--sarken
10	1	features/other_b/skin.feature
4	0	features/step_definitions/skin_steps.rb

--0145602e4--2016-01-12--sarken
--ff7d3af37--2016-01-12--zz9pzza
--13b53ee3f--2016-01-12--james_
1	1	Gemfile
27	27	Gemfile.lock

--ae438fac0--2016-01-12--james_
4	5	features/step_definitions/skin_steps.rb

--5ea12f682--2016-01-12--james_
0	1	features/other_b/skin.feature
7	5	lib/skin_cache_helper.rb

--3aa464937--2016-01-11--james_
8	0	lib/skin_cache_helper.rb

--96f24ce5f--2016-01-11--james_
8	4	features/step_definitions/skin_steps.rb

--b669a0c5f--2016-01-11--james_
17	2	features/other_b/skin.feature
17	0	features/step_definitions/skin_steps.rb
2	1	lib/skin_cache_helper.rb

--1ac31852a--2016-01-11--zz9pzza
--5b7915f97--2016-01-10--james_
2	1	Gemfile.lock

--17ff8e1e1--2016-01-10--james_
1	1	Gemfile.lock

--4a61fe303--2016-01-10--james_
1	1	Gemfile

--b25d0324b--2016-01-10--james_
4	4	Gemfile.lock

--2038a7e1f--2016-01-10--james_
0	1	config/environments/development.rb

--74e266e91--2016-01-10--james_
2	2	app/models/skin.rb
6	6	lib/skin_cache_helper.rb

--ad0a12f82--2016-01-10--james_
0	3	app/controllers/skins_controller.rb
1	1	app/models/skin.rb

--cf90a5f18--2016-01-10--james_
34	30	app/models/skin.rb
1	1	app/models/work_skin.rb
4	0	lib/skin_cache_helper.rb

--331949071--2016-01-10--james_
18	14	app/views/layouts/_footer.html.erb

--b17e4344a--2016-01-10--james_
3	0	app/controllers/skins_controller.rb
7	1	app/models/skin.rb
3	0	app/models/work_skin.rb
3	1	config/environments/development.rb
2	1	config/environments/test.rb
3	0	features/other_b/skin.feature
10	0	features/step_definitions/skin_steps.rb
27	0	lib/skin_cache_helper.rb

--df4ff2f0e--2016-01-03--james_
1	1	app/helpers/pseuds_helper.rb

--89219a5e9--2015-12-30--Cesy Avon
2	2	app/controllers/bookmarks_controller.rb

--6afb526ef--2015-09-26--sarken
51	53	app/models/skin.rb

--1f44f1763--2015-09-26--sarken
7	4	app/models/skin.rb
11	0	lib/tasks/after_tasks.rake
1	1	public/stylesheets/site/2.0/04-region-dashboard.css
2	1	public/stylesheets/site/2.0/05-region-main.css
13	3	public/stylesheets/site/2.0/18-zone-searchbrowse.css
47	0	public/stylesheets/site/2.0/25-media-midsize.css
3	40	public/stylesheets/site/2.0/{25-role-handheld.css => 26-media-narrow.css}
0	0	public/stylesheets/site/2.0/{26-role-aural.css => 27-media-aural.css}
0	0	public/stylesheets/site/2.0/{27-role-print.css => 28-media-print.css}
0	0	public/stylesheets/site/2.0/{28-role-ie8_or_lower.css => 29-role-ie8_or_lower.css}
0	0	public/stylesheets/site/2.0/{29-role-ie5.css => 30-role-ie5.css}
0	0	public/stylesheets/site/2.0/{30-role-ie6.css => 31-role-ie6.css}
0	0	public/stylesheets/site/2.0/{31-role-ie7.css => 32-role-ie7.css}