--53607124a--2015-11-10--Ariana
--ad35511f1--2015-11-10--Ariana
1	1	features/comments_and_kudos/comment_moderation.feature

--286b588c7--2015-11-05--Ariana
3	2	features/bookmarks/bookmark_create.feature
4	2	features/collections/collection_anonymity.feature
3	2	features/collections/collection_notification.feature
4	1	features/other_b/series.feature
2	1	features/other_b/subscriptions_fandoms.feature
7	31	features/support/env.rb
1	0	features/tags_and_wrangling/tag_comment.feature
1	0	features/users/user_dashboard.feature

--19a71c2af--2015-11-09--sarken
--844a9bfb0--2015-11-08--sarken
4	4	app/views/comments/review.js.erb

--50eb4a1ff--2015-11-08--sarken
1	1	app/views/home/_inbox_module.html.erb
2	2	app/views/inbox/show.html.erb

--e56ee9fc3--2015-11-08--sarken
1	1	public/javascripts/application.js

--dd6116613--2015-11-08--sarken
1	1	app/views/inbox/_approve_button.html.erb
3	0	public/javascripts/application.js

--b2be1fed5--2015-11-08--astolat shalott
10	1	app/controllers/comments_controller.rb
1	0	app/views/comment_mailer/_comment_notification_footer_for_other.html.erb
6	0	app/views/comments/review.js.erb
2	2	app/views/home/_inbox_module.html.erb
6	1	app/views/inbox/_approve_button.html.erb
1	1	app/views/inbox/show.html.erb
40	13	features/comments_and_kudos/comment_moderation.feature

--1d8a60cf1--2015-11-05--sarken
--cb371a1b9--2015-11-05--astolat shalott
12	7	app/models/comment_observer.rb
4	1	features/comments_and_kudos/comment_moderation.feature
5	0	features/step_definitions/comment_steps.rb

--a94f0581f--2015-11-05--Ariana
3	2	features/bookmarks/bookmark_create.feature
4	2	features/collections/collection_anonymity.feature
3	2	features/collections/collection_notification.feature
4	1	features/other_b/series.feature
2	1	features/other_b/subscriptions_fandoms.feature
7	31	features/support/env.rb
1	0	features/tags_and_wrangling/tag_comment.feature
1	0	features/users/user_dashboard.feature