--522a013e3--2016-10-25--zz9pzza
--4e89c8bd0--2016-10-24--zz9pzza
4	4	app/controllers/admin/admin_users_controller.rb
2	2	app/models/user.rb
2	1	app/views/admin/admin_users/show.html.erb
1	1	config/config.yml

--d14d45a5e--2016-10-22--sarken
--904688c11--2016-10-22--zz9pzza
1	1	features/admins/admin_works.feature

--82d77c161--2016-10-22--zz9pzza
--0a9a4029a--2016-10-22--Ariana
1	1	spec/api/api_base_controller_spec.rb

--f09957fb1--2016-10-22--zz9pzza
6	0	features/admins/admin_manage_users.feature
9	1	features/admins/admin_works.feature
4	0	features/step_definitions/admin_steps.rb

--1e9fe10a3--2016-10-22--Ariana
42	40	spec/api/api_base_controller_spec.rb
71	3	spec/api/api_works_spec.rb

--2477bdefc--2016-10-22--Ariana
2	2	app/controllers/api/v1/works_controller.rb

--e29dbbd4e--2016-10-22--Ariana
3	3	spec/api/api_authorization_spec.rb
7	7	spec/api/api_bookmarks_spec.rb
2	2	spec/api/api_helper.rb

--0e3bf9d09--2016-10-22--zz9pzza
--b4c1e19d1--2016-10-21--sarken
--6af581c14--2016-10-21--sarken
--5a0aeedae--2016-10-21--sarken
--86dc39a5f--2016-10-21--sarken
1	4	features/step_definitions/challenge_steps.rb

--e381210df--2016-10-21--sarken
12	33	features/gift_exchanges/challenge_giftexchange.feature
4	12	features/step_definitions/challege_gift_exchange_steps.rb

--57fcbba69--2016-10-21--sarken
42	0	features/gift_exchanges/challenge_giftexchange.feature
34	0	features/step_definitions/challege_gift_exchange_steps.rb
22	0	features/step_definitions/challenge_steps.rb
2	0	features/support/paths.rb

--ac4050822--2016-10-21--zz9pzza
20	20	features/admins/admin_invitations.feature
6	6	features/step_definitions/admin_steps.rb

--bbe0c2b3f--2016-10-21--zz9pzza
10	10	features/other_a/orphan_work.feature
8	8	features/works/work_edit_multiple.feature

--88e52bae6--2016-10-21--sarken
--cfbbe1179--2016-10-20--zz9pzza
27	28	features/admins/admin_invitations.feature

--92f1c2fda--2016-10-20--zz9pzza
8	8	features/works/work_edit_multiple.feature

--2917ad56c--2016-10-20--zz9pzza
4	5	features/other_a/orphan_work.feature

--57f5d6363--2016-10-20--Ariana
1	1	app/controllers/api/v1/bookmarks_controller.rb
18	9	spec/api/api_bookmarks_spec.rb

--8ccb6da1d--2016-10-20--zz9pzza
2	2	Gemfile
9	9	Gemfile.lock

--7812844ba--2016-10-20--zz9pzza
--9baa2da47--2016-10-20--zz9pzza
1	1	app/models/invitation.rb
1	1	features/admins/admin_invitations.feature

--900594b74--2016-10-20--Ariana
1	1	app/controllers/api/v1/base_controller.rb
24	29	spec/api/api_base_controller_spec.rb

--f26372012--2016-10-19--sarken
53	55	features/admins/admin_invitations.feature
21	5	features/step_definitions/invite_steps.rb
0	6	features/step_definitions/user_steps.rb

--4b94a4e2c--2016-10-19--sarken
--6578c4ecd--2016-10-19--sarken
2	1	features/tags_and_wrangling/tag_wrangling_admin.feature

--ef51c112b--2016-10-19--sarken
1	1	features/tags_and_wrangling/wrangling_guidelines.feature

--8315b28c1--2016-10-19--sarken
1	1	features/tags_and_wrangling/tag_wrangling_more.feature

--75ee7392f--2016-10-19--sarken
0	1	features/tags_and_wrangling/tag_wrangling_admin.feature

--f620ae375--2016-10-19--sarken
1	1	features/tags_and_wrangling/tag_wrangling_admin.feature

--bb142cc34--2016-10-19--sarken
2	1	features/tags_and_wrangling/tag_wrangling_admin.feature

--fa9ed9081--2016-10-19--sarken
1	1	features/step_definitions/tag_steps.rb

--076b1b5ff--2016-10-19--zz9pzza
15	0	features/admins/admin_invitations.feature
5	0	features/step_definitions/user_steps.rb

--b6fb08e74--2016-10-19--zz9pzza
22	2	features/admins/admin_invitations.feature
7	1	features/step_definitions/admin_steps.rb

--6c9c600f7--2016-10-19--Ariana
89	0	spec/api/api_base_controller_spec.rb

--2f9e73166--2016-10-19--zz9pzza
0	4	app/controllers/admin/admin_invitations_controller.rb

--6d6a75457--2016-10-19--zz9pzza
11	0	features/admins/admin_invitations.feature

--698aed44a--2016-10-19--zz9pzza
1	1	app/models/invitation.rb

--1808f5c00--2016-10-19--ariana-paris
--81fd2c037--2016-10-19--zz9pzza
37	0	features/admins/admin_invitations.feature
5	0	features/step_definitions/invite_steps.rb
1	0	features/step_definitions/user_steps.rb

--e606f5943--2016-10-19--zz9pzza
5	4	Rakefile

--88fa278ae--2016-10-19--zz9pzza
--021ce1c11--2016-10-19--sarken
--6d749c023--2016-10-19--sarken
--28bd28ceb--2016-10-19--sarken
34	1	features/admins/admin_languages.feature

--fd4ac7f98--2016-10-19--zz9pzza
36	11	features/other_b/skin.feature
18	0	features/step_definitions/skin_steps.rb

--39832b18e--2016-10-18--sarken
10	4	features/step_definitions/admin_steps.rb
30	4	features/step_definitions/tag_steps.rb
4	0	features/support/paths.rb
23	0	features/tags_and_wrangling/tag_wrangling_admin.feature
23	0	features/tags_and_wrangling/tag_wrangling_more.feature
9	1	features/tags_and_wrangling/wrangling_guidelines.feature

--d5ecc9643--2016-10-19--zz9pzza
1	1	.coveralls.yml

--c8ea564d1--2016-10-18--zz9pzza
1	1	features/support/env.rb
0	5	script/install_codeship.sh
0	22	script/run_test_codeshup.sh
1	1	spec/spec_helper.rb

--9862f25a9--2016-10-18--zz9pzza
1	0	script/run_test_codeshup.sh

--fa77115c9--2016-10-18--zz9pzza
5	0	script/install_codeship.sh
21	0	script/run_test_codeshup.sh

--a13203e8e--2016-10-18--zz9pzza
1	1	script/try_command.sh

--aa30bbddc--2016-10-18--zz9pzza
1	1	script/try_command.sh

--2fe22c62c--2016-10-18--zz9pzza
2	1	script/try_command.sh

--f6abdb03d--2016-10-18--James Beal
0	2	.travis.yml
0	7	script/update_coveralls.sh

--6c29f1585--2016-10-18--zz9pzza
1	0	script/update_coveralls.sh

--2a9d3e01e--2016-10-18--zz9pzza
2	3	.travis.yml
5	1	script/update_coveralls.sh

--b7b04a3f9--2016-10-18--zz9pzza
2	5	.travis.yml
2	0	script/update_coveralls.sh

--1a140adba--2016-10-17--zz9pzza
1	1	.simplecov
4	1	.travis.yml

--8d83d3204--2016-10-17--zz9pzza
3	1	.travis.yml

--d4c30ed55--2016-10-17--zz9pzza
1	2	.travis.yml

--750df1c62--2016-10-17--zz9pzza
2	0	.travis.yml
4	0	Rakefile
2	1	features/support/env.rb
2	1	spec/spec_helper.rb

--f56816d65--2016-10-17--zz9pzza
1	0	.coveralls.yml
0	2	.simplecov
10	0	Gemfile.lock
2	2	features/support/env.rb
2	0	spec/spec_helper.rb

--db177a18b--2016-10-17--zz9pzza
0	1	.gitignore
6	0	.simplecov
2	1	Gemfile
5	0	features/support/env.rb
1	0	spec/spec_helper.rb

--f3ae1220a--2016-10-16--sarken
--3ed1ecb30--2016-10-16--zz9pzza
1	1	features/admins/admin_manage_users.feature
1	1	features/step_definitions/user_steps.rb

--87dff4861--2016-10-16--zz9pzza
0	756	app/controllers/devmode_controller.rb
0	31	app/views/devmode/backtrace_view.html.erb
0	9	app/views/devmode/index.html.erb
0	30	app/views/devmode/inspect_view.html.erb
0	32	app/views/devmode/list_controllers.html.erb
0	23	app/views/devmode/profile_logs.html.erb
0	38	app/views/devmode/seedusers.html.erb
0	46	app/views/devmode/seedworks.html.erb
0	7	app/views/devmode/unregister_imports.html.erb
0	3	app/views/layouts/_footer.html.erb

--fe04f6cc4--2016-10-16--zz9pzza
6	1	features/other_b/skin.feature
5	0	features/step_definitions/skin_steps.rb

--c7660557e--2016-10-16--zz9pzza
11	0	features/other_b/skin.feature

--88232653d--2016-10-16--zz9pzza
24	0	features/other_a/orphan_work.feature
23	1	features/works/work_edit_multiple.feature

--7f620ddd8--2016-10-16--zz9pzza
0	8	app/controllers/admin/admin_users_controller.rb

--f8b613266--2016-10-16--zz9pzza
20	2	features/admins/admin_manage_users.feature
12	1	features/step_definitions/user_steps.rb

--9c7f81148--2016-10-15--zz9pzza
12	0	app/controllers/admin/admin_users_controller.rb
1	14	app/controllers/users_controller.rb
14	7	app/models/user.rb
1	1	app/views/admin/admin_users/show.html.erb
1	1	config/routes.rb

--9091d0c5c--2016-10-13--zz9pzza
85	99	app/controllers/users_controller.rb
83	87	app/helpers/users_helper.rb
2	9	config/routes.rb

--51de3d24f--2016-10-13--zz9pzza
9	1	features/admins/admin_manage_users.feature

--279c31a2c--2016-10-13--zz9pzza
8	0	app/models/user.rb

--2c6ce205d--2016-10-13--zz9pzza
2	18	app/controllers/users_controller.rb
21	0	app/models/user.rb
1	1	app/views/admin/admin_users/show.html.erb