--b32b27c6c--2015-05-27--sarken
--a745cdd31--2015-05-27--zz9pzza
1	1	app/views/preferences/index.html.erb

--6e7e95690--2015-05-26--zz9pzza
4	4	app/views/preferences/index.html.erb

--960bd9d8d--2015-05-26--zz9pzza
1	1	features/other_a/preferences_edit.feature

--b79d62aa0--2015-05-26--zz9pzza
2	2	app/views/preferences/index.html.erb

--e837b695c--2015-05-26--zz9pzza
1	1	app/views/preferences/index.html.erb

--12d7b87e3--2015-05-23--sarken
--122f16188--2015-05-23--vagrant
1	1	app/mailers/kudo_mailer.rb

--d41050957--2015-05-21--Scott D. Sullivan
--6d3c33b09--2015-05-21--zz9pzza
1	1	app/views/kudo_mailer/batch_kudo_notification.html.erb
1	1	app/views/kudo_mailer/batch_kudo_notification.text.erb
2	2	app/views/layouts/mailer.html.erb
2	2	app/views/layouts/mailer.text.erb
5	5	config/locales/en.yml
2	2	config/locales/pt-BR.yml

--fd0df4f5f--2015-05-21--zz9pzza
1	1	config/locales/en.yml

--6a0d90889--2015-05-21--ariana-paris
--4c0f4de98--2015-05-20--zz9pzza
3	2	app/mailers/kudo_mailer.rb

--4efa5af21--2015-05-20--zz9pzza
1	1	app/mailers/kudo_mailer.rb

--021ff08fc--2015-05-19--zz9pzza
3	3	app/mailers/kudo_mailer.rb

--2cadfd86f--2015-05-17--james_
1	1	features/comments_and_kudos/kudos.feature

--e9786d95f--2015-05-17--james_
3	3	app/mailers/kudo_mailer.rb

--8f7181743--2015-05-17--james_
14	0	.travis.yml

--6a13e887a--2015-05-17--james_
2	3	app/mailers/kudo_mailer.rb
1	1	features/comments_and_kudos/kudos.feature

--b7914d99f--2015-05-16--james_
2	4	app/mailers/kudo_mailer.rb

--25cf08ca2--2015-05-16--james_
0	14	.travis.yml
3	2	app/mailers/kudo_mailer.rb

--98fb8bb15--2015-05-16--james_
2	3	app/mailers/kudo_mailer.rb
1	1	app/models/redis_mail_queue.rb

--2be25f508--2015-05-16--zz9pzza