--bfb7e2e60--2015-05-03--james_
--65ee9a6cd--2015-05-03--zz9pzza
--17864c321--2015-05-01--sarken
1	1	features/works/work_search.feature

--30d7f56fc--2015-05-01--zz9pzza
--8ec487e8f--2015-05-01--sarken
1	1	app/views/bookmarks/index.html.erb

--ea6fe39cf--2015-05-01--sarken
1	1	app/views/bookmarks/index.html.erb

--43eeef728--2015-05-01--sarken
1	1	app/views/bookmarks/index.html.erb

--d4affcd81--2015-05-01--sarken
1	1	app/views/bookmarks/index.html.erb

--996326a48--2015-04-30--sarken
--44cc03e10--2015-04-30--sarken
2	29	public/drive.html

--ecb146f8a--2015-04-19--james_
14	1	db/schema.rb
42	18	db/structure.sql

--0be8a4073--2015-01-01--james_
148	37	db/schema.rb
1943	0	db/structure.sql

--8ba3584e3--2015-01-01--james_
0	1	.gitignore