--d31d7d5f6--2015-01-24--sarken
--2d9e7c648--2015-01-24--Elz
--da60b05ff--2015-01-24--Elz
--023f2fed6--2015-01-24--Elz
--6824facd0--2015-01-24--Scott D. Sullivan
1	1	app/views/user_mailer/admin_hidden_work_notification.html.erb
1	1	app/views/user_mailer/admin_hidden_work_notification.text.erb

--ca8b20795--2015-01-24--Scott D. Sullivan
1	1	app/mailers/user_mailer.rb
2	2	app/views/user_mailer/admin_hidden_work_notification.html.erb
2	2	app/views/user_mailer/admin_hidden_work_notification.text.erb

--249c20d98--2015-01-24--Scott D. Sullivan
1	1	app/mailers/user_mailer.rb

--d13d3d175--2015-01-24--Scott D. Sullivan
--6e836601f--2015-01-23--zz9pzza
--262fd09de--2015-01-23--zz9pzza
1	1	README.md

--4a7b53f7e--2015-01-22--zz9pzza
--09f671e29--2015-01-21--zz9pzza
2	1	config/deploy/production.rb

--b0a64d9e8--2015-01-21--zz9pzza
--29b2e191e--2015-01-21--zz9pzza
1	2	config/deploy/production.rb

--fa70a5e68--2015-01-21--zz9pzza
--4810b5eac--2015-01-21--james_
1	1	README.md

--ce4ceb128--2015-01-20--Elz
--1b270ce3d--2015-01-18--james_
2	1	config/deploy/production.rb

--808191770--2015-01-11--Scott D. Sullivan
1	1	app/controllers/admin/user_creations_controller.rb
2	2	app/mailers/user_mailer.rb

--ab6e4ab89--2015-01-11--Scott D. Sullivan
2	2	app/mailers/user_mailer.rb
2	2	app/views/user_mailer/admin_hidden_work_notification.text.erb

--9b367ee1e--2015-01-11--Scott D. Sullivan
--4cce4ff0e--2015-01-11--sarken
1	1	app/controllers/application_controller.rb

--603cc5809--2015-01-11--sarken
4	4	app/controllers/application_controller.rb

--bdd67a9d2--2015-01-11--sarken
2	2	app/controllers/application_controller.rb

--a2494bffa--2015-01-10--zz9pzza
--30964644e--2015-01-10--sarken
1	2	app/controllers/kudos_controller.rb

--d62f72e71--2015-01-10--sarken
2	1	app/controllers/kudos_controller.rb

--715012f7e--2015-01-10--sarken
3	0	.hound.yml
9	0	config/.rubocop.yml

--9fa5dd9d8--2015-01-08--sarken
--97020a65d--2015-01-08--sarken
15	15	features/admins/admin_invitations.feature

--7652ec2cc--2015-01-08--sarken
1	1	app/controllers/inbox_controller.rb

--31b0f0ba9--2015-01-08--sarken
2	3	app/controllers/home_controller.rb
3	3	app/decorators/homepage.rb
2	2	app/helpers/application_helper.rb
1	1	app/models/favorite_tag.rb

--111fcb01d--2015-01-08--sarken
1	1	app/controllers/favorite_tags_controller.rb

--e501be799--2015-01-08--sarken
4	4	app/controllers/favorite_tags_controller.rb

--d0623c1f8--2015-01-08--sarken
4	1	app/views/favorite_tags/_form.html.erb

--750346c67--2015-01-08--james_
0	8	lib/tasks/spam_report.rake

--0ba9883a8--2015-01-08--james_
1	1	db/migrate/20150106211421_add_ip_address_to_works.rb

--302664821--2015-01-08--james_
8	9	db/migrate/20150106211421_add_ip_address_to_works.rb

--f1c1114c7--2015-01-08--james_
2	0	db/migrate/20150106211421_add_ip_address_to_works.rb

--559adb22c--2015-01-08--james_
5	5	app/views/works/_meta.html.erb
8	0	lib/tasks/spam_report.rake

--cfc8c94f3--2015-01-07--sarken
--a82ea2bd5--2015-01-07--sarken
--b40835579--2015-01-07--sarken
--91bc050d9--2015-01-07--sarken
--e11edfdac--2015-01-07--sarken
--ebd7cf8ab--2015-01-07--sarken
--8de48117e--2015-01-07--sarken
--8a5026b03--2015-01-07--sarken
1	1	app/helpers/application_helper.rb

--3a6ffaff3--2015-01-07--james_
3	4	app/views/works/_meta.html.erb

--b2cb2d69b--2015-01-06--james_
2	2	app/controllers/works_controller.rb

--a9030bffd--2015-01-06--james_
2	0	app/controllers/works_controller.rb
14	1	app/views/works/_meta.html.erb
10	0	db/migrate/20150106211421_add_ip_address_to_works.rb

--733b6adbe--2015-01-06--james_
1	1	public/help/skins-approval.html

--34f45a512--2015-01-06--james_
1	1	public/help/skins-approval.html

--583bddd8f--2015-01-01--james_
6	1	script/prepare_codeship.sh

--ae06ef6c2--2015-01-01--james_
0	19	script/codeship_run_test.sh

--d764489c2--2015-01-01--james_
0	1	script/prepare_codeship.sh

--1de629bda--2015-01-01--james_
3	2	script/prepare_codeship.sh

--2d87ea310--2015-01-01--james_
1	1	script/prepare_codeship.sh

--6d67162d9--2015-01-01--james_
1	0	script/codeship_run_test.sh

--dae7fbe83--2015-01-01--james_
1	0	script/prepare_codeship.sh

--d6cd60bc2--2015-01-01--james_
1	3	script/prepare_codeship.sh

--91cf2fcef--2015-01-01--james_
18	0	script/codeship_run_test.sh
22	1	script/prepare_codeship.sh

--aa8a102d9--2015-01-01--james_
1	1	app/views/works/_work_header_navigation.html.erb
1	1	features/step_definitions/work_steps.rb
1	1	features/works/chapter_edit.feature

--6873bde5f--2014-12-31--james_
2	2	features/admins/admin_post_news.feature
7	7	features/other_b/subscriptions_fandoms.feature

--711655ec3--2014-12-30--james_
1	1	app/views/works/new_import.html.erb

--e077e04a3--2014-12-30--james_
1	1	app/helpers/application_helper.rb

--6debfc681--2014-12-30--Enigel
--b6aad0b06--2014-12-30--james_
2	2	public/help/skins-approval.html

--27f2cd67f--2014-12-23--Scott D. Sullivan
2	2	app/controllers/admin/user_creations_controller.rb

--0e1a92599--2014-12-23--Scott D. Sullivan
3	1	features/admins/admin_works.feature

--5f922d559--2014-12-23--Scott D. Sullivan
--546411875--2014-12-21--Enigel
1	1	app/models/collection_item.rb

--c2b7704bc--2014-12-21--Scott D. Sullivan
9	1	app/controllers/admin/user_creations_controller.rb
11	0	app/mailers/user_mailer.rb
12	0	app/views/user_mailer/admin_hidden_work_notification.html.erb
12	0	app/views/user_mailer/admin_hidden_work_notification.text.erb

--5ec4a29ad--2014-12-16--Scott D. Sullivan
1	1	app/models/collection.rb
47	46	spec/models/collection_spec.rb