--8de48117e--2015-01-07--sarken
--c58edf86b--2015-01-06--Elz
--b81b26476--2015-01-05--sarken
1	0	app/controllers/invitations_controller.rb
1	0	app/controllers/user_invite_requests_controller.rb
7	0	features/other_a/invite_request.feature
14	0	features/step_definitions/user_steps.rb
2	0	features/support/paths.rb

--bff78a877--2015-01-03--Cristina
--dcf0c5be9--2015-01-03--james_
1	1	public/503.html

--f95a65675--2015-01-03--james_
1	1	public/nomaintenance.html

--8163605cb--2015-01-03--Cristina
--39d47deec--2015-01-03--james_
1	1	public/500.html
143	0	public/503.html

--7bbf15f33--2015-01-01--james_
1	1	app/views/home/donate.html.erb
1	1	public/drive.html

--2231bec5c--2015-01-01--zz9pzza
--aa8a102d9--2015-01-01--james_
1	1	app/views/works/_work_header_navigation.html.erb
1	1	features/step_definitions/work_steps.rb
1	1	features/works/chapter_edit.feature

--4a0fc8835--2015-01-01--zz9pzza
--575d57093--2015-01-01--james_
5	5	features/importing/work_import.feature

--7baa634f0--2014-12-31--elz
1	1	app/controllers/users_controller.rb
1	1	app/models/user.rb
3	2	features/users/user_rename.feature

--d917819bc--2014-12-31--elz
1	1	app/views/users/edit.html.erb
4	5	features/step_definitions/profile_steps.rb

--f73080ce3--2014-12-31--elz
1	1	app/models/user.rb

--8187dc3e5--2014-12-31--elz
--ef6c91461--2014-12-31--elz
--ed87f6618--2014-09-30--Marie Markwell
10	22	app/controllers/users_controller.rb

--f6d8297b5--2014-09-30--Marie Markwell
63	60	app/controllers/users_controller.rb

--6e58576ea--2014-09-30--Marie Markwell
93	89	app/controllers/users_controller.rb

--0cabd7e24--2014-09-26--Marie Markwell
48	6	app/controllers/users_controller.rb

--b327f92fc--2014-09-26--Marie Markwell
41	27	app/controllers/users_controller.rb

--6e4bd0897--2014-09-26--Marie Markwell
51	40	app/controllers/users_controller.rb

--3bffb40be--2014-09-26--Marie Markwell
16	14	app/controllers/users_controller.rb

--a9d0f1c79--2014-09-26--Marie Markwell
29	30	app/controllers/users_controller.rb

--87203fbc7--2014-09-23--Marie Markwell
26	20	app/controllers/users_controller.rb

--e7f2ac2dd--2014-09-14--Marie Markwell
13	18	app/controllers/users_controller.rb

--a3f6e4d96--2014-09-14--Marie Markwell
20	20	app/controllers/users_controller.rb