--e771cad33--2014-12-14--sarken
--97595af5a--2014-12-05--zz9pzza
--926b76469--2014-12-04--sarken
4	0	public/stylesheets/site/2.0/21-userstuff.css

--1dacaf8ba--2014-12-04--zz9pzza
--1eb5bd8a9--2014-12-03--sarken
1	1	public/stylesheets/site/2.0/10-types-groups.css

--8a761f5e1--2014-12-03--Elz
--23eb391eb--2014-12-03--Elz
--8fea9145d--2014-12-03--Ariana
3	3	app/models/story_parser.rb

--85298fd15--2014-12-03--sarken
2	0	features/other_a/admin_tasks.feature

--4ca910495--2014-12-03--sarken
29	24	app/views/admin/admin_users/show.html.erb

--7e8be7a51--2014-12-03--sarken
3	3	app/views/admin/admin_users/show.html.erb

--7458d020e--2014-12-03--sarken
28	0	features/admins/admin_manage_users.feature

--ad4fdbc3c--2014-12-03--sarken
107	1	features/admins/admin_manage_users.feature
19	0	features/step_definitions/admin_steps.rb

--71a7b8d19--2014-12-03--sarken
1	1	app/controllers/admin/admin_users_controller.rb

--57534ba6f--2014-12-03--sarken
63	1	features/admins/admin_manage_users.feature
0	2	features/other_a/admin_tasks.feature
10	0	features/step_definitions/admin_steps.rb
4	0	features/support/paths.rb

--ec634eadf--2014-12-03--sarken
20	15	app/controllers/admin/admin_users_controller.rb

--edac6d4a1--2014-12-02--Ariana
18	23	app/models/story_parser.rb

--f583fee06--2014-11-30--sarken
4	5	features/admins/admin_post_news.feature

--f219cdeb1--2014-11-30--sarken
0	2	app/controllers/admin_posts_controller.rb
12	0	app/controllers/autocomplete_controller.rb
8	0	app/models/admin_post.rb
5	2	app/views/admin_posts/_admin_post_form.html.erb
2	1	features/admins/admin_post_news.feature
1	1	features/step_definitions/admin_steps.rb