--982751f--2014-11-03--Sacha Chua
--6d6f9fd--2014-11-03--Sacha Chua
2	2	config/environments/production.rb

--16220a5--2014-11-02--Sacha Chua
1	1	Gemfile
3	1	Gemfile.lock
1	2	app/helpers/application_helper.rb
0	19	app/helpers/pagination_list_link_renderer.rb
0	30	spec/helpers/pagination_list_link_renderer_spec.rb

--f74c1c7--2014-11-02--Sacha Chua
1	3	config/application.rb

--189e074--2014-11-02--Sacha Chua
3	4	app/views/registrations/_form.html.haml
10	10	app/views/sessions/new.html.haml

--c8c6b47--2014-11-02--Sacha Chua
1	1	.rspec
2	3	Gemfile
63	68	Gemfile.lock
2	14	Guardfile
1	1	app/controllers/record_categories_controller.rb
2	2	app/models/record.rb
1	1	app/models/record_category.rb
1	1	features/step_definitions/life_steps.rb
1	1	features/support/env.rb
2	1	spec/spec_helper.rb

--f40c7de--2014-10-27--Sacha Chua
1	0	app/controllers/grocery_list_items_controller.rb
6	0	app/models/grocery_list_item.rb
13	0	app/views/grocery_list_items/show.html.haml
8	5	features/kitchen.feature
19	9	features/step_definitions/kitchen_steps.rb
10	1	spec/models/grocery_list_item_spec.rb

--3afdc6a--2014-10-27--Sacha Chua
3	0	app/assets/javascripts/grocery_list_items.coffee
3	0	app/assets/javascripts/grocery_lists.coffee
3	0	app/assets/stylesheets/grocery_list_items.css.scss
3	0	app/assets/stylesheets/grocery_lists.css.scss
6	5	app/assets/stylesheets/style.css.sass
52	0	app/controllers/grocery_list_items_controller.rb
61	0	app/controllers/grocery_lists_controller.rb
11	0	app/helpers/application_helper.rb
2	0	app/helpers/grocery_list_items_helper.rb
2	0	app/helpers/grocery_lists_helper.rb
4	1	app/models/ability.rb
5	0	app/models/grocery_list.rb
31	0	app/models/grocery_list_item.rb
1	0	app/models/user.rb
10	0	app/views/grocery_list_items/_form.html.haml
7	0	app/views/grocery_list_items/edit.html.haml
25	0	app/views/grocery_list_items/index.html.haml
5	0	app/views/grocery_list_items/new.html.haml
19	0	app/views/grocery_list_items/show.html.haml
7	0	app/views/grocery_lists/_form.html.haml
7	0	app/views/grocery_lists/edit.html.haml
21	0	app/views/grocery_lists/index.html.haml
5	0	app/views/grocery_lists/new.html.haml
21	0	app/views/grocery_lists/show.html.haml
1	1	config/environments/development.rb
8	0	config/locales/en.yml
8	1	config/routes.rb
10	0	db/migrate/20141025183126_create_grocery_lists.rb
12	0	db/migrate/20141025183259_create_grocery_list_items.rb
5	0	db/migrate/20141025194910_add_receipt_item_category_id_to_grocery_list_items.rb
76	0	features/kitchen.feature
144	0	features/step_definitions/kitchen_steps.rb
1	1	features/support/env.rb
165	0	spec/controllers/grocery_list_items_controller_spec.rb
160	0	spec/controllers/grocery_lists_controller_spec.rb
13	0	spec/factories/grocery_lists.rb
15	0	spec/helpers/grocery_list_items_helper_spec.rb
15	0	spec/helpers/grocery_lists_helper_spec.rb
29	0	spec/models/grocery_list_item_spec.rb
5	0	spec/models/grocery_list_spec.rb
13	0	spec/requests/grocery_list_items_spec.rb
13	0	spec/requests/grocery_lists_spec.rb
35	0	spec/routing/grocery_list_items_routing_spec.rb
35	0	spec/routing/grocery_lists_routing_spec.rb
1	1	spec/spec_helper.rb