--008a527--2013-06-27--Sacha Chua
--ecf3849--2013-06-27--Sacha Chua
1	1	app/controllers/time_controller.rb
1	1	app/views/toronto_libraries/show.html.haml

--b41a854--2013-06-27--Sacha Chua
0	3	app/controllers/record_categories_controller.rb
7	39	app/controllers/services_controller.rb
1	1	app/controllers/time_controller.rb
0	1	app/controllers/timeline_events_controller.rb
3	54	app/helpers/application_helper.rb
37	4	app/helpers/stuff_helper.rb
0	8	app/helpers/timeline_events_helper.rb
0	4	app/mailers/application_mailer.rb
0	1	config/environments/test.rb
7	1	spec/controllers/record_categories_controller_spec.rb
72	0	spec/controllers/services_controller_spec.rb
2	2	spec/controllers/time_controller_spec.rb
273	0	spec/helpers/application_helper_spec.rb
13	0	spec/helpers/clothing_helper_spec.rb
82	0	spec/helpers/stuff_helper_spec.rb
1	0	spec/spec_helper.rb

--52944e3--2013-06-26--Sacha Chua
2	0	app/controllers/clothing_controller.rb
1	0	app/controllers/clothing_logs_controller.rb
1	0	app/controllers/contexts_controller.rb
1	0	app/controllers/csa_foods_controller.rb
1	0	app/controllers/decision_logs_controller.rb
1	0	app/controllers/decisions_controller.rb
1	0	app/controllers/foods_controller.rb
1	0	app/controllers/goals_controller.rb
1	0	app/controllers/library_items_controller.rb
2	0	app/controllers/measurement_logs_controller.rb
2	0	app/controllers/measurements_controller.rb
1	0	app/controllers/memories_controller.rb
28	22	app/controllers/record_categories_controller.rb
1	0	app/controllers/stuff_controller.rb
15	41	app/controllers/tap_log_records_controller.rb
2	1	app/controllers/time_controller.rb
1	0	app/controllers/toronto_libraries_controller.rb
1	0	app/controllers/users_controller.rb
1	1	app/models/ability.rb
4	2	app/models/tap_log_record.rb
3	0	config/environments/test.rb
7	1	config/locales/en.yml
1	1	spec/controllers/clothing_controller_spec.rb
198	0	spec/controllers/record_categories_controller_spec.rb
129	0	spec/controllers/tap_log_records_controller_spec.rb
39	4	spec/controllers/time_controller_spec.rb
2	2	spec/models/ability_spec.rb
1	1	spec/models/tap_log_record_spec.rb

--037f7ed--2013-06-26--Sacha Chua
11	17	app/controllers/library_items_controller.rb
20	16	app/controllers/records_controller.rb
2	2	app/controllers/time_controller.rb
37	69	app/controllers/toronto_libraries_controller.rb
5	3	app/models/record.rb
1	0	app/models/toronto_library.rb
14	0	config/locales/en.yml

--36c1d01--2013-06-26--Sacha Chua
142	0	spec/controllers/library_items_controller_spec.rb
153	0	spec/controllers/records_controller_spec.rb
58	0	spec/controllers/time_controller_spec.rb
65	1	spec/controllers/toronto_libraries_controller_spec.rb
3	0	spec/factories/records.rb
4	0	spec/spec_helper.rb

--bea0875--2013-06-24--Sacha Chua
4	3	app/controllers/stuff_controller.rb
3	1	config/locales/en.yml

--29064b2--2013-06-24--Sacha Chua
99	0	spec/controllers/stuff_controller_spec.rb

--209276e--2013-06-24--Sacha Chua
1	0	.gitignore
16	21	app/controllers/api/offline/v1/offline_controller.rb
1	1	app/controllers/api/v1/records_controller.rb
3	3	app/controllers/api/v1/tokens_controller.rb
1	1	app/controllers/application_controller.rb
5	5	app/controllers/csa_foods_controller.rb
0	83	app/controllers/days_controller.rb
15	37	app/controllers/decision_logs_controller.rb
14	46	app/controllers/decisions_controller.rb
2	3	app/controllers/foods_controller.rb
3	3	app/controllers/goals_controller.rb
0	95	app/controllers/locations_controller.rb
24	44	app/controllers/measurement_logs_controller.rb
15	37	app/controllers/measurements_controller.rb
14	36	app/controllers/users_controller.rb
1	1	app/models/ability.rb
3	1	app/models/csa_food.rb
0	5	app/models/location.rb
1	0	app/models/measurement_log.rb
5	0	app/models/record.rb
0	29	app/views/days/_form.html.haml
0	7	app/views/days/edit.html.haml
0	29	app/views/days/index.html.haml
0	5	app/views/days/new.html.haml
0	24	app/views/days/show.html.haml
1	0	app/views/goals/index.html.haml
0	10	app/views/locations/_form.html.haml
0	7	app/views/locations/edit.html.haml
0	17	app/views/locations/index.html.haml
0	5	app/views/locations/new.html.haml
0	14	app/views/locations/show.html.haml
2	0	config/initializers/inflections.rb
29	1	config/locales/en.yml
2	2	config/routes.rb
55	0	spec/controllers/api_offline_v1_offline_controller_spec.rb
6	0	spec/controllers/api_v1_records_controller_spec.rb
44	0	spec/controllers/api_v1_tokens_controller_spec.rb
83	0	spec/controllers/csa_foods_controller_spec.rb
62	0	spec/controllers/decision_logs_controller_spec.rb
66	0	spec/controllers/decisions_controller_spec.rb
60	0	spec/controllers/foods_controller_spec.rb
60	0	spec/controllers/goals_controller_spec.rb
7	0	spec/controllers/location_histories_controller_spec.rb
63	0	spec/controllers/measurement_logs_controller_spec.rb
62	0	spec/controllers/measurements_controller_spec.rb
130	0	spec/controllers/users_controller_spec.rb
6	0	spec/factories/factory_csa_food.rb
5	0	spec/factories/factory_decision.rb
6	0	spec/factories/factory_decision_log.rb
1	1	spec/factories/factory_measurement_log.rb

--6c699f3--2013-06-23--Sacha Chua
2	30	app/controllers/admin_controller.rb
21	21	app/controllers/api/v1/records_controller.rb
6	24	app/controllers/clothing_controller.rb
4	21	app/controllers/home_controller.rb
0	19	app/controllers/library_controller.rb
1	31	app/controllers/location_histories_controller.rb
0	4	app/controllers/registrations_controller.rb
1	1	app/controllers/sessions_controller.rb
10	0	app/controllers/toronto_libraries_controller.rb
15	0	app/models/clothing.rb
0	7	app/views/admin/index.html.haml
1	4	app/views/home/feedback.html.haml
0	10	app/views/location_histories/_form.html.haml
0	7	app/views/location_histories/edit.html.haml
0	5	app/views/location_histories/index.html.haml
0	5	app/views/location_histories/new.html.haml
3	6	config/routes.rb
12	10	features/clothing.feature
6	4	features/support/env.rb
37	0	spec/controllers/admin_controller_spec.rb
40	0	spec/controllers/api_v1_records_controller_spec.rb
11	4	spec/controllers/application_controller_spec.rb
85	0	spec/controllers/clothing_controller_spec.rb
16	1	spec/controllers/home_controller_spec.rb
34	0	spec/controllers/location_histories_controller_spec.rb
7	1	spec/controllers/registrations_controller_spec.rb
19	0	spec/controllers/sessions_controller_spec.rb
16	0	spec/controllers/toronto_libraries_controller_spec.rb
4	0	spec/factories/factory_user.rb
18	14	spec/models/clothing_spec.rb
0	1	spec/requests/application_spec.rb
1	0	spec/spec_helper.rb

--9fd5ca2--2013-06-23--Sacha Chua
2	1	.gitignore
1	0	Gemfile
4	0	Gemfile.lock
11	13	Guardfile
1	1	app/controllers/application_controller.rb
3	3	app/controllers/clothing_controller.rb
4	3	app/controllers/home_controller.rb
8	8	app/controllers/memories_controller.rb
3	2	app/mailers/application_mailer.rb
3	3	app/models/clothing_match.rb
1	1	app/views/clothing/_nav.html.haml
4	4	app/views/clothing/analyze.html.haml
21	9	app/views/clothing/graph.html.erb
5	6	config/routes.rb
16	15	features/clothing.feature
24	2	features/step_definitions/clothing_steps.rb
42	0	features/step_definitions/user_steps.rb
3	2	features/user.feature
103	0	spec/controllers/memories_controller_spec.rb
4	0	spec/factories/factory_user.rb
6	0	spec/factories/memories.rb
7	4	spec/models/clothing_match_spec.rb
17	17	spec/models/clothing_spec.rb

--d06c7a4--2013-06-23--Sacha Chua
1	0	Gemfile
7	0	Gemfile.lock
2	4	app/controllers/admin_controller.rb
23	30	app/controllers/application_controller.rb
12	11	app/controllers/contexts_controller.rb
8	14	config/database.yml.sample
1	1	config/routes.rb
206	0	features/step_definitions/email_steps.rb
3	0	features/support/env.rb
0	6	features/user.feature
57	0	spec/controllers/application_controller_spec.rb
86	0	spec/controllers/contexts_controller_spec.rb
5	1	spec/models/library_item_spec.rb
34	0	spec/requests/application_spec.rb