--01b789d--2013-06-15--Sacha Chua
--ea4a4ce--2013-06-15--Sacha Chua
1	0	Gemfile
2	0	Gemfile.lock
1	15	app/controllers/application_controller.rb
0	50	app/controllers/home_controller.rb
10	8	app/models/clothing_match.rb
40	25	app/models/goal.rb
2	1	app/models/record_category.rb
0	28	app/models/time_tracker_log.rb
0	21	app/models/wp_blog_comment.rb
0	19	app/models/wp_blog_post.rb
0	1	app/views/clothing/show.html.haml
1	1	config/environments/test.rb
0	1	config/routes.rb
24	17	features/clothing.feature
0	14	features/framework.feature
2	1	features/memories.feature
2	8	features/step_definitions/clothing_steps.rb
4	1	features/step_definitions/context_steps.rb
0	8	features/step_definitions/life_steps.rb
240	0	features/step_definitions/user_steps.rb
5	5	features/stuff.feature
18	4	features/support/env.rb
11	0	spec/factories/factory_goal.rb
6	7	spec/factories/factory_user.rb
3	0	spec/factories/record_categories.rb
1	1	spec/factories/records.rb
1	0	spec/models/clothing_log_spec.rb
298	0	spec/models/goal_spec.rb
3	1	spec/spec_helper.rb

--fd44f64--2013-06-14--Sacha Chua
1	1	app/controllers/clothing_logs_controller.rb
1	1	app/views/clothing_logs/show.html.haml