--3953ce9f--2011-08-18--Chris Mear
--adcb7f24--2011-08-18--Andrew Black
3	0	app/views/members/edit.html.haml
2	0	app/views/members/index.html.haml
1	0	app/views/members/index.pdf.haml
4	1	app/views/members/show.html.haml
10	0	db/migrate/20110806145549_add_role.rb
2	1	db/schema.rb
2	0	features/organisation_running/editing_profile.feature

--29702a92--2011-08-08--Chris Mear
1	0	features/step_definitions/proposal_steps.rb

--898007cd--2011-08-18--Chris Mear
1	1	Gemfile
4	4	Gemfile.lock

--c054f737--2011-08-14--Chris Mear
1	1	HACKING.md

--673db760--2011-08-17--Chris Mear
0	10	spec/helpers/global_helpers_spec.rb.aside

--57b03796--2011-08-08--Chris Mear
4	0	CHANGELOG.txt
1	1	lib/one_click_orgs/version.rb

--75b593e4--2011-08-08--Chris Mear
15	11	app/controllers/application_controller.rb
8	10	app/models/member.rb
0	0	features/{organisation_founding => notifications}/show_failed_proposal.feature
9	0	features/notifications/show_notification_once.feature
4	0	features/step_definitions/organisation_steps.rb