--74d4a73b--2013-07-24--Chris Mear
--d2bf6485--2013-07-24--Chris Mear
1	1	Gemfile
32	32	Gemfile.lock

--6649b7a5--2013-07-24--Chris Mear
4	4	app/views/board_resolutions/new.html.haml

--bd8e23c2--2013-07-18--Chris Mear
6	3	lib/tasks/coveralls.rake

--7a973527--2013-07-18--Chris Mear
1	1	Gemfile.lock

--07441e10--2013-07-18--Chris Mear
1	1	Gemfile.lock

--ca20e01e--2013-07-18--Chris Mear
1	0	Gemfile.lock

--7d8446c1--2013-07-18--Chris Mear
2	2	app/views/admin/coops/index.html.haml
7	1	app/views/admin/coops/show.html.haml
2	1	features/coop/founding/approving_coop_registration.feature
7	0	features/step_definitions/coop_review_steps.rb

--621123a8--2013-07-18--Chris Mear
14	0	app/controllers/admin/registration_forms_controller.rb
0	4	app/controllers/admin/registration_forms_controller_controller.rb
1	79	app/controllers/registration_forms_controller.rb
89	0	app/models/registration_form.rb
5	0	features/coop/founding/viewing_submitted_coops.feature

--25c8c07f--2013-07-18--Chris Mear
1	10	app/controllers/admin/coops_controller.rb
1	1	app/controllers/admin/registration_forms_controller_controller.rb

--cbd604a9--2013-07-18--Chris Mear
27	1	app/controllers/admin/constitutions_controller.rb
2	0	app/controllers/admin_controller.rb
3	2	app/controllers/application_controller.rb
29	0	app/views/admin/constitutions/show.pdf.haml
5	0	features/coop/founding/viewing_submitted_coops.feature
4	0	features/step_definitions/web_steps_custom.rb
32	0	spec/controllers/admin/constitutions_controller_spec.rb

--10b921cb--2013-07-18--Chris Mear
4	0	app/controllers/admin/constitutions_controller.rb
4	0	app/controllers/admin/coops_controller.rb
4	0	app/controllers/admin/registration_forms_controller_controller.rb
22	0	app/views/admin/coops/show.html.haml
3	0	config/routes.rb
10	1	features/coop/founding/viewing_submitted_coops.feature
29	0	features/step_definitions/coop_review_steps.rb
3	0	features/support/paths.rb
40	0	spec/controllers/admin/coops_controller_spec.rb
8	0	spec/support/controller_spec_helper.rb
32	0	spec/views/admin/coops/show.html.haml_spec.rb

--85c16271--2013-07-16--Chris Mear
1	1	Gemfile
4	7	Gemfile.lock

--133272b5--2013-07-16--Chris Mear
1	0	.travis.yml
2	1	Gemfile
16	8	Gemfile.lock

--244a8597--2013-07-15--Chris Mear
1	2	features/support/env.rb
1	2	spec/spec_helper.rb