--aac0a2582--2015-05-12--Dennis Schubert
--40bb44eb9--2015-05-10--Steffen van Bergerem
1	0	Changelog.md
26	4	app/assets/javascripts/mobile/tag_following.js
1	0	app/assets/stylesheets/mobile/mobile.scss
28	0	app/assets/stylesheets/mobile/tags.scss
6	0	app/controllers/tag_followings_controller.rb
3	0	app/views/layouts/application.mobile.haml
18	0	app/views/tag_followings/manage.mobile.haml
3	0	config/locales/diaspora/en.yml
3	2	config/locales/javascript/javascript.en.yml
5	1	config/routes.rb
27	15	features/mobile/drawer.feature
12	0	features/mobile/tags.feature
32	0	spec/controllers/tag_followings_controller_spec.rb

--890029b19--2015-05-10--Jonne Haß
--3f3148af2--2015-05-10--Dennis Schubert
--5477c7df9--2015-05-10--Dennis Schubert
--59e77675c--2015-05-10--Jonne Haß
--300376a85--2015-05-09--Dennis Schubert
--bd9bce2a5--2015-05-07--Dennis Schubert
--fc00e94af--2015-05-07--Jonne Haß
--ddf1b6ea8--2015-05-07--Jonne Haß
--b05d183f9--2015-05-07--Dennis Schubert
--642c4597e--2015-05-07--Dennis Schubert
--461293778--2015-05-06--Jonne Haß
--abeb99bb7--2015-05-05--Jonne Haß
--5c012e787--2015-05-05--Florian Staudacher
12	1	app/assets/javascripts/bookmarklet.js
26	0	spec/javascripts/bookmarklet-spec.js
1	0	spec/javascripts/support/jasmine.yml

--bd17c528e--2015-05-05--Jonne Haß
--4a7c358be--2015-05-05--Jonne Haß
--17fbbeea6--2015-05-04--Dennis Schubert
--3fadcfa56--2015-05-04--Jonne Haß
--9db8cea50--2015-05-04--Dennis Schubert
--7060840d0--2015-05-04--Jonne Haß
1	12	lib/federation_logger.rb

--2570d88cc--2015-05-04--Jonne Haß
--f2e26dfaf--2015-05-04--Jonne Haß
--971a3dd02--2015-05-04--Jonne Haß
--381e4978d--2015-05-04--Jonne Haß
--2dc7f4c2b--2015-05-04--Jonne Haß
--4f6d90277--2015-05-04--Jonne Haß
--234e20560--2015-05-04--Jonne Haß
--8172eee43--2015-05-04--Jonne Haß
--9a86a0d24--2015-05-04--Jonne Haß
--4faaa2a80--2015-05-04--Jonne Haß
--a365d802c--2015-05-04--Jonne Haß
1	1	.ruby-version
1	1	.travis.yml
5	0	Changelog.md

--4fad5041c--2015-05-04--Jonne Haß
9	1	Changelog.md
1	1	config/defaults.yml

--f257658e4--2015-05-04--Jonne Haß
1	0	Changelog.md
2	0	app/models/comment.rb
2	0	app/models/like.rb
8	0	app/models/participation.rb
4	4	app/models/user.rb
11	6	app/models/user/social_actions.rb
29	0	db/migrate/20150404193023_participation_counter.rb
5	4	db/schema.rb
104	0	features/desktop/activity_stream.feature
4	0	features/step_definitions/stream_steps.rb
7	0	spec/controllers/status_messages_controller_spec.rb
23	0	spec/models/comment_spec.rb
17	0	spec/models/like_spec.rb
28	0	spec/models/participation_spec.rb
19	4	spec/models/user/social_actions_spec.rb

--04c6f83b0--2015-05-04--Jonne Haß
--19a19919b--2015-05-02--Steffen van Bergerem
1	1	Gemfile
5	5	Gemfile.lock

--0bb316e89--2015-05-01--Florian Staudacher
7	3	app/assets/javascripts/app/views/bookmarklet_view.js
45	0	app/assets/javascripts/bookmarklet.js
4	19	app/helpers/application_helper.rb
1	1	app/views/shared/_right_sections.html.haml
27	0	lib/bookmarklet_renderer.rb
47	0	lib/error_page_renderer.rb
6	46	lib/tasks/assets.rake

--9479be636--2015-05-01--Florian Staudacher
--fb51e9aa4--2014-11-10--JesseWeinstein
4	4	app/helpers/application_helper.rb

--ea33ef9e0--2014-11-10--JesseWeinstein
4	4	app/helpers/application_helper.rb

--9585a1877--2014-11-10--JesseWeinstein
18	1	app/helpers/application_helper.rb