--8172eee43--2015-05-04--Jonne Haß
--1fc31cc31--2015-05-03--Steffen van Bergerem
1	0	Changelog.md
41	0	app/views/users/_close_account_modal.haml
4	37	app/views/users/edit.html.haml
16	44	app/views/users/edit.mobile.haml
3	3	features/desktop/closes_account.feature
18	0	features/mobile/closes_account.feature

--9a86a0d24--2015-05-04--Jonne Haß
--4faaa2a80--2015-05-04--Jonne Haß
--a365d802c--2015-05-04--Jonne Haß
1	1	.ruby-version
1	1	.travis.yml
5	0	Changelog.md

--4fad5041c--2015-05-04--Jonne Haß
9	1	Changelog.md
1	1	config/defaults.yml

--f257658e4--2015-05-04--Jonne Haß
1	0	Changelog.md
2	0	app/models/comment.rb
2	0	app/models/like.rb
8	0	app/models/participation.rb
4	4	app/models/user.rb
11	6	app/models/user/social_actions.rb
29	0	db/migrate/20150404193023_participation_counter.rb
5	4	db/schema.rb
104	0	features/desktop/activity_stream.feature
4	0	features/step_definitions/stream_steps.rb
7	0	spec/controllers/status_messages_controller_spec.rb
23	0	spec/models/comment_spec.rb
17	0	spec/models/like_spec.rb
28	0	spec/models/participation_spec.rb
19	4	spec/models/user/social_actions_spec.rb

--04c6f83b0--2015-05-04--Jonne Haß