--59e8fc93a--2015-04-30--Jonne Haß
--31bbfe8ea--2015-04-30--Steffen van Bergerem
--28c9cfdfd--2015-04-27--Benjamin Neff
5	0	Gemfile
5	0	Gemfile.lock
4	1	app/assets/javascripts/app/pages/contacts.js
4	0	app/models/aspect.rb
1	1	app/views/contacts/_aspect_listings.haml
3	1	config/routes.rb
10	0	features/desktop/manages_aspects.feature
23	0	features/step_definitions/aspects_steps.rb
7	0	spec/models/aspect_spec.rb

--3c0975641--2015-04-26--Benjamin Neff
14	0	app/assets/javascripts/app/pages/contacts.js
0	17	app/assets/javascripts/aspects-sorting.js
0	1	app/assets/javascripts/main.js
1	0	app/assets/stylesheets/contacts.scss
7	0	app/controllers/aspects_controller.rb
1	3	app/controllers/users_controller.rb
0	8	app/models/user.rb
1	0	config/routes.rb
13	0	spec/controllers/aspects_controller_spec.rb
0	17	spec/controllers/users_controller_spec.rb

--cee4f1c3c--2015-01-14--Simon Wörner
1	0	Gemfile
1	0	Gemfile.lock
5	6	app/assets/javascripts/aspects-sorting.js
4	1	app/assets/javascripts/main.js
3	3	app/controllers/users_controller.rb
17	0	spec/controllers/users_controller_spec.rb

--288b83bd8--2015-04-25--Jonne Haß
--2fa4c07a9--2015-04-25--Jan Berdajs
23	19	script/server

--3763a8774--2015-02-27--Akash Agrawall
27	0	script/server

--cfa4567d2--2015-04-25--Jonne Haß
--f5ce61229--2015-04-25--Simon Žlender
1	5	app/assets/stylesheets/new_styles/_typography.scss

--e50dfea87--2015-04-25--Jonne Haß
--8dcc5fafe--2015-04-25--Jan Berdajs
2	2	script/server

--283f22fc8--2015-04-25--Martin Artnik
1	1	app/assets/stylesheets/vendor/{autoSuggest.css.erb => autoSuggest.css}

--4c13fd2b4--2015-01-14--Simon Wörner
18	0	app/assets/javascripts/aspects-sorting.js
2	0	app/assets/javascripts/main.js
2	0	app/controllers/users_controller.rb
8	0	app/models/user.rb