--f1ab434b1--2014-08-27--Jonne Haß
--886702359--2014-08-27--Jonne Haß
--b53ee9c7b--2014-08-27--Jonne Haß
--2151b4f79--2014-08-26--Flaburgan
1	1	app/assets/javascripts/app/views/publisher/aspect_selector_view.js
39	5	spec/javascripts/app/views/publisher_view_spec.js

--3d793679e--2014-06-01--flaburgan
7	10	app/assets/javascripts/app/views/aspects_dropdown_view.js
0	1	app/assets/javascripts/app/views/publisher/aspect_selector_blueprint_view.js
12	3	app/assets/javascripts/app/views/publisher/aspect_selector_view.js
21	7	app/assets/javascripts/aspects-dropdown.js
1	0	app/assets/stylesheets/publisher_blueprint.css.scss
12	8	app/views/publisher/_aspect_dropdown.html.haml
11	6	app/views/publisher/_publisher_blueprint.html.haml

--ff84ee048--2014-08-25--Steffen van Bergerem
2	1	Changelog.md
1	1	app/assets/javascripts/app/router.js
15	13	app/assets/javascripts/app/views/contacts_view.js
0	28	app/assets/javascripts/contact-list.js
1	0	app/assets/javascripts/jasmine-load-all.js
1	1	app/assets/stylesheets/aspects.css.scss
11	7	app/assets/stylesheets/contacts.css.scss
2	2	app/assets/stylesheets/people.css.scss
1	0	app/controllers/aspects_controller.rb
31	20	app/controllers/contacts_controller.rb
4	4	app/helpers/contacts_helper.rb
1	1	app/views/contacts/_aspect_listings.haml
1	1	app/views/contacts/_contact.html.haml
1	1	app/views/contacts/_header.html.haml
2	7	app/views/contacts/index.html.haml
2	1	config/locales/diaspora/en.yml
2	1	config/locales/javascript/javascript.en.yml
2	2	config/routes.rb
3	5	features/desktop/contacts.feature
10	23	features/desktop/manages_aspects.feature
2	3	features/desktop/stops_following_users.feature
6	6	features/step_definitions/aspects_steps.rb
2	47	spec/controllers/aspects_controller_spec.rb
1	18	spec/controllers/contacts_controller_spec.rb
3	1	spec/controllers/jasmine_fixtures/contacts_spec.rb
215	0	spec/javascripts/app/views/contacts_view_spec.js
0	19	spec/javascripts/contact-list-spec.js
0	1	spec/javascripts/search-spec.js

--f1408a7a0--2014-08-25--Steffen van Bergerem
68	5	app/assets/javascripts/app/views/contacts_view.js
0	89	app/assets/javascripts/aspect-edit-pane.js
0	58	app/assets/javascripts/contact-edit.js
0	33	app/assets/javascripts/contact-list.js
0	1	app/assets/javascripts/home.js
0	2	app/assets/javascripts/main.js
0	1	app/assets/javascripts/people.js
10	3	app/assets/stylesheets/contacts.css.scss
1	1	app/assets/stylesheets/new_styles/_forms.scss
0	22	app/controllers/aspects_controller.rb
9	22	app/helpers/contacts_helper.rb
0	13	app/views/aspects/edit.html.haml
3	2	app/views/contacts/_contact.html.haml
3	2	app/views/contacts/_header.html.haml
1	0	config/locales/diaspora/en.yml
7	0	config/locales/javascript/javascript.en.yml

--958796188--2014-08-25--Steffen van Bergerem
2	2	app/assets/javascripts/app/views/contacts_view.js
0	31	app/assets/javascripts/aspect-edit-pane.js
0	218	app/assets/stylesheets/aspects.css.scss
4	4	app/assets/stylesheets/contacts.css.scss
1	1	app/controllers/aspects_controller.rb
26	7	app/controllers/contacts_controller.rb
15	2	app/helpers/contacts_helper.rb
13	0	app/views/aspects/edit.html.haml
8	5	app/views/contacts/_header.html.haml
2	3	app/views/contacts/index.html.haml
0	30	app/views/contacts/sharing.haml
1	1	app/views/contacts/spotlight.haml
0	1	config/routes.rb

--1de67281f--2014-08-26--jaideng123
1	6	config/initializers/setup_simple_captcha.rb

--f53001577--2014-08-26--jaideng123
1	1	config/diaspora.yml.example
7	2	config/initializers/setup_simple_captcha.rb
8	0	db/migrate/20140826165533_increase_simple_captcha_limit.rb
2	2	db/schema.rb

--6461135bf--2014-08-24--Steffen van Bergerem
5	0	app/assets/javascripts/app/router.js
47	0	app/assets/javascripts/app/views/contacts_view.js
43	111	app/assets/stylesheets/contacts.css.scss
4	2	app/assets/stylesheets/new-templates.css.scss
0	0	app/assets/stylesheets/{buttons.css.scss => new_styles/_buttons.css.scss}
14	0	app/assets/stylesheets/new_styles/_navs.scss
0	18	app/assets/stylesheets/new_styles/_viewer_nav.scss
0	10	app/assets/stylesheets/notifications.css.scss
23	11	app/assets/stylesheets/people.css.scss
1	0	app/controllers/contacts_controller.rb
3	4	app/helpers/contacts_helper.rb
0	24	app/views/aspects/edit.html.haml
0	15	app/views/aspects/toggle_contact_visibility.js.erb
0	13	app/views/community_spotlight/_user.html.haml
26	31	app/views/contacts/_aspect_listings.haml
11	10	app/views/contacts/_contact.html.haml
32	0	app/views/contacts/_header.html.haml
7	0	app/views/contacts/_sidebar.html.haml
22	40	app/views/contacts/index.html.haml
18	21	app/views/contacts/spotlight.haml
10	17	app/views/people/_person.html.haml
2	1	app/views/people/_relationship_action.haml
0	13	app/views/shared/_contact_sidebar.html.haml