--ab15bad53--2014-03-24--Jonne Haß
--b0a4d5d43--2014-03-23--Jonne Haß
--cd241ee94--2014-03-23--Steffen van Bergerem
1	0	Changelog.md
0	1	app/assets/javascripts/app/pages/single-post-viewer.js
4	0	app/helpers/people_helper.rb

--029520a35--2014-03-20--Jonne Haß
--d9857a3a1--2014-03-19--Steffen van Bergerem
4	4	app/assets/javascripts/app/views/notifications_view.js
5	2	app/assets/stylesheets/notifications.css.scss
2	2	app/views/notifications/index.html.haml

--23a91eb63--2014-03-19--Jonne Haß
--4fc9c6416--2014-03-13--Steffen van Bergerem
1	0	Changelog.md
86	0	app/assets/javascripts/app/views/notifications_view.js
7	32	app/assets/javascripts/widgets/notifications.js
0	19	app/assets/stylesheets/application.css.sass
3	0	app/assets/stylesheets/new-templates.css.scss
83	0	app/assets/stylesheets/notifications.css.scss
13	0	app/views/notifications/_notification.html.haml
48	30	app/views/notifications/index.html.haml
15	15	config/locales/diaspora/en.yml
12	1	features/desktop/notifications.feature
7	0	features/step_definitions/notifications_steps.rb
76	0	spec/javascripts/app/views/notifications_view_spec.js

--eabdc7390--2014-03-13--Steffen van Bergerem
1	1	app/assets/javascripts/app/app.js
161	0	app/assets/javascripts/app/views/aspect_membership_blueprint_view.js
16	43	app/assets/javascripts/app/views/aspect_membership_view.js
5	1	app/assets/javascripts/app/views/hovercard_view.js
1	1	app/assets/javascripts/app/views/publisher/aspect_selector_view.js
4	1	app/assets/stylesheets/aspects.css.scss
18	1	app/assets/stylesheets/buttons.css.scss
9	6	app/assets/stylesheets/hovercard.css.scss
2	1	app/controllers/people_controller.rb
16	7	app/helpers/aspect_global_helper.rb
2	1	app/helpers/people_helper.rb
26	0	app/views/aspect_memberships/_aspect_membership_dropdown.html.haml
1	5	app/views/{shared/_aspect_dropdown.html.haml => aspect_memberships/_aspect_membership_dropdown_blueprint.html.haml}
1	1	app/views/people/_aspect_membership_dropdown.haml
16	0	spec/controllers/jasmine_fixtures/people_spec.rb
118	0	spec/javascripts/app/views/aspect_membership_blueprint_view_spec.js
18	56	spec/javascripts/app/views/aspect_membership_view_spec.js

--f217a5bc1--2014-03-13--Steffen van Bergerem
1	0	Changelog.md
6	0	app/controllers/application_controller.rb
1	1	app/controllers/conversations_controller.rb
13	0	app/controllers/notifications_controller.rb
1	1	app/controllers/posts_controller.rb
1	1	app/controllers/status_messages_controller.rb
3	2	app/helpers/notifications_helper.rb
11	0	app/models/notification.rb
1	1	app/views/notifications/_notify_popup_item.haml
26	16	config/locales/diaspora/en.yml
4	0	config/locales/javascript/javascript.en.yml
19	0	spec/controllers/jasmine_fixtures/notifications_spec.rb
15	1	spec/controllers/notifications_controller_spec.rb
1	1	spec/helpers/notifications_helper_spec.rb

--1cef3e42c--2014-03-17--Hincu Petru
1	1	Changelog.md
6	0	app/assets/javascripts/app/views/comment_stream_view.js
4	1	spec/javascripts/app/views/comment_stream_view_spec.js