--684067be4--2013-08-16--Jonne Haß
--051cceaf3--2013-08-16--Dennis Schubert
--d1c679cc2--2013-08-16--movilla
1	1	Changelog.md
4	0	app/assets/stylesheets/mobile.css.scss
2	2	app/controllers/comments_controller.rb
4	1	app/views/comments/_comment.mobile.haml
5	1	features/reactions_mobile.feature

--22db89a36--2013-08-16--Jonne Haß
--3b06184d7--2013-08-16--Jonne Haß
--30778ffbd--2013-08-16--Jonne Haß
--e9977af7b--2013-08-16--Roger Braun
6	5	spec/lib/template_picker_spec.rb

--ec9c8d7da--2013-08-14--Roger Braun
1	1	lib/template_picker.rb

--9b92d6a10--2013-08-08--Jonne Haß
1	1	Gemfile
4	4	Gemfile.lock

--769bc5ce9--2013-08-08--Jonne Haß
1	1	Gemfile
2	2	Gemfile.lock
4	4	config/initializers/devise.rb
2	1	config/locales/devise/devise.en.yml