--e0c71e13d--2012-03-19--Maxwell Salzberg
--491d484a2--2012-03-18--Jonne Haß
1	1	Gemfile.lock
1	1	config/locales/devise/devise.es-MX.yml
1	1	config/locales/devise/devise.es.yml
8	8	config/locales/devise/devise.hu.yml
1	1	config/locales/devise/devise.pl.yml
14	11	config/locales/devise/devise.pt-PT.yml
1	1	config/locales/devise/devise.ru.yml
25	0	config/locales/diaspora/es-MX.yml
27	0	config/locales/diaspora/es.yml
3	0	config/locales/diaspora/fr.yml
56	26	config/locales/diaspora/hu.yml
30	0	config/locales/diaspora/it.yml
1	0	config/locales/diaspora/ko.yml
30	0	config/locales/diaspora/pl.yml
1	1	config/locales/diaspora/pt-BR.yml
185	188	config/locales/diaspora/pt-PT.yml
4	1	config/locales/diaspora/ru.yml
30	0	config/locales/diaspora/sv.yml
2	0	config/locales/javascript/javascript.es-MX.yml
2	0	config/locales/javascript/javascript.es.yml
2	0	config/locales/javascript/javascript.fr.yml
3	1	config/locales/javascript/javascript.hu.yml
2	0	config/locales/javascript/javascript.it.yml
2	0	config/locales/javascript/javascript.ko.yml
2	0	config/locales/javascript/javascript.pl.yml
2	2	config/locales/javascript/javascript.pt-BR.yml
31	26	config/locales/javascript/javascript.pt-PT.yml
2	0	config/locales/javascript/javascript.ru.yml
2	0	config/locales/javascript/javascript.sv.yml

--39c7478b4--2012-03-17--Maxwell Salzberg
4	6	spec/controllers/conversations_controller_spec.rb

--d668b21cd--2012-03-17--Maxwell Salzberg
6	4	spec/controllers/conversations_controller_spec.rb

--aee17798c--2012-03-17--Maxwell Salzberg
0	1	app/controllers/invitations_controller.rb
10	25	app/views/invitations/new.html.haml
1	1	config/locales/diaspora/en.yml

--5868ff06f--2012-03-17--Maxwell Salzberg
0	6	app/views/notifier/invite.html.erb

--7e7de439f--2012-03-17--Jonne Haß
2	2	app/helpers/notifier_helper.rb
2	2	app/views/invitations/new.html.haml
1	12	app/views/notifier/invite.text.erb
1	1	app/views/people/_add_contact.html.haml
29	1	config/locales/diaspora/en.yml

--e413a6e70--2012-03-17--Jonne Haß
7	0	script/ci/before_install.sh

--4a564c0c0--2012-03-16--danielgrippi
--852687b31--2012-03-16--danielgrippi
2	1	app/controllers/registrations_controller.rb
1	1	features/accepts_invitation.feature
5	0	features/step_definitions/user_steps.rb
4	0	spec/controllers/registrations_controller_spec.rb

--11505a386--2012-03-16--Maxwell Salzberg
2	0	app/controllers/invitations_controller.rb
8	2	app/controllers/registrations_controller.rb
4	0	app/models/invitation_code.rb
1	1	app/models/user.rb
1	4	app/views/services/_remote_friend.html.haml
1	0	config/locales/diaspora/en.yml
5	1	features/accepts_invitation.feature
4	4	features/step_definitions/user_steps.rb

--319b3c4d3--2012-03-15--Maxwell Salzberg
8	2	app/controllers/admins_controller.rb
1	1	app/controllers/invitations_controller.rb
1	1	app/models/invitation.rb
22	2	app/models/invitation_code.rb
1	12	app/models/user.rb
32	50	app/views/admins/user_search.html.haml
1	1	app/views/notifier/invite.html.erb
6	0	config/application.yml.example
1	0	config/routes.rb
0	1	db/migrate/20110105051803_create_import_tables.rb
4	2	features/step_definitions/user_steps.rb
3	8	lib/email_inviter.rb
5	0	lib/rake_helpers.rb
1	6	spec/controllers/admins_controller_spec.rb
2	3	spec/controllers/invitations_controller_spec.rb
11	23	spec/lib/email_inviter_spec.rb
7	9	spec/lib/rake_helper_spec.rb
35	0	spec/models/invitation_code_spec.rb

--6b97b8044--2012-02-09--Maxwell Salzberg
6	4	app/controllers/admins_controller.rb
1	0	app/controllers/invitations_controller.rb
0	34	app/controllers/services_controller.rb
3	4	app/helpers/notifier_helper.rb
7	41	app/models/invitation.rb
0	140	app/views/notifier/invite.erb
16	16	app/views/notifier/invite.html.erb
1	1	app/views/notifier/invite.text.erb
1	1	features/accepts_invitation.feature
4	5	features/step_definitions/user_steps.rb
1	1	features/support/paths.rb
3	2	lib/email_inviter.rb
1	1	lib/rake_helpers.rb
0	47	spec/controllers/services_controller_spec.rb
0	0	tmp/.gitkeep

--7bac63398--2011-12-12--Maxwell Salzberg
0	1	Gemfile
0	4	Gemfile.lock
16	0	app/controllers/invitation_codes_controller.rb
13	82	app/controllers/invitations_controller.rb
13	2	app/controllers/registrations_controller.rb
2	18	app/controllers/services_controller.rb
28	0	app/helpers/invitation_codes_helper.rb
15	0	app/mailers/notifier.rb
17	0	app/models/invitation_code.rb
19	57	app/models/user.rb
13	12	app/views/invitations/new.html.haml
140	0	app/views/notifier/invite.erb
140	0	app/views/notifier/invite.html.erb
12	0	app/views/notifier/invite.text.erb
5	0	app/views/people/_add_contact.html.haml
8	1	app/views/registrations/new.html.haml
2	0	app/views/users/getting_started.haml
3	0	config/locales/diaspora/en.yml
10	9	config/routes.rb
15	0	db/migrate/20111211213438_create_invitation_codes.rb
8	0	db/schema.rb
10	0	features/invitations.feature
3	2	features/step_definitions/message_steps.rb
19	0	features/step_definitions/user_steps.rb
34	0	lib/email_inviter.rb
11	148	spec/controllers/invitations_controller_spec.rb
11	0	spec/controllers/registrations_controller_spec.rb
7	1	spec/factories.rb
15	0	spec/helpers/invitation_codes_helper_spec.rb
68	0	spec/lib/email_inviter_spec.rb
7	0	spec/models/invitation_code_spec.rb
1	98	spec/models/invitation_spec.rb
6	133	spec/models/user_spec.rb

--35cef7727--2012-03-16--Maxwell Salzberg
--d626148a8--2012-03-16--Diaspora Europe
5	1	config/initializers/will_paginate.rb

--784f1ffbe--2012-03-15--Florian Staudacher
1	1	public/javascripts/app/views/content_view.js

--3d1925ec6--2012-03-15--Florian Staudacher
5	5	public/javascripts/app/views/content_view.js
1	0	public/stylesheets/sass/application.sass