--39d31d588--2012-02-24--danielgrippi
--2c0cfa53d--2012-02-24--danielgrippi
1	0	config/assets.yml
13	0	public/javascripts/app/pages/post-viewer.js
246	0	public/javascripts/vendor/jquery.idle-timer.js
23	1	public/stylesheets/sass/new-templates.scss
1	0	spec/javascripts/support/jasmine.yml

--6e55d6c01--2012-02-24--Dennis Collinson
4	6	app/presenters/post_presenter.rb
4	4	public/javascripts/app/models/post.js
0	4	public/javascripts/app/models/reshare.js
3	4	public/javascripts/app/pages/post-viewer.js
1	3	public/javascripts/app/router.js

--ead0b14a4--2012-02-24--Maxwell Salzberg
--0db2bd9e4--2012-02-24--Maxwell Salzberg
--b287cfa71--2012-02-24--Maxwell Salzberg
--663a5a0e7--2012-02-24--Florian Staudacher
1	1	app/views/status_messages/bookmarklet.html.haml

--34b9e1c7c--2012-02-23--danielgrippi
1	1	public/stylesheets/sass/new-templates.scss

--9769dfb30--2012-02-23--Dennis Collinson
0	48	app/controllers/photos_controller.rb
1	1	app/controllers/reshares_controller.rb
0	63	app/views/photos/show.html.haml
0	17	app/views/photos/show.mobile.haml
2	25	features/comments.feature
0	64	features/photos.feature
6	1	features/step_definitions/comment_steps.rb
0	4	features/support/paths.rb
1	0	public/javascripts/app/models/post.js
5	1	public/javascripts/app/models/reshare.js
1	1	public/javascripts/app/templates/post-viewer/new-comment.handlebars
0	2	public/javascripts/app/views/feedback_view.js
0	155	spec/controllers/photos_controller_spec.rb

--b38c49883--2012-02-23--danielgrippi
-	-	public/images/down-tick-inset.png
-	-	public/images/up-tick-inset.png
10	3	public/javascripts/app/templates/post-viewer/feedback.handlebars
3	0	public/javascripts/app/templates/post-viewer/interactions.handlebars
5	4	public/javascripts/app/views/post-viewer/feedback.js
4	9	public/javascripts/app/views/post-viewer/interactions.js
28	2	public/stylesheets/sass/new-templates.scss

--2fa673b14--2012-02-23--danielgrippi
0	1	public/javascripts/app/pages/post-viewer.js
0	1	public/javascripts/app/templates/feedback.handlebars
9	1	public/javascripts/app/templates/post-viewer/feedback.handlebars
1	0	public/javascripts/app/templates/post-viewer/interactions.handlebars
1	2	public/javascripts/app/views/post-viewer/feedback.js
10	4	public/javascripts/app/views/post-viewer/interactions.js
69	19	public/stylesheets/sass/new-templates.scss

--2e3d70f5a--2012-02-23--Dennis Collective
--a35dfa115--2012-02-23--danielgrippi
1	1	public/javascripts/app/pages/post-viewer.js
3	97	public/javascripts/app/templates/post-viewer.handlebars
0	6	public/javascripts/app/templates/post-viewer/feedback.handlebars
11	5	public/stylesheets/sass/new-templates.scss

--857f51b68--2012-02-23--danielgrippi
2	2	public/javascripts/app/pages/post-viewer.js
5	3	public/javascripts/app/templates/post-viewer/content/status-with-photo-backdrop.handlebars
26	10	public/stylesheets/sass/new-templates.scss

--c3c20db8e--2012-02-23--danielgrippi
6	2	public/javascripts/app/templates/post-viewer/nav.handlebars
1	1	public/javascripts/app/views/post-viewer/nav.js
8	1	public/stylesheets/sass/new-templates.scss

--8d2376b3b--2012-02-23--Dennis Collinson
1	0	features/support/post_generation_helpers.rb

--e78ab14fc--2012-02-23--danielgrippi
1	1	public/javascripts/app/pages/post-viewer.js
5	8	public/javascripts/app/templates/post-viewer/content/activity-streams-photo.handlebars
9	11	public/javascripts/app/templates/post-viewer/content/multi-photo.handlebars
1	1	public/javascripts/app/templates/post-viewer/content/note.handlebars
1	1	public/javascripts/app/templates/post-viewer/content/photo-backdrop.handlebars
1	1	public/javascripts/app/templates/post-viewer/content/rich-media.handlebars
1	1	public/javascripts/app/templates/post-viewer/content/status-with-photo-backdrop.handlebars
3	5	public/javascripts/app/templates/post-viewer/content/status.handlebars
17	17	public/stylesheets/sass/new-templates.scss

--806487a5f--2012-02-23--danielgrippi
2	1	config/assets.yml
0	0	public/javascripts/app/views/{post_author_view.js => post-viewer/author.js}
0	0	public/javascripts/app/views/{post_feedback_view.js => post-viewer/feedback.js}
0	0	public/javascripts/app/views/{post_interactions_view.js => post-viewer/interactions.js}
0	0	public/javascripts/app/views/{post_nav_view.js => post-viewer/nav.js}
0	0	public/javascripts/app/views/{post_new_comment_view.js => post-viewer/new_comment.js}
0	0	public/javascripts/app/views/{post_reactions_view.js => post-viewer/reactions.js}
2	1	spec/javascripts/support/jasmine.yml

--019b68281--2012-02-23--Diaspora Europe
6	0	public/stylesheets/sass/application.sass

--91e77e9dc--2012-02-22--danielgrippi
1	1	config/assets.yml
2	0	public/javascripts/app/views/post_reactions_view.js
28	7	public/stylesheets/sass/new-templates.scss

--71146f27d--2012-02-22--danielgrippi
4	1	public/javascripts/app/templates/post-viewer/content/activity-streams-photo.handlebars

--b4923a77f--2012-02-22--danielgrippi
1	1	app/controllers/comments_controller.rb
37	25	public/javascripts/app/pages/post-viewer.js
3	7	public/javascripts/app/views/post_feedback_view.js
27	8	public/javascripts/app/views/post_interactions_view.js
4	4	public/stylesheets/sass/new-templates.scss

--8f3cc6769--2012-02-22--danielgrippi
10	2	app/controllers/likes_controller.rb
1	1	spec/controllers/likes_controller_spec.rb
1	1	spec/controllers/participations_controller_spec.rb

--846b14fac--2012-02-22--danielgrippi
1	1	app/views/layouts/application.html.haml
1	2	app/views/layouts/post.html.haml
9	2	config/assets.yml
1	1	public/javascripts/app/models/post.js
20	21	public/javascripts/app/templates/comment.handlebars
15	0	public/javascripts/app/templates/post-viewer/comment.handlebars
2	9	public/javascripts/app/templates/post-viewer/interactions.handlebars
9	0	public/javascripts/app/templates/post-viewer/new-comment.handlebars
1	22	public/javascripts/app/templates/post-viewer/reactions.handlebars
1	0	public/javascripts/app/views/comment_stream_view.js
1	1	public/javascripts/app/views/comment_view.js
7	2	public/javascripts/app/views/post_interactions_view.js
49	0	public/javascripts/app/views/post_new_comment_view.js
21	2	public/javascripts/app/views/post_reactions_view.js
196	65	public/stylesheets/bootstrap.css
1	1	public/stylesheets/sass/application.sass
17	0	public/stylesheets/sass/media-box.scss
44	2	public/stylesheets/sass/new-templates.scss

--21d91f1b4--2012-02-22--danielgrippi
1	74	public/javascripts/app/templates/post-viewer/interactions.handlebars
49	41	public/javascripts/app/templates/post-viewer/reactions.handlebars
6	1	public/stylesheets/sass/new-templates.scss

--8f4fed8c0--2012-02-22--danielgrippi
7	1	app/presenters/post_presenter.rb
4	4	public/javascripts/app/models/post.js
3	4	public/javascripts/app/pages/post-viewer.js
69	16	public/javascripts/app/templates/post-viewer.handlebars
88	0	public/javascripts/app/templates/post-viewer/interactions.handlebars
72	0	public/javascripts/app/templates/post-viewer/reactions.handlebars
2	2	public/javascripts/app/views/feedback_view.js
5	1	public/javascripts/app/views/post_feedback_view.js
21	0	public/javascripts/app/views/post_interactions_view.js
13	0	public/javascripts/app/views/post_reactions_view.js
48	13	public/stylesheets/sass/new-templates.scss
1	1	spec/javascripts/app/views/feedback_view_spec.js

--412853bfc--2012-02-22--Florian Staudacher
5	1	public/javascripts/app/views/photos_view.js
11	2	public/javascripts/widgets/lightbox.js
95	0	spec/javascripts/widgets/lightbox-spec.js

--0430d940f--2012-02-22--Jonne Haß
1	1	Gemfile
1	1	Gemfile.lock

--cd274cad0--2012-02-21--Maxwell Salzberg
22	1	app/presenters/post_presenter.rb

--7755c254f--2012-02-21--Maxwell Salzberg
14	2	app/models/user/social_actions.rb
23	12	app/presenters/post_presenter.rb
70	0	spec/presenters/post_presenter_spec.rb

--3ec7755c8--2012-02-21--danielgrippi
1	1	app/controllers/reshares_controller.rb
7	2	public/javascripts/app/views/feedback_view.js

--899136d0e--2012-02-21--danielgrippi
1	2	app/controllers/likes_controller.rb
1	2	app/controllers/participations_controller.rb
3	0	app/presenters/post_presenter.rb
11	8	public/javascripts/app/models/post.js
4	0	public/javascripts/app/templates/post-viewer/feedback.handlebars
5	0	spec/controllers/likes_controller_spec.rb
5	0	spec/controllers/participations_controller_spec.rb

--37981b71f--2012-02-21--danielgrippi
14	0	features/post_viewer.feature
11	0	features/step_definitions/template_steps.rb
32	0	features/support/post_generation_helpers.rb
9	1	lib/template_picker.rb
3	2	public/javascripts/app/pages/post-viewer.js
29	1	spec/factories.rb
13	1	spec/lib/template_picker_spec.rb

--b1cbd0f4a--2012-02-21--danielgrippi
3	1	public/javascripts/app/templates/status-message.handlebars
0	4	public/javascripts/app/views/feedback_view.js
3	5	spec/javascripts/app/views/stream_view_spec.js

--ebcde41e6--2012-02-21--danielgrippi
0	23	app/views/posts/show.html.haml
0	8	public/javascripts/app/pages/post-viewer.js
9	0	public/javascripts/app/templates/post-viewer/author.handlebars
2	1	public/stylesheets/sass/new-templates.scss

--3db133a3a--2012-02-20--danielgrippi
5	0	public/javascripts/app/models/post.js
1	1	public/javascripts/app/pages/post-viewer.js
5	1	public/javascripts/app/views.js
8	0	public/javascripts/app/views/feedback_view.js
8	0	spec/javascripts/app/views/feedback_view_spec.js

--3cab4d348--2012-02-20--danielgrippi
4	1	public/javascripts/app/views/post_nav_view.js

--746680811--2012-02-20--danielgrippi
6	1	public/javascripts/app/pages/post-viewer.js
4	20	public/javascripts/app/templates/post-viewer.handlebars
16	0	public/javascripts/app/templates/post-viewer/author.handlebars
9	0	public/javascripts/app/views/post_author_view.js
1	1	public/stylesheets/sass/new-templates.scss

--6965d6da2--2012-02-20--danielgrippi
3	1	app/controllers/likes_controller.rb
3	1	app/controllers/participations_controller.rb
8	2	public/javascripts/app/models/post.js
1	1	public/javascripts/app/pages/post-viewer.js
10	1	public/javascripts/app/views.js
1	1	public/javascripts/app/views/post_view.js
0	4	public/javascripts/app/views/stream_object_view.js
4	1	public/stylesheets/sass/new-templates.scss

--5ac6188f2--2012-02-20--danielgrippi
-	-	public/images/hatched-bg-dark.png
41	3	public/javascripts/app/templates/post-viewer.handlebars
3	3	public/javascripts/app/views/post_feedback_view.js
82	9	public/stylesheets/sass/new-templates.scss

--a1fe55fcb--2012-02-20--danielgrippi
15	0	app/presenters/post_presenter.rb
-	-	public/images/glyphicons-halflings-blue.png
-	-	public/images/glyphicons-halflings-green.png
-	-	public/images/glyphicons-halflings-red.png
17	5	public/javascripts/app/templates/post-viewer/feedback.handlebars
13	0	public/stylesheets/sass/new-templates.scss

--f4269f2d4--2012-02-20--danielgrippi
2	0	public/javascripts/app/templates/post-viewer/feedback.handlebars
17	8	public/stylesheets/sass/new-templates.scss

--f31418feb--2012-02-19--danielgrippi
1	1	app/controllers/posts_controller.rb
21	37	app/views/posts/show.html.haml
26	0	public/javascripts/app/templates/post-viewer.handlebars
9	0	public/javascripts/app/views/post_nav_view.js

--ca8e8ac0c--2012-02-19--danielgrippi
25	10	public/javascripts/app/pages/post-viewer.js
47	0	public/stylesheets/sass/new-templates.scss

--2815885bc--2012-02-19--danielgrippi
12	2	app/presenters/post_presenter.rb
5	6	public/javascripts/app/pages/post-viewer.js
18	14	public/javascripts/app/templates/post-viewer/feedback.handlebars
1	1	public/javascripts/app/views/feedback_view.js
6	18	public/javascripts/app/views/post_feedback_view.js
0	1	public/javascripts/app/views/post_view.js

--ca8f136ce--2012-02-19--danielgrippi
2	2	app/models/post.rb
2	3	app/presenters/post_presenter.rb

--f83b82902--2012-02-19--danielgrippi
1	3	app/views/posts/show.html.haml
4	4	public/javascripts/app/helpers/text_formatter.js
1	1	public/javascripts/app/pages/post-viewer.js
7	0	public/javascripts/app/templates/post-viewer/content/activity-streams-photo.handlebars
1	1	public/javascripts/app/templates/{ => post-viewer/content}/multi-photo.handlebars
1	1	public/javascripts/app/templates/{ => post-viewer/content}/note.handlebars
0	0	public/javascripts/app/templates/{ => post-viewer/content}/photo-backdrop.handlebars
0	0	public/javascripts/app/templates/{ => post-viewer/content}/rich-media.handlebars
1	1	public/javascripts/app/templates/{ => post-viewer/content}/status-with-photo-backdrop.handlebars
1	1	public/javascripts/app/templates/{ => post-viewer/content}/status.handlebars
3	1	public/javascripts/app/views/post_view.js
6	0	public/stylesheets/sass/new-templates.scss

--3d1ac7ed5--2012-02-19--danielgrippi
7	0	app/views/posts/show.html.haml

--5a1f3675b--2012-02-19--danielgrippi
1	0	config/assets.yml
0	1	public/javascripts/app/pages/post-viewer.js
5	5	public/javascripts/app/templates/{post-viewer-feedback.handlebars => post-viewer/feedback.handlebars}
0	0	public/javascripts/app/templates/{post-viewer-nav.handlebars => post-viewer/nav.handlebars}
29	1	public/javascripts/app/views/post_feedback_view.js
1	1	public/javascripts/app/views/post_nav_view.js

--e60bd7b3e--2012-02-19--danielgrippi
7	5	public/javascripts/app/templates/multi-photo.handlebars
5	0	public/stylesheets/sass/new-templates.scss

--c0eeb7680--2012-02-18--danielgrippi
1	23	app/views/posts/show.html.haml
1	0	config/assets.yml
-	-	public/images/arrow.psd
1	0	public/javascripts/app/app.js
55	0	public/javascripts/app/pages/post-viewer.js
3	4	public/javascripts/app/router.js
17	0	public/javascripts/app/templates/post-viewer-feedback.handlebars
7	0	public/javascripts/app/templates/post-viewer-nav.handlebars
3	0	public/javascripts/app/templates/post-viewer.handlebars
6	0	public/javascripts/app/views/post_feedback_view.js
19	0	public/javascripts/app/views/post_nav_view.js
0	69	public/javascripts/app/views/single_post_view.js

--7acbfe1b7--2012-02-17--danielgrippi
2	1	app/views/posts/show.html.haml
1	0	public/javascripts/app/router.js
62	4	public/javascripts/app/views/single_post_view.js
0	14	public/javascripts/posts-show.js

--30de08b34--2012-02-17--danielgrippi
1	1	app/controllers/posts_controller.rb
2	2	app/models/post.rb
6	7	app/presenters/post_presenter.rb
2	2	app/views/posts/show.html.haml

--7ec13d26a--2012-02-17--danielgrippi
3365	0	public/stylesheets/bootstrap.css

--ead286bf9--2012-02-17--danielgrippi
13	29	app/views/posts/show.html.haml
892	0	graphics/arrow.ai
-	-	public/images/arrow-left.png
-	-	public/images/arrow-right.png
48	19	public/stylesheets/sass/new-templates.scss

--653e93fb1--2012-02-17--Maxwell Salzberg
2	1	app/presenters/post_presenter.rb

--0ab8ef1d0--2012-02-17--Maxwell Salzberg
5	0	lib/template_picker.rb
8	0	spec/lib/template_picker_spec.rb

--25cf77605--2012-02-17--Maxwell Salzberg
8	0	app/models/post.rb
37	3	app/presenters/post_presenter.rb
3	20	app/views/posts/show.html.haml
3	0	lib/diaspora/shareable.rb
4	2	lib/template_picker.rb
7	1	public/javascripts/app/views/single_post_view.js
14	0	public/javascripts/posts-show.js
9	3	spec/lib/template_picker_spec.rb

--cc0e04ea3--2012-02-16--danielgrippi
30	9	app/views/posts/show.html.haml
34	2	public/stylesheets/sass/new-templates.scss

--691bdb96c--2012-02-16--danielgrippi
41	15	app/views/posts/show.html.haml
1	1	config/assets.yml
-	-	public/images/glyphicons-halflings-white.png
-	-	public/images/glyphicons-halflings.png
-	-	public/images/pen_white.png
1	0	public/img
0	2	public/javascripts/app/templates/note.handlebars
238	16	public/stylesheets/bootstrap-responsive.css
0	330	public/stylesheets/bootstrap.min.css
51	10	public/stylesheets/sass/new-templates.scss

--a3e8ced6a--2012-02-16--Maxwell Salzberg
17	2	app/views/posts/show.html.haml

--e0b29048f--2012-02-15--Maxwell Salzberg
1	1	app/controllers/comments_controller.rb
19	0	app/views/posts/show.html.haml
209	0	public/javascripts/vendor/bootstrap/bootstrap-modal.js
51	0	public/javascripts/vendor/bootstrap/bootstrap-transition.js

--c3c23209c--2012-02-15--danielgrippi
6	7	app/views/posts/show.html.haml
-	-	public/images/arrow-left.png
-	-	public/images/arrow-right.png
1	1	public/javascripts/app/router.js
9	2	public/javascripts/app/templates/note.handlebars
1	1	public/javascripts/app/templates/status.handlebars
45	18	public/stylesheets/sass/new-templates.scss

--c36c6e956--2012-02-15--danielgrippi
1	1	public/javascripts/app/templates/multi-photo.handlebars
5	3	public/javascripts/app/templates/status-with-photo-backdrop.handlebars
56	19	public/stylesheets/sass/new-templates.scss

--1c4a689af--2012-02-15--danielgrippi
1	1	app/controllers/posts_controller.rb
2	2	app/helpers/layout_helper.rb
2	2	app/views/layouts/application.html.haml
49	0	app/views/layouts/post.html.haml
2	2	public/javascripts/app/app.js
2	2	public/javascripts/app/views/header_view.js

--e3ebf05ac--2012-02-15--danielgrippi
8	9	app/views/posts/show.html.haml
1	0	config/assets.yml
4	2	public/javascripts/app/router.js
11	0	public/javascripts/app/templates/multi-photo.handlebars
3	0	public/javascripts/app/templates/note.handlebars
4	0	public/javascripts/app/templates/photo-backdrop.handlebars
11	0	public/javascripts/app/templates/rich-media.handlebars
7	0	public/javascripts/app/templates/status-with-photo-backdrop.handlebars
5	0	public/javascripts/app/templates/status.handlebars
3	2	public/javascripts/app/views/post_view.js
5	0	public/javascripts/app/views/single_post_view.js
96	0	public/stylesheets/sass/new-templates.scss
9	0	status-with-photo-backdrop.handlebars

--ff875a5b3--2012-02-15--danielgrippi
2	0	Gemfile
2	0	Gemfile.lock
3	1	app/controllers/posts_controller.rb
16	0	app/presenters/post_presenter.rb
45	0	lib/template_picker.rb
1	1	public/javascripts/app/router.js
58	0	spec/lib/template_picker_spec.rb

--a63bcd008--2012-02-19--David Morley
1	1	app/controllers/admins_controller.rb
0	1	app/views/admins/_admin_bar.haml
0	6	app/views/admins/resque.html.haml
7	60	app/views/admins/stats.html.haml
0	1	config/routes.rb

--c41923081--2012-02-19--David Morley
6	0	app/views/admins/resque.html.haml

--6e4844629--2012-02-19--David Morley
1	0	app/views/admins/_admin_bar.haml
1	1	app/views/admins/user_search.html.haml
3	3	app/views/admins/weekly_user_stats.haml
1	0	config/routes.rb