--4f2783487--2012-02-18--Maxwell Salzberg
--4aa86750b--2012-02-18--Maxwell Salzberg
13	0	features/logged_out_browsing.feature

--e95b0d92e--2012-02-18--Maxwell Salzberg
--dcac17855--2012-02-18--David Morley
5	3	public/javascripts/app/views/stream_view.js

--097a8b409--2012-02-18--Jonne Haß
1	0	config/locales/devise/devise.es.yml
4	0	config/locales/devise/devise.fr.yml
8	5	config/locales/devise/devise.it.yml
5	0	config/locales/devise/devise.nl.yml
3	0	config/locales/devise/devise.ru.yml
5	2	config/locales/devise/devise.sk.yml
7	7	config/locales/devise/devise.zh-TW.yml
4	4	config/locales/diaspora/de.yml
2	2	config/locales/diaspora/es.yml
27	0	config/locales/diaspora/fr.yml
18	0	config/locales/diaspora/it.yml
40	0	config/locales/diaspora/nl.yml
8	0	config/locales/diaspora/ru.yml
58	46	config/locales/diaspora/sk.yml
1	1	config/locales/javascript/javascript.de.yml
2	1	config/locales/javascript/javascript.es.yml
13	0	config/locales/javascript/javascript.fr.yml
4	0	config/locales/javascript/javascript.it.yml
8	0	config/locales/javascript/javascript.nl.yml
18	10	config/locales/javascript/javascript.sk.yml

--3caebb774--2012-02-17--Maxwell Salzberg
--1f4e255f5--2012-02-17--Maxwell Salzberg
4	2	app/models/jobs/base.rb
0	39	config/environments/integration_1.rb
2	2	lib/postzord/receiver/local_batch.rb
2	2	lib/postzord/receiver/private.rb
3	4	lib/postzord/receiver/public.rb
1	1	lib/webfinger.rb

--ab727fc84--2012-02-14--Maxwell Salzberg
4	0	app/controllers/publics_controller.rb
3	3	app/controllers/status_messages_controller.rb
2	5	app/models/jobs/base.rb
7	2	app/models/jobs/receive_unencrypted_salmon.rb
1	0	app/models/user.rb
1	0	config/environment.rb
39	0	config/environments/integration1.rb
1	0	config/environments/{integration_2.rb => integration2.rb}
3	2	config/environments/integration_1.rb
1	0	lib/federated/generator.rb
15	0	lib/federation_logger.rb
3	0	lib/postzord/receiver/local_batch.rb
18	10	lib/postzord/receiver/private.rb
7	3	lib/postzord/receiver/public.rb
2	2	lib/webfinger.rb

--20c79f1bb--2012-02-16--Maxwell Salzberg
12	1	features/blocks_user.feature
1	1	public/javascripts/app/models/block.js
1	1	public/javascripts/app/templates/stream-element.handlebars
2	2	public/javascripts/app/views/post_view.js

--dcc2bcd23--2012-02-16--Maxwell Salzberg
1	7	features/logs_in_and_out.feature
1	5	features/step_definitions/posts_steps.rb

--763f8465e--2012-02-12--Alex Harrison
3	1	spec/javascripts/app/helpers/text_formatter_spec.js

--1225517c5--2012-02-12--Alex Harrison
--54571268e--2012-02-09--Alex Harrison
5	0	public/javascripts/app/helpers/text_formatter.js