--5ea4bc0a1--2012-01-29--Steven Fuchs
--0e0d40d00--2012-01-28--Sarah Mei
4	1	app/controllers/contacts_controller.rb
7	6	spec/controllers/contacts_controller_spec.rb

--03e3d8e99--2012-01-28--Sarah Mei
23	17	app/controllers/contacts_controller.rb

--a27b17bc6--2012-01-28--Sarah Mei
18	16	app/controllers/contacts_controller.rb

--2d98c57cf--2012-01-29--Jonne Haß
0	1	lib/hydra_wrapper.rb
1	22	spec/lib/hydra_wrapper_spec.rb

--3ec09930f--2012-01-28--Sarah Mei
2	1	app/controllers/contacts_controller.rb
55	40	spec/controllers/contacts_controller_spec.rb

--d40746bff--2012-01-28--Sarah Mei
1	0	app/controllers/people_controller.rb
0	10	app/helpers/tags_helper.rb
4	3	app/views/people/index.html.haml
95	73	spec/controllers/people_controller_spec.rb

--7d4a81560--2012-01-27--Sarah Mei
1	1	app/controllers/contacts_controller.rb
2	3	app/models/contact.rb

--b9ae42601--2012-01-27--Sarah Mei
1	0	db/schema.rb

--19df6e1f5--2012-01-27--Sarah Mei
3	3	db/seeds.rb

--0bb6ff99c--2012-01-27--Sarah Mei
1	1	features/notifications.feature

--1a30ef62a--2012-01-27--Sarah Mei
4	4	features/comments.feature

--f250b7910--2012-01-27--danielgrippi
1	2	app/views/templates/comment.handlebars
11	3	public/javascripts/app/views/comment_view.js
4	0	public/javascripts/app/views/commment_stream_view.js
10	0	spec/javascripts/app/views/comment_stream_view_spec.js
39	4	spec/javascripts/app/views/comment_view_spec.js
12	0	spec/javascripts/helpers/factory.js

--d77374937--2012-01-27--danielgrippi
30	0	app/views/templates/comment_stream.handlebars
0	28	app/views/templates/comment_stream.jst
2	3	public/javascripts/app/app.js
8	2	public/javascripts/app/views/commment_stream_view.js

--edd864453--2012-01-27--danielgrippi
1	1	.rvmrc

--8529293ee--2012-01-27--danielgrippi
1	0	app/models/jobs/deferred_dispatch.rb

--640a0181a--2012-01-28--Jonne Haß
1	0	lib/hydra_wrapper.rb
22	1	spec/lib/hydra_wrapper_spec.rb

--4cf48cae6--2012-01-27--danielgrippi
4	1	lib/postzord/dispatcher.rb

--410f2d436--2012-01-27--danielgrippi
3	3	spec/javascripts/app/views/comment_stream_view_spec.js
1	1	spec/javascripts/support/jasmine.yml

--31bfef9dd--2012-01-27--danielgrippi
2	2	app/controllers/status_messages_controller.rb
1	0	app/models/jobs/deferred_dispatch.rb
1	2	lib/postzord/dispatcher.rb
3	2	spec/controllers/status_messages_controller_spec.rb

--67432bfaf--2012-01-27--Maxwell Salzberg
18	1	app/models/jobs/base.rb
5	3	app/models/jobs/receive_encrypted_salmon.rb
7	0	lib/tasks/resque.rake

--d8c6dc0d7--2012-01-27--danielgrippi
5	0	app/views/templates/feedback.jst

--3be247f8c--2012-01-27--Maxwell Salzberg
0	7	config/initializers/unicorn_setup.rb

--c69df0fb2--2012-01-27--Maxwell Salzberg
1	1	app/controllers/application_controller.rb
1	1	spec/controllers/photos_controller_spec.rb

--314638036--2012-01-27--danielgrippi
4	0	config.ru

--95b7e30e0--2012-01-27--danielgrippi
18	3	config/unicorn.rb

--24359623f--2012-01-27--Steven Fuchs
7	1	public/javascripts/widgets/notifications-badge.js

--ff71bc5a4--2012-01-27--danielgrippi
1	2	app/views/aspects/_aspect_stream.haml
5	14	app/views/people/show.html.haml
2	0	app/views/tags/show.haml

--014d5a172--2012-01-27--Sarah Mei
2	9	.rvmrc

--e2cb572c1--2012-01-27--Maxwell Salzberg
5	14	app/controllers/application_controller.rb
11	18	app/controllers/publics_controller.rb
0	1	app/controllers/tags_controller.rb

--c100f8bfd--2012-01-27--Maxwell Salzberg
3	14	app/controllers/contacts_controller.rb
6	0	app/models/contact.rb
10	4	app/models/person.rb
1	1	lib/stream/aspect.rb
1	1	spec/lib/stream/aspect_spec.rb

--7cef6a8d2--2012-01-27--Maxwell Salzberg
0	1	app/controllers/apps_controller.rb

--46da8310f--2012-01-27--Maxwell Salzberg
2	2	app/controllers/comments_controller.rb
1	0	app/models/comment.rb
1	1	app/models/person.rb

--8002091d6--2012-01-27--Maxwell Salzberg
17	13	app/controllers/aspects_controller.rb

--cc5334ce9--2012-01-27--Maxwell Salzberg
2	0	app/models/person.rb
1	2	lib/diaspora/user/querying.rb

--c43bb9079--2012-01-27--Maxwell Salzberg
0	1	app/controllers/status_messages_controller.rb

--117acdd17--2012-01-26--Maxwell Salzberg
2	0	app/models/mention.rb
2	4	app/models/status_message.rb

--718c4fd38--2012-01-26--Maxwell Salzberg
26	32	app/controllers/status_messages_controller.rb
2	0	app/models/photo.rb
5	0	app/models/service.rb
10	0	app/models/status_message.rb
4	0	app/models/user.rb

--0da5f18ad--2012-01-26--danielgrippi
1	2	app/views/templates/comment_stream.jst
1	1	public/javascripts/app/views/commment_stream_view.js

--9e337fc8b--2012-01-25--Steven Fuchs
1	1	app/controllers/notifications_controller.rb

--5f705775c--2012-01-24--Steven Fuchs
37	0	spec/controllers/jasmine_fixtures/notifications_spec.rb
30	0	spec/javascripts/app/views/notification_view_spec.js

--d8f2e73ea--2012-01-23--Steven Fuchs
4	0	app/models/notification.rb
2	2	app/views/notifications/index.html.haml