--8dfb27850--2011-08-25--Maxwell Salzberg
--b70f684ef--2011-08-25--Maxwell Salzberg
3	0	public/stylesheets/sass/hovercard.scss

--4dc4c67ed--2011-08-25--MrZYX
1	0	.gitignore
44	0	script/i18n/xmltoyml.rb
38	0	script/i18n/ymltoxml.rb

--2708b0b69--2011-08-24--Ilyaaaaaaaaaaaaa Zhitomirskiy
15	13	app/controllers/invitations_controller.rb
4	0	app/views/invitations/edit.html.haml
7	0	public/javascripts/pages/invitations-edit.js

--121c0c97f--2011-08-24--Dan Hansen
1	2	public/javascripts/widgets/comment.js
2	2	public/javascripts/widgets/stream-element.js
7	3	public/javascripts/widgets/stream.js

--ded85fb22--2011-08-25--MrZYX
2	2	config/locales/devise/devise.bg.yml
2	2	config/locales/devise/devise.es.yml
2	2	config/locales/devise/devise.fr.yml
2	2	config/locales/devise/devise.pt-PT.yml
2	2	config/locales/devise/devise.zh-TW.yml
11	11	config/locales/diaspora/bg.yml
14	14	config/locales/diaspora/es.yml
76	76	config/locales/diaspora/fr.yml
14	14	config/locales/diaspora/it.yml
32	32	config/locales/diaspora/pt-PT.yml
14	14	config/locales/diaspora/zh-TW.yml

--c1c622ff5--2011-08-23--Maxwell Salzberg & Sarah Mei
3	3	public/javascripts/widgets/comment-toggler.js
6	3	public/javascripts/widgets/stream-element.js

--a7d05756d--2011-08-23--Maxwell Salzberg & Sarah Mei
1	1	public/javascripts/widgets/stream.js

--1df4e76f3--2011-08-23--Maxwell Salzberg
2	3	Gemfile
1	1	Gemfile.lock

--89bd4f8da--2011-08-23--Maxwell Salzberg
3	3	Gemfile
15	19	Gemfile.lock

--9740af395--2011-08-23--Maxwell Salzberg
--bcae8a195--2011-08-23--Maxwell Salzberg
4	0	spec/chubbies/app.rb

--7f0677ab1--2011-08-16--Raphael Sofaer
7	6	app/controllers/authorizations_controller.rb

--dec10e3de--2011-08-16--Raphael Sofaer
13	3	app/controllers/authorizations_controller.rb
6	2	app/helpers/sessions_helper.rb
1	1	app/views/sessions/new.haml
1	2	features/oauth.feature

--89edfb7ed--2011-08-15--Raphael Sofaer
2	1	Gemfile
6	0	app/helpers/sessions_helper.rb
1	1	app/views/sessions/new.haml
2	0	features/oauth.feature

--a63d1ad4a--2011-08-15--Raphael Sofaer
4	3	app/controllers/authorizations_controller.rb
8	0	features/oauth.feature
1	1	features/step_definitions/oauth_steps.rb
1	1	spec/chubbies/app.rb
3	3	spec/chubbies/views/home.haml

--6b88a7517--2011-08-15--Raphael Sofaer
4	0	app/controllers/authorizations_controller.rb
0	3	spec/chubbies/app.rb
28	0	spec/controllers/authorizations_controller_spec.rb

--c95f80be4--2011-08-15--Raphael Sofaer
1	1	features/step_definitions/oauth_steps.rb
1	0	spec/chubbies/app.rb

--76b0f3102--2011-08-15--Raphael Sofaer
0	1	features/oauth.feature
1	1	spec/chubbies/app.rb

--a7d9bbed8--2011-08-09--danielgrippi
1	1	Gemfile.lock
4	3	app/controllers/authorizations_controller.rb
1	0	features/oauth.feature
1	1	features/step_definitions/oauth_steps.rb
2	2	spec/chubbies/app.rb

--27049e52b--2011-08-09--danielgrippi
1	1	Gemfile
10	11	Gemfile.lock
5	1	app/controllers/authorizations_controller.rb
16	5	features/oauth.feature
10	2	features/step_definitions/oauth_steps.rb
13	2	spec/chubbies/app.rb

--7a5fc1150--2011-08-09--Ilyaaaaaaaaaaaaa Zhitomirskiy
16	0	features/oauth.feature

--eb99b6ba5--2011-08-23--Maxwell Salzberg
0	2	app/views/services/_remote_friend.html.haml

--b7d6d511d--2011-08-23--Maxwell Salzberg
1	1	public/javascripts/aspects-dropdown.js
2	1	public/javascripts/contact-edit.js

--2a5155fd4--2011-08-23--Maxwell Salzberg
3	1	app/views/services/_remote_friend.html.haml
4	2	db/seeds.rb
2	10	public/javascripts/contact-edit.js

--40b2c2370--2011-08-23--Ilyaaaaaaaaaaaaa Zhitomirskiy
9	2	db/seeds.rb

--3366aa62d--2011-08-23--Maxwell Salzberg
9	0	public/javascripts/pages/admins-user_search.js
9	0	public/javascripts/pages/authorizations-index.js
14	0	public/javascripts/pages/notifications-index.js
12	0	public/javascripts/pages/people-featured_users.js
14	0	public/javascripts/pages/services-finder.js
9	0	public/javascripts/pages/services-index.js

--0dc5807ee--2011-08-23--Maxwell Salzberg
1	1	app/views/users/getting_started.haml

--e7071fd74--2011-08-23--Maxwell Salzberg
4	2	app/controllers/admins_controller.rb
1	2	db/schema.rb

--43d6acd86--2011-08-23--Gonzalo Rodriguez
1	1	app/views/sessions/new.haml
6	1	public/stylesheets/sass/application.sass

--049efae1a--2011-08-22--Dan Hansen
1	1	public/javascripts/content-updater.js
5	2	public/javascripts/publisher.js

--6b040c7b4--2011-08-22--Dan Hansen
1	3	app/views/aspects/_aspect_stream.haml
1	1	app/views/aspects/_no_posts_message.haml
2	3	app/views/comments/create.js.erb
1	1	app/views/likes/update.js.erb
23	4	public/javascripts/content-updater.js
28	142	public/javascripts/web-socket-receiver.js
0	4	public/stylesheets/sass/application.sass
63	0	spec/javascripts/content-updater-spec.js

--7fd7fa968--2011-08-22--Ilyaaaaaaaaaaaaa Zhitomirskiy
1	1	config/application.yml.example
11	0	config/initializers/devise.rb
7	0	features/accepts_invitation.feature
5	0	features/step_definitions/user_steps.rb
24	6	spec/models/invitation_spec.rb

--f8a030d76--2011-08-22--MrZYX
4	4	config/locales/devise/devise.ar.yml
4	4	config/locales/devise/devise.bg.yml
4	4	config/locales/devise/devise.br.yml
4	4	config/locales/devise/devise.cs.yml
3	3	config/locales/devise/devise.cy.yml
4	4	config/locales/devise/devise.da.yml
4	4	config/locales/devise/devise.de.yml
4	4	config/locales/devise/devise.el.yml
3	3	config/locales/devise/devise.en_pirate.yml
4	4	config/locales/devise/devise.en_shaw.yml
4	4	config/locales/devise/devise.eo.yml
4	4	config/locales/devise/devise.es-AR.yml
4	4	config/locales/devise/devise.es-CL.yml
4	4	config/locales/devise/devise.es.yml
4	4	config/locales/devise/devise.eu.yml
4	4	config/locales/devise/devise.fi.yml
4	4	config/locales/devise/devise.fr.yml
3	3	config/locales/devise/devise.ga.yml
4	4	config/locales/devise/devise.he.yml
4	4	config/locales/devise/devise.hu.yml
3	3	config/locales/devise/devise.id.yml
4	4	config/locales/devise/devise.is.yml
4	4	config/locales/devise/devise.it.yml
4	4	config/locales/devise/devise.ja.yml
4	4	config/locales/devise/devise.ko.yml
4	4	config/locales/devise/devise.lt.yml
4	4	config/locales/devise/devise.mk.yml
4	4	config/locales/devise/devise.nb.yml
4	4	config/locales/devise/devise.nl.yml
3	3	config/locales/devise/devise.pa.yml
4	4	config/locales/devise/devise.pl.yml
4	4	config/locales/devise/devise.pt-BR.yml
4	4	config/locales/devise/devise.pt-PT.yml
4	4	config/locales/devise/devise.ro.yml
4	4	config/locales/devise/devise.ru.yml
4	4	config/locales/devise/devise.sk.yml
4	4	config/locales/devise/devise.sl.yml
4	4	config/locales/devise/devise.sv.yml
4	4	config/locales/devise/devise.tr.yml
4	4	config/locales/devise/devise.zh-CN.yml
4	4	config/locales/devise/devise.zh-TW.yml
17	12	config/locales/diaspora/ar.yml
17	12	config/locales/diaspora/bg.yml
16	11	config/locales/diaspora/br.yml
17	12	config/locales/diaspora/cs.yml
16	11	config/locales/diaspora/cy.yml
17	12	config/locales/diaspora/da.yml
20	15	config/locales/diaspora/de.yml
17	12	config/locales/diaspora/el.yml
16	11	config/locales/diaspora/en_pirate.yml
17	12	config/locales/diaspora/en_shaw.yml
17	12	config/locales/diaspora/eo.yml
17	12	config/locales/diaspora/es-AR.yml
17	12	config/locales/diaspora/es-CL.yml
17	12	config/locales/diaspora/es.yml
17	12	config/locales/diaspora/eu.yml
17	12	config/locales/diaspora/fi.yml
17	12	config/locales/diaspora/fr.yml
16	11	config/locales/diaspora/ga.yml
17	12	config/locales/diaspora/he.yml
17	12	config/locales/diaspora/hu.yml
16	11	config/locales/diaspora/id.yml
16	11	config/locales/diaspora/is.yml
17	12	config/locales/diaspora/it.yml
17	12	config/locales/diaspora/ja.yml
17	12	config/locales/diaspora/ko.yml
16	11	config/locales/diaspora/lt.yml
16	11	config/locales/diaspora/mk.yml
17	12	config/locales/diaspora/nb.yml
17	12	config/locales/diaspora/nl.yml
16	11	config/locales/diaspora/pa.yml
17	12	config/locales/diaspora/pl.yml
17	12	config/locales/diaspora/pt-BR.yml
73	68	config/locales/diaspora/pt-PT.yml
16	11	config/locales/diaspora/ro.yml
17	12	config/locales/diaspora/ru.yml
16	11	config/locales/diaspora/sk.yml
16	11	config/locales/diaspora/sl.yml
17	12	config/locales/diaspora/sv.yml
16	11	config/locales/diaspora/tr.yml
17	12	config/locales/diaspora/zh-CN.yml
17	12	config/locales/diaspora/zh-TW.yml

--87cd09a93--2011-08-22--MrZYX
1	2	app/views/users/getting_started.haml
2	2	config/locales/diaspora/en.yml

--59ba3f85e--2011-08-22--Andrej Kacian
9	10	public/javascripts/stream.js
1	1	spec/javascripts/stream-spec.js

--9fd4432e5--2011-08-22--Andrej Kacian
2	2	spec/javascripts/widgets/comment-toggler-spec.js

--f9fc55823--2011-08-21--Luke Snyder
2	1	app/views/admins/_admin_bar.haml
7	3	public/stylesheets/sass/application.sass

--96bfaf755--2011-08-21--Luke Snyder
1	1	app/views/admins/_admin_bar.haml

--b62801bd6--2011-08-14--Luke Snyder
7	0	app/views/admins/_admin_bar.haml
6	3	app/views/admins/stats.html.haml
5	0	app/views/admins/user_search.html.haml
17	7	public/stylesheets/sass/application.sass