--cc3eeac98--2011-08-16--Raphael Sofaer
--140268365--2011-08-16--Raphael Sofaer
7	9	app/helpers/aspect_global_helper.rb
1	1	app/views/aspects/_aspect_stream.haml
1	1	app/views/aspects/index.mobile.haml
2	5	app/views/shared/_aspect_dropdown.html.haml
1	1	app/views/shared/_publisher.html.haml
3	3	app/views/status_messages/bookmarklet.html.haml
2	2	app/views/status_messages/new.haml

--1bd7e1314--2011-08-16--Raphael Sofaer
1	1	features/signs_up.feature

--1e5326160--2011-08-16--MrZYX
1	1	config/locales/devise/devise.fr.yml
40	40	config/locales/diaspora/cs.yml
9	9	config/locales/diaspora/de.yml
39	39	config/locales/diaspora/fr.yml
3	3	config/locales/diaspora/it.yml
3	3	config/locales/diaspora/ko.yml
3	3	config/locales/javascript/javascript.fr.yml

--a06f25b29--2011-08-16--Maxwell Salzberg
--511517b3c--2011-08-15--danielgrippi
51	28	app/models/invitation.rb
28	4	app/models/user.rb
0	26	spec/models/invitation_spec.rb
36	0	spec/models/user_spec.rb

--32ae21a21--2011-08-15--danielgrippi
0	12	app/controllers/admins_controller.rb
24	24	app/controllers/invitations_controller.rb
0	1	app/controllers/registrations_controller.rb
4	5	app/models/invitation.rb
1	2	app/models/user.rb
0	1	app/views/admins/user_search.html.haml
0	1	config/routes.rb
9	0	db/migrate/20110815210933_remove_invite_counter_from_user.rb
1	2	db/schema.rb
1	27	spec/controllers/admins_controller_spec.rb
2	16	spec/controllers/invitations_controller_spec.rb
7	3	spec/controllers/services_controller_spec.rb
0	18	spec/models/invitation_spec.rb
30	43	spec/models/user/invite_spec.rb

--669cd8578--2011-08-15--danielgrippi
1	1	app/controllers/invitations_controller.rb
0	14	app/models/job/invite_user_by_email.rb
16	0	app/models/job/mail/invite_user_by_email.rb
2	2	spec/models/jobs/{ => mail}/invite_user_by_email_spec.rb

--78aa6d094--2011-08-15--MrZYX
2	2	config/locales/devise/devise.cs.yml
9	9	config/locales/diaspora/bg.yml
37	37	config/locales/diaspora/cs.yml
3	3	config/locales/diaspora/es.yml
2	2	config/locales/diaspora/fr.yml
2	2	config/locales/diaspora/sk.yml
11	11	config/locales/diaspora/zh-TW.yml
3	3	config/locales/javascript/javascript.cs.yml
1	1	config/locales/javascript/javascript.sk.yml

--a9312daf6--2011-08-15--MrZYX
1	1	config/locales/diaspora/ml.yml

--e7f1c3d25--2011-08-15--Anish A
295	123	config/locales/diaspora/ml.yml

--2cea39672--2011-08-15--Anish A
23	8	config/locales/javascript/javascript.ml.yml

--a3ac384aa--2011-08-15--Anish A
1	1	config/locales/devise/devise.ml.yml

--a2f7fed8f--2011-08-14--Raphael Sofaer
0	4	app/views/shared/_stream_element.html.haml
5	3	public/javascripts/stream.js
2	1	public/javascripts/web-socket-receiver.js

--b7b20b241--2011-08-15--Andrej Kacian
1	6	public/javascripts/web-socket-receiver.js

--3f1e8f0b6--2011-08-14--Ilyaaaaaaaaaaaaa Zhitomirskiy
8	5	app/views/layouts/application.mobile.haml

--8dc1b7062--2011-08-15--Andrej Kacian
5	0	app/views/shared/_stream_element.html.haml

--ba11bb6d8--2011-08-14--Ilyaaaaaaaaaaaaa Zhitomirskiy
5	1	app/controllers/invitations_controller.rb
28	0	app/views/invitations/new.mobile.haml
7	1	app/views/layouts/application.mobile.haml

--657a9f96e--2011-08-14--Andrej Kacian
16	15	app/views/tags/_followed_tags_listings.haml

--4fe61892e--2011-08-14--Andrej Kacian
5	0	app/views/tags/show.haml

--7e59193e2--2011-08-13--MrZYX
3	9	config/locales/diaspora/ar.yml
3	9	config/locales/diaspora/bg.yml
3	9	config/locales/diaspora/br.yml
3	9	config/locales/diaspora/cs.yml
3	9	config/locales/diaspora/cy.yml
3	9	config/locales/diaspora/da.yml
3	9	config/locales/diaspora/de.yml
3	9	config/locales/diaspora/el.yml
3	9	config/locales/diaspora/en_pirate.yml
3	9	config/locales/diaspora/en_shaw.yml
26	32	config/locales/diaspora/eo.yml
3	9	config/locales/diaspora/es-AR.yml
3	9	config/locales/diaspora/es-CL.yml
13	19	config/locales/diaspora/es.yml
3	9	config/locales/diaspora/eu.yml
3	9	config/locales/diaspora/fi.yml
3	9	config/locales/diaspora/fr.yml
3	9	config/locales/diaspora/ga.yml
3	9	config/locales/diaspora/he.yml
3	9	config/locales/diaspora/hu.yml
3	9	config/locales/diaspora/id.yml
3	9	config/locales/diaspora/is.yml
13	19	config/locales/diaspora/it.yml
3	9	config/locales/diaspora/ja.yml
11	17	config/locales/diaspora/ko.yml
3	9	config/locales/diaspora/lt.yml
3	9	config/locales/diaspora/mk.yml
3	9	config/locales/diaspora/nb.yml
3	9	config/locales/diaspora/nl.yml
3	9	config/locales/diaspora/pa.yml
3	9	config/locales/diaspora/pl.yml
3	9	config/locales/diaspora/pt-BR.yml
3	9	config/locales/diaspora/pt-PT.yml
3	9	config/locales/diaspora/ro.yml
3	9	config/locales/diaspora/ru.yml
3	9	config/locales/diaspora/sk.yml
3	9	config/locales/diaspora/sl.yml
3	9	config/locales/diaspora/sv.yml
3	9	config/locales/diaspora/tr.yml
3	9	config/locales/diaspora/zh-CN.yml
3	9	config/locales/diaspora/zh-TW.yml

--d228f5055--2011-08-13--Raphael Sofaer
-	-	public/images/ajax-loader_inverted.gif
5	2	public/javascripts/contact-edit.js
12	0	public/stylesheets/sass/ui.sass

--3a1804482--2011-08-13--Raphael Sofaer
13	2	app/controllers/people_controller.rb

--f60ce932b--2011-08-13--Raphael Sofaer
2	2	app/views/services/_remote_friend.html.haml
1	0	config/locales/diaspora/en.yml

--f0583de36--2011-08-13--Raphael Sofaer
1	1	app/helpers/aspect_global_helper.rb
2	1	app/helpers/services_helper.rb
10	0	app/models/contact.rb
1	1	app/models/services/facebook.rb
21	13	app/views/services/_remote_friend.html.haml
1	29	app/views/services/finder.html.haml

--b85df7303--2011-08-13--Andrej Kacian
1	0	app/views/conversations/show.js.erb

--48282e340--2011-08-13--Andrej Kacian
1	10	features/conversations.feature
12	0	features/step_definitions/conversations_steps.rb

--9c99331bb--2011-08-13--Andrej Kacian
6	5	features/conversations.feature
5	0	features/step_definitions/conversations_steps.rb

--232620658--2011-08-12--Gonzalo Rodriguez
2	0	app/controllers/conversations_controller.rb
1	9	app/models/conversation.rb
6	2	spec/controllers/conversation_visibilities_controller_spec.rb
19	6	spec/controllers/conversations_controller_spec.rb
6	2	spec/controllers/messages_controller_spec.rb
6	2	spec/mailers/notifier_spec.rb
7	3	spec/models/conversation_spec.rb
12	4	spec/models/message_spec.rb
6	2	spec/models/notifications/private_message_spec.rb

--fe93fd5c9--2011-08-13--Andrej Kacian
26	0	features/conversations.feature

--1c5f61fb7--2011-08-12--danielgrippi
0	2	app/helpers/aspect_global_helper.rb
1	8	public/javascripts/contact-edit.js
16	21	public/stylesheets/sass/ui.sass

--565d71a0c--2011-08-12--Raphael Sofaer
5	0	app/controllers/services_controller.rb
10	2	spec/controllers/services_controller_spec.rb

--75f3accd3--2011-08-12--danielgrippi
10	2	app/controllers/services_controller.rb
1	12	app/helpers/services_helper.rb
3	3	app/views/aspect_memberships/_aspect_dropdown.html.haml
1	1	app/views/aspects/_aspect_listings.haml
0	4	app/views/services/_facebook_invite.html.haml
0	8	app/views/services/_finder.html.haml
11	6	app/views/services/finder.html.haml
3	3	app/views/shared/_contact_list.html.haml
2	2	app/views/shared/_contact_sidebar.html.haml
44	24	public/javascripts/contact-edit.js
4	4	public/javascripts/contact-list.js
2	2	public/stylesheets/sass/application.sass

--a8d37fb3f--2011-08-12--danielgrippi
1	1	app/controllers/services_controller.rb
44	22	app/views/services/finder.html.haml
2	3	app/views/shared/_contact_sidebar.html.haml
2	2	app/views/shared/_invitations.haml
2	8	config/locales/diaspora/en.yml
0	5	public/stylesheets/sass/application.sass

--7b85dcec9--2011-08-12--danielgrippi
7	10	app/views/shared/_invitations.haml
1	1	app/views/shared/_right_sections.html.haml
4	6	db/seeds.rb
7	0	spec/factories.rb

--38a896294--2011-08-12--Raphael Sofaer
1	1	app/controllers/photos_controller.rb

--3831c13a4--2011-08-12--Raphael Sofaer
0	0	app/models/{jobs => job}/base.rb
0	0	app/models/{jobs => job}/delete_account.rb
0	0	app/models/{jobs => job}/http_multi.rb
0	0	app/models/{jobs => job}/http_post.rb
0	0	app/models/{jobs => job}/invite_user_by_email.rb
0	0	app/models/{jobs => job}/mail/also_commented.rb
0	0	app/models/{jobs => job}/mail/comment_on_post.rb
0	0	app/models/{jobs => job}/mail/confirm_email.rb
0	0	app/models/{jobs => job}/mail/liked.rb
0	0	app/models/{jobs => job}/mail/mentioned.rb
0	0	app/models/{jobs => job}/mail/private_message.rb
0	0	app/models/{jobs => job}/mail/started_sharing.rb
0	0	app/models/{jobs => job}/notify_local_users.rb
0	0	app/models/{jobs => job}/post_to_service.rb
0	0	app/models/{jobs => job}/process_photo.rb
0	0	app/models/{jobs => job}/publish_to_hub.rb
0	0	app/models/{jobs => job}/receive.rb
0	0	app/models/{jobs => job}/receive_local_batch.rb
0	0	app/models/{jobs => job}/receive_salmon.rb
0	0	app/models/{jobs => job}/resend_invitation.rb
0	0	app/models/{jobs => job}/socket_webfinger.rb
0	0	app/models/{jobs => job}/update_service_users.rb
0	3	config/initializers/resque.rb

--abd576056--2011-08-12--Raphael Sofaer
1	1	lib/tasks/backup.rake

--8b743e7e3--2011-08-12--Raphael Sofaer
1	1	app/models/post.rb
2	5	app/models/reshare.rb
6	0	lib/diaspora/user/querying.rb
11	1	spec/models/reshare_spec.rb

--31b55aef0--2011-08-12--Raphael Sofaer
2	2	app/models/services/facebook.rb
9	0	db/migrate/20110812175614_add_username_to_service_users.rb
6	5	db/schema.rb

--2f3e50481--2011-08-12--Andrej Kacian
1	1	app/views/aspects/_aspect_listings.haml

--1062cc5bf--2011-08-12--Andrej Kacian
2	2	app/controllers/aspects_controller.rb
1	1	app/views/aspects/index.js.erb

--7e901d022--2011-08-12--danielgrippi
0	2	app/views/layouts/application.html.haml
0	1	config/locales/diaspora/en.yml

--cd640e1ac--2011-08-12--Raphael Sofaer
9	0	spec/controllers/posts_controller_spec.rb

--3c34749dd--2011-08-12--Raphael Sofaer
2	3	app/controllers/contacts_controller.rb
2	1	app/models/person.rb
20	1	spec/models/person_spec.rb

--7df883eaf--2011-08-11--danielgrippi
6	0	app/controllers/admins_controller.rb
28	23	app/views/admins/stats.html.haml

--673397508--2011-08-11--danielgrippi
16	5	app/controllers/admins_controller.rb
24	7	app/views/admins/stats.html.haml

--56fc409a3--2011-08-11--Raphael Sofaer
1	1	app/views/aspects/create.js.erb
0	6	app/views/shared/_aspect_dropdown_list_item.haml
2	1	features/posts.feature
9	0	features/step_definitions/custom_web_steps.rb

--76b34ec75--2011-08-11--danielgrippi
3	2	app/views/admins/stats.html.haml

--5c6441f6d--2011-08-11--danielgrippi
6	2	app/controllers/admins_controller.rb
28	3	app/views/admins/stats.html.haml

--2d9b9270c--2011-08-11--danielgrippi
2	1	app/controllers/admins_controller.rb
3	4	app/views/admins/stats.html.haml

--190332308--2011-08-11--danielgrippi
24	2	app/controllers/admins_controller.rb
59	1	app/views/admins/stats.html.haml
6	0	public/stylesheets/sass/application.sass

--e2b16ab16--2011-08-11--Raphael Sofaer
1	1	app/views/notifications/index.html.haml
1	1	app/views/people/_relationship_action.haml
1	1	app/views/people/aspect_membership_dropdown.haml

--9a77d3518--2011-08-11--Raphael Sofaer
24	0	app/views/authorizations/index.mobile.haml
5	1	spec/controllers/authorizations_controller_spec.rb

--7f69714d0--2011-08-11--Raphael Sofaer
15	15	app/helpers/people_helper.rb
24	1	spec/helpers/people_helper_spec.rb

--f0924b8e3--2011-08-12--Andrej Kacian
--8296b8ca1--2011-08-12--Andrej Kacian
8	1	public/stylesheets/sass/application.sass

--c5726bb37--2011-08-11--Raphael Sofaer
5	4	app/views/posts/show.mobile.haml
0	1	app/views/shared/_stream_element.html.haml

--0981f04c7--2011-08-11--Maxwell Salzberg
9	3	public/javascripts/view.js

--d9904ecd3--2011-08-11--Raphael Sofaer
1	0	app/controllers/invitations_controller.rb

--78a637f25--2011-08-11--Raphael Sofaer
0	3	app/models/reshare.rb

--08f12ee34--2011-08-11--danielgrippi
14	0	app/helpers/notifier_helper.rb
1	1	app/views/notifier/also_commented.html.haml
1	1	app/views/notifier/also_commented.text.haml
1	1	app/views/notifier/comment_on_post.html.haml
1	1	app/views/notifier/comment_on_post.text.haml
20	0	spec/helpers/notifier_helper_spec.rb

--55daaf2b6--2011-08-11--Andrej Kacian
1	1	app/views/tags/_followed_tags_listings.haml

--7900f291e--2011-08-11--Raphael Sofaer
1	1	app/controllers/posts_controller.rb

--c67b2a5e9--2011-08-11--Maxwell Salzberg
160	0	public/be_back_soon.html

--d63251e6a--2011-08-11--ticho
--3594d3ba8--2011-08-11--Raphael Sofaer
2	1	app/models/message.rb

--6e0630c43--2011-08-11--MrZYX
12	12	config/locales/devise/devise.de.yml
1	1	config/locales/devise/devise.es.yml
8	8	config/locales/devise/devise.it.yml
1	1	config/locales/devise/devise.ru.yml
1	1	config/locales/devise/devise.zh-TW.yml
12	5	config/locales/diaspora/ar.yml
10	3	config/locales/diaspora/bg.yml
10	3	config/locales/diaspora/br.yml
10	3	config/locales/diaspora/cs.yml
10	3	config/locales/diaspora/cy.yml
10	3	config/locales/diaspora/da.yml
10	3	config/locales/diaspora/de.yml
10	3	config/locales/diaspora/el.yml
10	3	config/locales/diaspora/en_pirate.yml
10	3	config/locales/diaspora/en_shaw.yml
10	3	config/locales/diaspora/eo.yml
10	3	config/locales/diaspora/es-AR.yml
10	3	config/locales/diaspora/es-CL.yml
10	3	config/locales/diaspora/es.yml
10	3	config/locales/diaspora/eu.yml
10	3	config/locales/diaspora/fi.yml
10	3	config/locales/diaspora/fr.yml
10	3	config/locales/diaspora/ga.yml
104	97	config/locales/diaspora/he.yml
10	3	config/locales/diaspora/hu.yml
10	3	config/locales/diaspora/id.yml
10	3	config/locales/diaspora/is.yml
12	5	config/locales/diaspora/it.yml
10	3	config/locales/diaspora/ja.yml
45	38	config/locales/diaspora/ko.yml
10	3	config/locales/diaspora/lt.yml
10	3	config/locales/diaspora/mk.yml
10	3	config/locales/diaspora/nb.yml
10	3	config/locales/diaspora/nl.yml
10	3	config/locales/diaspora/pa.yml
10	3	config/locales/diaspora/pl.yml
10	3	config/locales/diaspora/pt-BR.yml
10	3	config/locales/diaspora/pt-PT.yml
10	3	config/locales/diaspora/ro.yml
10	3	config/locales/diaspora/ru.yml
10	3	config/locales/diaspora/sk.yml
10	3	config/locales/diaspora/sl.yml
10	3	config/locales/diaspora/sv.yml
10	3	config/locales/diaspora/tr.yml
10	3	config/locales/diaspora/zh-CN.yml
11	4	config/locales/diaspora/zh-TW.yml
3	3	config/locales/javascript/javascript.ar.yml
2	2	config/locales/javascript/javascript.bg.yml
2	2	config/locales/javascript/javascript.de.yml
2	2	config/locales/javascript/javascript.es.yml
3	3	config/locales/javascript/javascript.it.yml
2	2	config/locales/javascript/javascript.ko.yml
2	2	config/locales/javascript/javascript.zh-TW.yml

--0b00616b8--2011-08-11--Raphael Sofaer
4	2	app/models/user.rb
6	0	config/application.yml.example

--7021cd79c--2011-08-11--Raphael Sofaer
1	0	app/controllers/contacts_controller.rb
8	0	spec/controllers/contacts_controller_spec.rb

--a2043671c--2011-08-11--Raphael Sofaer
6	3	app/mailers/notifier.rb
4	0	app/models/activity_streams/photo.rb
4	0	app/models/post.rb
3	0	app/models/reshare.rb
4	0	app/models/status_message.rb
2	0	config/locales/diaspora/en.yml

--ad5bd90b6--2011-08-10--Maxwell Salzberg
1	1	lib/rake_helpers.rb

--db645e8da--2011-08-10--danielgrippi
23	9	app/controllers/posts_controller.rb
0	33	app/controllers/publics_controller.rb
1	1	app/controllers/status_messages_controller.rb
0	1	app/helpers/people_helper.rb
1	1	app/views/comments/_comment.html.haml
1	1	app/views/comments/_comments.haml
21	0	app/views/posts/_photo.html.haml
5	1	app/views/posts/show.html.haml
0	17	app/views/publics/activity_streams/photo.haml
0	36	app/views/publics/photo.haml
0	21	app/views/publics/status_message.haml
17	15	app/views/shared/_stream_element.html.haml
2	1	app/views/status_messages/_status_message.haml
1	2	config/locales/diaspora/en.yml
1	1	config/routes.rb
4	3	lib/diaspora/user/querying.rb
0	3	public/stylesheets/sass/application.sass
83	29	spec/controllers/posts_controller_spec.rb
0	56	spec/controllers/publics_controller_spec.rb
2	2	spec/models/reshare_spec.rb

--90a5cd225--2011-08-10--Raphael Sofaer
1	1	app/controllers/aspect_memberships_controller.rb
10	0	spec/controllers/aspect_memberships_controller_spec.rb

--20523f99a--2011-08-10--Raphael Sofaer
4	1	lib/diaspora/user/connecting.rb

--8086b9a9d--2011-08-10--Raphael Sofaer
2	1	app/mailers/notifier.rb
11	1	spec/mailers/notifier_spec.rb

--350a4b4f6--2011-08-10--Raphael Sofaer
5	1	app/models/invitation.rb
1	0	config/locales/diaspora/en.yml
8	0	spec/models/invitation_spec.rb

--3431cd94f--2011-08-10--Raphael Sofaer
5	4	spec/lib/resque_job_logging_spec.rb

--091cdd6f9--2011-08-10--Raphael Sofaer
1	0	app/controllers/contacts_controller.rb
24	0	app/views/contacts/index.mobile.haml
1	7	app/views/people/_person.mobile.haml
3	0	public/stylesheets/sass/mobile.sass

--3658481c3--2011-08-10--Raphael Sofaer
2	1	app/mailers/notifier.rb
17	6	spec/mailers/notifier_spec.rb

--e0051eaba--2011-08-10--Raphael Sofaer
3	3	lib/resque_job_logging.rb

--b6c26611e--2011-08-10--danielgrippi
11	0	app/models/jobs/mail/also_commented.rb
11	0	app/models/jobs/mail/comment_on_post.rb
10	0	app/models/jobs/mail/confirm_email.rb
11	0	app/models/jobs/mail/liked.rb
15	0	app/models/jobs/mail/mentioned.rb
15	0	app/models/jobs/mail/private_message.rb
16	0	app/models/jobs/mail/started_sharing.rb
0	9	app/models/jobs/mail_also_commented.rb
0	9	app/models/jobs/mail_comment_on_post.rb
0	8	app/models/jobs/mail_confirm_email.rb
0	9	app/models/jobs/mail_liked.rb
0	15	app/models/jobs/mail_mentioned.rb
0	13	app/models/jobs/mail_private_message.rb
0	14	app/models/jobs/mail_started_sharing.rb
1	1	app/models/notifications/also_commented.rb
1	1	app/models/notifications/comment_on_post.rb
1	1	app/models/notifications/liked.rb
1	1	app/models/notifications/mentioned.rb
1	1	app/models/notifications/private_message.rb
1	1	app/models/notifications/request_accepted.rb
1	1	app/models/notifications/started_sharing.rb
2	2	app/models/user.rb
1	1	spec/controllers/users_controller_spec.rb
4	4	spec/models/jobs/{ => mail}/mail_mentioned_spec.rb
3	3	spec/models/jobs/{ => mail}/mail_private_message.rb
6	6	spec/models/user_spec.rb

--1e7a2f327--2011-08-10--danielgrippi
2	1	app/helpers/notifier_helper.rb
1	1	app/views/notifier/also_commented.html.haml
1	1	app/views/notifier/comment_on_post.html.haml
1	1	app/views/notifier/mentioned.html.haml
1	1	app/views/notifier/mentioned.text.haml
1	1	app/views/notifier/private_message.html.haml

--a904b59a0--2011-08-10--Andrej Kacian
6	1	spec/controllers/people_controller_spec.rb

--2f924e2e8--2011-08-10--Andrej Kacian
1	1	features/follows_tags.feature

--e1dd1e287--2011-08-10--Raphael Sofaer
0	0	app/views/devise/passwords/{edit.html.haml => edit.haml}
0	0	app/views/devise/passwords/{new.html.haml => new.haml}

--f30df2c88--2011-08-10--Raphael Sofaer
11	0	config/initializers/locale.rb

--118d3720c--2011-08-10--danielgrippi
1	1	app/controllers/publics_controller.rb
17	0	app/views/publics/activity_streams/photo.haml

--938b633c6--2011-08-10--Raphael Sofaer
2	6	app/views/shared/_stream_element.html.haml

--46f940621--2011-08-10--Raphael Sofaer
0	1	lib/resque_job_logging.rb

--1df654d41--2011-08-10--Raphael Sofaer
13	9	lib/resque_job_logging.rb
1	1	spec/lib/resque_job_logging_spec.rb

--a2bfc4a48--2011-08-10--Raphael Sofaer
1	1	app/models/jobs/http_multi.rb
1	1	lib/resque_job_logging.rb

--aa3d626ad--2011-08-10--danielgrippi
2	0	app/models/post.rb
7	0	spec/models/post_spec.rb

--f51b71b7d--2011-08-10--Raphael Sofaer
1	1	app/helpers/notifier_helper.rb

--cd0fca846--2011-08-10--Raphael Sofaer
8	7	app/views/shared/_stream_element.html.haml

--ccecf32f9--2011-07-29--Manuel Schölling
10	4	app/views/shared/_stream_element.html.haml

--cc3702d73--2011-07-28--Manuel Schölling
2	0	app/views/shared/_stream_element.html.haml

--8df5ba0c7--2011-08-10--Maxwell Salzberg
0	1	spec/mailers/notifier_spec.rb

--4bff560a3--2011-08-10--Maxwell Salzberg
11	0	app/helpers/notifier_helper.rb

--2d6a69cdc--2011-08-10--Maxwell Salzberg
3	0	app/mailers/notifier.rb
1	1	app/views/notifier/liked.html.haml
1	1	app/views/notifier/liked.text.haml
1	0	config/locales/diaspora/en.yml
13	0	spec/mailers/notifier_spec.rb

--685165d13--2011-08-10--Raphael Sofaer
3	3	Gemfile
1	1	Gemfile.lock

--d22e5e759--2011-08-10--Maxwell Salzberg
4	1	app/views/users/getting_started.haml
3	1	config/locales/diaspora/en.yml

--0b02653f4--2011-08-09--Sarah Mei
--47d5ea7a8--2011-08-09--Maxwell Salzberg
2	6	app/helpers/people_helper.rb

--4fb4f7116--2011-08-09--Maxwell Salzberg
1	0	app/models/service.rb
7	0	spec/models/service_spec.rb

--902edb674--2011-08-09--Raphael Sofaer
13	8	app/controllers/tags_controller.rb
3	3	app/views/layouts/_header.html.haml
4	6	app/views/users/getting_started.haml
21	14	public/javascripts/search.js

--6406c59bc--2011-08-09--Maxwell Salzberg
1	1	public/stylesheets/sass/application.sass

--7ae6ca201--2011-08-09--Maxwell Salzberg
1	1	app/controllers/profiles_controller.rb

--054c89782--2011-08-09--Maxwell Salzberg
1	0	app/controllers/tokens_controller.rb

--1afc3f36f--2011-08-09--Maxwell Salzberg
1	1	app/views/users/getting_started.haml

--7b1ff4cd7--2011-08-09--Maxwell Salzberg
3	0	app/views/invitations/edit.mobile.haml
3	0	app/views/layouts/application.mobile.haml
0	0	app/views/profiles/{_edit.html.haml => _edit.haml}
0	0	app/views/profiles/{_edit_public.html.haml => _edit_public.haml}
0	0	app/views/profiles/{edit.html.haml => edit.haml}
1	0	config/locales/diaspora/en.yml

--da51259f3--2011-08-09--Maxwell Salzberg
22	17	app/views/invitations/edit.mobile.haml
1	1	app/views/sessions/new.mobile.haml

--333081f8b--2011-08-09--Raphael Sofaer
5	4	lib/resque_job_logging.rb
2	2	spec/lib/resque_job_logging_spec.rb

--cdfaa83e9--2011-08-09--Raphael Sofaer
166	157	public/javascripts/jquery.infinitescroll-custom.js

--3c4f6527e--2011-08-09--Raphael Sofaer
3	3	app/views/layouts/application.html.haml

--86e374b8c--2011-08-09--Maxwell Salzberg
1	1	app/controllers/profiles_controller.rb
3	0	app/controllers/vanna_controller.rb
0	51	app/helpers/application_helper.rb
3	0	app/helpers/notifications_helper.rb
40	1	app/helpers/people_helper.rb
13	0	app/helpers/users_helper.rb
2	1	app/models/status_message.rb
0	0	app/views/users/{getting_started.html.haml => getting_started.haml}
15	0	spec/controllers/users_controller_spec.rb
2	51	spec/helpers/application_helper_spec.rb
63	0	spec/helpers/people_helper_spec.rb
5	4	spec/models/status_message_spec.rb

--f8e53bfba--2011-08-09--Raphael Sofaer
1	1	app/controllers/users_controller.rb
5	0	spec/controllers/users_controller_spec.rb

--2229921ba--2011-08-09--Raphael Sofaer
2	2	lib/resque_job_logging.rb

--87ffce4f6--2011-08-09--Raphael Sofaer
4	3	lib/resque_job_logging.rb
9	0	spec/lib/resque_job_logging_spec.rb

--09ac50aaa--2011-08-09--Raphael Sofaer
1	1	app/views/publics/host_meta.erb
0	9	app/views/publics/host_meta.html.erb
0	0	app/views/publics/{photo.html.haml => photo.haml}

--58384f82c--2011-08-09--Raphael Sofaer
0	20	public/javascripts/login.js

--0da8445b2--2011-08-09--Raphael Sofaer
14	1	lib/resque_job_logging.rb

--5a966c93b--2011-08-09--Maxwell Salzberg
0	0	app/views/devise/mailer/{_batch_invites.html.erb => _batch_invites.erb}
0	0	app/views/devise/mailer/{confirmation_instructions.html.haml => confirmation_instructions.haml}
0	0	app/views/devise/mailer/{invitation_instructions.html.haml => invitation_instructions.haml}
0	0	app/views/devise/mailer/{reset_password_instructions.html.haml => reset_password_instructions.haml}
0	0	app/views/devise/mailer/{unlock_instructions.html.haml => unlock_instructions.haml}

--015879a96--2011-08-09--Raphael Sofaer
0	12	app/models/status_message.rb
11	0	lib/youtube_titles.rb

--a4e54a7b0--2011-08-09--Raphael Sofaer
12	0	app/models/status_message.rb
6	0	spec/lib/youtube_titles_spec.rb

--05fb2c3e7--2011-08-09--Andrej Kacian
7	2	features/follows_tags.feature

--bddd7c717--2011-08-09--Andrej Kacian
7	0	spec/controllers/aspects_controller_spec.rb
1	0	spec/javascripts/support/jasmine.yml
22	0	spec/javascripts/tag-followings-spec.js

--2a970145c--2011-07-29--Andrej Kacian
15	3	app/controllers/tag_followings_controller.rb
1	1	app/views/aspects/index.html.haml
3	1	app/views/tags/_followed_tags_listings.haml
1	0	app/views/tags/update.js.erb
1	0	config/assets.yml
1	0	config/locales/diaspora/en.yml
18	0	public/javascripts/tag-followings.js
5	1	public/stylesheets/sass/application.sass

--e9d993b8f--2011-08-09--Maxwell Salzberg
45	51	app/controllers/people_controller.rb
14	0	app/models/person.rb
8	3	public/404.html
4	4	spec/controllers/people_controller_spec.rb
22	0	spec/models/person_spec.rb

--69619f9ba--2011-08-09--Raphael Sofaer
5	1	app/controllers/aspect_memberships_controller.rb
8	1	spec/controllers/aspect_memberships_controller_spec.rb

--7f5f69664--2011-08-09--Raphael Sofaer
2	2	app/controllers/publics_controller.rb
8	1	spec/controllers/publics_controller_spec.rb
1	1	spec/factories.rb

--23ea0ed46--2011-08-09--Raphael Sofaer
1	0	public/robots.txt

--840901c0a--2011-08-09--Raphael Sofaer
7	3	lib/splunk_logging.rb

--a4e6a019a--2011-08-09--Maxwell Salzberg
1	1	public/javascripts/view.js
4	2	public/stylesheets/sass/application.sass

--aac72b12e--2011-08-09--danielgrippi
2	0	Gemfile
4	0	Gemfile.lock
3	0	config/application.yml.example
3	0	config/deploy.rb
5	0	config/initializers/hoptoad.rb

--215fdf655--2011-08-09--Maxwell Salzberg
1	1	Gemfile.lock

--a78fa96e9--2011-08-09--danielgrippi
1	0	app/helpers/reshares_helper.rb
10	1	spec/helpers/reshares_helper_spec.rb

--e11de0c7d--2011-08-09--MrZYX
2	2	Gemfile.lock

--72b734e3e--2011-08-09--Maxwell Salzberg
3	1	app/views/layouts/application.html.haml
11	0	public/javascripts/view.js
11	0	public/stylesheets/sass/application.sass

--e845bcf8e--2011-08-08--Maxwell Salzberg
1	1	lib/tasks/batch_inviter.rake

--f1a64c46f--2011-08-08--Maxwell Salzberg
1	1	lib/tasks/batch_inviter.rake

--43bd8b686--2011-08-08--Maxwell Salzberg
1	1	app/views/invitations/new.html.haml

--97660e8f4--2011-08-08--Raphael Sofaer
6	5	app/views/devise/mailer/_batch_invites.html.erb

--46d6bbff5--2011-08-08--Raphael Sofaer
1	1	config/locales/devise/devise.en.yml

--ee08d3cd5--2011-08-08--Maxwell Salzberg
3	1	app/views/invitations/new.html.haml

--f370769fe--2011-08-09--MrZYX
0	1	config/locales/diaspora/ar.yml
0	1	config/locales/diaspora/bg.yml
0	1	config/locales/diaspora/br.yml
0	1	config/locales/diaspora/cs.yml
0	1	config/locales/diaspora/cy.yml
0	1	config/locales/diaspora/da.yml
0	1	config/locales/diaspora/de.yml
38	39	config/locales/diaspora/el.yml
0	1	config/locales/diaspora/en_pirate.yml
0	1	config/locales/diaspora/en_shaw.yml
0	1	config/locales/diaspora/eo.yml
0	1	config/locales/diaspora/es-AR.yml
0	1	config/locales/diaspora/es-CL.yml
2	3	config/locales/diaspora/es.yml
0	1	config/locales/diaspora/eu.yml
0	1	config/locales/diaspora/fi.yml
0	1	config/locales/diaspora/fr.yml
0	1	config/locales/diaspora/ga.yml
0	1	config/locales/diaspora/he.yml
0	1	config/locales/diaspora/hu.yml
0	1	config/locales/diaspora/id.yml
0	1	config/locales/diaspora/is.yml
0	1	config/locales/diaspora/it.yml
0	1	config/locales/diaspora/ja.yml
0	1	config/locales/diaspora/ko.yml
0	1	config/locales/diaspora/lt.yml
0	1	config/locales/diaspora/mk.yml
0	1	config/locales/diaspora/nb.yml
0	1	config/locales/diaspora/nl.yml
0	1	config/locales/diaspora/pa.yml
0	1	config/locales/diaspora/pl.yml
0	1	config/locales/diaspora/pt-BR.yml
0	1	config/locales/diaspora/pt-PT.yml
0	1	config/locales/diaspora/ro.yml
0	1	config/locales/diaspora/ru.yml
0	1	config/locales/diaspora/sk.yml
0	1	config/locales/diaspora/sl.yml
0	1	config/locales/diaspora/sv.yml
0	1	config/locales/diaspora/tr.yml
0	1	config/locales/diaspora/zh-CN.yml
0	1	config/locales/diaspora/zh-TW.yml
2	0	config/locales/javascript/javascript.ar.yml
2	0	config/locales/javascript/javascript.bg.yml
2	0	config/locales/javascript/javascript.br.yml
2	0	config/locales/javascript/javascript.cs.yml
2	0	config/locales/javascript/javascript.da.yml
2	0	config/locales/javascript/javascript.de.yml
8	6	config/locales/javascript/javascript.el.yml
2	0	config/locales/javascript/javascript.en_pirate.yml
2	0	config/locales/javascript/javascript.en_shaw.yml
2	0	config/locales/javascript/javascript.eo.yml
2	0	config/locales/javascript/javascript.es-AR.yml
2	0	config/locales/javascript/javascript.es.yml
2	0	config/locales/javascript/javascript.eu.yml
2	0	config/locales/javascript/javascript.fi.yml
2	0	config/locales/javascript/javascript.fr.yml
2	0	config/locales/javascript/javascript.he.yml
2	0	config/locales/javascript/javascript.hu.yml
2	0	config/locales/javascript/javascript.id.yml
2	0	config/locales/javascript/javascript.is.yml
2	0	config/locales/javascript/javascript.it.yml
2	0	config/locales/javascript/javascript.ja.yml
2	0	config/locales/javascript/javascript.ko.yml
2	0	config/locales/javascript/javascript.nb.yml
2	0	config/locales/javascript/javascript.nl.yml
2	0	config/locales/javascript/javascript.pl.yml
2	0	config/locales/javascript/javascript.pt-BR.yml
2	0	config/locales/javascript/javascript.pt-PT.yml
2	0	config/locales/javascript/javascript.ro.yml
2	0	config/locales/javascript/javascript.ru.yml
2	0	config/locales/javascript/javascript.sk.yml
2	0	config/locales/javascript/javascript.sl.yml
2	0	config/locales/javascript/javascript.sv.yml
2	0	config/locales/javascript/javascript.tr.yml
2	0	config/locales/javascript/javascript.zh-CN.yml
2	0	config/locales/javascript/javascript.zh-TW.yml

--f02b1dd3a--2011-08-08--Raphael Sofaer
108	90	app/views/devise/mailer/_batch_invites.html.erb

--77cb93be2--2011-08-08--Maxwell Salzberg
3	3	app/models/app_config.rb
2	5	app/views/shared/_invitations.haml

--5bd9e7c53--2011-08-08--Maxwell Salzberg
13	7	app/views/devise/mailer/_batch_invites.html.erb

--3f9954d18--2011-08-08--Raphael Sofaer
1	1	lib/tasks/backup.rake

--363117857--2011-08-08--Raphael Sofaer
3	1	lib/tasks/backup.rake

--62d52f7db--2011-08-08--Raphael Sofaer
1	1	lib/tasks/backup.rake

--d517ce90f--2011-08-08--Raphael Sofaer
26	23	lib/tasks/backup.rake

--f385eef85--2011-08-08--Raphael Sofaer
1	1	app/helpers/sockets_helper.rb

--ccf843b48--2011-08-07--Sarah Mei
--d3c73502c--2011-08-07--MrZYX
--b412f379e--2011-08-07--MrZYX
23	23	config/locales/diaspora/en_pirate.yml
9	9	config/locales/diaspora/es.yml
30	30	config/locales/diaspora/nl.yml
32	32	config/locales/diaspora/zh-TW.yml

--8b99ae9cb--2011-08-07--Manuel Schölling
1	1	app/views/aspects/create.js.erb
1	1	app/views/people/_sub_header.html.haml
8	8	config/locales/diaspora/en.yml

--79d0dfc7b--2011-08-06--Manuel Schölling
1	1	app/controllers/people_controller.rb
0	0	app/views/people/{_aspect_membership_dropdown.haml => aspect_membership_dropdown.haml}

--08ae8d23c--2011-08-04--Raphael Sofaer
1	1	app/helpers/aspect_global_helper.rb
1	1	app/views/contacts/sharing.haml
1	1	app/views/notifications/index.html.haml
1	1	app/views/people/_aspect_membership_dropdown.haml
1	1	app/views/people/_relationship_action.haml
1	1	app/views/people/_sub_header.html.haml

--d9484e3dd--2011-07-27--Manuel Schölling
21	2	public/javascripts/publisher.js

--fead6032f--2011-07-26--Manuel Schölling
1	1	app/controllers/people_controller.rb
18	2	app/helpers/aspect_global_helper.rb
0	21	app/views/aspect_memberships/_aspect_dropdown.html.haml
1	1	app/views/contacts/sharing.haml
1	1	app/views/notifications/index.html.haml
1	0	app/views/people/_aspect_membership_dropdown.haml
1	1	app/views/people/_relationship_action.haml
24	0	app/views/shared/_aspect_dropdown.html.haml
0	0	app/views/{aspect_memberships => shared}/_aspect_dropdown_list_item.haml
1	6	app/views/shared/_publisher.html.haml
1	0	config/assets.yml
33	0	public/javascripts/aspects-dropdown.js
6	32	public/javascripts/contact-edit.js
17	8	public/javascripts/publisher.js
11	3	public/stylesheets/sass/application.sass

--6b64d7f55--2011-08-07--Andrej Kacian
2	2	app/views/conversations/_conversation.haml
8	6	public/stylesheets/sass/application.sass

--afd08a7b9--2011-08-06--Jordi Mallach
1	1	config/locales/diaspora/en.yml

--a622a5b1e--2011-08-06--Jordi Mallach
55	23	config/locales/diaspora/ca.yml

--78c3d91ab--2011-07-31--Andrej Kacian
1	1	app/controllers/aspects_controller.rb
1	1	app/views/aspects/index.js.erb