--d63251e6a--2011-08-11--ticho
--3594d3ba8--2011-08-11--Raphael Sofaer
2	1	app/models/message.rb

--6e0630c43--2011-08-11--MrZYX
12	12	config/locales/devise/devise.de.yml
1	1	config/locales/devise/devise.es.yml
8	8	config/locales/devise/devise.it.yml
1	1	config/locales/devise/devise.ru.yml
1	1	config/locales/devise/devise.zh-TW.yml
12	5	config/locales/diaspora/ar.yml
10	3	config/locales/diaspora/bg.yml
10	3	config/locales/diaspora/br.yml
10	3	config/locales/diaspora/cs.yml
10	3	config/locales/diaspora/cy.yml
10	3	config/locales/diaspora/da.yml
10	3	config/locales/diaspora/de.yml
10	3	config/locales/diaspora/el.yml
10	3	config/locales/diaspora/en_pirate.yml
10	3	config/locales/diaspora/en_shaw.yml
10	3	config/locales/diaspora/eo.yml
10	3	config/locales/diaspora/es-AR.yml
10	3	config/locales/diaspora/es-CL.yml
10	3	config/locales/diaspora/es.yml
10	3	config/locales/diaspora/eu.yml
10	3	config/locales/diaspora/fi.yml
10	3	config/locales/diaspora/fr.yml
10	3	config/locales/diaspora/ga.yml
104	97	config/locales/diaspora/he.yml
10	3	config/locales/diaspora/hu.yml
10	3	config/locales/diaspora/id.yml
10	3	config/locales/diaspora/is.yml
12	5	config/locales/diaspora/it.yml
10	3	config/locales/diaspora/ja.yml
45	38	config/locales/diaspora/ko.yml
10	3	config/locales/diaspora/lt.yml
10	3	config/locales/diaspora/mk.yml
10	3	config/locales/diaspora/nb.yml
10	3	config/locales/diaspora/nl.yml
10	3	config/locales/diaspora/pa.yml
10	3	config/locales/diaspora/pl.yml
10	3	config/locales/diaspora/pt-BR.yml
10	3	config/locales/diaspora/pt-PT.yml
10	3	config/locales/diaspora/ro.yml
10	3	config/locales/diaspora/ru.yml
10	3	config/locales/diaspora/sk.yml
10	3	config/locales/diaspora/sl.yml
10	3	config/locales/diaspora/sv.yml
10	3	config/locales/diaspora/tr.yml
10	3	config/locales/diaspora/zh-CN.yml
11	4	config/locales/diaspora/zh-TW.yml
3	3	config/locales/javascript/javascript.ar.yml
2	2	config/locales/javascript/javascript.bg.yml
2	2	config/locales/javascript/javascript.de.yml
2	2	config/locales/javascript/javascript.es.yml
3	3	config/locales/javascript/javascript.it.yml
2	2	config/locales/javascript/javascript.ko.yml
2	2	config/locales/javascript/javascript.zh-TW.yml

--0b00616b8--2011-08-11--Raphael Sofaer
4	2	app/models/user.rb
6	0	config/application.yml.example

--7021cd79c--2011-08-11--Raphael Sofaer
1	0	app/controllers/contacts_controller.rb
8	0	spec/controllers/contacts_controller_spec.rb

--a2043671c--2011-08-11--Raphael Sofaer
6	3	app/mailers/notifier.rb
4	0	app/models/activity_streams/photo.rb
4	0	app/models/post.rb
3	0	app/models/reshare.rb
4	0	app/models/status_message.rb
2	0	config/locales/diaspora/en.yml

--ad5bd90b6--2011-08-10--Maxwell Salzberg
1	1	lib/rake_helpers.rb

--db645e8da--2011-08-10--danielgrippi
23	9	app/controllers/posts_controller.rb
0	33	app/controllers/publics_controller.rb
1	1	app/controllers/status_messages_controller.rb
0	1	app/helpers/people_helper.rb
1	1	app/views/comments/_comment.html.haml
1	1	app/views/comments/_comments.haml
21	0	app/views/posts/_photo.html.haml
5	1	app/views/posts/show.html.haml
0	17	app/views/publics/activity_streams/photo.haml
0	36	app/views/publics/photo.haml
0	21	app/views/publics/status_message.haml
17	15	app/views/shared/_stream_element.html.haml
2	1	app/views/status_messages/_status_message.haml
1	2	config/locales/diaspora/en.yml
1	1	config/routes.rb
4	3	lib/diaspora/user/querying.rb
0	3	public/stylesheets/sass/application.sass
83	29	spec/controllers/posts_controller_spec.rb
0	56	spec/controllers/publics_controller_spec.rb
2	2	spec/models/reshare_spec.rb

--90a5cd225--2011-08-10--Raphael Sofaer
1	1	app/controllers/aspect_memberships_controller.rb
10	0	spec/controllers/aspect_memberships_controller_spec.rb

--20523f99a--2011-08-10--Raphael Sofaer
4	1	lib/diaspora/user/connecting.rb

--8086b9a9d--2011-08-10--Raphael Sofaer
2	1	app/mailers/notifier.rb
11	1	spec/mailers/notifier_spec.rb

--350a4b4f6--2011-08-10--Raphael Sofaer
5	1	app/models/invitation.rb
1	0	config/locales/diaspora/en.yml
8	0	spec/models/invitation_spec.rb

--3431cd94f--2011-08-10--Raphael Sofaer
5	4	spec/lib/resque_job_logging_spec.rb

--091cdd6f9--2011-08-10--Raphael Sofaer
1	0	app/controllers/contacts_controller.rb
24	0	app/views/contacts/index.mobile.haml
1	7	app/views/people/_person.mobile.haml
3	0	public/stylesheets/sass/mobile.sass

--3658481c3--2011-08-10--Raphael Sofaer
2	1	app/mailers/notifier.rb
17	6	spec/mailers/notifier_spec.rb

--e0051eaba--2011-08-10--Raphael Sofaer
3	3	lib/resque_job_logging.rb

--b6c26611e--2011-08-10--danielgrippi
11	0	app/models/jobs/mail/also_commented.rb
11	0	app/models/jobs/mail/comment_on_post.rb
10	0	app/models/jobs/mail/confirm_email.rb
11	0	app/models/jobs/mail/liked.rb
15	0	app/models/jobs/mail/mentioned.rb
15	0	app/models/jobs/mail/private_message.rb
16	0	app/models/jobs/mail/started_sharing.rb
0	9	app/models/jobs/mail_also_commented.rb
0	9	app/models/jobs/mail_comment_on_post.rb
0	8	app/models/jobs/mail_confirm_email.rb
0	9	app/models/jobs/mail_liked.rb
0	15	app/models/jobs/mail_mentioned.rb
0	13	app/models/jobs/mail_private_message.rb
0	14	app/models/jobs/mail_started_sharing.rb
1	1	app/models/notifications/also_commented.rb
1	1	app/models/notifications/comment_on_post.rb
1	1	app/models/notifications/liked.rb
1	1	app/models/notifications/mentioned.rb
1	1	app/models/notifications/private_message.rb
1	1	app/models/notifications/request_accepted.rb
1	1	app/models/notifications/started_sharing.rb
2	2	app/models/user.rb
1	1	spec/controllers/users_controller_spec.rb
4	4	spec/models/jobs/{ => mail}/mail_mentioned_spec.rb
3	3	spec/models/jobs/{ => mail}/mail_private_message.rb
6	6	spec/models/user_spec.rb

--1e7a2f327--2011-08-10--danielgrippi
2	1	app/helpers/notifier_helper.rb
1	1	app/views/notifier/also_commented.html.haml
1	1	app/views/notifier/comment_on_post.html.haml
1	1	app/views/notifier/mentioned.html.haml
1	1	app/views/notifier/mentioned.text.haml
1	1	app/views/notifier/private_message.html.haml

--a904b59a0--2011-08-10--Andrej Kacian
6	1	spec/controllers/people_controller_spec.rb

--2f924e2e8--2011-08-10--Andrej Kacian
1	1	features/follows_tags.feature

--e1dd1e287--2011-08-10--Raphael Sofaer
0	0	app/views/devise/passwords/{edit.html.haml => edit.haml}
0	0	app/views/devise/passwords/{new.html.haml => new.haml}

--f30df2c88--2011-08-10--Raphael Sofaer
11	0	config/initializers/locale.rb

--118d3720c--2011-08-10--danielgrippi
1	1	app/controllers/publics_controller.rb
17	0	app/views/publics/activity_streams/photo.haml

--938b633c6--2011-08-10--Raphael Sofaer
2	6	app/views/shared/_stream_element.html.haml

--46f940621--2011-08-10--Raphael Sofaer
0	1	lib/resque_job_logging.rb

--1df654d41--2011-08-10--Raphael Sofaer
13	9	lib/resque_job_logging.rb
1	1	spec/lib/resque_job_logging_spec.rb

--a2bfc4a48--2011-08-10--Raphael Sofaer
1	1	app/models/jobs/http_multi.rb
1	1	lib/resque_job_logging.rb

--aa3d626ad--2011-08-10--danielgrippi
2	0	app/models/post.rb
7	0	spec/models/post_spec.rb

--f51b71b7d--2011-08-10--Raphael Sofaer
1	1	app/helpers/notifier_helper.rb

--cd0fca846--2011-08-10--Raphael Sofaer
8	7	app/views/shared/_stream_element.html.haml

--ccecf32f9--2011-07-29--Manuel Schölling
10	4	app/views/shared/_stream_element.html.haml

--cc3702d73--2011-07-28--Manuel Schölling
2	0	app/views/shared/_stream_element.html.haml

--8df5ba0c7--2011-08-10--Maxwell Salzberg
0	1	spec/mailers/notifier_spec.rb

--4bff560a3--2011-08-10--Maxwell Salzberg
11	0	app/helpers/notifier_helper.rb

--2d6a69cdc--2011-08-10--Maxwell Salzberg
3	0	app/mailers/notifier.rb
1	1	app/views/notifier/liked.html.haml
1	1	app/views/notifier/liked.text.haml
1	0	config/locales/diaspora/en.yml
13	0	spec/mailers/notifier_spec.rb

--685165d13--2011-08-10--Raphael Sofaer
3	3	Gemfile
1	1	Gemfile.lock

--d22e5e759--2011-08-10--Maxwell Salzberg
4	1	app/views/users/getting_started.haml
3	1	config/locales/diaspora/en.yml

--78c3d91ab--2011-07-31--Andrej Kacian
1	1	app/controllers/aspects_controller.rb
1	1	app/views/aspects/index.js.erb