--8d88818ea--2011-08-01--Raphael Sofaer
--2a0df9841--2011-08-01--Raphael Sofaer
0	4	lib/rake_helpers.rb
4	4	spec/fixtures/test.csv

--31ea1227a--2011-08-02--MrZYX
1	1	config/locales/diaspora/ar.yml
7	7	config/locales/diaspora/bg.yml
1	1	config/locales/diaspora/br.yml
1	1	config/locales/diaspora/cs.yml
1	1	config/locales/diaspora/cy.yml
1	1	config/locales/diaspora/da.yml
2	2	config/locales/diaspora/de.yml
1	1	config/locales/diaspora/el.yml
45	45	config/locales/diaspora/en_shaw.yml
23	23	config/locales/diaspora/eo.yml
1	1	config/locales/diaspora/es-AR.yml
13	13	config/locales/diaspora/es-CL.yml
7	7	config/locales/diaspora/es.yml
1	1	config/locales/diaspora/eu.yml
1	1	config/locales/diaspora/fi.yml
1	1	config/locales/diaspora/fr.yml
1	1	config/locales/diaspora/ga.yml
1	1	config/locales/diaspora/he.yml
1	1	config/locales/diaspora/hu.yml
1	1	config/locales/diaspora/id.yml
1	1	config/locales/diaspora/is.yml
7	7	config/locales/diaspora/it.yml
1	1	config/locales/diaspora/ja.yml
1	1	config/locales/diaspora/ko.yml
1	1	config/locales/diaspora/lt.yml
1	1	config/locales/diaspora/mk.yml
1	1	config/locales/diaspora/nb.yml
1	1	config/locales/diaspora/nl.yml
1	1	config/locales/diaspora/pa.yml
1	1	config/locales/diaspora/pl.yml
1	1	config/locales/diaspora/pt-BR.yml
1	1	config/locales/diaspora/pt-PT.yml
1	1	config/locales/diaspora/ro.yml
1	1	config/locales/diaspora/ru.yml
1	1	config/locales/diaspora/sk.yml
1	1	config/locales/diaspora/sl.yml
1	1	config/locales/diaspora/sv.yml
1	1	config/locales/diaspora/tr.yml
1	1	config/locales/diaspora/zh-CN.yml
1	1	config/locales/diaspora/zh-TW.yml
1	1	config/locales/javascript/javascript.de.yml
1	1	config/locales/javascript/javascript.en_shaw.yml

--6daf7f5ad--2011-08-01--danielgrippi
3	2	app/views/aspects/_aspect_stream.haml
6	8	app/views/aspects/_no_posts_message.haml
1	1	config/locales/diaspora/en.yml
6	18	public/stylesheets/sass/application.sass

--756a20ecd--2011-08-01--danielgrippi
8	3	app/helpers/application_helper.rb
1	1	app/views/aspects/_no_posts_message.haml
2	2	app/views/aspects/_selected_contacts.html.haml
1	1	app/views/layouts/_header.html.haml
1	1	config/routes.rb
25	0	features/manages_aspects.feature
18	0	spec/helpers/application_helper_spec.rb

--3d88095ba--2011-08-01--Raphael Sofaer
4	0	.gitignore
12	6	lib/rake_helpers.rb
19	18	lib/tasks/batch_inviter.rake
3	11	spec/lib/rake_helper_spec.rb

--a5e8db04a--2011-08-01--Andrej Kacian
1	1	spec/controllers/contacts_controller_spec.rb