--8134a4fc6--2011-07-31--Raphael Sofaer
--790c74d1a--2011-07-30--Sarah Mei
1	5	features/accepts_invitation.feature

--b7b1c6b27--2011-07-30--Sarah Mei
6	2	config/initializers/locale.rb
0	1	features/support/env.rb
1	5	lib/i18n_interpolation_fallbacks.rb
64	0	spec/lib/i18n_interpolation_fallbacks_spec.rb
0	24	spec/misc_spec.rb
0	22	spec/support/i18n_raise_errors.rb

--1a350c16f--2011-07-30--MrZYX
7	0	config/locales/diaspora/ar.yml
12	5	config/locales/diaspora/bg.yml
7	0	config/locales/diaspora/br.yml
7	0	config/locales/diaspora/cs.yml
7	0	config/locales/diaspora/cy.yml
7	0	config/locales/diaspora/da.yml
8	1	config/locales/diaspora/de.yml
7	0	config/locales/diaspora/el.yml
7	0	config/locales/diaspora/en_shaw.yml
7	0	config/locales/diaspora/eo.yml
7	0	config/locales/diaspora/es-AR.yml
7	0	config/locales/diaspora/es-CL.yml
47	40	config/locales/diaspora/es.yml
7	0	config/locales/diaspora/eu.yml
7	0	config/locales/diaspora/fi.yml
7	0	config/locales/diaspora/fr.yml
7	0	config/locales/diaspora/ga.yml
7	0	config/locales/diaspora/he.yml
7	0	config/locales/diaspora/hu.yml
7	0	config/locales/diaspora/id.yml
7	0	config/locales/diaspora/is.yml
24	17	config/locales/diaspora/it.yml
7	0	config/locales/diaspora/ja.yml
7	0	config/locales/diaspora/ko.yml
7	0	config/locales/diaspora/lt.yml
7	0	config/locales/diaspora/mk.yml
7	0	config/locales/diaspora/nb.yml
30	23	config/locales/diaspora/nl.yml
7	0	config/locales/diaspora/pa.yml
7	0	config/locales/diaspora/pl.yml
7	0	config/locales/diaspora/pt-BR.yml
7	0	config/locales/diaspora/pt-PT.yml
7	0	config/locales/diaspora/ro.yml
7	0	config/locales/diaspora/ru.yml
7	0	config/locales/diaspora/sk.yml
7	0	config/locales/diaspora/sl.yml
7	0	config/locales/diaspora/sv.yml
7	0	config/locales/diaspora/tr.yml
7	0	config/locales/diaspora/zh-CN.yml
7	0	config/locales/diaspora/zh-TW.yml
1	1	config/locales/javascript/javascript.es.yml
1	1	config/locales/javascript/javascript.nl.yml

--3eb6d13f9--2011-07-30--Gonzalo Rodriguez
1	1	app/views/conversations/new.haml