--2ab39013f--2011-05-16--danielgrippi
--7042b4379--2011-05-16--danielgrippi
4	0	config/app_config.yml.example
0	3	config/environments/development.rb
0	4	config/environments/production.rb
1	1	config/initializers/resque.rb

--55d39521c--2011-05-16--danielgrippi
6	0	config/initializers/resque.rb
10	2	lib/diaspora/web_socket.rb
7	0	spec/lib/diaspora/web_socket_spec.rb

--8821043ed--2011-05-16--danielgrippi
3	0	config/environments/development.rb
4	0	config/environments/production.rb
11	2	config/initializers/resque.rb
0	1	script/server

--a357cf921--2011-05-16--Raphael Sofaer
2	1	spec/controllers/registrations_controller_spec.rb
4	2	spec/controllers/sessions_controller_spec.rb

--495dd89dd--2011-05-16--Raphael Sofaer
1	1	Gemfile
2	2	Gemfile.lock
4	0	app/controllers/application_controller.rb
13	0	features/change_password.feature
8	0	features/step_definitions/user_steps.rb
1	0	features/support/env.rb
3	3	spec/controllers/registrations_controller_spec.rb
5	5	spec/controllers/sessions_controller_spec.rb