--106ae983d--2011-04-11--danielgrippi
--352d1c6ab--2011-04-11--danielgrippi
1	1	app/models/aspect_membership.rb
5	0	app/views/people/_profile_sidebar.html.haml
1	1	app/views/people/show.html.haml
6	0	features/connects_users.feature
31	13	features/disconnects_users.feature
2	1	lib/diaspora/user/connecting.rb
0	12	spec/integration/receiving_spec.rb
10	10	spec/models/user/connecting_spec.rb

--080f08187--2011-04-11--Raphael Sofaer
4	2	app/models/jobs/http_multi.rb
6	0	spec/models/jobs/http_multi_spec.rb
1	0	spec/spec_helper.rb
22	0	spec/support/fake_typhoeus.rb
0	11	spec/support/stub_hydra.rb

--8b4c8e77c--2011-04-11--MrZYX
1	0	spec/javascripts/support/jasmine.yml

--93be252b5--2011-04-11--MrZYX
--69eb27cbe--2011-04-12--behrooz shabani (everplays)
4	0	public/stylesheets/sass/rtl.sass

--60371c898--2011-04-12--behrooz shabani (everplays)
4	0	public/stylesheets/sass/rtl.sass

--426c1b28b--2011-04-11--behrooz shabani (everplays)
44	4	public/stylesheets/sass/rtl.sass

--22b0fca12--2011-04-11--behrooz shabani (everplays)
19	0	public/stylesheets/sass/rtl.sass

--e076f89cc--2011-04-11--behrooz shabani (everplays)
8	0	public/stylesheets/sass/rtl.sass

--ad34a7f6f--2011-04-11--behrooz shabani (everplays)
47	0	public/stylesheets/sass/rtl.sass

--1b8257e96--2011-04-11--danielgrippi
1	1	app/models/retraction.rb

--8631b6cc1--2011-04-11--MrZYX
1	1	spec/javascripts/view-spec.js

--e063f619a--2011-04-11--MrZYX
13	11	spec/javascripts/view-spec.js

--440fd26c1--2011-04-11--MrZYX
6	5	app/views/layouts/_header.html.haml
5	7	public/javascripts/view.js
20	14	public/stylesheets/sass/application.sass

--ffbe94f75--2011-04-11--MrZYX
2	7	app/views/layouts/_header.html.haml

--2413b3c4b--2011-04-11--MrZYX
--cf61bb756--2011-04-11--MrZYX
1	1	app/views/invitations/edit.html.haml
1	1	app/views/invitations/new.html.haml
1	1	app/views/layouts/application.html.haml
1	1	app/views/layouts/application.mobile.haml
1	1	app/views/registrations/new.html.haml
1	1	public/javascripts/view.js

--e91c15325--2011-04-11--MrZYX
1	0	app/controllers/photos_controller.rb

--71f7fcf22--2011-04-10--MrZYX
1	1	config/locales/devise/devise.fr.yml
40	40	config/locales/diaspora/br.yml
1	1	config/locales/diaspora/fr.yml

--cddeafee7--2011-04-11--behrooz shabani (everplays)
89	0	public/stylesheets/sass/rtl.sass

--d59a1f123--2011-04-10--MrZYX
13	13	config/locales/devise/devise.de.yml
1	1	config/locales/devise/devise.el.yml
1	1	config/locales/devise/devise.nl.yml
22	22	config/locales/diaspora/br.yml
1	1	config/locales/diaspora/de.yml
2	2	config/locales/diaspora/el.yml
4	4	config/locales/diaspora/es.yml
2	2	config/locales/diaspora/nl.yml
41	41	config/locales/diaspora/ru.yml
5	5	config/locales/javascript/javascript.ru.yml

--54aa2c7ce--2011-04-09--MrZYX
4	4	lib/webfinger.rb

--e7eb9adbf--2011-04-09--MrZYX
1	1	lib/postzord/receiver.rb

--fbe91aba3--2011-04-09--MrZYX
16	5	app/models/person.rb
21	5	lib/webfinger.rb
0	13	spec/support/fake_resque.rb
8	8	spec/support/stub_hydra.rb

--914e35dca--2011-04-08--danielgrippi
11	10	spec/spec_helper.rb
13	0	spec/support/fake_resque.rb
10	0	spec/support/fixture_builder.rb
11	0	spec/support/stub_hydra.rb

--1c9ca738a--2011-04-08--danielgrippi
3	24	app/controllers/aspect_memberships_controller.rb
0	9	app/controllers/aspects_controller.rb
15	0	app/views/aspect_memberships/create.js.erb
13	0	app/views/aspect_memberships/destroy.js.erb
0	7	app/views/aspects/_aspect_badge.haml
3	0	app/views/aspects/create.js.erb
1	1	config/assets.yml
0	1	features/connects_users.feature
3	40	public/javascripts/contact-list.js

--fa59be235--2011-04-08--Raphael Sofaer
4	4	public/javascripts/aspect-edit.js
3	3	public/javascripts/inbox.js
18	15	public/javascripts/stream.js

--0b9575af5--2011-04-08--Raphael Sofaer
0	2	config/assets.yml
0	12	public/javascripts/application.js
0	42	public/javascripts/aspect-contacts.js
5	0	public/javascripts/infinite-scroll.js
0	14	spec/javascripts/aspect-contacts-spec.js
0	1	spec/javascripts/support/jasmine.yml

--bb2b708a6--2011-04-08--MrZYX
1	1	db/seeds/add_user.rb

--c128cae4e--2011-04-08--danielgrippi
15	11	app/controllers/aspect_memberships_controller.rb
1	1	app/views/contacts/_share_with_list.html.haml
0	1	features/connects_users.feature
6	0	lib/postzord/receiver.rb
53	20	spec/controllers/aspect_memberships_controller_spec.rb
0	23	spec/controllers/contacts_controller_spec.rb
3	1	spec/integration/receiving_spec.rb

--927ba96fc--2011-04-08--Raphael Sofaer
0	9	app/views/people/show.mobile.haml

--f8359bd77--2011-04-08--Raphael Sofaer
1	1	app/controllers/people_controller.rb
1	1	app/views/people/show.mobile.haml
10	0	spec/controllers/people_controller_spec.rb

--761411e15--2011-04-08--Raphael Sofaer
3	5	app/views/people/show.mobile.haml
21	0	spec/controllers/people_controller_spec.rb

--f19416684--2011-04-08--MrZYX
4	3	public/javascripts/aspect-edit.js

--75629018d--2011-04-08--MrZYX
3	2	public/javascripts/aspect-edit.js

--c7dc6ce81--2011-04-07--Raphael Sofaer
2	2	config/assets.yml
0	0	public/javascripts/{infinite_scroll.js => infinite-scroll.js}
2	2	spec/javascripts/diaspora-spec.js
2	1	spec/javascripts/support/jasmine.yml

--aeda5a4e3--2011-04-07--danielgrippi
1	2	app/controllers/aspect_memberships_controller.rb
1	30	app/controllers/contacts_controller.rb
2	2	app/controllers/post_visibilities_controller.rb
3	7	app/helpers/aspects_helper.rb
9	0	app/models/contact.rb
12	4	app/models/request.rb
0	1	app/models/retraction.rb
1	0	app/views/contacts/_share_with_list.html.haml
1	1	app/views/people/_profile_sidebar.html.haml
14	13	app/views/people/show.html.haml
1	1	config/routes.rb
6	0	db/migrate/20110405171412_contact_remove_pending_add_mutual.rb
32	0	db/migrate/20110406202932_drop_requests_table.rb
1	1	db/schema.rb
54	2	features/connects_users.feature
6	12	lib/diaspora/user/connecting.rb
1	6	lib/postzord/receiver.rb
2	13	spec/controllers/contacts_controller_spec.rb
8	14	spec/controllers/home_controller_spec.rb
2	5	spec/controllers/post_visibilities_controller_spec.rb
5	4	spec/integration/receiving_spec.rb
39	6	spec/models/contact_spec.rb
1	6	spec/models/notification_spec.rb
17	2	spec/models/request_spec.rb
71	103	spec/models/user/connecting_spec.rb

--d23ac3468--2011-04-07--Raphael Sofaer
5	2	public/javascripts/diaspora.js

--ea932c870--2011-04-07--Raphael Sofaer
1	4	public/javascripts/diaspora.js
9	1	public/javascripts/infinite_scroll.js
3	0	public/javascripts/view.js
2	2	public/javascripts/widgets/timeago.js

--d7c4e1583--2011-04-07--maxwell
12	0	app/controllers/admins_controller.rb
1	0	app/views/admins/user_search.html.haml
1	0	config/routes.rb

--75d514c44--2011-04-07--Raphael Sofaer
1	1	config/assets.yml
10	10	public/javascripts/{vendor/jquery.infieldlabel.js => jquery.infieldlabel-custom.js}
5	1	public/javascripts/view.js

--48cfa4958--2011-04-07--maxwell
1	1	config/locales/diaspora/en.yml
2	0	db/schema.rb

--e2103788f--2011-04-07--Raphael Sofaer
--a05b14136--2011-04-07--Raphael Sofaer
3	0	app/controllers/application_controller.rb
1	2	app/controllers/aspects_controller.rb
10	5	app/controllers/people_controller.rb
11	6	app/controllers/tags_controller.rb
5	2	app/helpers/application_helper.rb
1	1	app/views/aspects/_aspect_stream.haml
4	5	app/views/people/show.html.haml
4	5	app/views/tags/show.haml
1	1	db/seeds.rb
4	4	spec/controllers/people_controller_spec.rb
4	4	spec/controllers/tags_controller_spec.rb

--d8ac8d132--2011-04-07--Raphael Sofaer
4	4	public/javascripts/widgets/timeago.js

--157b11746--2011-04-07--Raphael Sofaer
1	1	app/views/shared/_stream_element.mobile.haml
3	0	public/stylesheets/sass/mobile.sass

--d12ec3873--2011-04-07--Raphael Sofaer
3	2	app/views/aspects/index.mobile.haml
1	1	app/views/shared/_stream_element.mobile.haml
3	4	public/javascripts/infinite_scroll.js
7	3	public/javascripts/widgets/timeago.js
1	1	vendor/plugins/mobile-fu/lib/mobile_fu.rb

--883ff63ec--2011-04-07--Raphael Sofaer
15	0	db/seeds.rb

--51b3cd9c7--2011-04-07--maxwell
1	1	app/models/user.rb
8	0	spec/models/user_spec.rb

--bea1f26c1--2011-04-07--MrZYX
1	1	config/locales/devise/devise.br.yml
1	1	config/locales/devise/devise.en_shaw.yml
7	7	config/locales/devise/devise.pa.yml
71	71	config/locales/diaspora/br.yml
25	25	config/locales/diaspora/en_shaw.yml
4	4	config/locales/diaspora/pa.yml

--ef124d748--2011-04-07--MrZYX
1	1	db/seeds.rb

--52eac27a4--2011-04-07--Raphael Sofaer
1	0	config/assets.yml

--4f972a23f--2011-04-06--danielgrippi
0	5	app/controllers/application_controller.rb
0	3	app/controllers/photos_controller.rb
0	1	app/controllers/posts_controller.rb
0	1	app/controllers/publics_controller.rb
0	1	app/controllers/tags_controller.rb
0	2	app/controllers/users_controller.rb
3	3	app/models/contact.rb
11	0	app/models/notifications/started_sharing.rb
1	2	app/models/person.rb
10	14	app/models/request.rb
0	5	app/views/aspects/index.html.haml
0	4	app/views/users/getting_started/_step_3.html.haml
2	2	db/migrate/20110330230206_pm_foreign_keys.rb
1	18	db/schema.rb
0	38	features/manages_contact_requests.feature
1	1	spec/controllers/post_visibilities_controller_spec.rb
0	4	spec/models/contact_spec.rb
2	1	spec/models/notification_spec.rb
29	30	spec/models/request_spec.rb
3	13	spec/models/user/connecting_spec.rb

--4a3cc59df--2011-04-06--Jamie Wilkinson
14	0	config/environments/development.rb

--9e05f3196--2011-04-06--Raphael Sofaer
6	2	db/migrate/20110406203720_tag_name_uniqueness.rb

--d82546347--2011-04-06--Raphael Sofaer
37	0	db/migrate/20110406203720_tag_name_uniqueness.rb
1	1	db/schema.rb

--8af6fab0a--2011-04-06--Raphael Sofaer
47	48	lib/tasks/rspec.rake

--847a66735--2011-04-06--Raphael Sofaer
2	2	config/deploy.rb
8	2	lib/tasks/jasmine.rake

--75a1d9dda--2011-04-06--Raphael Sofaer
5	7	db/schema.rb

--2e5b5e1ef--2011-04-06--danielgrippi
1	1	app/controllers/aspect_memberships_controller.rb
1	1	app/controllers/people_controller.rb
5	4	app/controllers/post_visibilities_controller.rb
1	3	app/helpers/notifications_helper.rb
3	17	app/mailers/notifier.rb
0	14	app/models/jobs/mail_request_acceptance.rb
2	2	app/models/jobs/{mail_request_received.rb => mail_started_sharing.rb}
0	8	app/models/notifications/new_request.rb
8	0	app/models/notifications/started_sharing.rb
1	5	app/models/request.rb
1	3	app/models/user_preference.rb
1	1	app/views/notifications/index.html.haml
0	12	app/views/notifier/new_request.html.haml
0	9	app/views/notifier/new_request.text.haml
1	1	app/views/notifier/{request_accepted.html.haml => started_sharing.html.haml}
1	1	app/views/notifier/{request_accepted.text.haml => started_sharing.text.haml}
1	1	app/views/people/show.html.haml
2	7	app/views/users/edit.html.haml
5	11	config/locales/diaspora/en.yml
7	0	db/migrate/20110405171412_contact_remove_pending_add_mutual.rb
2	20	features/disconnects_users.feature
1	1	features/manages_contact_requests.feature
2	2	features/notifications.feature
2	2	features/step_definitions/user_steps.rb
1	1	lib/diaspora/user/querying.rb
12	14	spec/controllers/post_visibilities_controller_spec.rb
2	19	spec/mailers/notifier_spec.rb
1	1	spec/models/notification_spec.rb
2	9	spec/models/request_spec.rb
0	1	spec/models/user/connecting_spec.rb
10	6	spec/models/user_spec.rb

--1b2abce5e--2011-04-06--MrZYX
1	1	config/locales/devise/devise.zh-TW.yml
1	1	config/locales/diaspora/cs.yml
2	2	config/locales/diaspora/es.yml
1	1	config/locales/diaspora/eu.yml
15	15	config/locales/diaspora/zh-TW.yml

--a172e5629--2011-04-06--Raphael Sofaer
4	2	spec/models/user/querying_spec.rb

--3fb822c6c--2011-04-06--Raphael Sofaer
1	1	lib/diaspora/user/querying.rb
3	0	spec/models/user/querying_spec.rb

--bbf1bf00c--2011-04-06--Raphael Sofaer
1	1	app/controllers/application_controller.rb
19	9	app/controllers/aspects_controller.rb
1	1	app/views/aspects/_aspect_stream.haml
1	2	app/views/aspects/index.html.haml
1	1	app/views/aspects/index.js.erb
1	1	app/views/aspects/index.mobile.haml
5	0	lib/fake.rb
3	2	public/javascripts/infinite_scroll.js
22	13	spec/controllers/aspects_controller_spec.rb

--fd0fa61d5--2011-04-06--Raphael Sofaer
6	3	app/controllers/tags_controller.rb
25	15	spec/controllers/tags_controller_spec.rb

--4c696603c--2011-04-06--MrZYX
1	1	app/controllers/aspects_controller.rb
1	1	app/controllers/comments_controller.rb
2	2	app/controllers/messages_controller.rb
1	1	app/controllers/notifications_controller.rb
1	1	app/controllers/publics_controller.rb
1	1	spec/controllers/comments_controller_spec.rb
1	1	spec/controllers/messages_controller_spec.rb

--e925fe622--2011-04-06--MrZYX
1	0	app/controllers/aspects_controller.rb

--95de299e6--2011-04-06--MrZYX
0	2	app/controllers/aspects_controller.rb
22	13	public/javascripts/aspect-edit.js

--21b5f7932--2011-04-06--MrZYX
1	1	app/views/conversations/_show.haml
1	1	public/stylesheets/sass/application.sass

--9454c3a1b--2011-04-05--Raphael Sofaer
0	2	app/controllers/aspects_controller.rb
2	1	app/views/aspects/_aspect_stream.haml
0	1	app/views/aspects/index.html.haml
0	18	app/views/aspects/index.js.erb
1	0	config/assets.yml
1	28	public/javascripts/application.js
3	0	public/javascripts/aspect-filters.js
23	0	public/javascripts/infinite_scroll.js

--847f4fd26--2011-04-05--danielgrippi
1	1	app/controllers/users_controller.rb
7	0	app/models/aspect_membership.rb
5	1	app/models/post.rb
1	1	app/views/people/_relationship_action.haml
1	10	features/accepts_invitation.feature
19	6	spec/models/aspect_membership_spec.rb
6	1	spec/models/post_spec.rb

--59334dfaf--2011-04-05--Raphael Sofaer
1	2	app/views/aspects/index.mobile.haml
0	1	config/assets.yml
0	22	public/javascripts/mobile.js

--68375fdb0--2011-04-05--danielgrippi
2	1	.rspec
0	1	app/controllers/aspect_memberships_controller.rb
1	1	app/controllers/people_controller.rb
1	1	app/models/aspect.rb
0	10	app/models/aspect_membership.rb
0	2	app/models/contact.rb
1	1	app/models/invitation.rb
0	2	app/models/post_visibility.rb
1	4	app/models/request.rb
6	6	app/models/user.rb
1	1	app/views/aspects/_aspect_listings.haml
3	5	app/views/people/_aspect_list.haml
1	1	app/views/people/_profile_sidebar.html.haml
1	1	app/views/people/show.html.haml
3	2	app/views/services/_remote_friend.html.haml
42	0	db/migrate/20110405171412_contact_remove_pending_add_mutual.rb
6	6	db/schema.rb
15	83	lib/diaspora/user/connecting.rb
1	1	lib/diaspora/user/querying.rb
9	19	spec/controllers/aspect_memberships_controller_spec.rb
17	17	spec/controllers/aspects_controller_spec.rb
1	1	spec/controllers/services_controller_spec.rb
2	6	spec/helper_methods.rb
4	4	spec/integration/receiving_spec.rb
7	22	spec/models/aspect_membership_spec.rb
8	13	spec/models/invitation_spec.rb
1	1	spec/models/person_spec.rb
0	22	spec/models/post_visibility_spec.rb
2	1	spec/models/request_spec.rb
65	36	spec/models/user/connecting_spec.rb
2	4	spec/models/user/invite_spec.rb
3	8	spec/models/user/querying_spec.rb
8	20	spec/models/user_spec.rb
5	11	spec/support/user_methods.rb

--fa41c1fc5--2011-04-05--Raphael Sofaer
1	1	lib/diaspora/user/querying.rb
26	25	spec/models/user/querying_spec.rb

--746a0c38b--2011-04-05--Raphael Sofaer
5	1	app/controllers/aspects_controller.rb
2	4	app/views/aspects/_aspect_stream.haml
3	3	lib/diaspora/user/querying.rb
2	2	public/javascripts/application.js

--4037ce48c--2011-04-05--Raphael Sofaer
0	31	app/views/aspects/show.html.haml
0	1	app/views/aspects/show.js.erb
0	13	app/views/aspects/show.mobile.haml

--3df419a08--2011-04-05--MrZYX
--50b184671--2011-04-05--MrZYX
2	2	config/locales/devise/devise.eo.yml
1	1	config/locales/devise/devise.hu.yml
17	17	config/locales/diaspora/br.yml
1	1	config/locales/diaspora/de.yml
4	4	config/locales/diaspora/eo.yml
1	1	config/locales/diaspora/es-CL.yml
1	1	config/locales/diaspora/eu.yml
22	22	config/locales/diaspora/hu.yml
6	6	config/locales/diaspora/nl.yml
192	192	config/locales/diaspora/ru.yml
6	6	config/locales/diaspora/zh-TW.yml
33	0	config/locales/javascript/javascript.eo.yml

--dc55b3137--2011-04-05--Jordi Mallach
2	2	config/locales/diaspora/ca.yml

--fddd252ae--2011-04-05--Raphael Sofaer
4	4	lib/diaspora/user/querying.rb

--03e37d218--2011-04-05--Raphael Sofaer
11	0	db/migrate/20110405170101_fix_stream_queries.rb
2	1	db/schema.rb
6	2	lib/diaspora/user/querying.rb

--ed79cb5de--2011-04-05--Raphael Sofaer
1	1	db/migrate/20110328202414_post_visibilities_on_contacts.rb

--8d3f4609a--2011-04-05--Raphael Sofaer
8	4	db/migrate/20110328202414_post_visibilities_on_contacts.rb
1	1	db/migrate/20110330230206_pm_foreign_keys.rb

--e7d48a16e--2011-04-05--MrZYX
4	0	app/helpers/application_helper.rb
7	2	app/views/layouts/_header.html.haml
1	1	app/views/layouts/application.html.haml
1	1	app/views/layouts/application.mobile.haml

--07f7eff78--2011-04-05--danielgrippi
8	10	spec/models/profile_spec.rb
1	1	spec/models/user/attack_vectors_spec.rb

--fdb6675f2--2011-04-05--Raphael Sofaer
1	1	app/controllers/tags_controller.rb
3	3	app/models/contact.rb
3	3	app/models/person.rb
2	2	app/models/post.rb
5	1	db/migrate/20110225190919_create_conversations_and_messages_and_visibilities.rb
1	1	db/migrate/20110311220249_downcase_tags.rb
1	1	db/migrate/20110313015438_rename_text_fields.rb
5	5	db/migrate/20110328202414_post_visibilities_on_contacts.rb
5	3	db/migrate/20110330230206_pm_foreign_keys.rb
2	1	db/schema.rb
4	4	lib/diaspora/user/querying.rb
5	5	spec/controllers/apis_controller_spec.rb
6	6	spec/integration/receiving_spec.rb
1	1	spec/models/relayable_retraction_spec.rb

--3a1094dee--2011-04-05--MrZYX
1	1	config/locales/diaspora/en.yml

--8b00ca286--2011-04-05--MrZYX
1	1	config/locales/devise/devise.en.yml

--cbdbe1b29--2011-04-04--danielgrippi
0	3	app/models/service_user.rb
0	6	app/views/services/_remote_friend.html.haml
13	4	lib/diaspora/user/connecting.rb
1	1	spec/controllers/aspects_controller_spec.rb
84	89	spec/integration/receiving_spec.rb
79	79	spec/lib/postzord/dispatch_spec.rb
0	117	spec/models/aspect_spec.rb
6	15	spec/models/contact_spec.rb
5	21	spec/models/person_spec.rb
18	17	spec/models/retraction_spec.rb
0	12	spec/models/service_user_spec.rb
40	206	spec/models/user/connecting_spec.rb
1	23	spec/models/user/invite_spec.rb
30	38	spec/models/user/posting_spec.rb
20	1	spec/models/user/querying_spec.rb
93	42	spec/models/user_spec.rb
3	2	spec/spec_helper.rb

--87c48b003--2011-04-04--maxwell
1	1	config/locales/diaspora/en.yml

--590e1fd93--2011-04-04--danielgrippi
0	1	app/controllers/aspects_controller.rb
8	19	app/controllers/contacts_controller.rb
0	8	app/controllers/people_controller.rb
0	59	app/controllers/requests_controller.rb
4	4	app/models/invitation.rb
4	1	app/models/request.rb
1	1	app/models/user.rb
1	26	app/views/aspects/manage.html.haml
2	2	app/views/contacts/_share_with_pane.html.haml
0	9	app/views/people/_relationship_action.haml
8	17	app/views/people/show.html.haml
1	2	config/locales/diaspora/en.yml
0	2	config/routes.rb
27	24	features/connects_users.feature
28	15	lib/diaspora/user/connecting.rb
0	5	lib/diaspora/user/querying.rb
0	24	public/javascripts/aspect-edit.js
0	31	spec/controllers/aspects_controller_spec.rb
40	68	spec/controllers/contacts_controller_spec.rb
7	4	spec/controllers/invitations_controller_spec.rb
0	141	spec/controllers/requests_controller_spec.rb
6	8	spec/helper_methods.rb
0	13	spec/integration/receiving_spec.rb
24	47	spec/models/invitation_spec.rb
2	3	spec/models/request_spec.rb
101	69	spec/models/user/connecting_spec.rb
0	15	spec/models/user/querying_spec.rb

--79e3438b1--2011-04-04--Raphael Sofaer
2	2	spec/models/user/querying_spec.rb

--b48b483ea--2011-04-04--Raphael Sofaer
1	1	app/controllers/aspects_controller.rb
1	1	lib/diaspora/user/querying.rb
1	1	spec/models/user/querying_spec.rb

--d09bf3521--2011-04-02--Raphael Sofaer
5	4	lib/diaspora/user/querying.rb
26	3	spec/models/user/querying_spec.rb

--42523139c--2011-04-03--MrZYX
1	0	lib/direction_detector.rb
1	0	spec/lib/direction_detector_spec.rb

--92bf8444a--2011-04-03--MrZYX
1	1	app/helpers/application_helper.rb
1	1	app/views/comments/_comment.html.haml
1	1	app/views/comments/_comment.mobile.haml
1	1	app/views/conversations/_conversation.haml
1	1	app/views/conversations/_show.haml
1	1	app/views/messages/_message.haml
2	2	app/views/people/_profile_sidebar.html.haml
1	1	app/views/status_messages/_status_message.haml
1	51	config/initializers/direction_detector.rb
52	0	lib/direction_detector.rb
1	1	public/javascripts/widgets/directionDetector.js
89	0	spec/lib/direction_detector_spec.rb

--a7a8da2f7--2011-04-02--MrZYX
4	0	app/helpers/application_helper.rb
1	1	app/views/comments/_comment.html.haml
2	1	app/views/comments/_comment.mobile.haml
2	1	app/views/conversations/_conversation.haml
1	1	app/views/conversations/_show.haml
1	1	app/views/messages/_message.haml
4	2	app/views/people/_profile_sidebar.html.haml
1	1	app/views/status_messages/_status_message.haml
1	0	config/assets.yml
55	0	config/initializers/direction_detector.rb
1	1	public/javascripts/application.js
6	2	public/javascripts/inbox.js
1	0	public/javascripts/stream.js
3	0	public/javascripts/view.js
2	0	public/javascripts/web-socket-receiver.js
64	0	public/javascripts/widgets/directionDetector.js
4	0	public/stylesheets/sass/application.sass

--e4db8c7a3--2011-02-20--MrZYX
2	0	app/views/layouts/application.html.haml
3	0	app/views/layouts/application.mobile.haml
2	0	config/assets.yml
2	0	config/environment.rb
3	0	config/locale_settings.yml
3	0	public/stylesheets/sass/rtl.sass