--b41351399--2011-02-11--Raphael Sofaer
--8db6f49e6--2011-02-11--Raphael Sofaer
22	0	lib/log_overrider.rb

--6441977a7--2011-02-11--zhitomirskiyi
1	2	app/views/notifier/also_commented.text.haml

--3dbfc85aa--2011-02-11--MrZYX
5	0	config/locales/diaspora/ar.yml
5	0	config/locales/diaspora/ca.yml
5	0	config/locales/diaspora/cs.yml
5	0	config/locales/diaspora/cy.yml
5	0	config/locales/diaspora/da.yml
37	32	config/locales/diaspora/de.yml
5	0	config/locales/diaspora/el.yml
5	0	config/locales/diaspora/en_shaw.yml
5	0	config/locales/diaspora/eo.yml
5	0	config/locales/diaspora/es-CL.yml
5	0	config/locales/diaspora/es.yml
5	0	config/locales/diaspora/fi.yml
6	1	config/locales/diaspora/fr.yml
5	0	config/locales/diaspora/ga.yml
5	0	config/locales/diaspora/gl-ES.yml
5	0	config/locales/diaspora/he.yml
5	0	config/locales/diaspora/hu.yml
5	0	config/locales/diaspora/id.yml
5	0	config/locales/diaspora/it.yml
5	0	config/locales/diaspora/lt.yml
5	0	config/locales/diaspora/mk.yml
5	0	config/locales/diaspora/nb.yml
5	0	config/locales/diaspora/nl.yml
5	0	config/locales/diaspora/pl.yml
5	0	config/locales/diaspora/pt-BR.yml
5	0	config/locales/diaspora/pt-PT.yml
5	0	config/locales/diaspora/ro.yml
5	0	config/locales/diaspora/ru.yml
5	0	config/locales/diaspora/sk.yml
5	0	config/locales/diaspora/sl.yml
5	0	config/locales/diaspora/sv.yml
5	0	config/locales/diaspora/tr.yml

--0e9fdeeab--2011-02-10--zhitomirskiyi
1	1	app/models/post.rb

--4033c1932--2011-02-10--zhitomirskiyi
1	1	app/models/post.rb

--34e2b657f--2011-02-10--zhitomirskiyi
0	0	db/migrate/{20110211021925_fix_target_on_notification.rb => 20110211021926_fix_target_on_notification.rb}
1	1	db/schema.rb

--66fea22f6--2011-02-10--zhitomirskiyi
26	0	db/migrate/20110211021925_fix_target_on_notification.rb

--36d797300--2011-02-10--zhitomirskiyi
6	0	app/models/mention.rb
3	1	app/models/notification.rb
1	1	db/schema.rb
15	0	spec/models/mention_spec.rb

--057dcc218--2011-02-10--zhitomirskiyi
1	0	Gemfile
2	1	Gemfile.lock

--f857d8747--2011-02-10--zhitomirskiyi
1	1	Gemfile
7	7	Gemfile.lock

--d17b4340e--2011-02-10--Raphael Sofaer
2	2	lib/log_overrider.rb

--bb58544a7--2011-02-10--Raphael Sofaer
4	0	app/controllers/application_controller.rb
1	0	config/environments/production.rb
2	0	lib/log_overrider.rb

--0b6375ae6--2011-02-10--Raphael Sofaer
1	1	app/models/comment.rb

--d6f886fbe--2011-02-10--Raphael Sofaer
1	1	app/models/comment.rb

--a27b1b264--2011-02-10--maxwell
1	1	app/views/notifier/mentioned.html.haml

--c6e0379a0--2011-02-10--maxwell
1	1	config/locales/diaspora/en.yml

--25aa4255d--2011-02-10--Raphael Sofaer
1	1	app/controllers/application_controller.rb

--ca7b4e547--2011-02-10--zhitomirskiyi
1	1	app/models/mention.rb

--717d2e09c--2011-02-10--zhitomirskiyi
3	2	app/views/notifier/mentioned.html.haml
1	0	config/locales/diaspora/en.yml

--d1771bbe1--2011-02-10--zhitomirskiyi
8	1	app/helpers/notifications_helper.rb
13	0	app/mailers/notifier.rb
15	0	app/models/jobs/mail_mentioned.rb
1	1	app/models/mention.rb
7	2	app/models/status_message.rb
15	0	app/views/notifier/mentioned.html.haml
8	0	app/views/notifier/mentioned.text.haml
0	9	app/views/shared/_notification.haml
5	1	config/locales/diaspora/en.yml
36	5	spec/mailers/notifier_spec.rb
5	1	spec/models/jobs/mail_mentioned_spec.rb
8	0	spec/models/status_message_spec.rb

--7b1abacfe--2011-02-09--zhitomirskiyi
11	0	app/models/mention.rb
5	3	app/models/notification.rb
3	3	db/schema.rb
17	0	spec/models/jobs/mail_mentioned_spec.rb
33	0	spec/models/mention_spec.rb
9	0	spec/models/status_message_spec.rb

--f1fe91352--2011-02-10--Raphael Sofaer
3	3	app/controllers/application_controller.rb
19	12	app/models/user.rb
5	4	spec/helpers/stream_helper_spec.rb

--7a6d1d337--2011-02-10--Raphael Sofaer
0	2	public/javascripts/publisher.js
12	2	public/stylesheets/sass/autocomplete.sass
0	10	spec/javascripts/publisher-spec.js

--a307519e9--2011-02-10--Raphael Sofaer
2	2	app/helpers/stream_helper.rb
1	1	app/views/comments/_comments.haml
1	1	app/views/comments/{_new_comment.haml => _new_comment.html.haml}
1	1	app/views/shared/_stream_element.html.haml
5	4	public/javascripts/web-socket-receiver.js
9	12	public/stylesheets/sass/application.sass

--f1c63939f--2011-02-10--Raphael Sofaer
1	1	config/assets.yml
2	0	public/javascripts/publisher.js
2	1	public/javascripts/stream.js
0	345	public/javascripts/vendor/jquery-ui-1.8.9.custom.min.js
7	6	public/javascripts/web-socket-receiver.js
2	12	public/stylesheets/sass/autocomplete.sass
17	0	spec/javascripts/publisher-spec.js

--4997fbdbd--2011-02-10--MrZYX
23	23	config/locales/devise/devise.pt-BR.yml
6	6	config/locales/diaspora/cs.yml
4	4	config/locales/diaspora/de.yml
9	9	config/locales/diaspora/fr.yml
143	143	config/locales/diaspora/pt-BR.yml
1	1	config/locales/javascript/javascript.cs.yml
180	0	config/locales/rails-i18n/en-AU.yml

--1296dde15--2011-02-09--zhitomirskiyi
2	2	app/views/services/_remote_friend.html.haml

--dc760f958--2011-02-09--danielvincent
1	1	config/assets.yml
0	2	public/javascripts/publisher.js
1	2	public/javascripts/stream.js
345	0	public/javascripts/vendor/jquery-ui-1.8.9.custom.min.js
6	7	public/javascripts/web-socket-receiver.js
12	2	public/stylesheets/sass/autocomplete.sass
0	17	spec/javascripts/publisher-spec.js

--4105f90aa--2011-02-09--zhitomirskiyi
60	0	features/disconnects_users.feature
21	0	spec/javascripts/contact-list-spec.js

--5eb487ed2--2011-02-09--Raphael Sofaer
1	1	app/controllers/users_controller.rb
2	2	spec/controllers/users_controller_spec.rb

--1da965616--2011-02-09--zhitomirskiyi
1	1	app/views/shared/_contact_list.html.haml
5	1	features/step_definitions/custom_web_steps.rb
14	0	features/step_definitions/user_steps.rb
31	20	public/javascripts/contact-list.js
1	0	spec/javascripts/support/jasmine.yml

--acd55cf7d--2011-02-09--Raphael Sofaer
1	0	spec/javascripts/support/jasmine.yml

--b24272474--2011-02-09--maxwell
6	0	config/app_config.yml.example

--04f33c803--2011-02-09--Raphael Sofaer
8	1	app/controllers/users_controller.rb
16	3	spec/controllers/users_controller_spec.rb

--aaaa00f1c--2011-02-09--Raphael Sofaer
3	0	features/support/env.rb

--bd38d1436--2011-02-09--Raphael Sofaer
8	12	public/javascripts/jquery.autocomplete-custom.js
1	0	public/javascripts/keycodes.js
11	7	public/javascripts/publisher.js

--7409cd8a2--2011-02-09--Raphael Sofaer
13	0	db/seeds.rb
3	2	public/stylesheets/sass/application.sass

--7b3a2b07e--2011-02-09--Raphael Sofaer
10	0	app/models/mention.rb
2	1	app/models/post.rb
17	2	app/models/status_message.rb
15	0	db/migrate/20110209204702_create_mentions.rb
10	1	db/schema.rb
29	4	spec/models/status_message_spec.rb

--056bebd4f--2011-02-09--Raphael Sofaer
4	1	app/controllers/aspects_controller.rb
1	0	app/views/aspects/_aspect_listings.haml
0	1	app/views/aspects/index.html.haml

--c11ffe93c--2011-02-08--Raphael Sofaer
1	1	app/views/shared/_publisher.html.haml
11	2	public/javascripts/publisher.js
1	1	public/javascripts/rails.js
2	3	public/javascripts/stream.js
13	3	spec/javascripts/rails-spec.js

--cb67c14a5--2011-02-08--Raphael Sofaer
3	0	config/deploy/production.rb
3	0	config/deploy/staging.rb

--f8cec95d7--2011-02-08--Raphael Sofaer
4	3	app/models/status_message.rb
1	1	app/models/user.rb
7	0	spec/models/status_message_spec.rb

--000018587--2011-02-03--Raphael
20	5	app/models/status_message.rb
33	5	spec/models/status_message_spec.rb

--99f84de36--2011-02-08--Raphael Sofaer
36	34	public/javascripts/publisher.js
48	5	spec/javascripts/publisher-spec.js

--70c61270d--2011-02-08--Raphael Sofaer
4	4	public/javascripts/jquery.autocomplete-custom.js

--0ec2d918b--2011-02-08--Raphael Sofaer
1	0	config/assets.yml
115	0	public/javascripts/keycodes.js
12	33	public/javascripts/publisher.js
11	11	spec/javascripts/publisher-spec.js

--2b2582325--2011-02-07--danielvincent
132	32	public/javascripts/publisher.js
45	39	spec/javascripts/publisher-spec.js

--6eafd73d2--2011-02-07--danielvincent
3	4	public/javascripts/jquery.autocomplete-custom.js
3	3	public/javascripts/publisher.js

--3efc31c68--2011-02-04--danielvincent
1	1	app/models/person.rb
1	1	app/models/status_message.rb
66	13	public/javascripts/publisher.js
84	44	spec/javascripts/publisher-spec.js

--7d21f7bfd--2011-02-04--danielvincent
16	7	public/javascripts/jquery.autocomplete-custom.js
45	15	public/javascripts/publisher.js
1	1	public/javascripts/search.js
60	3	spec/javascripts/publisher-spec.js

--77403596a--2011-02-04--danielvincent
1	1	public/javascripts/jquery.autocomplete-custom.js
13	3	public/javascripts/publisher.js
30	8	spec/javascripts/publisher-spec.js
1	0	spec/javascripts/support/jasmine.yml

--150f67633--2011-02-03--Raphael Jedidiah Sofaer
3	1	app/views/aspects/index.html.haml
0	1	app/views/layouts/_header.html.haml
3	8	public/javascripts/jquery.autocomplete-custom.js
62	6	public/javascripts/publisher.js
21	0	spec/javascripts/publisher-spec.js

--216a2c3cd--2011-02-02--Raphael
18	0	app/models/status_message.rb
22	1	spec/models/status_message_spec.rb

--51e129b5c--2011-02-09--Raphael Sofaer
2	1	app/controllers/people_controller.rb
8	0	spec/controllers/people_controller_spec.rb

--dbf145296--2011-02-09--zhitomirskiyi
7	15	spec/intergration/receiving_spec.rb

--e75c28504--2011-02-09--zhitomirskiyi
1	0	app/controllers/application_controller.rb

--d872467d2--2011-02-09--Sarah Mei
2	3	.rspec
1	0	Gemfile
29	23	Gemfile.lock

--10d96be3c--2011-02-09--Sarah Mei
3	3	db/schema.rb

--e4d9ec64c--2011-02-09--zhitomirskiyi
4	3	app/models/profile.rb
76	0	spec/intergration/receiving_spec.rb
0	72	spec/lib/diaspora/parser_spec.rb
12	0	spec/models/profile_spec.rb

--4328f72bf--2011-02-09--MrZYX
1	0	app/views/layouts/application.html.haml
1	0	app/views/layouts/application.mobile.haml

--f0650a613--2011-02-09--MrZYX
11	17	config/locales/diaspora/ar.yml
12	18	config/locales/diaspora/ca.yml
12	18	config/locales/diaspora/cs.yml
11	17	config/locales/diaspora/cy.yml
12	18	config/locales/diaspora/da.yml
12	18	config/locales/diaspora/de.yml
12	18	config/locales/diaspora/el.yml
12	18	config/locales/diaspora/en_shaw.yml
11	17	config/locales/diaspora/eo.yml
12	18	config/locales/diaspora/es-CL.yml
12	18	config/locales/diaspora/es.yml
14	20	config/locales/diaspora/fi.yml
12	18	config/locales/diaspora/fr.yml
12	18	config/locales/diaspora/ga.yml
12	18	config/locales/diaspora/gl-ES.yml
12	18	config/locales/diaspora/he.yml
12	18	config/locales/diaspora/hu.yml
11	17	config/locales/diaspora/id.yml
12	18	config/locales/diaspora/it.yml
12	18	config/locales/diaspora/lt.yml
12	18	config/locales/diaspora/mk.yml
11	17	config/locales/diaspora/nb.yml
13	19	config/locales/diaspora/nl.yml
12	18	config/locales/diaspora/pl.yml
12	18	config/locales/diaspora/pt-BR.yml
12	18	config/locales/diaspora/pt-PT.yml
12	18	config/locales/diaspora/ro.yml
12	18	config/locales/diaspora/ru.yml
14	20	config/locales/diaspora/sk.yml
12	18	config/locales/diaspora/sl.yml
17	23	config/locales/diaspora/sv.yml
11	17	config/locales/diaspora/tr.yml
3	0	config/locales/javascript/javascript.cs.yml
3	0	config/locales/javascript/javascript.da.yml
3	0	config/locales/javascript/javascript.de.yml
3	0	config/locales/javascript/javascript.el.yml
3	0	config/locales/javascript/javascript.en_shaw.yml
3	0	config/locales/javascript/javascript.es.yml
4	1	config/locales/javascript/javascript.fi.yml
3	0	config/locales/javascript/javascript.fr.yml
3	0	config/locales/javascript/javascript.he.yml
3	0	config/locales/javascript/javascript.hu.yml
3	0	config/locales/javascript/javascript.id.yml
3	0	config/locales/javascript/javascript.it.yml
3	0	config/locales/javascript/javascript.nl.yml
3	0	config/locales/javascript/javascript.pt-BR.yml
3	0	config/locales/javascript/javascript.pt-PT.yml
3	0	config/locales/javascript/javascript.ro.yml
3	0	config/locales/javascript/javascript.ru.yml
31	0	config/locales/javascript/javascript.sk.yml
3	0	config/locales/javascript/javascript.sv.yml
76	32	config/locales/rails-i18n/sv-SE.yml

--60b08b9b0--2011-02-09--Nicolas Berens
--024ecc175--2011-02-08--Nicolas Berens
1	1	app/views/users/edit.html.haml