--24d9be2e6--2015-08-27--Jonne Haß
--2ce7a1e18--2015-08-27--augier
1	0	Changelog.md
6	0	app/controllers/home_controller.rb
1	0	config/routes.rb
7	0	features/mobile/home.feature
2	0	features/support/paths.rb

--d60a87ee8--2015-08-27--Jonne Haß
--a30ba5697--2015-08-27--Jonne Haß
--b4a5819aa--2015-08-27--Steffen van Bergerem
--37793f7db--2015-08-25--Faldrian
9	0	app/assets/stylesheets/mobile/settings.scss
16	0	app/assets/stylesheets/people.scss
12	0	app/views/users/_blocked_person.haml
5	7	app/views/users/_privacy_settings.haml
1	1	config/locales/diaspora/en.yml

--6b863defa--2015-08-27--Dennis Schubert
--e0ad53e46--2015-08-25--Dennis Schubert
--41b4234ec--2015-08-25--Jonne Haß
1	1	Gemfile
33	33	Gemfile.lock

--ea397ffdf--2015-08-03--Florian Staudacher
9	0	app/assets/javascripts/app/collections/pods.js
15	0	app/assets/javascripts/app/models/pod.js
45	0	app/assets/javascripts/app/pages/admin_pods.js
9	0	app/assets/javascripts/app/router.js
3	1	app/assets/javascripts/app/views.js
88	0	app/assets/javascripts/app/views/pod_entry_view.js
31	0	app/assets/stylesheets/admin.scss
9	0	app/assets/stylesheets/new_styles/_animations.scss
41	0	app/assets/templates/pod_table_entry_tpl.jst.hbs
14	0	app/assets/templates/pod_table_tpl.jst.hbs
31	0	app/controllers/admin/pods_controller.rb
97	8	app/models/pod.rb
19	0	app/presenters/pod_presenter.rb
8	6	app/views/admins/_admin_bar.haml
14	0	app/views/admins/pods.html.haml
14	0	app/workers/recurring_pod_check.rb
3	0	config/locales/diaspora/en.yml
40	0	config/locales/javascript/javascript.en.yml
4	0	config/routes.rb
14	0	db/migrate/20150731123114_add_status_to_pods.rb
15	5	db/schema.rb
262	0	lib/connection_tester.rb
52	0	spec/controllers/admin/pods_controller_spec.rb
5	0	spec/factories.rb
45	0	spec/javascripts/app/models/pod_spec.js
91	0	spec/javascripts/app/views/pod_entry_view_spec.js
130	0	spec/lib/connection_tester_spec.rb
71	8	spec/models/pod_spec.rb
17	0	spec/workers/recurring_pod_check_spec.rb

--aeea030c9--2015-08-24--Jonne Haß
--2bf6c8796--2015-08-23--Jonne Haß
--865cfc1cc--2015-08-23--Jonne Haß
--89a3ea6d2--2015-08-23--Steffen van Bergerem
--a7b854e74--2015-08-23--Jonne Haß
5	0	.haml-lint.yml
2	0	Gemfile
10	0	Gemfile.lock
16	0	bin/haml-lint

--eaf012c82--2015-08-23--Steffen van Bergerem
17	17	app/assets/stylesheets/navbar_left.scss
6	6	app/assets/templates/aspect_tpl.jst.hbs

--eddfa7cb5--2015-08-23--Steffen van Bergerem
--e54208d39--2015-08-23--Jonne Haß
--450bf4f4b--2015-08-14--augier
1	1	app/assets/javascripts/app/views/aspects_list_view.js
2	2	app/assets/javascripts/app/views/sidebar.js
2	2	app/assets/stylesheets/_application.scss
3	6	app/assets/stylesheets/colors.scss
5	3	app/assets/stylesheets/{leftnavbar.scss => navbar_left.scss}
6	3	app/assets/stylesheets/{sidebar.scss => navbar_right.scss}
1	1	app/assets/templates/aspects-list_tpl.jst.hbs
2	2	app/views/streams/main_stream.html.haml
4	4	features/step_definitions/aspects_steps.rb
3	3	features/step_definitions/tag_steps.rb
3	3	spec/javascripts/app/views/aspects_list_view_spec.js

--515d2ba9d--2015-08-22--Jonne Haß
--a76b22847--2015-08-22--Steffen van Bergerem
--36eb28354--2015-08-22--Steffen van Bergerem
--40ef382a6--2015-08-22--Steffen van Bergerem
--38f811f9f--2015-08-16--augier
1	1	app/views/admins/stats.html.haml
1	1	app/views/admins/weekly_user_stats.haml

--51bfc6e11--2015-08-22--Steffen van Bergerem
--d396d5555--2015-08-21--Jonne Haß
--3de942fd8--2015-08-21--Jonne Haß
--8e1301c96--2015-08-21--Jonne Haß
--bfcb1c3c8--2015-08-21--Lukas Matt
1	1	Gemfile
2	2	Gemfile.lock

--7714b83a7--2015-08-20--Jonne Haß
--b4923cc17--2015-08-19--Jonne Haß
--95c3d9694--2015-08-14--augier
1	1	app/assets/stylesheets/bootstrap-variables.scss
3	1	app/assets/stylesheets/home.scss
1	1	app/assets/stylesheets/new_styles/_base.scss

--75b317895--2015-08-07--Augier
3	4	app/views/comments/_new_comment.mobile.haml

--bd707c0d1--2015-08-12--Jonne Haß
--281d1a916--2015-08-09--augier
1	1	app/assets/javascripts/app/views/aspect_view.js
1	1	app/assets/javascripts/app/views/sidebar.js
2	2	app/assets/javascripts/app/views/tag_following_view.js
1	1	app/assets/stylesheets/color_themes/_color_theme_override.scss
27	81	app/assets/stylesheets/leftnavbar.scss
1	1	app/assets/stylesheets/rtl.scss
1	1	app/assets/stylesheets/sidebar.scss
4	6	app/assets/templates/aspect_tpl.jst.hbs
3	1	app/assets/templates/tag_following_tpl.jst.hbs
3	3	app/views/streams/main_stream.html.haml
1	1	features/step_definitions/tag_steps.rb
1	1	spec/javascripts/app/views/aspect_view_spec.js
2	2	spec/javascripts/app/views/aspects_list_view_spec.js

--bc1b6bd44--2015-06-22--Pablo Cuadrado
2	1	app/assets/stylesheets/colors.scss
6	0	app/assets/stylesheets/leftnavbar.scss
2	1	app/views/streams/main_stream.html.haml

--37e3a2749--2015-06-22--Pablo Cuadrado
3	3	app/assets/stylesheets/leftnavbar.scss
10	6	app/assets/templates/aspect_tpl.jst.hbs
1	1	app/views/streams/main_stream.html.haml

--b787db13b--2015-06-17--Pablo Cuadrado
9	6	app/assets/stylesheets/leftnavbar.scss
2	2	app/views/streams/main_stream.html.haml

--b34f0e792--2015-06-17--Pablo Cuadrado
1	1	app/assets/stylesheets/leftnavbar.scss

--267d98f13--2015-06-17--Pablo Cuadrado
3	0	app/assets/stylesheets/colors.scss
72	16	app/assets/stylesheets/leftnavbar.scss
0	1	app/assets/stylesheets/stream.scss
2	1	app/views/streams/main_stream.html.haml

--c38da4c78--2015-06-22--Pablo Cuadrado
1	0	app/assets/stylesheets/colors.scss
13	1	app/assets/stylesheets/sidebar.scss
3	2	app/views/streams/main_stream.html.haml

--754d8107a--2015-06-22--Pablo Cuadrado
3	0	app/assets/stylesheets/sidebar.scss
68	67	app/views/shared/_right_sections.html.haml

--9bd7ceb72--2015-06-17--Pablo Cuadrado
0	1	app/assets/stylesheets/sidebar.scss

--c8ba4f061--2015-06-17--Pablo Cuadrado
2	0	app/assets/stylesheets/colors.scss
11	4	app/assets/stylesheets/sidebar.scss
0	7	app/views/shared/_right_sections.html.haml
3	2	app/views/streams/main_stream.html.haml

--e8acaa08a--2015-08-03--Steffen van Bergerem
0	8	app/assets/javascripts/browser_detection.js
0	1	app/assets/javascripts/main.js
0	6	app/assets/javascripts/widgets/lightbox.js

--8bc86eb98--2015-08-02--Steffen van Bergerem
1	0	Gemfile
3	0	Gemfile.lock
0	13	app/assets/javascripts/app/views/header_view.js
76	52	app/assets/javascripts/app/views/search_view.js
1	1	app/assets/javascripts/main.js
0	18	app/assets/javascripts/view.js
1	1	app/assets/stylesheets/_application.scss
0	95	app/assets/stylesheets/autocomplete.scss
30	0	app/assets/stylesheets/typeahead.scss
1	2	app/assets/templates/header_tpl.jst.hbs
13	0	app/assets/templates/search_suggestion_tpl.jst.hbs
1	0	config/.jshint.json
34	11	features/desktop/search.feature
4	0	features/step_definitions/profile_steps.rb
10	2	features/step_definitions/search_steps.rb
0	31	spec/javascripts/app/views/header_view_spec.js
73	9	spec/javascripts/app/views/search_view_spec.js
0	763	vendor/assets/javascripts/jquery.autocomplete-custom.js

--25be9ecfd--2015-08-09--Jonne Haß
--5cc88b817--2015-08-09--Jonne Haß
--cb909c0d7--2015-08-09--Jason Robinson
1	1	app/presenters/social_relay_presenter.rb
2	2	spec/presenters/social_relay_presenter_spec.rb

--480384a07--2015-08-06--Jonne Haß
--0aa453e43--2015-08-06--Steffen van Bergerem
--f917757b5--2015-08-03--augier
-	-	app/assets/images/mobile/heart_mobile_grey.png
-	-	app/assets/images/mobile/heart_mobile_red.png
-	-	app/assets/images/mobile/reshare_mobile.png
-	-	app/assets/images/mobile/reshare_mobile_active.png
2	2	app/assets/javascripts/mobile/mobile.js
3	3	app/assets/javascripts/mobile/mobile_comments.js
51	0	app/assets/stylesheets/mobile/comments.scss
1	102	app/assets/stylesheets/mobile/mobile.scss
12	13	app/helpers/mobile_helper.rb
1	1	features/mobile/activity_stream.feature
1	1	features/mobile/logged_out_browsing.feature
3	3	features/mobile/not_safe_for_work.feature
4	4	features/mobile/reactions.feature
4	4	features/mobile/reshare.feature
0	19	spec/helpers/mobile_helper_spec.rb

--633d65fe2--2015-08-06--Steffen van Bergerem
--85f9a0eaa--2015-08-04--Jonne Haß
--ed4b2a2c4--2015-08-03--Jonne Haß
--b9db891fe--2015-08-02--Steffen van Bergerem
--5087f47e4--2015-08-02--augier
-	-	app/assets/images/branding/logos/header-logo.png
-	-	app/assets/images/favicon.ico
-	-	app/assets/images/header-bg-long.jpg
-	-	app/assets/images/header-bg.png
-	-	app/assets/images/icons/mail_grey.png
-	-	app/assets/images/icons/mail_grey_hover.png
-	-	app/assets/images/icons/notifications_grey.png
-	-	app/assets/images/icons/notifications_grey_hover.png
-	-	app/assets/images/img/glyphicons-halflings-blue.png
-	-	app/assets/images/img/glyphicons-halflings-red.png
0	2	app/assets/stylesheets/sprites.scss

--b7864a997--2015-08-02--Jonne Haß
--db9c39b6e--2015-08-01--Dennis Schubert
--22a8997c4--2015-08-01--Jonne Haß
--8e99a240c--2015-07-31--Steffen van Bergerem
2	2	app/assets/javascripts/app/views/location_view.js
3	3	app/assets/javascripts/app/views/notification_dropdown_view.js
0	61	app/assets/javascripts/widgets/infinite-scroll.js
1	1	app/assets/stylesheets/_application.scss
12	3	app/assets/stylesheets/autocomplete.scss
5	1	app/assets/stylesheets/header.scss
10	4	app/assets/stylesheets/new_styles/_animations.scss
0	20	app/assets/stylesheets/new_styles/_spinner.scss
10	1	app/assets/stylesheets/publisher.scss
28	0	app/assets/stylesheets/spinner.scss
0	4	app/assets/stylesheets/vendor/autoSuggest.css
3	2	app/assets/templates/header_tpl.jst.hbs
1	0	app/views/aspects/_aspect_stream.haml
3	2	app/views/people/index.html.haml
1	0	app/views/people/show.html.haml
2	1	app/views/publisher/_publisher.html.haml
3	1	app/views/shared/_modal.haml
1	0	app/views/tags/show.haml
3	1	app/views/users/getting_started.haml

--c95164a7e--2015-07-30--Lukas Matt
1	1	Gemfile
14	12	Gemfile.lock

--fbc88ab56--2015-07-30--Lukas Matt
2	2	app/assets/stylesheets/chat.scss
1	1	app/assets/stylesheets/new_styles/_base.scss

--524a0bdaf--2015-07-30--Lukas Matt
0	1	app/assets/javascripts/jsxc.js

--9a9683659--2015-07-30--Lukas Matt
4	0	app/assets/javascripts/jsxc.js
1	0	app/assets/stylesheets/_application.scss

--248fa9213--2015-07-30--Jonne Haß
--bc89f7317--2015-07-30--Steffen van Bergerem
10	9	app/views/users/getting_started.mobile.haml

--2a06d78d1--2015-07-30--Jonne Haß
--4442616b0--2015-07-30--Jonne Haß
--cf1367214--2015-07-30--Jonne Haß
26	16	features/mobile/not_safe_for_work.feature

--18413fe3c--2015-07-29--Jonne Haß
1	1	Gemfile
3	3	Gemfile.lock

--1c62bab27--2015-07-27--Jonne Haß
1	1	Gemfile
2	2	Gemfile.lock

--2a55578cf--2015-07-30--Dennis Schubert
--bdfbbdc3e--2015-07-30--Steffen van Bergerem
--e402bbdd3--2015-07-30--Steffen van Bergerem
--9a23c92f8--2015-07-24--augier
1	1	app/assets/javascripts/mobile/mobile.js
14	6	app/assets/stylesheets/mobile/mobile.scss
10	5	app/views/reshares/_reshare.mobile.haml
6	0	app/views/shared/_nsfw_shield.mobile.haml
1	1	app/views/shared/_post_info.mobile.haml
8	11	app/views/shared/_stream_element.mobile.haml
71	0	features/mobile/not_safe_for_work.feature
26	0	features/step_definitions/posts_steps.rb
4	0	features/step_definitions/stream_steps.rb
1	1	spec/integration/mobile_posts_spec.rb

--922d700d9--2015-07-29--Steffen van Bergerem
--4aef8de57--2015-07-23--fla
6	6	app/assets/javascripts/mobile/mobile.js
23	16	app/assets/stylesheets/mobile/header.scss
0	1	app/assets/stylesheets/mobile/mobile.scss
5	11	features/mobile/drawer.feature

--23c83b944--2015-07-29--Dennis Schubert
--4abc0c598--2015-07-29--Jonne Haß
--4094fb260--2015-07-29--Jonne Haß
--99f7e2fc5--2015-07-29--Jonne Haß
--816092c47--2015-07-28--Steffen van Bergerem
1	13	app/assets/stylesheets/mobile/mobile.scss
0	13	app/assets/stylesheets/rtl.scss
1	1	app/assets/stylesheets/statistics.scss
10	12	app/views/contacts/index.mobile.haml
5	6	app/views/node_info/_statistic.haml
18	9	app/views/node_info/_statistics.haml
3	3	app/views/photos/_index.mobile.haml

--a2349052f--2015-07-28--Steffen van Bergerem
2	38	app/assets/javascripts/mobile/mobile.js
43	0	app/assets/javascripts/mobile/publisher.js

--1c11b374b--2015-07-28--Steffen van Bergerem
1	1	app/assets/javascripts/mobile/mobile.js
1	1	app/assets/javascripts/mobile/mobile_comments.js
0	171	vendor/assets/javascripts/mbp-helper.js

--602ad2d20--2015-07-28--Jonne Haß
--d62c4387f--2015-07-28--Jonne Haß
--9fdc1bd9c--2015-07-28--Steffen van Bergerem
--a0eb2f065--2015-07-27--SansPseudoFix
1	1	app/views/layouts/_footer.html.haml

--51bd0109c--2015-07-27--Dennis Schubert
--9f18225cf--2015-07-27--Dennis Schubert
--3e7608191--2015-07-27--Dennis Schubert
--1bd2fb3c7--2015-07-27--Dennis Schubert
--04135d7b2--2015-07-27--Dennis Schubert
--6ee384344--2015-07-26--Jonne Haß
--1aebf74a3--2015-07-26--Steffen van Bergerem
--7f28c7915--2015-07-26--Steffen van Bergerem
--3c584ce33--2015-07-26--Dennis Schubert
1	0	Changelog.md

--e8297f8d6--2015-07-25--Dennis Schubert
--671f9498f--2015-07-25--Jason Robinson
--9ca8005b2--2015-07-25--Steffen van Bergerem
1	1	app/views/status_messages/_poll.mobile.haml
9	0	spec/integration/mobile_posts_spec.rb

--11a8ac614--2015-07-24--Jonne Haß
--00674fee7--2015-07-24--augier
1	2	app/assets/stylesheets/mobile/mobile.scss
15	15	app/views/people/show.mobile.haml

--1423ba73b--2015-07-24--augier
5	1	app/assets/stylesheets/mobile/mobile.scss

--04191996a--2015-07-24--Steffen van Bergerem
3	3	app/assets/javascripts/app/models/contact.js
37	12	app/assets/javascripts/app/pages/contacts.js
4	4	app/assets/javascripts/app/views/contact_view.js
1	0	spec/controllers/jasmine_fixtures/contacts_spec.rb
87	40	spec/javascripts/app/pages/contacts_spec.js
9	9	spec/javascripts/app/views/contact_view_spec.js

--97c9561ab--2015-07-24--Jonne Haß
--1904520d3--2015-07-24--Dennis Schubert
--be8f920c2--2015-07-24--Dennis Schubert
--c928d6c11--2015-07-23--Jonne Haß
5	0	app/presenters/node_info_presenter.rb
12	1	spec/presenters/node_info_presenter_spec.rb

--4a178e20e--2015-07-24--Steffen van Bergerem
22	0	app/assets/javascripts/app/pages/contacts.js
34	17	app/assets/javascripts/app/views/aspect_membership_view.js
25	7	app/assets/javascripts/app/views/contact_view.js
146	0	spec/javascripts/app/pages/contacts_spec.js
33	11	spec/javascripts/app/views/aspect_membership_view_spec.js
26	0	spec/javascripts/app/views/contact_view_spec.js

--929248c11--2015-07-23--Dennis Schubert
--5a5d59533--2015-07-23--Jonne Haß
--6eebd5aa4--2015-07-23--Jonne Haß
--79dfdfa22--2015-07-23--Steffen van Bergerem
7	0	spec/factories.rb
27	0	spec/integration/mobile_posts_spec.rb

--f4e0785e9--2015-07-23--Jonne Haß
--6fafa731e--2015-07-23--Steffen van Bergerem
1	1	app/assets/stylesheets/mobile/mobile.scss
0	8	app/assets/stylesheets/mobile/polls.scss
16	0	app/assets/stylesheets/mobile/stream_element.scss
3	0	app/views/shared/_post_info.mobile.haml
25	0	app/views/status_messages/_poll.mobile.haml
1	25	app/views/status_messages/_status_message.mobile.haml
1	0	config/locales/diaspora/en.yml

--5d3946144--2015-07-23--Steffen van Bergerem
1	0	app/assets/stylesheets/mobile/mobile.scss
8	0	app/assets/stylesheets/mobile/polls.scss
27	1	app/views/status_messages/_status_message.mobile.haml
6	0	config/locales/diaspora/en.yml

--853dc093c--2015-07-23--Steffen van Bergerem
2	0	app/assets/stylesheets/new_styles/_poll.scss
1	1	app/assets/templates/poll_tpl.jst.hbs

--dce2101d9--2015-07-22--Jonne Haß
--031faeece--2015-07-22--Steffen van Bergerem
1	1	app/assets/stylesheets/footer.scss
1	1	app/views/layouts/_footer.html.haml

--2cede713b--2015-07-22--Jonne Haß
--2090b5f90--2015-07-22--fla
2	1	app/views/layouts/application.html.haml

--46fa24f22--2015-07-22--Jonne Haß
--3d6918646--2015-07-22--Steffen van Bergerem
1	0	app/assets/javascripts/app/views/conversations_form_view.js

--44c370513--2015-07-22--Steffen van Bergerem
47	37	app/assets/javascripts/app/views/publisher_view.js
36	0	spec/javascripts/app/views/publisher_view_spec.js

--5ecafa2bb--2015-07-22--Jonne Haß
--5fd89961c--2015-07-22--Steffen van Bergerem
10	2	app/views/conversations/_messages.haml
14	6	app/views/conversations/_new.haml
1	0	config/locales/diaspora/en.yml

--481954403--2015-07-22--Steffen van Bergerem
0	7	app/assets/stylesheets/new_styles/_forms.scss
19	6	app/views/devise/passwords/edit.haml
11	3	app/views/devise/passwords/new.haml
38	20	app/views/registrations/_form.haml
14	12	app/views/sessions/new.html.haml

--3af30718f--2015-07-22--Jonne Haß
--6e2a2d420--2015-07-22--Jonne Haß
--0cbe7ec9a--2015-07-22--Jonne Haß
--3210fb383--2015-07-22--Dennis Schubert
--37352b1b1--2015-07-22--Steffen van Bergerem
-	-	app/assets/images/branding/logos/powered_by_diaspora.png
17	16	app/assets/stylesheets/footer.scss
1	1	app/assets/stylesheets/mobile/mobile.scss
0	6	app/assets/stylesheets/new_styles/_base.scss
4	2	app/views/layouts/_footer.html.haml

--d6587469e--2015-07-22--Jonne Haß
--839d76c15--2015-07-21--Steffen van Bergerem
-	-	app/assets/images/mobile/arrow-left.png
-	-	app/assets/images/mobile/arrow-right.png
-	-	app/assets/images/mobile/camera.png
17	27	app/assets/stylesheets/mobile/mobile.scss
10	9	app/views/photos/show.mobile.haml
1	1	app/views/publisher/_publisher.mobile.haml
0	4	app/views/users/getting_started.mobile.haml
7	5	features/mobile/multiphoto.feature

--2ae1d0215--2015-07-21--Jonne Haß
--8f27e8fae--2015-07-21--Steffen van Bergerem
1	1	config/locales/diaspora/en.yml
1	1	config/locales/javascript/javascript.en.yml
2	2	spec/javascripts/app/pages/admin_dashboard_spec.js

--dbbaf90c2--2015-07-21--Jonne Haß
--484e70a68--2015-07-21--Steffen van Bergerem
75	0	app/assets/javascripts/app/pages/admin_dashboard.js
5	0	app/assets/javascripts/app/router.js
0	24	app/assets/stylesheets/admin.scss
1	1	app/assets/templates/header_tpl.jst.hbs
5	0	app/controllers/admins_controller.rb
17	11	app/views/admins/_admin_bar.haml
4	5	app/views/admins/correlations.haml
10	0	app/views/admins/dashboard.html.haml
55	55	app/views/admins/stats.html.haml
58	57	app/views/admins/user_search.html.haml
15	14	app/views/admins/weekly_user_stats.haml
8	9	app/views/report/index.html.haml
4	0	config/locales/diaspora/en.yml
7	0	config/locales/javascript/javascript.en.yml
7	6	config/routes.rb
18	0	spec/controllers/jasmine_fixtures/admins_spec.rb
179	0	spec/javascripts/app/pages/admin_dashboard_spec.js

--3d6ae08e8--2015-07-20--Jonne Haß
--b4bc7d819--2015-07-20--Dennis Schubert
--94b745d5c--2015-07-20--Steffen van Bergerem
--3e841905e--2015-07-20--Jonne Haß
--bdf6c7177--2015-07-17--Jason Robinson
7	0	app/controllers/social_relay_controller.rb
24	0	app/presenters/social_relay_presenter.rb
28	4	app/workers/deferred_dispatch.rb
9	0	config/defaults.yml
32	0	config/diaspora.yml.example
3	0	config/routes.rb
16	0	spec/controllers/social_relay_controller_spec.rb
122	0	spec/presenters/social_relay_presenter_spec.rb
30	1	spec/workers/deferred_dispatch_spec.rb

--3a4815996--2015-07-17--Jonne Haß
--00fc14e26--2015-07-17--Jonne Haß
--295c8533a--2015-07-17--Steffen van Bergerem
1	0	app/assets/javascripts/app/pages/settings.js
2	3	app/assets/stylesheets/profile.scss
2	2	app/views/profiles/_edit_private.haml

--0e439f6c1--2015-07-16--Jonne Haß
--99aa35405--2015-07-16--Jonne Haß
--0f51d89ba--2015-07-16--Dennis Schubert
--201a3ec1c--2015-07-16--Dennis Schubert
--13845a96f--2015-07-16--Dennis Schubert
--adef7ee37--2015-07-15--Augier
5	1	app/assets/stylesheets/sidebar.scss

--63e144819--2015-07-15--Jonne Haß
--0401de0e8--2015-07-15--Dennis Schubert
--f413d20e2--2015-07-14--Jason Robinson
--7a474f2b7--2015-07-14--fla
1	1	Changelog.md

--9229f1dfd--2015-07-14--Jonne Haß
--0e1960338--2015-07-14--Dennis Schubert
--eca4fff6c--2015-07-13--Dennis Schubert
--6b6bf8459--2015-07-12--Dennis Schubert
--c538cc22d--2015-07-11--Jonne Haß
5	2	Gemfile
27	0	Gemfile.lock
16	0	bin/pronto

--0ffe513b4--2015-07-11--Benjamin Neff
1	2	app/helpers/jsxc_helper.rb
1	0	spec/helpers/jsxc_helper_spec.rb

--1bf328d29--2015-07-11--Benjamin Neff
56	0	spec/federation_callbacks_spec.rb

--94fc378eb--2015-07-11--Benjamin Neff
2	6	config/initializers/diaspora_federation.rb
9	3	lib/configuration_methods.rb
22	1	spec/lib/configuration_methods_spec.rb

--397845161--2015-07-11--Jonne Haß
--7a5a0a909--2015-06-30--cmrd Senya
1	0	Gemfile
2	0	Gemfile.lock
1	0	app/assets/javascripts/app/pages/settings.js
1	0	app/assets/javascripts/app/router.js
1	11	app/assets/javascripts/app/views/profile_sidebar_view.js
1	0	app/assets/javascripts/main.js
2	0	app/assets/stylesheets/_application.scss
6	0	app/assets/stylesheets/profile.scss
2	2	app/controllers/people_controller.rb
1	1	app/controllers/photos_controller.rb
4	1	app/controllers/profiles_controller.rb
1	1	app/models/person.rb
1	1	app/presenters/contact_presenter.rb
18	31	app/presenters/person_presenter.rb
13	1	app/views/profiles/_edit_private.haml
5	1	app/views/profiles/_edit_public.haml
8	2	config/locales/diaspora/en.yml
5	0	db/migrate/20150630221004_add_public_to_profiles.rb
2	1	db/schema.rb
3	0	features/desktop/edits_profile.feature
9	0	features/step_definitions/web_steps.rb
1	0	spec/javascripts/app/views/profile_sidebar_view_spec.js
13	12	spec/models/profile_spec.rb
30	4	spec/presenters/person_presenter_spec.rb

--84d5a13ce--2015-07-11--Jonne Haß
--0fca8ceea--2015-06-30--Benjamin Neff
36	0	spec/controllers/diaspora_federation_controller_spec.rb
0	70	spec/controllers/publics_controller_spec.rb

--46a22fefe--2015-06-13--Benjamin Neff
4	5	Gemfile
6	6	Gemfile.lock
0	28	app/controllers/publics_controller.rb
0	4	app/helpers/people_helper.rb
11	8	app/models/person.rb
0	50	app/views/publics/hcard.haml
0	10	app/views/publics/host_meta.erb
0	14	app/views/publics/webfinger.erb
47	0	config/initializers/diaspora_federation.rb
2	3	config/routes.rb
3	17	spec/helpers/people_helper_spec.rb
28	10	spec/models/person_spec.rb

--18c1dcc26--2015-07-09--Jonne Haß
--aa86003cf--2015-07-09--Dennis Schubert
3	2	app/assets/javascripts/app/collections/comments.js

--f8ff95067--2015-07-09--Dennis Schubert
--df440ed8d--2015-07-08--Spanti Nicola (RyDroid)
2	2	app/assets/javascripts/app/app.js
8	8	app/assets/javascripts/app/collections/comments.js
0	1	app/assets/javascripts/app/collections/posts.js
0	1	app/assets/javascripts/app/collections/reshares.js
0	3	app/assets/javascripts/app/models.js
0	1	app/assets/javascripts/app/models/aspect_membership.js
0	1	app/assets/javascripts/app/models/comment.js
6	3	app/assets/javascripts/app/models/post/interactions.js
0	1	app/assets/javascripts/app/models/status_message.js
1	2	app/assets/javascripts/app/models/stream_aspects.js
0	1	app/assets/javascripts/app/pages/contacts.js
0	1	app/assets/javascripts/app/pages/profile.js
1	2	app/assets/javascripts/app/pages/single-post-viewer.js
5	3	app/assets/javascripts/app/router.js
0	1	app/assets/javascripts/app/views.js
0	1	app/assets/javascripts/browser_detection.js
0	1	app/assets/javascripts/contact-list.js
2	2	app/assets/javascripts/diaspora.js
0	1	app/assets/javascripts/mentions.js
6	0	app/assets/javascripts/mobile/mobile_comments.js
0	1	app/assets/javascripts/mobile/profile_aspects.js
0	1	app/assets/javascripts/widgets/flash-messages.js
3	4	app/assets/javascripts/widgets/infinite-scroll.js
0	1	app/assets/javascripts/widgets/lightbox.js
0	1	spec/javascripts/app/helpers/date_formatter_spec.js
0	1	spec/javascripts/bookmarklet-spec.js
4	4	spec/javascripts/view-spec.js

--9a6e001e8--2015-07-08--Jonne Haß
--6dfe58f91--2015-07-08--Jonne Haß
--0bcfd4376--2015-07-08--Spanti Nicola (RyDroid)
3	5	README.md

--6cf2ef814--2015-07-08--Spanti Nicola (RyDroid)
9	7	.gitignore

--c703cadf9--2015-07-07--Dennis Schubert
--eecceacd4--2015-07-07--Dennis Schubert
--1e4224813--2015-07-05--Jonne Haß
--202b6108e--2015-07-05--Jonne Haß
--6b240199a--2015-07-04--Jonne Haß
--69974bdc1--2015-07-03--Jonne Haß
--e1502bf60--2015-07-03--Jonne Haß
--61edda0fc--2015-07-03--Steffen van Bergerem
9	1	app/assets/javascripts/app/views/aspect_create_view.js
18	0	spec/javascripts/app/views/aspect_create_view_spec.js

--db00bd1b0--2015-07-03--Steffen van Bergerem
6	1	app/assets/javascripts/app/pages/contacts.js
1	2	app/helpers/contacts_helper.rb

--aeda8e37e--2015-07-03--Steffen van Bergerem
0	78	app/assets/javascripts/aspects-dropdown.js
0	1	app/assets/javascripts/main.js

--7d32000bd--2015-07-03--Jonne Haß
--961f6b535--2015-07-03--Jonne Haß
--9c4f80346--2015-07-03--Steffen van Bergerem
2	2	app/assets/javascripts/app/helpers/handlebars-helpers.js
11	11	app/assets/javascripts/app/pages/contacts.js
1	1	app/assets/javascripts/app/views/aspect_view.js
4	4	app/assets/javascripts/app/views/aspects_list_view.js
5	5	app/assets/javascripts/app/views/help_view.js
2	2	app/assets/javascripts/app/views/notification_dropdown_view.js
2	2	app/assets/javascripts/app/views/notifications_view.js
7	7	app/assets/javascripts/app/views/publisher/aspect_selector_view.js
6	6	app/assets/javascripts/aspects-dropdown.js
1	1	app/assets/stylesheets/_application.scss
2	2	app/assets/stylesheets/contacts.scss
0	322	app/assets/stylesheets/entypo.scss
2	2	app/assets/stylesheets/header.scss
2	2	app/assets/stylesheets/help.scss
13	0	app/assets/stylesheets/icons.scss
1	1	app/assets/stylesheets/leftnavbar.scss
1	1	app/assets/stylesheets/mobile/conversations.scss
1	1	app/assets/stylesheets/mobile/mobile.scss
4	13	app/assets/stylesheets/new_styles/_forms.scss
1	2	app/assets/stylesheets/new_styles/_interactions.scss
3	3	app/assets/stylesheets/notifications.scss
7	7	app/assets/stylesheets/profile.scss
4	4	app/assets/stylesheets/publisher.scss
7	7	app/assets/stylesheets/single-post-view.scss
1	1	app/assets/stylesheets/stream_element.scss
3	3	app/assets/templates/aspect_tpl.jst.hbs
2	2	app/assets/templates/comment_tpl.jst.hbs
2	2	app/assets/templates/header_tpl.jst.hbs
1	1	app/assets/templates/likes-info_tpl.jst.hbs
4	4	app/assets/templates/photo_tpl.jst.hbs
2	2	app/assets/templates/poll_creator_tpl.jst.hbs
7	7	app/assets/templates/profile_header_tpl.jst.hbs
7	7	app/assets/templates/single-post-viewer/single-post-actions_tpl.jst.hbs
3	3	app/assets/templates/single-post-viewer/single-post-content_tpl.jst.hbs
3	3	app/assets/templates/single-post-viewer/single-post-interactions_tpl.jst.hbs
6	6	app/assets/templates/single-post-viewer/single-post-moderation_tpl.jst.hbs
6	6	app/assets/templates/stream-element_tpl.jst.hbs
5	1	app/helpers/contacts_helper.rb
8	8	app/helpers/publisher_helper.rb
1	1	app/views/comments/_comment.mobile.haml
8	8	app/views/contacts/_header.html.haml
10	10	app/views/conversations/_show.haml
1	1	app/views/conversations/_show.mobile.haml
2	2	app/views/devise/passwords/edit.haml
1	1	app/views/devise/passwords/new.haml
1	1	app/views/notifications/_notification.haml
1	1	app/views/notifications/_notification.mobile.haml
4	4	app/views/notifications/index.html.haml
2	2	app/views/publisher/_aspect_dropdown.html.haml
5	5	app/views/publisher/_publisher.html.haml
4	4	app/views/registrations/_form.haml
2	2	app/views/sessions/new.html.haml
1	1	app/views/shared/_post_info.mobile.haml
7	7	app/views/shared/_right_sections.html.haml
1	1	app/views/users/_edit.haml
1	0	config/initializers/entypo.rb
21	21	spec/javascripts/app/pages/contacts_spec.js
2	2	spec/javascripts/app/views/aspect_view_spec.js
6	6	spec/javascripts/app/views/aspects_list_view_spec.js
2	2	spec/javascripts/app/views/notifications_view_spec.js
8	8	spec/javascripts/app/views/publisher_view_spec.js

--b89fabc2e--2015-07-03--Steffen van Bergerem
1	1	Gemfile
3	3	Gemfile.lock

--e0782437b--2015-07-03--Dennis Schubert
--1cd256257--2015-07-02--Jonne Haß
--6855095e7--2015-06-30--Jonne Haß
--d319474de--2015-06-27--Jonne Haß
--8b773c89e--2015-06-27--Dennis Schubert
--9613eb845--2015-06-27--Dennis Schubert
--4b1cd5b2f--2015-06-27--Dennis Schubert
--8b6f48787--2015-06-26--Jonne Haß
1	1	Gemfile
35	34	Gemfile.lock

--e6712185a--2015-06-22--Jonne Haß
1	0	Changelog.md
1	1	Gemfile.lock

--21fe65bc0--2015-06-16--Jonne Haß
1	1	Gemfile
2	2	Gemfile.lock

--a2d894cb3--2015-06-08--Jonne Haß
0	5	Gemfile
0	5	Gemfile.lock
2	2	app/assets/javascripts/app/pages/contacts.js
1	1	app/views/contacts/_aspect_listings.haml
1	1	features/desktop/manages_aspects.feature
7	17	features/step_definitions/aspects_steps.rb

--caf565681--2015-06-24--Dennis Schubert
--1f78315a2--2015-06-22--Jonne Haß
--c9d67bdb9--2015-06-22--Steffen van Bergerem
1	1	vendor/assets/javascripts/jquery.autocomplete-custom.js

--0b6dc320c--2015-06-22--Jonne Haß
--a66392519--2015-06-22--Jonne Haß
--df1287837--2015-06-21--Steffen van Bergerem
19	9	app/assets/javascripts/app/views/notification_dropdown_view.js
50	0	spec/javascripts/app/views/notification_dropdown_view_spec.js

--d6ddbbe4a--2015-06-21--Steffen van Bergerem
4	4	app/assets/stylesheets/autocomplete.scss

--75161b655--2015-06-21--Steffen van Bergerem
1	1	vendor/assets/javascripts/jquery.autocomplete-custom.js

--188e554b7--2015-06-21--Jonne Haß
--79c5202a5--2015-06-21--Jonne Haß
--f57c94ff0--2015-06-21--Steffen van Bergerem
--57ac37cd2--2015-06-19--SansPseudoFix
1	1	app/assets/stylesheets/getting-started.scss
3	2	app/views/people/_add_contact.haml

--afd91b60f--2015-06-21--Dennis Schubert
--8d5794a2a--2015-06-21--Steffen van Bergerem
1	2	app/assets/templates/comment-stream_tpl.jst.hbs

--d6d1e38ba--2015-06-18--Steffen van Bergerem
2	1	features/desktop/closes_account.feature
5	4	features/mobile/closes_account.feature
12	1	features/step_definitions/modal_steps.rb
40	44	features/support/paths.rb

--b3c535bab--2015-06-17--Steffen van Bergerem
8	8	app/assets/stylesheets/bootstrap-variables.scss
3	48	app/assets/stylesheets/color_themes/_color_theme_override.scss
7	6	app/assets/stylesheets/color_themes/dark_green/_style.scss
7	6	app/assets/stylesheets/color_themes/egyptian_blue/_style.scss
7	6	app/assets/stylesheets/color_themes/magenta/_style.scss

--049c8eb38--2015-06-07--Steffen van Bergerem
1	1	app/assets/javascripts/app/views/conversations_view.js
10	27	app/assets/javascripts/app/views/header_view.js
1	1	app/assets/javascripts/app/views/help_view.js
19	20	app/assets/javascripts/app/views/notification_dropdown_view.js
3	2	app/assets/javascripts/app/views/notifications_view.js
1	1	app/assets/stylesheets/_application.scss
2	3	app/assets/stylesheets/autocomplete.scss
0	52	app/assets/stylesheets/bootstrap-headerfix.scss
1	1	app/assets/stylesheets/bootstrap-variables.scss
100	405	app/assets/stylesheets/header.scss
3	3	app/assets/stylesheets/new_styles/_animations.scss
2	2	app/assets/stylesheets/new_styles/_base.scss
37	35	app/assets/stylesheets/notifications.scss
0	6	app/assets/stylesheets/rtl.scss
3	0	app/assets/stylesheets/timeago.scss
110	94	app/assets/templates/header_tpl.jst.hbs
8	0	app/controllers/application_controller.rb
0	3	app/controllers/help_controller.rb
27	14	app/views/layouts/_header.html.haml
1	0	config/locales/diaspora/en.yml
1	0	config/locales/javascript/javascript.en.yml
1	1	features/step_definitions/conversations_steps.rb
1	1	features/step_definitions/custom_web_steps.rb
1	0	features/support/env.rb
1	1	features/support/user_cuke_helpers.rb
12	12	spec/javascripts/app/views/conversations_view_spec.js
11	29	spec/javascripts/app/views/header_view_spec.js
3	5	spec/javascripts/app/views/help_view_spec.js
42	40	spec/javascripts/app/views/notification_dropdown_view_spec.js
33	28	spec/javascripts/app/views/notifications_view_spec.js

--e890ffa69--2015-06-19--Steffen van Bergerem
--078e7a722--2015-06-19--Steffen van Bergerem
--e3d77cece--2015-06-19--Flaburgan
4	0	Changelog.md

--5ab09f065--2015-06-18--Steffen van Bergerem
--a7d88adde--2015-06-18--fla
2	2	config/locales/diaspora/en.yml

--3e4b8500a--2015-06-15--Flaburgan
8	7	app/views/profiles/edit.haml
9	7	app/views/profiles/edit.mobile.haml
8	7	app/views/services/index.html.haml
7	4	app/views/services/index.mobile.haml
204	0	app/views/users/_edit.haml
28	26	app/views/users/_privacy_settings.haml
0	245	app/views/users/edit.haml
2	0	app/views/users/edit.html.haml
1	1	app/views/users/edit.mobile.haml
1	0	config/locales/diaspora/en.yml

--5537e8687--2015-06-08--fla
33	0	app/views/users/_privacy_settings.haml
1	33	app/views/users/privacy_settings.html.haml
1	33	app/views/users/privacy_settings.mobile.haml

--264f41a09--2015-06-08--fla
32	38	app/assets/stylesheets/mobile/mobile.scss
31	0	app/assets/stylesheets/mobile/settings.scss
9	8	app/views/profiles/edit.mobile.haml
15	0	app/views/services/index.mobile.haml
8	8	app/views/shared/_settings_nav.mobile.haml
231	182	app/views/users/edit.haml
2	0	app/views/users/edit.mobile.haml
0	1	app/views/users/privacy_settings.html.haml
41	0	app/views/users/privacy_settings.mobile.haml

--3ac66128a--2015-06-06--theworldbright
0	7	app/assets/stylesheets/mobile/mobile.scss
6	6	app/views/comments/_new_comment.mobile.haml

--5fa4519e9--2015-06-06--theworldbright
70	55	app/assets/javascripts/mobile/mobile_comments.js
1	1	app/views/comments/_new_comment.mobile.haml
1	1	features/mobile/reactions.feature

--7dc70c731--2015-06-06--theworldbright
1	141	app/assets/javascripts/mobile/mobile.js
144	0	app/assets/javascripts/mobile/mobile_comments.js
12	7	app/views/comments/_new_comment.mobile.haml
0	7	app/views/shared/_post_stats.mobile.haml

--93281d283--2015-06-17--Jonne Haß
--ae0209b49--2015-06-16--Steffen van Bergerem
--bf69cb6d1--2015-06-16--Jonne Haß
--e57609a4d--2015-06-16--Jonne Haß
--f4eb411c4--2015-06-15--Jonne Haß
--b3a5e92ec--2015-06-15--Steffen van Bergerem
0	2	Gemfile
0	4	Gemfile.lock
0	7	app/assets/javascripts/app/app.js
0	3	app/assets/javascripts/app/views/contact_view.js
0	3	app/assets/javascripts/app/views/profile_header_view.js
0	1	app/assets/javascripts/main.js
0	9	app/assets/javascripts/view.js
0	2	app/assets/stylesheets/_application.scss
0	32	app/assets/stylesheets/facebox.scss
1	9	app/assets/stylesheets/rtl.scss
1	2	app/views/conversations/create.js.erb
1	1	app/views/conversations/new.mobile.haml
5	5	app/views/publisher/_publisher.html.haml
22	19	app/views/shared/_public_explain.haml
0	3	config/application.rb
0	6	features/step_definitions/custom_web_steps.rb

--8a6706337--2015-06-15--Jonne Haß
--ab60644aa--2015-06-15--Steffen van Bergerem
--44a12e74b--2015-06-08--fla
58	0	app/assets/stylesheets/mobile/conversations.scss
6	19	app/assets/stylesheets/mobile/mobile.scss
14	9	app/views/conversations/_show.mobile.haml
1	1	app/views/people/show.mobile.haml
1	0	config/locales/diaspora/en.yml

--50dbe0db8--2015-06-14--Jonne Haß
--15aa40631--2015-06-14--Jonne Haß
--92a3dd53f--2015-06-14--Steffen van Bergerem
1	0	Gemfile
2	0	Gemfile.lock
4	4	app/assets/javascripts/app/views/comment_stream_view.js
6	3	app/assets/javascripts/app/views/publisher_view.js
1	1	app/assets/javascripts/main.js
2	2	app/assets/stylesheets/bookmarklet.scss
1	0	app/assets/stylesheets/comments.scss
7	5	app/views/status_messages/bookmarklet.html.haml
1	0	config/.jshint.json
0	1	config/.jshint_ignore
0	274	lib/assets/javascripts/jquery.autoresize.js
3	3	spec/javascripts/app/views/comment_stream_view_spec.js
12	2	spec/javascripts/helpers/SpecHelper.js

--77854cd35--2015-06-14--Jonne Haß
--1dee08843--2015-06-14--Jonne Haß
--e8f517385--2015-06-14--Jason Robinson
--4534ba5de--2015-06-14--Steffen van Bergerem
1	0	app/assets/javascripts/mobile/mobile.js
36	33	app/views/users/_close_account_modal.haml
3	53	app/views/users/{_edit.haml => edit.haml}
0	1	app/views/users/edit.html.haml
0	1	app/views/users/edit.mobile.haml
2	1	features/desktop/closes_account.feature
3	1	features/mobile/closes_account.feature

--7f6609d17--2015-06-13--fla
0	20	app/presenters/statistics_presenter.rb
4	20	spec/presenters/statistics_presenter_spec.rb

--b0de3925a--2015-06-12--Jonne Haß
--18a8211cc--2015-06-11--Steffen van Bergerem
1	1	Gemfile
2	2	Gemfile.lock
5	2	app/assets/javascripts/app/helpers/text_formatter.js
10	0	spec/javascripts/app/helpers/text_formatter_spec.js

--c83650f02--2015-06-10--Jonne Haß
--1be1bec9c--2015-06-09--Jonne Haß
--1c7f86b29--2015-06-09--Dennis Schubert
--828ae5994--2015-06-09--Dennis Schubert
--72bb85eeb--2015-06-08--Jonne Haß
--aeeb6570d--2015-06-08--Jonne Haß
--40913f000--2015-06-08--Jonne Haß
1	2	lib/tasks/assets.rake

--a5eb7d5d1--2015-06-08--Dennis Schubert
--80db18805--2015-06-08--Dennis Schubert
--8a4ec1d4c--2015-06-08--Dennis Schubert
--ad52eaf6d--2015-06-08--Dennis Schubert
--67de83f32--2015-06-08--Jonne Haß
--3975f02f2--2015-06-08--Jonne Haß
--0c6ca1d23--2015-06-08--Dennis Schubert
--e0420d733--2015-06-08--Dennis Schubert
--6c32fa784--2015-06-07--Steffen van Bergerem
1	1	app/assets/javascripts/app/pages/settings.js
1	1	app/assets/stylesheets/new_styles/_settings.scss
4	1	app/views/users/_edit.haml

--9ad58c94a--2015-06-07--Steffen van Bergerem
1	2	app/views/users/_edit.haml

--1c834d49d--2015-06-07--Jonne Haß
--bb9a15cea--2015-06-07--Jonne Haß
--69c3a4100--2015-06-07--efstrian
1	3	app/assets/stylesheets/{application.scss => _application.scss}
1	1	app/assets/stylesheets/_mixins.scss
1	1	app/assets/stylesheets/bootstrap-complete.scss
77	0	app/assets/stylesheets/color_themes/_color_theme_override.scss
0	91	app/assets/stylesheets/color_themes/dark_green.scss
17	0	app/assets/stylesheets/color_themes/dark_green/_style.scss
2	0	app/assets/stylesheets/color_themes/dark_green/desktop.scss
2	0	app/assets/stylesheets/color_themes/dark_green/mobile.scss
0	91	app/assets/stylesheets/color_themes/egyptian_blue.scss
17	0	app/assets/stylesheets/color_themes/egyptian_blue/_style.scss
2	0	app/assets/stylesheets/color_themes/egyptian_blue/desktop.scss
2	0	app/assets/stylesheets/color_themes/egyptian_blue/mobile.scss
0	91	app/assets/stylesheets/color_themes/magenta.scss
17	0	app/assets/stylesheets/color_themes/magenta/_style.scss
2	0	app/assets/stylesheets/color_themes/magenta/desktop.scss
2	0	app/assets/stylesheets/color_themes/magenta/mobile.scss
0	7	app/assets/stylesheets/color_themes/original.scss
8	0	app/assets/stylesheets/color_themes/original/_style.scss
2	0	app/assets/stylesheets/color_themes/original/desktop.scss
2	0	app/assets/stylesheets/color_themes/original/mobile.scss
2	2	app/assets/stylesheets/header.scss
2	2	app/assets/stylesheets/mobile/header.scss
2	2	app/helpers/layout_helper.rb
1	4	app/views/layouts/application.html.haml
1	3	app/views/layouts/application.mobile.haml
2	3	config/application.rb
3	2	config/diaspora.yml.example
1	3	spec/javascripts/support/jasmine.yml

--d64ea1589--2015-06-04--efstrian
11	20	app/helpers/users_helper.rb
4	4	app/models/user.rb
1	1	app/views/layouts/application.html.haml
1	1	app/views/layouts/application.mobile.haml
1	0	config/defaults.yml
6	0	config/diaspora.yml.example
10	9	config/initializers/color_themes.rb
1	1	spec/controllers/users_controller_spec.rb
5	4	spec/helpers/users_helper_spec.rb

--31d760867--2015-05-26--dimana
3	0	app/assets/stylesheets/_mixins.scss
90	5	app/assets/stylesheets/color_themes/dark_green.scss
91	0	app/assets/stylesheets/color_themes/egyptian_blue.scss
91	0	app/assets/stylesheets/color_themes/magenta.scss
5	3	app/assets/stylesheets/color_themes/original.scss
1	1	app/assets/stylesheets/mobile/mobile.scss
2	0	app/views/layouts/application.mobile.haml
4	2	config/color_themes.yml
11	0	spec/controllers/users_controller_spec.rb
41	0	spec/helpers/users_helper_spec.rb
7	0	spec/models/user_spec.rb

--57d766346--2015-05-25--efstrian
6	0	app/assets/stylesheets/color_themes/dark_green.scss
5	0	app/assets/stylesheets/color_themes/original.scss
7	0	app/controllers/users_controller.rb
44	0	app/helpers/users_helper.rb
8	0	app/models/user.rb
2	0	app/views/layouts/application.html.haml
8	0	app/views/users/_edit.haml
1	0	config/application.rb
3	0	config/color_themes.yml
18	0	config/initializers/color_themes.rb
3	0	config/locales/diaspora/en.yml
9	0	db/migrate/20150523004437_enable_color_themes.rb
1	0	db/schema.rb
1	0	spec/models/user_spec.rb

--c054d17bb--2015-06-07--Jonne Haß
--fe8b06bb3--2015-06-07--Jonne Haß
--6720110a4--2015-06-07--Jonne Haß
--4f9ac8dd9--2015-06-07--Steffen van Bergerem
19	19	app/views/notifications/index.mobile.haml
1	1	app/views/streams/main_stream.mobile.haml

--fcb9b001a--2015-06-07--Steffen van Bergerem
8	7	app/views/people/_person.mobile.haml

--06a1a1c97--2015-06-07--Steffen van Bergerem
0	2	app/assets/stylesheets/single-post-view.scss
79	78	app/assets/templates/single-post-viewer/single-post-content_tpl.jst.hbs

--ab1e879cc--2015-06-07--Jonne Haß
--4ae032e61--2015-06-07--Jonne Haß
--dbd8a91d9--2015-06-07--Steffen van Bergerem
--0d0d5d6aa--2015-06-06--Augier
2	2	app/assets/stylesheets/_mixins.scss
1	1	app/assets/stylesheets/header.scss
2	16	app/assets/stylesheets/new_styles/_spinner.scss
1	1	app/assets/templates/header_tpl.jst.hbs

--a7446dd5c--2015-06-07--Steffen van Bergerem
4	2	app/assets/javascripts/app/views/publisher/uploader_view.js

--3a07be124--2015-06-06--Dennis Schubert
--7bfa0f857--2015-06-06--Jonne Haß
--7b7700b31--2015-06-05--Steffen van Bergerem
0	1	app/assets/stylesheets/leftnavbar.scss
1	0	app/assets/stylesheets/stream_element.scss
1	1	app/views/notifications/_notification.haml

--e0a4d778f--2015-06-05--Jonne Haß
--8df9cb9cd--2015-06-05--Jonne Haß
--fd3da0f0b--2015-06-05--Steffen van Bergerem
2	0	app/assets/stylesheets/profile.scss

--0a0c3f48f--2015-06-05--Steffen van Bergerem
--39fe6bfff--2015-06-05--Steffen van Bergerem
1	0	app/assets/stylesheets/post-content.scss

--c1813aafa--2015-06-04--Jonne Haß
--2da262a26--2015-06-04--Steffen van Bergerem
1	1	app/assets/stylesheets/conversations.scss
1	1	app/assets/stylesheets/stream_element.scss

--7d1bba4e4--2015-06-04--Augier
13	3	app/assets/stylesheets/mobile/header.scss

--63554e222--2015-06-04--Jonne Haß
2	1	config/defaults.yml

--e3605f471--2015-06-04--Jonne Haß
--432f99e00--2015-06-04--Jonne Haß
--f3938a173--2015-06-04--SansPseudoFix
2	1	app/assets/stylesheets/mobile/mobile.scss

--3fdb8a205--2015-06-04--Steffen van Bergerem
1	1	app/assets/stylesheets/mobile/header.scss

--93dd3a3a7--2015-06-04--Steffen van Bergerem
3	0	app/assets/stylesheets/application.scss
3	0	app/assets/stylesheets/terms.scss
233	231	app/views/terms/default.haml

--797ae8a91--2015-06-04--Steffen van Bergerem
0	2	app/assets/stylesheets/application.scss
0	24	app/assets/stylesheets/bootstrap-fix.scss

--20c63b20b--2015-06-04--Steffen van Bergerem
1	1	app/assets/stylesheets/bootstrap-variables.scss
2	2	app/assets/stylesheets/comments.scss
1	1	app/assets/stylesheets/conversations.scss
1	1	app/assets/stylesheets/facebox.scss
1	1	app/assets/stylesheets/header.scss
1	1	app/assets/stylesheets/leftnavbar.scss
2	1	app/assets/stylesheets/people.scss
7	2	app/assets/stylesheets/sidebar.scss
3	3	app/assets/stylesheets/stream_element.scss
2	2	app/views/shared/_invitations.haml
0	6	app/views/streams/main_stream.mobile.haml
1	1	app/views/users/_edit.haml

--9f6d6a2e8--2015-06-04--SansPseudoFix
4	0	app/assets/stylesheets/header.scss

--cc58c66e3--2015-06-04--Steffen van Bergerem
13	17	app/assets/stylesheets/mobile/mobile.scss
1	1	app/assets/stylesheets/new_styles/_settings.scss
14	14	app/views/comments/_comment.mobile.haml
4	4	app/views/notifications/index.mobile.haml
4	4	app/views/shared/_post_info.mobile.haml

--676c0ab61--2015-06-04--Steffen van Bergerem
2	0	config/locales/diaspora/en.yml

--700df9af2--2015-06-04--Steffen van Bergerem
3	3	app/assets/javascripts/app/views/notifications_view.js
1	1	app/assets/javascripts/app/views/publisher/uploader_view.js
2	2	app/assets/javascripts/app/views/publisher_view.js
2	2	spec/javascripts/app/views/notifications_view_spec.js
3	3	spec/javascripts/app/views/publisher_view_spec.js

--f64eb9ff4--2015-06-04--Steffen van Bergerem
7	3	app/assets/javascripts/app/views/location_view.js
33	25	spec/javascripts/app/views/aspects_dropdown_view_spec.js
12	12	spec/javascripts/app/views/publisher_view_spec.js

--98f11b944--2015-06-03--theworldbright
5	7	app/assets/javascripts/app/helpers/handlebars-helpers.js
4	2	app/assets/javascripts/app/views/aspect_membership_view.js
6	6	app/assets/javascripts/app/views/bookmarklet_view.js
6	5	app/assets/javascripts/app/views/notifications_view.js
8	8	app/assets/javascripts/app/views/publisher/getting_started_view.js
49	49	app/assets/javascripts/app/views/publisher/uploader_view.js
120	112	app/assets/javascripts/app/views/publisher_view.js
1	1	app/helpers/invitation_codes_helper.rb
1	1	app/views/conversations/index.mobile.haml
2	2	spec/javascripts/app/views/aspect_create_view_spec.js
17	17	spec/javascripts/app/views/aspects_dropdown_view_spec.js
18	18	spec/javascripts/app/views/bookmarklet_view_spec.js
42	42	spec/javascripts/app/views/publisher_view_spec.js

--a3725599e--2015-06-04--Steffen van Bergerem
3	3	app/assets/stylesheets/bootstrap-variables.scss
0	1	app/assets/stylesheets/colors.scss
2	2	app/assets/stylesheets/contacts.scss
1	1	app/assets/stylesheets/new_styles/_statistics.scss
2	2	app/assets/stylesheets/profile.scss
3	3	app/assets/stylesheets/stream_element.scss

--f5bb4a455--2015-06-04--Steffen van Bergerem
1	1	app/assets/javascripts/app/views/aspect_membership_view.js
2	2	app/assets/javascripts/app/views/tag_following_action_view.js
0	1	app/assets/stylesheets/application.scss
0	32	app/assets/stylesheets/new_styles/_buttons.scss
2	2	app/assets/templates/tag_following_action_tpl.jst.hbs
1	1	app/helpers/aspect_global_helper.rb
1	1	spec/javascripts/app/views/aspect_membership_view_spec.js
2	2	spec/javascripts/app/views/tag_following_action_view_spec.js

--b7f4feacc--2015-06-04--Steffen van Bergerem
2	2	features/step_definitions/notifications_steps.rb

--d7522d949--2015-06-03--Augier
3	1	app/assets/stylesheets/mobile/header.scss
2	2	app/assets/stylesheets/publisher.scss
8	0	app/views/profiles/_edit_public.haml
2	2	app/views/publisher/_publisher.html.haml

--e3bff1f20--2015-06-03--Jonne Haß
8	8	app/views/shared/_modal.haml

--5589dac10--2015-06-03--theworldbright
3	7	app/assets/stylesheets/getting-started.scss
5	4	app/views/photos/_new_profile_photo.haml
14	11	app/views/users/getting_started.haml
1	1	app/views/users/getting_started.mobile.haml

--ed5f7837b--2015-06-03--theworldbright
1	1	app/views/profiles/_edit_private.haml
8	8	app/views/shared/_modal.haml

--46abdbdd1--2015-06-03--Steffen van Bergerem
2	2	app/assets/javascripts/app/views/notifications_view.js
0	3	app/assets/stylesheets/application.scss
0	15	app/assets/stylesheets/new_styles/_navs.scss
6	11	app/assets/stylesheets/notifications.scss
3	3	app/views/notifications/index.html.haml

--8e9ceb9a2--2015-06-02--Steffen van Bergerem
5	3	app/assets/stylesheets/conversations.scss
1	1	app/assets/stylesheets/new_styles/_interactions.scss
3	3	app/views/conversations/_message.haml
2	3	app/views/conversations/_messages.haml

--0cbf58117--2015-06-01--Augier
3	2	app/assets/stylesheets/mobile/header.scss
16	8	app/assets/stylesheets/mobile/mobile.scss
10	0	app/assets/stylesheets/profile.scss
2	1	app/helpers/people_helper.rb
1	1	app/views/admins/_user_entry.haml
1	1	app/views/conversations/_conversation.mobile.haml
2	2	app/views/layouts/application.mobile.haml
1	1	app/views/people/_person.mobile.haml
3	3	app/views/photos/_new_profile_photo.haml
0	55	app/views/photos/_new_profile_photo.mobile.haml
0	77	app/views/profiles/_edit.haml
0	72	app/views/profiles/_edit.mobile.haml
57	0	app/views/profiles/_edit_private.haml
9	13	app/views/profiles/_edit_public.haml
0	72	app/views/profiles/_edit_public.mobile.haml
7	13	app/views/profiles/edit.haml
8	10	app/views/profiles/edit.mobile.haml
10	13	app/views/services/index.html.haml
10	5	app/views/shared/_settings_nav.haml
1	0	app/views/shared/_settings_nav.mobile.haml
108	128	app/views/users/_edit.haml
6	16	app/views/users/privacy_settings.html.haml

--0e30c0790--2015-06-02--theworldbright
1	0	app/assets/stylesheets/new_styles/_forms.scss

--8a004ee02--2015-06-02--Steffen van Bergerem
4	1	app/assets/stylesheets/application.scss
1	0	app/assets/stylesheets/bootstrap-complete.scss
867	0	app/assets/stylesheets/bootstrap-variables.scss
0	1	app/assets/stylesheets/colors.scss
1	1	app/assets/stylesheets/conversations.scss
1	1	app/assets/stylesheets/invitations.scss
1	1	app/assets/stylesheets/leftnavbar.scss
2	2	app/assets/stylesheets/mentions.scss
0	10	app/assets/stylesheets/new_styles/_base.scss
5	5	app/assets/stylesheets/new_styles/_interactions.scss
1	1	app/assets/stylesheets/new_styles/_registration.scss
0	5	app/assets/stylesheets/new_styles/_typography.scss
1	1	app/assets/stylesheets/profile.scss
7	6	app/assets/stylesheets/publisher.scss
1	1	app/assets/stylesheets/sidebar.scss
1	1	app/assets/stylesheets/single-post-view.scss
0	2	app/assets/stylesheets/sizes.scss
1	1	app/assets/templates/aspect_create_modal_tpl.jst.hbs
1	1	app/views/publisher/_publisher.html.haml
1	1	app/views/shared/_modal.haml

--e372b4eb9--2015-06-01--theworldbright
10	4	app/assets/stylesheets/mobile/mobile.scss
1	5	app/views/conversations/index.mobile.haml

--207b6c615--2015-04-16--Augier
1	1	Gemfile
5	4	Gemfile.lock
-	-	app/assets/images/ajax-loader.gif
-	-	app/assets/images/mobile/deletelabel.png
-	-	app/assets/images/static-loader.png
1	1	app/assets/javascripts/app/app.js
4	4	app/assets/javascripts/app/helpers/handlebars-helpers.js
12	0	app/assets/javascripts/app/helpers/modal_helper.js
2	2	app/assets/javascripts/app/pages/contacts.js
10	10	app/assets/javascripts/app/router.js
1	1	app/assets/javascripts/app/views/aspect_create_view.js
1	6	app/assets/javascripts/app/views/aspect_membership_view.js
2	2	app/assets/javascripts/app/views/aspects_dropdown_view.js
8	6	app/assets/javascripts/app/views/location_view.js
1	1	app/assets/javascripts/app/views/notification_dropdown_view.js
19	19	app/assets/javascripts/app/views/notifications_view.js
13	0	app/assets/javascripts/app/views/profile_header_view.js
22	22	app/assets/javascripts/app/views/publisher/getting_started_view.js
1	1	app/assets/javascripts/app/views/publisher_view.js
1	4	app/assets/javascripts/main.js
1	0	app/assets/javascripts/view.js
1	1	app/assets/javascripts/widgets/infinite-scroll.js
12	4	app/assets/stylesheets/admin.scss
3	3	app/assets/stylesheets/aspects.scss
2	2	app/assets/stylesheets/autocomplete.scss
2	8	app/assets/stylesheets/bootstrap-complete.scss
1	1	app/assets/stylesheets/bootstrap-headerfix.scss
2	2	app/assets/stylesheets/chat.scss
6	4	app/assets/stylesheets/comments.scss
20	1	app/assets/stylesheets/conversations.scss
1	1	app/assets/stylesheets/entypo.scss
1	4	app/assets/stylesheets/getting-started.scss
1	1	app/assets/stylesheets/header.scss
0	1	app/assets/stylesheets/hovercard.scss
0	1	app/assets/stylesheets/invitations.scss
2	1	app/assets/stylesheets/leftnavbar.scss
14	14	app/assets/stylesheets/mobile/header.scss
77	160	app/assets/stylesheets/mobile/mobile.scss
10	9	app/assets/stylesheets/new_styles/_buttons.scss
2	2	app/assets/stylesheets/new_styles/_poll.scss
15	6	app/assets/stylesheets/new_styles/_settings.scss
2	6	app/assets/stylesheets/new_styles/_spinner.scss
3	3	app/assets/stylesheets/new_styles/_statistics.scss
1	1	app/assets/stylesheets/notifications.scss
8	0	app/assets/stylesheets/profile.scss
18	16	app/assets/stylesheets/publisher.scss
1	0	app/assets/stylesheets/sidebar.scss
3	1	app/assets/stylesheets/single-post-view.scss
0	1	app/assets/stylesheets/stream_element.scss
3	3	app/assets/stylesheets/tag.scss
109	118	app/assets/stylesheets/vendor/autoSuggest.css
42	31	app/assets/templates/aspect_create_modal_tpl.jst.hbs
3	2	app/assets/templates/comment-stream_tpl.jst.hbs
1	1	app/assets/templates/contact_tpl.jst.hbs
1	1	app/assets/templates/header_tpl.jst.hbs
3	3	app/assets/templates/help_tpl.jst.hbs
2	2	app/assets/templates/photo_tpl.jst.hbs
11	11	app/assets/templates/poll_creator_tpl.jst.hbs
13	11	app/assets/templates/poll_tpl.jst.hbs
3	3	app/assets/templates/profile_header_tpl.jst.hbs
10	9	app/assets/templates/single-post-viewer/single-post-content_tpl.jst.hbs
3	3	app/assets/templates/single-post-viewer_tpl.jst.hbs
0	1	app/assets/templates/stream-element_tpl.jst.hbs
1	1	app/assets/templates/tag_following_list_tpl.jst.hbs
2	2	app/helpers/invitation_codes_helper.rb
13	13	app/views/admins/_user_entry.haml
1	1	app/views/admins/correlations.haml
3	3	app/views/admins/stats.html.haml
38	29	app/views/admins/user_search.html.haml
6	7	app/views/aspect_memberships/_aspect_membership_dropdown.haml
5	5	app/views/aspect_memberships/_aspect_membership_dropdown.mobile.haml
16	12	app/views/comments/_comment.mobile.haml
5	4	app/views/comments/_new_comment.mobile.haml
22	28	app/views/contacts/_aspect_listings.haml
10	10	app/views/contacts/_header.html.haml
7	1	app/views/contacts/_sidebar.html.haml
4	4	app/views/contacts/index.html.haml
4	4	app/views/contacts/spotlight.haml
2	2	app/views/{messages => conversations}/_message.haml
15	0	app/views/conversations/_messages.haml
14	18	app/views/conversations/_new.haml
1	11	app/views/conversations/_show.haml
5	15	app/views/conversations/_show.mobile.haml
13	10	app/views/conversations/index.haml
8	6	app/views/conversations/index.mobile.haml
3	22	app/views/conversations/new.mobile.haml
3	3	app/views/devise/passwords/edit.haml
4	4	app/views/devise/passwords/edit.mobile.haml
2	2	app/views/devise/passwords/new.haml
4	4	app/views/home/default.haml
23	20	app/views/invitations/new.html.haml
11	12	app/views/layouts/application.html.haml
3	1	app/views/layouts/application.mobile.haml
1	2	app/views/likes/_likes.haml
36	38	app/views/notifications/index.html.haml
25	22	app/views/notifications/index.mobile.haml
5	4	app/views/people/_person.html.haml
3	3	app/views/people/_person.mobile.haml
12	12	app/views/people/contacts.haml
8	8	app/views/people/index.html.haml
10	10	app/views/people/show.html.haml
18	19	app/views/people/show.mobile.haml
1	2	app/views/photos/_new_profile_photo.haml
3	2	app/views/photos/_new_profile_photo.mobile.haml
2	3	app/views/photos/_photo.haml
2	2	app/views/photos/edit.html.haml
1	1	app/views/posts/_photo.html.haml
24	16	app/views/profiles/_edit.haml
34	19	app/views/profiles/_edit.mobile.haml
7	7	app/views/profiles/_edit_public.haml
11	10	app/views/profiles/_edit_public.mobile.haml
8	8	app/views/profiles/edit.haml
5	5	app/views/profiles/edit.mobile.haml
8	8	app/views/publisher/_aspect_dropdown.html.haml
25	23	app/views/publisher/_publisher.html.haml
13	11	app/views/publisher/_publisher.mobile.haml
2	2	app/views/registrations/_form.haml
5	5	app/views/registrations/new.haml
10	10	app/views/registrations/new.mobile.haml
1	1	app/views/report/index.html.haml
5	5	app/views/services/index.html.haml
2	2	app/views/sessions/new.html.haml
8	10	app/views/sessions/new.mobile.haml
10	4	app/views/shared/_invitations.haml
15	12	app/views/shared/_modal.haml
25	20	app/views/shared/_post_info.mobile.haml
1	1	app/views/shared/_post_stats.mobile.haml
6	5	app/views/statistics/_statistic.haml
3	3	app/views/statistics/_statistics.haml
2	1	app/views/statistics/statistics.html.haml
3	3	app/views/status_messages/bookmarklet.html.haml
22	22	app/views/streams/main_stream.html.haml
3	3	app/views/streams/main_stream.mobile.haml
8	8	app/views/tags/show.haml
10	10	app/views/terms/default.haml
256	0	app/views/users/_edit.haml
1	207	app/views/users/edit.html.haml
1	196	app/views/users/edit.mobile.haml
9	9	app/views/users/getting_started.haml
11	11	app/views/users/getting_started.mobile.haml
14	13	app/views/users/privacy_settings.html.haml
0	2	config/application.rb
2	2	config/initializers/will_paginate.rb
2	2	features/desktop/accepts_invitation.feature
1	1	features/desktop/connects_users.feature
4	4	features/desktop/manages_aspects.feature
2	2	features/step_definitions/aspects_steps.rb
6	3	features/step_definitions/custom_web_steps.rb
2	2	features/step_definitions/notifications_steps.rb
3	3	features/support/publishing_cuke_helpers.rb
5	3	spec/javascripts/app/views/aspect_create_view_spec.js
14	14	spec/javascripts/app/views/aspects_dropdown_view_spec.js
2	2	spec/javascripts/app/views/notifications_view_spec.js
21	45	spec/javascripts/app/views/publisher_view_spec.js

--e39d024ba--2015-06-04--Jonne Haß
--b41007fae--2015-06-04--Dennis Schubert
--3850118e4--2015-06-02--Jonne Haß
--0fdf62469--2015-06-02--Dennis Schubert
--ffc3cb711--2015-06-02--Dennis Schubert
--b722a75a4--2015-06-02--Jonne Haß
--70da822d6--2015-06-01--Dennis Schubert
--ee890310d--2015-06-01--Dennis Schubert
--c196ef11b--2015-05-31--Jonne Haß
--b2faf20d1--2015-05-31--Jonne Haß
--7401808e3--2015-05-31--Dennis Schubert
--8c4bcd8bd--2015-05-31--Dennis Schubert
--b2dbdb370--2015-05-30--Dennis Schubert
--807b4f72b--2015-05-30--Dennis Schubert
--146f7eea5--2015-05-29--Jonne Haß
--6581c580f--2015-05-29--Jonne Haß
--c85fe3872--2015-05-29--Jonne Haß
3	3	.travis.yml
14	0	Changelog.md
6	4	Gemfile
5	0	Gemfile.lock
10	12	config/database.yml.example
1	1	config/eye.rb
2	2	script/ci/build.sh
0	5	script/server

--351f54d74--2015-05-28--Jonne Haß
--44919233c--2015-05-28--Dennis Schubert
--04df6c115--2015-05-28--Dennis Schubert
--d34878df5--2015-05-28--Dennis Schubert
--8c408a57a--2015-05-26--Dennis Schubert
--d4312fbab--2015-05-26--Dennis Schubert
--aae11e07a--2015-05-25--Dennis Schubert
--f9f73f56d--2015-05-25--Dennis Schubert
--3e35ef0b6--2015-05-24--Jonne Haß
--2ca0a17ee--2015-05-24--Dennis Schubert
--ba9b94717--2015-05-23--Dennis Schubert
--4093a1bdd--2015-05-22--Dennis Schubert
1	0	Changelog.md

--70dc4fcab--2015-05-22--Dennis Schubert
--fc6de28ee--2015-05-22--Dennis Schubert
--e2671f7b0--2015-05-21--Jonne Haß
--ebe0c7604--2015-05-19--Jonne Haß
1	1	config/defaults.yml
2	2	config/diaspora.yml.example

--9b7a3c86e--2015-05-21--Jonne Haß
--898e8d591--2015-05-19--Jonne Haß
0	1	config/defaults.yml
0	4	config/diaspora.yml.example
1	8	script/server

--5a3b62d80--2015-05-19--Jonne Haß
--2549f44b7--2015-05-19--Dennis Schubert
--6a1ec27b3--2015-05-19--Dennis Schubert
--00cb87ce1--2015-05-19--Dennis Schubert
--3446cb2f3--2015-05-18--Dennis Schubert
--944c57f87--2015-05-18--Dennis Schubert
--b5e277384--2015-05-17--Jonne Haß
--15d7b019f--2015-05-17--Jonne Haß
--13b69f81d--2015-05-16--Jonne Haß
--ca33e984d--2015-05-16--Jonne Haß
--42a408045--2015-05-16--Dennis Schubert
--3ae370780--2015-05-16--Dennis Schubert
--1f084c28a--2015-05-16--Dennis Schubert
--84dc40326--2015-05-16--Dennis Schubert
--b6cbb17d8--2015-05-12--Jonne Haß
--aac0a2582--2015-05-12--Dennis Schubert
--890029b19--2015-05-10--Jonne Haß
--3f3148af2--2015-05-10--Dennis Schubert
--5477c7df9--2015-05-10--Dennis Schubert
--59e77675c--2015-05-10--Jonne Haß
--300376a85--2015-05-09--Dennis Schubert
--bd9bce2a5--2015-05-07--Dennis Schubert
--fc00e94af--2015-05-07--Jonne Haß
--ddf1b6ea8--2015-05-07--Jonne Haß
--b05d183f9--2015-05-07--Dennis Schubert
--642c4597e--2015-05-07--Dennis Schubert
--461293778--2015-05-06--Jonne Haß
--abeb99bb7--2015-05-05--Jonne Haß
--5c012e787--2015-05-05--Florian Staudacher
12	1	app/assets/javascripts/bookmarklet.js
26	0	spec/javascripts/bookmarklet-spec.js
1	0	spec/javascripts/support/jasmine.yml

--bd17c528e--2015-05-05--Jonne Haß
--4a7c358be--2015-05-05--Jonne Haß
--17fbbeea6--2015-05-04--Dennis Schubert
--3fadcfa56--2015-05-04--Jonne Haß
--9db8cea50--2015-05-04--Dennis Schubert
--7060840d0--2015-05-04--Jonne Haß
1	12	lib/federation_logger.rb

--2570d88cc--2015-05-04--Jonne Haß
--f2e26dfaf--2015-05-04--Jonne Haß
--971a3dd02--2015-05-04--Jonne Haß
--381e4978d--2015-05-04--Jonne Haß
--2dc7f4c2b--2015-05-04--Jonne Haß
--4f6d90277--2015-05-04--Jonne Haß
--234e20560--2015-05-04--Jonne Haß
--8172eee43--2015-05-04--Jonne Haß
--9a86a0d24--2015-05-04--Jonne Haß
--4faaa2a80--2015-05-04--Jonne Haß
--a365d802c--2015-05-04--Jonne Haß
1	1	.ruby-version
1	1	.travis.yml
5	0	Changelog.md

--4fad5041c--2015-05-04--Jonne Haß
9	1	Changelog.md
1	1	config/defaults.yml

--f257658e4--2015-05-04--Jonne Haß
1	0	Changelog.md
2	0	app/models/comment.rb
2	0	app/models/like.rb
8	0	app/models/participation.rb
4	4	app/models/user.rb
11	6	app/models/user/social_actions.rb
29	0	db/migrate/20150404193023_participation_counter.rb
5	4	db/schema.rb
104	0	features/desktop/activity_stream.feature
4	0	features/step_definitions/stream_steps.rb
7	0	spec/controllers/status_messages_controller_spec.rb
23	0	spec/models/comment_spec.rb
17	0	spec/models/like_spec.rb
28	0	spec/models/participation_spec.rb
19	4	spec/models/user/social_actions_spec.rb

--04c6f83b0--2015-05-04--Jonne Haß
--19a19919b--2015-05-02--Steffen van Bergerem
1	1	Gemfile
5	5	Gemfile.lock

--0bb316e89--2015-05-01--Florian Staudacher
7	3	app/assets/javascripts/app/views/bookmarklet_view.js
45	0	app/assets/javascripts/bookmarklet.js
4	19	app/helpers/application_helper.rb
1	1	app/views/shared/_right_sections.html.haml
27	0	lib/bookmarklet_renderer.rb
47	0	lib/error_page_renderer.rb
6	46	lib/tasks/assets.rake

--9479be636--2015-05-01--Florian Staudacher
--fb51e9aa4--2014-11-10--JesseWeinstein
4	4	app/helpers/application_helper.rb

--ea33ef9e0--2014-11-10--JesseWeinstein
4	4	app/helpers/application_helper.rb

--9585a1877--2014-11-10--JesseWeinstein
18	1	app/helpers/application_helper.rb